[2025-04-15 16:51:06.182062Z] %ElixirAmi.Event{
  event: "newstate",
  source: :asterisk_connection,
  action_id: nil,
  keys: %{
    "accountcode" => "",
    "calleridname" => "101",
    "calleridnum" => "101",
    "channel" => "PJSIP/101-00000060",
    "channelstate" => "5",
    "channelstatedesc" => "Ringing",
    "connectedlinename" => "IVAN",
    "connectedlinenum" => "102",
    "context" => "org_all",
    "exten" => "101",
    "language" => "en",
    "linkedid" => "1744735864.144",
    "priority" => "1",
    "privilege" => "call,all",
    "uniqueid" => "1744735866.145"
  },
  variables: %{}
}
[2025-04-15 16:51:06.176529Z] %ElixirAmi.Event{
  event: "newcallerid",
  source: :asterisk_connection,
  action_id: nil,
  keys: %{
    "accountcode" => "",
    "calleridname" => "IVAN",
    "calleridnum" => "102",
    "channel" => "PJSIP/102-0000005f",
    "channelstate" => "0",
    "channelstatedesc" => "Down",
    "cid-callingpres" => "0 (Presentation Allowed, Not Screened)",
    "connectedlinename" => "<unknown>",
    "connectedlinenum" => "<unknown>",
    "context" => "org_all",
    "exten" => "s",
    "language" => "en",
    "linkedid" => "1744735864.144",
    "priority" => "1",
    "privilege" => "call,all",
    "uniqueid" => "1744735864.144"
  },
  variables: %{}
}
[2025-04-15 16:51:06.176527Z] %ElixirAmi.Event{
  event: "rtcpreceived",
  source: :asterisk_connection,
  action_id: nil,
  keys: %{
    "accountcode" => "",
    "calleridname" => "IVAN",
    "calleridnum" => "102",
    "channel" => "PJSIP/102-0000005f",
    "channelstate" => "5",
    "channelstatedesc" => "Ringing",
    "connectedlinename" => "IVAN",
    "connectedlinenum" => "102",
    "context" => "org_all",
    "exten" => "s",
    "from" => "192.168.0.16:4117",
    "language" => "en",
    "linkedid" => "1744735864.144",
    "mes" => "85.4",
    "priority" => "1",
    "privilege" => "reporting,all",
    "pt" => "201(RR)",
    "report0cumulativelost" => "0",
    "report0dlsr" => "0.0000",
    "report0fractionlost" => "0",
    "report0highestsequence" => "0",
    "report0iajitter" => "0",
    "report0lsr" => "0",
    "report0sequencenumbercycles" => "0",
    "report0sourcessrc" => "0x00000000",
    "reportcount" => "1",
    "rtt" => "0.0000",
    "ssrc" => "0x00000000",
    "to" => "192.168.0.16:14629",
    "uniqueid" => "1744735864.144"
  },
  variables: %{}
}
[2025-04-15 16:51:06.176831Z] %ElixirAmi.Event{
  event: "newexten",
  source: :asterisk_connection,
  action_id: nil,
  keys: %{
    "accountcode" => "",
    "appdata" => "PJSIP/101,20,",
    "application" => "Dial",
    "calleridname" => "IVAN",
    "calleridnum" => "102",
    "channel" => "PJSIP/102-0000005f",
    "channelstate" => "6",
    "channelstatedesc" => "Up",
    "connectedlinename" => "IVAN",
    "connectedlinenum" => "102",
    "context" => "org_all",
    "exten" => "101",
    "extension" => "101",
    "language" => "en",
    "linkedid" => "1744735864.144",
    "priority" => "2",
    "privilege" => "dialplan,all",
    "uniqueid" => "1744735864.144"
  },
  variables: %{}
}
[2025-04-15 16:51:06.177277Z] %ElixirAmi.Event{
  event: "varset",
  source: :asterisk_connection,
  action_id: nil,
  keys: %{
    "accountcode" => "",
    "calleridname" => "IVAN",
    "calleridnum" => "102",
    "channel" => "PJSIP/102-0000005f",
    "channelstate" => "6",
    "channelstatedesc" => "Up",
    "connectedlinename" => "IVAN",
    "connectedlinenum" => "102",
    "context" => "org_all",
    "exten" => "101",
    "language" => "en",
    "linkedid" => "1744735864.144",
    "priority" => "2",
    "privilege" => "dialplan,all",
    "uniqueid" => "1744735864.144",
    "value" => "",
    "variable" => "DIALEDPEERNAME"
  },
  variables: %{}
}
[2025-04-15 16:51:06.178010Z] %ElixirAmi.Event{
  event: "varset",
  source: :asterisk_connection,
  action_id: nil,
  keys: %{
    "accountcode" => "",
    "calleridname" => "IVAN",
    "calleridnum" => "102",
    "channel" => "PJSIP/102-0000005f",
    "channelstate" => "6",
    "channelstatedesc" => "Up",
    "connectedlinename" => "IVAN",
    "connectedlinenum" => "102",
    "context" => "org_all",
    "exten" => "101",
    "language" => "en",
    "linkedid" => "1744735864.144",
    "priority" => "2",
    "privilege" => "dialplan,all",
    "uniqueid" => "1744735864.144",
    "value" => "",
    "variable" => "DIALEDTIME"
  },
  variables: %{}
}
[2025-04-15 16:51:06.178233Z] %ElixirAmi.Event{
  event: "varset",
  source: :asterisk_connection,
  action_id: nil,
  keys: %{
    "accountcode" => "",
    "calleridname" => "IVAN",
    "calleridnum" => "102",
    "channel" => "PJSIP/102-0000005f",
    "channelstate" => "6",
    "channelstatedesc" => "Up",
    "connectedlinename" => "IVAN",
    "connectedlinenum" => "102",
    "context" => "org_all",
    "exten" => "101",
    "language" => "en",
    "linkedid" => "1744735864.144",
    "priority" => "2",
    "privilege" => "dialplan,all",
    "uniqueid" => "1744735864.144",
    "value" => "",
    "variable" => "DIALEDTIME_MS"
  },
  variables: %{}
}
[2025-04-15 16:51:06.177777Z] %ElixirAmi.Event{
  event: "varset",
  source: :asterisk_connection,
  action_id: nil,
  keys: %{
    "accountcode" => "",
    "calleridname" => "IVAN",
    "calleridnum" => "102",
    "channel" => "PJSIP/102-0000005f",
    "channelstate" => "6",
    "channelstatedesc" => "Up",
    "connectedlinename" => "IVAN",
    "connectedlinenum" => "102",
    "context" => "org_all",
    "exten" => "101",
    "language" => "en",
    "linkedid" => "1744735864.144",
    "priority" => "2",
    "privilege" => "dialplan,all",
    "uniqueid" => "1744735864.144",
    "value" => "",
    "variable" => "ANSWEREDTIME_MS"
  },
  variables: %{}
}
[2025-04-15 16:51:06.178720Z] %ElixirAmi.Event{
  event: "varset",
  source: :asterisk_connection,
  action_id: nil,
  keys: %{
    "accountcode" => "",
    "calleridname" => "IVAN",
    "calleridnum" => "102",
    "channel" => "PJSIP/102-0000005f",
    "channelstate" => "6",
    "channelstatedesc" => "Up",
    "connectedlinename" => "IVAN",
    "connectedlinenum" => "102",
    "context" => "org_all",
    "exten" => "101",
    "language" => "en",
    "linkedid" => "1744735864.144",
    "priority" => "2",
    "privilege" => "dialplan,all",
    "uniqueid" => "1744735864.144",
    "value" => "",
    "variable" => "RINGTIME_MS"
  },
  variables: %{}
}
[2025-04-15 16:51:06.178960Z] %ElixirAmi.Event{
  event: "varset",
  source: :asterisk_connection,
  action_id: nil,
  keys: %{
    "accountcode" => "",
    "calleridname" => "IVAN",
    "calleridnum" => "102",
    "channel" => "PJSIP/102-0000005f",
    "channelstate" => "6",
    "channelstatedesc" => "Up",
    "connectedlinename" => "IVAN",
    "connectedlinenum" => "102",
    "context" => "org_all",
    "exten" => "101",
    "language" => "en",
    "linkedid" => "1744735864.144",
    "priority" => "2",
    "privilege" => "dialplan,all",
    "uniqueid" => "1744735864.144",
    "value" => "",
    "variable" => "PROGRESSTIME"
  },
  variables: %{}
}
[2025-04-15 16:51:06.176528Z] %ElixirAmi.Event{
  event: "newexten",
  source: :asterisk_connection,
  action_id: nil,
  keys: %{
    "accountcode" => "",
    "appdata" => "(Outgoing Line)",
    "application" => "AppDial2",
    "calleridname" => "102",
    "calleridnum" => "102",
    "channel" => "PJSIP/102-0000005f",
    "channelstate" => "0",
    "channelstatedesc" => "Down",
    "connectedlinename" => "<unknown>",
    "connectedlinenum" => "<unknown>",
    "context" => "org_all",
    "exten" => "s",
    "extension" => "s",
    "language" => "en",
    "linkedid" => "1744735864.144",
    "priority" => "1",
    "privilege" => "dialplan,all",
    "uniqueid" => "1744735864.144"
  },
  variables: %{}
}
[2025-04-15 16:51:06.176547Z] %ElixirAmi.Event{
  event: "newstate",
  source: :asterisk_connection,
  action_id: nil,
  keys: %{
    "accountcode" => "",
    "calleridname" => "IVAN",
    "calleridnum" => "102",
    "channel" => "PJSIP/102-0000005f",
    "channelstate" => "5",
    "channelstatedesc" => "Ringing",
    "connectedlinename" => "IVAN",
    "connectedlinenum" => "102",
    "context" => "org_all",
    "exten" => "s",
    "language" => "en",
    "linkedid" => "1744735864.144",
    "priority" => "1",
    "privilege" => "call,all",
    "uniqueid" => "1744735864.144"
  },
  variables: %{}
}
[2025-04-15 16:51:06.177543Z] %ElixirAmi.Event{
  event: "varset",
  source: :asterisk_connection,
  action_id: nil,
  keys: %{
    "accountcode" => "",
    "calleridname" => "IVAN",
    "calleridnum" => "102",
    "channel" => "PJSIP/102-0000005f",
    "channelstate" => "6",
    "channelstatedesc" => "Up",
    "connectedlinename" => "IVAN",
    "connectedlinenum" => "102",
    "context" => "org_all",
    "exten" => "101",
    "language" => "en",
    "linkedid" => "1744735864.144",
    "priority" => "2",
    "privilege" => "dialplan,all",
    "uniqueid" => "1744735864.144",
    "value" => "",
    "variable" => "ANSWEREDTIME"
  },
  variables: %{}
}
[2025-04-15 16:51:06.176524Z] %ElixirAmi.Event{
  event: "newstate",
  source: :asterisk_connection,
  action_id: nil,
  keys: %{
    "accountcode" => "",
    "calleridname" => "IVAN",
    "calleridnum" => "102",
    "channel" => "PJSIP/102-0000005f",
    "channelstate" => "6",
    "channelstatedesc" => "Up",
    "connectedlinename" => "IVAN",
    "connectedlinenum" => "102",
    "context" => "org_all",
    "exten" => "s",
    "language" => "en",
    "linkedid" => "1744735864.144",
    "priority" => "1",
    "privilege" => "call,all",
    "uniqueid" => "1744735864.144"
  },
  variables: %{}
}
[2025-04-15 16:51:06.178474Z] %ElixirAmi.Event{
  event: "varset",
  source: :asterisk_connection,
  action_id: nil,
  keys: %{
    "accountcode" => "",
    "calleridname" => "IVAN",
    "calleridnum" => "102",
    "channel" => "PJSIP/102-0000005f",
    "channelstate" => "6",
    "channelstatedesc" => "Up",
    "connectedlinename" => "IVAN",
    "connectedlinenum" => "102",
    "context" => "org_all",
    "exten" => "101",
    "language" => "en",
    "linkedid" => "1744735864.144",
    "priority" => "2",
    "privilege" => "dialplan,all",
    "uniqueid" => "1744735864.144",
    "value" => "",
    "variable" => "RINGTIME"
  },
  variables: %{}
}
[2025-04-15 16:51:06.179177Z] %ElixirAmi.Event{
  event: "varset",
  source: :asterisk_connection,
  action_id: nil,
  keys: %{
    "accountcode" => "",
    "calleridname" => "IVAN",
    "calleridnum" => "102",
    "channel" => "PJSIP/102-0000005f",
    "channelstate" => "6",
    "channelstatedesc" => "Up",
    "connectedlinename" => "IVAN",
    "connectedlinenum" => "102",
    "context" => "org_all",
    "exten" => "101",
    "language" => "en",
    "linkedid" => "1744735864.144",
    "priority" => "2",
    "privilege" => "dialplan,all",
    "uniqueid" => "1744735864.144",
    "value" => "",
    "variable" => "PROGRESSTIME_MS"
  },
  variables: %{}
}
[2025-04-15 16:51:06.176526Z] %ElixirAmi.Event{
  event: "rtcpreceived",
  source: :asterisk_connection,
  action_id: nil,
  keys: %{
    "accountcode" => "",
    "calleridname" => "IVAN",
    "calleridnum" => "102",
    "channel" => "PJSIP/102-0000005f",
    "channelstate" => "5",
    "channelstatedesc" => "Ringing",
    "connectedlinename" => "IVAN",
    "connectedlinenum" => "102",
    "context" => "org_all",
    "exten" => "s",
    "from" => "192.168.0.16:4117",
    "language" => "en",
    "linkedid" => "1744735864.144",
    "mes" => "85.4",
    "priority" => "1",
    "privilege" => "reporting,all",
    "pt" => "201(RR)",
    "report0cumulativelost" => "0",
    "report0dlsr" => "0.0000",
    "report0fractionlost" => "0",
    "report0highestsequence" => "0",
    "report0iajitter" => "0",
    "report0lsr" => "0",
    "report0sequencenumbercycles" => "0",
    "report0sourcessrc" => "0x00000000",
    "reportcount" => "1",
    "rtt" => "0.0000",
    "ssrc" => "0x00000000",
    "to" => "192.168.0.16:14629",
    "uniqueid" => "1744735864.144"
  },
  variables: %{}
}
[2025-04-15 16:51:06.179534Z] %ElixirAmi.Event{
  event: "newchannel",
  source: :asterisk_connection,
  action_id: nil,
  keys: %{
    "accountcode" => "",
    "calleridname" => "101",
    "calleridnum" => "101",
    "channel" => "PJSIP/101-00000060",
    "channelstate" => "0",
    "channelstatedesc" => "Down",
    "connectedlinename" => "<unknown>",
    "connectedlinenum" => "<unknown>",
    "context" => "org_all",
    "exten" => "s",
    "language" => "en",
    "linkedid" => "1744735864.144",
    "priority" => "1",
    "privilege" => "call,all",
    "uniqueid" => "1744735866.145"
  },
  variables: %{}
}
[2025-04-15 16:51:06.181107Z] %ElixirAmi.Event{
  event: "newconnectedline",
  source: :asterisk_connection,
  action_id: nil,
  keys: %{
    "accountcode" => "",
    "calleridname" => "IVAN",
    "calleridnum" => "102",
    "channel" => "PJSIP/102-0000005f",
    "channelstate" => "6",
    "channelstatedesc" => "Up",
    "connectedlinename" => "101",
    "connectedlinenum" => "101",
    "context" => "org_all",
    "exten" => "101",
    "language" => "en",
    "linkedid" => "1744735864.144",
    "priority" => "2",
    "privilege" => "call,all",
    "uniqueid" => "1744735864.144"
  },
  variables: %{}
}
[2025-04-15 16:51:06.176545Z] %ElixirAmi.Event{
  event: "newconnectedline",
  source: :asterisk_connection,
  action_id: nil,
  keys: %{
    "accountcode" => "",
    "calleridname" => "IVAN",
    "calleridnum" => "102",
    "channel" => "PJSIP/102-0000005f",
    "channelstate" => "0",
    "channelstatedesc" => "Down",
    "connectedlinename" => "IVAN",
    "connectedlinenum" => "102",
    "context" => "org_all",
    "exten" => "s",
    "language" => "en",
    "linkedid" => "1744735864.144",
    "priority" => "1",
    "privilege" => "call,all",
    "uniqueid" => "1744735864.144"
  },
  variables: %{}
}
[2025-04-15 16:51:06.176542Z] %ElixirAmi.Event{
  event: "newexten",
  source: :asterisk_connection,
  action_id: nil,
  keys: %{
    "accountcode" => "",
    "appdata" => "",
    "application" => "NoOp",
    "calleridname" => "IVAN",
    "calleridnum" => "102",
    "channel" => "PJSIP/102-0000005f",
    "channelstate" => "6",
    "channelstatedesc" => "Up",
    "connectedlinename" => "IVAN",
    "connectedlinenum" => "102",
    "context" => "org_all",
    "exten" => "101",
    "extension" => "101",
    "language" => "en",
    "linkedid" => "1744735864.144",
    "priority" => "1",
    "privilege" => "dialplan,all",
    "uniqueid" => "1744735864.144"
  },
  variables: %{}
}
[2025-04-15 16:51:06.176824Z] %ElixirAmi.Event{
  event: "varset",
  source: :asterisk_connection,
  action_id: nil,
  keys: %{
    "accountcode" => "",
    "calleridname" => "IVAN",
    "calleridnum" => "102",
    "channel" => "PJSIP/102-0000005f",
    "channelstate" => "6",
    "channelstatedesc" => "Up",
    "connectedlinename" => "IVAN",
    "connectedlinenum" => "102",
    "context" => "org_all",
    "exten" => "101",
    "language" => "en",
    "linkedid" => "1744735864.144",
    "priority" => "2",
    "privilege" => "dialplan,all",
    "uniqueid" => "1744735864.144",
    "value" => "",
    "variable" => "DIALSTATUS"
  },
  variables: %{}
}
[2025-04-15 16:51:06.180969Z] %ElixirAmi.Event{
  event: "newconnectedline",
  source: :asterisk_connection,
  action_id: nil,
  keys: %{
    "accountcode" => "",
    "calleridname" => "101",
    "calleridnum" => "101",
    "channel" => "PJSIP/101-00000060",
    "channelstate" => "0",
    "channelstatedesc" => "Down",
    "connectedlinename" => "IVAN",
    "connectedlinenum" => "102",
    "context" => "org_all",
    "exten" => "101",
    "language" => "en",
    "linkedid" => "1744735864.144",
    "priority" => "1",
    "privilege" => "call,all",
    "uniqueid" => "1744735866.145"
  },
  variables: %{}
}
[2025-04-15 16:51:06.176523Z] %ElixirAmi.Event{
  event: "newchannel",
  source: :asterisk_connection,
  action_id: nil,
  keys: %{
    "accountcode" => "",
    "calleridname" => "102",
    "calleridnum" => "102",
    "channel" => "PJSIP/102-0000005f",
    "channelstate" => "0",
    "channelstatedesc" => "Down",
    "connectedlinename" => "<unknown>",
    "connectedlinenum" => "<unknown>",
    "context" => "org_all",
    "exten" => "s",
    "language" => "en",
    "linkedid" => "1744735864.144",
    "priority" => "1",
    "privilege" => "call,all",
    "uniqueid" => "1744735864.144"
  },
  variables: %{}
}
[2025-04-15 16:51:06.180961Z] %ElixirAmi.Event{
  event: "newexten",
  source: :asterisk_connection,
  action_id: nil,
  keys: %{
    "accountcode" => "",
    "appdata" => "(Outgoing Line)",
    "application" => "AppDial",
    "calleridname" => "101",
    "calleridnum" => "101",
    "channel" => "PJSIP/101-00000060",
    "channelstate" => "0",
    "channelstatedesc" => "Down",
    "connectedlinename" => "IVAN",
    "connectedlinenum" => "102",
    "context" => "org_all",
    "exten" => "101",
    "extension" => "101",
    "language" => "en",
    "linkedid" => "1744735864.144",
    "priority" => "1",
    "privilege" => "dialplan,all",
    "uniqueid" => "1744735866.145"
  },
  variables: %{}
}
[2025-04-15 16:51:06.180941Z] %ElixirAmi.Event{
  event: "varset",
  source: :asterisk_connection,
  action_id: nil,
  keys: %{
    "accountcode" => "",
    "calleridname" => "101",
    "calleridnum" => "101",
    "channel" => "PJSIP/101-00000060",
    "channelstate" => "0",
    "channelstatedesc" => "Down",
    "connectedlinename" => "<unknown>",
    "connectedlinenum" => "<unknown>",
    "context" => "org_all",
    "exten" => "s",
    "language" => "en",
    "linkedid" => "1744735864.144",
    "priority" => "1",
    "privilege" => "dialplan,all",
    "uniqueid" => "1744735866.145",
    "value" => "101",
    "variable" => "DIALEDPEERNUMBER"
  },
  variables: %{}
}
[2025-04-15 16:51:06.176911Z] %ElixirAmi.Event{
  event: "varset",
  source: :asterisk_connection,
  action_id: nil,
  keys: %{
    "accountcode" => "",
    "calleridname" => "IVAN",
    "calleridnum" => "102",
    "channel" => "PJSIP/102-0000005f",
    "channelstate" => "6",
    "channelstatedesc" => "Up",
    "connectedlinename" => "IVAN",
    "connectedlinenum" => "102",
    "context" => "org_all",
    "exten" => "101",
    "language" => "en",
    "linkedid" => "1744735864.144",
    "priority" => "2",
    "privilege" => "dialplan,all",
    "uniqueid" => "1744735864.144",
    "value" => "",
    "variable" => "DIALEDPEERNUMBER"
  },
  variables: %{}
}
[2025-04-15 16:51:06.182694Z] %ElixirAmi.Event{
  event: "varset",
  source: :asterisk_connection,
  action_id: nil,
  keys: %{
    "accountcode" => "",
    "calleridname" => "IVAN",
    "calleridnum" => "102",
    "channel" => "PJSIP/102-0000005f",
    "channelstate" => "6",
    "channelstatedesc" => "Up",
    "connectedlinename" => "101",
    "connectedlinenum" => "101",
    "context" => "org_all",
    "exten" => "101",
    "language" => "en",
    "linkedid" => "1744735864.144",
    "priority" => "2",
    "privilege" => "dialplan,all",
    "uniqueid" => "1744735864.144",
    "value" => "0",
    "variable" => "RINGTIME"
  },
  variables: %{}
}
[2025-04-15 16:51:06.180974Z] %ElixirAmi.Event{
  event: "dialbegin",
  source: :asterisk_connection,
  action_id: nil,
  keys: %{
    "accountcode" => "",
    "calleridname" => "IVAN",
    "calleridnum" => "102",
    "channel" => "PJSIP/102-0000005f",
    "channelstate" => "6",
    "channelstatedesc" => "Up",
    "connectedlinename" => "IVAN",
    "connectedlinenum" => "102",
    "context" => "org_all",
    "destaccountcode" => "",
    "destcalleridname" => "101",
    "destcalleridnum" => "101",
    "destchannel" => "PJSIP/101-00000060",
    "destchannelstate" => "0",
    "destchannelstatedesc" => "Down",
    "destconnectedlinename" => "IVAN",
    "destconnectedlinenum" => "102",
    "destcontext" => "org_all",
    "destexten" => "101",
    "destlanguage" => "en",
    "destlinkedid" => "1744735864.144",
    "destpriority" => "1",
    "destuniqueid" => "1744735866.145",
    "dialstring" => "101",
    "exten" => "101",
    "language" => "en",
    "linkedid" => "1744735864.144",
    "priority" => "2",
    "privilege" => "call,all",
    "uniqueid" => "1744735864.144"
  },
  variables: %{}
}
[2025-04-15 16:51:06.183591Z] %ElixirAmi.Event{
  event: "varset",
  source: :asterisk_connection,
  action_id: nil,
  keys: %{
    "accountcode" => "",
    "calleridname" => "IVAN",
    "calleridnum" => "102",
    "channel" => "PJSIP/102-0000005f",
    "channelstate" => "6",
    "channelstatedesc" => "Up",
    "connectedlinename" => "101",
    "connectedlinenum" => "101",
    "context" => "org_all",
    "exten" => "101",
    "language" => "en",
    "linkedid" => "1744735864.144",
    "priority" => "2",
    "privilege" => "dialplan,all",
    "uniqueid" => "1744735864.144",
    "value" => "7",
    "variable" => "RINGTIME_MS"
  },
  variables: %{}
}
[2025-04-15 16:51:06.183625Z] %ElixirAmi.Event{
  event: "dialstate",
  source: :asterisk_connection,
  action_id: nil,
  keys: %{
    "accountcode" => "",
    "calleridname" => "IVAN",
    "calleridnum" => "102",
    "channel" => "PJSIP/102-0000005f",
    "channelstate" => "6",
    "channelstatedesc" => "Up",
    "connectedlinename" => "101",
    "connectedlinenum" => "101",
    "context" => "org_all",
    "destaccountcode" => "",
    "destcalleridname" => "101",
    "destcalleridnum" => "101",
    "destchannel" => "PJSIP/101-00000060",
    "destchannelstate" => "5",
    "destchannelstatedesc" => "Ringing",
    "destconnectedlinename" => "IVAN",
    "destconnectedlinenum" => "102",
    "destcontext" => "org_all",
    "destexten" => "101",
    "destlanguage" => "en",
    "destlinkedid" => "1744735864.144",
    "destpriority" => "1",
    "destuniqueid" => "1744735866.145",
    "dialstatus" => "RINGING",
    "exten" => "101",
    "language" => "en",
    "linkedid" => "1744735864.144",
    "priority" => "2",
    "privilege" => "call,all",
    "uniqueid" => "1744735864.144"
  },
  variables: %{}
}
[2025-04-15 16:51:06.379769Z] %ElixirAmi.Event{
  event: "rtcpreceived",
  source: :asterisk_connection,
  action_id: nil,
  keys: %{
    "pt" => "200(SR)",
    "report0highestsequence" => "9235",
    "mes" => "85.4",
    "privilege" => "reporting,all",
    "channelstatedesc" => "Up",
    "uniqueid" => "1744735864.144",
    "sentntp" => "1744761066.208268",
    "report0fractionlost" => "0",
    "sentpackets" => "10",
    "report0lsr" => "0",
    "linkedid" => "1744735864.144",
    "ssrc" => "0xeba96f6a",
    "exten" => "101",
    "channel" => "PJSIP/102-0000005f",
    "report0iajitter" => "0",
    "sentrtp" => "1664",
    "context" => "org_all",
    "connectedlinename" => "101",
    "priority" => "2",
    "rtt" => "0.0000",
    "to" => "192.168.0.16:14629",
    "reportcount" => "1",
    "language" => "en",
    "sentoctets" => "1600",
    "calleridname" => "IVAN",
    "from" => "192.168.0.16:4117",
    "report0cumulativelost" => "0",
    "report0sequencenumbercycles" => "0",
    "calleridnum" => "102",
    "channelstate" => "6",
    "accountcode" => "",
    "report0dlsr" => "0.0000",
    "report0sourcessrc" => "0x59ca7756",
    "connectedlinenum" => "101"
  },
  variables: %{}
}
[2025-04-15 16:51:10.252443Z] %ElixirAmi.Event{
  event: "rtcpreceived",
  source: :asterisk_connection,
  action_id: nil,
  keys: %{
    "accountcode" => "",
    "calleridname" => "101",
    "calleridnum" => "101",
    "channel" => "PJSIP/101-00000060",
    "channelstate" => "5",
    "channelstatedesc" => "Ringing",
    "connectedlinename" => "IVAN",
    "connectedlinenum" => "102",
    "context" => "org_all",
    "exten" => "101",
    "from" => "192.168.0.16:4075",
    "language" => "en",
    "linkedid" => "1744735864.144",
    "mes" => "85.4",
    "priority" => "1",
    "privilege" => "reporting,all",
    "pt" => "201(RR)",
    "report0cumulativelost" => "0",
    "report0dlsr" => "0.0000",
    "report0fractionlost" => "0",
    "report0highestsequence" => "0",
    "report0iajitter" => "0",
    "report0lsr" => "0",
    "report0sequencenumbercycles" => "0",
    "report0sourcessrc" => "0x00000000",
    "reportcount" => "1",
    "rtt" => "0.0000",
    "ssrc" => "0x00000000",
    "to" => "192.168.0.16:12911",
    "uniqueid" => "1744735866.145"
  },
  variables: %{}
}
[2025-04-15 16:51:10.252995Z] %ElixirAmi.Event{
  event: "rtcpreceived",
  source: :asterisk_connection,
  action_id: nil,
  keys: %{
    "accountcode" => "",
    "calleridname" => "101",
    "calleridnum" => "101",
    "channel" => "PJSIP/101-00000060",
    "channelstate" => "5",
    "channelstatedesc" => "Ringing",
    "connectedlinename" => "IVAN",
    "connectedlinenum" => "102",
    "context" => "org_all",
    "exten" => "101",
    "from" => "192.168.0.16:4075",
    "language" => "en",
    "linkedid" => "1744735864.144",
    "mes" => "85.4",
    "priority" => "1",
    "privilege" => "reporting,all",
    "pt" => "201(RR)",
    "report0cumulativelost" => "0",
    "report0dlsr" => "0.0000",
    "report0fractionlost" => "0",
    "report0highestsequence" => "0",
    "report0iajitter" => "0",
    "report0lsr" => "0",
    "report0sequencenumbercycles" => "0",
    "report0sourcessrc" => "0x00000000",
    "reportcount" => "1",
    "rtt" => "0.0000",
    "ssrc" => "0x00000000",
    "to" => "192.168.0.16:12911",
    "uniqueid" => "1744735866.145"
  },
  variables: %{}
}
[2025-04-15 16:51:10.253174Z] %ElixirAmi.Event{
  event: "newstate",
  source: :asterisk_connection,
  action_id: nil,
  keys: %{
    "accountcode" => "",
    "calleridname" => "101",
    "calleridnum" => "101",
    "channel" => "PJSIP/101-00000060",
    "channelstate" => "6",
    "channelstatedesc" => "Up",
    "connectedlinename" => "IVAN",
    "connectedlinenum" => "102",
    "context" => "org_all",
    "exten" => "101",
    "language" => "en",
    "linkedid" => "1744735864.144",
    "priority" => "1",
    "privilege" => "call,all",
    "uniqueid" => "1744735866.145"
  },
  variables: %{}
}
[2025-04-15 16:51:10.253396Z] %ElixirAmi.Event{
  event: "varset",
  source: :asterisk_connection,
  action_id: nil,
  keys: %{
    "accountcode" => "",
    "calleridname" => "IVAN",
    "calleridnum" => "102",
    "channel" => "PJSIP/102-0000005f",
    "channelstate" => "6",
    "channelstatedesc" => "Up",
    "connectedlinename" => "101",
    "connectedlinenum" => "101",
    "context" => "org_all",
    "exten" => "101",
    "language" => "en",
    "linkedid" => "1744735864.144",
    "priority" => "2",
    "privilege" => "dialplan,all",
    "uniqueid" => "1744735864.144",
    "value" => "ANSWER",
    "variable" => "DIALSTATUS"
  },
  variables: %{}
}
[2025-04-15 16:51:10.253658Z] %ElixirAmi.Event{
  event: "varset",
  source: :asterisk_connection,
  action_id: nil,
  keys: %{
    "accountcode" => "",
    "calleridname" => "IVAN",
    "calleridnum" => "102",
    "channel" => "PJSIP/102-0000005f",
    "channelstate" => "6",
    "channelstatedesc" => "Up",
    "connectedlinename" => "101",
    "connectedlinenum" => "101",
    "context" => "org_all",
    "exten" => "101",
    "language" => "en",
    "linkedid" => "1744735864.144",
    "priority" => "2",
    "privilege" => "dialplan,all",
    "uniqueid" => "1744735864.144",
    "value" => "PJSIP/101-00000060",
    "variable" => "DIALEDPEERNAME"
  },
  variables: %{}
}
[2025-04-15 16:51:10.253843Z] %ElixirAmi.Event{
  event: "varset",
  source: :asterisk_connection,
  action_id: nil,
  keys: %{
    "accountcode" => "",
    "calleridname" => "IVAN",
    "calleridnum" => "102",
    "channel" => "PJSIP/102-0000005f",
    "channelstate" => "6",
    "channelstatedesc" => "Up",
    "connectedlinename" => "101",
    "connectedlinenum" => "101",
    "context" => "org_all",
    "exten" => "101",
    "language" => "en",
    "linkedid" => "1744735864.144",
    "priority" => "2",
    "privilege" => "dialplan,all",
    "uniqueid" => "1744735864.144",
    "value" => "101",
    "variable" => "DIALEDPEERNUMBER"
  },
  variables: %{}
}
[2025-04-15 16:51:10.254238Z] %ElixirAmi.Event{
  event: "dialend",
  source: :asterisk_connection,
  action_id: nil,
  keys: %{
    "accountcode" => "",
    "calleridname" => "IVAN",
    "calleridnum" => "102",
    "channel" => "PJSIP/102-0000005f",
    "channelstate" => "6",
    "channelstatedesc" => "Up",
    "connectedlinename" => "101",
    "connectedlinenum" => "101",
    "context" => "org_all",
    "destaccountcode" => "",
    "destcalleridname" => "101",
    "destcalleridnum" => "101",
    "destchannel" => "PJSIP/101-00000060",
    "destchannelstate" => "6",
    "destchannelstatedesc" => "Up",
    "destconnectedlinename" => "IVAN",
    "destconnectedlinenum" => "102",
    "destcontext" => "org_all",
    "destexten" => "",
    "destlanguage" => "en",
    "destlinkedid" => "1744735864.144",
    "destpriority" => "1",
    "destuniqueid" => "1744735866.145",
    "dialstatus" => "ANSWER",
    "exten" => "101",
    "language" => "en",
    "linkedid" => "1744735864.144",
    "priority" => "2",
    "privilege" => "call,all",
    "uniqueid" => "1744735864.144"
  },
  variables: %{}
}
[2025-04-15 16:51:10.254535Z] %ElixirAmi.Event{
  event: "newexten",
  source: :asterisk_connection,
  action_id: nil,
  keys: %{
    "accountcode" => "",
    "appdata" => "(Outgoing Line)",
    "application" => "AppDial",
    "calleridname" => "101",
    "calleridnum" => "101",
    "channel" => "PJSIP/101-00000060",
    "channelstate" => "6",
    "channelstatedesc" => "Up",
    "connectedlinename" => "IVAN",
    "connectedlinenum" => "102",
    "context" => "org_all",
    "exten" => "",
    "extension" => "",
    "language" => "en",
    "linkedid" => "1744735864.144",
    "priority" => "1",
    "privilege" => "dialplan,all",
    "uniqueid" => "1744735866.145"
  },
  variables: %{}
}
[2025-04-15 16:51:10.254874Z] %ElixirAmi.Event{
  event: "bridgeenter",
  source: :asterisk_connection,
  action_id: nil,
  keys: %{
    "accountcode" => "",
    "bridgecreator" => "<unknown>",
    "bridgename" => "<unknown>",
    "bridgenumchannels" => "1",
    "bridgetechnology" => "simple_bridge",
    "bridgetype" => "basic",
    "bridgeuniqueid" => "97c1c147-1e6b-4704-8f75-3cf0994fe9fb",
    "bridgevideosourcemode" => "none",
    "calleridname" => "101",
    "calleridnum" => "101",
    "channel" => "PJSIP/101-00000060",
    "channelstate" => "6",
    "channelstatedesc" => "Up",
    "connectedlinename" => "IVAN",
    "connectedlinenum" => "102",
    "context" => "org_all",
    "exten" => "",
    "language" => "en",
    "linkedid" => "1744735864.144",
    "priority" => "1",
    "privilege" => "call,all",
    "uniqueid" => "1744735866.145"
  },
  variables: %{}
}
[2025-04-15 16:51:10.255178Z] %ElixirAmi.Event{
  event: "bridgeenter",
  source: :asterisk_connection,
  action_id: nil,
  keys: %{
    "accountcode" => "",
    "bridgecreator" => "<unknown>",
    "bridgename" => "<unknown>",
    "bridgenumchannels" => "2",
    "bridgetechnology" => "simple_bridge",
    "bridgetype" => "basic",
    "bridgeuniqueid" => "97c1c147-1e6b-4704-8f75-3cf0994fe9fb",
    "bridgevideosourcemode" => "none",
    "calleridname" => "IVAN",
    "calleridnum" => "102",
    "channel" => "PJSIP/102-0000005f",
    "channelstate" => "6",
    "channelstatedesc" => "Up",
    "connectedlinename" => "101",
    "connectedlinenum" => "101",
    "context" => "org_all",
    "exten" => "101",
    "language" => "en",
    "linkedid" => "1744735864.144",
    "priority" => "2",
    "privilege" => "call,all",
    "uniqueid" => "1744735864.144"
  },
  variables: %{}
}
[2025-04-15 16:51:10.255470Z] %ElixirAmi.Event{
  event: "varset",
  source: :asterisk_connection,
  action_id: nil,
  keys: %{
    "accountcode" => "",
    "calleridname" => "IVAN",
    "calleridnum" => "102",
    "channel" => "PJSIP/102-0000005f",
    "channelstate" => "6",
    "channelstatedesc" => "Up",
    "connectedlinename" => "101",
    "connectedlinenum" => "101",
    "context" => "org_all",
    "exten" => "101",
    "language" => "en",
    "linkedid" => "1744735864.144",
    "priority" => "2",
    "privilege" => "dialplan,all",
    "uniqueid" => "1744735864.144",
    "value" => "PJSIP/101-00000060",
    "variable" => "BRIDGEPEER"
  },
  variables: %{}
}
[2025-04-15 16:51:10.257155Z] %ElixirAmi.Event{
  event: "varset",
  source: :asterisk_connection,
  action_id: nil,
  keys: %{
    "accountcode" => "",
    "calleridname" => "IVAN",
    "calleridnum" => "102",
    "channel" => "PJSIP/102-0000005f",
    "channelstate" => "6",
    "channelstatedesc" => "Up",
    "connectedlinename" => "101",
    "connectedlinenum" => "101",
    "context" => "org_all",
    "exten" => "101",
    "language" => "en",
    "linkedid" => "1744735864.144",
    "priority" => "2",
    "privilege" => "dialplan,all",
    "uniqueid" => "1744735864.144",
    "value" => "8bb1ce92-e150-42d9-ab96-1712da60fae9",
    "variable" => "BRIDGEPVTCALLID"
  },
  variables: %{}
}
[2025-04-15 16:51:10.257244Z] %ElixirAmi.Event{
  event: "varset",
  source: :asterisk_connection,
  action_id: nil,
  keys: %{
    "accountcode" => "",
    "calleridname" => "101",
    "calleridnum" => "101",
    "channel" => "PJSIP/101-00000060",
    "channelstate" => "6",
    "channelstatedesc" => "Up",
    "connectedlinename" => "IVAN",
    "connectedlinenum" => "102",
    "context" => "org_all",
    "exten" => "",
    "language" => "en",
    "linkedid" => "1744735864.144",
    "priority" => "1",
    "privilege" => "dialplan,all",
    "uniqueid" => "1744735866.145",
    "value" => "PJSIP/102-0000005f",
    "variable" => "BRIDGEPEER"
  },
  variables: %{}
}
[2025-04-15 16:51:10.257317Z] %ElixirAmi.Event{
  event: "varset",
  source: :asterisk_connection,
  action_id: nil,
  keys: %{
    "accountcode" => "",
    "calleridname" => "101",
    "calleridnum" => "101",
    "channel" => "PJSIP/101-00000060",
    "channelstate" => "6",
    "channelstatedesc" => "Up",
    "connectedlinename" => "IVAN",
    "connectedlinenum" => "102",
    "context" => "org_all",
    "exten" => "",
    "language" => "en",
    "linkedid" => "1744735864.144",
    "priority" => "1",
    "privilege" => "dialplan,all",
    "uniqueid" => "1744735866.145",
    "value" => "090f2350-8abb-4aba-952c-7c12806bf14d",
    "variable" => "BRIDGEPVTCALLID"
  },
  variables: %{}
}
[2025-04-15 16:51:10.257389Z] %ElixirAmi.Event{
  event: "varset",
  source: :asterisk_connection,
  action_id: nil,
  keys: %{
    "accountcode" => "",
    "calleridname" => "IVAN",
    "calleridnum" => "102",
    "channel" => "PJSIP/102-0000005f",
    "channelstate" => "6",
    "channelstatedesc" => "Up",
    "connectedlinename" => "101",
    "connectedlinenum" => "101",
    "context" => "org_all",
    "exten" => "101",
    "language" => "en",
    "linkedid" => "1744735864.144",
    "priority" => "2",
    "privilege" => "dialplan,all",
    "uniqueid" => "1744735864.144",
    "value" => "PJSIP/101-00000060",
    "variable" => "BRIDGEPEER"
  },
  variables: %{}
}
[2025-04-15 16:51:10.257466Z] %ElixirAmi.Event{
  event: "varset",
  source: :asterisk_connection,
  action_id: nil,
  keys: %{
    "accountcode" => "",
    "calleridname" => "101",
    "calleridnum" => "101",
    "channel" => "PJSIP/101-00000060",
    "channelstate" => "6",
    "channelstatedesc" => "Up",
    "connectedlinename" => "IVAN",
    "connectedlinenum" => "102",
    "context" => "org_all",
    "exten" => "",
    "language" => "en",
    "linkedid" => "1744735864.144",
    "priority" => "1",
    "privilege" => "dialplan,all",
    "uniqueid" => "1744735866.145",
    "value" => "PJSIP/102-0000005f",
    "variable" => "BRIDGEPEER"
  },
  variables: %{}
}
[2025-04-15 16:51:10.257533Z] %ElixirAmi.Event{
  event: "varset",
  source: :asterisk_connection,
  action_id: nil,
  keys: %{
    "accountcode" => "",
    "calleridname" => "101",
    "calleridnum" => "101",
    "channel" => "PJSIP/101-00000060",
    "channelstate" => "6",
    "channelstatedesc" => "Up",
    "connectedlinename" => "IVAN",
    "connectedlinenum" => "102",
    "context" => "org_all",
    "exten" => "",
    "language" => "en",
    "linkedid" => "1744735864.144",
    "priority" => "1",
    "privilege" => "dialplan,all",
    "uniqueid" => "1744735866.145",
    "value" => "090f2350-8abb-4aba-952c-7c12806bf14d",
    "variable" => "BRIDGEPVTCALLID"
  },
  variables: %{}
}
[2025-04-15 16:51:10.257581Z] %ElixirAmi.Event{
  event: "varset",
  source: :asterisk_connection,
  action_id: nil,
  keys: %{
    "accountcode" => "",
    "calleridname" => "IVAN",
    "calleridnum" => "102",
    "channel" => "PJSIP/102-0000005f",
    "channelstate" => "6",
    "channelstatedesc" => "Up",
    "connectedlinename" => "101",
    "connectedlinenum" => "101",
    "context" => "org_all",
    "exten" => "101",
    "language" => "en",
    "linkedid" => "1744735864.144",
    "priority" => "2",
    "privilege" => "dialplan,all",
    "uniqueid" => "1744735864.144",
    "value" => "PJSIP/101-00000060",
    "variable" => "BRIDGEPEER"
  },
  variables: %{}
}
[2025-04-15 16:51:10.257631Z] %ElixirAmi.Event{
  event: "varset",
  source: :asterisk_connection,
  action_id: nil,
  keys: %{
    "accountcode" => "",
    "calleridname" => "IVAN",
    "calleridnum" => "102",
    "channel" => "PJSIP/102-0000005f",
    "channelstate" => "6",
    "channelstatedesc" => "Up",
    "connectedlinename" => "101",
    "connectedlinenum" => "101",
    "context" => "org_all",
    "exten" => "101",
    "language" => "en",
    "linkedid" => "1744735864.144",
    "priority" => "2",
    "privilege" => "dialplan,all",
    "uniqueid" => "1744735864.144",
    "value" => "8bb1ce92-e150-42d9-ab96-1712da60fae9",
    "variable" => "BRIDGEPVTCALLID"
  },
  variables: %{}
}
[2025-04-15 16:51:10.257707Z] %ElixirAmi.Event{
  event: "varset",
  source: :asterisk_connection,
  action_id: nil,
  keys: %{
    "accountcode" => "",
    "calleridname" => "IVAN",
    "calleridnum" => "102",
    "channel" => "PJSIP/102-0000005f",
    "channelstate" => "6",
    "channelstatedesc" => "Up",
    "connectedlinename" => "101",
    "connectedlinenum" => "101",
    "context" => "org_all",
    "exten" => "101",
    "language" => "en",
    "linkedid" => "1744735864.144",
    "priority" => "2",
    "privilege" => "dialplan,all",
    "uniqueid" => "1744735864.144",
    "value" => "8bb1ce92-e150-42d9-ab96-1712da60fae9",
    "variable" => "BRIDGEPVTCALLID"
  },
  variables: %{}
}
[2025-04-15 16:51:10.257938Z] %ElixirAmi.Event{
  event: "varset",
  source: :asterisk_connection,
  action_id: nil,
  keys: %{
    "accountcode" => "",
    "calleridname" => "101",
    "calleridnum" => "101",
    "channel" => "PJSIP/101-00000060",
    "channelstate" => "6",
    "channelstatedesc" => "Up",
    "connectedlinename" => "IVAN",
    "connectedlinenum" => "102",
    "context" => "org_all",
    "exten" => "",
    "language" => "en",
    "linkedid" => "1744735864.144",
    "priority" => "1",
    "privilege" => "dialplan,all",
    "uniqueid" => "1744735866.145",
    "value" => "PJSIP/102-0000005f",
    "variable" => "BRIDGEPEER"
  },
  variables: %{}
}
[2025-04-15 16:51:10.258071Z] %ElixirAmi.Event{
  event: "varset",
  source: :asterisk_connection,
  action_id: nil,
  keys: %{
    "accountcode" => "",
    "calleridname" => "101",
    "calleridnum" => "101",
    "channel" => "PJSIP/101-00000060",
    "channelstate" => "6",
    "channelstatedesc" => "Up",
    "connectedlinename" => "IVAN",
    "connectedlinenum" => "102",
    "context" => "org_all",
    "exten" => "",
    "language" => "en",
    "linkedid" => "1744735864.144",
    "priority" => "1",
    "privilege" => "dialplan,all",
    "uniqueid" => "1744735866.145",
    "value" => "090f2350-8abb-4aba-952c-7c12806bf14d",
    "variable" => "BRIDGEPVTCALLID"
  },
  variables: %{}
}
[2025-04-15 16:51:10.258999Z] %ElixirAmi.Event{
  event: "varset",
  source: :asterisk_connection,
  action_id: nil,
  keys: %{
    "accountcode" => "",
    "calleridname" => "IVAN",
    "calleridnum" => "102",
    "channel" => "PJSIP/102-0000005f",
    "channelstate" => "6",
    "channelstatedesc" => "Up",
    "connectedlinename" => "101",
    "connectedlinenum" => "101",
    "context" => "org_all",
    "exten" => "101",
    "language" => "en",
    "linkedid" => "1744735864.144",
    "priority" => "2",
    "privilege" => "dialplan,all",
    "uniqueid" => "1744735864.144",
    "value" => "/home/rawmn/AsteriskConnector/priv/recordings/102_101_2025-04-151744735864.144.wav",
    "variable" => "MIXMONITOR_FILENAME"
  },
  variables: %{}
}
[2025-04-15 16:51:10.259194Z] %ElixirAmi.Event{
  event: "mixmonitorstart",
  source: :asterisk_connection,
  action_id: nil,
  keys: %{
    "accountcode" => "",
    "calleridname" => "IVAN",
    "calleridnum" => "102",
    "channel" => "PJSIP/102-0000005f",
    "channelstate" => "6",
    "channelstatedesc" => "Up",
    "connectedlinename" => "101",
    "connectedlinenum" => "101",
    "context" => "org_all",
    "exten" => "101",
    "language" => "en",
    "linkedid" => "1744735864.144",
    "priority" => "2",
    "privilege" => "call,all",
    "uniqueid" => "1744735864.144"
  },
  variables: %{}
}
[2025-04-15 16:51:10.259486Z] %ElixirAmi.Event{
  event: "varset",
  source: :asterisk_connection,
  action_id: nil,
  keys: %{
    "accountcode" => "",
    "calleridname" => "IVAN",
    "calleridnum" => "102",
    "channel" => "PJSIP/102-0000005f",
    "channelstate" => "6",
    "channelstatedesc" => "Up",
    "connectedlinename" => "101",
    "connectedlinenum" => "101",
    "context" => "org_all",
    "exten" => "101",
    "language" => "en",
    "linkedid" => "1744735864.144",
    "priority" => "2",
    "privilege" => "dialplan,all",
    "uniqueid" => "1744735864.144",
    "value" => "PJSIP/101-00000060",
    "variable" => "BRIDGEPEER"
  },
  variables: %{}
}
[2025-04-15 16:51:10.259765Z] %ElixirAmi.Event{
  event: "varset",
  source: :asterisk_connection,
  action_id: nil,
  keys: %{
    "accountcode" => "",
    "calleridname" => "IVAN",
    "calleridnum" => "102",
    "channel" => "PJSIP/102-0000005f",
    "channelstate" => "6",
    "channelstatedesc" => "Up",
    "connectedlinename" => "101",
    "connectedlinenum" => "101",
    "context" => "org_all",
    "exten" => "101",
    "language" => "en",
    "linkedid" => "1744735864.144",
    "priority" => "2",
    "privilege" => "dialplan,all",
    "uniqueid" => "1744735864.144",
    "value" => "8bb1ce92-e150-42d9-ab96-1712da60fae9",
    "variable" => "BRIDGEPVTCALLID"
  },
  variables: %{}
}
[2025-04-15 16:51:10.259936Z] %ElixirAmi.Event{
  event: "varset",
  source: :asterisk_connection,
  action_id: nil,
  keys: %{
    "accountcode" => "",
    "calleridname" => "101",
    "calleridnum" => "101",
    "channel" => "PJSIP/101-00000060",
    "channelstate" => "6",
    "channelstatedesc" => "Up",
    "connectedlinename" => "IVAN",
    "connectedlinenum" => "102",
    "context" => "org_all",
    "exten" => "",
    "language" => "en",
    "linkedid" => "1744735864.144",
    "priority" => "1",
    "privilege" => "dialplan,all",
    "uniqueid" => "1744735866.145",
    "value" => "PJSIP/102-0000005f",
    "variable" => "BRIDGEPEER"
  },
  variables: %{}
}
[2025-04-15 16:51:10.260195Z] %ElixirAmi.Event{
  event: "varset",
  source: :asterisk_connection,
  action_id: nil,
  keys: %{
    "accountcode" => "",
    "calleridname" => "101",
    "calleridnum" => "101",
    "channel" => "PJSIP/101-00000060",
    "channelstate" => "6",
    "channelstatedesc" => "Up",
    "connectedlinename" => "IVAN",
    "connectedlinenum" => "102",
    "context" => "org_all",
    "exten" => "",
    "language" => "en",
    "linkedid" => "1744735864.144",
    "priority" => "1",
    "privilege" => "dialplan,all",
    "uniqueid" => "1744735866.145",
    "value" => "090f2350-8abb-4aba-952c-7c12806bf14d",
    "variable" => "BRIDGEPVTCALLID"
  },
  variables: %{}
}
[2025-04-15 16:51:10.260448Z] %ElixirAmi.Event{
  event: "varset",
  source: :asterisk_connection,
  action_id: nil,
  keys: %{
    "accountcode" => "",
    "calleridname" => "IVAN",
    "calleridnum" => "102",
    "channel" => "PJSIP/102-0000005f",
    "channelstate" => "6",
    "channelstatedesc" => "Up",
    "connectedlinename" => "101",
    "connectedlinenum" => "101",
    "context" => "org_all",
    "exten" => "101",
    "language" => "en",
    "linkedid" => "1744735864.144",
    "priority" => "2",
    "privilege" => "dialplan,all",
    "uniqueid" => "1744735864.144",
    "value" => "PJSIP/101-00000060",
    "variable" => "BRIDGEPEER"
  },
  variables: %{}
}
[2025-04-15 16:51:10.260719Z] %ElixirAmi.Event{
  event: "varset",
  source: :asterisk_connection,
  action_id: nil,
  keys: %{
    "accountcode" => "",
    "calleridname" => "IVAN",
    "calleridnum" => "102",
    "channel" => "PJSIP/102-0000005f",
    "channelstate" => "6",
    "channelstatedesc" => "Up",
    "connectedlinename" => "101",
    "connectedlinenum" => "101",
    "context" => "org_all",
    "exten" => "101",
    "language" => "en",
    "linkedid" => "1744735864.144",
    "priority" => "2",
    "privilege" => "dialplan,all",
    "uniqueid" => "1744735864.144",
    "value" => "8bb1ce92-e150-42d9-ab96-1712da60fae9",
    "variable" => "BRIDGEPVTCALLID"
  },
  variables: %{}
}
[2025-04-15 16:51:10.260974Z] %ElixirAmi.Event{
  event: "varset",
  source: :asterisk_connection,
  action_id: nil,
  keys: %{
    "accountcode" => "",
    "calleridname" => "101",
    "calleridnum" => "101",
    "channel" => "PJSIP/101-00000060",
    "channelstate" => "6",
    "channelstatedesc" => "Up",
    "connectedlinename" => "IVAN",
    "connectedlinenum" => "102",
    "context" => "org_all",
    "exten" => "",
    "language" => "en",
    "linkedid" => "1744735864.144",
    "priority" => "1",
    "privilege" => "dialplan,all",
    "uniqueid" => "1744735866.145",
    "value" => "PJSIP/102-0000005f",
    "variable" => "BRIDGEPEER"
  },
  variables: %{}
}
[2025-04-15 16:51:10.261243Z] %ElixirAmi.Event{
  event: "varset",
  source: :asterisk_connection,
  action_id: nil,
  keys: %{
    "accountcode" => "",
    "calleridname" => "101",
    "calleridnum" => "101",
    "channel" => "PJSIP/101-00000060",
    "channelstate" => "6",
    "channelstatedesc" => "Up",
    "connectedlinename" => "IVAN",
    "connectedlinenum" => "102",
    "context" => "org_all",
    "exten" => "",
    "language" => "en",
    "linkedid" => "1744735864.144",
    "priority" => "1",
    "privilege" => "dialplan,all",
    "uniqueid" => "1744735866.145",
    "value" => "090f2350-8abb-4aba-952c-7c12806bf14d",
    "variable" => "BRIDGEPVTCALLID"
  },
  variables: %{}
}
[2025-04-15 16:51:10.261533Z] %ElixirAmi.Event{
  event: "varset",
  source: :asterisk_connection,
  action_id: nil,
  keys: %{
    "accountcode" => "",
    "calleridname" => "IVAN",
    "calleridnum" => "102",
    "channel" => "PJSIP/102-0000005f",
    "channelstate" => "6",
    "channelstatedesc" => "Up",
    "connectedlinename" => "101",
    "connectedlinenum" => "101",
    "context" => "org_all",
    "exten" => "101",
    "language" => "en",
    "linkedid" => "1744735864.144",
    "priority" => "2",
    "privilege" => "dialplan,all",
    "uniqueid" => "1744735864.144",
    "value" => "PJSIP/101-00000060",
    "variable" => "BRIDGEPEER"
  },
  variables: %{}
}
[2025-04-15 16:51:10.261749Z] %ElixirAmi.Event{
  event: "varset",
  source: :asterisk_connection,
  action_id: nil,
  keys: %{
    "accountcode" => "",
    "calleridname" => "IVAN",
    "calleridnum" => "102",
    "channel" => "PJSIP/102-0000005f",
    "channelstate" => "6",
    "channelstatedesc" => "Up",
    "connectedlinename" => "101",
    "connectedlinenum" => "101",
    "context" => "org_all",
    "exten" => "101",
    "language" => "en",
    "linkedid" => "1744735864.144",
    "priority" => "2",
    "privilege" => "dialplan,all",
    "uniqueid" => "1744735864.144",
    "value" => "8bb1ce92-e150-42d9-ab96-1712da60fae9",
    "variable" => "BRIDGEPVTCALLID"
  },
  variables: %{}
}
[2025-04-15 16:51:10.261942Z] %ElixirAmi.Event{
  event: "varset",
  source: :asterisk_connection,
  action_id: nil,
  keys: %{
    "accountcode" => "",
    "calleridname" => "101",
    "calleridnum" => "101",
    "channel" => "PJSIP/101-00000060",
    "channelstate" => "6",
    "channelstatedesc" => "Up",
    "connectedlinename" => "IVAN",
    "connectedlinenum" => "102",
    "context" => "org_all",
    "exten" => "",
    "language" => "en",
    "linkedid" => "1744735864.144",
    "priority" => "1",
    "privilege" => "dialplan,all",
    "uniqueid" => "1744735866.145",
    "value" => "PJSIP/102-0000005f",
    "variable" => "BRIDGEPEER"
  },
  variables: %{}
}
[2025-04-15 16:51:10.262139Z] %ElixirAmi.Event{
  event: "varset",
  source: :asterisk_connection,
  action_id: nil,
  keys: %{
    "accountcode" => "",
    "calleridname" => "101",
    "calleridnum" => "101",
    "channel" => "PJSIP/101-00000060",
    "channelstate" => "6",
    "channelstatedesc" => "Up",
    "connectedlinename" => "IVAN",
    "connectedlinenum" => "102",
    "context" => "org_all",
    "exten" => "",
    "language" => "en",
    "linkedid" => "1744735864.144",
    "priority" => "1",
    "privilege" => "dialplan,all",
    "uniqueid" => "1744735866.145",
    "value" => "090f2350-8abb-4aba-952c-7c12806bf14d",
    "variable" => "BRIDGEPVTCALLID"
  },
  variables: %{}
}
[2025-04-15 16:51:10.442925Z] %ElixirAmi.Event{
  event: "rtcpreceived",
  source: :asterisk_connection,
  action_id: nil,
  keys: %{
    "pt" => "200(SR)",
    "report0highestsequence" => "18701",
    "mes" => "85.4",
    "privilege" => "reporting,all",
    "channelstatedesc" => "Up",
    "uniqueid" => "1744735866.145",
    "sentntp" => "1744761070.191357",
    "report0fractionlost" => "0",
    "sentpackets" => "10",
    "report0lsr" => "0",
    "linkedid" => "1744735864.144",
    "ssrc" => "0xeba96f6e",
    "exten" => "",
    "channel" => "PJSIP/101-00000060",
    "report0iajitter" => "0",
    "sentrtp" => "1528",
    "context" => "org_all",
    "connectedlinename" => "IVAN",
    "priority" => "1",
    "rtt" => "0.0000",
    "to" => "192.168.0.16:12911",
    "reportcount" => "1",
    "language" => "en",
    "sentoctets" => "1600",
    "calleridname" => "101",
    "from" => "192.168.0.16:4075",
    "report0cumulativelost" => "0",
    "report0sequencenumbercycles" => "0",
    "calleridnum" => "101",
    "channelstate" => "6",
    "accountcode" => "",
    "report0dlsr" => "0.0000",
    "report0sourcessrc" => "0x76579787",
    "connectedlinenum" => "102"
  },
  variables: %{}
}
[2025-04-15 16:51:11.181962Z] %ElixirAmi.Event{
  event: "rtcpsent",
  source: :asterisk_connection,
  action_id: nil,
  keys: %{
    "pt" => "200(SR)",
    "report0highestsequence" => "19704",
    "mes" => "85.4",
    "privilege" => "reporting,all",
    "channelstatedesc" => "Up",
    "uniqueid" => "1744735864.144",
    "sentntp" => "1744735871.181463",
    "report0fractionlost" => "0",
    "sentpackets" => "250",
    "report0lsr" => "1869231441",
    "linkedid" => "1744735864.144",
    "ssrc" => "0x59ca7756",
    "exten" => "101",
    "channel" => "PJSIP/102-0000005f",
    "report0iajitter" => "7",
    "sentrtp" => "7520",
    "context" => "org_all",
    "connectedlinename" => "101",
    "priority" => "2",
    "to" => "192.168.0.16:4117",
    "reportcount" => "1",
    "language" => "en",
    "sentoctets" => "40000",
    "calleridname" => "IVAN",
    "from" => "192.168.0.16:14629",
    "report0cumulativelost" => "0",
    "report0sequencenumbercycles" => "0",
    "calleridnum" => "102",
    "channelstate" => "6",
    "accountcode" => "",
    "report0dlsr" => "4.8020",
    "report0sourcessrc" => "0x13bd3c19",
    "connectedlinenum" => "101"
  },
  variables: %{}
}
[2025-04-15 16:51:11.183541Z] %ElixirAmi.Event{
  event: "rtcpreceived",
  source: :asterisk_connection,
  action_id: nil,
  keys: %{
    "pt" => "200(SR)",
    "report0highestsequence" => "9474",
    "mes" => "85.4",
    "privilege" => "reporting,all",
    "channelstatedesc" => "Up",
    "uniqueid" => "1744735864.144",
    "sentntp" => "1744761071.011890",
    "report0fractionlost" => "0",
    "sentpackets" => "250",
    "report0lsr" => "218050164",
    "linkedid" => "1744735864.144",
    "ssrc" => "0xeba96f6f",
    "exten" => "101",
    "channel" => "PJSIP/102-0000005f",
    "report0iajitter" => "117",
    "sentrtp" => "40088",
    "context" => "org_all",
    "connectedlinename" => "101",
    "priority" => "2",
    "rtt" => "0.0001",
    "to" => "192.168.0.16:14629",
    "reportcount" => "1",
    "language" => "en",
    "sentoctets" => "40000",
    "calleridname" => "IVAN",
    "from" => "192.168.0.16:4117",
    "report0cumulativelost" => "0",
    "report0sequencenumbercycles" => "0",
    "calleridnum" => "102",
    "channelstate" => "6",
    "accountcode" => "",
    "report0dlsr" => "0.0014",
    "report0sourcessrc" => "0x59ca7756",
    "connectedlinenum" => "101"
  },
  variables: %{}
}
[2025-04-15 16:51:15.255056Z] %ElixirAmi.Event{
  event: "rtcpsent",
  source: :asterisk_connection,
  action_id: nil,
  keys: %{
    "pt" => "200(SR)",
    "report0highestsequence" => "22355",
    "mes" => "85.4",
    "privilege" => "reporting,all",
    "channelstatedesc" => "Up",
    "uniqueid" => "1744735866.145",
    "sentntp" => "1744735875.254543",
    "report0fractionlost" => "0",
    "sentpackets" => "250",
    "report0lsr" => "1869492476",
    "linkedid" => "1744735864.144",
    "ssrc" => "0x76579787",
    "exten" => "",
    "channel" => "PJSIP/101-00000060",
    "report0iajitter" => "7",
    "sentrtp" => "72640",
    "context" => "org_all",
    "connectedlinename" => "IVAN",
    "priority" => "1",
    "to" => "192.168.0.16:4075",
    "reportcount" => "1",
    "language" => "en",
    "sentoctets" => "40000",
    "calleridname" => "101",
    "from" => "192.168.0.16:12911",
    "report0cumulativelost" => "0",
    "report0sequencenumbercycles" => "0",
    "calleridnum" => "101",
    "channelstate" => "6",
    "accountcode" => "",
    "report0dlsr" => "4.8120",
    "report0sourcessrc" => "0x20a9109f",
    "connectedlinenum" => "102"
  },
  variables: %{}
}
[2025-04-15 16:51:15.417436Z] %ElixirAmi.Event{
  event: "rtcpreceived",
  source: :asterisk_connection,
  action_id: nil,
  keys: %{
    "pt" => "200(SR)",
    "report0highestsequence" => "18949",
    "mes" => "85.4",
    "privilege" => "reporting,all",
    "channelstatedesc" => "Up",
    "uniqueid" => "1744735866.145",
    "sentntp" => "1744761075.165846",
    "report0fractionlost" => "0",
    "sentpackets" => "258",
    "report0lsr" => "218317097",
    "linkedid" => "1744735864.144",
    "ssrc" => "0xeba96f73",
    "exten" => "",
    "channel" => "PJSIP/101-00000060",
    "report0iajitter" => "7",
    "sentrtp" => "41320",
    "context" => "org_all",
    "connectedlinename" => "IVAN",
    "priority" => "1",
    "rtt" => "0.0001",
    "to" => "192.168.0.16:12911",
    "reportcount" => "1",
    "language" => "en",
    "sentoctets" => "41280",
    "calleridname" => "101",
    "from" => "192.168.0.16:4075",
    "report0cumulativelost" => "0",
    "report0sequencenumbercycles" => "0",
    "calleridnum" => "101",
    "channelstate" => "6",
    "accountcode" => "",
    "report0dlsr" => "0.1623",
    "report0sourcessrc" => "0x76579787",
    "connectedlinenum" => "102"
  },
  variables: %{}
}
[2025-04-15 16:51:16.182141Z] %ElixirAmi.Event{
  event: "rtcpsent",
  source: :asterisk_connection,
  action_id: nil,
  keys: %{
    "pt" => "200(SR)",
    "report0highestsequence" => "19954",
    "mes" => "85.4",
    "privilege" => "reporting,all",
    "channelstatedesc" => "Up",
    "uniqueid" => "1744735864.144",
    "sentntp" => "1744735876.181628",
    "report0fractionlost" => "0",
    "sentpackets" => "500",
    "report0lsr" => "1869546251",
    "linkedid" => "1744735864.144",
    "ssrc" => "0x59ca7756",
    "exten" => "101",
    "channel" => "PJSIP/102-0000005f",
    "report0iajitter" => "6",
    "sentrtp" => "47520",
    "context" => "org_all",
    "connectedlinename" => "101",
    "priority" => "2",
    "to" => "192.168.0.16:4117",
    "reportcount" => "1",
    "language" => "en",
    "sentoctets" => "80000",
    "calleridname" => "IVAN",
    "from" => "192.168.0.16:14629",
    "report0cumulativelost" => "0",
    "report0sequencenumbercycles" => "0",
    "calleridnum" => "102",
    "channelstate" => "6",
    "accountcode" => "",
    "report0dlsr" => "4.9980",
    "report0sourcessrc" => "0x13bd3c19",
    "connectedlinenum" => "101"
  },
  variables: %{}
}
[2025-04-15 16:51:16.184033Z] %ElixirAmi.Event{
  event: "rtcpreceived",
  source: :asterisk_connection,
  action_id: nil,
  keys: %{
    "pt" => "200(SR)",
    "report0highestsequence" => "9724",
    "mes" => "85.4",
    "privilege" => "reporting,all",
    "channelstatedesc" => "Up",
    "uniqueid" => "1744735864.144",
    "sentntp" => "1744761076.012500",
    "report0fractionlost" => "0",
    "sentpackets" => "500",
    "report0lsr" => "218377855",
    "linkedid" => "1744735864.144",
    "ssrc" => "0xeba96f74",
    "exten" => "101",
    "channel" => "PJSIP/102-0000005f",
    "report0iajitter" => "6",
    "sentrtp" => "80096",
    "context" => "org_all",
    "connectedlinename" => "101",
    "priority" => "2",
    "rtt" => "0.0001",
    "to" => "192.168.0.16:14629",
    "reportcount" => "1",
    "language" => "en",
    "sentoctets" => "80000",
    "calleridname" => "IVAN",
    "from" => "192.168.0.16:4117",
    "report0cumulativelost" => "0",
    "report0sequencenumbercycles" => "0",
    "calleridnum" => "102",
    "channelstate" => "6",
    "accountcode" => "",
    "report0dlsr" => "0.0019",
    "report0sourcessrc" => "0x59ca7756",
    "connectedlinenum" => "101"
  },
  variables: %{}
}
[2025-04-15 16:51:17.702934Z] %ElixirAmi.Event{
  event: "rtcpreceived",
  source: :asterisk_connection,
  action_id: nil,
  keys: %{
    "pt" => "200(SR)",
    "report0highestsequence" => "9800",
    "mes" => "85.4",
    "privilege" => "reporting,all",
    "channelstatedesc" => "Up",
    "uniqueid" => "1744735864.144",
    "sentntp" => "1744761077.531108",
    "report0fractionlost" => "0",
    "sentpackets" => "577",
    "report0lsr" => "218377855",
    "linkedid" => "1744735864.144",
    "ssrc" => "0xeba96f75",
    "exten" => "101",
    "channel" => "PJSIP/102-0000005f",
    "report0iajitter" => "6",
    "sentrtp" => "92248",
    "context" => "org_all",
    "connectedlinename" => "101",
    "priority" => "2",
    "rtt" => "0.0001",
    "to" => "192.168.0.16:14629",
    "reportcount" => "1",
    "language" => "en",
    "sentoctets" => "92320",
    "calleridname" => "IVAN",
    "from" => "192.168.0.16:4117",
    "report0cumulativelost" => "0",
    "report0sequencenumbercycles" => "0",
    "calleridnum" => "102",
    "channelstate" => "6",
    "accountcode" => "",
    "report0dlsr" => "1.5205",
    "report0sourcessrc" => "0x59ca7756",
    "connectedlinenum" => "101"
  },
  variables: %{}
}
[2025-04-15 16:51:17.703492Z] %ElixirAmi.Event{
  event: "rtcpreceived",
  source: :asterisk_connection,
  action_id: nil,
  keys: %{
    "accountcode" => "",
    "calleridname" => "IVAN",
    "calleridnum" => "102",
    "channel" => "PJSIP/102-0000005f",
    "channelstate" => "6",
    "channelstatedesc" => "Up",
    "connectedlinename" => "101",
    "connectedlinenum" => "101",
    "context" => "org_all",
    "exten" => "101",
    "from" => "192.168.0.16:4117",
    "language" => "en",
    "linkedid" => "1744735864.144",
    "mes" => "85.4",
    "priority" => "2",
    "privilege" => "reporting,all",
    "pt" => "201(RR)",
    "report0cumulativelost" => "0",
    "report0dlsr" => "1.5205",
    "report0fractionlost" => "0",
    "report0highestsequence" => "9800",
    "report0iajitter" => "6",
    "report0lsr" => "218377855",
    "report0sequencenumbercycles" => "0",
    "report0sourcessrc" => "0x59ca7756",
    "reportcount" => "1",
    "rtt" => "0.0001",
    "ssrc" => "0x59ca7756",
    "to" => "192.168.0.16:14629",
    "uniqueid" => "1744735864.144"
  },
  variables: %{}
}
[2025-04-15 16:51:17.703835Z] %ElixirAmi.Event{
  event: "varset",
  source: :asterisk_connection,
  action_id: nil,
  keys: %{
    "accountcode" => "",
    "calleridname" => "IVAN",
    "calleridnum" => "102",
    "channel" => "PJSIP/102-0000005f",
    "channelstate" => "6",
    "channelstatedesc" => "Up",
    "connectedlinename" => "101",
    "connectedlinenum" => "101",
    "context" => "org_all",
    "exten" => "101",
    "language" => "en",
    "linkedid" => "1744735864.144",
    "priority" => "2",
    "privilege" => "dialplan,all",
    "uniqueid" => "1744735864.144",
    "value" => "ssrc=1506441046;themssrc=331168793;lp=0;rxjitter=0.000750;rxcount=577;txjitter=0.000750;txcount=576;rlp=0;rtt=0.000091;rxmes=85.365703;txmes=85.365766",
    "variable" => "RTPAUDIOQOS"
  },
  variables: %{}
}
[2025-04-15 16:51:17.704028Z] %ElixirAmi.Event{
  event: "varset",
  source: :asterisk_connection,
  action_id: nil,
  keys: %{
    "accountcode" => "",
    "calleridname" => "101",
    "calleridnum" => "101",
    "channel" => "PJSIP/101-00000060",
    "channelstate" => "6",
    "channelstatedesc" => "Up",
    "connectedlinename" => "IVAN",
    "connectedlinenum" => "102",
    "context" => "org_all",
    "exten" => "",
    "language" => "en",
    "linkedid" => "1744735864.144",
    "priority" => "1",
    "privilege" => "dialplan,all",
    "uniqueid" => "1744735866.145",
    "value" => "ssrc=1506441046;themssrc=331168793;lp=0;rxjitter=0.000750;rxcount=577;txjitter=0.000750;txcount=576;rlp=0;rtt=0.000091;rxmes=85.365703;txmes=85.365766",
    "variable" => "RTPAUDIOQOSBRIDGED"
  },
  variables: %{}
}
[2025-04-15 16:51:17.704414Z] %ElixirAmi.Event{
  event: "varset",
  source: :asterisk_connection,
  action_id: nil,
  keys: %{
    "accountcode" => "",
    "calleridname" => "IVAN",
    "calleridnum" => "102",
    "channel" => "PJSIP/102-0000005f",
    "channelstate" => "6",
    "channelstatedesc" => "Up",
    "connectedlinename" => "101",
    "connectedlinenum" => "101",
    "context" => "org_all",
    "exten" => "101",
    "language" => "en",
    "linkedid" => "1744735864.144",
    "priority" => "2",
    "privilege" => "dialplan,all",
    "uniqueid" => "1744735864.144",
    "value" => "minrxjitter=000.000000;maxrxjitter=000.000875;avgrxjitter=000.000765;stdevrxjitter=000.000114;mintxjitter=000.000000;maxtxjitter=000.014625;avgtxjitter=000.002411;stdevtxjitter=000.004999;",
    "variable" => "RTPAUDIOQOSJITTER"
  },
  variables: %{}
}
[2025-04-15 16:51:17.704774Z] %ElixirAmi.Event{
  event: "varset",
  source: :asterisk_connection,
  action_id: nil,
  keys: %{
    "accountcode" => "",
    "calleridname" => "101",
    "calleridnum" => "101",
    "channel" => "PJSIP/101-00000060",
    "channelstate" => "6",
    "channelstatedesc" => "Up",
    "connectedlinename" => "IVAN",
    "connectedlinenum" => "102",
    "context" => "org_all",
    "exten" => "",
    "language" => "en",
    "linkedid" => "1744735864.144",
    "priority" => "1",
    "privilege" => "dialplan,all",
    "uniqueid" => "1744735866.145",
    "value" => "minrxjitter=000.000000;maxrxjitter=000.000875;avgrxjitter=000.000765;stdevrxjitter=000.000114;mintxjitter=000.000000;maxtxjitter=000.014625;avgtxjitter=000.002411;stdevtxjitter=000.004999;",
    "variable" => "RTPAUDIOQOSJITTERBRIDGED"
  },
  variables: %{}
}
[2025-04-15 16:51:17.705013Z] %ElixirAmi.Event{
  event: "varset",
  source: :asterisk_connection,
  action_id: nil,
  keys: %{
    "accountcode" => "",
    "calleridname" => "IVAN",
    "calleridnum" => "102",
    "channel" => "PJSIP/102-0000005f",
    "channelstate" => "6",
    "channelstatedesc" => "Up",
    "connectedlinename" => "101",
    "connectedlinenum" => "101",
    "context" => "org_all",
    "exten" => "101",
    "language" => "en",
    "linkedid" => "1744735864.144",
    "priority" => "2",
    "privilege" => "dialplan,all",
    "uniqueid" => "1744735864.144",
    "value" => "minrxlost=000.000000;  maxrxlost=000.000000;  avgrxlost=000.000000;  stdevrxlost=000.000000;  mintxlost=000.000000;  maxtxlost=000.000000;  avgtxlost=000.000000;  stdevtxlost=000.000000;",
    "variable" => "RTPAUDIOQOSLOSS"
  },
  variables: %{}
}
[2025-04-15 16:51:17.705233Z] %ElixirAmi.Event{
  event: "varset",
  source: :asterisk_connection,
  action_id: nil,
  keys: %{
    "accountcode" => "",
    "calleridname" => "101",
    "calleridnum" => "101",
    "channel" => "PJSIP/101-00000060",
    "channelstate" => "6",
    "channelstatedesc" => "Up",
    "connectedlinename" => "IVAN",
    "connectedlinenum" => "102",
    "context" => "org_all",
    "exten" => "",
    "language" => "en",
    "linkedid" => "1744735864.144",
    "priority" => "1",
    "privilege" => "dialplan,all",
    "uniqueid" => "1744735866.145",
    "value" => "minrxlost=000.000000;  maxrxlost=000.000000;  avgrxlost=000.000000;  stdevrxlost=000.000000;  mintxlost=000.000000;  maxtxlost=000.000000;  avgtxlost=000.000000;  stdevtxlost=000.000000;",
    "variable" => "RTPAUDIOQOSLOSSBRIDGED"
  },
  variables: %{}
}
[2025-04-15 16:51:17.705422Z] %ElixirAmi.Event{
  event: "varset",
  source: :asterisk_connection,
  action_id: nil,
  keys: %{
    "accountcode" => "",
    "calleridname" => "IVAN",
    "calleridnum" => "102",
    "channel" => "PJSIP/102-0000005f",
    "channelstate" => "6",
    "channelstatedesc" => "Up",
    "connectedlinename" => "101",
    "connectedlinenum" => "101",
    "context" => "org_all",
    "exten" => "101",
    "language" => "en",
    "linkedid" => "1744735864.144",
    "priority" => "2",
    "privilege" => "dialplan,all",
    "uniqueid" => "1744735864.144",
    "value" => "minrtt=000.000091;     maxrtt=000.000106;     avgrtt=000.000095;     stdevrtt=000.000006;",
    "variable" => "RTPAUDIOQOSRTT"
  },
  variables: %{}
}
[2025-04-15 16:51:17.705644Z] %ElixirAmi.Event{
  event: "varset",
  source: :asterisk_connection,
  action_id: nil,
  keys: %{
    "accountcode" => "",
    "calleridname" => "101",
    "calleridnum" => "101",
    "channel" => "PJSIP/101-00000060",
    "channelstate" => "6",
    "channelstatedesc" => "Up",
    "connectedlinename" => "IVAN",
    "connectedlinenum" => "102",
    "context" => "org_all",
    "exten" => "",
    "language" => "en",
    "linkedid" => "1744735864.144",
    "priority" => "1",
    "privilege" => "dialplan,all",
    "uniqueid" => "1744735866.145",
    "value" => "minrtt=000.000091;     maxrtt=000.000106;     avgrtt=000.000095;     stdevrtt=000.000006;",
    "variable" => "RTPAUDIOQOSRTTBRIDGED"
  },
  variables: %{}
}
[2025-04-15 16:51:17.705883Z] %ElixirAmi.Event{
  event: "varset",
  source: :asterisk_connection,
  action_id: nil,
  keys: %{
    "accountcode" => "",
    "calleridname" => "IVAN",
    "calleridnum" => "102",
    "channel" => "PJSIP/102-0000005f",
    "channelstate" => "6",
    "channelstatedesc" => "Up",
    "connectedlinename" => "101",
    "connectedlinenum" => "101",
    "context" => "org_all",
    "exten" => "101",
    "language" => "en",
    "linkedid" => "1744735864.144",
    "priority" => "2",
    "privilege" => "dialplan,all",
    "uniqueid" => "1744735864.144",
    "value" => "minrxmes=085.365766;   maxrxmes=085.367289;   avgrxmes=085.366527;   stdevrxmes=000.000114;   mintxmes=085.365682;   maxtxmes=085.367289;   avgtxmes=085.366397;   stdevtxmes=000.000773;",
    "variable" => "RTPAUDIOQOSMES"
  },
  variables: %{}
}
[2025-04-15 16:51:17.706173Z] %ElixirAmi.Event{
  event: "varset",
  source: :asterisk_connection,
  action_id: nil,
  keys: %{
    "accountcode" => "",
    "calleridname" => "101",
    "calleridnum" => "101",
    "channel" => "PJSIP/101-00000060",
    "channelstate" => "6",
    "channelstatedesc" => "Up",
    "connectedlinename" => "IVAN",
    "connectedlinenum" => "102",
    "context" => "org_all",
    "exten" => "",
    "language" => "en",
    "linkedid" => "1744735864.144",
    "priority" => "1",
    "privilege" => "dialplan,all",
    "uniqueid" => "1744735866.145",
    "value" => "minrxmes=085.365766;   maxrxmes=085.367289;   avgrxmes=085.366527;   stdevrxmes=000.000114;   mintxmes=085.365682;   maxtxmes=085.367289;   avgtxmes=085.366397;   stdevtxmes=000.000773;",
    "variable" => "RTPAUDIOQOSMESBRIDGED"
  },
  variables: %{}
}
[2025-04-15 16:51:17.706380Z] %ElixirAmi.Event{
  event: "hanguprequest",
  source: :asterisk_connection,
  action_id: nil,
  keys: %{
    "accountcode" => "",
    "calleridname" => "IVAN",
    "calleridnum" => "102",
    "channel" => "PJSIP/102-0000005f",
    "channelstate" => "6",
    "channelstatedesc" => "Up",
    "connectedlinename" => "101",
    "connectedlinenum" => "101",
    "context" => "org_all",
    "exten" => "101",
    "language" => "en",
    "linkedid" => "1744735864.144",
    "priority" => "2",
    "privilege" => "call,all",
    "uniqueid" => "1744735864.144"
  },
  variables: %{}
}
[2025-04-15 16:51:17.706609Z] %ElixirAmi.Event{
  event: "varset",
  source: :asterisk_connection,
  action_id: nil,
  keys: %{
    "accountcode" => "",
    "calleridname" => "IVAN",
    "calleridnum" => "102",
    "channel" => "PJSIP/102-0000005f",
    "channelstate" => "6",
    "channelstatedesc" => "Up",
    "connectedlinename" => "101",
    "connectedlinenum" => "101",
    "context" => "org_all",
    "exten" => "101",
    "language" => "en",
    "linkedid" => "1744735864.144",
    "priority" => "2",
    "privilege" => "dialplan,all",
    "uniqueid" => "1744735864.144",
    "value" => "",
    "variable" => "BRIDGEPEER"
  },
  variables: %{}
}
[2025-04-15 16:51:17.706832Z] %ElixirAmi.Event{
  event: "varset",
  source: :asterisk_connection,
  action_id: nil,
  keys: %{
    "accountcode" => "",
    "calleridname" => "IVAN",
    "calleridnum" => "102",
    "channel" => "PJSIP/102-0000005f",
    "channelstate" => "6",
    "channelstatedesc" => "Up",
    "connectedlinename" => "101",
    "connectedlinenum" => "101",
    "context" => "org_all",
    "exten" => "101",
    "language" => "en",
    "linkedid" => "1744735864.144",
    "priority" => "2",
    "privilege" => "dialplan,all",
    "uniqueid" => "1744735864.144",
    "value" => "",
    "variable" => "BRIDGEPVTCALLID"
  },
  variables: %{}
}
[2025-04-15 16:51:17.707067Z] %ElixirAmi.Event{
  event: "varset",
  source: :asterisk_connection,
  action_id: nil,
  keys: %{
    "accountcode" => "",
    "calleridname" => "101",
    "calleridnum" => "101",
    "channel" => "PJSIP/101-00000060",
    "channelstate" => "6",
    "channelstatedesc" => "Up",
    "connectedlinename" => "IVAN",
    "connectedlinenum" => "102",
    "context" => "org_all",
    "exten" => "",
    "language" => "en",
    "linkedid" => "1744735864.144",
    "priority" => "1",
    "privilege" => "dialplan,all",
    "uniqueid" => "1744735866.145",
    "value" => "",
    "variable" => "BRIDGEPEER"
  },
  variables: %{}
}
[2025-04-15 16:51:17.707338Z] %ElixirAmi.Event{
  event: "varset",
  source: :asterisk_connection,
  action_id: nil,
  keys: %{
    "accountcode" => "",
    "calleridname" => "101",
    "calleridnum" => "101",
    "channel" => "PJSIP/101-00000060",
    "channelstate" => "6",
    "channelstatedesc" => "Up",
    "connectedlinename" => "IVAN",
    "connectedlinenum" => "102",
    "context" => "org_all",
    "exten" => "",
    "language" => "en",
    "linkedid" => "1744735864.144",
    "priority" => "1",
    "privilege" => "dialplan,all",
    "uniqueid" => "1744735866.145",
    "value" => "",
    "variable" => "BRIDGEPVTCALLID"
  },
  variables: %{}
}
[2025-04-15 16:51:17.707768Z] %ElixirAmi.Event{
  event: "bridgeleave",
  source: :asterisk_connection,
  action_id: nil,
  keys: %{
    "accountcode" => "",
    "bridgecreator" => "<unknown>",
    "bridgename" => "<unknown>",
    "bridgenumchannels" => "1",
    "bridgetechnology" => "simple_bridge",
    "bridgetype" => "basic",
    "bridgeuniqueid" => "97c1c147-1e6b-4704-8f75-3cf0994fe9fb",
    "bridgevideosourcemode" => "none",
    "calleridname" => "IVAN",
    "calleridnum" => "102",
    "channel" => "PJSIP/102-0000005f",
    "channelstate" => "6",
    "channelstatedesc" => "Up",
    "connectedlinename" => "101",
    "connectedlinenum" => "101",
    "context" => "org_all",
    "exten" => "101",
    "language" => "en",
    "linkedid" => "1744735864.144",
    "priority" => "2",
    "privilege" => "call,all",
    "uniqueid" => "1744735864.144"
  },
  variables: %{}
}
[2025-04-15 16:51:17.708059Z] %ElixirAmi.Event{
  event: "bridgeleave",
  source: :asterisk_connection,
  action_id: nil,
  keys: %{
    "accountcode" => "",
    "bridgecreator" => "<unknown>",
    "bridgename" => "<unknown>",
    "bridgenumchannels" => "0",
    "bridgetechnology" => "simple_bridge",
    "bridgetype" => "basic",
    "bridgeuniqueid" => "97c1c147-1e6b-4704-8f75-3cf0994fe9fb",
    "bridgevideosourcemode" => "none",
    "calleridname" => "101",
    "calleridnum" => "101",
    "channel" => "PJSIP/101-00000060",
    "channelstate" => "6",
    "channelstatedesc" => "Up",
    "connectedlinename" => "IVAN",
    "connectedlinenum" => "102",
    "context" => "org_all",
    "exten" => "",
    "language" => "en",
    "linkedid" => "1744735864.144",
    "priority" => "1",
    "privilege" => "call,all",
    "uniqueid" => "1744735866.145"
  },
  variables: %{}
}
[2025-04-15 16:51:17.708242Z] %ElixirAmi.Event{
  event: "varset",
  source: :asterisk_connection,
  action_id: nil,
  keys: %{
    "accountcode" => "",
    "calleridname" => "IVAN",
    "calleridnum" => "102",
    "channel" => "PJSIP/102-0000005f",
    "channelstate" => "6",
    "channelstatedesc" => "Up",
    "connectedlinename" => "101",
    "connectedlinenum" => "101",
    "context" => "org_all",
    "exten" => "101",
    "language" => "en",
    "linkedid" => "1744735864.144",
    "priority" => "2",
    "privilege" => "dialplan,all",
    "uniqueid" => "1744735864.144",
    "value" => "11",
    "variable" => "ANSWEREDTIME"
  },
  variables: %{}
}
[2025-04-15 16:51:17.708509Z] %ElixirAmi.Event{
  event: "varset",
  source: :asterisk_connection,
  action_id: nil,
  keys: %{
    "accountcode" => "",
    "calleridname" => "IVAN",
    "calleridnum" => "102",
    "channel" => "PJSIP/102-0000005f",
    "channelstate" => "6",
    "channelstatedesc" => "Up",
    "connectedlinename" => "101",
    "connectedlinenum" => "101",
    "context" => "org_all",
    "exten" => "101",
    "language" => "en",
    "linkedid" => "1744735864.144",
    "priority" => "2",
    "privilege" => "dialplan,all",
    "uniqueid" => "1744735864.144",
    "value" => "11531",
    "variable" => "ANSWEREDTIME_MS"
  },
  variables: %{}
}
[2025-04-15 16:51:17.708793Z] %ElixirAmi.Event{
  event: "varset",
  source: :asterisk_connection,
  action_id: nil,
  keys: %{
    "accountcode" => "",
    "calleridname" => "IVAN",
    "calleridnum" => "102",
    "channel" => "PJSIP/102-0000005f",
    "channelstate" => "6",
    "channelstatedesc" => "Up",
    "connectedlinename" => "101",
    "connectedlinenum" => "101",
    "context" => "org_all",
    "exten" => "101",
    "language" => "en",
    "linkedid" => "1744735864.144",
    "priority" => "2",
    "privilege" => "dialplan,all",
    "uniqueid" => "1744735864.144",
    "value" => "13",
    "variable" => "DIALEDTIME"
  },
  variables: %{}
}
[2025-04-15 16:51:17.708957Z] %ElixirAmi.Event{
  event: "varset",
  source: :asterisk_connection,
  action_id: nil,
  keys: %{
    "accountcode" => "",
    "calleridname" => "IVAN",
    "calleridnum" => "102",
    "channel" => "PJSIP/102-0000005f",
    "channelstate" => "6",
    "channelstatedesc" => "Up",
    "connectedlinename" => "101",
    "connectedlinenum" => "101",
    "context" => "org_all",
    "exten" => "101",
    "language" => "en",
    "linkedid" => "1744735864.144",
    "priority" => "2",
    "privilege" => "dialplan,all",
    "uniqueid" => "1744735864.144",
    "value" => "13687",
    "variable" => "DIALEDTIME_MS"
  },
  variables: %{}
}
[2025-04-15 16:51:17.709406Z] %ElixirAmi.Event{
  event: "varset",
  source: :asterisk_connection,
  action_id: nil,
  keys: %{
    "accountcode" => "",
    "calleridname" => "IVAN",
    "calleridnum" => "102",
    "channel" => "PJSIP/102-0000005f",
    "channelstate" => "6",
    "channelstatedesc" => "Up",
    "connectedlinename" => "101",
    "connectedlinenum" => "101",
    "context" => "org_all",
    "exten" => "101",
    "language" => "en",
    "linkedid" => "1744735864.144",
    "priority" => "2",
    "privilege" => "dialplan,all",
    "uniqueid" => "1744735864.144",
    "value" => "ANSWER",
    "variable" => "DIALSTATUS"
  },
  variables: %{}
}
[2025-04-15 16:51:17.709636Z] %ElixirAmi.Event{
  event: "softhanguprequest",
  source: :asterisk_connection,
  action_id: nil,
  keys: %{
    "accountcode" => "",
    "calleridname" => "IVAN",
    "calleridnum" => "102",
    "cause" => "16",
    "channel" => "PJSIP/102-0000005f",
    "channelstate" => "6",
    "channelstatedesc" => "Up",
    "connectedlinename" => "101",
    "connectedlinenum" => "101",
    "context" => "org_all",
    "exten" => "101",
    "language" => "en",
    "linkedid" => "1744735864.144",
    "priority" => "2",
    "privilege" => "call,all",
    "uniqueid" => "1744735864.144"
  },
  variables: %{}
}
[2025-04-15 16:51:17.709979Z] %ElixirAmi.Event{
  event: "varset",
  source: :asterisk_connection,
  action_id: nil,
  keys: %{
    "accountcode" => "",
    "calleridname" => "101",
    "calleridnum" => "101",
    "channel" => "PJSIP/101-00000060",
    "channelstate" => "6",
    "channelstatedesc" => "Up",
    "connectedlinename" => "IVAN",
    "connectedlinenum" => "102",
    "context" => "org_all",
    "exten" => "",
    "language" => "en",
    "linkedid" => "1744735864.144",
    "priority" => "1",
    "privilege" => "dialplan,all",
    "uniqueid" => "1744735866.145",
    "value" => "ssrc=1985451911;themssrc=547950751;lp=0;rxjitter=0.000875;rxcount=373;txjitter=0.000750;txcount=373;rlp=0;rtt=0.000106;rxmes=85.365514;txmes=85.367289",
    "variable" => "RTPAUDIOQOS"
  },
  variables: %{}
}
[2025-04-15 16:51:17.710196Z] %ElixirAmi.Event{
  event: "varset",
  source: :asterisk_connection,
  action_id: nil,
  keys: %{
    "accountcode" => "",
    "calleridname" => "101",
    "calleridnum" => "101",
    "channel" => "PJSIP/101-00000060",
    "channelstate" => "6",
    "channelstatedesc" => "Up",
    "connectedlinename" => "IVAN",
    "connectedlinenum" => "102",
    "context" => "org_all",
    "exten" => "",
    "language" => "en",
    "linkedid" => "1744735864.144",
    "priority" => "1",
    "privilege" => "dialplan,all",
    "uniqueid" => "1744735866.145",
    "value" => "minrxjitter=000.000000;maxrxjitter=000.001000;avgrxjitter=000.000782;stdevrxjitter=000.000134;mintxjitter=000.000000;maxtxjitter=000.000875;avgtxjitter=000.000219;stdevtxjitter=000.000379;",
    "variable" => "RTPAUDIOQOSJITTER"
  },
  variables: %{}
}
[2025-04-15 16:51:17.710431Z] %ElixirAmi.Event{
  event: "varset",
  source: :asterisk_connection,
  action_id: nil,
  keys: %{
    "accountcode" => "",
    "calleridname" => "101",
    "calleridnum" => "101",
    "channel" => "PJSIP/101-00000060",
    "channelstate" => "6",
    "channelstatedesc" => "Up",
    "connectedlinename" => "IVAN",
    "connectedlinenum" => "102",
    "context" => "org_all",
    "exten" => "",
    "language" => "en",
    "linkedid" => "1744735864.144",
    "priority" => "1",
    "privilege" => "dialplan,all",
    "uniqueid" => "1744735866.145",
    "value" => "minrxlost=000.000000;  maxrxlost=000.000000;  avgrxlost=000.000000;  stdevrxlost=000.000000;  mintxlost=000.000000;  maxtxlost=000.000000;  avgtxlost=000.000000;  stdevtxlost=000.000000;",
    "variable" => "RTPAUDIOQOSLOSS"
  },
  variables: %{}
}
[2025-04-15 16:51:17.710622Z] %ElixirAmi.Event{
  event: "varset",
  source: :asterisk_connection,
  action_id: nil,
  keys: %{
    "accountcode" => "",
    "calleridname" => "101",
    "calleridnum" => "101",
    "channel" => "PJSIP/101-00000060",
    "channelstate" => "6",
    "channelstatedesc" => "Up",
    "connectedlinename" => "IVAN",
    "connectedlinenum" => "102",
    "context" => "org_all",
    "exten" => "",
    "language" => "en",
    "linkedid" => "1744735864.144",
    "priority" => "1",
    "privilege" => "dialplan,all",
    "uniqueid" => "1744735866.145",
    "value" => "minrtt=000.000106;     maxrtt=000.000106;     avgrtt=000.000106;     stdevrtt=000.000000;",
    "variable" => "RTPAUDIOQOSRTT"
  },
  variables: %{}
}
[2025-04-15 16:51:17.710921Z] %ElixirAmi.Event{
  event: "varset",
  source: :asterisk_connection,
  action_id: nil,
  keys: %{
    "accountcode" => "",
    "calleridname" => "101",
    "calleridnum" => "101",
    "channel" => "PJSIP/101-00000060",
    "channelstate" => "6",
    "channelstatedesc" => "Up",
    "connectedlinename" => "IVAN",
    "connectedlinenum" => "102",
    "context" => "org_all",
    "exten" => "",
    "language" => "en",
    "linkedid" => "1744735864.144",
    "priority" => "1",
    "privilege" => "dialplan,all",
    "uniqueid" => "1744735866.145",
    "value" => "minrxmes=085.367289;   maxrxmes=085.367289;   avgrxmes=085.367289;   stdevrxmes=000.000134;   mintxmes=085.365514;   maxtxmes=085.367289;   avgtxmes=085.366845;   stdevtxmes=000.000768;",
    "variable" => "RTPAUDIOQOSMES"
  },
  variables: %{}
}
[2025-04-15 16:51:17.711338Z] %ElixirAmi.Event{
  event: "varset",
  source: :asterisk_connection,
  action_id: nil,
  keys: %{
    "accountcode" => "",
    "calleridname" => "IVAN",
    "calleridnum" => "102",
    "channel" => "PJSIP/102-0000005f",
    "channelstate" => "6",
    "channelstatedesc" => "Up",
    "connectedlinename" => "101",
    "connectedlinenum" => "101",
    "context" => "org_all",
    "exten" => "101",
    "language" => "en",
    "linkedid" => "1744735864.144",
    "priority" => "2",
    "privilege" => "dialplan,all",
    "uniqueid" => "1744735864.144",
    "value" => "ssrc=1506441046;themssrc=331168793;lp=0;rxjitter=0.000750;rxcount=577;txjitter=0.000750;txcount=576;rlp=0;rtt=0.000091;rxmes=85.365703;txmes=85.365766",
    "variable" => "RTPAUDIOQOS"
  },
  variables: %{}
}
[2025-04-15 16:51:17.711537Z] %ElixirAmi.Event{
  event: "varset",
  source: :asterisk_connection,
  action_id: nil,
  keys: %{
    "accountcode" => "",
    "calleridname" => "IVAN",
    "calleridnum" => "102",
    "channel" => "PJSIP/102-0000005f",
    "channelstate" => "6",
    "channelstatedesc" => "Up",
    "connectedlinename" => "101",
    "connectedlinenum" => "101",
    "context" => "org_all",
    "exten" => "101",
    "language" => "en",
    "linkedid" => "1744735864.144",
    "priority" => "2",
    "privilege" => "dialplan,all",
    "uniqueid" => "1744735864.144",
    "value" => "minrxjitter=000.000000;maxrxjitter=000.000875;avgrxjitter=000.000765;stdevrxjitter=000.000114;mintxjitter=000.000000;maxtxjitter=000.014625;avgtxjitter=000.002411;stdevtxjitter=000.004999;",
    "variable" => "RTPAUDIOQOSJITTER"
  },
  variables: %{}
}
[2025-04-15 16:51:17.711710Z] %ElixirAmi.Event{
  event: "varset",
  source: :asterisk_connection,
  action_id: nil,
  keys: %{
    "accountcode" => "",
    "calleridname" => "IVAN",
    "calleridnum" => "102",
    "channel" => "PJSIP/102-0000005f",
    "channelstate" => "6",
    "channelstatedesc" => "Up",
    "connectedlinename" => "101",
    "connectedlinenum" => "101",
    "context" => "org_all",
    "exten" => "101",
    "language" => "en",
    "linkedid" => "1744735864.144",
    "priority" => "2",
    "privilege" => "dialplan,all",
    "uniqueid" => "1744735864.144",
    "value" => "minrxlost=000.000000;  maxrxlost=000.000000;  avgrxlost=000.000000;  stdevrxlost=000.000000;  mintxlost=000.000000;  maxtxlost=000.000000;  avgtxlost=000.000000;  stdevtxlost=000.000000;",
    "variable" => "RTPAUDIOQOSLOSS"
  },
  variables: %{}
}
[2025-04-15 16:51:17.711981Z] %ElixirAmi.Event{
  event: "varset",
  source: :asterisk_connection,
  action_id: nil,
  keys: %{
    "accountcode" => "",
    "calleridname" => "IVAN",
    "calleridnum" => "102",
    "channel" => "PJSIP/102-0000005f",
    "channelstate" => "6",
    "channelstatedesc" => "Up",
    "connectedlinename" => "101",
    "connectedlinenum" => "101",
    "context" => "org_all",
    "exten" => "101",
    "language" => "en",
    "linkedid" => "1744735864.144",
    "priority" => "2",
    "privilege" => "dialplan,all",
    "uniqueid" => "1744735864.144",
    "value" => "minrtt=000.000091;     maxrtt=000.000106;     avgrtt=000.000095;     stdevrtt=000.000006;",
    "variable" => "RTPAUDIOQOSRTT"
  },
  variables: %{}
}
[2025-04-15 16:51:17.712147Z] %ElixirAmi.Event{
  event: "varset",
  source: :asterisk_connection,
  action_id: nil,
  keys: %{
    "accountcode" => "",
    "calleridname" => "IVAN",
    "calleridnum" => "102",
    "channel" => "PJSIP/102-0000005f",
    "channelstate" => "6",
    "channelstatedesc" => "Up",
    "connectedlinename" => "101",
    "connectedlinenum" => "101",
    "context" => "org_all",
    "exten" => "101",
    "language" => "en",
    "linkedid" => "1744735864.144",
    "priority" => "2",
    "privilege" => "dialplan,all",
    "uniqueid" => "1744735864.144",
    "value" => "minrxmes=085.365766;   maxrxmes=085.367289;   avgrxmes=085.366527;   stdevrxmes=000.000114;   mintxmes=085.365682;   maxtxmes=085.367289;   avgtxmes=085.366397;   stdevtxmes=000.000773;",
    "variable" => "RTPAUDIOQOSMES"
  },
  variables: %{}
}
[2025-04-15 16:51:17.712439Z] %ElixirAmi.Event{
  event: "hangup",
  source: :asterisk_connection,
  action_id: nil,
  keys: %{
    "accountcode" => "",
    "calleridname" => "IVAN",
    "calleridnum" => "102",
    "cause" => "16",
    "cause-txt" => "Normal Clearing",
    "channel" => "PJSIP/102-0000005f",
    "channelstate" => "6",
    "channelstatedesc" => "Up",
    "connectedlinename" => "101",
    "connectedlinenum" => "101",
    "context" => "org_all",
    "exten" => "101",
    "language" => "en",
    "linkedid" => "1744735864.144",
    "priority" => "2",
    "privilege" => "call,all",
    "uniqueid" => "1744735864.144"
  },
  variables: %{}
}
[2025-04-15 16:51:17.712655Z] %ElixirAmi.Event{
  event: "hangup",
  source: :asterisk_connection,
  action_id: nil,
  keys: %{
    "accountcode" => "",
    "calleridname" => "101",
    "calleridnum" => "101",
    "cause" => "16",
    "cause-txt" => "Normal Clearing",
    "channel" => "PJSIP/101-00000060",
    "channelstate" => "6",
    "channelstatedesc" => "Up",
    "connectedlinename" => "IVAN",
    "connectedlinenum" => "102",
    "context" => "org_all",
    "exten" => "",
    "language" => "en",
    "linkedid" => "1744735864.144",
    "priority" => "1",
    "privilege" => "call,all",
    "uniqueid" => "1744735866.145"
  },
  variables: %{}
}
