[2025-04-15 16:54:08.333553Z] %ElixirAmi.Event{
  event: "newchannel",
  source: :asterisk_connection,
  action_id: nil,
  keys: %{
    "accountcode" => "",
    "calleridname" => "102",
    "calleridnum" => "102",
    "channel" => "PJSIP/102-00000061",
    "channelstate" => "0",
    "channelstatedesc" => "Down",
    "connectedlinename" => "<unknown>",
    "connectedlinenum" => "<unknown>",
    "context" => "org_all",
    "exten" => "s",
    "language" => "en",
    "linkedid" => "1744736046.147",
    "priority" => "1",
    "privilege" => "call,all",
    "uniqueid" => "1744736046.147"
  },
  variables: %{}
}
[2025-04-15 16:54:08.333943Z] %ElixirAmi.Event{
  event: "newexten",
  source: :asterisk_connection,
  action_id: nil,
  keys: %{
    "accountcode" => "",
    "appdata" => "(Outgoing Line)",
    "application" => "AppDial2",
    "calleridname" => "102",
    "calleridnum" => "102",
    "channel" => "PJSIP/102-00000061",
    "channelstate" => "0",
    "channelstatedesc" => "Down",
    "connectedlinename" => "<unknown>",
    "connectedlinenum" => "<unknown>",
    "context" => "org_all",
    "exten" => "s",
    "extension" => "s",
    "language" => "en",
    "linkedid" => "1744736046.147",
    "priority" => "1",
    "privilege" => "dialplan,all",
    "uniqueid" => "1744736046.147"
  },
  variables: %{}
}
[2025-04-15 16:54:08.334253Z] %ElixirAmi.Event{
  event: "newcallerid",
  source: :asterisk_connection,
  action_id: nil,
  keys: %{
    "accountcode" => "",
    "calleridname" => "IVAN",
    "calleridnum" => "102",
    "channel" => "PJSIP/102-00000061",
    "channelstate" => "0",
    "channelstatedesc" => "Down",
    "cid-callingpres" => "0 (Presentation Allowed, Not Screened)",
    "connectedlinename" => "<unknown>",
    "connectedlinenum" => "<unknown>",
    "context" => "org_all",
    "exten" => "s",
    "language" => "en",
    "linkedid" => "1744736046.147",
    "priority" => "1",
    "privilege" => "call,all",
    "uniqueid" => "1744736046.147"
  },
  variables: %{}
}
[2025-04-15 16:54:08.334309Z] %ElixirAmi.Event{
  event: "newconnectedline",
  source: :asterisk_connection,
  action_id: nil,
  keys: %{
    "accountcode" => "",
    "calleridname" => "IVAN",
    "calleridnum" => "102",
    "channel" => "PJSIP/102-00000061",
    "channelstate" => "0",
    "channelstatedesc" => "Down",
    "connectedlinename" => "IVAN",
    "connectedlinenum" => "102",
    "context" => "org_all",
    "exten" => "s",
    "language" => "en",
    "linkedid" => "1744736046.147",
    "priority" => "1",
    "privilege" => "call,all",
    "uniqueid" => "1744736046.147"
  },
  variables: %{}
}
[2025-04-15 16:54:08.335684Z] %ElixirAmi.Event{
  event: "newstate",
  source: :asterisk_connection,
  action_id: nil,
  keys: %{
    "accountcode" => "",
    "calleridname" => "IVAN",
    "calleridnum" => "102",
    "channel" => "PJSIP/102-00000061",
    "channelstate" => "5",
    "channelstatedesc" => "Ringing",
    "connectedlinename" => "IVAN",
    "connectedlinenum" => "102",
    "context" => "org_all",
    "exten" => "s",
    "language" => "en",
    "linkedid" => "1744736046.147",
    "priority" => "1",
    "privilege" => "call,all",
    "uniqueid" => "1744736046.147"
  },
  variables: %{}
}
[2025-04-15 16:54:08.335734Z] %ElixirAmi.Event{
  event: "rtcpreceived",
  source: :asterisk_connection,
  action_id: nil,
  keys: %{
    "accountcode" => "",
    "calleridname" => "IVAN",
    "calleridnum" => "102",
    "channel" => "PJSIP/102-00000061",
    "channelstate" => "5",
    "channelstatedesc" => "Ringing",
    "connectedlinename" => "IVAN",
    "connectedlinenum" => "102",
    "context" => "org_all",
    "exten" => "s",
    "from" => "192.168.0.16:4119",
    "language" => "en",
    "linkedid" => "1744736046.147",
    "mes" => "85.4",
    "priority" => "1",
    "privilege" => "reporting,all",
    "pt" => "201(RR)",
    "report0cumulativelost" => "0",
    "report0dlsr" => "0.0000",
    "report0fractionlost" => "0",
    "report0highestsequence" => "0",
    "report0iajitter" => "0",
    "report0lsr" => "0",
    "report0sequencenumbercycles" => "0",
    "report0sourcessrc" => "0x00000000",
    "reportcount" => "1",
    "rtt" => "0.0000",
    "ssrc" => "0x00000000",
    "to" => "192.168.0.16:10331",
    "uniqueid" => "1744736046.147"
  },
  variables: %{}
}
[2025-04-15 16:54:08.336150Z] %ElixirAmi.Event{
  event: "rtcpreceived",
  source: :asterisk_connection,
  action_id: nil,
  keys: %{
    "accountcode" => "",
    "calleridname" => "IVAN",
    "calleridnum" => "102",
    "channel" => "PJSIP/102-00000061",
    "channelstate" => "5",
    "channelstatedesc" => "Ringing",
    "connectedlinename" => "IVAN",
    "connectedlinenum" => "102",
    "context" => "org_all",
    "exten" => "s",
    "from" => "192.168.0.16:4119",
    "language" => "en",
    "linkedid" => "1744736046.147",
    "mes" => "85.4",
    "priority" => "1",
    "privilege" => "reporting,all",
    "pt" => "201(RR)",
    "report0cumulativelost" => "0",
    "report0dlsr" => "0.0000",
    "report0fractionlost" => "0",
    "report0highestsequence" => "0",
    "report0iajitter" => "0",
    "report0lsr" => "0",
    "report0sequencenumbercycles" => "0",
    "report0sourcessrc" => "0x00000000",
    "reportcount" => "1",
    "rtt" => "0.0000",
    "ssrc" => "0x00000000",
    "to" => "192.168.0.16:10331",
    "uniqueid" => "1744736046.147"
  },
  variables: %{}
}
[2025-04-15 16:54:08.336408Z] %ElixirAmi.Event{
  event: "newstate",
  source: :asterisk_connection,
  action_id: nil,
  keys: %{
    "accountcode" => "",
    "calleridname" => "IVAN",
    "calleridnum" => "102",
    "channel" => "PJSIP/102-00000061",
    "channelstate" => "6",
    "channelstatedesc" => "Up",
    "connectedlinename" => "IVAN",
    "connectedlinenum" => "102",
    "context" => "org_all",
    "exten" => "s",
    "language" => "en",
    "linkedid" => "1744736046.147",
    "priority" => "1",
    "privilege" => "call,all",
    "uniqueid" => "1744736046.147"
  },
  variables: %{}
}
[2025-04-15 16:54:08.337146Z] %ElixirAmi.Event{
  event: "newexten",
  source: :asterisk_connection,
  action_id: nil,
  keys: %{
    "accountcode" => "",
    "appdata" => "",
    "application" => "NoOp",
    "calleridname" => "IVAN",
    "calleridnum" => "102",
    "channel" => "PJSIP/102-00000061",
    "channelstate" => "6",
    "channelstatedesc" => "Up",
    "connectedlinename" => "IVAN",
    "connectedlinenum" => "102",
    "context" => "org_all",
    "exten" => "101",
    "extension" => "101",
    "language" => "en",
    "linkedid" => "1744736046.147",
    "priority" => "1",
    "privilege" => "dialplan,all",
    "uniqueid" => "1744736046.147"
  },
  variables: %{}
}
[2025-04-15 16:54:08.337357Z] %ElixirAmi.Event{
  event: "newexten",
  source: :asterisk_connection,
  action_id: nil,
  keys: %{
    "accountcode" => "",
    "appdata" => "PJSIP/101,20,",
    "application" => "Dial",
    "calleridname" => "IVAN",
    "calleridnum" => "102",
    "channel" => "PJSIP/102-00000061",
    "channelstate" => "6",
    "channelstatedesc" => "Up",
    "connectedlinename" => "IVAN",
    "connectedlinenum" => "102",
    "context" => "org_all",
    "exten" => "101",
    "extension" => "101",
    "language" => "en",
    "linkedid" => "1744736046.147",
    "priority" => "2",
    "privilege" => "dialplan,all",
    "uniqueid" => "1744736046.147"
  },
  variables: %{}
}
[2025-04-15 16:54:08.337582Z] %ElixirAmi.Event{
  event: "varset",
  source: :asterisk_connection,
  action_id: nil,
  keys: %{
    "accountcode" => "",
    "calleridname" => "IVAN",
    "calleridnum" => "102",
    "channel" => "PJSIP/102-00000061",
    "channelstate" => "6",
    "channelstatedesc" => "Up",
    "connectedlinename" => "IVAN",
    "connectedlinenum" => "102",
    "context" => "org_all",
    "exten" => "101",
    "language" => "en",
    "linkedid" => "1744736046.147",
    "priority" => "2",
    "privilege" => "dialplan,all",
    "uniqueid" => "1744736046.147",
    "value" => "",
    "variable" => "DIALSTATUS"
  },
  variables: %{}
}
[2025-04-15 16:54:08.337898Z] %ElixirAmi.Event{
  event: "varset",
  source: :asterisk_connection,
  action_id: nil,
  keys: %{
    "accountcode" => "",
    "calleridname" => "IVAN",
    "calleridnum" => "102",
    "channel" => "PJSIP/102-00000061",
    "channelstate" => "6",
    "channelstatedesc" => "Up",
    "connectedlinename" => "IVAN",
    "connectedlinenum" => "102",
    "context" => "org_all",
    "exten" => "101",
    "language" => "en",
    "linkedid" => "1744736046.147",
    "priority" => "2",
    "privilege" => "dialplan,all",
    "uniqueid" => "1744736046.147",
    "value" => "",
    "variable" => "DIALEDPEERNUMBER"
  },
  variables: %{}
}
[2025-04-15 16:54:08.338086Z] %ElixirAmi.Event{
  event: "varset",
  source: :asterisk_connection,
  action_id: nil,
  keys: %{
    "accountcode" => "",
    "calleridname" => "IVAN",
    "calleridnum" => "102",
    "channel" => "PJSIP/102-00000061",
    "channelstate" => "6",
    "channelstatedesc" => "Up",
    "connectedlinename" => "IVAN",
    "connectedlinenum" => "102",
    "context" => "org_all",
    "exten" => "101",
    "language" => "en",
    "linkedid" => "1744736046.147",
    "priority" => "2",
    "privilege" => "dialplan,all",
    "uniqueid" => "1744736046.147",
    "value" => "",
    "variable" => "DIALEDPEERNAME"
  },
  variables: %{}
}
[2025-04-15 16:54:08.338264Z] %ElixirAmi.Event{
  event: "varset",
  source: :asterisk_connection,
  action_id: nil,
  keys: %{
    "accountcode" => "",
    "calleridname" => "IVAN",
    "calleridnum" => "102",
    "channel" => "PJSIP/102-00000061",
    "channelstate" => "6",
    "channelstatedesc" => "Up",
    "connectedlinename" => "IVAN",
    "connectedlinenum" => "102",
    "context" => "org_all",
    "exten" => "101",
    "language" => "en",
    "linkedid" => "1744736046.147",
    "priority" => "2",
    "privilege" => "dialplan,all",
    "uniqueid" => "1744736046.147",
    "value" => "",
    "variable" => "ANSWEREDTIME"
  },
  variables: %{}
}
[2025-04-15 16:54:08.338437Z] %ElixirAmi.Event{
  event: "varset",
  source: :asterisk_connection,
  action_id: nil,
  keys: %{
    "accountcode" => "",
    "calleridname" => "IVAN",
    "calleridnum" => "102",
    "channel" => "PJSIP/102-00000061",
    "channelstate" => "6",
    "channelstatedesc" => "Up",
    "connectedlinename" => "IVAN",
    "connectedlinenum" => "102",
    "context" => "org_all",
    "exten" => "101",
    "language" => "en",
    "linkedid" => "1744736046.147",
    "priority" => "2",
    "privilege" => "dialplan,all",
    "uniqueid" => "1744736046.147",
    "value" => "",
    "variable" => "ANSWEREDTIME_MS"
  },
  variables: %{}
}
[2025-04-15 16:54:08.338617Z] %ElixirAmi.Event{
  event: "varset",
  source: :asterisk_connection,
  action_id: nil,
  keys: %{
    "accountcode" => "",
    "calleridname" => "IVAN",
    "calleridnum" => "102",
    "channel" => "PJSIP/102-00000061",
    "channelstate" => "6",
    "channelstatedesc" => "Up",
    "connectedlinename" => "IVAN",
    "connectedlinenum" => "102",
    "context" => "org_all",
    "exten" => "101",
    "language" => "en",
    "linkedid" => "1744736046.147",
    "priority" => "2",
    "privilege" => "dialplan,all",
    "uniqueid" => "1744736046.147",
    "value" => "",
    "variable" => "DIALEDTIME"
  },
  variables: %{}
}
[2025-04-15 16:54:08.338773Z] %ElixirAmi.Event{
  event: "varset",
  source: :asterisk_connection,
  action_id: nil,
  keys: %{
    "accountcode" => "",
    "calleridname" => "IVAN",
    "calleridnum" => "102",
    "channel" => "PJSIP/102-00000061",
    "channelstate" => "6",
    "channelstatedesc" => "Up",
    "connectedlinename" => "IVAN",
    "connectedlinenum" => "102",
    "context" => "org_all",
    "exten" => "101",
    "language" => "en",
    "linkedid" => "1744736046.147",
    "priority" => "2",
    "privilege" => "dialplan,all",
    "uniqueid" => "1744736046.147",
    "value" => "",
    "variable" => "DIALEDTIME_MS"
  },
  variables: %{}
}
[2025-04-15 16:54:08.338998Z] %ElixirAmi.Event{
  event: "varset",
  source: :asterisk_connection,
  action_id: nil,
  keys: %{
    "accountcode" => "",
    "calleridname" => "IVAN",
    "calleridnum" => "102",
    "channel" => "PJSIP/102-00000061",
    "channelstate" => "6",
    "channelstatedesc" => "Up",
    "connectedlinename" => "IVAN",
    "connectedlinenum" => "102",
    "context" => "org_all",
    "exten" => "101",
    "language" => "en",
    "linkedid" => "1744736046.147",
    "priority" => "2",
    "privilege" => "dialplan,all",
    "uniqueid" => "1744736046.147",
    "value" => "",
    "variable" => "RINGTIME"
  },
  variables: %{}
}
[2025-04-15 16:54:08.340077Z] %ElixirAmi.Event{
  event: "varset",
  source: :asterisk_connection,
  action_id: nil,
  keys: %{
    "accountcode" => "",
    "calleridname" => "IVAN",
    "calleridnum" => "102",
    "channel" => "PJSIP/102-00000061",
    "channelstate" => "6",
    "channelstatedesc" => "Up",
    "connectedlinename" => "IVAN",
    "connectedlinenum" => "102",
    "context" => "org_all",
    "exten" => "101",
    "language" => "en",
    "linkedid" => "1744736046.147",
    "priority" => "2",
    "privilege" => "dialplan,all",
    "uniqueid" => "1744736046.147",
    "value" => "",
    "variable" => "RINGTIME_MS"
  },
  variables: %{}
}
[2025-04-15 16:54:08.340792Z] %ElixirAmi.Event{
  event: "varset",
  source: :asterisk_connection,
  action_id: nil,
  keys: %{
    "accountcode" => "",
    "calleridname" => "IVAN",
    "calleridnum" => "102",
    "channel" => "PJSIP/102-00000061",
    "channelstate" => "6",
    "channelstatedesc" => "Up",
    "connectedlinename" => "IVAN",
    "connectedlinenum" => "102",
    "context" => "org_all",
    "exten" => "101",
    "language" => "en",
    "linkedid" => "1744736046.147",
    "priority" => "2",
    "privilege" => "dialplan,all",
    "uniqueid" => "1744736046.147",
    "value" => "",
    "variable" => "PROGRESSTIME"
  },
  variables: %{}
}
[2025-04-15 16:54:08.340990Z] %ElixirAmi.Event{
  event: "varset",
  source: :asterisk_connection,
  action_id: nil,
  keys: %{
    "accountcode" => "",
    "calleridname" => "IVAN",
    "calleridnum" => "102",
    "channel" => "PJSIP/102-00000061",
    "channelstate" => "6",
    "channelstatedesc" => "Up",
    "connectedlinename" => "IVAN",
    "connectedlinenum" => "102",
    "context" => "org_all",
    "exten" => "101",
    "language" => "en",
    "linkedid" => "1744736046.147",
    "priority" => "2",
    "privilege" => "dialplan,all",
    "uniqueid" => "1744736046.147",
    "value" => "",
    "variable" => "PROGRESSTIME_MS"
  },
  variables: %{}
}
[2025-04-15 16:54:08.341319Z] %ElixirAmi.Event{
  event: "newchannel",
  source: :asterisk_connection,
  action_id: nil,
  keys: %{
    "accountcode" => "",
    "calleridname" => "101",
    "calleridnum" => "101",
    "channel" => "PJSIP/101-00000062",
    "channelstate" => "0",
    "channelstatedesc" => "Down",
    "connectedlinename" => "<unknown>",
    "connectedlinenum" => "<unknown>",
    "context" => "org_all",
    "exten" => "s",
    "language" => "en",
    "linkedid" => "1744736046.147",
    "priority" => "1",
    "privilege" => "call,all",
    "uniqueid" => "1744736048.148"
  },
  variables: %{}
}
[2025-04-15 16:54:08.341800Z] %ElixirAmi.Event{
  event: "varset",
  source: :asterisk_connection,
  action_id: nil,
  keys: %{
    "accountcode" => "",
    "calleridname" => "101",
    "calleridnum" => "101",
    "channel" => "PJSIP/101-00000062",
    "channelstate" => "0",
    "channelstatedesc" => "Down",
    "connectedlinename" => "<unknown>",
    "connectedlinenum" => "<unknown>",
    "context" => "org_all",
    "exten" => "s",
    "language" => "en",
    "linkedid" => "1744736046.147",
    "priority" => "1",
    "privilege" => "dialplan,all",
    "uniqueid" => "1744736048.148",
    "value" => "101",
    "variable" => "DIALEDPEERNUMBER"
  },
  variables: %{}
}
[2025-04-15 16:54:08.342060Z] %ElixirAmi.Event{
  event: "newexten",
  source: :asterisk_connection,
  action_id: nil,
  keys: %{
    "accountcode" => "",
    "appdata" => "(Outgoing Line)",
    "application" => "AppDial",
    "calleridname" => "101",
    "calleridnum" => "101",
    "channel" => "PJSIP/101-00000062",
    "channelstate" => "0",
    "channelstatedesc" => "Down",
    "connectedlinename" => "IVAN",
    "connectedlinenum" => "102",
    "context" => "org_all",
    "exten" => "101",
    "extension" => "101",
    "language" => "en",
    "linkedid" => "1744736046.147",
    "priority" => "1",
    "privilege" => "dialplan,all",
    "uniqueid" => "1744736048.148"
  },
  variables: %{}
}
[2025-04-15 16:54:08.342289Z] %ElixirAmi.Event{
  event: "newconnectedline",
  source: :asterisk_connection,
  action_id: nil,
  keys: %{
    "accountcode" => "",
    "calleridname" => "101",
    "calleridnum" => "101",
    "channel" => "PJSIP/101-00000062",
    "channelstate" => "0",
    "channelstatedesc" => "Down",
    "connectedlinename" => "IVAN",
    "connectedlinenum" => "102",
    "context" => "org_all",
    "exten" => "101",
    "language" => "en",
    "linkedid" => "1744736046.147",
    "priority" => "1",
    "privilege" => "call,all",
    "uniqueid" => "1744736048.148"
  },
  variables: %{}
}
[2025-04-15 16:54:08.342758Z] %ElixirAmi.Event{
  event: "dialbegin",
  source: :asterisk_connection,
  action_id: nil,
  keys: %{
    "accountcode" => "",
    "calleridname" => "IVAN",
    "calleridnum" => "102",
    "channel" => "PJSIP/102-00000061",
    "channelstate" => "6",
    "channelstatedesc" => "Up",
    "connectedlinename" => "IVAN",
    "connectedlinenum" => "102",
    "context" => "org_all",
    "destaccountcode" => "",
    "destcalleridname" => "101",
    "destcalleridnum" => "101",
    "destchannel" => "PJSIP/101-00000062",
    "destchannelstate" => "0",
    "destchannelstatedesc" => "Down",
    "destconnectedlinename" => "IVAN",
    "destconnectedlinenum" => "102",
    "destcontext" => "org_all",
    "destexten" => "101",
    "destlanguage" => "en",
    "destlinkedid" => "1744736046.147",
    "destpriority" => "1",
    "destuniqueid" => "1744736048.148",
    "dialstring" => "101",
    "exten" => "101",
    "language" => "en",
    "linkedid" => "1744736046.147",
    "priority" => "2",
    "privilege" => "call,all",
    "uniqueid" => "1744736046.147"
  },
  variables: %{}
}
[2025-04-15 16:54:08.342951Z] %ElixirAmi.Event{
  event: "newconnectedline",
  source: :asterisk_connection,
  action_id: nil,
  keys: %{
    "accountcode" => "",
    "calleridname" => "IVAN",
    "calleridnum" => "102",
    "channel" => "PJSIP/102-00000061",
    "channelstate" => "6",
    "channelstatedesc" => "Up",
    "connectedlinename" => "101",
    "connectedlinenum" => "101",
    "context" => "org_all",
    "exten" => "101",
    "language" => "en",
    "linkedid" => "1744736046.147",
    "priority" => "2",
    "privilege" => "call,all",
    "uniqueid" => "1744736046.147"
  },
  variables: %{}
}
[2025-04-15 16:54:08.343327Z] %ElixirAmi.Event{
  event: "newstate",
  source: :asterisk_connection,
  action_id: nil,
  keys: %{
    "accountcode" => "",
    "calleridname" => "101",
    "calleridnum" => "101",
    "channel" => "PJSIP/101-00000062",
    "channelstate" => "5",
    "channelstatedesc" => "Ringing",
    "connectedlinename" => "IVAN",
    "connectedlinenum" => "102",
    "context" => "org_all",
    "exten" => "101",
    "language" => "en",
    "linkedid" => "1744736046.147",
    "priority" => "1",
    "privilege" => "call,all",
    "uniqueid" => "1744736048.148"
  },
  variables: %{}
}
[2025-04-15 16:54:08.343802Z] %ElixirAmi.Event{
  event: "varset",
  source: :asterisk_connection,
  action_id: nil,
  keys: %{
    "accountcode" => "",
    "calleridname" => "IVAN",
    "calleridnum" => "102",
    "channel" => "PJSIP/102-00000061",
    "channelstate" => "6",
    "channelstatedesc" => "Up",
    "connectedlinename" => "101",
    "connectedlinenum" => "101",
    "context" => "org_all",
    "exten" => "101",
    "language" => "en",
    "linkedid" => "1744736046.147",
    "priority" => "2",
    "privilege" => "dialplan,all",
    "uniqueid" => "1744736046.147",
    "value" => "0",
    "variable" => "RINGTIME"
  },
  variables: %{}
}
[2025-04-15 16:54:08.344011Z] %ElixirAmi.Event{
  event: "varset",
  source: :asterisk_connection,
  action_id: nil,
  keys: %{
    "accountcode" => "",
    "calleridname" => "IVAN",
    "calleridnum" => "102",
    "channel" => "PJSIP/102-00000061",
    "channelstate" => "6",
    "channelstatedesc" => "Up",
    "connectedlinename" => "101",
    "connectedlinenum" => "101",
    "context" => "org_all",
    "exten" => "101",
    "language" => "en",
    "linkedid" => "1744736046.147",
    "priority" => "2",
    "privilege" => "dialplan,all",
    "uniqueid" => "1744736046.147",
    "value" => "7",
    "variable" => "RINGTIME_MS"
  },
  variables: %{}
}
[2025-04-15 16:54:08.344499Z] %ElixirAmi.Event{
  event: "dialstate",
  source: :asterisk_connection,
  action_id: nil,
  keys: %{
    "accountcode" => "",
    "calleridname" => "IVAN",
    "calleridnum" => "102",
    "channel" => "PJSIP/102-00000061",
    "channelstate" => "6",
    "channelstatedesc" => "Up",
    "connectedlinename" => "101",
    "connectedlinenum" => "101",
    "context" => "org_all",
    "destaccountcode" => "",
    "destcalleridname" => "101",
    "destcalleridnum" => "101",
    "destchannel" => "PJSIP/101-00000062",
    "destchannelstate" => "5",
    "destchannelstatedesc" => "Ringing",
    "destconnectedlinename" => "IVAN",
    "destconnectedlinenum" => "102",
    "destcontext" => "org_all",
    "destexten" => "101",
    "destlanguage" => "en",
    "destlinkedid" => "1744736046.147",
    "destpriority" => "1",
    "destuniqueid" => "1744736048.148",
    "dialstatus" => "RINGING",
    "exten" => "101",
    "language" => "en",
    "linkedid" => "1744736046.147",
    "priority" => "2",
    "privilege" => "call,all",
    "uniqueid" => "1744736046.147"
  },
  variables: %{}
}
[2025-04-15 16:54:08.541398Z] %ElixirAmi.Event{
  event: "rtcpreceived",
  source: :asterisk_connection,
  action_id: nil,
  keys: %{
    "pt" => "200(SR)",
    "report0highestsequence" => "24150",
    "mes" => "85.4",
    "privilege" => "reporting,all",
    "channelstatedesc" => "Up",
    "uniqueid" => "1744736046.147",
    "sentntp" => "1744761248.208612",
    "report0fractionlost" => "0",
    "sentpackets" => "10",
    "report0lsr" => "0",
    "linkedid" => "1744736046.147",
    "ssrc" => "0xeba97020",
    "exten" => "101",
    "channel" => "PJSIP/102-00000061",
    "report0iajitter" => "0",
    "sentrtp" => "1664",
    "context" => "org_all",
    "connectedlinename" => "101",
    "priority" => "2",
    "rtt" => "0.0000",
    "to" => "192.168.0.16:10331",
    "reportcount" => "1",
    "language" => "en",
    "sentoctets" => "1600",
    "calleridname" => "IVAN",
    "from" => "192.168.0.16:4119",
    "report0cumulativelost" => "0",
    "report0sequencenumbercycles" => "0",
    "calleridnum" => "102",
    "channelstate" => "6",
    "accountcode" => "",
    "report0dlsr" => "0.0000",
    "report0sourcessrc" => "0x18cb9071",
    "connectedlinenum" => "101"
  },
  variables: %{}
}
[2025-04-15 16:54:12.218749Z] %ElixirAmi.Event{
  event: "rtcpreceived",
  source: :asterisk_connection,
  action_id: nil,
  keys: %{
    "accountcode" => "",
    "calleridname" => "101",
    "calleridnum" => "101",
    "channel" => "PJSIP/101-00000062",
    "channelstate" => "5",
    "channelstatedesc" => "Ringing",
    "connectedlinename" => "IVAN",
    "connectedlinenum" => "102",
    "context" => "org_all",
    "exten" => "101",
    "from" => "192.168.0.16:4077",
    "language" => "en",
    "linkedid" => "1744736046.147",
    "mes" => "85.4",
    "priority" => "1",
    "privilege" => "reporting,all",
    "pt" => "201(RR)",
    "report0cumulativelost" => "0",
    "report0dlsr" => "0.0000",
    "report0fractionlost" => "0",
    "report0highestsequence" => "0",
    "report0iajitter" => "0",
    "report0lsr" => "0",
    "report0sequencenumbercycles" => "0",
    "report0sourcessrc" => "0x00000000",
    "reportcount" => "1",
    "rtt" => "0.0000",
    "ssrc" => "0x00000000",
    "to" => "192.168.0.16:12599",
    "uniqueid" => "1744736048.148"
  },
  variables: %{}
}
[2025-04-15 16:54:12.219186Z] %ElixirAmi.Event{
  event: "rtcpreceived",
  source: :asterisk_connection,
  action_id: nil,
  keys: %{
    "accountcode" => "",
    "calleridname" => "101",
    "calleridnum" => "101",
    "channel" => "PJSIP/101-00000062",
    "channelstate" => "5",
    "channelstatedesc" => "Ringing",
    "connectedlinename" => "IVAN",
    "connectedlinenum" => "102",
    "context" => "org_all",
    "exten" => "101",
    "from" => "192.168.0.16:4077",
    "language" => "en",
    "linkedid" => "1744736046.147",
    "mes" => "85.4",
    "priority" => "1",
    "privilege" => "reporting,all",
    "pt" => "201(RR)",
    "report0cumulativelost" => "0",
    "report0dlsr" => "0.0000",
    "report0fractionlost" => "0",
    "report0highestsequence" => "0",
    "report0iajitter" => "0",
    "report0lsr" => "0",
    "report0sequencenumbercycles" => "0",
    "report0sourcessrc" => "0x00000000",
    "reportcount" => "1",
    "rtt" => "0.0000",
    "ssrc" => "0x00000000",
    "to" => "192.168.0.16:12599",
    "uniqueid" => "1744736048.148"
  },
  variables: %{}
}
[2025-04-15 16:54:12.219378Z] %ElixirAmi.Event{
  event: "newstate",
  source: :asterisk_connection,
  action_id: nil,
  keys: %{
    "accountcode" => "",
    "calleridname" => "101",
    "calleridnum" => "101",
    "channel" => "PJSIP/101-00000062",
    "channelstate" => "6",
    "channelstatedesc" => "Up",
    "connectedlinename" => "IVAN",
    "connectedlinenum" => "102",
    "context" => "org_all",
    "exten" => "101",
    "language" => "en",
    "linkedid" => "1744736046.147",
    "priority" => "1",
    "privilege" => "call,all",
    "uniqueid" => "1744736048.148"
  },
  variables: %{}
}
[2025-04-15 16:54:12.219572Z] %ElixirAmi.Event{
  event: "varset",
  source: :asterisk_connection,
  action_id: nil,
  keys: %{
    "accountcode" => "",
    "calleridname" => "IVAN",
    "calleridnum" => "102",
    "channel" => "PJSIP/102-00000061",
    "channelstate" => "6",
    "channelstatedesc" => "Up",
    "connectedlinename" => "101",
    "connectedlinenum" => "101",
    "context" => "org_all",
    "exten" => "101",
    "language" => "en",
    "linkedid" => "1744736046.147",
    "priority" => "2",
    "privilege" => "dialplan,all",
    "uniqueid" => "1744736046.147",
    "value" => "ANSWER",
    "variable" => "DIALSTATUS"
  },
  variables: %{}
}
[2025-04-15 16:54:12.219749Z] %ElixirAmi.Event{
  event: "varset",
  source: :asterisk_connection,
  action_id: nil,
  keys: %{
    "accountcode" => "",
    "calleridname" => "IVAN",
    "calleridnum" => "102",
    "channel" => "PJSIP/102-00000061",
    "channelstate" => "6",
    "channelstatedesc" => "Up",
    "connectedlinename" => "101",
    "connectedlinenum" => "101",
    "context" => "org_all",
    "exten" => "101",
    "language" => "en",
    "linkedid" => "1744736046.147",
    "priority" => "2",
    "privilege" => "dialplan,all",
    "uniqueid" => "1744736046.147",
    "value" => "PJSIP/101-00000062",
    "variable" => "DIALEDPEERNAME"
  },
  variables: %{}
}
[2025-04-15 16:54:12.219931Z] %ElixirAmi.Event{
  event: "varset",
  source: :asterisk_connection,
  action_id: nil,
  keys: %{
    "accountcode" => "",
    "calleridname" => "IVAN",
    "calleridnum" => "102",
    "channel" => "PJSIP/102-00000061",
    "channelstate" => "6",
    "channelstatedesc" => "Up",
    "connectedlinename" => "101",
    "connectedlinenum" => "101",
    "context" => "org_all",
    "exten" => "101",
    "language" => "en",
    "linkedid" => "1744736046.147",
    "priority" => "2",
    "privilege" => "dialplan,all",
    "uniqueid" => "1744736046.147",
    "value" => "101",
    "variable" => "DIALEDPEERNUMBER"
  },
  variables: %{}
}
[2025-04-15 16:54:12.220492Z] %ElixirAmi.Event{
  event: "dialend",
  source: :asterisk_connection,
  action_id: nil,
  keys: %{
    "accountcode" => "",
    "calleridname" => "IVAN",
    "calleridnum" => "102",
    "channel" => "PJSIP/102-00000061",
    "channelstate" => "6",
    "channelstatedesc" => "Up",
    "connectedlinename" => "101",
    "connectedlinenum" => "101",
    "context" => "org_all",
    "destaccountcode" => "",
    "destcalleridname" => "101",
    "destcalleridnum" => "101",
    "destchannel" => "PJSIP/101-00000062",
    "destchannelstate" => "6",
    "destchannelstatedesc" => "Up",
    "destconnectedlinename" => "IVAN",
    "destconnectedlinenum" => "102",
    "destcontext" => "org_all",
    "destexten" => "",
    "destlanguage" => "en",
    "destlinkedid" => "1744736046.147",
    "destpriority" => "1",
    "destuniqueid" => "1744736048.148",
    "dialstatus" => "ANSWER",
    "exten" => "101",
    "language" => "en",
    "linkedid" => "1744736046.147",
    "priority" => "2",
    "privilege" => "call,all",
    "uniqueid" => "1744736046.147"
  },
  variables: %{}
}
[2025-04-15 16:54:12.220853Z] %ElixirAmi.Event{
  event: "newexten",
  source: :asterisk_connection,
  action_id: nil,
  keys: %{
    "accountcode" => "",
    "appdata" => "(Outgoing Line)",
    "application" => "AppDial",
    "calleridname" => "101",
    "calleridnum" => "101",
    "channel" => "PJSIP/101-00000062",
    "channelstate" => "6",
    "channelstatedesc" => "Up",
    "connectedlinename" => "IVAN",
    "connectedlinenum" => "102",
    "context" => "org_all",
    "exten" => "",
    "extension" => "",
    "language" => "en",
    "linkedid" => "1744736046.147",
    "priority" => "1",
    "privilege" => "dialplan,all",
    "uniqueid" => "1744736048.148"
  },
  variables: %{}
}
[2025-04-15 16:54:12.221192Z] %ElixirAmi.Event{
  event: "bridgeenter",
  source: :asterisk_connection,
  action_id: nil,
  keys: %{
    "accountcode" => "",
    "bridgecreator" => "<unknown>",
    "bridgename" => "<unknown>",
    "bridgenumchannels" => "1",
    "bridgetechnology" => "simple_bridge",
    "bridgetype" => "basic",
    "bridgeuniqueid" => "058f8a5b-3260-4fc2-a5dc-36e8830622f1",
    "bridgevideosourcemode" => "none",
    "calleridname" => "101",
    "calleridnum" => "101",
    "channel" => "PJSIP/101-00000062",
    "channelstate" => "6",
    "channelstatedesc" => "Up",
    "connectedlinename" => "IVAN",
    "connectedlinenum" => "102",
    "context" => "org_all",
    "exten" => "",
    "language" => "en",
    "linkedid" => "1744736046.147",
    "priority" => "1",
    "privilege" => "call,all",
    "uniqueid" => "1744736048.148"
  },
  variables: %{}
}
[2025-04-15 16:54:12.221521Z] %ElixirAmi.Event{
  event: "bridgeenter",
  source: :asterisk_connection,
  action_id: nil,
  keys: %{
    "accountcode" => "",
    "bridgecreator" => "<unknown>",
    "bridgename" => "<unknown>",
    "bridgenumchannels" => "2",
    "bridgetechnology" => "simple_bridge",
    "bridgetype" => "basic",
    "bridgeuniqueid" => "058f8a5b-3260-4fc2-a5dc-36e8830622f1",
    "bridgevideosourcemode" => "none",
    "calleridname" => "IVAN",
    "calleridnum" => "102",
    "channel" => "PJSIP/102-00000061",
    "channelstate" => "6",
    "channelstatedesc" => "Up",
    "connectedlinename" => "101",
    "connectedlinenum" => "101",
    "context" => "org_all",
    "exten" => "101",
    "language" => "en",
    "linkedid" => "1744736046.147",
    "priority" => "2",
    "privilege" => "call,all",
    "uniqueid" => "1744736046.147"
  },
  variables: %{}
}
[2025-04-15 16:54:12.221799Z] %ElixirAmi.Event{
  event: "varset",
  source: :asterisk_connection,
  action_id: nil,
  keys: %{
    "accountcode" => "",
    "calleridname" => "IVAN",
    "calleridnum" => "102",
    "channel" => "PJSIP/102-00000061",
    "channelstate" => "6",
    "channelstatedesc" => "Up",
    "connectedlinename" => "101",
    "connectedlinenum" => "101",
    "context" => "org_all",
    "exten" => "101",
    "language" => "en",
    "linkedid" => "1744736046.147",
    "priority" => "2",
    "privilege" => "dialplan,all",
    "uniqueid" => "1744736046.147",
    "value" => "PJSIP/101-00000062",
    "variable" => "BRIDGEPEER"
  },
  variables: %{}
}
[2025-04-15 16:54:12.222181Z] %ElixirAmi.Event{
  event: "varset",
  source: :asterisk_connection,
  action_id: nil,
  keys: %{
    "accountcode" => "",
    "calleridname" => "IVAN",
    "calleridnum" => "102",
    "channel" => "PJSIP/102-00000061",
    "channelstate" => "6",
    "channelstatedesc" => "Up",
    "connectedlinename" => "101",
    "connectedlinenum" => "101",
    "context" => "org_all",
    "exten" => "101",
    "language" => "en",
    "linkedid" => "1744736046.147",
    "priority" => "2",
    "privilege" => "dialplan,all",
    "uniqueid" => "1744736046.147",
    "value" => "350eea5c-c72f-41ba-b2ae-c5a6212747f2",
    "variable" => "BRIDGEPVTCALLID"
  },
  variables: %{}
}
[2025-04-15 16:54:12.222461Z] %ElixirAmi.Event{
  event: "varset",
  source: :asterisk_connection,
  action_id: nil,
  keys: %{
    "accountcode" => "",
    "calleridname" => "101",
    "calleridnum" => "101",
    "channel" => "PJSIP/101-00000062",
    "channelstate" => "6",
    "channelstatedesc" => "Up",
    "connectedlinename" => "IVAN",
    "connectedlinenum" => "102",
    "context" => "org_all",
    "exten" => "",
    "language" => "en",
    "linkedid" => "1744736046.147",
    "priority" => "1",
    "privilege" => "dialplan,all",
    "uniqueid" => "1744736048.148",
    "value" => "PJSIP/102-00000061",
    "variable" => "BRIDGEPEER"
  },
  variables: %{}
}
[2025-04-15 16:54:12.222762Z] %ElixirAmi.Event{
  event: "varset",
  source: :asterisk_connection,
  action_id: nil,
  keys: %{
    "accountcode" => "",
    "calleridname" => "101",
    "calleridnum" => "101",
    "channel" => "PJSIP/101-00000062",
    "channelstate" => "6",
    "channelstatedesc" => "Up",
    "connectedlinename" => "IVAN",
    "connectedlinenum" => "102",
    "context" => "org_all",
    "exten" => "",
    "language" => "en",
    "linkedid" => "1744736046.147",
    "priority" => "1",
    "privilege" => "dialplan,all",
    "uniqueid" => "1744736048.148",
    "value" => "4a98602a-4d79-4be9-be9a-f5e991179aec",
    "variable" => "BRIDGEPVTCALLID"
  },
  variables: %{}
}
[2025-04-15 16:54:12.222923Z] %ElixirAmi.Event{
  event: "varset",
  source: :asterisk_connection,
  action_id: nil,
  keys: %{
    "accountcode" => "",
    "calleridname" => "IVAN",
    "calleridnum" => "102",
    "channel" => "PJSIP/102-00000061",
    "channelstate" => "6",
    "channelstatedesc" => "Up",
    "connectedlinename" => "101",
    "connectedlinenum" => "101",
    "context" => "org_all",
    "exten" => "101",
    "language" => "en",
    "linkedid" => "1744736046.147",
    "priority" => "2",
    "privilege" => "dialplan,all",
    "uniqueid" => "1744736046.147",
    "value" => "PJSIP/101-00000062",
    "variable" => "BRIDGEPEER"
  },
  variables: %{}
}
[2025-04-15 16:54:12.223094Z] %ElixirAmi.Event{
  event: "varset",
  source: :asterisk_connection,
  action_id: nil,
  keys: %{
    "accountcode" => "",
    "calleridname" => "IVAN",
    "calleridnum" => "102",
    "channel" => "PJSIP/102-00000061",
    "channelstate" => "6",
    "channelstatedesc" => "Up",
    "connectedlinename" => "101",
    "connectedlinenum" => "101",
    "context" => "org_all",
    "exten" => "101",
    "language" => "en",
    "linkedid" => "1744736046.147",
    "priority" => "2",
    "privilege" => "dialplan,all",
    "uniqueid" => "1744736046.147",
    "value" => "350eea5c-c72f-41ba-b2ae-c5a6212747f2",
    "variable" => "BRIDGEPVTCALLID"
  },
  variables: %{}
}
[2025-04-15 16:54:12.223240Z] %ElixirAmi.Event{
  event: "varset",
  source: :asterisk_connection,
  action_id: nil,
  keys: %{
    "accountcode" => "",
    "calleridname" => "101",
    "calleridnum" => "101",
    "channel" => "PJSIP/101-00000062",
    "channelstate" => "6",
    "channelstatedesc" => "Up",
    "connectedlinename" => "IVAN",
    "connectedlinenum" => "102",
    "context" => "org_all",
    "exten" => "",
    "language" => "en",
    "linkedid" => "1744736046.147",
    "priority" => "1",
    "privilege" => "dialplan,all",
    "uniqueid" => "1744736048.148",
    "value" => "PJSIP/102-00000061",
    "variable" => "BRIDGEPEER"
  },
  variables: %{}
}
[2025-04-15 16:54:12.223397Z] %ElixirAmi.Event{
  event: "varset",
  source: :asterisk_connection,
  action_id: nil,
  keys: %{
    "accountcode" => "",
    "calleridname" => "101",
    "calleridnum" => "101",
    "channel" => "PJSIP/101-00000062",
    "channelstate" => "6",
    "channelstatedesc" => "Up",
    "connectedlinename" => "IVAN",
    "connectedlinenum" => "102",
    "context" => "org_all",
    "exten" => "",
    "language" => "en",
    "linkedid" => "1744736046.147",
    "priority" => "1",
    "privilege" => "dialplan,all",
    "uniqueid" => "1744736048.148",
    "value" => "4a98602a-4d79-4be9-be9a-f5e991179aec",
    "variable" => "BRIDGEPVTCALLID"
  },
  variables: %{}
}
[2025-04-15 16:54:12.223542Z] %ElixirAmi.Event{
  event: "varset",
  source: :asterisk_connection,
  action_id: nil,
  keys: %{
    "accountcode" => "",
    "calleridname" => "IVAN",
    "calleridnum" => "102",
    "channel" => "PJSIP/102-00000061",
    "channelstate" => "6",
    "channelstatedesc" => "Up",
    "connectedlinename" => "101",
    "connectedlinenum" => "101",
    "context" => "org_all",
    "exten" => "101",
    "language" => "en",
    "linkedid" => "1744736046.147",
    "priority" => "2",
    "privilege" => "dialplan,all",
    "uniqueid" => "1744736046.147",
    "value" => "PJSIP/101-00000062",
    "variable" => "BRIDGEPEER"
  },
  variables: %{}
}
[2025-04-15 16:54:12.223699Z] %ElixirAmi.Event{
  event: "varset",
  source: :asterisk_connection,
  action_id: nil,
  keys: %{
    "accountcode" => "",
    "calleridname" => "IVAN",
    "calleridnum" => "102",
    "channel" => "PJSIP/102-00000061",
    "channelstate" => "6",
    "channelstatedesc" => "Up",
    "connectedlinename" => "101",
    "connectedlinenum" => "101",
    "context" => "org_all",
    "exten" => "101",
    "language" => "en",
    "linkedid" => "1744736046.147",
    "priority" => "2",
    "privilege" => "dialplan,all",
    "uniqueid" => "1744736046.147",
    "value" => "350eea5c-c72f-41ba-b2ae-c5a6212747f2",
    "variable" => "BRIDGEPVTCALLID"
  },
  variables: %{}
}
[2025-04-15 16:54:12.223949Z] %ElixirAmi.Event{
  event: "varset",
  source: :asterisk_connection,
  action_id: nil,
  keys: %{
    "accountcode" => "",
    "calleridname" => "101",
    "calleridnum" => "101",
    "channel" => "PJSIP/101-00000062",
    "channelstate" => "6",
    "channelstatedesc" => "Up",
    "connectedlinename" => "IVAN",
    "connectedlinenum" => "102",
    "context" => "org_all",
    "exten" => "",
    "language" => "en",
    "linkedid" => "1744736046.147",
    "priority" => "1",
    "privilege" => "dialplan,all",
    "uniqueid" => "1744736048.148",
    "value" => "PJSIP/102-00000061",
    "variable" => "BRIDGEPEER"
  },
  variables: %{}
}
[2025-04-15 16:54:12.224182Z] %ElixirAmi.Event{
  event: "varset",
  source: :asterisk_connection,
  action_id: nil,
  keys: %{
    "accountcode" => "",
    "calleridname" => "101",
    "calleridnum" => "101",
    "channel" => "PJSIP/101-00000062",
    "channelstate" => "6",
    "channelstatedesc" => "Up",
    "connectedlinename" => "IVAN",
    "connectedlinenum" => "102",
    "context" => "org_all",
    "exten" => "",
    "language" => "en",
    "linkedid" => "1744736046.147",
    "priority" => "1",
    "privilege" => "dialplan,all",
    "uniqueid" => "1744736048.148",
    "value" => "4a98602a-4d79-4be9-be9a-f5e991179aec",
    "variable" => "BRIDGEPVTCALLID"
  },
  variables: %{}
}
[2025-04-15 16:54:12.224373Z] %ElixirAmi.Event{
  event: "varset",
  source: :asterisk_connection,
  action_id: nil,
  keys: %{
    "accountcode" => "",
    "calleridname" => "IVAN",
    "calleridnum" => "102",
    "channel" => "PJSIP/102-00000061",
    "channelstate" => "6",
    "channelstatedesc" => "Up",
    "connectedlinename" => "101",
    "connectedlinenum" => "101",
    "context" => "org_all",
    "exten" => "101",
    "language" => "en",
    "linkedid" => "1744736046.147",
    "priority" => "2",
    "privilege" => "dialplan,all",
    "uniqueid" => "1744736046.147",
    "value" => "/home/rawmn/AsteriskConnector/priv/recordings/102_101_2025-04-151744736046.147.wav",
    "variable" => "MIXMONITOR_FILENAME"
  },
  variables: %{}
}
[2025-04-15 16:54:12.224555Z] %ElixirAmi.Event{
  event: "mixmonitorstart",
  source: :asterisk_connection,
  action_id: nil,
  keys: %{
    "accountcode" => "",
    "calleridname" => "IVAN",
    "calleridnum" => "102",
    "channel" => "PJSIP/102-00000061",
    "channelstate" => "6",
    "channelstatedesc" => "Up",
    "connectedlinename" => "101",
    "connectedlinenum" => "101",
    "context" => "org_all",
    "exten" => "101",
    "language" => "en",
    "linkedid" => "1744736046.147",
    "priority" => "2",
    "privilege" => "call,all",
    "uniqueid" => "1744736046.147"
  },
  variables: %{}
}
[2025-04-15 16:54:12.224887Z] %ElixirAmi.Event{
  event: "varset",
  source: :asterisk_connection,
  action_id: nil,
  keys: %{
    "accountcode" => "",
    "calleridname" => "IVAN",
    "calleridnum" => "102",
    "channel" => "PJSIP/102-00000061",
    "channelstate" => "6",
    "channelstatedesc" => "Up",
    "connectedlinename" => "101",
    "connectedlinenum" => "101",
    "context" => "org_all",
    "exten" => "101",
    "language" => "en",
    "linkedid" => "1744736046.147",
    "priority" => "2",
    "privilege" => "dialplan,all",
    "uniqueid" => "1744736046.147",
    "value" => "PJSIP/101-00000062",
    "variable" => "BRIDGEPEER"
  },
  variables: %{}
}
[2025-04-15 16:54:12.225288Z] %ElixirAmi.Event{
  event: "varset",
  source: :asterisk_connection,
  action_id: nil,
  keys: %{
    "accountcode" => "",
    "calleridname" => "IVAN",
    "calleridnum" => "102",
    "channel" => "PJSIP/102-00000061",
    "channelstate" => "6",
    "channelstatedesc" => "Up",
    "connectedlinename" => "101",
    "connectedlinenum" => "101",
    "context" => "org_all",
    "exten" => "101",
    "language" => "en",
    "linkedid" => "1744736046.147",
    "priority" => "2",
    "privilege" => "dialplan,all",
    "uniqueid" => "1744736046.147",
    "value" => "350eea5c-c72f-41ba-b2ae-c5a6212747f2",
    "variable" => "BRIDGEPVTCALLID"
  },
  variables: %{}
}
[2025-04-15 16:54:12.225467Z] %ElixirAmi.Event{
  event: "varset",
  source: :asterisk_connection,
  action_id: nil,
  keys: %{
    "accountcode" => "",
    "calleridname" => "101",
    "calleridnum" => "101",
    "channel" => "PJSIP/101-00000062",
    "channelstate" => "6",
    "channelstatedesc" => "Up",
    "connectedlinename" => "IVAN",
    "connectedlinenum" => "102",
    "context" => "org_all",
    "exten" => "",
    "language" => "en",
    "linkedid" => "1744736046.147",
    "priority" => "1",
    "privilege" => "dialplan,all",
    "uniqueid" => "1744736048.148",
    "value" => "PJSIP/102-00000061",
    "variable" => "BRIDGEPEER"
  },
  variables: %{}
}
[2025-04-15 16:54:12.225662Z] %ElixirAmi.Event{
  event: "varset",
  source: :asterisk_connection,
  action_id: nil,
  keys: %{
    "accountcode" => "",
    "calleridname" => "101",
    "calleridnum" => "101",
    "channel" => "PJSIP/101-00000062",
    "channelstate" => "6",
    "channelstatedesc" => "Up",
    "connectedlinename" => "IVAN",
    "connectedlinenum" => "102",
    "context" => "org_all",
    "exten" => "",
    "language" => "en",
    "linkedid" => "1744736046.147",
    "priority" => "1",
    "privilege" => "dialplan,all",
    "uniqueid" => "1744736048.148",
    "value" => "4a98602a-4d79-4be9-be9a-f5e991179aec",
    "variable" => "BRIDGEPVTCALLID"
  },
  variables: %{}
}
[2025-04-15 16:54:12.225810Z] %ElixirAmi.Event{
  event: "varset",
  source: :asterisk_connection,
  action_id: nil,
  keys: %{
    "accountcode" => "",
    "calleridname" => "IVAN",
    "calleridnum" => "102",
    "channel" => "PJSIP/102-00000061",
    "channelstate" => "6",
    "channelstatedesc" => "Up",
    "connectedlinename" => "101",
    "connectedlinenum" => "101",
    "context" => "org_all",
    "exten" => "101",
    "language" => "en",
    "linkedid" => "1744736046.147",
    "priority" => "2",
    "privilege" => "dialplan,all",
    "uniqueid" => "1744736046.147",
    "value" => "PJSIP/101-00000062",
    "variable" => "BRIDGEPEER"
  },
  variables: %{}
}
[2025-04-15 16:54:12.226070Z] %ElixirAmi.Event{
  event: "varset",
  source: :asterisk_connection,
  action_id: nil,
  keys: %{
    "accountcode" => "",
    "calleridname" => "IVAN",
    "calleridnum" => "102",
    "channel" => "PJSIP/102-00000061",
    "channelstate" => "6",
    "channelstatedesc" => "Up",
    "connectedlinename" => "101",
    "connectedlinenum" => "101",
    "context" => "org_all",
    "exten" => "101",
    "language" => "en",
    "linkedid" => "1744736046.147",
    "priority" => "2",
    "privilege" => "dialplan,all",
    "uniqueid" => "1744736046.147",
    "value" => "350eea5c-c72f-41ba-b2ae-c5a6212747f2",
    "variable" => "BRIDGEPVTCALLID"
  },
  variables: %{}
}
[2025-04-15 16:54:12.226250Z] %ElixirAmi.Event{
  event: "varset",
  source: :asterisk_connection,
  action_id: nil,
  keys: %{
    "accountcode" => "",
    "calleridname" => "101",
    "calleridnum" => "101",
    "channel" => "PJSIP/101-00000062",
    "channelstate" => "6",
    "channelstatedesc" => "Up",
    "connectedlinename" => "IVAN",
    "connectedlinenum" => "102",
    "context" => "org_all",
    "exten" => "",
    "language" => "en",
    "linkedid" => "1744736046.147",
    "priority" => "1",
    "privilege" => "dialplan,all",
    "uniqueid" => "1744736048.148",
    "value" => "PJSIP/102-00000061",
    "variable" => "BRIDGEPEER"
  },
  variables: %{}
}
[2025-04-15 16:54:12.226496Z] %ElixirAmi.Event{
  event: "varset",
  source: :asterisk_connection,
  action_id: nil,
  keys: %{
    "accountcode" => "",
    "calleridname" => "101",
    "calleridnum" => "101",
    "channel" => "PJSIP/101-00000062",
    "channelstate" => "6",
    "channelstatedesc" => "Up",
    "connectedlinename" => "IVAN",
    "connectedlinenum" => "102",
    "context" => "org_all",
    "exten" => "",
    "language" => "en",
    "linkedid" => "1744736046.147",
    "priority" => "1",
    "privilege" => "dialplan,all",
    "uniqueid" => "1744736048.148",
    "value" => "4a98602a-4d79-4be9-be9a-f5e991179aec",
    "variable" => "BRIDGEPVTCALLID"
  },
  variables: %{}
}
[2025-04-15 16:54:12.226723Z] %ElixirAmi.Event{
  event: "varset",
  source: :asterisk_connection,
  action_id: nil,
  keys: %{
    "accountcode" => "",
    "calleridname" => "IVAN",
    "calleridnum" => "102",
    "channel" => "PJSIP/102-00000061",
    "channelstate" => "6",
    "channelstatedesc" => "Up",
    "connectedlinename" => "101",
    "connectedlinenum" => "101",
    "context" => "org_all",
    "exten" => "101",
    "language" => "en",
    "linkedid" => "1744736046.147",
    "priority" => "2",
    "privilege" => "dialplan,all",
    "uniqueid" => "1744736046.147",
    "value" => "PJSIP/101-00000062",
    "variable" => "BRIDGEPEER"
  },
  variables: %{}
}
[2025-04-15 16:54:12.226870Z] %ElixirAmi.Event{
  event: "varset",
  source: :asterisk_connection,
  action_id: nil,
  keys: %{
    "accountcode" => "",
    "calleridname" => "IVAN",
    "calleridnum" => "102",
    "channel" => "PJSIP/102-00000061",
    "channelstate" => "6",
    "channelstatedesc" => "Up",
    "connectedlinename" => "101",
    "connectedlinenum" => "101",
    "context" => "org_all",
    "exten" => "101",
    "language" => "en",
    "linkedid" => "1744736046.147",
    "priority" => "2",
    "privilege" => "dialplan,all",
    "uniqueid" => "1744736046.147",
    "value" => "350eea5c-c72f-41ba-b2ae-c5a6212747f2",
    "variable" => "BRIDGEPVTCALLID"
  },
  variables: %{}
}
[2025-04-15 16:54:12.227028Z] %ElixirAmi.Event{
  event: "varset",
  source: :asterisk_connection,
  action_id: nil,
  keys: %{
    "accountcode" => "",
    "calleridname" => "101",
    "calleridnum" => "101",
    "channel" => "PJSIP/101-00000062",
    "channelstate" => "6",
    "channelstatedesc" => "Up",
    "connectedlinename" => "IVAN",
    "connectedlinenum" => "102",
    "context" => "org_all",
    "exten" => "",
    "language" => "en",
    "linkedid" => "1744736046.147",
    "priority" => "1",
    "privilege" => "dialplan,all",
    "uniqueid" => "1744736048.148",
    "value" => "PJSIP/102-00000061",
    "variable" => "BRIDGEPEER"
  },
  variables: %{}
}
[2025-04-15 16:54:12.227204Z] %ElixirAmi.Event{
  event: "varset",
  source: :asterisk_connection,
  action_id: nil,
  keys: %{
    "accountcode" => "",
    "calleridname" => "101",
    "calleridnum" => "101",
    "channel" => "PJSIP/101-00000062",
    "channelstate" => "6",
    "channelstatedesc" => "Up",
    "connectedlinename" => "IVAN",
    "connectedlinenum" => "102",
    "context" => "org_all",
    "exten" => "",
    "language" => "en",
    "linkedid" => "1744736046.147",
    "priority" => "1",
    "privilege" => "dialplan,all",
    "uniqueid" => "1744736048.148",
    "value" => "4a98602a-4d79-4be9-be9a-f5e991179aec",
    "variable" => "BRIDGEPVTCALLID"
  },
  variables: %{}
}
[2025-04-15 16:54:12.419627Z] %ElixirAmi.Event{
  event: "rtcpreceived",
  source: :asterisk_connection,
  action_id: nil,
  keys: %{
    "pt" => "200(SR)",
    "report0highestsequence" => "20828",
    "mes" => "85.4",
    "privilege" => "reporting,all",
    "channelstatedesc" => "Up",
    "uniqueid" => "1744736048.148",
    "sentntp" => "1744761252.201689",
    "report0fractionlost" => "255",
    "sentpackets" => "10",
    "report0lsr" => "0",
    "linkedid" => "1744736046.147",
    "ssrc" => "0xeba97024",
    "exten" => "",
    "channel" => "PJSIP/101-00000062",
    "report0iajitter" => "0",
    "sentrtp" => "1608",
    "context" => "org_all",
    "connectedlinename" => "IVAN",
    "priority" => "1",
    "rtt" => "0.0000",
    "to" => "192.168.0.16:12599",
    "reportcount" => "1",
    "language" => "en",
    "sentoctets" => "1600",
    "calleridname" => "101",
    "from" => "192.168.0.16:4077",
    "report0cumulativelost" => "0",
    "report0sequencenumbercycles" => "0",
    "calleridnum" => "101",
    "channelstate" => "6",
    "accountcode" => "",
    "report0dlsr" => "0.0000",
    "report0sourcessrc" => "0x6790477c",
    "connectedlinenum" => "102"
  },
  variables: %{}
}
[2025-04-15 16:54:13.344239Z] %ElixirAmi.Event{
  event: "rtcpsent",
  source: :asterisk_connection,
  action_id: nil,
  keys: %{
    "pt" => "200(SR)",
    "report0highestsequence" => "6664",
    "mes" => "85.4",
    "privilege" => "reporting,all",
    "channelstatedesc" => "Up",
    "uniqueid" => "1744736046.147",
    "sentntp" => "1744736053.343826",
    "report0fractionlost" => "0",
    "sentpackets" => "249",
    "report0lsr" => "1881159015",
    "linkedid" => "1744736046.147",
    "ssrc" => "0x18cb9071",
    "exten" => "101",
    "channel" => "PJSIP/102-00000061",
    "report0iajitter" => "7",
    "sentrtp" => "8960",
    "context" => "org_all",
    "connectedlinename" => "101",
    "priority" => "2",
    "to" => "192.168.0.16:4119",
    "reportcount" => "1",
    "language" => "en",
    "sentoctets" => "39840",
    "calleridname" => "IVAN",
    "from" => "192.168.0.16:10331",
    "report0cumulativelost" => "0",
    "report0sequencenumbercycles" => "0",
    "calleridnum" => "102",
    "channelstate" => "6",
    "accountcode" => "",
    "report0dlsr" => "4.8020",
    "report0sourcessrc" => "0x6790477c",
    "connectedlinenum" => "101"
  },
  variables: %{}
}
[2025-04-15 16:54:13.441008Z] %ElixirAmi.Event{
  event: "rtcpreceived",
  source: :asterisk_connection,
  action_id: nil,
  keys: %{
    "pt" => "200(SR)",
    "report0highestsequence" => "24394",
    "mes" => "85.4",
    "privilege" => "reporting,all",
    "channelstatedesc" => "Up",
    "uniqueid" => "1744736046.147",
    "sentntp" => "1744761253.108172",
    "report0fractionlost" => "0",
    "sentpackets" => "255",
    "report0lsr" => "229988356",
    "linkedid" => "1744736046.147",
    "ssrc" => "0xeba97025",
    "exten" => "101",
    "channel" => "PJSIP/102-00000061",
    "report0iajitter" => "47",
    "sentrtp" => "40864",
    "context" => "org_all",
    "connectedlinename" => "101",
    "priority" => "2",
    "rtt" => "0.0001",
    "to" => "192.168.0.16:10331",
    "reportcount" => "1",
    "language" => "en",
    "sentoctets" => "40800",
    "calleridname" => "IVAN",
    "from" => "192.168.0.16:4119",
    "report0cumulativelost" => "0",
    "report0sequencenumbercycles" => "0",
    "calleridnum" => "102",
    "channelstate" => "6",
    "accountcode" => "",
    "report0dlsr" => "0.0966",
    "report0sourcessrc" => "0x18cb9071",
    "connectedlinenum" => "101"
  },
  variables: %{}
}
[2025-04-15 16:54:17.215435Z] %ElixirAmi.Event{
  event: "rtcpreceived",
  source: :asterisk_connection,
  action_id: nil,
  keys: %{
    "pt" => "200(SR)",
    "report0highestsequence" => "21067",
    "mes" => "85.4",
    "privilege" => "reporting,all",
    "channelstatedesc" => "Up",
    "uniqueid" => "1744736048.148",
    "sentntp" => "1744761256.997511",
    "report0fractionlost" => "0",
    "sentpackets" => "249",
    "report0lsr" => "0",
    "linkedid" => "1744736046.147",
    "ssrc" => "0xeba97028",
    "exten" => "",
    "channel" => "PJSIP/101-00000062",
    "report0iajitter" => "7",
    "sentrtp" => "39976",
    "context" => "org_all",
    "connectedlinename" => "IVAN",
    "priority" => "1",
    "rtt" => "0.0000",
    "to" => "192.168.0.16:12599",
    "reportcount" => "1",
    "language" => "en",
    "sentoctets" => "39840",
    "calleridname" => "101",
    "from" => "192.168.0.16:4077",
    "report0cumulativelost" => "0",
    "report0sequencenumbercycles" => "0",
    "calleridnum" => "101",
    "channelstate" => "6",
    "accountcode" => "",
    "report0dlsr" => "0.0000",
    "report0sourcessrc" => "0x6790477c",
    "connectedlinenum" => "102"
  },
  variables: %{}
}
[2025-04-15 16:54:17.234397Z] %ElixirAmi.Event{
  event: "rtcpsent",
  source: :asterisk_connection,
  action_id: nil,
  keys: %{
    "pt" => "200(SR)",
    "report0highestsequence" => "16385",
    "mes" => "85.4",
    "privilege" => "reporting,all",
    "channelstatedesc" => "Up",
    "uniqueid" => "1744736048.148",
    "sentntp" => "1744736057.233909",
    "report0fractionlost" => "0",
    "sentpackets" => "251",
    "report0lsr" => "1881735004",
    "linkedid" => "1744736046.147",
    "ssrc" => "0x6ca1454f",
    "exten" => "",
    "channel" => "PJSIP/101-00000062",
    "report0iajitter" => "6",
    "sentrtp" => "71200",
    "context" => "org_all",
    "connectedlinename" => "IVAN",
    "priority" => "1",
    "to" => "192.168.0.16:4077",
    "reportcount" => "1",
    "language" => "en",
    "sentoctets" => "40160",
    "calleridname" => "101",
    "from" => "192.168.0.16:12599",
    "report0cumulativelost" => "0",
    "report0sequencenumbercycles" => "0",
    "calleridnum" => "101",
    "channelstate" => "6",
    "accountcode" => "",
    "report0dlsr" => "0.0180",
    "report0sourcessrc" => "0x69a55697",
    "connectedlinenum" => "102"
  },
  variables: %{}
}
[2025-04-15 16:54:18.344448Z] %ElixirAmi.Event{
  event: "rtcpsent",
  source: :asterisk_connection,
  action_id: nil,
  keys: %{
    "pt" => "200(SR)",
    "report0highestsequence" => "6914",
    "mes" => "85.4",
    "privilege" => "reporting,all",
    "channelstatedesc" => "Up",
    "uniqueid" => "1744736046.147",
    "sentntp" => "1744736058.343983",
    "report0fractionlost" => "0",
    "sentpackets" => "499",
    "report0lsr" => "1881480113",
    "linkedid" => "1744736046.147",
    "ssrc" => "0x18cb9071",
    "exten" => "101",
    "channel" => "PJSIP/102-00000061",
    "report0iajitter" => "7",
    "sentrtp" => "48960",
    "context" => "org_all",
    "connectedlinename" => "101",
    "priority" => "2",
    "to" => "192.168.0.16:4119",
    "reportcount" => "1",
    "language" => "en",
    "sentoctets" => "79840",
    "calleridname" => "IVAN",
    "from" => "192.168.0.16:10331",
    "report0cumulativelost" => "0",
    "report0sequencenumbercycles" => "0",
    "calleridnum" => "102",
    "channelstate" => "6",
    "accountcode" => "",
    "report0dlsr" => "4.9030",
    "report0sourcessrc" => "0x6790477c",
    "connectedlinenum" => "101"
  },
  variables: %{}
}
[2025-04-15 16:54:18.542378Z] %ElixirAmi.Event{
  event: "rtcpreceived",
  source: :asterisk_connection,
  action_id: nil,
  keys: %{
    "pt" => "200(SR)",
    "report0highestsequence" => "24649",
    "mes" => "85.4",
    "privilege" => "reporting,all",
    "channelstatedesc" => "Up",
    "uniqueid" => "1744736046.147",
    "sentntp" => "1744761258.209503",
    "report0fractionlost" => "0",
    "sentpackets" => "510",
    "report0lsr" => "230316047",
    "linkedid" => "1744736046.147",
    "ssrc" => "0xeba9702a",
    "exten" => "101",
    "channel" => "PJSIP/102-00000061",
    "report0iajitter" => "6",
    "sentrtp" => "81672",
    "context" => "org_all",
    "connectedlinename" => "101",
    "priority" => "2",
    "rtt" => "0.0001",
    "to" => "192.168.0.16:10331",
    "reportcount" => "1",
    "language" => "en",
    "sentoctets" => "81600",
    "calleridname" => "IVAN",
    "from" => "192.168.0.16:4119",
    "report0cumulativelost" => "0",
    "report0sequencenumbercycles" => "0",
    "calleridnum" => "102",
    "channelstate" => "6",
    "accountcode" => "",
    "report0dlsr" => "0.1978",
    "report0sourcessrc" => "0x18cb9071",
    "connectedlinenum" => "101"
  },
  variables: %{}
}
[2025-04-15 16:54:19.609106Z] %ElixirAmi.Event{
  event: "rtcpreceived",
  source: :asterisk_connection,
  action_id: nil,
  keys: %{
    "pt" => "200(SR)",
    "report0highestsequence" => "24702",
    "mes" => "85.4",
    "privilege" => "reporting,all",
    "channelstatedesc" => "Up",
    "uniqueid" => "1744736046.147",
    "sentntp" => "1744761259.276131",
    "report0fractionlost" => "0",
    "sentpackets" => "564",
    "report0lsr" => "230316047",
    "linkedid" => "1744736046.147",
    "ssrc" => "0xeba9702b",
    "exten" => "101",
    "channel" => "PJSIP/102-00000061",
    "report0iajitter" => "6",
    "sentrtp" => "90208",
    "context" => "org_all",
    "connectedlinename" => "101",
    "priority" => "2",
    "rtt" => "0.0001",
    "to" => "192.168.0.16:10331",
    "reportcount" => "1",
    "language" => "en",
    "sentoctets" => "90240",
    "calleridname" => "IVAN",
    "from" => "192.168.0.16:4119",
    "report0cumulativelost" => "0",
    "report0sequencenumbercycles" => "0",
    "calleridnum" => "102",
    "channelstate" => "6",
    "accountcode" => "",
    "report0dlsr" => "1.2645",
    "report0sourcessrc" => "0x18cb9071",
    "connectedlinenum" => "101"
  },
  variables: %{}
}
[2025-04-15 16:54:19.609548Z] %ElixirAmi.Event{
  event: "rtcpreceived",
  source: :asterisk_connection,
  action_id: nil,
  keys: %{
    "accountcode" => "",
    "calleridname" => "IVAN",
    "calleridnum" => "102",
    "channel" => "PJSIP/102-00000061",
    "channelstate" => "6",
    "channelstatedesc" => "Up",
    "connectedlinename" => "101",
    "connectedlinenum" => "101",
    "context" => "org_all",
    "exten" => "101",
    "from" => "192.168.0.16:4119",
    "language" => "en",
    "linkedid" => "1744736046.147",
    "mes" => "85.4",
    "priority" => "2",
    "privilege" => "reporting,all",
    "pt" => "201(RR)",
    "report0cumulativelost" => "0",
    "report0dlsr" => "1.2645",
    "report0fractionlost" => "0",
    "report0highestsequence" => "24702",
    "report0iajitter" => "6",
    "report0lsr" => "230316047",
    "report0sequencenumbercycles" => "0",
    "report0sourcessrc" => "0x18cb9071",
    "reportcount" => "1",
    "rtt" => "0.0001",
    "ssrc" => "0x18cb9071",
    "to" => "192.168.0.16:10331",
    "uniqueid" => "1744736046.147"
  },
  variables: %{}
}
[2025-04-15 16:54:19.609753Z] %ElixirAmi.Event{
  event: "varset",
  source: :asterisk_connection,
  action_id: nil,
  keys: %{
    "accountcode" => "",
    "calleridname" => "IVAN",
    "calleridnum" => "102",
    "channel" => "PJSIP/102-00000061",
    "channelstate" => "6",
    "channelstatedesc" => "Up",
    "connectedlinename" => "101",
    "connectedlinenum" => "101",
    "context" => "org_all",
    "exten" => "101",
    "language" => "en",
    "linkedid" => "1744736046.147",
    "priority" => "2",
    "privilege" => "dialplan,all",
    "uniqueid" => "1744736046.147",
    "value" => "ssrc=415993969;themssrc=1737508732;lp=0;rxjitter=0.000750;rxcount=564;txjitter=0.000875;txcount=562;rlp=0;rtt=0.000106;rxmes=85.365514;txmes=85.365514",
    "variable" => "RTPAUDIOQOS"
  },
  variables: %{}
}
[2025-04-15 16:54:19.610065Z] %ElixirAmi.Event{
  event: "varset",
  source: :asterisk_connection,
  action_id: nil,
  keys: %{
    "accountcode" => "",
    "calleridname" => "101",
    "calleridnum" => "101",
    "channel" => "PJSIP/101-00000062",
    "channelstate" => "6",
    "channelstatedesc" => "Up",
    "connectedlinename" => "IVAN",
    "connectedlinenum" => "102",
    "context" => "org_all",
    "exten" => "",
    "language" => "en",
    "linkedid" => "1744736046.147",
    "priority" => "1",
    "privilege" => "dialplan,all",
    "uniqueid" => "1744736048.148",
    "value" => "ssrc=415993969;themssrc=1737508732;lp=0;rxjitter=0.000750;rxcount=564;txjitter=0.000875;txcount=562;rlp=0;rtt=0.000106;rxmes=85.365514;txmes=85.365514",
    "variable" => "RTPAUDIOQOSBRIDGED"
  },
  variables: %{}
}
[2025-04-15 16:54:19.610335Z] %ElixirAmi.Event{
  event: "varset",
  source: :asterisk_connection,
  action_id: nil,
  keys: %{
    "accountcode" => "",
    "calleridname" => "IVAN",
    "calleridnum" => "102",
    "channel" => "PJSIP/102-00000061",
    "channelstate" => "6",
    "channelstatedesc" => "Up",
    "connectedlinename" => "101",
    "connectedlinenum" => "101",
    "context" => "org_all",
    "exten" => "101",
    "language" => "en",
    "linkedid" => "1744736046.147",
    "priority" => "2",
    "privilege" => "dialplan,all",
    "uniqueid" => "1744736046.147",
    "value" => "minrxjitter=000.000000;maxrxjitter=000.000875;avgrxjitter=000.000791;stdevrxjitter=000.000119;mintxjitter=000.000000;maxtxjitter=000.005875;avgtxjitter=000.001161;stdevtxjitter=000.001956;",
    "variable" => "RTPAUDIOQOSJITTER"
  },
  variables: %{}
}
[2025-04-15 16:54:19.610638Z] %ElixirAmi.Event{
  event: "varset",
  source: :asterisk_connection,
  action_id: nil,
  keys: %{
    "accountcode" => "",
    "calleridname" => "101",
    "calleridnum" => "101",
    "channel" => "PJSIP/101-00000062",
    "channelstate" => "6",
    "channelstatedesc" => "Up",
    "connectedlinename" => "IVAN",
    "connectedlinenum" => "102",
    "context" => "org_all",
    "exten" => "",
    "language" => "en",
    "linkedid" => "1744736046.147",
    "priority" => "1",
    "privilege" => "dialplan,all",
    "uniqueid" => "1744736048.148",
    "value" => "minrxjitter=000.000000;maxrxjitter=000.000875;avgrxjitter=000.000791;stdevrxjitter=000.000119;mintxjitter=000.000000;maxtxjitter=000.005875;avgtxjitter=000.001161;stdevtxjitter=000.001956;",
    "variable" => "RTPAUDIOQOSJITTERBRIDGED"
  },
  variables: %{}
}
[2025-04-15 16:54:19.610896Z] %ElixirAmi.Event{
  event: "varset",
  source: :asterisk_connection,
  action_id: nil,
  keys: %{
    "accountcode" => "",
    "calleridname" => "IVAN",
    "calleridnum" => "102",
    "channel" => "PJSIP/102-00000061",
    "channelstate" => "6",
    "channelstatedesc" => "Up",
    "connectedlinename" => "101",
    "connectedlinenum" => "101",
    "context" => "org_all",
    "exten" => "101",
    "language" => "en",
    "linkedid" => "1744736046.147",
    "priority" => "2",
    "privilege" => "dialplan,all",
    "uniqueid" => "1744736046.147",
    "value" => "minrxlost=000.000000;  maxrxlost=000.000000;  avgrxlost=000.000000;  stdevrxlost=000.000000;  mintxlost=000.000000;  maxtxlost=000.000000;  avgtxlost=000.000000;  stdevtxlost=000.000000;",
    "variable" => "RTPAUDIOQOSLOSS"
  },
  variables: %{}
}
[2025-04-15 16:54:19.611120Z] %ElixirAmi.Event{
  event: "varset",
  source: :asterisk_connection,
  action_id: nil,
  keys: %{
    "accountcode" => "",
    "calleridname" => "101",
    "calleridnum" => "101",
    "channel" => "PJSIP/101-00000062",
    "channelstate" => "6",
    "channelstatedesc" => "Up",
    "connectedlinename" => "IVAN",
    "connectedlinenum" => "102",
    "context" => "org_all",
    "exten" => "",
    "language" => "en",
    "linkedid" => "1744736046.147",
    "priority" => "1",
    "privilege" => "dialplan,all",
    "uniqueid" => "1744736048.148",
    "value" => "minrxlost=000.000000;  maxrxlost=000.000000;  avgrxlost=000.000000;  stdevrxlost=000.000000;  mintxlost=000.000000;  maxtxlost=000.000000;  avgtxlost=000.000000;  stdevtxlost=000.000000;",
    "variable" => "RTPAUDIOQOSLOSSBRIDGED"
  },
  variables: %{}
}
[2025-04-15 16:54:19.611439Z] %ElixirAmi.Event{
  event: "varset",
  source: :asterisk_connection,
  action_id: nil,
  keys: %{
    "accountcode" => "",
    "calleridname" => "IVAN",
    "calleridnum" => "102",
    "channel" => "PJSIP/102-00000061",
    "channelstate" => "6",
    "channelstatedesc" => "Up",
    "connectedlinename" => "101",
    "connectedlinenum" => "101",
    "context" => "org_all",
    "exten" => "101",
    "language" => "en",
    "linkedid" => "1744736046.147",
    "priority" => "2",
    "privilege" => "dialplan,all",
    "uniqueid" => "1744736046.147",
    "value" => "minrtt=000.000106;     maxrtt=000.000106;     avgrtt=000.000106;     stdevrtt=000.000000;",
    "variable" => "RTPAUDIOQOSRTT"
  },
  variables: %{}
}
[2025-04-15 16:54:19.611612Z] %ElixirAmi.Event{
  event: "varset",
  source: :asterisk_connection,
  action_id: nil,
  keys: %{
    "accountcode" => "",
    "calleridname" => "101",
    "calleridnum" => "101",
    "channel" => "PJSIP/101-00000062",
    "channelstate" => "6",
    "channelstatedesc" => "Up",
    "connectedlinename" => "IVAN",
    "connectedlinenum" => "102",
    "context" => "org_all",
    "exten" => "",
    "language" => "en",
    "linkedid" => "1744736046.147",
    "priority" => "1",
    "privilege" => "dialplan,all",
    "uniqueid" => "1744736048.148",
    "value" => "minrtt=000.000106;     maxrtt=000.000106;     avgrtt=000.000106;     stdevrtt=000.000000;",
    "variable" => "RTPAUDIOQOSRTTBRIDGED"
  },
  variables: %{}
}
[2025-04-15 16:54:19.611840Z] %ElixirAmi.Event{
  event: "varset",
  source: :asterisk_connection,
  action_id: nil,
  keys: %{
    "accountcode" => "",
    "calleridname" => "IVAN",
    "calleridnum" => "102",
    "channel" => "PJSIP/102-00000061",
    "channelstate" => "6",
    "channelstatedesc" => "Up",
    "connectedlinename" => "101",
    "connectedlinenum" => "101",
    "context" => "org_all",
    "exten" => "101",
    "language" => "en",
    "linkedid" => "1744736046.147",
    "priority" => "2",
    "privilege" => "dialplan,all",
    "uniqueid" => "1744736046.147",
    "value" => "minrxmes=085.365514;   maxrxmes=085.367289;   avgrxmes=085.366402;   stdevrxmes=000.000119;   mintxmes=085.365514;   maxtxmes=085.367289;   avgtxmes=085.366275;   stdevtxmes=000.000878;",
    "variable" => "RTPAUDIOQOSMES"
  },
  variables: %{}
}
[2025-04-15 16:54:19.612114Z] %ElixirAmi.Event{
  event: "varset",
  source: :asterisk_connection,
  action_id: nil,
  keys: %{
    "accountcode" => "",
    "calleridname" => "101",
    "calleridnum" => "101",
    "channel" => "PJSIP/101-00000062",
    "channelstate" => "6",
    "channelstatedesc" => "Up",
    "connectedlinename" => "IVAN",
    "connectedlinenum" => "102",
    "context" => "org_all",
    "exten" => "",
    "language" => "en",
    "linkedid" => "1744736046.147",
    "priority" => "1",
    "privilege" => "dialplan,all",
    "uniqueid" => "1744736048.148",
    "value" => "minrxmes=085.365514;   maxrxmes=085.367289;   avgrxmes=085.366402;   stdevrxmes=000.000119;   mintxmes=085.365514;   maxtxmes=085.367289;   avgtxmes=085.366275;   stdevtxmes=000.000878;",
    "variable" => "RTPAUDIOQOSMESBRIDGED"
  },
  variables: %{}
}
[2025-04-15 16:54:19.612331Z] %ElixirAmi.Event{
  event: "hanguprequest",
  source: :asterisk_connection,
  action_id: nil,
  keys: %{
    "accountcode" => "",
    "calleridname" => "IVAN",
    "calleridnum" => "102",
    "channel" => "PJSIP/102-00000061",
    "channelstate" => "6",
    "channelstatedesc" => "Up",
    "connectedlinename" => "101",
    "connectedlinenum" => "101",
    "context" => "org_all",
    "exten" => "101",
    "language" => "en",
    "linkedid" => "1744736046.147",
    "priority" => "2",
    "privilege" => "call,all",
    "uniqueid" => "1744736046.147"
  },
  variables: %{}
}
[2025-04-15 16:54:19.612491Z] %ElixirAmi.Event{
  event: "varset",
  source: :asterisk_connection,
  action_id: nil,
  keys: %{
    "accountcode" => "",
    "calleridname" => "IVAN",
    "calleridnum" => "102",
    "channel" => "PJSIP/102-00000061",
    "channelstate" => "6",
    "channelstatedesc" => "Up",
    "connectedlinename" => "101",
    "connectedlinenum" => "101",
    "context" => "org_all",
    "exten" => "101",
    "language" => "en",
    "linkedid" => "1744736046.147",
    "priority" => "2",
    "privilege" => "dialplan,all",
    "uniqueid" => "1744736046.147",
    "value" => "",
    "variable" => "BRIDGEPEER"
  },
  variables: %{}
}
[2025-04-15 16:54:19.612675Z] %ElixirAmi.Event{
  event: "varset",
  source: :asterisk_connection,
  action_id: nil,
  keys: %{
    "accountcode" => "",
    "calleridname" => "IVAN",
    "calleridnum" => "102",
    "channel" => "PJSIP/102-00000061",
    "channelstate" => "6",
    "channelstatedesc" => "Up",
    "connectedlinename" => "101",
    "connectedlinenum" => "101",
    "context" => "org_all",
    "exten" => "101",
    "language" => "en",
    "linkedid" => "1744736046.147",
    "priority" => "2",
    "privilege" => "dialplan,all",
    "uniqueid" => "1744736046.147",
    "value" => "",
    "variable" => "BRIDGEPVTCALLID"
  },
  variables: %{}
}
[2025-04-15 16:54:19.612820Z] %ElixirAmi.Event{
  event: "varset",
  source: :asterisk_connection,
  action_id: nil,
  keys: %{
    "accountcode" => "",
    "calleridname" => "101",
    "calleridnum" => "101",
    "channel" => "PJSIP/101-00000062",
    "channelstate" => "6",
    "channelstatedesc" => "Up",
    "connectedlinename" => "IVAN",
    "connectedlinenum" => "102",
    "context" => "org_all",
    "exten" => "",
    "language" => "en",
    "linkedid" => "1744736046.147",
    "priority" => "1",
    "privilege" => "dialplan,all",
    "uniqueid" => "1744736048.148",
    "value" => "",
    "variable" => "BRIDGEPEER"
  },
  variables: %{}
}
[2025-04-15 16:54:19.613013Z] %ElixirAmi.Event{
  event: "varset",
  source: :asterisk_connection,
  action_id: nil,
  keys: %{
    "accountcode" => "",
    "calleridname" => "101",
    "calleridnum" => "101",
    "channel" => "PJSIP/101-00000062",
    "channelstate" => "6",
    "channelstatedesc" => "Up",
    "connectedlinename" => "IVAN",
    "connectedlinenum" => "102",
    "context" => "org_all",
    "exten" => "",
    "language" => "en",
    "linkedid" => "1744736046.147",
    "priority" => "1",
    "privilege" => "dialplan,all",
    "uniqueid" => "1744736048.148",
    "value" => "",
    "variable" => "BRIDGEPVTCALLID"
  },
  variables: %{}
}
[2025-04-15 16:54:19.613262Z] %ElixirAmi.Event{
  event: "bridgeleave",
  source: :asterisk_connection,
  action_id: nil,
  keys: %{
    "accountcode" => "",
    "bridgecreator" => "<unknown>",
    "bridgename" => "<unknown>",
    "bridgenumchannels" => "1",
    "bridgetechnology" => "simple_bridge",
    "bridgetype" => "basic",
    "bridgeuniqueid" => "058f8a5b-3260-4fc2-a5dc-36e8830622f1",
    "bridgevideosourcemode" => "none",
    "calleridname" => "IVAN",
    "calleridnum" => "102",
    "channel" => "PJSIP/102-00000061",
    "channelstate" => "6",
    "channelstatedesc" => "Up",
    "connectedlinename" => "101",
    "connectedlinenum" => "101",
    "context" => "org_all",
    "exten" => "101",
    "language" => "en",
    "linkedid" => "1744736046.147",
    "priority" => "2",
    "privilege" => "call,all",
    "uniqueid" => "1744736046.147"
  },
  variables: %{}
}
[2025-04-15 16:54:19.613392Z] %ElixirAmi.Event{
  event: "varset",
  source: :asterisk_connection,
  action_id: nil,
  keys: %{
    "accountcode" => "",
    "calleridname" => "IVAN",
    "calleridnum" => "102",
    "channel" => "PJSIP/102-00000061",
    "channelstate" => "6",
    "channelstatedesc" => "Up",
    "connectedlinename" => "101",
    "connectedlinenum" => "101",
    "context" => "org_all",
    "exten" => "101",
    "language" => "en",
    "linkedid" => "1744736046.147",
    "priority" => "2",
    "privilege" => "dialplan,all",
    "uniqueid" => "1744736046.147",
    "value" => "11",
    "variable" => "ANSWEREDTIME"
  },
  variables: %{}
}
[2025-04-15 16:54:19.613546Z] %ElixirAmi.Event{
  event: "varset",
  source: :asterisk_connection,
  action_id: nil,
  keys: %{
    "accountcode" => "",
    "calleridname" => "IVAN",
    "calleridnum" => "102",
    "channel" => "PJSIP/102-00000061",
    "channelstate" => "6",
    "channelstatedesc" => "Up",
    "connectedlinename" => "101",
    "connectedlinenum" => "101",
    "context" => "org_all",
    "exten" => "101",
    "language" => "en",
    "linkedid" => "1744736046.147",
    "priority" => "2",
    "privilege" => "dialplan,all",
    "uniqueid" => "1744736046.147",
    "value" => "11276",
    "variable" => "ANSWEREDTIME_MS"
  },
  variables: %{}
}
[2025-04-15 16:54:19.613673Z] %ElixirAmi.Event{
  event: "varset",
  source: :asterisk_connection,
  action_id: nil,
  keys: %{
    "accountcode" => "",
    "calleridname" => "IVAN",
    "calleridnum" => "102",
    "channel" => "PJSIP/102-00000061",
    "channelstate" => "6",
    "channelstatedesc" => "Up",
    "connectedlinename" => "101",
    "connectedlinenum" => "101",
    "context" => "org_all",
    "exten" => "101",
    "language" => "en",
    "linkedid" => "1744736046.147",
    "priority" => "2",
    "privilege" => "dialplan,all",
    "uniqueid" => "1744736046.147",
    "value" => "12",
    "variable" => "DIALEDTIME"
  },
  variables: %{}
}
[2025-04-15 16:54:19.613804Z] %ElixirAmi.Event{
  event: "varset",
  source: :asterisk_connection,
  action_id: nil,
  keys: %{
    "accountcode" => "",
    "calleridname" => "IVAN",
    "calleridnum" => "102",
    "channel" => "PJSIP/102-00000061",
    "channelstate" => "6",
    "channelstatedesc" => "Up",
    "connectedlinename" => "101",
    "connectedlinenum" => "101",
    "context" => "org_all",
    "exten" => "101",
    "language" => "en",
    "linkedid" => "1744736046.147",
    "priority" => "2",
    "privilege" => "dialplan,all",
    "uniqueid" => "1744736046.147",
    "value" => "12795",
    "variable" => "DIALEDTIME_MS"
  },
  variables: %{}
}
[2025-04-15 16:54:19.614063Z] %ElixirAmi.Event{
  event: "bridgeleave",
  source: :asterisk_connection,
  action_id: nil,
  keys: %{
    "accountcode" => "",
    "bridgecreator" => "<unknown>",
    "bridgename" => "<unknown>",
    "bridgenumchannels" => "0",
    "bridgetechnology" => "simple_bridge",
    "bridgetype" => "basic",
    "bridgeuniqueid" => "058f8a5b-3260-4fc2-a5dc-36e8830622f1",
    "bridgevideosourcemode" => "none",
    "calleridname" => "101",
    "calleridnum" => "101",
    "channel" => "PJSIP/101-00000062",
    "channelstate" => "6",
    "channelstatedesc" => "Up",
    "connectedlinename" => "IVAN",
    "connectedlinenum" => "102",
    "context" => "org_all",
    "exten" => "",
    "language" => "en",
    "linkedid" => "1744736046.147",
    "priority" => "1",
    "privilege" => "call,all",
    "uniqueid" => "1744736048.148"
  },
  variables: %{}
}
[2025-04-15 16:54:19.614320Z] %ElixirAmi.Event{
  event: "varset",
  source: :asterisk_connection,
  action_id: nil,
  keys: %{
    "accountcode" => "",
    "calleridname" => "IVAN",
    "calleridnum" => "102",
    "channel" => "PJSIP/102-00000061",
    "channelstate" => "6",
    "channelstatedesc" => "Up",
    "connectedlinename" => "101",
    "connectedlinenum" => "101",
    "context" => "org_all",
    "exten" => "101",
    "language" => "en",
    "linkedid" => "1744736046.147",
    "priority" => "2",
    "privilege" => "dialplan,all",
    "uniqueid" => "1744736046.147",
    "value" => "ANSWER",
    "variable" => "DIALSTATUS"
  },
  variables: %{}
}
[2025-04-15 16:54:19.614672Z] %ElixirAmi.Event{
  event: "softhanguprequest",
  source: :asterisk_connection,
  action_id: nil,
  keys: %{
    "accountcode" => "",
    "calleridname" => "IVAN",
    "calleridnum" => "102",
    "cause" => "16",
    "channel" => "PJSIP/102-00000061",
    "channelstate" => "6",
    "channelstatedesc" => "Up",
    "connectedlinename" => "101",
    "connectedlinenum" => "101",
    "context" => "org_all",
    "exten" => "101",
    "language" => "en",
    "linkedid" => "1744736046.147",
    "priority" => "2",
    "privilege" => "call,all",
    "uniqueid" => "1744736046.147"
  },
  variables: %{}
}
[2025-04-15 16:54:19.614912Z] %ElixirAmi.Event{
  event: "varset",
  source: :asterisk_connection,
  action_id: nil,
  keys: %{
    "accountcode" => "",
    "calleridname" => "101",
    "calleridnum" => "101",
    "channel" => "PJSIP/101-00000062",
    "channelstate" => "6",
    "channelstatedesc" => "Up",
    "connectedlinename" => "IVAN",
    "connectedlinenum" => "102",
    "context" => "org_all",
    "exten" => "",
    "language" => "en",
    "linkedid" => "1744736046.147",
    "priority" => "1",
    "privilege" => "dialplan,all",
    "uniqueid" => "1744736048.148",
    "value" => "ssrc=1822508367;themssrc=1772443287;lp=0;rxjitter=0.000875;rxcount=369;txjitter=0.000750;txcount=370;rlp=0;rtt=0.000000;rxmes=85.367289;txmes=85.367289",
    "variable" => "RTPAUDIOQOS"
  },
  variables: %{}
}
[2025-04-15 16:54:19.615128Z] %ElixirAmi.Event{
  event: "varset",
  source: :asterisk_connection,
  action_id: nil,
  keys: %{
    "accountcode" => "",
    "calleridname" => "101",
    "calleridnum" => "101",
    "channel" => "PJSIP/101-00000062",
    "channelstate" => "6",
    "channelstatedesc" => "Up",
    "connectedlinename" => "IVAN",
    "connectedlinenum" => "102",
    "context" => "org_all",
    "exten" => "",
    "language" => "en",
    "linkedid" => "1744736046.147",
    "priority" => "1",
    "privilege" => "dialplan,all",
    "uniqueid" => "1744736048.148",
    "value" => "minrxjitter=000.000125;maxrxjitter=000.000875;avgrxjitter=000.000755;stdevrxjitter=000.000125;mintxjitter=000.000000;maxtxjitter=000.000875;avgtxjitter=000.000219;stdevtxjitter=000.000379;",
    "variable" => "RTPAUDIOQOSJITTER"
  },
  variables: %{}
}
[2025-04-15 16:54:19.615350Z] %ElixirAmi.Event{
  event: "varset",
  source: :asterisk_connection,
  action_id: nil,
  keys: %{
    "accountcode" => "",
    "calleridname" => "101",
    "calleridnum" => "101",
    "channel" => "PJSIP/101-00000062",
    "channelstate" => "6",
    "channelstatedesc" => "Up",
    "connectedlinename" => "IVAN",
    "connectedlinenum" => "102",
    "context" => "org_all",
    "exten" => "",
    "language" => "en",
    "linkedid" => "1744736046.147",
    "priority" => "1",
    "privilege" => "dialplan,all",
    "uniqueid" => "1744736048.148",
    "value" => "minrxlost=000.000000;  maxrxlost=000.000000;  avgrxlost=000.000000;  stdevrxlost=000.000000;  mintxlost=000.000000;  maxtxlost=000.000000;  avgtxlost=000.000000;  stdevtxlost=000.000000;",
    "variable" => "RTPAUDIOQOSLOSS"
  },
  variables: %{}
}
[2025-04-15 16:54:19.615529Z] %ElixirAmi.Event{
  event: "varset",
  source: :asterisk_connection,
  action_id: nil,
  keys: %{
    "accountcode" => "",
    "calleridname" => "101",
    "calleridnum" => "101",
    "channel" => "PJSIP/101-00000062",
    "channelstate" => "6",
    "channelstatedesc" => "Up",
    "connectedlinename" => "IVAN",
    "connectedlinenum" => "102",
    "context" => "org_all",
    "exten" => "",
    "language" => "en",
    "linkedid" => "1744736046.147",
    "priority" => "1",
    "privilege" => "dialplan,all",
    "uniqueid" => "1744736048.148",
    "value" => "minrtt=000.000000;     maxrtt=000.000000;     avgrtt=000.000000;     stdevrtt=000.000000;",
    "variable" => "RTPAUDIOQOSRTT"
  },
  variables: %{}
}
[2025-04-15 16:54:19.615700Z] %ElixirAmi.Event{
  event: "varset",
  source: :asterisk_connection,
  action_id: nil,
  keys: %{
    "accountcode" => "",
    "calleridname" => "IVAN",
    "calleridnum" => "102",
    "channel" => "PJSIP/102-00000061",
    "channelstate" => "6",
    "channelstatedesc" => "Up",
    "connectedlinename" => "101",
    "connectedlinenum" => "101",
    "context" => "org_all",
    "exten" => "101",
    "language" => "en",
    "linkedid" => "1744736046.147",
    "priority" => "2",
    "privilege" => "dialplan,all",
    "uniqueid" => "1744736046.147",
    "value" => "ssrc=415993969;themssrc=1737508732;lp=0;rxjitter=0.000750;rxcount=564;txjitter=0.000875;txcount=562;rlp=0;rtt=0.000106;rxmes=85.365514;txmes=85.365514",
    "variable" => "RTPAUDIOQOS"
  },
  variables: %{}
}
[2025-04-15 16:54:19.615881Z] %ElixirAmi.Event{
  event: "varset",
  source: :asterisk_connection,
  action_id: nil,
  keys: %{
    "accountcode" => "",
    "calleridname" => "101",
    "calleridnum" => "101",
    "channel" => "PJSIP/101-00000062",
    "channelstate" => "6",
    "channelstatedesc" => "Up",
    "connectedlinename" => "IVAN",
    "connectedlinenum" => "102",
    "context" => "org_all",
    "exten" => "",
    "language" => "en",
    "linkedid" => "1744736046.147",
    "priority" => "1",
    "privilege" => "dialplan,all",
    "uniqueid" => "1744736048.148",
    "value" => "minrxmes=085.367289;   maxrxmes=085.367289;   avgrxmes=085.367289;   stdevrxmes=000.000125;   mintxmes=085.367289;   maxtxmes=085.367289;   avgtxmes=085.367289;   stdevtxmes=000.000000;",
    "variable" => "RTPAUDIOQOSMES"
  },
  variables: %{}
}
[2025-04-15 16:54:19.616064Z] %ElixirAmi.Event{
  event: "varset",
  source: :asterisk_connection,
  action_id: nil,
  keys: %{
    "accountcode" => "",
    "calleridname" => "IVAN",
    "calleridnum" => "102",
    "channel" => "PJSIP/102-00000061",
    "channelstate" => "6",
    "channelstatedesc" => "Up",
    "connectedlinename" => "101",
    "connectedlinenum" => "101",
    "context" => "org_all",
    "exten" => "101",
    "language" => "en",
    "linkedid" => "1744736046.147",
    "priority" => "2",
    "privilege" => "dialplan,all",
    "uniqueid" => "1744736046.147",
    "value" => "minrxjitter=000.000000;maxrxjitter=000.000875;avgrxjitter=000.000791;stdevrxjitter=000.000119;mintxjitter=000.000000;maxtxjitter=000.005875;avgtxjitter=000.001161;stdevtxjitter=000.001956;",
    "variable" => "RTPAUDIOQOSJITTER"
  },
  variables: %{}
}
[2025-04-15 16:54:19.616240Z] %ElixirAmi.Event{
  event: "varset",
  source: :asterisk_connection,
  action_id: nil,
  keys: %{
    "accountcode" => "",
    "calleridname" => "IVAN",
    "calleridnum" => "102",
    "channel" => "PJSIP/102-00000061",
    "channelstate" => "6",
    "channelstatedesc" => "Up",
    "connectedlinename" => "101",
    "connectedlinenum" => "101",
    "context" => "org_all",
    "exten" => "101",
    "language" => "en",
    "linkedid" => "1744736046.147",
    "priority" => "2",
    "privilege" => "dialplan,all",
    "uniqueid" => "1744736046.147",
    "value" => "minrxlost=000.000000;  maxrxlost=000.000000;  avgrxlost=000.000000;  stdevrxlost=000.000000;  mintxlost=000.000000;  maxtxlost=000.000000;  avgtxlost=000.000000;  stdevtxlost=000.000000;",
    "variable" => "RTPAUDIOQOSLOSS"
  },
  variables: %{}
}
[2025-04-15 16:54:19.616424Z] %ElixirAmi.Event{
  event: "varset",
  source: :asterisk_connection,
  action_id: nil,
  keys: %{
    "accountcode" => "",
    "calleridname" => "IVAN",
    "calleridnum" => "102",
    "channel" => "PJSIP/102-00000061",
    "channelstate" => "6",
    "channelstatedesc" => "Up",
    "connectedlinename" => "101",
    "connectedlinenum" => "101",
    "context" => "org_all",
    "exten" => "101",
    "language" => "en",
    "linkedid" => "1744736046.147",
    "priority" => "2",
    "privilege" => "dialplan,all",
    "uniqueid" => "1744736046.147",
    "value" => "minrtt=000.000106;     maxrtt=000.000106;     avgrtt=000.000106;     stdevrtt=000.000000;",
    "variable" => "RTPAUDIOQOSRTT"
  },
  variables: %{}
}
[2025-04-15 16:54:19.616685Z] %ElixirAmi.Event{
  event: "varset",
  source: :asterisk_connection,
  action_id: nil,
  keys: %{
    "accountcode" => "",
    "calleridname" => "IVAN",
    "calleridnum" => "102",
    "channel" => "PJSIP/102-00000061",
    "channelstate" => "6",
    "channelstatedesc" => "Up",
    "connectedlinename" => "101",
    "connectedlinenum" => "101",
    "context" => "org_all",
    "exten" => "101",
    "language" => "en",
    "linkedid" => "1744736046.147",
    "priority" => "2",
    "privilege" => "dialplan,all",
    "uniqueid" => "1744736046.147",
    "value" => "minrxmes=085.365514;   maxrxmes=085.367289;   avgrxmes=085.366402;   stdevrxmes=000.000119;   mintxmes=085.365514;   maxtxmes=085.367289;   avgtxmes=085.366275;   stdevtxmes=000.000878;",
    "variable" => "RTPAUDIOQOSMES"
  },
  variables: %{}
}
[2025-04-15 16:54:19.616939Z] %ElixirAmi.Event{
  event: "hangup",
  source: :asterisk_connection,
  action_id: nil,
  keys: %{
    "accountcode" => "",
    "calleridname" => "IVAN",
    "calleridnum" => "102",
    "cause" => "16",
    "cause-txt" => "Normal Clearing",
    "channel" => "PJSIP/102-00000061",
    "channelstate" => "6",
    "channelstatedesc" => "Up",
    "connectedlinename" => "101",
    "connectedlinenum" => "101",
    "context" => "org_all",
    "exten" => "101",
    "language" => "en",
    "linkedid" => "1744736046.147",
    "priority" => "2",
    "privilege" => "call,all",
    "uniqueid" => "1744736046.147"
  },
  variables: %{}
}
[2025-04-15 16:54:19.617133Z] %ElixirAmi.Event{
  event: "hangup",
  source: :asterisk_connection,
  action_id: nil,
  keys: %{
    "accountcode" => "",
    "calleridname" => "101",
    "calleridnum" => "101",
    "cause" => "16",
    "cause-txt" => "Normal Clearing",
    "channel" => "PJSIP/101-00000062",
    "channelstate" => "6",
    "channelstatedesc" => "Up",
    "connectedlinename" => "IVAN",
    "connectedlinenum" => "102",
    "context" => "org_all",
    "exten" => "",
    "language" => "en",
    "linkedid" => "1744736046.147",
    "priority" => "1",
    "privilege" => "call,all",
    "uniqueid" => "1744736048.148"
  },
  variables: %{}
}
