[2025-04-10 16:12:27.475279Z] %ElixirAmi.Event{
  event: "varset",
  source: :asterisk_connection,
  action_id: nil,
  keys: %{
    "accountcode" => "",
    "calleridname" => "102",
    "calleridnum" => "102",
    "channel" => "PJSIP/102-000000b6",
    "channelstate" => "4",
    "channelstatedesc" => "Ring",
    "connectedlinename" => "<unknown>",
    "connectedlinenum" => "<unknown>",
    "context" => "org_all",
    "exten" => "101",
    "language" => "en",
    "linkedid" => "1744301547.273",
    "priority" => "2",
    "privilege" => "dialplan,all",
    "uniqueid" => "1744301547.273",
    "value" => "",
    "variable" => "RINGTIME"
  },
  variables: %{}
}
[2025-04-10 16:12:27.475581Z] %ElixirAmi.Event{
  event: "varset",
  source: :asterisk_connection,
  action_id: nil,
  keys: %{
    "accountcode" => "",
    "calleridname" => "102",
    "calleridnum" => "102",
    "channel" => "PJSIP/102-000000b6",
    "channelstate" => "4",
    "channelstatedesc" => "Ring",
    "connectedlinename" => "<unknown>",
    "connectedlinenum" => "<unknown>",
    "context" => "org_all",
    "exten" => "101",
    "language" => "en",
    "linkedid" => "1744301547.273",
    "priority" => "2",
    "privilege" => "dialplan,all",
    "uniqueid" => "1744301547.273",
    "value" => "",
    "variable" => "PROGRESSTIME"
  },
  variables: %{}
}
[2025-04-10 16:12:27.473838Z] %ElixirAmi.Event{
  event: "newexten",
  source: :asterisk_connection,
  action_id: nil,
  keys: %{
    "accountcode" => "",
    "appdata" => "",
    "application" => "NoOp",
    "calleridname" => "102",
    "calleridnum" => "102",
    "channel" => "PJSIP/102-000000b6",
    "channelstate" => "4",
    "channelstatedesc" => "Ring",
    "connectedlinename" => "<unknown>",
    "connectedlinenum" => "<unknown>",
    "context" => "org_all",
    "exten" => "101",
    "extension" => "101",
    "language" => "en",
    "linkedid" => "1744301547.273",
    "priority" => "1",
    "privilege" => "dialplan,all",
    "uniqueid" => "1744301547.273"
  },
  variables: %{}
}
[2025-04-10 16:12:27.473808Z] %ElixirAmi.Event{
  event: "newexten",
  source: :asterisk_connection,
  action_id: nil,
  keys: %{
    "accountcode" => "",
    "appdata" => "PJSIP/101,20,",
    "application" => "Dial",
    "calleridname" => "102",
    "calleridnum" => "102",
    "channel" => "PJSIP/102-000000b6",
    "channelstate" => "4",
    "channelstatedesc" => "Ring",
    "connectedlinename" => "<unknown>",
    "connectedlinenum" => "<unknown>",
    "context" => "org_all",
    "exten" => "101",
    "extension" => "101",
    "language" => "en",
    "linkedid" => "1744301547.273",
    "priority" => "2",
    "privilege" => "dialplan,all",
    "uniqueid" => "1744301547.273"
  },
  variables: %{}
}
[2025-04-10 16:12:27.473834Z] %ElixirAmi.Event{
  event: "varset",
  source: :asterisk_connection,
  action_id: nil,
  keys: %{
    "accountcode" => "",
    "calleridname" => "102",
    "calleridnum" => "102",
    "channel" => "PJSIP/102-000000b6",
    "channelstate" => "4",
    "channelstatedesc" => "Ring",
    "connectedlinename" => "<unknown>",
    "connectedlinenum" => "<unknown>",
    "context" => "org_all",
    "exten" => "101",
    "language" => "en",
    "linkedid" => "1744301547.273",
    "priority" => "1",
    "privilege" => "dialplan,all",
    "uniqueid" => "1744301547.273",
    "value" => "192.168.0.16",
    "variable" => "SIPDOMAIN"
  },
  variables: %{}
}
[2025-04-10 16:12:27.475983Z] %ElixirAmi.Event{
  event: "newchannel",
  source: :asterisk_connection,
  action_id: nil,
  keys: %{
    "accountcode" => "",
    "calleridname" => "101",
    "calleridnum" => "101",
    "channel" => "PJSIP/101-000000b7",
    "channelstate" => "0",
    "channelstatedesc" => "Down",
    "connectedlinename" => "<unknown>",
    "connectedlinenum" => "<unknown>",
    "context" => "org_all",
    "exten" => "s",
    "language" => "en",
    "linkedid" => "1744301547.273",
    "priority" => "1",
    "privilege" => "call,all",
    "uniqueid" => "1744301547.274"
  },
  variables: %{}
}
[2025-04-10 16:12:27.474313Z] %ElixirAmi.Event{
  event: "varset",
  source: :asterisk_connection,
  action_id: nil,
  keys: %{
    "accountcode" => "",
    "calleridname" => "102",
    "calleridnum" => "102",
    "channel" => "PJSIP/102-000000b6",
    "channelstate" => "4",
    "channelstatedesc" => "Ring",
    "connectedlinename" => "<unknown>",
    "connectedlinenum" => "<unknown>",
    "context" => "org_all",
    "exten" => "101",
    "language" => "en",
    "linkedid" => "1744301547.273",
    "priority" => "2",
    "privilege" => "dialplan,all",
    "uniqueid" => "1744301547.273",
    "value" => "",
    "variable" => "DIALEDPEERNUMBER"
  },
  variables: %{}
}
[2025-04-10 16:12:27.474096Z] %ElixirAmi.Event{
  event: "varset",
  source: :asterisk_connection,
  action_id: nil,
  keys: %{
    "accountcode" => "",
    "calleridname" => "102",
    "calleridnum" => "102",
    "channel" => "PJSIP/102-000000b6",
    "channelstate" => "4",
    "channelstatedesc" => "Ring",
    "connectedlinename" => "<unknown>",
    "connectedlinenum" => "<unknown>",
    "context" => "org_all",
    "exten" => "101",
    "language" => "en",
    "linkedid" => "1744301547.273",
    "priority" => "2",
    "privilege" => "dialplan,all",
    "uniqueid" => "1744301547.273",
    "value" => "",
    "variable" => "DIALSTATUS"
  },
  variables: %{}
}
[2025-04-10 16:12:27.474479Z] %ElixirAmi.Event{
  event: "varset",
  source: :asterisk_connection,
  action_id: nil,
  keys: %{
    "accountcode" => "",
    "calleridname" => "102",
    "calleridnum" => "102",
    "channel" => "PJSIP/102-000000b6",
    "channelstate" => "4",
    "channelstatedesc" => "Ring",
    "connectedlinename" => "<unknown>",
    "connectedlinenum" => "<unknown>",
    "context" => "org_all",
    "exten" => "101",
    "language" => "en",
    "linkedid" => "1744301547.273",
    "priority" => "2",
    "privilege" => "dialplan,all",
    "uniqueid" => "1744301547.273",
    "value" => "",
    "variable" => "DIALEDPEERNAME"
  },
  variables: %{}
}
[2025-04-10 16:12:27.475080Z] %ElixirAmi.Event{
  event: "varset",
  source: :asterisk_connection,
  action_id: nil,
  keys: %{
    "accountcode" => "",
    "calleridname" => "102",
    "calleridnum" => "102",
    "channel" => "PJSIP/102-000000b6",
    "channelstate" => "4",
    "channelstatedesc" => "Ring",
    "connectedlinename" => "<unknown>",
    "connectedlinenum" => "<unknown>",
    "context" => "org_all",
    "exten" => "101",
    "language" => "en",
    "linkedid" => "1744301547.273",
    "priority" => "2",
    "privilege" => "dialplan,all",
    "uniqueid" => "1744301547.273",
    "value" => "",
    "variable" => "DIALEDTIME_MS"
  },
  variables: %{}
}
[2025-04-10 16:12:27.474635Z] %ElixirAmi.Event{
  event: "varset",
  source: :asterisk_connection,
  action_id: nil,
  keys: %{
    "accountcode" => "",
    "calleridname" => "102",
    "calleridnum" => "102",
    "channel" => "PJSIP/102-000000b6",
    "channelstate" => "4",
    "channelstatedesc" => "Ring",
    "connectedlinename" => "<unknown>",
    "connectedlinenum" => "<unknown>",
    "context" => "org_all",
    "exten" => "101",
    "language" => "en",
    "linkedid" => "1744301547.273",
    "priority" => "2",
    "privilege" => "dialplan,all",
    "uniqueid" => "1744301547.273",
    "value" => "",
    "variable" => "ANSWEREDTIME"
  },
  variables: %{}
}
[2025-04-10 16:12:27.474931Z] %ElixirAmi.Event{
  event: "varset",
  source: :asterisk_connection,
  action_id: nil,
  keys: %{
    "accountcode" => "",
    "calleridname" => "102",
    "calleridnum" => "102",
    "channel" => "PJSIP/102-000000b6",
    "channelstate" => "4",
    "channelstatedesc" => "Ring",
    "connectedlinename" => "<unknown>",
    "connectedlinenum" => "<unknown>",
    "context" => "org_all",
    "exten" => "101",
    "language" => "en",
    "linkedid" => "1744301547.273",
    "priority" => "2",
    "privilege" => "dialplan,all",
    "uniqueid" => "1744301547.273",
    "value" => "",
    "variable" => "DIALEDTIME"
  },
  variables: %{}
}
[2025-04-10 16:12:27.476361Z] %ElixirAmi.Event{
  event: "varset",
  source: :asterisk_connection,
  action_id: nil,
  keys: %{
    "accountcode" => "",
    "calleridname" => "101",
    "calleridnum" => "101",
    "channel" => "PJSIP/101-000000b7",
    "channelstate" => "0",
    "channelstatedesc" => "Down",
    "connectedlinename" => "<unknown>",
    "connectedlinenum" => "<unknown>",
    "context" => "org_all",
    "exten" => "s",
    "language" => "en",
    "linkedid" => "1744301547.273",
    "priority" => "1",
    "privilege" => "dialplan,all",
    "uniqueid" => "1744301547.274",
    "value" => "101",
    "variable" => "DIALEDPEERNUMBER"
  },
  variables: %{}
}
[2025-04-10 16:12:27.476696Z] %ElixirAmi.Event{
  event: "newconnectedline",
  source: :asterisk_connection,
  action_id: nil,
  keys: %{
    "accountcode" => "",
    "calleridname" => "101",
    "calleridnum" => "101",
    "channel" => "PJSIP/101-000000b7",
    "channelstate" => "0",
    "channelstatedesc" => "Down",
    "connectedlinename" => "102",
    "connectedlinenum" => "102",
    "context" => "org_all",
    "exten" => "101",
    "language" => "en",
    "linkedid" => "1744301547.273",
    "priority" => "1",
    "privilege" => "call,all",
    "uniqueid" => "1744301547.274"
  },
  variables: %{}
}
[2025-04-10 16:12:27.477338Z] %ElixirAmi.Event{
  event: "newconnectedline",
  source: :asterisk_connection,
  action_id: nil,
  keys: %{
    "accountcode" => "",
    "calleridname" => "102",
    "calleridnum" => "102",
    "channel" => "PJSIP/102-000000b6",
    "channelstate" => "4",
    "channelstatedesc" => "Ring",
    "connectedlinename" => "101",
    "connectedlinenum" => "101",
    "context" => "org_all",
    "exten" => "101",
    "language" => "en",
    "linkedid" => "1744301547.273",
    "priority" => "2",
    "privilege" => "call,all",
    "uniqueid" => "1744301547.273"
  },
  variables: %{}
}
[2025-04-10 16:12:27.475744Z] %ElixirAmi.Event{
  event: "varset",
  source: :asterisk_connection,
  action_id: nil,
  keys: %{
    "accountcode" => "",
    "calleridname" => "102",
    "calleridnum" => "102",
    "channel" => "PJSIP/102-000000b6",
    "channelstate" => "4",
    "channelstatedesc" => "Ring",
    "connectedlinename" => "<unknown>",
    "connectedlinenum" => "<unknown>",
    "context" => "org_all",
    "exten" => "101",
    "language" => "en",
    "linkedid" => "1744301547.273",
    "priority" => "2",
    "privilege" => "dialplan,all",
    "uniqueid" => "1744301547.273",
    "value" => "",
    "variable" => "PROGRESSTIME_MS"
  },
  variables: %{}
}
[2025-04-10 16:12:27.475432Z] %ElixirAmi.Event{
  event: "varset",
  source: :asterisk_connection,
  action_id: nil,
  keys: %{
    "accountcode" => "",
    "calleridname" => "102",
    "calleridnum" => "102",
    "channel" => "PJSIP/102-000000b6",
    "channelstate" => "4",
    "channelstatedesc" => "Ring",
    "connectedlinename" => "<unknown>",
    "connectedlinenum" => "<unknown>",
    "context" => "org_all",
    "exten" => "101",
    "language" => "en",
    "linkedid" => "1744301547.273",
    "priority" => "2",
    "privilege" => "dialplan,all",
    "uniqueid" => "1744301547.273",
    "value" => "",
    "variable" => "RINGTIME_MS"
  },
  variables: %{}
}
[2025-04-10 16:12:27.473837Z] %ElixirAmi.Event{
  event: "newchannel",
  source: :asterisk_connection,
  action_id: nil,
  keys: %{
    "accountcode" => "",
    "calleridname" => "102",
    "calleridnum" => "102",
    "channel" => "PJSIP/102-000000b6",
    "channelstate" => "4",
    "channelstatedesc" => "Ring",
    "connectedlinename" => "<unknown>",
    "connectedlinenum" => "<unknown>",
    "context" => "org_all",
    "exten" => "101",
    "language" => "en",
    "linkedid" => "1744301547.273",
    "priority" => "1",
    "privilege" => "call,all",
    "uniqueid" => "1744301547.273"
  },
  variables: %{}
}
[2025-04-10 16:12:27.476547Z] %ElixirAmi.Event{
  event: "newexten",
  source: :asterisk_connection,
  action_id: nil,
  keys: %{
    "accountcode" => "",
    "appdata" => "(Outgoing Line)",
    "application" => "AppDial",
    "calleridname" => "101",
    "calleridnum" => "101",
    "channel" => "PJSIP/101-000000b7",
    "channelstate" => "0",
    "channelstatedesc" => "Down",
    "connectedlinename" => "102",
    "connectedlinenum" => "102",
    "context" => "org_all",
    "exten" => "101",
    "extension" => "101",
    "language" => "en",
    "linkedid" => "1744301547.273",
    "priority" => "1",
    "privilege" => "dialplan,all",
    "uniqueid" => "1744301547.274"
  },
  variables: %{}
}
[2025-04-10 16:12:27.474790Z] %ElixirAmi.Event{
  event: "varset",
  source: :asterisk_connection,
  action_id: nil,
  keys: %{
    "accountcode" => "",
    "calleridname" => "102",
    "calleridnum" => "102",
    "channel" => "PJSIP/102-000000b6",
    "channelstate" => "4",
    "channelstatedesc" => "Ring",
    "connectedlinename" => "<unknown>",
    "connectedlinenum" => "<unknown>",
    "context" => "org_all",
    "exten" => "101",
    "language" => "en",
    "linkedid" => "1744301547.273",
    "priority" => "2",
    "privilege" => "dialplan,all",
    "uniqueid" => "1744301547.273",
    "value" => "",
    "variable" => "ANSWEREDTIME_MS"
  },
  variables: %{}
}
[2025-04-10 16:12:27.477100Z] %ElixirAmi.Event{
  event: "dialbegin",
  source: :asterisk_connection,
  action_id: nil,
  keys: %{
    "accountcode" => "",
    "calleridname" => "102",
    "calleridnum" => "102",
    "channel" => "PJSIP/102-000000b6",
    "channelstate" => "4",
    "channelstatedesc" => "Ring",
    "connectedlinename" => "<unknown>",
    "connectedlinenum" => "<unknown>",
    "context" => "org_all",
    "destaccountcode" => "",
    "destcalleridname" => "101",
    "destcalleridnum" => "101",
    "destchannel" => "PJSIP/101-000000b7",
    "destchannelstate" => "0",
    "destchannelstatedesc" => "Down",
    "destconnectedlinename" => "102",
    "destconnectedlinenum" => "102",
    "destcontext" => "org_all",
    "destexten" => "101",
    "destlanguage" => "en",
    "destlinkedid" => "1744301547.273",
    "destpriority" => "1",
    "destuniqueid" => "1744301547.274",
    "dialstring" => "101",
    "exten" => "101",
    "language" => "en",
    "linkedid" => "1744301547.273",
    "priority" => "2",
    "privilege" => "call,all",
    "uniqueid" => "1744301547.273"
  },
  variables: %{}
}
[2025-04-10 16:12:27.478784Z] %ElixirAmi.Event{
  event: "newstate",
  source: :asterisk_connection,
  action_id: nil,
  keys: %{
    "accountcode" => "",
    "calleridname" => "101",
    "calleridnum" => "101",
    "channel" => "PJSIP/101-000000b7",
    "channelstate" => "5",
    "channelstatedesc" => "Ringing",
    "connectedlinename" => "102",
    "connectedlinenum" => "102",
    "context" => "org_all",
    "exten" => "101",
    "language" => "en",
    "linkedid" => "1744301547.273",
    "priority" => "1",
    "privilege" => "call,all",
    "uniqueid" => "1744301547.274"
  },
  variables: %{}
}
[2025-04-10 16:12:27.478793Z] %ElixirAmi.Event{
  event: "varset",
  source: :asterisk_connection,
  action_id: nil,
  keys: %{
    "accountcode" => "",
    "calleridname" => "102",
    "calleridnum" => "102",
    "channel" => "PJSIP/102-000000b6",
    "channelstate" => "4",
    "channelstatedesc" => "Ring",
    "connectedlinename" => "101",
    "connectedlinenum" => "101",
    "context" => "org_all",
    "exten" => "101",
    "language" => "en",
    "linkedid" => "1744301547.273",
    "priority" => "2",
    "privilege" => "dialplan,all",
    "uniqueid" => "1744301547.273",
    "value" => "0",
    "variable" => "RINGTIME"
  },
  variables: %{}
}
[2025-04-10 16:12:27.478927Z] %ElixirAmi.Event{
  event: "varset",
  source: :asterisk_connection,
  action_id: nil,
  keys: %{
    "accountcode" => "",
    "calleridname" => "102",
    "calleridnum" => "102",
    "channel" => "PJSIP/102-000000b6",
    "channelstate" => "4",
    "channelstatedesc" => "Ring",
    "connectedlinename" => "101",
    "connectedlinenum" => "101",
    "context" => "org_all",
    "exten" => "101",
    "language" => "en",
    "linkedid" => "1744301547.273",
    "priority" => "2",
    "privilege" => "dialplan,all",
    "uniqueid" => "1744301547.273",
    "value" => "7",
    "variable" => "RINGTIME_MS"
  },
  variables: %{}
}
[2025-04-10 16:12:27.479255Z] %ElixirAmi.Event{
  event: "dialstate",
  source: :asterisk_connection,
  action_id: nil,
  keys: %{
    "accountcode" => "",
    "calleridname" => "102",
    "calleridnum" => "102",
    "channel" => "PJSIP/102-000000b6",
    "channelstate" => "4",
    "channelstatedesc" => "Ring",
    "connectedlinename" => "101",
    "connectedlinenum" => "101",
    "context" => "org_all",
    "destaccountcode" => "",
    "destcalleridname" => "101",
    "destcalleridnum" => "101",
    "destchannel" => "PJSIP/101-000000b7",
    "destchannelstate" => "5",
    "destchannelstatedesc" => "Ringing",
    "destconnectedlinename" => "102",
    "destconnectedlinenum" => "102",
    "destcontext" => "org_all",
    "destexten" => "101",
    "destlanguage" => "en",
    "destlinkedid" => "1744301547.273",
    "destpriority" => "1",
    "destuniqueid" => "1744301547.274",
    "dialstatus" => "RINGING",
    "exten" => "101",
    "language" => "en",
    "linkedid" => "1744301547.273",
    "priority" => "2",
    "privilege" => "call,all",
    "uniqueid" => "1744301547.273"
  },
  variables: %{}
}
