[2025-04-10 17:07:03.422290Z] %ElixirAmi.Event{
  event: "newchannel",
  source: :asterisk_connection,
  action_id: nil,
  keys: %{
    "accountcode" => "",
    "calleridname" => "104",
    "calleridnum" => "104",
    "channel" => "PJSIP/104-000000d8",
    "channelstate" => "4",
    "channelstatedesc" => "Ring",
    "connectedlinename" => "<unknown>",
    "connectedlinenum" => "<unknown>",
    "context" => "org_all",
    "exten" => "102",
    "language" => "en",
    "linkedid" => "1744304823.324",
    "priority" => "1",
    "privilege" => "call,all",
    "uniqueid" => "1744304823.324"
  },
  variables: %{}
}
[2025-04-10 17:07:03.422488Z] %ElixirAmi.Event{
  event: "varset",
  source: :asterisk_connection,
  action_id: nil,
  keys: %{
    "accountcode" => "",
    "calleridname" => "104",
    "calleridnum" => "104",
    "channel" => "PJSIP/104-000000d8",
    "channelstate" => "4",
    "channelstatedesc" => "Ring",
    "connectedlinename" => "<unknown>",
    "connectedlinenum" => "<unknown>",
    "context" => "org_all",
    "exten" => "102",
    "language" => "en",
    "linkedid" => "1744304823.324",
    "priority" => "1",
    "privilege" => "dialplan,all",
    "uniqueid" => "1744304823.324",
    "value" => "192.168.0.16",
    "variable" => "SIPDOMAIN"
  },
  variables: %{}
}
[2025-04-10 17:07:03.422857Z] %ElixirAmi.Event{
  event: "newexten",
  source: :asterisk_connection,
  action_id: nil,
  keys: %{
    "accountcode" => "",
    "appdata" => "",
    "application" => "NoOp",
    "calleridname" => "104",
    "calleridnum" => "104",
    "channel" => "PJSIP/104-000000d8",
    "channelstate" => "4",
    "channelstatedesc" => "Ring",
    "connectedlinename" => "<unknown>",
    "connectedlinenum" => "<unknown>",
    "context" => "org_all",
    "exten" => "102",
    "extension" => "102",
    "language" => "en",
    "linkedid" => "1744304823.324",
    "priority" => "1",
    "privilege" => "dialplan,all",
    "uniqueid" => "1744304823.324"
  },
  variables: %{}
}
[2025-04-10 17:07:03.423055Z] %ElixirAmi.Event{
  event: "newexten",
  source: :asterisk_connection,
  action_id: nil,
  keys: %{
    "accountcode" => "",
    "appdata" => "PJSIP/102,20,",
    "application" => "Dial",
    "calleridname" => "104",
    "calleridnum" => "104",
    "channel" => "PJSIP/104-000000d8",
    "channelstate" => "4",
    "channelstatedesc" => "Ring",
    "connectedlinename" => "<unknown>",
    "connectedlinenum" => "<unknown>",
    "context" => "org_all",
    "exten" => "102",
    "extension" => "102",
    "language" => "en",
    "linkedid" => "1744304823.324",
    "priority" => "2",
    "privilege" => "dialplan,all",
    "uniqueid" => "1744304823.324"
  },
  variables: %{}
}
[2025-04-10 17:07:03.423354Z] %ElixirAmi.Event{
  event: "varset",
  source: :asterisk_connection,
  action_id: nil,
  keys: %{
    "accountcode" => "",
    "calleridname" => "104",
    "calleridnum" => "104",
    "channel" => "PJSIP/104-000000d8",
    "channelstate" => "4",
    "channelstatedesc" => "Ring",
    "connectedlinename" => "<unknown>",
    "connectedlinenum" => "<unknown>",
    "context" => "org_all",
    "exten" => "102",
    "language" => "en",
    "linkedid" => "1744304823.324",
    "priority" => "2",
    "privilege" => "dialplan,all",
    "uniqueid" => "1744304823.324",
    "value" => "",
    "variable" => "DIALSTATUS"
  },
  variables: %{}
}
[2025-04-10 17:07:03.423565Z] %ElixirAmi.Event{
  event: "varset",
  source: :asterisk_connection,
  action_id: nil,
  keys: %{
    "accountcode" => "",
    "calleridname" => "104",
    "calleridnum" => "104",
    "channel" => "PJSIP/104-000000d8",
    "channelstate" => "4",
    "channelstatedesc" => "Ring",
    "connectedlinename" => "<unknown>",
    "connectedlinenum" => "<unknown>",
    "context" => "org_all",
    "exten" => "102",
    "language" => "en",
    "linkedid" => "1744304823.324",
    "priority" => "2",
    "privilege" => "dialplan,all",
    "uniqueid" => "1744304823.324",
    "value" => "",
    "variable" => "DIALEDPEERNUMBER"
  },
  variables: %{}
}
[2025-04-10 17:07:03.423815Z] %ElixirAmi.Event{
  event: "varset",
  source: :asterisk_connection,
  action_id: nil,
  keys: %{
    "accountcode" => "",
    "calleridname" => "104",
    "calleridnum" => "104",
    "channel" => "PJSIP/104-000000d8",
    "channelstate" => "4",
    "channelstatedesc" => "Ring",
    "connectedlinename" => "<unknown>",
    "connectedlinenum" => "<unknown>",
    "context" => "org_all",
    "exten" => "102",
    "language" => "en",
    "linkedid" => "1744304823.324",
    "priority" => "2",
    "privilege" => "dialplan,all",
    "uniqueid" => "1744304823.324",
    "value" => "",
    "variable" => "DIALEDPEERNAME"
  },
  variables: %{}
}
[2025-04-10 17:07:03.424217Z] %ElixirAmi.Event{
  event: "varset",
  source: :asterisk_connection,
  action_id: nil,
  keys: %{
    "accountcode" => "",
    "calleridname" => "104",
    "calleridnum" => "104",
    "channel" => "PJSIP/104-000000d8",
    "channelstate" => "4",
    "channelstatedesc" => "Ring",
    "connectedlinename" => "<unknown>",
    "connectedlinenum" => "<unknown>",
    "context" => "org_all",
    "exten" => "102",
    "language" => "en",
    "linkedid" => "1744304823.324",
    "priority" => "2",
    "privilege" => "dialplan,all",
    "uniqueid" => "1744304823.324",
    "value" => "",
    "variable" => "ANSWEREDTIME"
  },
  variables: %{}
}
[2025-04-10 17:07:03.424473Z] %ElixirAmi.Event{
  event: "varset",
  source: :asterisk_connection,
  action_id: nil,
  keys: %{
    "accountcode" => "",
    "calleridname" => "104",
    "calleridnum" => "104",
    "channel" => "PJSIP/104-000000d8",
    "channelstate" => "4",
    "channelstatedesc" => "Ring",
    "connectedlinename" => "<unknown>",
    "connectedlinenum" => "<unknown>",
    "context" => "org_all",
    "exten" => "102",
    "language" => "en",
    "linkedid" => "1744304823.324",
    "priority" => "2",
    "privilege" => "dialplan,all",
    "uniqueid" => "1744304823.324",
    "value" => "",
    "variable" => "ANSWEREDTIME_MS"
  },
  variables: %{}
}
[2025-04-10 17:07:03.424645Z] %ElixirAmi.Event{
  event: "varset",
  source: :asterisk_connection,
  action_id: nil,
  keys: %{
    "accountcode" => "",
    "calleridname" => "104",
    "calleridnum" => "104",
    "channel" => "PJSIP/104-000000d8",
    "channelstate" => "4",
    "channelstatedesc" => "Ring",
    "connectedlinename" => "<unknown>",
    "connectedlinenum" => "<unknown>",
    "context" => "org_all",
    "exten" => "102",
    "language" => "en",
    "linkedid" => "1744304823.324",
    "priority" => "2",
    "privilege" => "dialplan,all",
    "uniqueid" => "1744304823.324",
    "value" => "",
    "variable" => "DIALEDTIME"
  },
  variables: %{}
}
[2025-04-10 17:07:03.424859Z] %ElixirAmi.Event{
  event: "varset",
  source: :asterisk_connection,
  action_id: nil,
  keys: %{
    "accountcode" => "",
    "calleridname" => "104",
    "calleridnum" => "104",
    "channel" => "PJSIP/104-000000d8",
    "channelstate" => "4",
    "channelstatedesc" => "Ring",
    "connectedlinename" => "<unknown>",
    "connectedlinenum" => "<unknown>",
    "context" => "org_all",
    "exten" => "102",
    "language" => "en",
    "linkedid" => "1744304823.324",
    "priority" => "2",
    "privilege" => "dialplan,all",
    "uniqueid" => "1744304823.324",
    "value" => "",
    "variable" => "DIALEDTIME_MS"
  },
  variables: %{}
}
[2025-04-10 17:07:03.425158Z] %ElixirAmi.Event{
  event: "varset",
  source: :asterisk_connection,
  action_id: nil,
  keys: %{
    "accountcode" => "",
    "calleridname" => "104",
    "calleridnum" => "104",
    "channel" => "PJSIP/104-000000d8",
    "channelstate" => "4",
    "channelstatedesc" => "Ring",
    "connectedlinename" => "<unknown>",
    "connectedlinenum" => "<unknown>",
    "context" => "org_all",
    "exten" => "102",
    "language" => "en",
    "linkedid" => "1744304823.324",
    "priority" => "2",
    "privilege" => "dialplan,all",
    "uniqueid" => "1744304823.324",
    "value" => "",
    "variable" => "RINGTIME"
  },
  variables: %{}
}
[2025-04-10 17:07:03.425341Z] %ElixirAmi.Event{
  event: "varset",
  source: :asterisk_connection,
  action_id: nil,
  keys: %{
    "accountcode" => "",
    "calleridname" => "104",
    "calleridnum" => "104",
    "channel" => "PJSIP/104-000000d8",
    "channelstate" => "4",
    "channelstatedesc" => "Ring",
    "connectedlinename" => "<unknown>",
    "connectedlinenum" => "<unknown>",
    "context" => "org_all",
    "exten" => "102",
    "language" => "en",
    "linkedid" => "1744304823.324",
    "priority" => "2",
    "privilege" => "dialplan,all",
    "uniqueid" => "1744304823.324",
    "value" => "",
    "variable" => "RINGTIME_MS"
  },
  variables: %{}
}
[2025-04-10 17:07:03.425483Z] %ElixirAmi.Event{
  event: "varset",
  source: :asterisk_connection,
  action_id: nil,
  keys: %{
    "accountcode" => "",
    "calleridname" => "104",
    "calleridnum" => "104",
    "channel" => "PJSIP/104-000000d8",
    "channelstate" => "4",
    "channelstatedesc" => "Ring",
    "connectedlinename" => "<unknown>",
    "connectedlinenum" => "<unknown>",
    "context" => "org_all",
    "exten" => "102",
    "language" => "en",
    "linkedid" => "1744304823.324",
    "priority" => "2",
    "privilege" => "dialplan,all",
    "uniqueid" => "1744304823.324",
    "value" => "",
    "variable" => "PROGRESSTIME"
  },
  variables: %{}
}
[2025-04-10 17:07:03.425623Z] %ElixirAmi.Event{
  event: "varset",
  source: :asterisk_connection,
  action_id: nil,
  keys: %{
    "accountcode" => "",
    "calleridname" => "104",
    "calleridnum" => "104",
    "channel" => "PJSIP/104-000000d8",
    "channelstate" => "4",
    "channelstatedesc" => "Ring",
    "connectedlinename" => "<unknown>",
    "connectedlinenum" => "<unknown>",
    "context" => "org_all",
    "exten" => "102",
    "language" => "en",
    "linkedid" => "1744304823.324",
    "priority" => "2",
    "privilege" => "dialplan,all",
    "uniqueid" => "1744304823.324",
    "value" => "",
    "variable" => "PROGRESSTIME_MS"
  },
  variables: %{}
}
[2025-04-10 17:07:03.425767Z] %ElixirAmi.Event{
  event: "newchannel",
  source: :asterisk_connection,
  action_id: nil,
  keys: %{
    "accountcode" => "",
    "calleridname" => "102",
    "calleridnum" => "102",
    "channel" => "PJSIP/102-000000d9",
    "channelstate" => "0",
    "channelstatedesc" => "Down",
    "connectedlinename" => "<unknown>",
    "connectedlinenum" => "<unknown>",
    "context" => "org_all",
    "exten" => "s",
    "language" => "en",
    "linkedid" => "1744304823.324",
    "priority" => "1",
    "privilege" => "call,all",
    "uniqueid" => "1744304823.325"
  },
  variables: %{}
}
[2025-04-10 17:07:03.426089Z] %ElixirAmi.Event{
  event: "varset",
  source: :asterisk_connection,
  action_id: nil,
  keys: %{
    "accountcode" => "",
    "calleridname" => "102",
    "calleridnum" => "102",
    "channel" => "PJSIP/102-000000d9",
    "channelstate" => "0",
    "channelstatedesc" => "Down",
    "connectedlinename" => "<unknown>",
    "connectedlinenum" => "<unknown>",
    "context" => "org_all",
    "exten" => "s",
    "language" => "en",
    "linkedid" => "1744304823.324",
    "priority" => "1",
    "privilege" => "dialplan,all",
    "uniqueid" => "1744304823.325",
    "value" => "102",
    "variable" => "DIALEDPEERNUMBER"
  },
  variables: %{}
}
[2025-04-10 17:07:03.426388Z] %ElixirAmi.Event{
  event: "newexten",
  source: :asterisk_connection,
  action_id: nil,
  keys: %{
    "accountcode" => "",
    "appdata" => "(Outgoing Line)",
    "application" => "AppDial",
    "calleridname" => "102",
    "calleridnum" => "102",
    "channel" => "PJSIP/102-000000d9",
    "channelstate" => "0",
    "channelstatedesc" => "Down",
    "connectedlinename" => "104",
    "connectedlinenum" => "104",
    "context" => "org_all",
    "exten" => "102",
    "extension" => "102",
    "language" => "en",
    "linkedid" => "1744304823.324",
    "priority" => "1",
    "privilege" => "dialplan,all",
    "uniqueid" => "1744304823.325"
  },
  variables: %{}
}
[2025-04-10 17:07:03.426612Z] %ElixirAmi.Event{
  event: "newconnectedline",
  source: :asterisk_connection,
  action_id: nil,
  keys: %{
    "accountcode" => "",
    "calleridname" => "102",
    "calleridnum" => "102",
    "channel" => "PJSIP/102-000000d9",
    "channelstate" => "0",
    "channelstatedesc" => "Down",
    "connectedlinename" => "104",
    "connectedlinenum" => "104",
    "context" => "org_all",
    "exten" => "102",
    "language" => "en",
    "linkedid" => "1744304823.324",
    "priority" => "1",
    "privilege" => "call,all",
    "uniqueid" => "1744304823.325"
  },
  variables: %{}
}
[2025-04-10 17:07:03.426885Z] %ElixirAmi.Event{
  event: "dialbegin",
  source: :asterisk_connection,
  action_id: nil,
  keys: %{
    "accountcode" => "",
    "calleridname" => "104",
    "calleridnum" => "104",
    "channel" => "PJSIP/104-000000d8",
    "channelstate" => "4",
    "channelstatedesc" => "Ring",
    "connectedlinename" => "<unknown>",
    "connectedlinenum" => "<unknown>",
    "context" => "org_all",
    "destaccountcode" => "",
    "destcalleridname" => "102",
    "destcalleridnum" => "102",
    "destchannel" => "PJSIP/102-000000d9",
    "destchannelstate" => "0",
    "destchannelstatedesc" => "Down",
    "destconnectedlinename" => "104",
    "destconnectedlinenum" => "104",
    "destcontext" => "org_all",
    "destexten" => "102",
    "destlanguage" => "en",
    "destlinkedid" => "1744304823.324",
    "destpriority" => "1",
    "destuniqueid" => "1744304823.325",
    "dialstring" => "102",
    "exten" => "102",
    "language" => "en",
    "linkedid" => "1744304823.324",
    "priority" => "2",
    "privilege" => "call,all",
    "uniqueid" => "1744304823.324"
  },
  variables: %{}
}
[2025-04-10 17:07:03.427029Z] %ElixirAmi.Event{
  event: "newconnectedline",
  source: :asterisk_connection,
  action_id: nil,
  keys: %{
    "accountcode" => "",
    "calleridname" => "104",
    "calleridnum" => "104",
    "channel" => "PJSIP/104-000000d8",
    "channelstate" => "4",
    "channelstatedesc" => "Ring",
    "connectedlinename" => "102",
    "connectedlinenum" => "102",
    "context" => "org_all",
    "exten" => "102",
    "language" => "en",
    "linkedid" => "1744304823.324",
    "priority" => "2",
    "privilege" => "call,all",
    "uniqueid" => "1744304823.324"
  },
  variables: %{}
}
[2025-04-10 17:07:03.428156Z] %ElixirAmi.Event{
  event: "newstate",
  source: :asterisk_connection,
  action_id: nil,
  keys: %{
    "accountcode" => "",
    "calleridname" => "102",
    "calleridnum" => "102",
    "channel" => "PJSIP/102-000000d9",
    "channelstate" => "5",
    "channelstatedesc" => "Ringing",
    "connectedlinename" => "104",
    "connectedlinenum" => "104",
    "context" => "org_all",
    "exten" => "102",
    "language" => "en",
    "linkedid" => "1744304823.324",
    "priority" => "1",
    "privilege" => "call,all",
    "uniqueid" => "1744304823.325"
  },
  variables: %{}
}
[2025-04-10 17:07:03.428411Z] %ElixirAmi.Event{
  event: "varset",
  source: :asterisk_connection,
  action_id: nil,
  keys: %{
    "accountcode" => "",
    "calleridname" => "104",
    "calleridnum" => "104",
    "channel" => "PJSIP/104-000000d8",
    "channelstate" => "4",
    "channelstatedesc" => "Ring",
    "connectedlinename" => "102",
    "connectedlinenum" => "102",
    "context" => "org_all",
    "exten" => "102",
    "language" => "en",
    "linkedid" => "1744304823.324",
    "priority" => "2",
    "privilege" => "dialplan,all",
    "uniqueid" => "1744304823.324",
    "value" => "0",
    "variable" => "RINGTIME"
  },
  variables: %{}
}
[2025-04-10 17:07:03.428582Z] %ElixirAmi.Event{
  event: "varset",
  source: :asterisk_connection,
  action_id: nil,
  keys: %{
    "accountcode" => "",
    "calleridname" => "104",
    "calleridnum" => "104",
    "channel" => "PJSIP/104-000000d8",
    "channelstate" => "4",
    "channelstatedesc" => "Ring",
    "connectedlinename" => "102",
    "connectedlinenum" => "102",
    "context" => "org_all",
    "exten" => "102",
    "language" => "en",
    "linkedid" => "1744304823.324",
    "priority" => "2",
    "privilege" => "dialplan,all",
    "uniqueid" => "1744304823.324",
    "value" => "5",
    "variable" => "RINGTIME_MS"
  },
  variables: %{}
}
[2025-04-10 17:07:03.428861Z] %ElixirAmi.Event{
  event: "dialstate",
  source: :asterisk_connection,
  action_id: nil,
  keys: %{
    "accountcode" => "",
    "calleridname" => "104",
    "calleridnum" => "104",
    "channel" => "PJSIP/104-000000d8",
    "channelstate" => "4",
    "channelstatedesc" => "Ring",
    "connectedlinename" => "102",
    "connectedlinenum" => "102",
    "context" => "org_all",
    "destaccountcode" => "",
    "destcalleridname" => "102",
    "destcalleridnum" => "102",
    "destchannel" => "PJSIP/102-000000d9",
    "destchannelstate" => "5",
    "destchannelstatedesc" => "Ringing",
    "destconnectedlinename" => "104",
    "destconnectedlinenum" => "104",
    "destcontext" => "org_all",
    "destexten" => "102",
    "destlanguage" => "en",
    "destlinkedid" => "1744304823.324",
    "destpriority" => "1",
    "destuniqueid" => "1744304823.325",
    "dialstatus" => "RINGING",
    "exten" => "102",
    "language" => "en",
    "linkedid" => "1744304823.324",
    "priority" => "2",
    "privilege" => "call,all",
    "uniqueid" => "1744304823.324"
  },
  variables: %{}
}
[2025-04-10 17:07:06.290930Z] %ElixirAmi.Event{
  event: "rtcpreceived",
  source: :asterisk_connection,
  action_id: nil,
  keys: %{
    "accountcode" => "",
    "calleridname" => "102",
    "calleridnum" => "102",
    "channel" => "PJSIP/102-000000d9",
    "channelstate" => "5",
    "channelstatedesc" => "Ringing",
    "connectedlinename" => "104",
    "connectedlinenum" => "104",
    "context" => "org_all",
    "exten" => "102",
    "from" => "192.168.0.16:4221",
    "language" => "en",
    "linkedid" => "1744304823.324",
    "mes" => "85.4",
    "priority" => "1",
    "privilege" => "reporting,all",
    "pt" => "201(RR)",
    "report0cumulativelost" => "0",
    "report0dlsr" => "0.0000",
    "report0fractionlost" => "0",
    "report0highestsequence" => "0",
    "report0iajitter" => "0",
    "report0lsr" => "0",
    "report0sequencenumbercycles" => "0",
    "report0sourcessrc" => "0x00000000",
    "reportcount" => "1",
    "rtt" => "0.0000",
    "ssrc" => "0x00000000",
    "to" => "192.168.0.16:18461",
    "uniqueid" => "1744304823.325"
  },
  variables: %{}
}
[2025-04-10 17:07:06.291290Z] %ElixirAmi.Event{
  event: "rtcpreceived",
  source: :asterisk_connection,
  action_id: nil,
  keys: %{
    "accountcode" => "",
    "calleridname" => "102",
    "calleridnum" => "102",
    "channel" => "PJSIP/102-000000d9",
    "channelstate" => "5",
    "channelstatedesc" => "Ringing",
    "connectedlinename" => "104",
    "connectedlinenum" => "104",
    "context" => "org_all",
    "exten" => "102",
    "from" => "192.168.0.16:4221",
    "language" => "en",
    "linkedid" => "1744304823.324",
    "mes" => "85.4",
    "priority" => "1",
    "privilege" => "reporting,all",
    "pt" => "201(RR)",
    "report0cumulativelost" => "0",
    "report0dlsr" => "0.0000",
    "report0fractionlost" => "0",
    "report0highestsequence" => "0",
    "report0iajitter" => "0",
    "report0lsr" => "0",
    "report0sequencenumbercycles" => "0",
    "report0sourcessrc" => "0x00000000",
    "reportcount" => "1",
    "rtt" => "0.0000",
    "ssrc" => "0x00000000",
    "to" => "192.168.0.16:18461",
    "uniqueid" => "1744304823.325"
  },
  variables: %{}
}
[2025-04-10 17:07:06.291650Z] %ElixirAmi.Event{
  event: "newstate",
  source: :asterisk_connection,
  action_id: nil,
  keys: %{
    "accountcode" => "",
    "calleridname" => "102",
    "calleridnum" => "102",
    "channel" => "PJSIP/102-000000d9",
    "channelstate" => "6",
    "channelstatedesc" => "Up",
    "connectedlinename" => "104",
    "connectedlinenum" => "104",
    "context" => "org_all",
    "exten" => "102",
    "language" => "en",
    "linkedid" => "1744304823.324",
    "priority" => "1",
    "privilege" => "call,all",
    "uniqueid" => "1744304823.325"
  },
  variables: %{}
}
[2025-04-10 17:07:06.291903Z] %ElixirAmi.Event{
  event: "varset",
  source: :asterisk_connection,
  action_id: nil,
  keys: %{
    "accountcode" => "",
    "calleridname" => "104",
    "calleridnum" => "104",
    "channel" => "PJSIP/104-000000d8",
    "channelstate" => "4",
    "channelstatedesc" => "Ring",
    "connectedlinename" => "102",
    "connectedlinenum" => "102",
    "context" => "org_all",
    "exten" => "102",
    "language" => "en",
    "linkedid" => "1744304823.324",
    "priority" => "2",
    "privilege" => "dialplan,all",
    "uniqueid" => "1744304823.324",
    "value" => "ANSWER",
    "variable" => "DIALSTATUS"
  },
  variables: %{}
}
[2025-04-10 17:07:06.292107Z] %ElixirAmi.Event{
  event: "varset",
  source: :asterisk_connection,
  action_id: nil,
  keys: %{
    "accountcode" => "",
    "calleridname" => "104",
    "calleridnum" => "104",
    "channel" => "PJSIP/104-000000d8",
    "channelstate" => "4",
    "channelstatedesc" => "Ring",
    "connectedlinename" => "102",
    "connectedlinenum" => "102",
    "context" => "org_all",
    "exten" => "102",
    "language" => "en",
    "linkedid" => "1744304823.324",
    "priority" => "2",
    "privilege" => "dialplan,all",
    "uniqueid" => "1744304823.324",
    "value" => "PJSIP/102-000000d9",
    "variable" => "DIALEDPEERNAME"
  },
  variables: %{}
}
[2025-04-10 17:07:06.292322Z] %ElixirAmi.Event{
  event: "varset",
  source: :asterisk_connection,
  action_id: nil,
  keys: %{
    "accountcode" => "",
    "calleridname" => "104",
    "calleridnum" => "104",
    "channel" => "PJSIP/104-000000d8",
    "channelstate" => "4",
    "channelstatedesc" => "Ring",
    "connectedlinename" => "102",
    "connectedlinenum" => "102",
    "context" => "org_all",
    "exten" => "102",
    "language" => "en",
    "linkedid" => "1744304823.324",
    "priority" => "2",
    "privilege" => "dialplan,all",
    "uniqueid" => "1744304823.324",
    "value" => "102",
    "variable" => "DIALEDPEERNUMBER"
  },
  variables: %{}
}
[2025-04-10 17:07:06.292749Z] %ElixirAmi.Event{
  event: "dialend",
  source: :asterisk_connection,
  action_id: nil,
  keys: %{
    "accountcode" => "",
    "calleridname" => "104",
    "calleridnum" => "104",
    "channel" => "PJSIP/104-000000d8",
    "channelstate" => "4",
    "channelstatedesc" => "Ring",
    "connectedlinename" => "102",
    "connectedlinenum" => "102",
    "context" => "org_all",
    "destaccountcode" => "",
    "destcalleridname" => "102",
    "destcalleridnum" => "102",
    "destchannel" => "PJSIP/102-000000d9",
    "destchannelstate" => "6",
    "destchannelstatedesc" => "Up",
    "destconnectedlinename" => "104",
    "destconnectedlinenum" => "104",
    "destcontext" => "org_all",
    "destexten" => "",
    "destlanguage" => "en",
    "destlinkedid" => "1744304823.324",
    "destpriority" => "1",
    "destuniqueid" => "1744304823.325",
    "dialstatus" => "ANSWER",
    "exten" => "102",
    "language" => "en",
    "linkedid" => "1744304823.324",
    "priority" => "2",
    "privilege" => "call,all",
    "uniqueid" => "1744304823.324"
  },
  variables: %{}
}
[2025-04-10 17:07:06.292900Z] %ElixirAmi.Event{
  event: "newstate",
  source: :asterisk_connection,
  action_id: nil,
  keys: %{
    "accountcode" => "",
    "calleridname" => "104",
    "calleridnum" => "104",
    "channel" => "PJSIP/104-000000d8",
    "channelstate" => "6",
    "channelstatedesc" => "Up",
    "connectedlinename" => "102",
    "connectedlinenum" => "102",
    "context" => "org_all",
    "exten" => "102",
    "language" => "en",
    "linkedid" => "1744304823.324",
    "priority" => "2",
    "privilege" => "call,all",
    "uniqueid" => "1744304823.324"
  },
  variables: %{}
}
[2025-04-10 17:07:06.293220Z] %ElixirAmi.Event{
  event: "newexten",
  source: :asterisk_connection,
  action_id: nil,
  keys: %{
    "accountcode" => "",
    "appdata" => "(Outgoing Line)",
    "application" => "AppDial",
    "calleridname" => "102",
    "calleridnum" => "102",
    "channel" => "PJSIP/102-000000d9",
    "channelstate" => "6",
    "channelstatedesc" => "Up",
    "connectedlinename" => "104",
    "connectedlinenum" => "104",
    "context" => "org_all",
    "exten" => "",
    "extension" => "",
    "language" => "en",
    "linkedid" => "1744304823.324",
    "priority" => "1",
    "privilege" => "dialplan,all",
    "uniqueid" => "1744304823.325"
  },
  variables: %{}
}
[2025-04-10 17:07:06.293472Z] %ElixirAmi.Event{
  event: "bridgeenter",
  source: :asterisk_connection,
  action_id: nil,
  keys: %{
    "accountcode" => "",
    "bridgecreator" => "<unknown>",
    "bridgename" => "<unknown>",
    "bridgenumchannels" => "1",
    "bridgetechnology" => "simple_bridge",
    "bridgetype" => "basic",
    "bridgeuniqueid" => "fac8763a-7801-4e17-a1c8-b9c27c4616be",
    "bridgevideosourcemode" => "none",
    "calleridname" => "102",
    "calleridnum" => "102",
    "channel" => "PJSIP/102-000000d9",
    "channelstate" => "6",
    "channelstatedesc" => "Up",
    "connectedlinename" => "104",
    "connectedlinenum" => "104",
    "context" => "org_all",
    "exten" => "",
    "language" => "en",
    "linkedid" => "1744304823.324",
    "priority" => "1",
    "privilege" => "call,all",
    "uniqueid" => "1744304823.325"
  },
  variables: %{}
}
[2025-04-10 17:07:06.293743Z] %ElixirAmi.Event{
  event: "bridgeenter",
  source: :asterisk_connection,
  action_id: nil,
  keys: %{
    "accountcode" => "",
    "bridgecreator" => "<unknown>",
    "bridgename" => "<unknown>",
    "bridgenumchannels" => "2",
    "bridgetechnology" => "simple_bridge",
    "bridgetype" => "basic",
    "bridgeuniqueid" => "fac8763a-7801-4e17-a1c8-b9c27c4616be",
    "bridgevideosourcemode" => "none",
    "calleridname" => "104",
    "calleridnum" => "104",
    "channel" => "PJSIP/104-000000d8",
    "channelstate" => "6",
    "channelstatedesc" => "Up",
    "connectedlinename" => "102",
    "connectedlinenum" => "102",
    "context" => "org_all",
    "exten" => "102",
    "language" => "en",
    "linkedid" => "1744304823.324",
    "priority" => "2",
    "privilege" => "call,all",
    "uniqueid" => "1744304823.324"
  },
  variables: %{}
}
[2025-04-10 17:07:06.293898Z] %ElixirAmi.Event{
  event: "varset",
  source: :asterisk_connection,
  action_id: nil,
  keys: %{
    "accountcode" => "",
    "calleridname" => "104",
    "calleridnum" => "104",
    "channel" => "PJSIP/104-000000d8",
    "channelstate" => "6",
    "channelstatedesc" => "Up",
    "connectedlinename" => "102",
    "connectedlinenum" => "102",
    "context" => "org_all",
    "exten" => "102",
    "language" => "en",
    "linkedid" => "1744304823.324",
    "priority" => "2",
    "privilege" => "dialplan,all",
    "uniqueid" => "1744304823.324",
    "value" => "PJSIP/102-000000d9",
    "variable" => "BRIDGEPEER"
  },
  variables: %{}
}
[2025-04-10 17:07:06.294042Z] %ElixirAmi.Event{
  event: "varset",
  source: :asterisk_connection,
  action_id: nil,
  keys: %{
    "accountcode" => "",
    "calleridname" => "104",
    "calleridnum" => "104",
    "channel" => "PJSIP/104-000000d8",
    "channelstate" => "6",
    "channelstatedesc" => "Up",
    "connectedlinename" => "102",
    "connectedlinenum" => "102",
    "context" => "org_all",
    "exten" => "102",
    "language" => "en",
    "linkedid" => "1744304823.324",
    "priority" => "2",
    "privilege" => "dialplan,all",
    "uniqueid" => "1744304823.324",
    "value" => "60f26514-be05-49d1-9cdc-e1a947529cca",
    "variable" => "BRIDGEPVTCALLID"
  },
  variables: %{}
}
[2025-04-10 17:07:06.294322Z] %ElixirAmi.Event{
  event: "varset",
  source: :asterisk_connection,
  action_id: nil,
  keys: %{
    "accountcode" => "",
    "calleridname" => "102",
    "calleridnum" => "102",
    "channel" => "PJSIP/102-000000d9",
    "channelstate" => "6",
    "channelstatedesc" => "Up",
    "connectedlinename" => "104",
    "connectedlinenum" => "104",
    "context" => "org_all",
    "exten" => "",
    "language" => "en",
    "linkedid" => "1744304823.324",
    "priority" => "1",
    "privilege" => "dialplan,all",
    "uniqueid" => "1744304823.325",
    "value" => "PJSIP/104-000000d8",
    "variable" => "BRIDGEPEER"
  },
  variables: %{}
}
[2025-04-10 17:07:06.294488Z] %ElixirAmi.Event{
  event: "varset",
  source: :asterisk_connection,
  action_id: nil,
  keys: %{
    "accountcode" => "",
    "calleridname" => "102",
    "calleridnum" => "102",
    "channel" => "PJSIP/102-000000d9",
    "channelstate" => "6",
    "channelstatedesc" => "Up",
    "connectedlinename" => "104",
    "connectedlinenum" => "104",
    "context" => "org_all",
    "exten" => "",
    "language" => "en",
    "linkedid" => "1744304823.324",
    "priority" => "1",
    "privilege" => "dialplan,all",
    "uniqueid" => "1744304823.325",
    "value" => "4fb31baccced4e3ab5c3fc82b043e195",
    "variable" => "BRIDGEPVTCALLID"
  },
  variables: %{}
}
[2025-04-10 17:07:06.294810Z] %ElixirAmi.Event{
  event: "varset",
  source: :asterisk_connection,
  action_id: nil,
  keys: %{
    "accountcode" => "",
    "calleridname" => "104",
    "calleridnum" => "104",
    "channel" => "PJSIP/104-000000d8",
    "channelstate" => "6",
    "channelstatedesc" => "Up",
    "connectedlinename" => "102",
    "connectedlinenum" => "102",
    "context" => "org_all",
    "exten" => "102",
    "language" => "en",
    "linkedid" => "1744304823.324",
    "priority" => "2",
    "privilege" => "dialplan,all",
    "uniqueid" => "1744304823.324",
    "value" => "PJSIP/102-000000d9",
    "variable" => "BRIDGEPEER"
  },
  variables: %{}
}
[2025-04-10 17:07:06.295163Z] %ElixirAmi.Event{
  event: "varset",
  source: :asterisk_connection,
  action_id: nil,
  keys: %{
    "accountcode" => "",
    "calleridname" => "104",
    "calleridnum" => "104",
    "channel" => "PJSIP/104-000000d8",
    "channelstate" => "6",
    "channelstatedesc" => "Up",
    "connectedlinename" => "102",
    "connectedlinenum" => "102",
    "context" => "org_all",
    "exten" => "102",
    "language" => "en",
    "linkedid" => "1744304823.324",
    "priority" => "2",
    "privilege" => "dialplan,all",
    "uniqueid" => "1744304823.324",
    "value" => "60f26514-be05-49d1-9cdc-e1a947529cca",
    "variable" => "BRIDGEPVTCALLID"
  },
  variables: %{}
}
[2025-04-10 17:07:06.295408Z] %ElixirAmi.Event{
  event: "varset",
  source: :asterisk_connection,
  action_id: nil,
  keys: %{
    "accountcode" => "",
    "calleridname" => "102",
    "calleridnum" => "102",
    "channel" => "PJSIP/102-000000d9",
    "channelstate" => "6",
    "channelstatedesc" => "Up",
    "connectedlinename" => "104",
    "connectedlinenum" => "104",
    "context" => "org_all",
    "exten" => "",
    "language" => "en",
    "linkedid" => "1744304823.324",
    "priority" => "1",
    "privilege" => "dialplan,all",
    "uniqueid" => "1744304823.325",
    "value" => "PJSIP/104-000000d8",
    "variable" => "BRIDGEPEER"
  },
  variables: %{}
}
[2025-04-10 17:07:06.295580Z] %ElixirAmi.Event{
  event: "varset",
  source: :asterisk_connection,
  action_id: nil,
  keys: %{
    "accountcode" => "",
    "calleridname" => "102",
    "calleridnum" => "102",
    "channel" => "PJSIP/102-000000d9",
    "channelstate" => "6",
    "channelstatedesc" => "Up",
    "connectedlinename" => "104",
    "connectedlinenum" => "104",
    "context" => "org_all",
    "exten" => "",
    "language" => "en",
    "linkedid" => "1744304823.324",
    "priority" => "1",
    "privilege" => "dialplan,all",
    "uniqueid" => "1744304823.325",
    "value" => "4fb31baccced4e3ab5c3fc82b043e195",
    "variable" => "BRIDGEPVTCALLID"
  },
  variables: %{}
}
[2025-04-10 17:07:06.295789Z] %ElixirAmi.Event{
  event: "varset",
  source: :asterisk_connection,
  action_id: nil,
  keys: %{
    "accountcode" => "",
    "calleridname" => "104",
    "calleridnum" => "104",
    "channel" => "PJSIP/104-000000d8",
    "channelstate" => "6",
    "channelstatedesc" => "Up",
    "connectedlinename" => "102",
    "connectedlinenum" => "102",
    "context" => "org_all",
    "exten" => "102",
    "language" => "en",
    "linkedid" => "1744304823.324",
    "priority" => "2",
    "privilege" => "dialplan,all",
    "uniqueid" => "1744304823.324",
    "value" => "PJSIP/102-000000d9",
    "variable" => "BRIDGEPEER"
  },
  variables: %{}
}
[2025-04-10 17:07:06.296077Z] %ElixirAmi.Event{
  event: "varset",
  source: :asterisk_connection,
  action_id: nil,
  keys: %{
    "accountcode" => "",
    "calleridname" => "104",
    "calleridnum" => "104",
    "channel" => "PJSIP/104-000000d8",
    "channelstate" => "6",
    "channelstatedesc" => "Up",
    "connectedlinename" => "102",
    "connectedlinenum" => "102",
    "context" => "org_all",
    "exten" => "102",
    "language" => "en",
    "linkedid" => "1744304823.324",
    "priority" => "2",
    "privilege" => "dialplan,all",
    "uniqueid" => "1744304823.324",
    "value" => "60f26514-be05-49d1-9cdc-e1a947529cca",
    "variable" => "BRIDGEPVTCALLID"
  },
  variables: %{}
}
[2025-04-10 17:07:06.296279Z] %ElixirAmi.Event{
  event: "varset",
  source: :asterisk_connection,
  action_id: nil,
  keys: %{
    "accountcode" => "",
    "calleridname" => "102",
    "calleridnum" => "102",
    "channel" => "PJSIP/102-000000d9",
    "channelstate" => "6",
    "channelstatedesc" => "Up",
    "connectedlinename" => "104",
    "connectedlinenum" => "104",
    "context" => "org_all",
    "exten" => "",
    "language" => "en",
    "linkedid" => "1744304823.324",
    "priority" => "1",
    "privilege" => "dialplan,all",
    "uniqueid" => "1744304823.325",
    "value" => "PJSIP/104-000000d8",
    "variable" => "BRIDGEPEER"
  },
  variables: %{}
}
[2025-04-10 17:07:06.296477Z] %ElixirAmi.Event{
  event: "varset",
  source: :asterisk_connection,
  action_id: nil,
  keys: %{
    "accountcode" => "",
    "calleridname" => "102",
    "calleridnum" => "102",
    "channel" => "PJSIP/102-000000d9",
    "channelstate" => "6",
    "channelstatedesc" => "Up",
    "connectedlinename" => "104",
    "connectedlinenum" => "104",
    "context" => "org_all",
    "exten" => "",
    "language" => "en",
    "linkedid" => "1744304823.324",
    "priority" => "1",
    "privilege" => "dialplan,all",
    "uniqueid" => "1744304823.325",
    "value" => "4fb31baccced4e3ab5c3fc82b043e195",
    "variable" => "BRIDGEPVTCALLID"
  },
  variables: %{}
}
[2025-04-10 17:07:06.296848Z] %ElixirAmi.Event{
  event: "rtcpreceived",
  source: :asterisk_connection,
  action_id: nil,
  keys: %{
    "accountcode" => "",
    "calleridname" => "104",
    "calleridnum" => "104",
    "channel" => "PJSIP/104-000000d8",
    "channelstate" => "6",
    "channelstatedesc" => "Up",
    "connectedlinename" => "102",
    "connectedlinenum" => "102",
    "context" => "org_all",
    "exten" => "102",
    "from" => "192.168.0.16:4039",
    "language" => "en",
    "linkedid" => "1744304823.324",
    "mes" => "85.4",
    "priority" => "2",
    "privilege" => "reporting,all",
    "pt" => "201(RR)",
    "report0cumulativelost" => "0",
    "report0dlsr" => "0.0000",
    "report0fractionlost" => "0",
    "report0highestsequence" => "0",
    "report0iajitter" => "0",
    "report0lsr" => "0",
    "report0sequencenumbercycles" => "0",
    "report0sourcessrc" => "0x00000000",
    "reportcount" => "1",
    "rtt" => "0.0000",
    "ssrc" => "0x00000000",
    "to" => "192.168.0.16:11633",
    "uniqueid" => "1744304823.324"
  },
  variables: %{}
}
[2025-04-10 17:07:06.297272Z] %ElixirAmi.Event{
  event: "rtcpreceived",
  source: :asterisk_connection,
  action_id: nil,
  keys: %{
    "accountcode" => "",
    "calleridname" => "104",
    "calleridnum" => "104",
    "channel" => "PJSIP/104-000000d8",
    "channelstate" => "6",
    "channelstatedesc" => "Up",
    "connectedlinename" => "102",
    "connectedlinenum" => "102",
    "context" => "org_all",
    "exten" => "102",
    "from" => "192.168.0.16:4039",
    "language" => "en",
    "linkedid" => "1744304823.324",
    "mes" => "85.4",
    "priority" => "2",
    "privilege" => "reporting,all",
    "pt" => "201(RR)",
    "report0cumulativelost" => "0",
    "report0dlsr" => "0.0000",
    "report0fractionlost" => "0",
    "report0highestsequence" => "0",
    "report0iajitter" => "0",
    "report0lsr" => "0",
    "report0sequencenumbercycles" => "0",
    "report0sourcessrc" => "0x00000000",
    "reportcount" => "1",
    "rtt" => "0.0000",
    "ssrc" => "0x00000000",
    "to" => "192.168.0.16:11633",
    "uniqueid" => "1744304823.324"
  },
  variables: %{}
}
[2025-04-10 17:07:06.297730Z] %ElixirAmi.Event{
  event: "varset",
  source: :asterisk_connection,
  action_id: nil,
  keys: %{
    "accountcode" => "",
    "calleridname" => "104",
    "calleridnum" => "104",
    "channel" => "PJSIP/104-000000d8",
    "channelstate" => "6",
    "channelstatedesc" => "Up",
    "connectedlinename" => "102",
    "connectedlinenum" => "102",
    "context" => "org_all",
    "exten" => "102",
    "language" => "en",
    "linkedid" => "1744304823.324",
    "priority" => "2",
    "privilege" => "dialplan,all",
    "uniqueid" => "1744304823.324",
    "value" => "/home/rawmn/AsteriskConnector/priv/recordings/104_102_2025-04-101744304823.324.wav",
    "variable" => "MIXMONITOR_FILENAME"
  },
  variables: %{}
}
[2025-04-10 17:07:06.297944Z] %ElixirAmi.Event{
  event: "mixmonitorstart",
  source: :asterisk_connection,
  action_id: nil,
  keys: %{
    "accountcode" => "",
    "calleridname" => "104",
    "calleridnum" => "104",
    "channel" => "PJSIP/104-000000d8",
    "channelstate" => "6",
    "channelstatedesc" => "Up",
    "connectedlinename" => "102",
    "connectedlinenum" => "102",
    "context" => "org_all",
    "exten" => "102",
    "language" => "en",
    "linkedid" => "1744304823.324",
    "priority" => "2",
    "privilege" => "call,all",
    "uniqueid" => "1744304823.324"
  },
  variables: %{}
}
[2025-04-10 17:07:06.298131Z] %ElixirAmi.Event{
  event: "varset",
  source: :asterisk_connection,
  action_id: nil,
  keys: %{
    "accountcode" => "",
    "calleridname" => "104",
    "calleridnum" => "104",
    "channel" => "PJSIP/104-000000d8",
    "channelstate" => "6",
    "channelstatedesc" => "Up",
    "connectedlinename" => "102",
    "connectedlinenum" => "102",
    "context" => "org_all",
    "exten" => "102",
    "language" => "en",
    "linkedid" => "1744304823.324",
    "priority" => "2",
    "privilege" => "dialplan,all",
    "uniqueid" => "1744304823.324",
    "value" => "PJSIP/102-000000d9",
    "variable" => "BRIDGEPEER"
  },
  variables: %{}
}
[2025-04-10 17:07:06.298324Z] %ElixirAmi.Event{
  event: "varset",
  source: :asterisk_connection,
  action_id: nil,
  keys: %{
    "accountcode" => "",
    "calleridname" => "104",
    "calleridnum" => "104",
    "channel" => "PJSIP/104-000000d8",
    "channelstate" => "6",
    "channelstatedesc" => "Up",
    "connectedlinename" => "102",
    "connectedlinenum" => "102",
    "context" => "org_all",
    "exten" => "102",
    "language" => "en",
    "linkedid" => "1744304823.324",
    "priority" => "2",
    "privilege" => "dialplan,all",
    "uniqueid" => "1744304823.324",
    "value" => "60f26514-be05-49d1-9cdc-e1a947529cca",
    "variable" => "BRIDGEPVTCALLID"
  },
  variables: %{}
}
[2025-04-10 17:07:06.298474Z] %ElixirAmi.Event{
  event: "varset",
  source: :asterisk_connection,
  action_id: nil,
  keys: %{
    "accountcode" => "",
    "calleridname" => "102",
    "calleridnum" => "102",
    "channel" => "PJSIP/102-000000d9",
    "channelstate" => "6",
    "channelstatedesc" => "Up",
    "connectedlinename" => "104",
    "connectedlinenum" => "104",
    "context" => "org_all",
    "exten" => "",
    "language" => "en",
    "linkedid" => "1744304823.324",
    "priority" => "1",
    "privilege" => "dialplan,all",
    "uniqueid" => "1744304823.325",
    "value" => "PJSIP/104-000000d8",
    "variable" => "BRIDGEPEER"
  },
  variables: %{}
}
[2025-04-10 17:07:06.298616Z] %ElixirAmi.Event{
  event: "varset",
  source: :asterisk_connection,
  action_id: nil,
  keys: %{
    "accountcode" => "",
    "calleridname" => "102",
    "calleridnum" => "102",
    "channel" => "PJSIP/102-000000d9",
    "channelstate" => "6",
    "channelstatedesc" => "Up",
    "connectedlinename" => "104",
    "connectedlinenum" => "104",
    "context" => "org_all",
    "exten" => "",
    "language" => "en",
    "linkedid" => "1744304823.324",
    "priority" => "1",
    "privilege" => "dialplan,all",
    "uniqueid" => "1744304823.325",
    "value" => "4fb31baccced4e3ab5c3fc82b043e195",
    "variable" => "BRIDGEPVTCALLID"
  },
  variables: %{}
}
[2025-04-10 17:07:06.298832Z] %ElixirAmi.Event{
  event: "varset",
  source: :asterisk_connection,
  action_id: nil,
  keys: %{
    "accountcode" => "",
    "calleridname" => "104",
    "calleridnum" => "104",
    "channel" => "PJSIP/104-000000d8",
    "channelstate" => "6",
    "channelstatedesc" => "Up",
    "connectedlinename" => "102",
    "connectedlinenum" => "102",
    "context" => "org_all",
    "exten" => "102",
    "language" => "en",
    "linkedid" => "1744304823.324",
    "priority" => "2",
    "privilege" => "dialplan,all",
    "uniqueid" => "1744304823.324",
    "value" => "PJSIP/102-000000d9",
    "variable" => "BRIDGEPEER"
  },
  variables: %{}
}
[2025-04-10 17:07:06.299006Z] %ElixirAmi.Event{
  event: "varset",
  source: :asterisk_connection,
  action_id: nil,
  keys: %{
    "accountcode" => "",
    "calleridname" => "104",
    "calleridnum" => "104",
    "channel" => "PJSIP/104-000000d8",
    "channelstate" => "6",
    "channelstatedesc" => "Up",
    "connectedlinename" => "102",
    "connectedlinenum" => "102",
    "context" => "org_all",
    "exten" => "102",
    "language" => "en",
    "linkedid" => "1744304823.324",
    "priority" => "2",
    "privilege" => "dialplan,all",
    "uniqueid" => "1744304823.324",
    "value" => "60f26514-be05-49d1-9cdc-e1a947529cca",
    "variable" => "BRIDGEPVTCALLID"
  },
  variables: %{}
}
[2025-04-10 17:07:06.299188Z] %ElixirAmi.Event{
  event: "varset",
  source: :asterisk_connection,
  action_id: nil,
  keys: %{
    "accountcode" => "",
    "calleridname" => "102",
    "calleridnum" => "102",
    "channel" => "PJSIP/102-000000d9",
    "channelstate" => "6",
    "channelstatedesc" => "Up",
    "connectedlinename" => "104",
    "connectedlinenum" => "104",
    "context" => "org_all",
    "exten" => "",
    "language" => "en",
    "linkedid" => "1744304823.324",
    "priority" => "1",
    "privilege" => "dialplan,all",
    "uniqueid" => "1744304823.325",
    "value" => "PJSIP/104-000000d8",
    "variable" => "BRIDGEPEER"
  },
  variables: %{}
}
[2025-04-10 17:07:06.299424Z] %ElixirAmi.Event{
  event: "varset",
  source: :asterisk_connection,
  action_id: nil,
  keys: %{
    "accountcode" => "",
    "calleridname" => "102",
    "calleridnum" => "102",
    "channel" => "PJSIP/102-000000d9",
    "channelstate" => "6",
    "channelstatedesc" => "Up",
    "connectedlinename" => "104",
    "connectedlinenum" => "104",
    "context" => "org_all",
    "exten" => "",
    "language" => "en",
    "linkedid" => "1744304823.324",
    "priority" => "1",
    "privilege" => "dialplan,all",
    "uniqueid" => "1744304823.325",
    "value" => "4fb31baccced4e3ab5c3fc82b043e195",
    "variable" => "BRIDGEPVTCALLID"
  },
  variables: %{}
}
[2025-04-10 17:07:06.299810Z] %ElixirAmi.Event{
  event: "varset",
  source: :asterisk_connection,
  action_id: nil,
  keys: %{
    "accountcode" => "",
    "calleridname" => "104",
    "calleridnum" => "104",
    "channel" => "PJSIP/104-000000d8",
    "channelstate" => "6",
    "channelstatedesc" => "Up",
    "connectedlinename" => "102",
    "connectedlinenum" => "102",
    "context" => "org_all",
    "exten" => "102",
    "language" => "en",
    "linkedid" => "1744304823.324",
    "priority" => "2",
    "privilege" => "dialplan,all",
    "uniqueid" => "1744304823.324",
    "value" => "PJSIP/102-000000d9",
    "variable" => "BRIDGEPEER"
  },
  variables: %{}
}
[2025-04-10 17:07:06.299982Z] %ElixirAmi.Event{
  event: "varset",
  source: :asterisk_connection,
  action_id: nil,
  keys: %{
    "accountcode" => "",
    "calleridname" => "104",
    "calleridnum" => "104",
    "channel" => "PJSIP/104-000000d8",
    "channelstate" => "6",
    "channelstatedesc" => "Up",
    "connectedlinename" => "102",
    "connectedlinenum" => "102",
    "context" => "org_all",
    "exten" => "102",
    "language" => "en",
    "linkedid" => "1744304823.324",
    "priority" => "2",
    "privilege" => "dialplan,all",
    "uniqueid" => "1744304823.324",
    "value" => "60f26514-be05-49d1-9cdc-e1a947529cca",
    "variable" => "BRIDGEPVTCALLID"
  },
  variables: %{}
}
[2025-04-10 17:07:06.300162Z] %ElixirAmi.Event{
  event: "varset",
  source: :asterisk_connection,
  action_id: nil,
  keys: %{
    "accountcode" => "",
    "calleridname" => "102",
    "calleridnum" => "102",
    "channel" => "PJSIP/102-000000d9",
    "channelstate" => "6",
    "channelstatedesc" => "Up",
    "connectedlinename" => "104",
    "connectedlinenum" => "104",
    "context" => "org_all",
    "exten" => "",
    "language" => "en",
    "linkedid" => "1744304823.324",
    "priority" => "1",
    "privilege" => "dialplan,all",
    "uniqueid" => "1744304823.325",
    "value" => "PJSIP/104-000000d8",
    "variable" => "BRIDGEPEER"
  },
  variables: %{}
}
[2025-04-10 17:07:06.300432Z] %ElixirAmi.Event{
  event: "varset",
  source: :asterisk_connection,
  action_id: nil,
  keys: %{
    "accountcode" => "",
    "calleridname" => "102",
    "calleridnum" => "102",
    "channel" => "PJSIP/102-000000d9",
    "channelstate" => "6",
    "channelstatedesc" => "Up",
    "connectedlinename" => "104",
    "connectedlinenum" => "104",
    "context" => "org_all",
    "exten" => "",
    "language" => "en",
    "linkedid" => "1744304823.324",
    "priority" => "1",
    "privilege" => "dialplan,all",
    "uniqueid" => "1744304823.325",
    "value" => "4fb31baccced4e3ab5c3fc82b043e195",
    "variable" => "BRIDGEPVTCALLID"
  },
  variables: %{}
}
[2025-04-10 17:07:06.310535Z] %ElixirAmi.Event{
  event: "varset",
  source: :asterisk_connection,
  action_id: nil,
  keys: %{
    "accountcode" => "",
    "calleridname" => "104",
    "calleridnum" => "104",
    "channel" => "PJSIP/104-000000d8",
    "channelstate" => "6",
    "channelstatedesc" => "Up",
    "connectedlinename" => "102",
    "connectedlinenum" => "102",
    "context" => "org_all",
    "exten" => "102",
    "language" => "en",
    "linkedid" => "1744304823.324",
    "priority" => "2",
    "privilege" => "dialplan,all",
    "uniqueid" => "1744304823.324",
    "value" => "PJSIP/102-000000d9",
    "variable" => "BRIDGEPEER"
  },
  variables: %{}
}
[2025-04-10 17:07:06.310758Z] %ElixirAmi.Event{
  event: "varset",
  source: :asterisk_connection,
  action_id: nil,
  keys: %{
    "accountcode" => "",
    "calleridname" => "104",
    "calleridnum" => "104",
    "channel" => "PJSIP/104-000000d8",
    "channelstate" => "6",
    "channelstatedesc" => "Up",
    "connectedlinename" => "102",
    "connectedlinenum" => "102",
    "context" => "org_all",
    "exten" => "102",
    "language" => "en",
    "linkedid" => "1744304823.324",
    "priority" => "2",
    "privilege" => "dialplan,all",
    "uniqueid" => "1744304823.324",
    "value" => "60f26514-be05-49d1-9cdc-e1a947529cca",
    "variable" => "BRIDGEPVTCALLID"
  },
  variables: %{}
}
[2025-04-10 17:07:06.310950Z] %ElixirAmi.Event{
  event: "varset",
  source: :asterisk_connection,
  action_id: nil,
  keys: %{
    "accountcode" => "",
    "calleridname" => "102",
    "calleridnum" => "102",
    "channel" => "PJSIP/102-000000d9",
    "channelstate" => "6",
    "channelstatedesc" => "Up",
    "connectedlinename" => "104",
    "connectedlinenum" => "104",
    "context" => "org_all",
    "exten" => "",
    "language" => "en",
    "linkedid" => "1744304823.324",
    "priority" => "1",
    "privilege" => "dialplan,all",
    "uniqueid" => "1744304823.325",
    "value" => "PJSIP/104-000000d8",
    "variable" => "BRIDGEPEER"
  },
  variables: %{}
}
[2025-04-10 17:07:06.311248Z] %ElixirAmi.Event{
  event: "varset",
  source: :asterisk_connection,
  action_id: nil,
  keys: %{
    "accountcode" => "",
    "calleridname" => "102",
    "calleridnum" => "102",
    "channel" => "PJSIP/102-000000d9",
    "channelstate" => "6",
    "channelstatedesc" => "Up",
    "connectedlinename" => "104",
    "connectedlinenum" => "104",
    "context" => "org_all",
    "exten" => "",
    "language" => "en",
    "linkedid" => "1744304823.324",
    "priority" => "1",
    "privilege" => "dialplan,all",
    "uniqueid" => "1744304823.325",
    "value" => "4fb31baccced4e3ab5c3fc82b043e195",
    "variable" => "BRIDGEPVTCALLID"
  },
  variables: %{}
}
[2025-04-10 17:07:06.475387Z] %ElixirAmi.Event{
  event: "rtcpreceived",
  source: :asterisk_connection,
  action_id: nil,
  keys: %{
    "pt" => "200(SR)",
    "report0highestsequence" => "27422",
    "mes" => "85.4",
    "privilege" => "reporting,all",
    "channelstatedesc" => "Up",
    "uniqueid" => "1744304823.325",
    "sentntp" => "1744330026.185099",
    "report0fractionlost" => "0",
    "sentpackets" => "9",
    "report0lsr" => "0",
    "linkedid" => "1744304823.324",
    "ssrc" => "0xeba2dbaa",
    "exten" => "",
    "channel" => "PJSIP/102-000000d9",
    "report0iajitter" => "0",
    "sentrtp" => "1480",
    "context" => "org_all",
    "connectedlinename" => "104",
    "priority" => "1",
    "rtt" => "0.0000",
    "to" => "192.168.0.16:18461",
    "reportcount" => "1",
    "language" => "en",
    "sentoctets" => "1440",
    "calleridname" => "102",
    "from" => "192.168.0.16:4221",
    "report0cumulativelost" => "0",
    "report0sequencenumbercycles" => "0",
    "calleridnum" => "102",
    "channelstate" => "6",
    "accountcode" => "",
    "report0dlsr" => "0.0000",
    "report0sourcessrc" => "0x5baab21f",
    "connectedlinenum" => "104"
  },
  variables: %{}
}
[2025-04-10 17:07:06.480641Z] %ElixirAmi.Event{
  event: "rtcpreceived",
  source: :asterisk_connection,
  action_id: nil,
  keys: %{
    "pt" => "200(SR)",
    "report0highestsequence" => "11897",
    "mes" => "85.4",
    "privilege" => "reporting,all",
    "channelstatedesc" => "Up",
    "uniqueid" => "1744304823.324",
    "sentntp" => "1744330026.188775",
    "report0fractionlost" => "0",
    "sentpackets" => "10",
    "report0lsr" => "0",
    "linkedid" => "1744304823.324",
    "ssrc" => "0xeba2dbaa",
    "exten" => "102",
    "channel" => "PJSIP/104-000000d8",
    "report0iajitter" => "0",
    "sentrtp" => "1504",
    "context" => "org_all",
    "connectedlinename" => "102",
    "priority" => "2",
    "rtt" => "0.0000",
    "to" => "192.168.0.16:11633",
    "reportcount" => "1",
    "language" => "en",
    "sentoctets" => "1600",
    "calleridname" => "104",
    "from" => "192.168.0.16:4039",
    "report0cumulativelost" => "0",
    "report0sequencenumbercycles" => "0",
    "calleridnum" => "104",
    "channelstate" => "6",
    "accountcode" => "",
    "report0dlsr" => "0.0000",
    "report0sourcessrc" => "0x37dcc65f",
    "connectedlinenum" => "102"
  },
  variables: %{}
}
[2025-04-10 17:07:08.969464Z] %ElixirAmi.Event{
  event: "rtcpreceived",
  source: :asterisk_connection,
  action_id: nil,
  keys: %{
    "pt" => "200(SR)",
    "report0highestsequence" => "27546",
    "mes" => "85.4",
    "privilege" => "reporting,all",
    "channelstatedesc" => "Up",
    "uniqueid" => "1744304823.325",
    "sentntp" => "1744330028.679059",
    "report0fractionlost" => "0",
    "sentpackets" => "134",
    "report0lsr" => "0",
    "linkedid" => "1744304823.324",
    "ssrc" => "0xeba2dbac",
    "exten" => "",
    "channel" => "PJSIP/102-000000d9",
    "report0iajitter" => "7",
    "sentrtp" => "21432",
    "context" => "org_all",
    "connectedlinename" => "104",
    "priority" => "1",
    "rtt" => "0.0000",
    "to" => "192.168.0.16:18461",
    "reportcount" => "1",
    "language" => "en",
    "sentoctets" => "21440",
    "calleridname" => "102",
    "from" => "192.168.0.16:4221",
    "report0cumulativelost" => "0",
    "report0sequencenumbercycles" => "0",
    "calleridnum" => "102",
    "channelstate" => "6",
    "accountcode" => "",
    "report0dlsr" => "0.0000",
    "report0sourcessrc" => "0x5baab21f",
    "connectedlinenum" => "104"
  },
  variables: %{}
}
[2025-04-10 17:07:08.970283Z] %ElixirAmi.Event{
  event: "rtcpreceived",
  source: :asterisk_connection,
  action_id: nil,
  keys: %{
    "accountcode" => "",
    "calleridname" => "102",
    "calleridnum" => "102",
    "channel" => "PJSIP/102-000000d9",
    "channelstate" => "6",
    "channelstatedesc" => "Up",
    "connectedlinename" => "104",
    "connectedlinenum" => "104",
    "context" => "org_all",
    "exten" => "",
    "from" => "192.168.0.16:4221",
    "language" => "en",
    "linkedid" => "1744304823.324",
    "mes" => "85.4",
    "priority" => "1",
    "privilege" => "reporting,all",
    "pt" => "201(RR)",
    "report0cumulativelost" => "0",
    "report0dlsr" => "0.0000",
    "report0fractionlost" => "0",
    "report0highestsequence" => "27546",
    "report0iajitter" => "7",
    "report0lsr" => "0",
    "report0sequencenumbercycles" => "0",
    "report0sourcessrc" => "0x5baab21f",
    "reportcount" => "1",
    "rtt" => "0.0000",
    "ssrc" => "0x5baab21f",
    "to" => "192.168.0.16:18461",
    "uniqueid" => "1744304823.325"
  },
  variables: %{}
}
[2025-04-10 17:07:08.971072Z] %ElixirAmi.Event{
  event: "varset",
  source: :asterisk_connection,
  action_id: nil,
  keys: %{
    "accountcode" => "",
    "calleridname" => "102",
    "calleridnum" => "102",
    "channel" => "PJSIP/102-000000d9",
    "channelstate" => "6",
    "channelstatedesc" => "Up",
    "connectedlinename" => "104",
    "connectedlinenum" => "104",
    "context" => "org_all",
    "exten" => "",
    "language" => "en",
    "linkedid" => "1744304823.324",
    "priority" => "1",
    "privilege" => "dialplan,all",
    "uniqueid" => "1744304823.325",
    "value" => "ssrc=1537913375;themssrc=638871331;lp=0;rxjitter=0.000875;rxcount=134;txjitter=0.000875;txcount=134;rlp=0;rtt=0.000000;rxmes=85.367289;txmes=0.000000",
    "variable" => "RTPAUDIOQOS"
  },
  variables: %{}
}
[2025-04-10 17:07:08.971479Z] %ElixirAmi.Event{
  event: "varset",
  source: :asterisk_connection,
  action_id: nil,
  keys: %{
    "accountcode" => "",
    "calleridname" => "104",
    "calleridnum" => "104",
    "channel" => "PJSIP/104-000000d8",
    "channelstate" => "6",
    "channelstatedesc" => "Up",
    "connectedlinename" => "102",
    "connectedlinenum" => "102",
    "context" => "org_all",
    "exten" => "102",
    "language" => "en",
    "linkedid" => "1744304823.324",
    "priority" => "2",
    "privilege" => "dialplan,all",
    "uniqueid" => "1744304823.324",
    "value" => "ssrc=1537913375;themssrc=638871331;lp=0;rxjitter=0.000875;rxcount=134;txjitter=0.000875;txcount=134;rlp=0;rtt=0.000000;rxmes=85.367289;txmes=0.000000",
    "variable" => "RTPAUDIOQOSBRIDGED"
  },
  variables: %{}
}
[2025-04-10 17:07:08.971818Z] %ElixirAmi.Event{
  event: "varset",
  source: :asterisk_connection,
  action_id: nil,
  keys: %{
    "accountcode" => "",
    "calleridname" => "102",
    "calleridnum" => "102",
    "channel" => "PJSIP/102-000000d9",
    "channelstate" => "6",
    "channelstatedesc" => "Up",
    "connectedlinename" => "104",
    "connectedlinenum" => "104",
    "context" => "org_all",
    "exten" => "",
    "language" => "en",
    "linkedid" => "1744304823.324",
    "priority" => "1",
    "privilege" => "dialplan,all",
    "uniqueid" => "1744304823.325",
    "value" => "minrxjitter=000.000000;maxrxjitter=000.000875;avgrxjitter=000.000680;stdevrxjitter=000.000180;mintxjitter=000.000000;maxtxjitter=000.000875;avgtxjitter=000.000350;stdevtxjitter=000.000429;",
    "variable" => "RTPAUDIOQOSJITTER"
  },
  variables: %{}
}
[2025-04-10 17:07:08.972181Z] %ElixirAmi.Event{
  event: "varset",
  source: :asterisk_connection,
  action_id: nil,
  keys: %{
    "accountcode" => "",
    "calleridname" => "104",
    "calleridnum" => "104",
    "channel" => "PJSIP/104-000000d8",
    "channelstate" => "6",
    "channelstatedesc" => "Up",
    "connectedlinename" => "102",
    "connectedlinenum" => "102",
    "context" => "org_all",
    "exten" => "102",
    "language" => "en",
    "linkedid" => "1744304823.324",
    "priority" => "2",
    "privilege" => "dialplan,all",
    "uniqueid" => "1744304823.324",
    "value" => "minrxjitter=000.000000;maxrxjitter=000.000875;avgrxjitter=000.000680;stdevrxjitter=000.000180;mintxjitter=000.000000;maxtxjitter=000.000875;avgtxjitter=000.000350;stdevtxjitter=000.000429;",
    "variable" => "RTPAUDIOQOSJITTERBRIDGED"
  },
  variables: %{}
}
[2025-04-10 17:07:08.972520Z] %ElixirAmi.Event{
  event: "varset",
  source: :asterisk_connection,
  action_id: nil,
  keys: %{
    "accountcode" => "",
    "calleridname" => "102",
    "calleridnum" => "102",
    "channel" => "PJSIP/102-000000d9",
    "channelstate" => "6",
    "channelstatedesc" => "Up",
    "connectedlinename" => "104",
    "connectedlinenum" => "104",
    "context" => "org_all",
    "exten" => "",
    "language" => "en",
    "linkedid" => "1744304823.324",
    "priority" => "1",
    "privilege" => "dialplan,all",
    "uniqueid" => "1744304823.325",
    "value" => "minrxlost=000.000000;  maxrxlost=000.000000;  avgrxlost=000.000000;  stdevrxlost=000.000000;  mintxlost=000.000000;  maxtxlost=000.000000;  avgtxlost=000.000000;  stdevtxlost=000.000000;",
    "variable" => "RTPAUDIOQOSLOSS"
  },
  variables: %{}
}
[2025-04-10 17:07:08.972753Z] %ElixirAmi.Event{
  event: "varset",
  source: :asterisk_connection,
  action_id: nil,
  keys: %{
    "accountcode" => "",
    "calleridname" => "104",
    "calleridnum" => "104",
    "channel" => "PJSIP/104-000000d8",
    "channelstate" => "6",
    "channelstatedesc" => "Up",
    "connectedlinename" => "102",
    "connectedlinenum" => "102",
    "context" => "org_all",
    "exten" => "102",
    "language" => "en",
    "linkedid" => "1744304823.324",
    "priority" => "2",
    "privilege" => "dialplan,all",
    "uniqueid" => "1744304823.324",
    "value" => "minrxlost=000.000000;  maxrxlost=000.000000;  avgrxlost=000.000000;  stdevrxlost=000.000000;  mintxlost=000.000000;  maxtxlost=000.000000;  avgtxlost=000.000000;  stdevtxlost=000.000000;",
    "variable" => "RTPAUDIOQOSLOSSBRIDGED"
  },
  variables: %{}
}
[2025-04-10 17:07:08.972950Z] %ElixirAmi.Event{
  event: "varset",
  source: :asterisk_connection,
  action_id: nil,
  keys: %{
    "accountcode" => "",
    "calleridname" => "102",
    "calleridnum" => "102",
    "channel" => "PJSIP/102-000000d9",
    "channelstate" => "6",
    "channelstatedesc" => "Up",
    "connectedlinename" => "104",
    "connectedlinenum" => "104",
    "context" => "org_all",
    "exten" => "",
    "language" => "en",
    "linkedid" => "1744304823.324",
    "priority" => "1",
    "privilege" => "dialplan,all",
    "uniqueid" => "1744304823.325",
    "value" => "minrtt=000.000000;     maxrtt=000.000000;     avgrtt=000.000000;     stdevrtt=000.000000;",
    "variable" => "RTPAUDIOQOSRTT"
  },
  variables: %{}
}
[2025-04-10 17:07:08.973129Z] %ElixirAmi.Event{
  event: "varset",
  source: :asterisk_connection,
  action_id: nil,
  keys: %{
    "accountcode" => "",
    "calleridname" => "104",
    "calleridnum" => "104",
    "channel" => "PJSIP/104-000000d8",
    "channelstate" => "6",
    "channelstatedesc" => "Up",
    "connectedlinename" => "102",
    "connectedlinenum" => "102",
    "context" => "org_all",
    "exten" => "102",
    "language" => "en",
    "linkedid" => "1744304823.324",
    "priority" => "2",
    "privilege" => "dialplan,all",
    "uniqueid" => "1744304823.324",
    "value" => "minrtt=000.000000;     maxrtt=000.000000;     avgrtt=000.000000;     stdevrtt=000.000000;",
    "variable" => "RTPAUDIOQOSRTTBRIDGED"
  },
  variables: %{}
}
[2025-04-10 17:07:08.973356Z] %ElixirAmi.Event{
  event: "varset",
  source: :asterisk_connection,
  action_id: nil,
  keys: %{
    "accountcode" => "",
    "calleridname" => "102",
    "calleridnum" => "102",
    "channel" => "PJSIP/102-000000d9",
    "channelstate" => "6",
    "channelstatedesc" => "Up",
    "connectedlinename" => "104",
    "connectedlinenum" => "104",
    "context" => "org_all",
    "exten" => "",
    "language" => "en",
    "linkedid" => "1744304823.324",
    "priority" => "1",
    "privilege" => "dialplan,all",
    "uniqueid" => "1744304823.325",
    "value" => "minrxmes=000.000000;   maxrxmes=000.000000;   avgrxmes=000.000000;   stdevrxmes=000.000180;   mintxmes=085.367289;   maxtxmes=085.367289;   avgtxmes=085.367289;   stdevtxmes=000.000000;",
    "variable" => "RTPAUDIOQOSMES"
  },
  variables: %{}
}
[2025-04-10 17:07:08.973521Z] %ElixirAmi.Event{
  event: "varset",
  source: :asterisk_connection,
  action_id: nil,
  keys: %{
    "accountcode" => "",
    "calleridname" => "104",
    "calleridnum" => "104",
    "channel" => "PJSIP/104-000000d8",
    "channelstate" => "6",
    "channelstatedesc" => "Up",
    "connectedlinename" => "102",
    "connectedlinenum" => "102",
    "context" => "org_all",
    "exten" => "102",
    "language" => "en",
    "linkedid" => "1744304823.324",
    "priority" => "2",
    "privilege" => "dialplan,all",
    "uniqueid" => "1744304823.324",
    "value" => "minrxmes=000.000000;   maxrxmes=000.000000;   avgrxmes=000.000000;   stdevrxmes=000.000180;   mintxmes=085.367289;   maxtxmes=085.367289;   avgtxmes=085.367289;   stdevtxmes=000.000000;",
    "variable" => "RTPAUDIOQOSMESBRIDGED"
  },
  variables: %{}
}
[2025-04-10 17:07:08.973667Z] %ElixirAmi.Event{
  event: "hanguprequest",
  source: :asterisk_connection,
  action_id: nil,
  keys: %{
    "accountcode" => "",
    "calleridname" => "102",
    "calleridnum" => "102",
    "channel" => "PJSIP/102-000000d9",
    "channelstate" => "6",
    "channelstatedesc" => "Up",
    "connectedlinename" => "104",
    "connectedlinenum" => "104",
    "context" => "org_all",
    "exten" => "",
    "language" => "en",
    "linkedid" => "1744304823.324",
    "priority" => "1",
    "privilege" => "call,all",
    "uniqueid" => "1744304823.325"
  },
  variables: %{}
}
[2025-04-10 17:07:08.973818Z] %ElixirAmi.Event{
  event: "varset",
  source: :asterisk_connection,
  action_id: nil,
  keys: %{
    "accountcode" => "",
    "calleridname" => "102",
    "calleridnum" => "102",
    "channel" => "PJSIP/102-000000d9",
    "channelstate" => "6",
    "channelstatedesc" => "Up",
    "connectedlinename" => "104",
    "connectedlinenum" => "104",
    "context" => "org_all",
    "exten" => "",
    "language" => "en",
    "linkedid" => "1744304823.324",
    "priority" => "1",
    "privilege" => "dialplan,all",
    "uniqueid" => "1744304823.325",
    "value" => "",
    "variable" => "BRIDGEPEER"
  },
  variables: %{}
}
[2025-04-10 17:07:08.974448Z] %ElixirAmi.Event{
  event: "varset",
  source: :asterisk_connection,
  action_id: nil,
  keys: %{
    "accountcode" => "",
    "calleridname" => "102",
    "calleridnum" => "102",
    "channel" => "PJSIP/102-000000d9",
    "channelstate" => "6",
    "channelstatedesc" => "Up",
    "connectedlinename" => "104",
    "connectedlinenum" => "104",
    "context" => "org_all",
    "exten" => "",
    "language" => "en",
    "linkedid" => "1744304823.324",
    "priority" => "1",
    "privilege" => "dialplan,all",
    "uniqueid" => "1744304823.325",
    "value" => "",
    "variable" => "BRIDGEPVTCALLID"
  },
  variables: %{}
}
[2025-04-10 17:07:08.974638Z] %ElixirAmi.Event{
  event: "varset",
  source: :asterisk_connection,
  action_id: nil,
  keys: %{
    "accountcode" => "",
    "calleridname" => "104",
    "calleridnum" => "104",
    "channel" => "PJSIP/104-000000d8",
    "channelstate" => "6",
    "channelstatedesc" => "Up",
    "connectedlinename" => "102",
    "connectedlinenum" => "102",
    "context" => "org_all",
    "exten" => "102",
    "language" => "en",
    "linkedid" => "1744304823.324",
    "priority" => "2",
    "privilege" => "dialplan,all",
    "uniqueid" => "1744304823.324",
    "value" => "",
    "variable" => "BRIDGEPEER"
  },
  variables: %{}
}
[2025-04-10 17:07:08.974796Z] %ElixirAmi.Event{
  event: "varset",
  source: :asterisk_connection,
  action_id: nil,
  keys: %{
    "accountcode" => "",
    "calleridname" => "104",
    "calleridnum" => "104",
    "channel" => "PJSIP/104-000000d8",
    "channelstate" => "6",
    "channelstatedesc" => "Up",
    "connectedlinename" => "102",
    "connectedlinenum" => "102",
    "context" => "org_all",
    "exten" => "102",
    "language" => "en",
    "linkedid" => "1744304823.324",
    "priority" => "2",
    "privilege" => "dialplan,all",
    "uniqueid" => "1744304823.324",
    "value" => "",
    "variable" => "BRIDGEPVTCALLID"
  },
  variables: %{}
}
[2025-04-10 17:07:08.975010Z] %ElixirAmi.Event{
  event: "bridgeleave",
  source: :asterisk_connection,
  action_id: nil,
  keys: %{
    "accountcode" => "",
    "bridgecreator" => "<unknown>",
    "bridgename" => "<unknown>",
    "bridgenumchannels" => "1",
    "bridgetechnology" => "simple_bridge",
    "bridgetype" => "basic",
    "bridgeuniqueid" => "fac8763a-7801-4e17-a1c8-b9c27c4616be",
    "bridgevideosourcemode" => "none",
    "calleridname" => "102",
    "calleridnum" => "102",
    "channel" => "PJSIP/102-000000d9",
    "channelstate" => "6",
    "channelstatedesc" => "Up",
    "connectedlinename" => "104",
    "connectedlinenum" => "104",
    "context" => "org_all",
    "exten" => "",
    "language" => "en",
    "linkedid" => "1744304823.324",
    "priority" => "1",
    "privilege" => "call,all",
    "uniqueid" => "1744304823.325"
  },
  variables: %{}
}
[2025-04-10 17:07:08.975303Z] %ElixirAmi.Event{
  event: "bridgeleave",
  source: :asterisk_connection,
  action_id: nil,
  keys: %{
    "accountcode" => "",
    "bridgecreator" => "<unknown>",
    "bridgename" => "<unknown>",
    "bridgenumchannels" => "0",
    "bridgetechnology" => "simple_bridge",
    "bridgetype" => "basic",
    "bridgeuniqueid" => "fac8763a-7801-4e17-a1c8-b9c27c4616be",
    "bridgevideosourcemode" => "none",
    "calleridname" => "104",
    "calleridnum" => "104",
    "channel" => "PJSIP/104-000000d8",
    "channelstate" => "6",
    "channelstatedesc" => "Up",
    "connectedlinename" => "102",
    "connectedlinenum" => "102",
    "context" => "org_all",
    "exten" => "102",
    "language" => "en",
    "linkedid" => "1744304823.324",
    "priority" => "2",
    "privilege" => "call,all",
    "uniqueid" => "1744304823.324"
  },
  variables: %{}
}
[2025-04-10 17:07:08.975678Z] %ElixirAmi.Event{
  event: "varset",
  source: :asterisk_connection,
  action_id: nil,
  keys: %{
    "accountcode" => "",
    "calleridname" => "102",
    "calleridnum" => "102",
    "channel" => "PJSIP/102-000000d9",
    "channelstate" => "6",
    "channelstatedesc" => "Up",
    "connectedlinename" => "104",
    "connectedlinenum" => "104",
    "context" => "org_all",
    "exten" => "",
    "language" => "en",
    "linkedid" => "1744304823.324",
    "priority" => "1",
    "privilege" => "dialplan,all",
    "uniqueid" => "1744304823.325",
    "value" => "ssrc=1537913375;themssrc=638871331;lp=0;rxjitter=0.000875;rxcount=134;txjitter=0.000875;txcount=134;rlp=0;rtt=0.000000;rxmes=85.367289;txmes=0.000000",
    "variable" => "RTPAUDIOQOS"
  },
  variables: %{}
}
[2025-04-10 17:07:08.975920Z] %ElixirAmi.Event{
  event: "varset",
  source: :asterisk_connection,
  action_id: nil,
  keys: %{
    "accountcode" => "",
    "calleridname" => "102",
    "calleridnum" => "102",
    "channel" => "PJSIP/102-000000d9",
    "channelstate" => "6",
    "channelstatedesc" => "Up",
    "connectedlinename" => "104",
    "connectedlinenum" => "104",
    "context" => "org_all",
    "exten" => "",
    "language" => "en",
    "linkedid" => "1744304823.324",
    "priority" => "1",
    "privilege" => "dialplan,all",
    "uniqueid" => "1744304823.325",
    "value" => "minrxjitter=000.000000;maxrxjitter=000.000875;avgrxjitter=000.000680;stdevrxjitter=000.000180;mintxjitter=000.000000;maxtxjitter=000.000875;avgtxjitter=000.000350;stdevtxjitter=000.000429;",
    "variable" => "RTPAUDIOQOSJITTER"
  },
  variables: %{}
}
[2025-04-10 17:07:08.976158Z] %ElixirAmi.Event{
  event: "varset",
  source: :asterisk_connection,
  action_id: nil,
  keys: %{
    "accountcode" => "",
    "calleridname" => "104",
    "calleridnum" => "104",
    "channel" => "PJSIP/104-000000d8",
    "channelstate" => "6",
    "channelstatedesc" => "Up",
    "connectedlinename" => "102",
    "connectedlinenum" => "102",
    "context" => "org_all",
    "exten" => "102",
    "language" => "en",
    "linkedid" => "1744304823.324",
    "priority" => "2",
    "privilege" => "dialplan,all",
    "uniqueid" => "1744304823.324",
    "value" => "2",
    "variable" => "ANSWEREDTIME"
  },
  variables: %{}
}
[2025-04-10 17:07:08.976402Z] %ElixirAmi.Event{
  event: "varset",
  source: :asterisk_connection,
  action_id: nil,
  keys: %{
    "accountcode" => "",
    "calleridname" => "104",
    "calleridnum" => "104",
    "channel" => "PJSIP/104-000000d8",
    "channelstate" => "6",
    "channelstatedesc" => "Up",
    "connectedlinename" => "102",
    "connectedlinenum" => "102",
    "context" => "org_all",
    "exten" => "102",
    "language" => "en",
    "linkedid" => "1744304823.324",
    "priority" => "2",
    "privilege" => "dialplan,all",
    "uniqueid" => "1744304823.324",
    "value" => "2679",
    "variable" => "ANSWEREDTIME_MS"
  },
  variables: %{}
}
[2025-04-10 17:07:08.976698Z] %ElixirAmi.Event{
  event: "varset",
  source: :asterisk_connection,
  action_id: nil,
  keys: %{
    "accountcode" => "",
    "calleridname" => "102",
    "calleridnum" => "102",
    "channel" => "PJSIP/102-000000d9",
    "channelstate" => "6",
    "channelstatedesc" => "Up",
    "connectedlinename" => "104",
    "connectedlinenum" => "104",
    "context" => "org_all",
    "exten" => "",
    "language" => "en",
    "linkedid" => "1744304823.324",
    "priority" => "1",
    "privilege" => "dialplan,all",
    "uniqueid" => "1744304823.325",
    "value" => "minrxlost=000.000000;  maxrxlost=000.000000;  avgrxlost=000.000000;  stdevrxlost=000.000000;  mintxlost=000.000000;  maxtxlost=000.000000;  avgtxlost=000.000000;  stdevtxlost=000.000000;",
    "variable" => "RTPAUDIOQOSLOSS"
  },
  variables: %{}
}
[2025-04-10 17:07:08.976901Z] %ElixirAmi.Event{
  event: "varset",
  source: :asterisk_connection,
  action_id: nil,
  keys: %{
    "accountcode" => "",
    "calleridname" => "104",
    "calleridnum" => "104",
    "channel" => "PJSIP/104-000000d8",
    "channelstate" => "6",
    "channelstatedesc" => "Up",
    "connectedlinename" => "102",
    "connectedlinenum" => "102",
    "context" => "org_all",
    "exten" => "102",
    "language" => "en",
    "linkedid" => "1744304823.324",
    "priority" => "2",
    "privilege" => "dialplan,all",
    "uniqueid" => "1744304823.324",
    "value" => "5",
    "variable" => "DIALEDTIME"
  },
  variables: %{}
}
[2025-04-10 17:07:08.977306Z] %ElixirAmi.Event{
  event: "varset",
  source: :asterisk_connection,
  action_id: nil,
  keys: %{
    "accountcode" => "",
    "calleridname" => "104",
    "calleridnum" => "104",
    "channel" => "PJSIP/104-000000d8",
    "channelstate" => "6",
    "channelstatedesc" => "Up",
    "connectedlinename" => "102",
    "connectedlinenum" => "102",
    "context" => "org_all",
    "exten" => "102",
    "language" => "en",
    "linkedid" => "1744304823.324",
    "priority" => "2",
    "privilege" => "dialplan,all",
    "uniqueid" => "1744304823.324",
    "value" => "5547",
    "variable" => "DIALEDTIME_MS"
  },
  variables: %{}
}
[2025-04-10 17:07:08.977614Z] %ElixirAmi.Event{
  event: "varset",
  source: :asterisk_connection,
  action_id: nil,
  keys: %{
    "accountcode" => "",
    "calleridname" => "102",
    "calleridnum" => "102",
    "channel" => "PJSIP/102-000000d9",
    "channelstate" => "6",
    "channelstatedesc" => "Up",
    "connectedlinename" => "104",
    "connectedlinenum" => "104",
    "context" => "org_all",
    "exten" => "",
    "language" => "en",
    "linkedid" => "1744304823.324",
    "priority" => "1",
    "privilege" => "dialplan,all",
    "uniqueid" => "1744304823.325",
    "value" => "minrtt=000.000000;     maxrtt=000.000000;     avgrtt=000.000000;     stdevrtt=000.000000;",
    "variable" => "RTPAUDIOQOSRTT"
  },
  variables: %{}
}
[2025-04-10 17:07:08.977882Z] %ElixirAmi.Event{
  event: "varset",
  source: :asterisk_connection,
  action_id: nil,
  keys: %{
    "accountcode" => "",
    "calleridname" => "102",
    "calleridnum" => "102",
    "channel" => "PJSIP/102-000000d9",
    "channelstate" => "6",
    "channelstatedesc" => "Up",
    "connectedlinename" => "104",
    "connectedlinenum" => "104",
    "context" => "org_all",
    "exten" => "",
    "language" => "en",
    "linkedid" => "1744304823.324",
    "priority" => "1",
    "privilege" => "dialplan,all",
    "uniqueid" => "1744304823.325",
    "value" => "minrxmes=000.000000;   maxrxmes=000.000000;   avgrxmes=000.000000;   stdevrxmes=000.000180;   mintxmes=085.367289;   maxtxmes=085.367289;   avgtxmes=085.367289;   stdevtxmes=000.000000;",
    "variable" => "RTPAUDIOQOSMES"
  },
  variables: %{}
}
[2025-04-10 17:07:08.978161Z] %ElixirAmi.Event{
  event: "varset",
  source: :asterisk_connection,
  action_id: nil,
  keys: %{
    "accountcode" => "",
    "calleridname" => "104",
    "calleridnum" => "104",
    "channel" => "PJSIP/104-000000d8",
    "channelstate" => "6",
    "channelstatedesc" => "Up",
    "connectedlinename" => "102",
    "connectedlinenum" => "102",
    "context" => "org_all",
    "exten" => "102",
    "language" => "en",
    "linkedid" => "1744304823.324",
    "priority" => "2",
    "privilege" => "dialplan,all",
    "uniqueid" => "1744304823.324",
    "value" => "ANSWER",
    "variable" => "DIALSTATUS"
  },
  variables: %{}
}
[2025-04-10 17:07:08.978444Z] %ElixirAmi.Event{
  event: "softhanguprequest",
  source: :asterisk_connection,
  action_id: nil,
  keys: %{
    "accountcode" => "",
    "calleridname" => "104",
    "calleridnum" => "104",
    "cause" => "16",
    "channel" => "PJSIP/104-000000d8",
    "channelstate" => "6",
    "channelstatedesc" => "Up",
    "connectedlinename" => "102",
    "connectedlinenum" => "102",
    "context" => "org_all",
    "exten" => "102",
    "language" => "en",
    "linkedid" => "1744304823.324",
    "priority" => "2",
    "privilege" => "call,all",
    "uniqueid" => "1744304823.324"
  },
  variables: %{}
}
[2025-04-10 17:07:08.978714Z] %ElixirAmi.Event{
  event: "hangup",
  source: :asterisk_connection,
  action_id: nil,
  keys: %{
    "accountcode" => "",
    "calleridname" => "102",
    "calleridnum" => "102",
    "cause" => "16",
    "cause-txt" => "Normal Clearing",
    "channel" => "PJSIP/102-000000d9",
    "channelstate" => "6",
    "channelstatedesc" => "Up",
    "connectedlinename" => "104",
    "connectedlinenum" => "104",
    "context" => "org_all",
    "exten" => "",
    "language" => "en",
    "linkedid" => "1744304823.324",
    "priority" => "1",
    "privilege" => "call,all",
    "uniqueid" => "1744304823.325"
  },
  variables: %{}
}
[2025-04-10 17:07:08.978872Z] %ElixirAmi.Event{
  event: "varset",
  source: :asterisk_connection,
  action_id: nil,
  keys: %{
    "accountcode" => "",
    "calleridname" => "104",
    "calleridnum" => "104",
    "channel" => "PJSIP/104-000000d8",
    "channelstate" => "6",
    "channelstatedesc" => "Up",
    "connectedlinename" => "102",
    "connectedlinenum" => "102",
    "context" => "org_all",
    "exten" => "102",
    "language" => "en",
    "linkedid" => "1744304823.324",
    "priority" => "2",
    "privilege" => "dialplan,all",
    "uniqueid" => "1744304823.324",
    "value" => "ssrc=937215583;themssrc=1968063989;lp=0;rxjitter=0.000000;rxcount=134;txjitter=0.000875;txcount=134;rlp=0;rtt=0.000000;rxmes=85.367289;txmes=0.000000",
    "variable" => "RTPAUDIOQOS"
  },
  variables: %{}
}
[2025-04-10 17:07:08.979190Z] %ElixirAmi.Event{
  event: "varset",
  source: :asterisk_connection,
  action_id: nil,
  keys: %{
    "accountcode" => "",
    "calleridname" => "104",
    "calleridnum" => "104",
    "channel" => "PJSIP/104-000000d8",
    "channelstate" => "6",
    "channelstatedesc" => "Up",
    "connectedlinename" => "102",
    "connectedlinenum" => "102",
    "context" => "org_all",
    "exten" => "102",
    "language" => "en",
    "linkedid" => "1744304823.324",
    "priority" => "2",
    "privilege" => "dialplan,all",
    "uniqueid" => "1744304823.324",
    "value" => "minrxjitter=000.000000;maxrxjitter=000.000875;avgrxjitter=000.000718;stdevrxjitter=000.000208;mintxjitter=000.000000;maxtxjitter=000.000000;avgtxjitter=000.000000;stdevtxjitter=000.000000;",
    "variable" => "RTPAUDIOQOSJITTER"
  },
  variables: %{}
}
[2025-04-10 17:07:08.979481Z] %ElixirAmi.Event{
  event: "varset",
  source: :asterisk_connection,
  action_id: nil,
  keys: %{
    "accountcode" => "",
    "calleridname" => "104",
    "calleridnum" => "104",
    "channel" => "PJSIP/104-000000d8",
    "channelstate" => "6",
    "channelstatedesc" => "Up",
    "connectedlinename" => "102",
    "connectedlinenum" => "102",
    "context" => "org_all",
    "exten" => "102",
    "language" => "en",
    "linkedid" => "1744304823.324",
    "priority" => "2",
    "privilege" => "dialplan,all",
    "uniqueid" => "1744304823.324",
    "value" => "minrxlost=000.000000;  maxrxlost=000.000000;  avgrxlost=000.000000;  stdevrxlost=000.000000;  mintxlost=000.000000;  maxtxlost=000.000000;  avgtxlost=000.000000;  stdevtxlost=000.000000;",
    "variable" => "RTPAUDIOQOSLOSS"
  },
  variables: %{}
}
[2025-04-10 17:07:08.979878Z] %ElixirAmi.Event{
  event: "varset",
  source: :asterisk_connection,
  action_id: nil,
  keys: %{
    "accountcode" => "",
    "calleridname" => "104",
    "calleridnum" => "104",
    "channel" => "PJSIP/104-000000d8",
    "channelstate" => "6",
    "channelstatedesc" => "Up",
    "connectedlinename" => "102",
    "connectedlinenum" => "102",
    "context" => "org_all",
    "exten" => "102",
    "language" => "en",
    "linkedid" => "1744304823.324",
    "priority" => "2",
    "privilege" => "dialplan,all",
    "uniqueid" => "1744304823.324",
    "value" => "minrtt=000.000000;     maxrtt=000.000000;     avgrtt=000.000000;     stdevrtt=000.000000;",
    "variable" => "RTPAUDIOQOSRTT"
  },
  variables: %{}
}
[2025-04-10 17:07:08.980249Z] %ElixirAmi.Event{
  event: "varset",
  source: :asterisk_connection,
  action_id: nil,
  keys: %{
    "accountcode" => "",
    "calleridname" => "104",
    "calleridnum" => "104",
    "channel" => "PJSIP/104-000000d8",
    "channelstate" => "6",
    "channelstatedesc" => "Up",
    "connectedlinename" => "102",
    "connectedlinenum" => "102",
    "context" => "org_all",
    "exten" => "102",
    "language" => "en",
    "linkedid" => "1744304823.324",
    "priority" => "2",
    "privilege" => "dialplan,all",
    "uniqueid" => "1744304823.324",
    "value" => "minrxmes=000.000000;   maxrxmes=000.000000;   avgrxmes=000.000000;   stdevrxmes=000.000208;   mintxmes=085.367289;   maxtxmes=085.367289;   avgtxmes=085.367289;   stdevtxmes=000.000000;",
    "variable" => "RTPAUDIOQOSMES"
  },
  variables: %{}
}
[2025-04-10 17:07:08.980457Z] %ElixirAmi.Event{
  event: "hangup",
  source: :asterisk_connection,
  action_id: nil,
  keys: %{
    "accountcode" => "",
    "calleridname" => "104",
    "calleridnum" => "104",
    "cause" => "16",
    "cause-txt" => "Normal Clearing",
    "channel" => "PJSIP/104-000000d8",
    "channelstate" => "6",
    "channelstatedesc" => "Up",
    "connectedlinename" => "102",
    "connectedlinenum" => "102",
    "context" => "org_all",
    "exten" => "102",
    "language" => "en",
    "linkedid" => "1744304823.324",
    "priority" => "2",
    "privilege" => "call,all",
    "uniqueid" => "1744304823.324"
  },
  variables: %{}
}
