[2025-04-15 12:22:23.125264Z] %ElixirAmi.Event{
  event: "newchannel",
  source: :asterisk_connection,
  action_id: nil,
  keys: %{
    "accountcode" => "",
    "calleridname" => "102",
    "calleridnum" => "102",
    "channel" => "PJSIP/102-0000000e",
    "channelstate" => "0",
    "channelstatedesc" => "Down",
    "connectedlinename" => "<unknown>",
    "connectedlinenum" => "<unknown>",
    "context" => "org_all",
    "exten" => "s",
    "language" => "en",
    "linkedid" => "1744719741.23",
    "priority" => "1",
    "privilege" => "call,all",
    "uniqueid" => "1744719741.23"
  },
  variables: %{}
}
[2025-04-15 12:22:23.125592Z] %ElixirAmi.Event{
  event: "newexten",
  source: :asterisk_connection,
  action_id: nil,
  keys: %{
    "accountcode" => "",
    "appdata" => "(Outgoing Line)",
    "application" => "AppDial2",
    "calleridname" => "102",
    "calleridnum" => "102",
    "channel" => "PJSIP/102-0000000e",
    "channelstate" => "0",
    "channelstatedesc" => "Down",
    "connectedlinename" => "<unknown>",
    "connectedlinenum" => "<unknown>",
    "context" => "org_all",
    "exten" => "s",
    "extension" => "s",
    "language" => "en",
    "linkedid" => "1744719741.23",
    "priority" => "1",
    "privilege" => "dialplan,all",
    "uniqueid" => "1744719741.23"
  },
  variables: %{}
}
[2025-04-15 12:22:23.125851Z] %ElixirAmi.Event{
  event: "newcallerid",
  source: :asterisk_connection,
  action_id: nil,
  keys: %{
    "accountcode" => "",
    "calleridname" => "101",
    "calleridnum" => "101",
    "channel" => "PJSIP/102-0000000e",
    "channelstate" => "0",
    "channelstatedesc" => "Down",
    "cid-callingpres" => "0 (Presentation Allowed, Not Screened)",
    "connectedlinename" => "<unknown>",
    "connectedlinenum" => "<unknown>",
    "context" => "org_all",
    "exten" => "s",
    "language" => "en",
    "linkedid" => "1744719741.23",
    "priority" => "1",
    "privilege" => "call,all",
    "uniqueid" => "1744719741.23"
  },
  variables: %{}
}
[2025-04-15 12:22:23.126158Z] %ElixirAmi.Event{
  event: "newconnectedline",
  source: :asterisk_connection,
  action_id: nil,
  keys: %{
    "accountcode" => "",
    "calleridname" => "101",
    "calleridnum" => "101",
    "channel" => "PJSIP/102-0000000e",
    "channelstate" => "0",
    "channelstatedesc" => "Down",
    "connectedlinename" => "101",
    "connectedlinenum" => "101",
    "context" => "org_all",
    "exten" => "s",
    "language" => "en",
    "linkedid" => "1744719741.23",
    "priority" => "1",
    "privilege" => "call,all",
    "uniqueid" => "1744719741.23"
  },
  variables: %{}
}
[2025-04-15 12:22:23.126761Z] %ElixirAmi.Event{
  event: "newstate",
  source: :asterisk_connection,
  action_id: nil,
  keys: %{
    "accountcode" => "",
    "calleridname" => "101",
    "calleridnum" => "101",
    "channel" => "PJSIP/102-0000000e",
    "channelstate" => "5",
    "channelstatedesc" => "Ringing",
    "connectedlinename" => "101",
    "connectedlinenum" => "101",
    "context" => "org_all",
    "exten" => "s",
    "language" => "en",
    "linkedid" => "1744719741.23",
    "priority" => "1",
    "privilege" => "call,all",
    "uniqueid" => "1744719741.23"
  },
  variables: %{}
}
[2025-04-15 12:22:23.127444Z] %ElixirAmi.Event{
  event: "rtcpreceived",
  source: :asterisk_connection,
  action_id: nil,
  keys: %{
    "accountcode" => "",
    "calleridname" => "101",
    "calleridnum" => "101",
    "channel" => "PJSIP/102-0000000e",
    "channelstate" => "5",
    "channelstatedesc" => "Ringing",
    "connectedlinename" => "101",
    "connectedlinenum" => "101",
    "context" => "org_all",
    "exten" => "s",
    "from" => "192.168.0.16:4023",
    "language" => "en",
    "linkedid" => "1744719741.23",
    "mes" => "85.4",
    "priority" => "1",
    "privilege" => "reporting,all",
    "pt" => "201(RR)",
    "report0cumulativelost" => "0",
    "report0dlsr" => "0.0000",
    "report0fractionlost" => "0",
    "report0highestsequence" => "0",
    "report0iajitter" => "0",
    "report0lsr" => "0",
    "report0sequencenumbercycles" => "0",
    "report0sourcessrc" => "0x00000000",
    "reportcount" => "1",
    "rtt" => "0.0000",
    "ssrc" => "0x00000000",
    "to" => "192.168.0.16:15169",
    "uniqueid" => "1744719741.23"
  },
  variables: %{}
}
[2025-04-15 12:22:23.127863Z] %ElixirAmi.Event{
  event: "rtcpreceived",
  source: :asterisk_connection,
  action_id: nil,
  keys: %{
    "accountcode" => "",
    "calleridname" => "101",
    "calleridnum" => "101",
    "channel" => "PJSIP/102-0000000e",
    "channelstate" => "5",
    "channelstatedesc" => "Ringing",
    "connectedlinename" => "101",
    "connectedlinenum" => "101",
    "context" => "org_all",
    "exten" => "s",
    "from" => "192.168.0.16:4023",
    "language" => "en",
    "linkedid" => "1744719741.23",
    "mes" => "85.4",
    "priority" => "1",
    "privilege" => "reporting,all",
    "pt" => "201(RR)",
    "report0cumulativelost" => "0",
    "report0dlsr" => "0.0000",
    "report0fractionlost" => "0",
    "report0highestsequence" => "0",
    "report0iajitter" => "0",
    "report0lsr" => "0",
    "report0sequencenumbercycles" => "0",
    "report0sourcessrc" => "0x00000000",
    "reportcount" => "1",
    "rtt" => "0.0000",
    "ssrc" => "0x00000000",
    "to" => "192.168.0.16:15169",
    "uniqueid" => "1744719741.23"
  },
  variables: %{}
}
[2025-04-15 12:22:23.128114Z] %ElixirAmi.Event{
  event: "newstate",
  source: :asterisk_connection,
  action_id: nil,
  keys: %{
    "accountcode" => "",
    "calleridname" => "101",
    "calleridnum" => "101",
    "channel" => "PJSIP/102-0000000e",
    "channelstate" => "6",
    "channelstatedesc" => "Up",
    "connectedlinename" => "101",
    "connectedlinenum" => "101",
    "context" => "org_all",
    "exten" => "s",
    "language" => "en",
    "linkedid" => "1744719741.23",
    "priority" => "1",
    "privilege" => "call,all",
    "uniqueid" => "1744719741.23"
  },
  variables: %{}
}
[2025-04-15 12:22:23.128501Z] %ElixirAmi.Event{
  event: "varset",
  source: :asterisk_connection,
  action_id: nil,
  keys: %{
    "accountcode" => "",
    "calleridname" => "101",
    "calleridnum" => "101",
    "channel" => "PJSIP/102-0000000e",
    "channelstate" => "6",
    "channelstatedesc" => "Up",
    "connectedlinename" => "101",
    "connectedlinenum" => "101",
    "context" => "org_all",
    "exten" => "s",
    "language" => "en",
    "linkedid" => "1744719741.23",
    "priority" => "1",
    "privilege" => "dialplan,all",
    "uniqueid" => "1744719741.23",
    "value" => "",
    "variable" => "DIALSTATUS"
  },
  variables: %{}
}
[2025-04-15 12:22:23.128786Z] %ElixirAmi.Event{
  event: "varset",
  source: :asterisk_connection,
  action_id: nil,
  keys: %{
    "accountcode" => "",
    "calleridname" => "101",
    "calleridnum" => "101",
    "channel" => "PJSIP/102-0000000e",
    "channelstate" => "6",
    "channelstatedesc" => "Up",
    "connectedlinename" => "101",
    "connectedlinenum" => "101",
    "context" => "org_all",
    "exten" => "s",
    "language" => "en",
    "linkedid" => "1744719741.23",
    "priority" => "1",
    "privilege" => "dialplan,all",
    "uniqueid" => "1744719741.23",
    "value" => "",
    "variable" => "DIALEDPEERNUMBER"
  },
  variables: %{}
}
[2025-04-15 12:22:23.129026Z] %ElixirAmi.Event{
  event: "varset",
  source: :asterisk_connection,
  action_id: nil,
  keys: %{
    "accountcode" => "",
    "calleridname" => "101",
    "calleridnum" => "101",
    "channel" => "PJSIP/102-0000000e",
    "channelstate" => "6",
    "channelstatedesc" => "Up",
    "connectedlinename" => "101",
    "connectedlinenum" => "101",
    "context" => "org_all",
    "exten" => "s",
    "language" => "en",
    "linkedid" => "1744719741.23",
    "priority" => "1",
    "privilege" => "dialplan,all",
    "uniqueid" => "1744719741.23",
    "value" => "",
    "variable" => "DIALEDPEERNAME"
  },
  variables: %{}
}
[2025-04-15 12:22:23.129172Z] %ElixirAmi.Event{
  event: "varset",
  source: :asterisk_connection,
  action_id: nil,
  keys: %{
    "accountcode" => "",
    "calleridname" => "101",
    "calleridnum" => "101",
    "channel" => "PJSIP/102-0000000e",
    "channelstate" => "6",
    "channelstatedesc" => "Up",
    "connectedlinename" => "101",
    "connectedlinenum" => "101",
    "context" => "org_all",
    "exten" => "s",
    "language" => "en",
    "linkedid" => "1744719741.23",
    "priority" => "1",
    "privilege" => "dialplan,all",
    "uniqueid" => "1744719741.23",
    "value" => "",
    "variable" => "ANSWEREDTIME"
  },
  variables: %{}
}
[2025-04-15 12:22:23.129421Z] %ElixirAmi.Event{
  event: "varset",
  source: :asterisk_connection,
  action_id: nil,
  keys: %{
    "accountcode" => "",
    "calleridname" => "101",
    "calleridnum" => "101",
    "channel" => "PJSIP/102-0000000e",
    "channelstate" => "6",
    "channelstatedesc" => "Up",
    "connectedlinename" => "101",
    "connectedlinenum" => "101",
    "context" => "org_all",
    "exten" => "s",
    "language" => "en",
    "linkedid" => "1744719741.23",
    "priority" => "1",
    "privilege" => "dialplan,all",
    "uniqueid" => "1744719741.23",
    "value" => "",
    "variable" => "ANSWEREDTIME_MS"
  },
  variables: %{}
}
[2025-04-15 12:22:23.129595Z] %ElixirAmi.Event{
  event: "varset",
  source: :asterisk_connection,
  action_id: nil,
  keys: %{
    "accountcode" => "",
    "calleridname" => "101",
    "calleridnum" => "101",
    "channel" => "PJSIP/102-0000000e",
    "channelstate" => "6",
    "channelstatedesc" => "Up",
    "connectedlinename" => "101",
    "connectedlinenum" => "101",
    "context" => "org_all",
    "exten" => "s",
    "language" => "en",
    "linkedid" => "1744719741.23",
    "priority" => "1",
    "privilege" => "dialplan,all",
    "uniqueid" => "1744719741.23",
    "value" => "",
    "variable" => "DIALEDTIME"
  },
  variables: %{}
}
[2025-04-15 12:22:23.129844Z] %ElixirAmi.Event{
  event: "varset",
  source: :asterisk_connection,
  action_id: nil,
  keys: %{
    "accountcode" => "",
    "calleridname" => "101",
    "calleridnum" => "101",
    "channel" => "PJSIP/102-0000000e",
    "channelstate" => "6",
    "channelstatedesc" => "Up",
    "connectedlinename" => "101",
    "connectedlinenum" => "101",
    "context" => "org_all",
    "exten" => "s",
    "language" => "en",
    "linkedid" => "1744719741.23",
    "priority" => "1",
    "privilege" => "dialplan,all",
    "uniqueid" => "1744719741.23",
    "value" => "",
    "variable" => "DIALEDTIME_MS"
  },
  variables: %{}
}
[2025-04-15 12:22:23.130090Z] %ElixirAmi.Event{
  event: "varset",
  source: :asterisk_connection,
  action_id: nil,
  keys: %{
    "accountcode" => "",
    "calleridname" => "101",
    "calleridnum" => "101",
    "channel" => "PJSIP/102-0000000e",
    "channelstate" => "6",
    "channelstatedesc" => "Up",
    "connectedlinename" => "101",
    "connectedlinenum" => "101",
    "context" => "org_all",
    "exten" => "s",
    "language" => "en",
    "linkedid" => "1744719741.23",
    "priority" => "1",
    "privilege" => "dialplan,all",
    "uniqueid" => "1744719741.23",
    "value" => "",
    "variable" => "RINGTIME"
  },
  variables: %{}
}
[2025-04-15 12:22:23.130310Z] %ElixirAmi.Event{
  event: "varset",
  source: :asterisk_connection,
  action_id: nil,
  keys: %{
    "accountcode" => "",
    "calleridname" => "101",
    "calleridnum" => "101",
    "channel" => "PJSIP/102-0000000e",
    "channelstate" => "6",
    "channelstatedesc" => "Up",
    "connectedlinename" => "101",
    "connectedlinenum" => "101",
    "context" => "org_all",
    "exten" => "s",
    "language" => "en",
    "linkedid" => "1744719741.23",
    "priority" => "1",
    "privilege" => "dialplan,all",
    "uniqueid" => "1744719741.23",
    "value" => "",
    "variable" => "RINGTIME_MS"
  },
  variables: %{}
}
[2025-04-15 12:22:23.130509Z] %ElixirAmi.Event{
  event: "varset",
  source: :asterisk_connection,
  action_id: nil,
  keys: %{
    "accountcode" => "",
    "calleridname" => "101",
    "calleridnum" => "101",
    "channel" => "PJSIP/102-0000000e",
    "channelstate" => "6",
    "channelstatedesc" => "Up",
    "connectedlinename" => "101",
    "connectedlinenum" => "101",
    "context" => "org_all",
    "exten" => "s",
    "language" => "en",
    "linkedid" => "1744719741.23",
    "priority" => "1",
    "privilege" => "dialplan,all",
    "uniqueid" => "1744719741.23",
    "value" => "",
    "variable" => "PROGRESSTIME"
  },
  variables: %{}
}
[2025-04-15 12:22:23.130888Z] %ElixirAmi.Event{
  event: "varset",
  source: :asterisk_connection,
  action_id: nil,
  keys: %{
    "accountcode" => "",
    "calleridname" => "101",
    "calleridnum" => "101",
    "channel" => "PJSIP/102-0000000e",
    "channelstate" => "6",
    "channelstatedesc" => "Up",
    "connectedlinename" => "101",
    "connectedlinenum" => "101",
    "context" => "org_all",
    "exten" => "s",
    "language" => "en",
    "linkedid" => "1744719741.23",
    "priority" => "1",
    "privilege" => "dialplan,all",
    "uniqueid" => "1744719741.23",
    "value" => "",
    "variable" => "PROGRESSTIME_MS"
  },
  variables: %{}
}
[2025-04-15 12:22:23.131060Z] %ElixirAmi.Event{
  event: "newchannel",
  source: :asterisk_connection,
  action_id: nil,
  keys: %{
    "accountcode" => "",
    "calleridname" => "102",
    "calleridnum" => "102",
    "channel" => "PJSIP/102-0000000f",
    "channelstate" => "0",
    "channelstatedesc" => "Down",
    "connectedlinename" => "<unknown>",
    "connectedlinenum" => "<unknown>",
    "context" => "org_all",
    "exten" => "s",
    "language" => "en",
    "linkedid" => "1744719741.23",
    "priority" => "1",
    "privilege" => "call,all",
    "uniqueid" => "1744719743.24"
  },
  variables: %{}
}
[2025-04-15 12:22:23.131259Z] %ElixirAmi.Event{
  event: "varset",
  source: :asterisk_connection,
  action_id: nil,
  keys: %{
    "accountcode" => "",
    "calleridname" => "102",
    "calleridnum" => "102",
    "channel" => "PJSIP/102-0000000f",
    "channelstate" => "0",
    "channelstatedesc" => "Down",
    "connectedlinename" => "<unknown>",
    "connectedlinenum" => "<unknown>",
    "context" => "org_all",
    "exten" => "s",
    "language" => "en",
    "linkedid" => "1744719741.23",
    "priority" => "1",
    "privilege" => "dialplan,all",
    "uniqueid" => "1744719743.24",
    "value" => "102",
    "variable" => "DIALEDPEERNUMBER"
  },
  variables: %{}
}
[2025-04-15 12:22:23.131503Z] %ElixirAmi.Event{
  event: "newexten",
  source: :asterisk_connection,
  action_id: nil,
  keys: %{
    "accountcode" => "",
    "appdata" => "(Outgoing Line)",
    "application" => "AppDial",
    "calleridname" => "102",
    "calleridnum" => "102",
    "channel" => "PJSIP/102-0000000f",
    "channelstate" => "0",
    "channelstatedesc" => "Down",
    "connectedlinename" => "101",
    "connectedlinenum" => "101",
    "context" => "org_all",
    "exten" => "s",
    "extension" => "s",
    "language" => "en",
    "linkedid" => "1744719741.23",
    "priority" => "1",
    "privilege" => "dialplan,all",
    "uniqueid" => "1744719743.24"
  },
  variables: %{}
}
[2025-04-15 12:22:23.131713Z] %ElixirAmi.Event{
  event: "newconnectedline",
  source: :asterisk_connection,
  action_id: nil,
  keys: %{
    "accountcode" => "",
    "calleridname" => "102",
    "calleridnum" => "102",
    "channel" => "PJSIP/102-0000000f",
    "channelstate" => "0",
    "channelstatedesc" => "Down",
    "connectedlinename" => "101",
    "connectedlinenum" => "101",
    "context" => "org_all",
    "exten" => "s",
    "language" => "en",
    "linkedid" => "1744719741.23",
    "priority" => "1",
    "privilege" => "call,all",
    "uniqueid" => "1744719743.24"
  },
  variables: %{}
}
[2025-04-15 12:22:23.132034Z] %ElixirAmi.Event{
  event: "dialbegin",
  source: :asterisk_connection,
  action_id: nil,
  keys: %{
    "accountcode" => "",
    "calleridname" => "101",
    "calleridnum" => "101",
    "channel" => "PJSIP/102-0000000e",
    "channelstate" => "6",
    "channelstatedesc" => "Up",
    "connectedlinename" => "101",
    "connectedlinenum" => "101",
    "context" => "org_all",
    "destaccountcode" => "",
    "destcalleridname" => "102",
    "destcalleridnum" => "102",
    "destchannel" => "PJSIP/102-0000000f",
    "destchannelstate" => "0",
    "destchannelstatedesc" => "Down",
    "destconnectedlinename" => "101",
    "destconnectedlinenum" => "101",
    "destcontext" => "org_all",
    "destexten" => "s",
    "destlanguage" => "en",
    "destlinkedid" => "1744719741.23",
    "destpriority" => "1",
    "destuniqueid" => "1744719743.24",
    "dialstring" => "102",
    "exten" => "s",
    "language" => "en",
    "linkedid" => "1744719741.23",
    "priority" => "1",
    "privilege" => "call,all",
    "uniqueid" => "1744719741.23"
  },
  variables: %{}
}
[2025-04-15 12:22:23.132243Z] %ElixirAmi.Event{
  event: "newconnectedline",
  source: :asterisk_connection,
  action_id: nil,
  keys: %{
    "accountcode" => "",
    "calleridname" => "101",
    "calleridnum" => "101",
    "channel" => "PJSIP/102-0000000e",
    "channelstate" => "6",
    "channelstatedesc" => "Up",
    "connectedlinename" => "102",
    "connectedlinenum" => "102",
    "context" => "org_all",
    "exten" => "s",
    "language" => "en",
    "linkedid" => "1744719741.23",
    "priority" => "1",
    "privilege" => "call,all",
    "uniqueid" => "1744719741.23"
  },
  variables: %{}
}
[2025-04-15 12:22:23.132683Z] %ElixirAmi.Event{
  event: "hanguprequest",
  source: :asterisk_connection,
  action_id: nil,
  keys: %{
    "accountcode" => "",
    "calleridname" => "102",
    "calleridnum" => "102",
    "cause" => "17",
    "channel" => "PJSIP/102-0000000f",
    "channelstate" => "0",
    "channelstatedesc" => "Down",
    "connectedlinename" => "101",
    "connectedlinenum" => "101",
    "context" => "org_all",
    "exten" => "s",
    "language" => "en",
    "linkedid" => "1744719741.23",
    "priority" => "1",
    "privilege" => "call,all",
    "uniqueid" => "1744719743.24"
  },
  variables: %{}
}
[2025-04-15 12:22:23.133297Z] %ElixirAmi.Event{
  event: "dialend",
  source: :asterisk_connection,
  action_id: nil,
  keys: %{
    "accountcode" => "",
    "calleridname" => "101",
    "calleridnum" => "101",
    "channel" => "PJSIP/102-0000000e",
    "channelstate" => "6",
    "channelstatedesc" => "Up",
    "connectedlinename" => "102",
    "connectedlinenum" => "102",
    "context" => "org_all",
    "destaccountcode" => "",
    "destcalleridname" => "102",
    "destcalleridnum" => "102",
    "destchannel" => "PJSIP/102-0000000f",
    "destchannelstate" => "0",
    "destchannelstatedesc" => "Down",
    "destconnectedlinename" => "101",
    "destconnectedlinenum" => "101",
    "destcontext" => "org_all",
    "destexten" => "s",
    "destlanguage" => "en",
    "destlinkedid" => "1744719741.23",
    "destpriority" => "1",
    "destuniqueid" => "1744719743.24",
    "dialstatus" => "BUSY",
    "exten" => "s",
    "language" => "en",
    "linkedid" => "1744719741.23",
    "priority" => "1",
    "privilege" => "call,all",
    "uniqueid" => "1744719741.23"
  },
  variables: %{}
}
[2025-04-15 12:22:23.133624Z] %ElixirAmi.Event{
  event: "varset",
  source: :asterisk_connection,
  action_id: nil,
  keys: %{
    "accountcode" => "",
    "calleridname" => "101",
    "calleridnum" => "101",
    "channel" => "PJSIP/102-0000000e",
    "channelstate" => "6",
    "channelstatedesc" => "Up",
    "connectedlinename" => "102",
    "connectedlinenum" => "102",
    "context" => "org_all",
    "exten" => "s",
    "language" => "en",
    "linkedid" => "1744719741.23",
    "priority" => "1",
    "privilege" => "dialplan,all",
    "uniqueid" => "1744719741.23",
    "value" => "BUSY",
    "variable" => "DIALSTATUS"
  },
  variables: %{}
}
[2025-04-15 12:22:23.134609Z] %ElixirAmi.Event{
  event: "varset",
  source: :asterisk_connection,
  action_id: nil,
  keys: %{
    "accountcode" => "",
    "calleridname" => "101",
    "calleridnum" => "101",
    "channel" => "PJSIP/102-0000000e",
    "channelstate" => "6",
    "channelstatedesc" => "Up",
    "connectedlinename" => "102",
    "connectedlinenum" => "102",
    "context" => "org_all",
    "exten" => "s",
    "language" => "en",
    "linkedid" => "1744719741.23",
    "priority" => "1",
    "privilege" => "dialplan,all",
    "uniqueid" => "1744719741.23",
    "value" => "ssrc=1529616802;themssrc=0;lp=0;rxjitter=0.000000;rxcount=0;txjitter=0.000000;txcount=0;rlp=0;rtt=0.000000;rxmes=85.367289;txmes=0.000000",
    "variable" => "RTPAUDIOQOS"
  },
  variables: %{}
}
[2025-04-15 12:22:23.134782Z] %ElixirAmi.Event{
  event: "varset",
  source: :asterisk_connection,
  action_id: nil,
  keys: %{
    "accountcode" => "",
    "calleridname" => "101",
    "calleridnum" => "101",
    "channel" => "PJSIP/102-0000000e",
    "channelstate" => "6",
    "channelstatedesc" => "Up",
    "connectedlinename" => "102",
    "connectedlinenum" => "102",
    "context" => "org_all",
    "exten" => "s",
    "language" => "en",
    "linkedid" => "1744719741.23",
    "priority" => "1",
    "privilege" => "dialplan,all",
    "uniqueid" => "1744719741.23",
    "value" => "minrxjitter=000.000000;maxrxjitter=000.000000;avgrxjitter=000.000000;stdevrxjitter=000.000000;mintxjitter=000.000000;maxtxjitter=000.000000;avgtxjitter=000.000000;stdevtxjitter=000.000000;",
    "variable" => "RTPAUDIOQOSJITTER"
  },
  variables: %{}
}
[2025-04-15 12:22:23.134997Z] %ElixirAmi.Event{
  event: "varset",
  source: :asterisk_connection,
  action_id: nil,
  keys: %{
    "accountcode" => "",
    "calleridname" => "101",
    "calleridnum" => "101",
    "channel" => "PJSIP/102-0000000e",
    "channelstate" => "6",
    "channelstatedesc" => "Up",
    "connectedlinename" => "102",
    "connectedlinenum" => "102",
    "context" => "org_all",
    "exten" => "s",
    "language" => "en",
    "linkedid" => "1744719741.23",
    "priority" => "1",
    "privilege" => "dialplan,all",
    "uniqueid" => "1744719741.23",
    "value" => "minrxlost=000.000000;  maxrxlost=000.000000;  avgrxlost=000.000000;  stdevrxlost=000.000000;  mintxlost=000.000000;  maxtxlost=000.000000;  avgtxlost=000.000000;  stdevtxlost=000.000000;",
    "variable" => "RTPAUDIOQOSLOSS"
  },
  variables: %{}
}
[2025-04-15 12:22:23.135204Z] %ElixirAmi.Event{
  event: "varset",
  source: :asterisk_connection,
  action_id: nil,
  keys: %{
    "accountcode" => "",
    "calleridname" => "101",
    "calleridnum" => "101",
    "channel" => "PJSIP/102-0000000e",
    "channelstate" => "6",
    "channelstatedesc" => "Up",
    "connectedlinename" => "102",
    "connectedlinenum" => "102",
    "context" => "org_all",
    "exten" => "s",
    "language" => "en",
    "linkedid" => "1744719741.23",
    "priority" => "1",
    "privilege" => "dialplan,all",
    "uniqueid" => "1744719741.23",
    "value" => "minrtt=000.000000;     maxrtt=000.000000;     avgrtt=000.000000;     stdevrtt=000.000000;",
    "variable" => "RTPAUDIOQOSRTT"
  },
  variables: %{}
}
[2025-04-15 12:22:23.135609Z] %ElixirAmi.Event{
  event: "varset",
  source: :asterisk_connection,
  action_id: nil,
  keys: %{
    "accountcode" => "",
    "calleridname" => "101",
    "calleridnum" => "101",
    "channel" => "PJSIP/102-0000000e",
    "channelstate" => "6",
    "channelstatedesc" => "Up",
    "connectedlinename" => "102",
    "connectedlinenum" => "102",
    "context" => "org_all",
    "exten" => "s",
    "language" => "en",
    "linkedid" => "1744719741.23",
    "priority" => "1",
    "privilege" => "dialplan,all",
    "uniqueid" => "1744719741.23",
    "value" => "minrxmes=000.000000;   maxrxmes=000.000000;   avgrxmes=000.000000;   stdevrxmes=000.000000;   mintxmes=085.367289;   maxtxmes=085.367289;   avgtxmes=085.367289;   stdevtxmes=000.000000;",
    "variable" => "RTPAUDIOQOSMES"
  },
  variables: %{}
}
[2025-04-15 12:22:23.135992Z] %ElixirAmi.Event{
  event: "hangup",
  source: :asterisk_connection,
  action_id: nil,
  keys: %{
    "accountcode" => "",
    "calleridname" => "102",
    "calleridnum" => "102",
    "cause" => "17",
    "cause-txt" => "User busy",
    "channel" => "PJSIP/102-0000000f",
    "channelstate" => "0",
    "channelstatedesc" => "Down",
    "connectedlinename" => "101",
    "connectedlinenum" => "101",
    "context" => "org_all",
    "exten" => "s",
    "language" => "en",
    "linkedid" => "1744719741.23",
    "priority" => "1",
    "privilege" => "call,all",
    "uniqueid" => "1744719743.24"
  },
  variables: %{}
}
[2025-04-15 12:22:23.136169Z] %ElixirAmi.Event{
  event: "hangup",
  source: :asterisk_connection,
  action_id: nil,
  keys: %{
    "accountcode" => "",
    "calleridname" => "101",
    "calleridnum" => "101",
    "cause" => "17",
    "cause-txt" => "User busy",
    "channel" => "PJSIP/102-0000000e",
    "channelstate" => "6",
    "channelstatedesc" => "Up",
    "connectedlinename" => "102",
    "connectedlinenum" => "102",
    "context" => "org_all",
    "exten" => "s",
    "language" => "en",
    "linkedid" => "1744719741.23",
    "priority" => "1",
    "privilege" => "call,all",
    "uniqueid" => "1744719741.23"
  },
  variables: %{}
}
