[2025-04-15 14:24:03.116327Z] %ElixirAmi.Event{
  event: "newchannel",
  source: :asterisk_connection,
  action_id: nil,
  keys: %{
    "accountcode" => "",
    "calleridname" => "102",
    "calleridnum" => "102",
    "channel" => "PJSIP/102-00000034",
    "channelstate" => "0",
    "channelstatedesc" => "Down",
    "connectedlinename" => "<unknown>",
    "connectedlinenum" => "<unknown>",
    "context" => "org_all",
    "exten" => "s",
    "language" => "en",
    "linkedid" => "1744727041.80",
    "priority" => "1",
    "privilege" => "call,all",
    "uniqueid" => "1744727041.80"
  },
  variables: %{}
}
[2025-04-15 14:24:03.116629Z] %ElixirAmi.Event{
  event: "newexten",
  source: :asterisk_connection,
  action_id: nil,
  keys: %{
    "accountcode" => "",
    "appdata" => "(Outgoing Line)",
    "application" => "AppDial2",
    "calleridname" => "102",
    "calleridnum" => "102",
    "channel" => "PJSIP/102-00000034",
    "channelstate" => "0",
    "channelstatedesc" => "Down",
    "connectedlinename" => "<unknown>",
    "connectedlinenum" => "<unknown>",
    "context" => "org_all",
    "exten" => "s",
    "extension" => "s",
    "language" => "en",
    "linkedid" => "1744727041.80",
    "priority" => "1",
    "privilege" => "dialplan,all",
    "uniqueid" => "1744727041.80"
  },
  variables: %{}
}
[2025-04-15 14:24:03.117011Z] %ElixirAmi.Event{
  event: "newcallerid",
  source: :asterisk_connection,
  action_id: nil,
  keys: %{
    "accountcode" => "",
    "calleridname" => "asd",
    "calleridnum" => "102",
    "channel" => "PJSIP/102-00000034",
    "channelstate" => "0",
    "channelstatedesc" => "Down",
    "cid-callingpres" => "0 (Presentation Allowed, Not Screened)",
    "connectedlinename" => "<unknown>",
    "connectedlinenum" => "<unknown>",
    "context" => "org_all",
    "exten" => "s",
    "language" => "en",
    "linkedid" => "1744727041.80",
    "priority" => "1",
    "privilege" => "call,all",
    "uniqueid" => "1744727041.80"
  },
  variables: %{}
}
[2025-04-15 14:24:03.117341Z] %ElixirAmi.Event{
  event: "newconnectedline",
  source: :asterisk_connection,
  action_id: nil,
  keys: %{
    "accountcode" => "",
    "calleridname" => "asd",
    "calleridnum" => "102",
    "channel" => "PJSIP/102-00000034",
    "channelstate" => "0",
    "channelstatedesc" => "Down",
    "connectedlinename" => "asd",
    "connectedlinenum" => "<unknown>",
    "context" => "org_all",
    "exten" => "s",
    "language" => "en",
    "linkedid" => "1744727041.80",
    "priority" => "1",
    "privilege" => "call,all",
    "uniqueid" => "1744727041.80"
  },
  variables: %{}
}
[2025-04-15 14:24:03.117823Z] %ElixirAmi.Event{
  event: "newstate",
  source: :asterisk_connection,
  action_id: nil,
  keys: %{
    "accountcode" => "",
    "calleridname" => "asd",
    "calleridnum" => "102",
    "channel" => "PJSIP/102-00000034",
    "channelstate" => "5",
    "channelstatedesc" => "Ringing",
    "connectedlinename" => "asd",
    "connectedlinenum" => "<unknown>",
    "context" => "org_all",
    "exten" => "s",
    "language" => "en",
    "linkedid" => "1744727041.80",
    "priority" => "1",
    "privilege" => "call,all",
    "uniqueid" => "1744727041.80"
  },
  variables: %{}
}
[2025-04-15 14:24:03.118410Z] %ElixirAmi.Event{
  event: "rtcpreceived",
  source: :asterisk_connection,
  action_id: nil,
  keys: %{
    "accountcode" => "",
    "calleridname" => "asd",
    "calleridnum" => "102",
    "channel" => "PJSIP/102-00000034",
    "channelstate" => "5",
    "channelstatedesc" => "Ringing",
    "connectedlinename" => "asd",
    "connectedlinenum" => "<unknown>",
    "context" => "org_all",
    "exten" => "s",
    "from" => "192.168.0.16:4069",
    "language" => "en",
    "linkedid" => "1744727041.80",
    "mes" => "85.4",
    "priority" => "1",
    "privilege" => "reporting,all",
    "pt" => "201(RR)",
    "report0cumulativelost" => "0",
    "report0dlsr" => "0.0000",
    "report0fractionlost" => "0",
    "report0highestsequence" => "0",
    "report0iajitter" => "0",
    "report0lsr" => "0",
    "report0sequencenumbercycles" => "0",
    "report0sourcessrc" => "0x00000000",
    "reportcount" => "1",
    "rtt" => "0.0000",
    "ssrc" => "0x00000000",
    "to" => "192.168.0.16:13359",
    "uniqueid" => "1744727041.80"
  },
  variables: %{}
}
[2025-04-15 14:24:03.118766Z] %ElixirAmi.Event{
  event: "rtcpreceived",
  source: :asterisk_connection,
  action_id: nil,
  keys: %{
    "accountcode" => "",
    "calleridname" => "asd",
    "calleridnum" => "102",
    "channel" => "PJSIP/102-00000034",
    "channelstate" => "5",
    "channelstatedesc" => "Ringing",
    "connectedlinename" => "asd",
    "connectedlinenum" => "<unknown>",
    "context" => "org_all",
    "exten" => "s",
    "from" => "192.168.0.16:4069",
    "language" => "en",
    "linkedid" => "1744727041.80",
    "mes" => "85.4",
    "priority" => "1",
    "privilege" => "reporting,all",
    "pt" => "201(RR)",
    "report0cumulativelost" => "0",
    "report0dlsr" => "0.0000",
    "report0fractionlost" => "0",
    "report0highestsequence" => "0",
    "report0iajitter" => "0",
    "report0lsr" => "0",
    "report0sequencenumbercycles" => "0",
    "report0sourcessrc" => "0x00000000",
    "reportcount" => "1",
    "rtt" => "0.0000",
    "ssrc" => "0x00000000",
    "to" => "192.168.0.16:13359",
    "uniqueid" => "1744727041.80"
  },
  variables: %{}
}
[2025-04-15 14:24:03.118915Z] %ElixirAmi.Event{
  event: "newstate",
  source: :asterisk_connection,
  action_id: nil,
  keys: %{
    "accountcode" => "",
    "calleridname" => "asd",
    "calleridnum" => "102",
    "channel" => "PJSIP/102-00000034",
    "channelstate" => "6",
    "channelstatedesc" => "Up",
    "connectedlinename" => "asd",
    "connectedlinenum" => "<unknown>",
    "context" => "org_all",
    "exten" => "s",
    "language" => "en",
    "linkedid" => "1744727041.80",
    "priority" => "1",
    "privilege" => "call,all",
    "uniqueid" => "1744727041.80"
  },
  variables: %{}
}
[2025-04-15 14:24:03.119440Z] %ElixirAmi.Event{
  event: "newexten",
  source: :asterisk_connection,
  action_id: nil,
  keys: %{
    "accountcode" => "",
    "appdata" => "",
    "application" => "NoOp",
    "calleridname" => "asd",
    "calleridnum" => "102",
    "channel" => "PJSIP/102-00000034",
    "channelstate" => "6",
    "channelstatedesc" => "Up",
    "connectedlinename" => "asd",
    "connectedlinenum" => "<unknown>",
    "context" => "org_all",
    "exten" => "101",
    "extension" => "101",
    "language" => "en",
    "linkedid" => "1744727041.80",
    "priority" => "1",
    "privilege" => "dialplan,all",
    "uniqueid" => "1744727041.80"
  },
  variables: %{}
}
[2025-04-15 14:24:03.119665Z] %ElixirAmi.Event{
  event: "newexten",
  source: :asterisk_connection,
  action_id: nil,
  keys: %{
    "accountcode" => "",
    "appdata" => "PJSIP/101,20,",
    "application" => "Dial",
    "calleridname" => "asd",
    "calleridnum" => "102",
    "channel" => "PJSIP/102-00000034",
    "channelstate" => "6",
    "channelstatedesc" => "Up",
    "connectedlinename" => "asd",
    "connectedlinenum" => "<unknown>",
    "context" => "org_all",
    "exten" => "101",
    "extension" => "101",
    "language" => "en",
    "linkedid" => "1744727041.80",
    "priority" => "2",
    "privilege" => "dialplan,all",
    "uniqueid" => "1744727041.80"
  },
  variables: %{}
}
[2025-04-15 14:24:03.119842Z] %ElixirAmi.Event{
  event: "varset",
  source: :asterisk_connection,
  action_id: nil,
  keys: %{
    "accountcode" => "",
    "calleridname" => "asd",
    "calleridnum" => "102",
    "channel" => "PJSIP/102-00000034",
    "channelstate" => "6",
    "channelstatedesc" => "Up",
    "connectedlinename" => "asd",
    "connectedlinenum" => "<unknown>",
    "context" => "org_all",
    "exten" => "101",
    "language" => "en",
    "linkedid" => "1744727041.80",
    "priority" => "2",
    "privilege" => "dialplan,all",
    "uniqueid" => "1744727041.80",
    "value" => "",
    "variable" => "DIALSTATUS"
  },
  variables: %{}
}
[2025-04-15 14:24:03.119996Z] %ElixirAmi.Event{
  event: "varset",
  source: :asterisk_connection,
  action_id: nil,
  keys: %{
    "accountcode" => "",
    "calleridname" => "asd",
    "calleridnum" => "102",
    "channel" => "PJSIP/102-00000034",
    "channelstate" => "6",
    "channelstatedesc" => "Up",
    "connectedlinename" => "asd",
    "connectedlinenum" => "<unknown>",
    "context" => "org_all",
    "exten" => "101",
    "language" => "en",
    "linkedid" => "1744727041.80",
    "priority" => "2",
    "privilege" => "dialplan,all",
    "uniqueid" => "1744727041.80",
    "value" => "",
    "variable" => "DIALEDPEERNUMBER"
  },
  variables: %{}
}
[2025-04-15 14:24:03.120158Z] %ElixirAmi.Event{
  event: "varset",
  source: :asterisk_connection,
  action_id: nil,
  keys: %{
    "accountcode" => "",
    "calleridname" => "asd",
    "calleridnum" => "102",
    "channel" => "PJSIP/102-00000034",
    "channelstate" => "6",
    "channelstatedesc" => "Up",
    "connectedlinename" => "asd",
    "connectedlinenum" => "<unknown>",
    "context" => "org_all",
    "exten" => "101",
    "language" => "en",
    "linkedid" => "1744727041.80",
    "priority" => "2",
    "privilege" => "dialplan,all",
    "uniqueid" => "1744727041.80",
    "value" => "",
    "variable" => "DIALEDPEERNAME"
  },
  variables: %{}
}
[2025-04-15 14:24:03.120322Z] %ElixirAmi.Event{
  event: "varset",
  source: :asterisk_connection,
  action_id: nil,
  keys: %{
    "accountcode" => "",
    "calleridname" => "asd",
    "calleridnum" => "102",
    "channel" => "PJSIP/102-00000034",
    "channelstate" => "6",
    "channelstatedesc" => "Up",
    "connectedlinename" => "asd",
    "connectedlinenum" => "<unknown>",
    "context" => "org_all",
    "exten" => "101",
    "language" => "en",
    "linkedid" => "1744727041.80",
    "priority" => "2",
    "privilege" => "dialplan,all",
    "uniqueid" => "1744727041.80",
    "value" => "",
    "variable" => "ANSWEREDTIME"
  },
  variables: %{}
}
[2025-04-15 14:24:03.120547Z] %ElixirAmi.Event{
  event: "varset",
  source: :asterisk_connection,
  action_id: nil,
  keys: %{
    "accountcode" => "",
    "calleridname" => "asd",
    "calleridnum" => "102",
    "channel" => "PJSIP/102-00000034",
    "channelstate" => "6",
    "channelstatedesc" => "Up",
    "connectedlinename" => "asd",
    "connectedlinenum" => "<unknown>",
    "context" => "org_all",
    "exten" => "101",
    "language" => "en",
    "linkedid" => "1744727041.80",
    "priority" => "2",
    "privilege" => "dialplan,all",
    "uniqueid" => "1744727041.80",
    "value" => "",
    "variable" => "ANSWEREDTIME_MS"
  },
  variables: %{}
}
[2025-04-15 14:24:03.120693Z] %ElixirAmi.Event{
  event: "varset",
  source: :asterisk_connection,
  action_id: nil,
  keys: %{
    "accountcode" => "",
    "calleridname" => "asd",
    "calleridnum" => "102",
    "channel" => "PJSIP/102-00000034",
    "channelstate" => "6",
    "channelstatedesc" => "Up",
    "connectedlinename" => "asd",
    "connectedlinenum" => "<unknown>",
    "context" => "org_all",
    "exten" => "101",
    "language" => "en",
    "linkedid" => "1744727041.80",
    "priority" => "2",
    "privilege" => "dialplan,all",
    "uniqueid" => "1744727041.80",
    "value" => "",
    "variable" => "DIALEDTIME"
  },
  variables: %{}
}
[2025-04-15 14:24:03.120834Z] %ElixirAmi.Event{
  event: "varset",
  source: :asterisk_connection,
  action_id: nil,
  keys: %{
    "accountcode" => "",
    "calleridname" => "asd",
    "calleridnum" => "102",
    "channel" => "PJSIP/102-00000034",
    "channelstate" => "6",
    "channelstatedesc" => "Up",
    "connectedlinename" => "asd",
    "connectedlinenum" => "<unknown>",
    "context" => "org_all",
    "exten" => "101",
    "language" => "en",
    "linkedid" => "1744727041.80",
    "priority" => "2",
    "privilege" => "dialplan,all",
    "uniqueid" => "1744727041.80",
    "value" => "",
    "variable" => "DIALEDTIME_MS"
  },
  variables: %{}
}
[2025-04-15 14:24:03.121192Z] %ElixirAmi.Event{
  event: "varset",
  source: :asterisk_connection,
  action_id: nil,
  keys: %{
    "accountcode" => "",
    "calleridname" => "asd",
    "calleridnum" => "102",
    "channel" => "PJSIP/102-00000034",
    "channelstate" => "6",
    "channelstatedesc" => "Up",
    "connectedlinename" => "asd",
    "connectedlinenum" => "<unknown>",
    "context" => "org_all",
    "exten" => "101",
    "language" => "en",
    "linkedid" => "1744727041.80",
    "priority" => "2",
    "privilege" => "dialplan,all",
    "uniqueid" => "1744727041.80",
    "value" => "",
    "variable" => "RINGTIME"
  },
  variables: %{}
}
[2025-04-15 14:24:03.121385Z] %ElixirAmi.Event{
  event: "varset",
  source: :asterisk_connection,
  action_id: nil,
  keys: %{
    "accountcode" => "",
    "calleridname" => "asd",
    "calleridnum" => "102",
    "channel" => "PJSIP/102-00000034",
    "channelstate" => "6",
    "channelstatedesc" => "Up",
    "connectedlinename" => "asd",
    "connectedlinenum" => "<unknown>",
    "context" => "org_all",
    "exten" => "101",
    "language" => "en",
    "linkedid" => "1744727041.80",
    "priority" => "2",
    "privilege" => "dialplan,all",
    "uniqueid" => "1744727041.80",
    "value" => "",
    "variable" => "RINGTIME_MS"
  },
  variables: %{}
}
[2025-04-15 14:24:03.121540Z] %ElixirAmi.Event{
  event: "varset",
  source: :asterisk_connection,
  action_id: nil,
  keys: %{
    "accountcode" => "",
    "calleridname" => "asd",
    "calleridnum" => "102",
    "channel" => "PJSIP/102-00000034",
    "channelstate" => "6",
    "channelstatedesc" => "Up",
    "connectedlinename" => "asd",
    "connectedlinenum" => "<unknown>",
    "context" => "org_all",
    "exten" => "101",
    "language" => "en",
    "linkedid" => "1744727041.80",
    "priority" => "2",
    "privilege" => "dialplan,all",
    "uniqueid" => "1744727041.80",
    "value" => "",
    "variable" => "PROGRESSTIME"
  },
  variables: %{}
}
[2025-04-15 14:24:03.121668Z] %ElixirAmi.Event{
  event: "varset",
  source: :asterisk_connection,
  action_id: nil,
  keys: %{
    "accountcode" => "",
    "calleridname" => "asd",
    "calleridnum" => "102",
    "channel" => "PJSIP/102-00000034",
    "channelstate" => "6",
    "channelstatedesc" => "Up",
    "connectedlinename" => "asd",
    "connectedlinenum" => "<unknown>",
    "context" => "org_all",
    "exten" => "101",
    "language" => "en",
    "linkedid" => "1744727041.80",
    "priority" => "2",
    "privilege" => "dialplan,all",
    "uniqueid" => "1744727041.80",
    "value" => "",
    "variable" => "PROGRESSTIME_MS"
  },
  variables: %{}
}
[2025-04-15 14:24:03.121880Z] %ElixirAmi.Event{
  event: "newchannel",
  source: :asterisk_connection,
  action_id: nil,
  keys: %{
    "accountcode" => "",
    "calleridname" => "101",
    "calleridnum" => "101",
    "channel" => "PJSIP/101-00000035",
    "channelstate" => "0",
    "channelstatedesc" => "Down",
    "connectedlinename" => "<unknown>",
    "connectedlinenum" => "<unknown>",
    "context" => "org_all",
    "exten" => "s",
    "language" => "en",
    "linkedid" => "1744727041.80",
    "priority" => "1",
    "privilege" => "call,all",
    "uniqueid" => "1744727043.81"
  },
  variables: %{}
}
[2025-04-15 14:24:03.122271Z] %ElixirAmi.Event{
  event: "varset",
  source: :asterisk_connection,
  action_id: nil,
  keys: %{
    "accountcode" => "",
    "calleridname" => "101",
    "calleridnum" => "101",
    "channel" => "PJSIP/101-00000035",
    "channelstate" => "0",
    "channelstatedesc" => "Down",
    "connectedlinename" => "<unknown>",
    "connectedlinenum" => "<unknown>",
    "context" => "org_all",
    "exten" => "s",
    "language" => "en",
    "linkedid" => "1744727041.80",
    "priority" => "1",
    "privilege" => "dialplan,all",
    "uniqueid" => "1744727043.81",
    "value" => "101",
    "variable" => "DIALEDPEERNUMBER"
  },
  variables: %{}
}
[2025-04-15 14:24:03.122554Z] %ElixirAmi.Event{
  event: "newexten",
  source: :asterisk_connection,
  action_id: nil,
  keys: %{
    "accountcode" => "",
    "appdata" => "(Outgoing Line)",
    "application" => "AppDial",
    "calleridname" => "101",
    "calleridnum" => "101",
    "channel" => "PJSIP/101-00000035",
    "channelstate" => "0",
    "channelstatedesc" => "Down",
    "connectedlinename" => "asd",
    "connectedlinenum" => "102",
    "context" => "org_all",
    "exten" => "101",
    "extension" => "101",
    "language" => "en",
    "linkedid" => "1744727041.80",
    "priority" => "1",
    "privilege" => "dialplan,all",
    "uniqueid" => "1744727043.81"
  },
  variables: %{}
}
[2025-04-15 14:24:03.122887Z] %ElixirAmi.Event{
  event: "newconnectedline",
  source: :asterisk_connection,
  action_id: nil,
  keys: %{
    "accountcode" => "",
    "calleridname" => "101",
    "calleridnum" => "101",
    "channel" => "PJSIP/101-00000035",
    "channelstate" => "0",
    "channelstatedesc" => "Down",
    "connectedlinename" => "asd",
    "connectedlinenum" => "102",
    "context" => "org_all",
    "exten" => "101",
    "language" => "en",
    "linkedid" => "1744727041.80",
    "priority" => "1",
    "privilege" => "call,all",
    "uniqueid" => "1744727043.81"
  },
  variables: %{}
}
[2025-04-15 14:24:03.123230Z] %ElixirAmi.Event{
  event: "dialbegin",
  source: :asterisk_connection,
  action_id: nil,
  keys: %{
    "accountcode" => "",
    "calleridname" => "asd",
    "calleridnum" => "102",
    "channel" => "PJSIP/102-00000034",
    "channelstate" => "6",
    "channelstatedesc" => "Up",
    "connectedlinename" => "asd",
    "connectedlinenum" => "<unknown>",
    "context" => "org_all",
    "destaccountcode" => "",
    "destcalleridname" => "101",
    "destcalleridnum" => "101",
    "destchannel" => "PJSIP/101-00000035",
    "destchannelstate" => "0",
    "destchannelstatedesc" => "Down",
    "destconnectedlinename" => "asd",
    "destconnectedlinenum" => "102",
    "destcontext" => "org_all",
    "destexten" => "101",
    "destlanguage" => "en",
    "destlinkedid" => "1744727041.80",
    "destpriority" => "1",
    "destuniqueid" => "1744727043.81",
    "dialstring" => "101",
    "exten" => "101",
    "language" => "en",
    "linkedid" => "1744727041.80",
    "priority" => "2",
    "privilege" => "call,all",
    "uniqueid" => "1744727041.80"
  },
  variables: %{}
}
[2025-04-15 14:24:03.123474Z] %ElixirAmi.Event{
  event: "newconnectedline",
  source: :asterisk_connection,
  action_id: nil,
  keys: %{
    "accountcode" => "",
    "calleridname" => "asd",
    "calleridnum" => "102",
    "channel" => "PJSIP/102-00000034",
    "channelstate" => "6",
    "channelstatedesc" => "Up",
    "connectedlinename" => "101",
    "connectedlinenum" => "101",
    "context" => "org_all",
    "exten" => "101",
    "language" => "en",
    "linkedid" => "1744727041.80",
    "priority" => "2",
    "privilege" => "call,all",
    "uniqueid" => "1744727041.80"
  },
  variables: %{}
}
[2025-04-15 14:24:03.123866Z] %ElixirAmi.Event{
  event: "newstate",
  source: :asterisk_connection,
  action_id: nil,
  keys: %{
    "accountcode" => "",
    "calleridname" => "101",
    "calleridnum" => "101",
    "channel" => "PJSIP/101-00000035",
    "channelstate" => "5",
    "channelstatedesc" => "Ringing",
    "connectedlinename" => "asd",
    "connectedlinenum" => "102",
    "context" => "org_all",
    "exten" => "101",
    "language" => "en",
    "linkedid" => "1744727041.80",
    "priority" => "1",
    "privilege" => "call,all",
    "uniqueid" => "1744727043.81"
  },
  variables: %{}
}
[2025-04-15 14:24:03.124266Z] %ElixirAmi.Event{
  event: "varset",
  source: :asterisk_connection,
  action_id: nil,
  keys: %{
    "accountcode" => "",
    "calleridname" => "asd",
    "calleridnum" => "102",
    "channel" => "PJSIP/102-00000034",
    "channelstate" => "6",
    "channelstatedesc" => "Up",
    "connectedlinename" => "101",
    "connectedlinenum" => "101",
    "context" => "org_all",
    "exten" => "101",
    "language" => "en",
    "linkedid" => "1744727041.80",
    "priority" => "2",
    "privilege" => "dialplan,all",
    "uniqueid" => "1744727041.80",
    "value" => "0",
    "variable" => "RINGTIME"
  },
  variables: %{}
}
[2025-04-15 14:24:03.124543Z] %ElixirAmi.Event{
  event: "varset",
  source: :asterisk_connection,
  action_id: nil,
  keys: %{
    "accountcode" => "",
    "calleridname" => "asd",
    "calleridnum" => "102",
    "channel" => "PJSIP/102-00000034",
    "channelstate" => "6",
    "channelstatedesc" => "Up",
    "connectedlinename" => "101",
    "connectedlinenum" => "101",
    "context" => "org_all",
    "exten" => "101",
    "language" => "en",
    "linkedid" => "1744727041.80",
    "priority" => "2",
    "privilege" => "dialplan,all",
    "uniqueid" => "1744727041.80",
    "value" => "6",
    "variable" => "RINGTIME_MS"
  },
  variables: %{}
}
[2025-04-15 14:24:03.124883Z] %ElixirAmi.Event{
  event: "dialstate",
  source: :asterisk_connection,
  action_id: nil,
  keys: %{
    "accountcode" => "",
    "calleridname" => "asd",
    "calleridnum" => "102",
    "channel" => "PJSIP/102-00000034",
    "channelstate" => "6",
    "channelstatedesc" => "Up",
    "connectedlinename" => "101",
    "connectedlinenum" => "101",
    "context" => "org_all",
    "destaccountcode" => "",
    "destcalleridname" => "101",
    "destcalleridnum" => "101",
    "destchannel" => "PJSIP/101-00000035",
    "destchannelstate" => "5",
    "destchannelstatedesc" => "Ringing",
    "destconnectedlinename" => "asd",
    "destconnectedlinenum" => "102",
    "destcontext" => "org_all",
    "destexten" => "101",
    "destlanguage" => "en",
    "destlinkedid" => "1744727041.80",
    "destpriority" => "1",
    "destuniqueid" => "1744727043.81",
    "dialstatus" => "RINGING",
    "exten" => "101",
    "language" => "en",
    "linkedid" => "1744727041.80",
    "priority" => "2",
    "privilege" => "call,all",
    "uniqueid" => "1744727041.80"
  },
  variables: %{}
}
[2025-04-15 14:24:03.323231Z] %ElixirAmi.Event{
  event: "rtcpreceived",
  source: :asterisk_connection,
  action_id: nil,
  keys: %{
    "pt" => "200(SR)",
    "report0highestsequence" => "3581",
    "mes" => "85.4",
    "privilege" => "reporting,all",
    "channelstatedesc" => "Up",
    "uniqueid" => "1744727041.80",
    "sentntp" => "1744752243.207570",
    "report0fractionlost" => "0",
    "sentpackets" => "11",
    "report0lsr" => "0",
    "linkedid" => "1744727041.80",
    "ssrc" => "0xeba94cf3",
    "exten" => "101",
    "channel" => "PJSIP/102-00000034",
    "report0iajitter" => "0",
    "sentrtp" => "1656",
    "context" => "org_all",
    "connectedlinename" => "101",
    "priority" => "2",
    "rtt" => "0.0000",
    "to" => "192.168.0.16:13359",
    "reportcount" => "1",
    "language" => "en",
    "sentoctets" => "1760",
    "calleridname" => "asd",
    "from" => "192.168.0.16:4069",
    "report0cumulativelost" => "0",
    "report0sequencenumbercycles" => "0",
    "calleridnum" => "102",
    "channelstate" => "6",
    "accountcode" => "",
    "report0dlsr" => "0.0000",
    "report0sourcessrc" => "0x78e5dde6",
    "connectedlinenum" => "101"
  },
  variables: %{}
}
[2025-04-15 14:24:06.653803Z] %ElixirAmi.Event{
  event: "rtcpreceived",
  source: :asterisk_connection,
  action_id: nil,
  keys: %{
    "pt" => "200(SR)",
    "report0highestsequence" => "3747",
    "mes" => "85.4",
    "privilege" => "reporting,all",
    "channelstatedesc" => "Up",
    "uniqueid" => "1744727041.80",
    "sentntp" => "1744752246.538078",
    "report0fractionlost" => "0",
    "sentpackets" => "177",
    "report0lsr" => "0",
    "linkedid" => "1744727041.80",
    "ssrc" => "0xeba94cf6",
    "exten" => "101",
    "channel" => "PJSIP/102-00000034",
    "report0iajitter" => "0",
    "sentrtp" => "28304",
    "context" => "org_all",
    "connectedlinename" => "101",
    "priority" => "2",
    "rtt" => "0.0000",
    "to" => "192.168.0.16:13359",
    "reportcount" => "1",
    "language" => "en",
    "sentoctets" => "28320",
    "calleridname" => "asd",
    "from" => "192.168.0.16:4069",
    "report0cumulativelost" => "0",
    "report0sequencenumbercycles" => "0",
    "calleridnum" => "102",
    "channelstate" => "6",
    "accountcode" => "",
    "report0dlsr" => "0.0000",
    "report0sourcessrc" => "0x78e5dde6",
    "connectedlinenum" => "101"
  },
  variables: %{}
}
[2025-04-15 14:24:06.654387Z] %ElixirAmi.Event{
  event: "rtcpreceived",
  source: :asterisk_connection,
  action_id: nil,
  keys: %{
    "accountcode" => "",
    "calleridname" => "asd",
    "calleridnum" => "102",
    "channel" => "PJSIP/102-00000034",
    "channelstate" => "6",
    "channelstatedesc" => "Up",
    "connectedlinename" => "101",
    "connectedlinenum" => "101",
    "context" => "org_all",
    "exten" => "101",
    "from" => "192.168.0.16:4069",
    "language" => "en",
    "linkedid" => "1744727041.80",
    "mes" => "85.4",
    "priority" => "2",
    "privilege" => "reporting,all",
    "pt" => "201(RR)",
    "report0cumulativelost" => "0",
    "report0dlsr" => "0.0000",
    "report0fractionlost" => "0",
    "report0highestsequence" => "3747",
    "report0iajitter" => "0",
    "report0lsr" => "0",
    "report0sequencenumbercycles" => "0",
    "report0sourcessrc" => "0x78e5dde6",
    "reportcount" => "1",
    "rtt" => "0.0000",
    "ssrc" => "0x78e5dde6",
    "to" => "192.168.0.16:13359",
    "uniqueid" => "1744727041.80"
  },
  variables: %{}
}
[2025-04-15 14:24:06.654784Z] %ElixirAmi.Event{
  event: "varset",
  source: :asterisk_connection,
  action_id: nil,
  keys: %{
    "accountcode" => "",
    "calleridname" => "asd",
    "calleridnum" => "102",
    "channel" => "PJSIP/102-00000034",
    "channelstate" => "6",
    "channelstatedesc" => "Up",
    "connectedlinename" => "101",
    "connectedlinenum" => "101",
    "context" => "org_all",
    "exten" => "101",
    "language" => "en",
    "linkedid" => "1744727041.80",
    "priority" => "2",
    "privilege" => "dialplan,all",
    "uniqueid" => "1744727041.80",
    "value" => "ssrc=2028330470;themssrc=1716672472;lp=0;rxjitter=0.000000;rxcount=177;txjitter=0.000875;txcount=176;rlp=0;rtt=0.000000;rxmes=85.367289;txmes=0.000000",
    "variable" => "RTPAUDIOQOS"
  },
  variables: %{}
}
[2025-04-15 14:24:06.655017Z] %ElixirAmi.Event{
  event: "varset",
  source: :asterisk_connection,
  action_id: nil,
  keys: %{
    "accountcode" => "",
    "calleridname" => "asd",
    "calleridnum" => "102",
    "channel" => "PJSIP/102-00000034",
    "channelstate" => "6",
    "channelstatedesc" => "Up",
    "connectedlinename" => "101",
    "connectedlinenum" => "101",
    "context" => "org_all",
    "exten" => "101",
    "language" => "en",
    "linkedid" => "1744727041.80",
    "priority" => "2",
    "privilege" => "dialplan,all",
    "uniqueid" => "1744727041.80",
    "value" => "minrxjitter=000.000125;maxrxjitter=000.000875;avgrxjitter=000.000700;stdevrxjitter=000.000177;mintxjitter=000.000000;maxtxjitter=000.000000;avgtxjitter=000.000000;stdevtxjitter=000.000000;",
    "variable" => "RTPAUDIOQOSJITTER"
  },
  variables: %{}
}
[2025-04-15 14:24:06.655346Z] %ElixirAmi.Event{
  event: "varset",
  source: :asterisk_connection,
  action_id: nil,
  keys: %{
    "accountcode" => "",
    "calleridname" => "asd",
    "calleridnum" => "102",
    "channel" => "PJSIP/102-00000034",
    "channelstate" => "6",
    "channelstatedesc" => "Up",
    "connectedlinename" => "101",
    "connectedlinenum" => "101",
    "context" => "org_all",
    "exten" => "101",
    "language" => "en",
    "linkedid" => "1744727041.80",
    "priority" => "2",
    "privilege" => "dialplan,all",
    "uniqueid" => "1744727041.80",
    "value" => "minrxlost=000.000000;  maxrxlost=000.000000;  avgrxlost=000.000000;  stdevrxlost=000.000000;  mintxlost=000.000000;  maxtxlost=000.000000;  avgtxlost=000.000000;  stdevtxlost=000.000000;",
    "variable" => "RTPAUDIOQOSLOSS"
  },
  variables: %{}
}
[2025-04-15 14:24:06.655598Z] %ElixirAmi.Event{
  event: "varset",
  source: :asterisk_connection,
  action_id: nil,
  keys: %{
    "accountcode" => "",
    "calleridname" => "asd",
    "calleridnum" => "102",
    "channel" => "PJSIP/102-00000034",
    "channelstate" => "6",
    "channelstatedesc" => "Up",
    "connectedlinename" => "101",
    "connectedlinenum" => "101",
    "context" => "org_all",
    "exten" => "101",
    "language" => "en",
    "linkedid" => "1744727041.80",
    "priority" => "2",
    "privilege" => "dialplan,all",
    "uniqueid" => "1744727041.80",
    "value" => "minrtt=000.000000;     maxrtt=000.000000;     avgrtt=000.000000;     stdevrtt=000.000000;",
    "variable" => "RTPAUDIOQOSRTT"
  },
  variables: %{}
}
[2025-04-15 14:24:06.655905Z] %ElixirAmi.Event{
  event: "varset",
  source: :asterisk_connection,
  action_id: nil,
  keys: %{
    "accountcode" => "",
    "calleridname" => "asd",
    "calleridnum" => "102",
    "channel" => "PJSIP/102-00000034",
    "channelstate" => "6",
    "channelstatedesc" => "Up",
    "connectedlinename" => "101",
    "connectedlinenum" => "101",
    "context" => "org_all",
    "exten" => "101",
    "language" => "en",
    "linkedid" => "1744727041.80",
    "priority" => "2",
    "privilege" => "dialplan,all",
    "uniqueid" => "1744727041.80",
    "value" => "minrxmes=000.000000;   maxrxmes=000.000000;   avgrxmes=000.000000;   stdevrxmes=000.000177;   mintxmes=085.367289;   maxtxmes=085.367289;   avgtxmes=085.367289;   stdevtxmes=000.000000;",
    "variable" => "RTPAUDIOQOSMES"
  },
  variables: %{}
}
[2025-04-15 14:24:06.656114Z] %ElixirAmi.Event{
  event: "hanguprequest",
  source: :asterisk_connection,
  action_id: nil,
  keys: %{
    "accountcode" => "",
    "calleridname" => "asd",
    "calleridnum" => "102",
    "cause" => "16",
    "channel" => "PJSIP/102-00000034",
    "channelstate" => "6",
    "channelstatedesc" => "Up",
    "connectedlinename" => "101",
    "connectedlinenum" => "101",
    "context" => "org_all",
    "exten" => "101",
    "language" => "en",
    "linkedid" => "1744727041.80",
    "priority" => "2",
    "privilege" => "call,all",
    "uniqueid" => "1744727041.80"
  },
  variables: %{}
}
[2025-04-15 14:24:06.656466Z] %ElixirAmi.Event{
  event: "dialend",
  source: :asterisk_connection,
  action_id: nil,
  keys: %{
    "accountcode" => "",
    "calleridname" => "asd",
    "calleridnum" => "102",
    "channel" => "PJSIP/102-00000034",
    "channelstate" => "6",
    "channelstatedesc" => "Up",
    "connectedlinename" => "101",
    "connectedlinenum" => "101",
    "context" => "org_all",
    "destaccountcode" => "",
    "destcalleridname" => "101",
    "destcalleridnum" => "101",
    "destchannel" => "PJSIP/101-00000035",
    "destchannelstate" => "5",
    "destchannelstatedesc" => "Ringing",
    "destconnectedlinename" => "asd",
    "destconnectedlinenum" => "102",
    "destcontext" => "org_all",
    "destexten" => "101",
    "destlanguage" => "en",
    "destlinkedid" => "1744727041.80",
    "destpriority" => "1",
    "destuniqueid" => "1744727043.81",
    "dialstatus" => "CANCEL",
    "exten" => "101",
    "language" => "en",
    "linkedid" => "1744727041.80",
    "priority" => "2",
    "privilege" => "call,all",
    "uniqueid" => "1744727041.80"
  },
  variables: %{}
}
[2025-04-15 14:24:06.656689Z] %ElixirAmi.Event{
  event: "varset",
  source: :asterisk_connection,
  action_id: nil,
  keys: %{
    "accountcode" => "",
    "calleridname" => "asd",
    "calleridnum" => "102",
    "channel" => "PJSIP/102-00000034",
    "channelstate" => "6",
    "channelstatedesc" => "Up",
    "connectedlinename" => "101",
    "connectedlinenum" => "101",
    "context" => "org_all",
    "exten" => "101",
    "language" => "en",
    "linkedid" => "1744727041.80",
    "priority" => "2",
    "privilege" => "dialplan,all",
    "uniqueid" => "1744727041.80",
    "value" => "CANCEL",
    "variable" => "DIALSTATUS"
  },
  variables: %{}
}
[2025-04-15 14:24:06.656842Z] %ElixirAmi.Event{
  event: "softhanguprequest",
  source: :asterisk_connection,
  action_id: nil,
  keys: %{
    "accountcode" => "",
    "calleridname" => "asd",
    "calleridnum" => "102",
    "cause" => "16",
    "channel" => "PJSIP/102-00000034",
    "channelstate" => "6",
    "channelstatedesc" => "Up",
    "connectedlinename" => "101",
    "connectedlinenum" => "101",
    "context" => "org_all",
    "exten" => "101",
    "language" => "en",
    "linkedid" => "1744727041.80",
    "priority" => "2",
    "privilege" => "call,all",
    "uniqueid" => "1744727041.80"
  },
  variables: %{}
}
[2025-04-15 14:24:06.657072Z] %ElixirAmi.Event{
  event: "varset",
  source: :asterisk_connection,
  action_id: nil,
  keys: %{
    "accountcode" => "",
    "calleridname" => "asd",
    "calleridnum" => "102",
    "channel" => "PJSIP/102-00000034",
    "channelstate" => "6",
    "channelstatedesc" => "Up",
    "connectedlinename" => "101",
    "connectedlinenum" => "101",
    "context" => "org_all",
    "exten" => "101",
    "language" => "en",
    "linkedid" => "1744727041.80",
    "priority" => "2",
    "privilege" => "dialplan,all",
    "uniqueid" => "1744727041.80",
    "value" => "ssrc=2028330470;themssrc=1716672472;lp=0;rxjitter=0.000000;rxcount=177;txjitter=0.000875;txcount=176;rlp=0;rtt=0.000000;rxmes=85.367289;txmes=0.000000",
    "variable" => "RTPAUDIOQOS"
  },
  variables: %{}
}
[2025-04-15 14:24:06.657324Z] %ElixirAmi.Event{
  event: "varset",
  source: :asterisk_connection,
  action_id: nil,
  keys: %{
    "accountcode" => "",
    "calleridname" => "asd",
    "calleridnum" => "102",
    "channel" => "PJSIP/102-00000034",
    "channelstate" => "6",
    "channelstatedesc" => "Up",
    "connectedlinename" => "101",
    "connectedlinenum" => "101",
    "context" => "org_all",
    "exten" => "101",
    "language" => "en",
    "linkedid" => "1744727041.80",
    "priority" => "2",
    "privilege" => "dialplan,all",
    "uniqueid" => "1744727041.80",
    "value" => "minrxjitter=000.000125;maxrxjitter=000.000875;avgrxjitter=000.000700;stdevrxjitter=000.000177;mintxjitter=000.000000;maxtxjitter=000.000000;avgtxjitter=000.000000;stdevtxjitter=000.000000;",
    "variable" => "RTPAUDIOQOSJITTER"
  },
  variables: %{}
}
[2025-04-15 14:24:06.657664Z] %ElixirAmi.Event{
  event: "varset",
  source: :asterisk_connection,
  action_id: nil,
  keys: %{
    "accountcode" => "",
    "calleridname" => "asd",
    "calleridnum" => "102",
    "channel" => "PJSIP/102-00000034",
    "channelstate" => "6",
    "channelstatedesc" => "Up",
    "connectedlinename" => "101",
    "connectedlinenum" => "101",
    "context" => "org_all",
    "exten" => "101",
    "language" => "en",
    "linkedid" => "1744727041.80",
    "priority" => "2",
    "privilege" => "dialplan,all",
    "uniqueid" => "1744727041.80",
    "value" => "minrxlost=000.000000;  maxrxlost=000.000000;  avgrxlost=000.000000;  stdevrxlost=000.000000;  mintxlost=000.000000;  maxtxlost=000.000000;  avgtxlost=000.000000;  stdevtxlost=000.000000;",
    "variable" => "RTPAUDIOQOSLOSS"
  },
  variables: %{}
}
[2025-04-15 14:24:06.657881Z] %ElixirAmi.Event{
  event: "varset",
  source: :asterisk_connection,
  action_id: nil,
  keys: %{
    "accountcode" => "",
    "calleridname" => "asd",
    "calleridnum" => "102",
    "channel" => "PJSIP/102-00000034",
    "channelstate" => "6",
    "channelstatedesc" => "Up",
    "connectedlinename" => "101",
    "connectedlinenum" => "101",
    "context" => "org_all",
    "exten" => "101",
    "language" => "en",
    "linkedid" => "1744727041.80",
    "priority" => "2",
    "privilege" => "dialplan,all",
    "uniqueid" => "1744727041.80",
    "value" => "minrtt=000.000000;     maxrtt=000.000000;     avgrtt=000.000000;     stdevrtt=000.000000;",
    "variable" => "RTPAUDIOQOSRTT"
  },
  variables: %{}
}
[2025-04-15 14:24:06.658091Z] %ElixirAmi.Event{
  event: "varset",
  source: :asterisk_connection,
  action_id: nil,
  keys: %{
    "accountcode" => "",
    "calleridname" => "asd",
    "calleridnum" => "102",
    "channel" => "PJSIP/102-00000034",
    "channelstate" => "6",
    "channelstatedesc" => "Up",
    "connectedlinename" => "101",
    "connectedlinenum" => "101",
    "context" => "org_all",
    "exten" => "101",
    "language" => "en",
    "linkedid" => "1744727041.80",
    "priority" => "2",
    "privilege" => "dialplan,all",
    "uniqueid" => "1744727041.80",
    "value" => "minrxmes=000.000000;   maxrxmes=000.000000;   avgrxmes=000.000000;   stdevrxmes=000.000177;   mintxmes=085.367289;   maxtxmes=085.367289;   avgtxmes=085.367289;   stdevtxmes=000.000000;",
    "variable" => "RTPAUDIOQOSMES"
  },
  variables: %{}
}
[2025-04-15 14:24:06.658251Z] %ElixirAmi.Event{
  event: "hangup",
  source: :asterisk_connection,
  action_id: nil,
  keys: %{
    "accountcode" => "",
    "calleridname" => "101",
    "calleridnum" => "101",
    "cause" => "16",
    "cause-txt" => "Normal Clearing",
    "channel" => "PJSIP/101-00000035",
    "channelstate" => "5",
    "channelstatedesc" => "Ringing",
    "connectedlinename" => "asd",
    "connectedlinenum" => "102",
    "context" => "org_all",
    "exten" => "101",
    "language" => "en",
    "linkedid" => "1744727041.80",
    "priority" => "1",
    "privilege" => "call,all",
    "uniqueid" => "1744727043.81"
  },
  variables: %{}
}
[2025-04-15 14:24:06.658440Z] %ElixirAmi.Event{
  event: "hangup",
  source: :asterisk_connection,
  action_id: nil,
  keys: %{
    "accountcode" => "",
    "calleridname" => "asd",
    "calleridnum" => "102",
    "cause" => "16",
    "cause-txt" => "Normal Clearing",
    "channel" => "PJSIP/102-00000034",
    "channelstate" => "6",
    "channelstatedesc" => "Up",
    "connectedlinename" => "101",
    "connectedlinenum" => "101",
    "context" => "org_all",
    "exten" => "101",
    "language" => "en",
    "linkedid" => "1744727041.80",
    "priority" => "2",
    "privilege" => "call,all",
    "uniqueid" => "1744727041.80"
  },
  variables: %{}
}
