[2025-04-15 15:20:22.215922Z] %ElixirAmi.Event{
  event: "newchannel",
  source: :asterisk_connection,
  action_id: nil,
  keys: %{
    "accountcode" => "",
    "calleridname" => "102",
    "calleridnum" => "102",
    "channel" => "PJSIP/102-00000053",
    "channelstate" => "0",
    "channelstatedesc" => "Down",
    "connectedlinename" => "<unknown>",
    "connectedlinenum" => "<unknown>",
    "context" => "org_all",
    "exten" => "s",
    "language" => "en",
    "linkedid" => "1744730420.127",
    "priority" => "1",
    "privilege" => "call,all",
    "uniqueid" => "1744730420.127"
  },
  variables: %{}
}
[2025-04-15 15:20:22.216121Z] %ElixirAmi.Event{
  event: "newexten",
  source: :asterisk_connection,
  action_id: nil,
  keys: %{
    "accountcode" => "",
    "appdata" => "(Outgoing Line)",
    "application" => "AppDial2",
    "calleridname" => "102",
    "calleridnum" => "102",
    "channel" => "PJSIP/102-00000053",
    "channelstate" => "0",
    "channelstatedesc" => "Down",
    "connectedlinename" => "<unknown>",
    "connectedlinenum" => "<unknown>",
    "context" => "org_all",
    "exten" => "s",
    "extension" => "s",
    "language" => "en",
    "linkedid" => "1744730420.127",
    "priority" => "1",
    "privilege" => "dialplan,all",
    "uniqueid" => "1744730420.127"
  },
  variables: %{}
}
[2025-04-15 15:20:22.216328Z] %ElixirAmi.Event{
  event: "newcallerid",
  source: :asterisk_connection,
  action_id: nil,
  keys: %{
    "accountcode" => "",
    "calleridname" => "Ivan102",
    "calleridnum" => "102",
    "channel" => "PJSIP/102-00000053",
    "channelstate" => "0",
    "channelstatedesc" => "Down",
    "cid-callingpres" => "0 (Presentation Allowed, Not Screened)",
    "connectedlinename" => "<unknown>",
    "connectedlinenum" => "<unknown>",
    "context" => "org_all",
    "exten" => "s",
    "language" => "en",
    "linkedid" => "1744730420.127",
    "priority" => "1",
    "privilege" => "call,all",
    "uniqueid" => "1744730420.127"
  },
  variables: %{}
}
[2025-04-15 15:20:22.216509Z] %ElixirAmi.Event{
  event: "newconnectedline",
  source: :asterisk_connection,
  action_id: nil,
  keys: %{
    "accountcode" => "",
    "calleridname" => "Ivan102",
    "calleridnum" => "102",
    "channel" => "PJSIP/102-00000053",
    "channelstate" => "0",
    "channelstatedesc" => "Down",
    "connectedlinename" => "Ivan102",
    "connectedlinenum" => "<unknown>",
    "context" => "org_all",
    "exten" => "s",
    "language" => "en",
    "linkedid" => "1744730420.127",
    "priority" => "1",
    "privilege" => "call,all",
    "uniqueid" => "1744730420.127"
  },
  variables: %{}
}
[2025-04-15 15:20:22.217076Z] %ElixirAmi.Event{
  event: "newstate",
  source: :asterisk_connection,
  action_id: nil,
  keys: %{
    "accountcode" => "",
    "calleridname" => "Ivan102",
    "calleridnum" => "102",
    "channel" => "PJSIP/102-00000053",
    "channelstate" => "5",
    "channelstatedesc" => "Ringing",
    "connectedlinename" => "Ivan102",
    "connectedlinenum" => "<unknown>",
    "context" => "org_all",
    "exten" => "s",
    "language" => "en",
    "linkedid" => "1744730420.127",
    "priority" => "1",
    "privilege" => "call,all",
    "uniqueid" => "1744730420.127"
  },
  variables: %{}
}
[2025-04-15 15:20:22.217628Z] %ElixirAmi.Event{
  event: "rtcpreceived",
  source: :asterisk_connection,
  action_id: nil,
  keys: %{
    "accountcode" => "",
    "calleridname" => "Ivan102",
    "calleridnum" => "102",
    "channel" => "PJSIP/102-00000053",
    "channelstate" => "5",
    "channelstatedesc" => "Ringing",
    "connectedlinename" => "Ivan102",
    "connectedlinenum" => "<unknown>",
    "context" => "org_all",
    "exten" => "s",
    "from" => "192.168.0.16:4101",
    "language" => "en",
    "linkedid" => "1744730420.127",
    "mes" => "85.4",
    "priority" => "1",
    "privilege" => "reporting,all",
    "pt" => "201(RR)",
    "report0cumulativelost" => "0",
    "report0dlsr" => "0.0000",
    "report0fractionlost" => "0",
    "report0highestsequence" => "0",
    "report0iajitter" => "0",
    "report0lsr" => "0",
    "report0sequencenumbercycles" => "0",
    "report0sourcessrc" => "0x00000000",
    "reportcount" => "1",
    "rtt" => "0.0000",
    "ssrc" => "0x00000000",
    "to" => "192.168.0.16:14571",
    "uniqueid" => "1744730420.127"
  },
  variables: %{}
}
[2025-04-15 15:20:22.218033Z] %ElixirAmi.Event{
  event: "rtcpreceived",
  source: :asterisk_connection,
  action_id: nil,
  keys: %{
    "accountcode" => "",
    "calleridname" => "Ivan102",
    "calleridnum" => "102",
    "channel" => "PJSIP/102-00000053",
    "channelstate" => "5",
    "channelstatedesc" => "Ringing",
    "connectedlinename" => "Ivan102",
    "connectedlinenum" => "<unknown>",
    "context" => "org_all",
    "exten" => "s",
    "from" => "192.168.0.16:4101",
    "language" => "en",
    "linkedid" => "1744730420.127",
    "mes" => "85.4",
    "priority" => "1",
    "privilege" => "reporting,all",
    "pt" => "201(RR)",
    "report0cumulativelost" => "0",
    "report0dlsr" => "0.0000",
    "report0fractionlost" => "0",
    "report0highestsequence" => "0",
    "report0iajitter" => "0",
    "report0lsr" => "0",
    "report0sequencenumbercycles" => "0",
    "report0sourcessrc" => "0x00000000",
    "reportcount" => "1",
    "rtt" => "0.0000",
    "ssrc" => "0x00000000",
    "to" => "192.168.0.16:14571",
    "uniqueid" => "1744730420.127"
  },
  variables: %{}
}
[2025-04-15 15:20:22.218340Z] %ElixirAmi.Event{
  event: "newstate",
  source: :asterisk_connection,
  action_id: nil,
  keys: %{
    "accountcode" => "",
    "calleridname" => "Ivan102",
    "calleridnum" => "102",
    "channel" => "PJSIP/102-00000053",
    "channelstate" => "6",
    "channelstatedesc" => "Up",
    "connectedlinename" => "Ivan102",
    "connectedlinenum" => "<unknown>",
    "context" => "org_all",
    "exten" => "s",
    "language" => "en",
    "linkedid" => "1744730420.127",
    "priority" => "1",
    "privilege" => "call,all",
    "uniqueid" => "1744730420.127"
  },
  variables: %{}
}
[2025-04-15 15:20:22.218867Z] %ElixirAmi.Event{
  event: "newexten",
  source: :asterisk_connection,
  action_id: nil,
  keys: %{
    "accountcode" => "",
    "appdata" => "",
    "application" => "NoOp",
    "calleridname" => "Ivan102",
    "calleridnum" => "102",
    "channel" => "PJSIP/102-00000053",
    "channelstate" => "6",
    "channelstatedesc" => "Up",
    "connectedlinename" => "Ivan102",
    "connectedlinenum" => "<unknown>",
    "context" => "org_all",
    "exten" => "101",
    "extension" => "101",
    "language" => "en",
    "linkedid" => "1744730420.127",
    "priority" => "1",
    "privilege" => "dialplan,all",
    "uniqueid" => "1744730420.127"
  },
  variables: %{}
}
[2025-04-15 15:20:22.219141Z] %ElixirAmi.Event{
  event: "newexten",
  source: :asterisk_connection,
  action_id: nil,
  keys: %{
    "accountcode" => "",
    "appdata" => "PJSIP/101,20,",
    "application" => "Dial",
    "calleridname" => "Ivan102",
    "calleridnum" => "102",
    "channel" => "PJSIP/102-00000053",
    "channelstate" => "6",
    "channelstatedesc" => "Up",
    "connectedlinename" => "Ivan102",
    "connectedlinenum" => "<unknown>",
    "context" => "org_all",
    "exten" => "101",
    "extension" => "101",
    "language" => "en",
    "linkedid" => "1744730420.127",
    "priority" => "2",
    "privilege" => "dialplan,all",
    "uniqueid" => "1744730420.127"
  },
  variables: %{}
}
[2025-04-15 15:20:22.219372Z] %ElixirAmi.Event{
  event: "varset",
  source: :asterisk_connection,
  action_id: nil,
  keys: %{
    "accountcode" => "",
    "calleridname" => "Ivan102",
    "calleridnum" => "102",
    "channel" => "PJSIP/102-00000053",
    "channelstate" => "6",
    "channelstatedesc" => "Up",
    "connectedlinename" => "Ivan102",
    "connectedlinenum" => "<unknown>",
    "context" => "org_all",
    "exten" => "101",
    "language" => "en",
    "linkedid" => "1744730420.127",
    "priority" => "2",
    "privilege" => "dialplan,all",
    "uniqueid" => "1744730420.127",
    "value" => "",
    "variable" => "DIALSTATUS"
  },
  variables: %{}
}
[2025-04-15 15:20:22.219625Z] %ElixirAmi.Event{
  event: "varset",
  source: :asterisk_connection,
  action_id: nil,
  keys: %{
    "accountcode" => "",
    "calleridname" => "Ivan102",
    "calleridnum" => "102",
    "channel" => "PJSIP/102-00000053",
    "channelstate" => "6",
    "channelstatedesc" => "Up",
    "connectedlinename" => "Ivan102",
    "connectedlinenum" => "<unknown>",
    "context" => "org_all",
    "exten" => "101",
    "language" => "en",
    "linkedid" => "1744730420.127",
    "priority" => "2",
    "privilege" => "dialplan,all",
    "uniqueid" => "1744730420.127",
    "value" => "",
    "variable" => "DIALEDPEERNUMBER"
  },
  variables: %{}
}
[2025-04-15 15:20:22.219863Z] %ElixirAmi.Event{
  event: "varset",
  source: :asterisk_connection,
  action_id: nil,
  keys: %{
    "accountcode" => "",
    "calleridname" => "Ivan102",
    "calleridnum" => "102",
    "channel" => "PJSIP/102-00000053",
    "channelstate" => "6",
    "channelstatedesc" => "Up",
    "connectedlinename" => "Ivan102",
    "connectedlinenum" => "<unknown>",
    "context" => "org_all",
    "exten" => "101",
    "language" => "en",
    "linkedid" => "1744730420.127",
    "priority" => "2",
    "privilege" => "dialplan,all",
    "uniqueid" => "1744730420.127",
    "value" => "",
    "variable" => "DIALEDPEERNAME"
  },
  variables: %{}
}
[2025-04-15 15:20:22.220081Z] %ElixirAmi.Event{
  event: "varset",
  source: :asterisk_connection,
  action_id: nil,
  keys: %{
    "accountcode" => "",
    "calleridname" => "Ivan102",
    "calleridnum" => "102",
    "channel" => "PJSIP/102-00000053",
    "channelstate" => "6",
    "channelstatedesc" => "Up",
    "connectedlinename" => "Ivan102",
    "connectedlinenum" => "<unknown>",
    "context" => "org_all",
    "exten" => "101",
    "language" => "en",
    "linkedid" => "1744730420.127",
    "priority" => "2",
    "privilege" => "dialplan,all",
    "uniqueid" => "1744730420.127",
    "value" => "",
    "variable" => "ANSWEREDTIME"
  },
  variables: %{}
}
[2025-04-15 15:20:22.220306Z] %ElixirAmi.Event{
  event: "varset",
  source: :asterisk_connection,
  action_id: nil,
  keys: %{
    "accountcode" => "",
    "calleridname" => "Ivan102",
    "calleridnum" => "102",
    "channel" => "PJSIP/102-00000053",
    "channelstate" => "6",
    "channelstatedesc" => "Up",
    "connectedlinename" => "Ivan102",
    "connectedlinenum" => "<unknown>",
    "context" => "org_all",
    "exten" => "101",
    "language" => "en",
    "linkedid" => "1744730420.127",
    "priority" => "2",
    "privilege" => "dialplan,all",
    "uniqueid" => "1744730420.127",
    "value" => "",
    "variable" => "ANSWEREDTIME_MS"
  },
  variables: %{}
}
[2025-04-15 15:20:22.220533Z] %ElixirAmi.Event{
  event: "varset",
  source: :asterisk_connection,
  action_id: nil,
  keys: %{
    "accountcode" => "",
    "calleridname" => "Ivan102",
    "calleridnum" => "102",
    "channel" => "PJSIP/102-00000053",
    "channelstate" => "6",
    "channelstatedesc" => "Up",
    "connectedlinename" => "Ivan102",
    "connectedlinenum" => "<unknown>",
    "context" => "org_all",
    "exten" => "101",
    "language" => "en",
    "linkedid" => "1744730420.127",
    "priority" => "2",
    "privilege" => "dialplan,all",
    "uniqueid" => "1744730420.127",
    "value" => "",
    "variable" => "DIALEDTIME"
  },
  variables: %{}
}
[2025-04-15 15:20:22.220777Z] %ElixirAmi.Event{
  event: "varset",
  source: :asterisk_connection,
  action_id: nil,
  keys: %{
    "accountcode" => "",
    "calleridname" => "Ivan102",
    "calleridnum" => "102",
    "channel" => "PJSIP/102-00000053",
    "channelstate" => "6",
    "channelstatedesc" => "Up",
    "connectedlinename" => "Ivan102",
    "connectedlinenum" => "<unknown>",
    "context" => "org_all",
    "exten" => "101",
    "language" => "en",
    "linkedid" => "1744730420.127",
    "priority" => "2",
    "privilege" => "dialplan,all",
    "uniqueid" => "1744730420.127",
    "value" => "",
    "variable" => "DIALEDTIME_MS"
  },
  variables: %{}
}
[2025-04-15 15:20:22.221007Z] %ElixirAmi.Event{
  event: "varset",
  source: :asterisk_connection,
  action_id: nil,
  keys: %{
    "accountcode" => "",
    "calleridname" => "Ivan102",
    "calleridnum" => "102",
    "channel" => "PJSIP/102-00000053",
    "channelstate" => "6",
    "channelstatedesc" => "Up",
    "connectedlinename" => "Ivan102",
    "connectedlinenum" => "<unknown>",
    "context" => "org_all",
    "exten" => "101",
    "language" => "en",
    "linkedid" => "1744730420.127",
    "priority" => "2",
    "privilege" => "dialplan,all",
    "uniqueid" => "1744730420.127",
    "value" => "",
    "variable" => "RINGTIME"
  },
  variables: %{}
}
[2025-04-15 15:20:22.221325Z] %ElixirAmi.Event{
  event: "varset",
  source: :asterisk_connection,
  action_id: nil,
  keys: %{
    "accountcode" => "",
    "calleridname" => "Ivan102",
    "calleridnum" => "102",
    "channel" => "PJSIP/102-00000053",
    "channelstate" => "6",
    "channelstatedesc" => "Up",
    "connectedlinename" => "Ivan102",
    "connectedlinenum" => "<unknown>",
    "context" => "org_all",
    "exten" => "101",
    "language" => "en",
    "linkedid" => "1744730420.127",
    "priority" => "2",
    "privilege" => "dialplan,all",
    "uniqueid" => "1744730420.127",
    "value" => "",
    "variable" => "RINGTIME_MS"
  },
  variables: %{}
}
[2025-04-15 15:20:22.221607Z] %ElixirAmi.Event{
  event: "varset",
  source: :asterisk_connection,
  action_id: nil,
  keys: %{
    "accountcode" => "",
    "calleridname" => "Ivan102",
    "calleridnum" => "102",
    "channel" => "PJSIP/102-00000053",
    "channelstate" => "6",
    "channelstatedesc" => "Up",
    "connectedlinename" => "Ivan102",
    "connectedlinenum" => "<unknown>",
    "context" => "org_all",
    "exten" => "101",
    "language" => "en",
    "linkedid" => "1744730420.127",
    "priority" => "2",
    "privilege" => "dialplan,all",
    "uniqueid" => "1744730420.127",
    "value" => "",
    "variable" => "PROGRESSTIME"
  },
  variables: %{}
}
[2025-04-15 15:20:22.221783Z] %ElixirAmi.Event{
  event: "varset",
  source: :asterisk_connection,
  action_id: nil,
  keys: %{
    "accountcode" => "",
    "calleridname" => "Ivan102",
    "calleridnum" => "102",
    "channel" => "PJSIP/102-00000053",
    "channelstate" => "6",
    "channelstatedesc" => "Up",
    "connectedlinename" => "Ivan102",
    "connectedlinenum" => "<unknown>",
    "context" => "org_all",
    "exten" => "101",
    "language" => "en",
    "linkedid" => "1744730420.127",
    "priority" => "2",
    "privilege" => "dialplan,all",
    "uniqueid" => "1744730420.127",
    "value" => "",
    "variable" => "PROGRESSTIME_MS"
  },
  variables: %{}
}
[2025-04-15 15:20:22.222014Z] %ElixirAmi.Event{
  event: "newchannel",
  source: :asterisk_connection,
  action_id: nil,
  keys: %{
    "accountcode" => "",
    "calleridname" => "101",
    "calleridnum" => "101",
    "channel" => "PJSIP/101-00000054",
    "channelstate" => "0",
    "channelstatedesc" => "Down",
    "connectedlinename" => "<unknown>",
    "connectedlinenum" => "<unknown>",
    "context" => "org_all",
    "exten" => "s",
    "language" => "en",
    "linkedid" => "1744730420.127",
    "priority" => "1",
    "privilege" => "call,all",
    "uniqueid" => "1744730422.128"
  },
  variables: %{}
}
[2025-04-15 15:20:22.222393Z] %ElixirAmi.Event{
  event: "varset",
  source: :asterisk_connection,
  action_id: nil,
  keys: %{
    "accountcode" => "",
    "calleridname" => "101",
    "calleridnum" => "101",
    "channel" => "PJSIP/101-00000054",
    "channelstate" => "0",
    "channelstatedesc" => "Down",
    "connectedlinename" => "<unknown>",
    "connectedlinenum" => "<unknown>",
    "context" => "org_all",
    "exten" => "s",
    "language" => "en",
    "linkedid" => "1744730420.127",
    "priority" => "1",
    "privilege" => "dialplan,all",
    "uniqueid" => "1744730422.128",
    "value" => "101",
    "variable" => "DIALEDPEERNUMBER"
  },
  variables: %{}
}
[2025-04-15 15:20:22.222720Z] %ElixirAmi.Event{
  event: "newexten",
  source: :asterisk_connection,
  action_id: nil,
  keys: %{
    "accountcode" => "",
    "appdata" => "(Outgoing Line)",
    "application" => "AppDial",
    "calleridname" => "101",
    "calleridnum" => "101",
    "channel" => "PJSIP/101-00000054",
    "channelstate" => "0",
    "channelstatedesc" => "Down",
    "connectedlinename" => "Ivan102",
    "connectedlinenum" => "102",
    "context" => "org_all",
    "exten" => "101",
    "extension" => "101",
    "language" => "en",
    "linkedid" => "1744730420.127",
    "priority" => "1",
    "privilege" => "dialplan,all",
    "uniqueid" => "1744730422.128"
  },
  variables: %{}
}
[2025-04-15 15:20:22.222953Z] %ElixirAmi.Event{
  event: "newconnectedline",
  source: :asterisk_connection,
  action_id: nil,
  keys: %{
    "accountcode" => "",
    "calleridname" => "101",
    "calleridnum" => "101",
    "channel" => "PJSIP/101-00000054",
    "channelstate" => "0",
    "channelstatedesc" => "Down",
    "connectedlinename" => "Ivan102",
    "connectedlinenum" => "102",
    "context" => "org_all",
    "exten" => "101",
    "language" => "en",
    "linkedid" => "1744730420.127",
    "priority" => "1",
    "privilege" => "call,all",
    "uniqueid" => "1744730422.128"
  },
  variables: %{}
}
[2025-04-15 15:20:22.223210Z] %ElixirAmi.Event{
  event: "dialbegin",
  source: :asterisk_connection,
  action_id: nil,
  keys: %{
    "accountcode" => "",
    "calleridname" => "Ivan102",
    "calleridnum" => "102",
    "channel" => "PJSIP/102-00000053",
    "channelstate" => "6",
    "channelstatedesc" => "Up",
    "connectedlinename" => "Ivan102",
    "connectedlinenum" => "<unknown>",
    "context" => "org_all",
    "destaccountcode" => "",
    "destcalleridname" => "101",
    "destcalleridnum" => "101",
    "destchannel" => "PJSIP/101-00000054",
    "destchannelstate" => "0",
    "destchannelstatedesc" => "Down",
    "destconnectedlinename" => "Ivan102",
    "destconnectedlinenum" => "102",
    "destcontext" => "org_all",
    "destexten" => "101",
    "destlanguage" => "en",
    "destlinkedid" => "1744730420.127",
    "destpriority" => "1",
    "destuniqueid" => "1744730422.128",
    "dialstring" => "101",
    "exten" => "101",
    "language" => "en",
    "linkedid" => "1744730420.127",
    "priority" => "2",
    "privilege" => "call,all",
    "uniqueid" => "1744730420.127"
  },
  variables: %{}
}
[2025-04-15 15:20:22.223390Z] %ElixirAmi.Event{
  event: "newconnectedline",
  source: :asterisk_connection,
  action_id: nil,
  keys: %{
    "accountcode" => "",
    "calleridname" => "Ivan102",
    "calleridnum" => "102",
    "channel" => "PJSIP/102-00000053",
    "channelstate" => "6",
    "channelstatedesc" => "Up",
    "connectedlinename" => "101",
    "connectedlinenum" => "101",
    "context" => "org_all",
    "exten" => "101",
    "language" => "en",
    "linkedid" => "1744730420.127",
    "priority" => "2",
    "privilege" => "call,all",
    "uniqueid" => "1744730420.127"
  },
  variables: %{}
}
[2025-04-15 15:20:22.223754Z] %ElixirAmi.Event{
  event: "newstate",
  source: :asterisk_connection,
  action_id: nil,
  keys: %{
    "accountcode" => "",
    "calleridname" => "101",
    "calleridnum" => "101",
    "channel" => "PJSIP/101-00000054",
    "channelstate" => "5",
    "channelstatedesc" => "Ringing",
    "connectedlinename" => "Ivan102",
    "connectedlinenum" => "102",
    "context" => "org_all",
    "exten" => "101",
    "language" => "en",
    "linkedid" => "1744730420.127",
    "priority" => "1",
    "privilege" => "call,all",
    "uniqueid" => "1744730422.128"
  },
  variables: %{}
}
[2025-04-15 15:20:22.224236Z] %ElixirAmi.Event{
  event: "varset",
  source: :asterisk_connection,
  action_id: nil,
  keys: %{
    "accountcode" => "",
    "calleridname" => "Ivan102",
    "calleridnum" => "102",
    "channel" => "PJSIP/102-00000053",
    "channelstate" => "6",
    "channelstatedesc" => "Up",
    "connectedlinename" => "101",
    "connectedlinenum" => "101",
    "context" => "org_all",
    "exten" => "101",
    "language" => "en",
    "linkedid" => "1744730420.127",
    "priority" => "2",
    "privilege" => "dialplan,all",
    "uniqueid" => "1744730420.127",
    "value" => "0",
    "variable" => "RINGTIME"
  },
  variables: %{}
}
[2025-04-15 15:20:22.224577Z] %ElixirAmi.Event{
  event: "varset",
  source: :asterisk_connection,
  action_id: nil,
  keys: %{
    "accountcode" => "",
    "calleridname" => "Ivan102",
    "calleridnum" => "102",
    "channel" => "PJSIP/102-00000053",
    "channelstate" => "6",
    "channelstatedesc" => "Up",
    "connectedlinename" => "101",
    "connectedlinenum" => "101",
    "context" => "org_all",
    "exten" => "101",
    "language" => "en",
    "linkedid" => "1744730420.127",
    "priority" => "2",
    "privilege" => "dialplan,all",
    "uniqueid" => "1744730420.127",
    "value" => "5",
    "variable" => "RINGTIME_MS"
  },
  variables: %{}
}
[2025-04-15 15:20:22.225097Z] %ElixirAmi.Event{
  event: "dialstate",
  source: :asterisk_connection,
  action_id: nil,
  keys: %{
    "accountcode" => "",
    "calleridname" => "Ivan102",
    "calleridnum" => "102",
    "channel" => "PJSIP/102-00000053",
    "channelstate" => "6",
    "channelstatedesc" => "Up",
    "connectedlinename" => "101",
    "connectedlinenum" => "101",
    "context" => "org_all",
    "destaccountcode" => "",
    "destcalleridname" => "101",
    "destcalleridnum" => "101",
    "destchannel" => "PJSIP/101-00000054",
    "destchannelstate" => "5",
    "destchannelstatedesc" => "Ringing",
    "destconnectedlinename" => "Ivan102",
    "destconnectedlinenum" => "102",
    "destcontext" => "org_all",
    "destexten" => "101",
    "destlanguage" => "en",
    "destlinkedid" => "1744730420.127",
    "destpriority" => "1",
    "destuniqueid" => "1744730422.128",
    "dialstatus" => "RINGING",
    "exten" => "101",
    "language" => "en",
    "linkedid" => "1744730420.127",
    "priority" => "2",
    "privilege" => "call,all",
    "uniqueid" => "1744730420.127"
  },
  variables: %{}
}
[2025-04-15 15:20:22.421837Z] %ElixirAmi.Event{
  event: "rtcpreceived",
  source: :asterisk_connection,
  action_id: nil,
  keys: %{
    "pt" => "200(SR)",
    "report0highestsequence" => "214",
    "mes" => "85.4",
    "privilege" => "reporting,all",
    "channelstatedesc" => "Up",
    "uniqueid" => "1744730420.127",
    "sentntp" => "1744755622.206884",
    "report0fractionlost" => "0",
    "sentpackets" => "11",
    "report0lsr" => "0",
    "linkedid" => "1744730420.127",
    "ssrc" => "0xeba95a26",
    "exten" => "101",
    "channel" => "PJSIP/102-00000053",
    "report0iajitter" => "0",
    "sentrtp" => "1648",
    "context" => "org_all",
    "connectedlinename" => "101",
    "priority" => "2",
    "rtt" => "0.0000",
    "to" => "192.168.0.16:14571",
    "reportcount" => "1",
    "language" => "en",
    "sentoctets" => "1760",
    "calleridname" => "Ivan102",
    "from" => "192.168.0.16:4101",
    "report0cumulativelost" => "0",
    "report0sequencenumbercycles" => "0",
    "calleridnum" => "102",
    "channelstate" => "6",
    "accountcode" => "",
    "report0dlsr" => "0.0000",
    "report0sourcessrc" => "0x1a8e26b0",
    "connectedlinenum" => "101"
  },
  variables: %{}
}
[2025-04-15 15:20:23.101666Z] %ElixirAmi.Event{
  event: "rtcpreceived",
  source: :asterisk_connection,
  action_id: nil,
  keys: %{
    "accountcode" => "",
    "calleridname" => "101",
    "calleridnum" => "101",
    "channel" => "PJSIP/101-00000054",
    "channelstate" => "5",
    "channelstatedesc" => "Ringing",
    "connectedlinename" => "Ivan102",
    "connectedlinenum" => "102",
    "context" => "org_all",
    "exten" => "101",
    "from" => "192.168.0.16:4067",
    "language" => "en",
    "linkedid" => "1744730420.127",
    "mes" => "85.4",
    "priority" => "1",
    "privilege" => "reporting,all",
    "pt" => "201(RR)",
    "report0cumulativelost" => "0",
    "report0dlsr" => "0.0000",
    "report0fractionlost" => "0",
    "report0highestsequence" => "0",
    "report0iajitter" => "0",
    "report0lsr" => "0",
    "report0sequencenumbercycles" => "0",
    "report0sourcessrc" => "0x00000000",
    "reportcount" => "1",
    "rtt" => "0.0000",
    "ssrc" => "0x00000000",
    "to" => "192.168.0.16:19355",
    "uniqueid" => "1744730422.128"
  },
  variables: %{}
}
[2025-04-15 15:20:23.102191Z] %ElixirAmi.Event{
  event: "rtcpreceived",
  source: :asterisk_connection,
  action_id: nil,
  keys: %{
    "accountcode" => "",
    "calleridname" => "101",
    "calleridnum" => "101",
    "channel" => "PJSIP/101-00000054",
    "channelstate" => "5",
    "channelstatedesc" => "Ringing",
    "connectedlinename" => "Ivan102",
    "connectedlinenum" => "102",
    "context" => "org_all",
    "exten" => "101",
    "from" => "192.168.0.16:4067",
    "language" => "en",
    "linkedid" => "1744730420.127",
    "mes" => "85.4",
    "priority" => "1",
    "privilege" => "reporting,all",
    "pt" => "201(RR)",
    "report0cumulativelost" => "0",
    "report0dlsr" => "0.0000",
    "report0fractionlost" => "0",
    "report0highestsequence" => "0",
    "report0iajitter" => "0",
    "report0lsr" => "0",
    "report0sequencenumbercycles" => "0",
    "report0sourcessrc" => "0x00000000",
    "reportcount" => "1",
    "rtt" => "0.0000",
    "ssrc" => "0x00000000",
    "to" => "192.168.0.16:19355",
    "uniqueid" => "1744730422.128"
  },
  variables: %{}
}
[2025-04-15 15:20:23.102497Z] %ElixirAmi.Event{
  event: "newstate",
  source: :asterisk_connection,
  action_id: nil,
  keys: %{
    "accountcode" => "",
    "calleridname" => "101",
    "calleridnum" => "101",
    "channel" => "PJSIP/101-00000054",
    "channelstate" => "6",
    "channelstatedesc" => "Up",
    "connectedlinename" => "Ivan102",
    "connectedlinenum" => "102",
    "context" => "org_all",
    "exten" => "101",
    "language" => "en",
    "linkedid" => "1744730420.127",
    "priority" => "1",
    "privilege" => "call,all",
    "uniqueid" => "1744730422.128"
  },
  variables: %{}
}
[2025-04-15 15:20:23.102875Z] %ElixirAmi.Event{
  event: "varset",
  source: :asterisk_connection,
  action_id: nil,
  keys: %{
    "accountcode" => "",
    "calleridname" => "Ivan102",
    "calleridnum" => "102",
    "channel" => "PJSIP/102-00000053",
    "channelstate" => "6",
    "channelstatedesc" => "Up",
    "connectedlinename" => "101",
    "connectedlinenum" => "101",
    "context" => "org_all",
    "exten" => "101",
    "language" => "en",
    "linkedid" => "1744730420.127",
    "priority" => "2",
    "privilege" => "dialplan,all",
    "uniqueid" => "1744730420.127",
    "value" => "ANSWER",
    "variable" => "DIALSTATUS"
  },
  variables: %{}
}
[2025-04-15 15:20:23.103073Z] %ElixirAmi.Event{
  event: "varset",
  source: :asterisk_connection,
  action_id: nil,
  keys: %{
    "accountcode" => "",
    "calleridname" => "Ivan102",
    "calleridnum" => "102",
    "channel" => "PJSIP/102-00000053",
    "channelstate" => "6",
    "channelstatedesc" => "Up",
    "connectedlinename" => "101",
    "connectedlinenum" => "101",
    "context" => "org_all",
    "exten" => "101",
    "language" => "en",
    "linkedid" => "1744730420.127",
    "priority" => "2",
    "privilege" => "dialplan,all",
    "uniqueid" => "1744730420.127",
    "value" => "PJSIP/101-00000054",
    "variable" => "DIALEDPEERNAME"
  },
  variables: %{}
}
[2025-04-15 15:20:23.103349Z] %ElixirAmi.Event{
  event: "varset",
  source: :asterisk_connection,
  action_id: nil,
  keys: %{
    "accountcode" => "",
    "calleridname" => "Ivan102",
    "calleridnum" => "102",
    "channel" => "PJSIP/102-00000053",
    "channelstate" => "6",
    "channelstatedesc" => "Up",
    "connectedlinename" => "101",
    "connectedlinenum" => "101",
    "context" => "org_all",
    "exten" => "101",
    "language" => "en",
    "linkedid" => "1744730420.127",
    "priority" => "2",
    "privilege" => "dialplan,all",
    "uniqueid" => "1744730420.127",
    "value" => "101",
    "variable" => "DIALEDPEERNUMBER"
  },
  variables: %{}
}
[2025-04-15 15:20:23.103720Z] %ElixirAmi.Event{
  event: "dialend",
  source: :asterisk_connection,
  action_id: nil,
  keys: %{
    "accountcode" => "",
    "calleridname" => "Ivan102",
    "calleridnum" => "102",
    "channel" => "PJSIP/102-00000053",
    "channelstate" => "6",
    "channelstatedesc" => "Up",
    "connectedlinename" => "101",
    "connectedlinenum" => "101",
    "context" => "org_all",
    "destaccountcode" => "",
    "destcalleridname" => "101",
    "destcalleridnum" => "101",
    "destchannel" => "PJSIP/101-00000054",
    "destchannelstate" => "6",
    "destchannelstatedesc" => "Up",
    "destconnectedlinename" => "Ivan102",
    "destconnectedlinenum" => "102",
    "destcontext" => "org_all",
    "destexten" => "",
    "destlanguage" => "en",
    "destlinkedid" => "1744730420.127",
    "destpriority" => "1",
    "destuniqueid" => "1744730422.128",
    "dialstatus" => "ANSWER",
    "exten" => "101",
    "language" => "en",
    "linkedid" => "1744730420.127",
    "priority" => "2",
    "privilege" => "call,all",
    "uniqueid" => "1744730420.127"
  },
  variables: %{}
}
[2025-04-15 15:20:23.104052Z] %ElixirAmi.Event{
  event: "newexten",
  source: :asterisk_connection,
  action_id: nil,
  keys: %{
    "accountcode" => "",
    "appdata" => "(Outgoing Line)",
    "application" => "AppDial",
    "calleridname" => "101",
    "calleridnum" => "101",
    "channel" => "PJSIP/101-00000054",
    "channelstate" => "6",
    "channelstatedesc" => "Up",
    "connectedlinename" => "Ivan102",
    "connectedlinenum" => "102",
    "context" => "org_all",
    "exten" => "",
    "extension" => "",
    "language" => "en",
    "linkedid" => "1744730420.127",
    "priority" => "1",
    "privilege" => "dialplan,all",
    "uniqueid" => "1744730422.128"
  },
  variables: %{}
}
[2025-04-15 15:20:23.104265Z] %ElixirAmi.Event{
  event: "bridgeenter",
  source: :asterisk_connection,
  action_id: nil,
  keys: %{
    "accountcode" => "",
    "bridgecreator" => "<unknown>",
    "bridgename" => "<unknown>",
    "bridgenumchannels" => "1",
    "bridgetechnology" => "simple_bridge",
    "bridgetype" => "basic",
    "bridgeuniqueid" => "fc380a4d-b85d-4056-bbb0-29cbc1488699",
    "bridgevideosourcemode" => "none",
    "calleridname" => "101",
    "calleridnum" => "101",
    "channel" => "PJSIP/101-00000054",
    "channelstate" => "6",
    "channelstatedesc" => "Up",
    "connectedlinename" => "Ivan102",
    "connectedlinenum" => "102",
    "context" => "org_all",
    "exten" => "",
    "language" => "en",
    "linkedid" => "1744730420.127",
    "priority" => "1",
    "privilege" => "call,all",
    "uniqueid" => "1744730422.128"
  },
  variables: %{}
}
[2025-04-15 15:20:23.104478Z] %ElixirAmi.Event{
  event: "bridgeenter",
  source: :asterisk_connection,
  action_id: nil,
  keys: %{
    "accountcode" => "",
    "bridgecreator" => "<unknown>",
    "bridgename" => "<unknown>",
    "bridgenumchannels" => "2",
    "bridgetechnology" => "simple_bridge",
    "bridgetype" => "basic",
    "bridgeuniqueid" => "fc380a4d-b85d-4056-bbb0-29cbc1488699",
    "bridgevideosourcemode" => "none",
    "calleridname" => "Ivan102",
    "calleridnum" => "102",
    "channel" => "PJSIP/102-00000053",
    "channelstate" => "6",
    "channelstatedesc" => "Up",
    "connectedlinename" => "101",
    "connectedlinenum" => "101",
    "context" => "org_all",
    "exten" => "101",
    "language" => "en",
    "linkedid" => "1744730420.127",
    "priority" => "2",
    "privilege" => "call,all",
    "uniqueid" => "1744730420.127"
  },
  variables: %{}
}
[2025-04-15 15:20:23.104661Z] %ElixirAmi.Event{
  event: "varset",
  source: :asterisk_connection,
  action_id: nil,
  keys: %{
    "accountcode" => "",
    "calleridname" => "Ivan102",
    "calleridnum" => "102",
    "channel" => "PJSIP/102-00000053",
    "channelstate" => "6",
    "channelstatedesc" => "Up",
    "connectedlinename" => "101",
    "connectedlinenum" => "101",
    "context" => "org_all",
    "exten" => "101",
    "language" => "en",
    "linkedid" => "1744730420.127",
    "priority" => "2",
    "privilege" => "dialplan,all",
    "uniqueid" => "1744730420.127",
    "value" => "PJSIP/101-00000054",
    "variable" => "BRIDGEPEER"
  },
  variables: %{}
}
[2025-04-15 15:20:23.105030Z] %ElixirAmi.Event{
  event: "varset",
  source: :asterisk_connection,
  action_id: nil,
  keys: %{
    "accountcode" => "",
    "calleridname" => "Ivan102",
    "calleridnum" => "102",
    "channel" => "PJSIP/102-00000053",
    "channelstate" => "6",
    "channelstatedesc" => "Up",
    "connectedlinename" => "101",
    "connectedlinenum" => "101",
    "context" => "org_all",
    "exten" => "101",
    "language" => "en",
    "linkedid" => "1744730420.127",
    "priority" => "2",
    "privilege" => "dialplan,all",
    "uniqueid" => "1744730420.127",
    "value" => "668db94f-adb2-40d0-948a-f81e9c0c058b",
    "variable" => "BRIDGEPVTCALLID"
  },
  variables: %{}
}
[2025-04-15 15:20:23.105294Z] %ElixirAmi.Event{
  event: "varset",
  source: :asterisk_connection,
  action_id: nil,
  keys: %{
    "accountcode" => "",
    "calleridname" => "101",
    "calleridnum" => "101",
    "channel" => "PJSIP/101-00000054",
    "channelstate" => "6",
    "channelstatedesc" => "Up",
    "connectedlinename" => "Ivan102",
    "connectedlinenum" => "102",
    "context" => "org_all",
    "exten" => "",
    "language" => "en",
    "linkedid" => "1744730420.127",
    "priority" => "1",
    "privilege" => "dialplan,all",
    "uniqueid" => "1744730422.128",
    "value" => "PJSIP/102-00000053",
    "variable" => "BRIDGEPEER"
  },
  variables: %{}
}
[2025-04-15 15:20:23.105512Z] %ElixirAmi.Event{
  event: "varset",
  source: :asterisk_connection,
  action_id: nil,
  keys: %{
    "accountcode" => "",
    "calleridname" => "101",
    "calleridnum" => "101",
    "channel" => "PJSIP/101-00000054",
    "channelstate" => "6",
    "channelstatedesc" => "Up",
    "connectedlinename" => "Ivan102",
    "connectedlinenum" => "102",
    "context" => "org_all",
    "exten" => "",
    "language" => "en",
    "linkedid" => "1744730420.127",
    "priority" => "1",
    "privilege" => "dialplan,all",
    "uniqueid" => "1744730422.128",
    "value" => "bde87836-84f7-4a20-93d1-49a6e2bdd7cc",
    "variable" => "BRIDGEPVTCALLID"
  },
  variables: %{}
}
[2025-04-15 15:20:23.105693Z] %ElixirAmi.Event{
  event: "varset",
  source: :asterisk_connection,
  action_id: nil,
  keys: %{
    "accountcode" => "",
    "calleridname" => "Ivan102",
    "calleridnum" => "102",
    "channel" => "PJSIP/102-00000053",
    "channelstate" => "6",
    "channelstatedesc" => "Up",
    "connectedlinename" => "101",
    "connectedlinenum" => "101",
    "context" => "org_all",
    "exten" => "101",
    "language" => "en",
    "linkedid" => "1744730420.127",
    "priority" => "2",
    "privilege" => "dialplan,all",
    "uniqueid" => "1744730420.127",
    "value" => "PJSIP/101-00000054",
    "variable" => "BRIDGEPEER"
  },
  variables: %{}
}
[2025-04-15 15:20:23.105892Z] %ElixirAmi.Event{
  event: "varset",
  source: :asterisk_connection,
  action_id: nil,
  keys: %{
    "accountcode" => "",
    "calleridname" => "Ivan102",
    "calleridnum" => "102",
    "channel" => "PJSIP/102-00000053",
    "channelstate" => "6",
    "channelstatedesc" => "Up",
    "connectedlinename" => "101",
    "connectedlinenum" => "101",
    "context" => "org_all",
    "exten" => "101",
    "language" => "en",
    "linkedid" => "1744730420.127",
    "priority" => "2",
    "privilege" => "dialplan,all",
    "uniqueid" => "1744730420.127",
    "value" => "668db94f-adb2-40d0-948a-f81e9c0c058b",
    "variable" => "BRIDGEPVTCALLID"
  },
  variables: %{}
}
[2025-04-15 15:20:23.106056Z] %ElixirAmi.Event{
  event: "varset",
  source: :asterisk_connection,
  action_id: nil,
  keys: %{
    "accountcode" => "",
    "calleridname" => "101",
    "calleridnum" => "101",
    "channel" => "PJSIP/101-00000054",
    "channelstate" => "6",
    "channelstatedesc" => "Up",
    "connectedlinename" => "Ivan102",
    "connectedlinenum" => "102",
    "context" => "org_all",
    "exten" => "",
    "language" => "en",
    "linkedid" => "1744730420.127",
    "priority" => "1",
    "privilege" => "dialplan,all",
    "uniqueid" => "1744730422.128",
    "value" => "PJSIP/102-00000053",
    "variable" => "BRIDGEPEER"
  },
  variables: %{}
}
[2025-04-15 15:20:23.106219Z] %ElixirAmi.Event{
  event: "varset",
  source: :asterisk_connection,
  action_id: nil,
  keys: %{
    "accountcode" => "",
    "calleridname" => "101",
    "calleridnum" => "101",
    "channel" => "PJSIP/101-00000054",
    "channelstate" => "6",
    "channelstatedesc" => "Up",
    "connectedlinename" => "Ivan102",
    "connectedlinenum" => "102",
    "context" => "org_all",
    "exten" => "",
    "language" => "en",
    "linkedid" => "1744730420.127",
    "priority" => "1",
    "privilege" => "dialplan,all",
    "uniqueid" => "1744730422.128",
    "value" => "bde87836-84f7-4a20-93d1-49a6e2bdd7cc",
    "variable" => "BRIDGEPVTCALLID"
  },
  variables: %{}
}
[2025-04-15 15:20:23.106379Z] %ElixirAmi.Event{
  event: "varset",
  source: :asterisk_connection,
  action_id: nil,
  keys: %{
    "accountcode" => "",
    "calleridname" => "Ivan102",
    "calleridnum" => "102",
    "channel" => "PJSIP/102-00000053",
    "channelstate" => "6",
    "channelstatedesc" => "Up",
    "connectedlinename" => "101",
    "connectedlinenum" => "101",
    "context" => "org_all",
    "exten" => "101",
    "language" => "en",
    "linkedid" => "1744730420.127",
    "priority" => "2",
    "privilege" => "dialplan,all",
    "uniqueid" => "1744730420.127",
    "value" => "PJSIP/101-00000054",
    "variable" => "BRIDGEPEER"
  },
  variables: %{}
}
[2025-04-15 15:20:23.106584Z] %ElixirAmi.Event{
  event: "varset",
  source: :asterisk_connection,
  action_id: nil,
  keys: %{
    "accountcode" => "",
    "calleridname" => "Ivan102",
    "calleridnum" => "102",
    "channel" => "PJSIP/102-00000053",
    "channelstate" => "6",
    "channelstatedesc" => "Up",
    "connectedlinename" => "101",
    "connectedlinenum" => "101",
    "context" => "org_all",
    "exten" => "101",
    "language" => "en",
    "linkedid" => "1744730420.127",
    "priority" => "2",
    "privilege" => "dialplan,all",
    "uniqueid" => "1744730420.127",
    "value" => "668db94f-adb2-40d0-948a-f81e9c0c058b",
    "variable" => "BRIDGEPVTCALLID"
  },
  variables: %{}
}
[2025-04-15 15:20:23.106842Z] %ElixirAmi.Event{
  event: "varset",
  source: :asterisk_connection,
  action_id: nil,
  keys: %{
    "accountcode" => "",
    "calleridname" => "101",
    "calleridnum" => "101",
    "channel" => "PJSIP/101-00000054",
    "channelstate" => "6",
    "channelstatedesc" => "Up",
    "connectedlinename" => "Ivan102",
    "connectedlinenum" => "102",
    "context" => "org_all",
    "exten" => "",
    "language" => "en",
    "linkedid" => "1744730420.127",
    "priority" => "1",
    "privilege" => "dialplan,all",
    "uniqueid" => "1744730422.128",
    "value" => "PJSIP/102-00000053",
    "variable" => "BRIDGEPEER"
  },
  variables: %{}
}
[2025-04-15 15:20:23.107161Z] %ElixirAmi.Event{
  event: "varset",
  source: :asterisk_connection,
  action_id: nil,
  keys: %{
    "accountcode" => "",
    "calleridname" => "101",
    "calleridnum" => "101",
    "channel" => "PJSIP/101-00000054",
    "channelstate" => "6",
    "channelstatedesc" => "Up",
    "connectedlinename" => "Ivan102",
    "connectedlinenum" => "102",
    "context" => "org_all",
    "exten" => "",
    "language" => "en",
    "linkedid" => "1744730420.127",
    "priority" => "1",
    "privilege" => "dialplan,all",
    "uniqueid" => "1744730422.128",
    "value" => "bde87836-84f7-4a20-93d1-49a6e2bdd7cc",
    "variable" => "BRIDGEPVTCALLID"
  },
  variables: %{}
}
[2025-04-15 15:20:23.107579Z] %ElixirAmi.Event{
  event: "varset",
  source: :asterisk_connection,
  action_id: nil,
  keys: %{
    "accountcode" => "",
    "calleridname" => "Ivan102",
    "calleridnum" => "102",
    "channel" => "PJSIP/102-00000053",
    "channelstate" => "6",
    "channelstatedesc" => "Up",
    "connectedlinename" => "101",
    "connectedlinenum" => "101",
    "context" => "org_all",
    "exten" => "101",
    "language" => "en",
    "linkedid" => "1744730420.127",
    "priority" => "2",
    "privilege" => "dialplan,all",
    "uniqueid" => "1744730420.127",
    "value" => "/home/rawmn/AsteriskConnector/priv/recordings/102_101_2025-04-151744730420.127.wav",
    "variable" => "MIXMONITOR_FILENAME"
  },
  variables: %{}
}
[2025-04-15 15:20:23.107816Z] %ElixirAmi.Event{
  event: "mixmonitorstart",
  source: :asterisk_connection,
  action_id: nil,
  keys: %{
    "accountcode" => "",
    "calleridname" => "Ivan102",
    "calleridnum" => "102",
    "channel" => "PJSIP/102-00000053",
    "channelstate" => "6",
    "channelstatedesc" => "Up",
    "connectedlinename" => "101",
    "connectedlinenum" => "101",
    "context" => "org_all",
    "exten" => "101",
    "language" => "en",
    "linkedid" => "1744730420.127",
    "priority" => "2",
    "privilege" => "call,all",
    "uniqueid" => "1744730420.127"
  },
  variables: %{}
}
[2025-04-15 15:20:23.108089Z] %ElixirAmi.Event{
  event: "varset",
  source: :asterisk_connection,
  action_id: nil,
  keys: %{
    "accountcode" => "",
    "calleridname" => "Ivan102",
    "calleridnum" => "102",
    "channel" => "PJSIP/102-00000053",
    "channelstate" => "6",
    "channelstatedesc" => "Up",
    "connectedlinename" => "101",
    "connectedlinenum" => "101",
    "context" => "org_all",
    "exten" => "101",
    "language" => "en",
    "linkedid" => "1744730420.127",
    "priority" => "2",
    "privilege" => "dialplan,all",
    "uniqueid" => "1744730420.127",
    "value" => "PJSIP/101-00000054",
    "variable" => "BRIDGEPEER"
  },
  variables: %{}
}
[2025-04-15 15:20:23.108412Z] %ElixirAmi.Event{
  event: "varset",
  source: :asterisk_connection,
  action_id: nil,
  keys: %{
    "accountcode" => "",
    "calleridname" => "Ivan102",
    "calleridnum" => "102",
    "channel" => "PJSIP/102-00000053",
    "channelstate" => "6",
    "channelstatedesc" => "Up",
    "connectedlinename" => "101",
    "connectedlinenum" => "101",
    "context" => "org_all",
    "exten" => "101",
    "language" => "en",
    "linkedid" => "1744730420.127",
    "priority" => "2",
    "privilege" => "dialplan,all",
    "uniqueid" => "1744730420.127",
    "value" => "668db94f-adb2-40d0-948a-f81e9c0c058b",
    "variable" => "BRIDGEPVTCALLID"
  },
  variables: %{}
}
[2025-04-15 15:20:23.108729Z] %ElixirAmi.Event{
  event: "varset",
  source: :asterisk_connection,
  action_id: nil,
  keys: %{
    "accountcode" => "",
    "calleridname" => "101",
    "calleridnum" => "101",
    "channel" => "PJSIP/101-00000054",
    "channelstate" => "6",
    "channelstatedesc" => "Up",
    "connectedlinename" => "Ivan102",
    "connectedlinenum" => "102",
    "context" => "org_all",
    "exten" => "",
    "language" => "en",
    "linkedid" => "1744730420.127",
    "priority" => "1",
    "privilege" => "dialplan,all",
    "uniqueid" => "1744730422.128",
    "value" => "PJSIP/102-00000053",
    "variable" => "BRIDGEPEER"
  },
  variables: %{}
}
[2025-04-15 15:20:23.109064Z] %ElixirAmi.Event{
  event: "varset",
  source: :asterisk_connection,
  action_id: nil,
  keys: %{
    "accountcode" => "",
    "calleridname" => "101",
    "calleridnum" => "101",
    "channel" => "PJSIP/101-00000054",
    "channelstate" => "6",
    "channelstatedesc" => "Up",
    "connectedlinename" => "Ivan102",
    "connectedlinenum" => "102",
    "context" => "org_all",
    "exten" => "",
    "language" => "en",
    "linkedid" => "1744730420.127",
    "priority" => "1",
    "privilege" => "dialplan,all",
    "uniqueid" => "1744730422.128",
    "value" => "bde87836-84f7-4a20-93d1-49a6e2bdd7cc",
    "variable" => "BRIDGEPVTCALLID"
  },
  variables: %{}
}
[2025-04-15 15:20:23.109250Z] %ElixirAmi.Event{
  event: "varset",
  source: :asterisk_connection,
  action_id: nil,
  keys: %{
    "accountcode" => "",
    "calleridname" => "Ivan102",
    "calleridnum" => "102",
    "channel" => "PJSIP/102-00000053",
    "channelstate" => "6",
    "channelstatedesc" => "Up",
    "connectedlinename" => "101",
    "connectedlinenum" => "101",
    "context" => "org_all",
    "exten" => "101",
    "language" => "en",
    "linkedid" => "1744730420.127",
    "priority" => "2",
    "privilege" => "dialplan,all",
    "uniqueid" => "1744730420.127",
    "value" => "PJSIP/101-00000054",
    "variable" => "BRIDGEPEER"
  },
  variables: %{}
}
[2025-04-15 15:20:23.109419Z] %ElixirAmi.Event{
  event: "varset",
  source: :asterisk_connection,
  action_id: nil,
  keys: %{
    "accountcode" => "",
    "calleridname" => "Ivan102",
    "calleridnum" => "102",
    "channel" => "PJSIP/102-00000053",
    "channelstate" => "6",
    "channelstatedesc" => "Up",
    "connectedlinename" => "101",
    "connectedlinenum" => "101",
    "context" => "org_all",
    "exten" => "101",
    "language" => "en",
    "linkedid" => "1744730420.127",
    "priority" => "2",
    "privilege" => "dialplan,all",
    "uniqueid" => "1744730420.127",
    "value" => "668db94f-adb2-40d0-948a-f81e9c0c058b",
    "variable" => "BRIDGEPVTCALLID"
  },
  variables: %{}
}
[2025-04-15 15:20:23.109585Z] %ElixirAmi.Event{
  event: "varset",
  source: :asterisk_connection,
  action_id: nil,
  keys: %{
    "accountcode" => "",
    "calleridname" => "101",
    "calleridnum" => "101",
    "channel" => "PJSIP/101-00000054",
    "channelstate" => "6",
    "channelstatedesc" => "Up",
    "connectedlinename" => "Ivan102",
    "connectedlinenum" => "102",
    "context" => "org_all",
    "exten" => "",
    "language" => "en",
    "linkedid" => "1744730420.127",
    "priority" => "1",
    "privilege" => "dialplan,all",
    "uniqueid" => "1744730422.128",
    "value" => "PJSIP/102-00000053",
    "variable" => "BRIDGEPEER"
  },
  variables: %{}
}
[2025-04-15 15:20:23.109808Z] %ElixirAmi.Event{
  event: "varset",
  source: :asterisk_connection,
  action_id: nil,
  keys: %{
    "accountcode" => "",
    "calleridname" => "101",
    "calleridnum" => "101",
    "channel" => "PJSIP/101-00000054",
    "channelstate" => "6",
    "channelstatedesc" => "Up",
    "connectedlinename" => "Ivan102",
    "connectedlinenum" => "102",
    "context" => "org_all",
    "exten" => "",
    "language" => "en",
    "linkedid" => "1744730420.127",
    "priority" => "1",
    "privilege" => "dialplan,all",
    "uniqueid" => "1744730422.128",
    "value" => "bde87836-84f7-4a20-93d1-49a6e2bdd7cc",
    "variable" => "BRIDGEPVTCALLID"
  },
  variables: %{}
}
[2025-04-15 15:20:23.110025Z] %ElixirAmi.Event{
  event: "varset",
  source: :asterisk_connection,
  action_id: nil,
  keys: %{
    "accountcode" => "",
    "calleridname" => "Ivan102",
    "calleridnum" => "102",
    "channel" => "PJSIP/102-00000053",
    "channelstate" => "6",
    "channelstatedesc" => "Up",
    "connectedlinename" => "101",
    "connectedlinenum" => "101",
    "context" => "org_all",
    "exten" => "101",
    "language" => "en",
    "linkedid" => "1744730420.127",
    "priority" => "2",
    "privilege" => "dialplan,all",
    "uniqueid" => "1744730420.127",
    "value" => "PJSIP/101-00000054",
    "variable" => "BRIDGEPEER"
  },
  variables: %{}
}
[2025-04-15 15:20:23.110264Z] %ElixirAmi.Event{
  event: "varset",
  source: :asterisk_connection,
  action_id: nil,
  keys: %{
    "accountcode" => "",
    "calleridname" => "Ivan102",
    "calleridnum" => "102",
    "channel" => "PJSIP/102-00000053",
    "channelstate" => "6",
    "channelstatedesc" => "Up",
    "connectedlinename" => "101",
    "connectedlinenum" => "101",
    "context" => "org_all",
    "exten" => "101",
    "language" => "en",
    "linkedid" => "1744730420.127",
    "priority" => "2",
    "privilege" => "dialplan,all",
    "uniqueid" => "1744730420.127",
    "value" => "668db94f-adb2-40d0-948a-f81e9c0c058b",
    "variable" => "BRIDGEPVTCALLID"
  },
  variables: %{}
}
[2025-04-15 15:20:23.110524Z] %ElixirAmi.Event{
  event: "varset",
  source: :asterisk_connection,
  action_id: nil,
  keys: %{
    "accountcode" => "",
    "calleridname" => "101",
    "calleridnum" => "101",
    "channel" => "PJSIP/101-00000054",
    "channelstate" => "6",
    "channelstatedesc" => "Up",
    "connectedlinename" => "Ivan102",
    "connectedlinenum" => "102",
    "context" => "org_all",
    "exten" => "",
    "language" => "en",
    "linkedid" => "1744730420.127",
    "priority" => "1",
    "privilege" => "dialplan,all",
    "uniqueid" => "1744730422.128",
    "value" => "PJSIP/102-00000053",
    "variable" => "BRIDGEPEER"
  },
  variables: %{}
}
[2025-04-15 15:20:23.110774Z] %ElixirAmi.Event{
  event: "varset",
  source: :asterisk_connection,
  action_id: nil,
  keys: %{
    "accountcode" => "",
    "calleridname" => "101",
    "calleridnum" => "101",
    "channel" => "PJSIP/101-00000054",
    "channelstate" => "6",
    "channelstatedesc" => "Up",
    "connectedlinename" => "Ivan102",
    "connectedlinenum" => "102",
    "context" => "org_all",
    "exten" => "",
    "language" => "en",
    "linkedid" => "1744730420.127",
    "priority" => "1",
    "privilege" => "dialplan,all",
    "uniqueid" => "1744730422.128",
    "value" => "bde87836-84f7-4a20-93d1-49a6e2bdd7cc",
    "variable" => "BRIDGEPVTCALLID"
  },
  variables: %{}
}
[2025-04-15 15:20:23.293260Z] %ElixirAmi.Event{
  event: "rtcpreceived",
  source: :asterisk_connection,
  action_id: nil,
  keys: %{
    "pt" => "200(SR)",
    "report0highestsequence" => "26969",
    "mes" => "85.4",
    "privilege" => "reporting,all",
    "channelstatedesc" => "Up",
    "uniqueid" => "1744730422.128",
    "sentntp" => "1744755623.192267",
    "report0fractionlost" => "0",
    "sentpackets" => "10",
    "report0lsr" => "0",
    "linkedid" => "1744730420.127",
    "ssrc" => "0xeba95a27",
    "exten" => "",
    "channel" => "PJSIP/101-00000054",
    "report0iajitter" => "0",
    "sentrtp" => "1536",
    "context" => "org_all",
    "connectedlinename" => "Ivan102",
    "priority" => "1",
    "rtt" => "0.0000",
    "to" => "192.168.0.16:19355",
    "reportcount" => "1",
    "language" => "en",
    "sentoctets" => "1600",
    "calleridname" => "101",
    "from" => "192.168.0.16:4067",
    "report0cumulativelost" => "0",
    "report0sequencenumbercycles" => "0",
    "calleridnum" => "101",
    "channelstate" => "6",
    "accountcode" => "",
    "report0dlsr" => "0.0000",
    "report0sourcessrc" => "0x6b8070dc",
    "connectedlinenum" => "102"
  },
  variables: %{}
}
[2025-04-15 15:20:23.971036Z] %ElixirAmi.Event{
  event: "rtcpreceived",
  source: :asterisk_connection,
  action_id: nil,
  keys: %{
    "pt" => "200(SR)",
    "report0highestsequence" => "27003",
    "mes" => "85.4",
    "privilege" => "reporting,all",
    "channelstatedesc" => "Up",
    "uniqueid" => "1744730422.128",
    "sentntp" => "1744755623.870039",
    "report0fractionlost" => "0",
    "sentpackets" => "44",
    "report0lsr" => "0",
    "linkedid" => "1744730420.127",
    "ssrc" => "0xeba95a27",
    "exten" => "",
    "channel" => "PJSIP/101-00000054",
    "report0iajitter" => "5",
    "sentrtp" => "6960",
    "context" => "org_all",
    "connectedlinename" => "Ivan102",
    "priority" => "1",
    "rtt" => "0.0000",
    "to" => "192.168.0.16:19355",
    "reportcount" => "1",
    "language" => "en",
    "sentoctets" => "7040",
    "calleridname" => "101",
    "from" => "192.168.0.16:4067",
    "report0cumulativelost" => "0",
    "report0sequencenumbercycles" => "0",
    "calleridnum" => "101",
    "channelstate" => "6",
    "accountcode" => "",
    "report0dlsr" => "0.0000",
    "report0sourcessrc" => "0x6b8070dc",
    "connectedlinenum" => "102"
  },
  variables: %{}
}
[2025-04-15 15:20:23.971423Z] %ElixirAmi.Event{
  event: "rtcpreceived",
  source: :asterisk_connection,
  action_id: nil,
  keys: %{
    "accountcode" => "",
    "calleridname" => "101",
    "calleridnum" => "101",
    "channel" => "PJSIP/101-00000054",
    "channelstate" => "6",
    "channelstatedesc" => "Up",
    "connectedlinename" => "Ivan102",
    "connectedlinenum" => "102",
    "context" => "org_all",
    "exten" => "",
    "from" => "192.168.0.16:4067",
    "language" => "en",
    "linkedid" => "1744730420.127",
    "mes" => "85.4",
    "priority" => "1",
    "privilege" => "reporting,all",
    "pt" => "201(RR)",
    "report0cumulativelost" => "0",
    "report0dlsr" => "0.0000",
    "report0fractionlost" => "0",
    "report0highestsequence" => "27003",
    "report0iajitter" => "5",
    "report0lsr" => "0",
    "report0sequencenumbercycles" => "0",
    "report0sourcessrc" => "0x6b8070dc",
    "reportcount" => "1",
    "rtt" => "0.0000",
    "ssrc" => "0x6b8070dc",
    "to" => "192.168.0.16:19355",
    "uniqueid" => "1744730422.128"
  },
  variables: %{}
}
[2025-04-15 15:20:23.971774Z] %ElixirAmi.Event{
  event: "varset",
  source: :asterisk_connection,
  action_id: nil,
  keys: %{
    "accountcode" => "",
    "calleridname" => "101",
    "calleridnum" => "101",
    "channel" => "PJSIP/101-00000054",
    "channelstate" => "6",
    "channelstatedesc" => "Up",
    "connectedlinename" => "Ivan102",
    "connectedlinenum" => "102",
    "context" => "org_all",
    "exten" => "",
    "language" => "en",
    "linkedid" => "1744730420.127",
    "priority" => "1",
    "privilege" => "dialplan,all",
    "uniqueid" => "1744730422.128",
    "value" => "ssrc=1803579612;themssrc=2060658298;lp=0;rxjitter=0.000625;rxcount=44;txjitter=0.000625;txcount=44;rlp=0;rtt=0.000000;rxmes=85.367289;txmes=0.000000",
    "variable" => "RTPAUDIOQOS"
  },
  variables: %{}
}
[2025-04-15 15:20:23.972111Z] %ElixirAmi.Event{
  event: "varset",
  source: :asterisk_connection,
  action_id: nil,
  keys: %{
    "accountcode" => "",
    "calleridname" => "Ivan102",
    "calleridnum" => "102",
    "channel" => "PJSIP/102-00000053",
    "channelstate" => "6",
    "channelstatedesc" => "Up",
    "connectedlinename" => "101",
    "connectedlinenum" => "101",
    "context" => "org_all",
    "exten" => "101",
    "language" => "en",
    "linkedid" => "1744730420.127",
    "priority" => "2",
    "privilege" => "dialplan,all",
    "uniqueid" => "1744730420.127",
    "value" => "ssrc=1803579612;themssrc=2060658298;lp=0;rxjitter=0.000625;rxcount=44;txjitter=0.000625;txcount=44;rlp=0;rtt=0.000000;rxmes=85.367289;txmes=0.000000",
    "variable" => "RTPAUDIOQOSBRIDGED"
  },
  variables: %{}
}
[2025-04-15 15:20:23.972551Z] %ElixirAmi.Event{
  event: "varset",
  source: :asterisk_connection,
  action_id: nil,
  keys: %{
    "accountcode" => "",
    "calleridname" => "101",
    "calleridnum" => "101",
    "channel" => "PJSIP/101-00000054",
    "channelstate" => "6",
    "channelstatedesc" => "Up",
    "connectedlinename" => "Ivan102",
    "connectedlinenum" => "102",
    "context" => "org_all",
    "exten" => "",
    "language" => "en",
    "linkedid" => "1744730420.127",
    "priority" => "1",
    "privilege" => "dialplan,all",
    "uniqueid" => "1744730422.128",
    "value" => "minrxjitter=000.000000;maxrxjitter=000.000625;avgrxjitter=000.000401;stdevrxjitter=000.000214;mintxjitter=000.000000;maxtxjitter=000.000625;avgtxjitter=000.000250;stdevtxjitter=000.000306;",
    "variable" => "RTPAUDIOQOSJITTER"
  },
  variables: %{}
}
[2025-04-15 15:20:23.972790Z] %ElixirAmi.Event{
  event: "varset",
  source: :asterisk_connection,
  action_id: nil,
  keys: %{
    "accountcode" => "",
    "calleridname" => "Ivan102",
    "calleridnum" => "102",
    "channel" => "PJSIP/102-00000053",
    "channelstate" => "6",
    "channelstatedesc" => "Up",
    "connectedlinename" => "101",
    "connectedlinenum" => "101",
    "context" => "org_all",
    "exten" => "101",
    "language" => "en",
    "linkedid" => "1744730420.127",
    "priority" => "2",
    "privilege" => "dialplan,all",
    "uniqueid" => "1744730420.127",
    "value" => "minrxjitter=000.000000;maxrxjitter=000.000625;avgrxjitter=000.000401;stdevrxjitter=000.000214;mintxjitter=000.000000;maxtxjitter=000.000625;avgtxjitter=000.000250;stdevtxjitter=000.000306;",
    "variable" => "RTPAUDIOQOSJITTERBRIDGED"
  },
  variables: %{}
}
[2025-04-15 15:20:23.973069Z] %ElixirAmi.Event{
  event: "varset",
  source: :asterisk_connection,
  action_id: nil,
  keys: %{
    "accountcode" => "",
    "calleridname" => "101",
    "calleridnum" => "101",
    "channel" => "PJSIP/101-00000054",
    "channelstate" => "6",
    "channelstatedesc" => "Up",
    "connectedlinename" => "Ivan102",
    "connectedlinenum" => "102",
    "context" => "org_all",
    "exten" => "",
    "language" => "en",
    "linkedid" => "1744730420.127",
    "priority" => "1",
    "privilege" => "dialplan,all",
    "uniqueid" => "1744730422.128",
    "value" => "minrxlost=000.000000;  maxrxlost=000.000000;  avgrxlost=000.000000;  stdevrxlost=000.000000;  mintxlost=000.000000;  maxtxlost=000.000000;  avgtxlost=000.000000;  stdevtxlost=000.000000;",
    "variable" => "RTPAUDIOQOSLOSS"
  },
  variables: %{}
}
[2025-04-15 15:20:23.973304Z] %ElixirAmi.Event{
  event: "varset",
  source: :asterisk_connection,
  action_id: nil,
  keys: %{
    "accountcode" => "",
    "calleridname" => "Ivan102",
    "calleridnum" => "102",
    "channel" => "PJSIP/102-00000053",
    "channelstate" => "6",
    "channelstatedesc" => "Up",
    "connectedlinename" => "101",
    "connectedlinenum" => "101",
    "context" => "org_all",
    "exten" => "101",
    "language" => "en",
    "linkedid" => "1744730420.127",
    "priority" => "2",
    "privilege" => "dialplan,all",
    "uniqueid" => "1744730420.127",
    "value" => "minrxlost=000.000000;  maxrxlost=000.000000;  avgrxlost=000.000000;  stdevrxlost=000.000000;  mintxlost=000.000000;  maxtxlost=000.000000;  avgtxlost=000.000000;  stdevtxlost=000.000000;",
    "variable" => "RTPAUDIOQOSLOSSBRIDGED"
  },
  variables: %{}
}
[2025-04-15 15:20:23.973604Z] %ElixirAmi.Event{
  event: "varset",
  source: :asterisk_connection,
  action_id: nil,
  keys: %{
    "accountcode" => "",
    "calleridname" => "101",
    "calleridnum" => "101",
    "channel" => "PJSIP/101-00000054",
    "channelstate" => "6",
    "channelstatedesc" => "Up",
    "connectedlinename" => "Ivan102",
    "connectedlinenum" => "102",
    "context" => "org_all",
    "exten" => "",
    "language" => "en",
    "linkedid" => "1744730420.127",
    "priority" => "1",
    "privilege" => "dialplan,all",
    "uniqueid" => "1744730422.128",
    "value" => "minrtt=000.000000;     maxrtt=000.000000;     avgrtt=000.000000;     stdevrtt=000.000000;",
    "variable" => "RTPAUDIOQOSRTT"
  },
  variables: %{}
}
[2025-04-15 15:20:23.973857Z] %ElixirAmi.Event{
  event: "varset",
  source: :asterisk_connection,
  action_id: nil,
  keys: %{
    "accountcode" => "",
    "calleridname" => "Ivan102",
    "calleridnum" => "102",
    "channel" => "PJSIP/102-00000053",
    "channelstate" => "6",
    "channelstatedesc" => "Up",
    "connectedlinename" => "101",
    "connectedlinenum" => "101",
    "context" => "org_all",
    "exten" => "101",
    "language" => "en",
    "linkedid" => "1744730420.127",
    "priority" => "2",
    "privilege" => "dialplan,all",
    "uniqueid" => "1744730420.127",
    "value" => "minrtt=000.000000;     maxrtt=000.000000;     avgrtt=000.000000;     stdevrtt=000.000000;",
    "variable" => "RTPAUDIOQOSRTTBRIDGED"
  },
  variables: %{}
}
[2025-04-15 15:20:23.974116Z] %ElixirAmi.Event{
  event: "varset",
  source: :asterisk_connection,
  action_id: nil,
  keys: %{
    "accountcode" => "",
    "calleridname" => "101",
    "calleridnum" => "101",
    "channel" => "PJSIP/101-00000054",
    "channelstate" => "6",
    "channelstatedesc" => "Up",
    "connectedlinename" => "Ivan102",
    "connectedlinenum" => "102",
    "context" => "org_all",
    "exten" => "",
    "language" => "en",
    "linkedid" => "1744730420.127",
    "priority" => "1",
    "privilege" => "dialplan,all",
    "uniqueid" => "1744730422.128",
    "value" => "minrxmes=000.000000;   maxrxmes=000.000000;   avgrxmes=000.000000;   stdevrxmes=000.000214;   mintxmes=085.367289;   maxtxmes=085.367289;   avgtxmes=085.367289;   stdevtxmes=000.000000;",
    "variable" => "RTPAUDIOQOSMES"
  },
  variables: %{}
}
[2025-04-15 15:20:23.974335Z] %ElixirAmi.Event{
  event: "varset",
  source: :asterisk_connection,
  action_id: nil,
  keys: %{
    "accountcode" => "",
    "calleridname" => "Ivan102",
    "calleridnum" => "102",
    "channel" => "PJSIP/102-00000053",
    "channelstate" => "6",
    "channelstatedesc" => "Up",
    "connectedlinename" => "101",
    "connectedlinenum" => "101",
    "context" => "org_all",
    "exten" => "101",
    "language" => "en",
    "linkedid" => "1744730420.127",
    "priority" => "2",
    "privilege" => "dialplan,all",
    "uniqueid" => "1744730420.127",
    "value" => "minrxmes=000.000000;   maxrxmes=000.000000;   avgrxmes=000.000000;   stdevrxmes=000.000214;   mintxmes=085.367289;   maxtxmes=085.367289;   avgtxmes=085.367289;   stdevtxmes=000.000000;",
    "variable" => "RTPAUDIOQOSMESBRIDGED"
  },
  variables: %{}
}
[2025-04-15 15:20:23.974573Z] %ElixirAmi.Event{
  event: "hanguprequest",
  source: :asterisk_connection,
  action_id: nil,
  keys: %{
    "accountcode" => "",
    "calleridname" => "101",
    "calleridnum" => "101",
    "channel" => "PJSIP/101-00000054",
    "channelstate" => "6",
    "channelstatedesc" => "Up",
    "connectedlinename" => "Ivan102",
    "connectedlinenum" => "102",
    "context" => "org_all",
    "exten" => "",
    "language" => "en",
    "linkedid" => "1744730420.127",
    "priority" => "1",
    "privilege" => "call,all",
    "uniqueid" => "1744730422.128"
  },
  variables: %{}
}
[2025-04-15 15:20:23.974788Z] %ElixirAmi.Event{
  event: "varset",
  source: :asterisk_connection,
  action_id: nil,
  keys: %{
    "accountcode" => "",
    "calleridname" => "101",
    "calleridnum" => "101",
    "channel" => "PJSIP/101-00000054",
    "channelstate" => "6",
    "channelstatedesc" => "Up",
    "connectedlinename" => "Ivan102",
    "connectedlinenum" => "102",
    "context" => "org_all",
    "exten" => "",
    "language" => "en",
    "linkedid" => "1744730420.127",
    "priority" => "1",
    "privilege" => "dialplan,all",
    "uniqueid" => "1744730422.128",
    "value" => "",
    "variable" => "BRIDGEPEER"
  },
  variables: %{}
}
[2025-04-15 15:20:23.975093Z] %ElixirAmi.Event{
  event: "varset",
  source: :asterisk_connection,
  action_id: nil,
  keys: %{
    "accountcode" => "",
    "calleridname" => "101",
    "calleridnum" => "101",
    "channel" => "PJSIP/101-00000054",
    "channelstate" => "6",
    "channelstatedesc" => "Up",
    "connectedlinename" => "Ivan102",
    "connectedlinenum" => "102",
    "context" => "org_all",
    "exten" => "",
    "language" => "en",
    "linkedid" => "1744730420.127",
    "priority" => "1",
    "privilege" => "dialplan,all",
    "uniqueid" => "1744730422.128",
    "value" => "",
    "variable" => "BRIDGEPVTCALLID"
  },
  variables: %{}
}
[2025-04-15 15:20:23.975233Z] %ElixirAmi.Event{
  event: "varset",
  source: :asterisk_connection,
  action_id: nil,
  keys: %{
    "accountcode" => "",
    "calleridname" => "Ivan102",
    "calleridnum" => "102",
    "channel" => "PJSIP/102-00000053",
    "channelstate" => "6",
    "channelstatedesc" => "Up",
    "connectedlinename" => "101",
    "connectedlinenum" => "101",
    "context" => "org_all",
    "exten" => "101",
    "language" => "en",
    "linkedid" => "1744730420.127",
    "priority" => "2",
    "privilege" => "dialplan,all",
    "uniqueid" => "1744730420.127",
    "value" => "",
    "variable" => "BRIDGEPEER"
  },
  variables: %{}
}
[2025-04-15 15:20:23.975361Z] %ElixirAmi.Event{
  event: "varset",
  source: :asterisk_connection,
  action_id: nil,
  keys: %{
    "accountcode" => "",
    "calleridname" => "Ivan102",
    "calleridnum" => "102",
    "channel" => "PJSIP/102-00000053",
    "channelstate" => "6",
    "channelstatedesc" => "Up",
    "connectedlinename" => "101",
    "connectedlinenum" => "101",
    "context" => "org_all",
    "exten" => "101",
    "language" => "en",
    "linkedid" => "1744730420.127",
    "priority" => "2",
    "privilege" => "dialplan,all",
    "uniqueid" => "1744730420.127",
    "value" => "",
    "variable" => "BRIDGEPVTCALLID"
  },
  variables: %{}
}
[2025-04-15 15:20:23.975614Z] %ElixirAmi.Event{
  event: "bridgeleave",
  source: :asterisk_connection,
  action_id: nil,
  keys: %{
    "accountcode" => "",
    "bridgecreator" => "<unknown>",
    "bridgename" => "<unknown>",
    "bridgenumchannels" => "1",
    "bridgetechnology" => "simple_bridge",
    "bridgetype" => "basic",
    "bridgeuniqueid" => "fc380a4d-b85d-4056-bbb0-29cbc1488699",
    "bridgevideosourcemode" => "none",
    "calleridname" => "101",
    "calleridnum" => "101",
    "channel" => "PJSIP/101-00000054",
    "channelstate" => "6",
    "channelstatedesc" => "Up",
    "connectedlinename" => "Ivan102",
    "connectedlinenum" => "102",
    "context" => "org_all",
    "exten" => "",
    "language" => "en",
    "linkedid" => "1744730420.127",
    "priority" => "1",
    "privilege" => "call,all",
    "uniqueid" => "1744730422.128"
  },
  variables: %{}
}
[2025-04-15 15:20:23.975859Z] %ElixirAmi.Event{
  event: "bridgeleave",
  source: :asterisk_connection,
  action_id: nil,
  keys: %{
    "accountcode" => "",
    "bridgecreator" => "<unknown>",
    "bridgename" => "<unknown>",
    "bridgenumchannels" => "0",
    "bridgetechnology" => "simple_bridge",
    "bridgetype" => "basic",
    "bridgeuniqueid" => "fc380a4d-b85d-4056-bbb0-29cbc1488699",
    "bridgevideosourcemode" => "none",
    "calleridname" => "Ivan102",
    "calleridnum" => "102",
    "channel" => "PJSIP/102-00000053",
    "channelstate" => "6",
    "channelstatedesc" => "Up",
    "connectedlinename" => "101",
    "connectedlinenum" => "101",
    "context" => "org_all",
    "exten" => "101",
    "language" => "en",
    "linkedid" => "1744730420.127",
    "priority" => "2",
    "privilege" => "call,all",
    "uniqueid" => "1744730420.127"
  },
  variables: %{}
}
[2025-04-15 15:20:23.976021Z] %ElixirAmi.Event{
  event: "varset",
  source: :asterisk_connection,
  action_id: nil,
  keys: %{
    "accountcode" => "",
    "calleridname" => "Ivan102",
    "calleridnum" => "102",
    "channel" => "PJSIP/102-00000053",
    "channelstate" => "6",
    "channelstatedesc" => "Up",
    "connectedlinename" => "101",
    "connectedlinenum" => "101",
    "context" => "org_all",
    "exten" => "101",
    "language" => "en",
    "linkedid" => "1744730420.127",
    "priority" => "2",
    "privilege" => "dialplan,all",
    "uniqueid" => "1744730420.127",
    "value" => "1",
    "variable" => "ANSWEREDTIME"
  },
  variables: %{}
}
[2025-04-15 15:20:23.976173Z] %ElixirAmi.Event{
  event: "varset",
  source: :asterisk_connection,
  action_id: nil,
  keys: %{
    "accountcode" => "",
    "calleridname" => "Ivan102",
    "calleridnum" => "102",
    "channel" => "PJSIP/102-00000053",
    "channelstate" => "6",
    "channelstatedesc" => "Up",
    "connectedlinename" => "101",
    "connectedlinenum" => "101",
    "context" => "org_all",
    "exten" => "101",
    "language" => "en",
    "linkedid" => "1744730420.127",
    "priority" => "2",
    "privilege" => "dialplan,all",
    "uniqueid" => "1744730420.127",
    "value" => "1756",
    "variable" => "ANSWEREDTIME_MS"
  },
  variables: %{}
}
[2025-04-15 15:20:23.976428Z] %ElixirAmi.Event{
  event: "varset",
  source: :asterisk_connection,
  action_id: nil,
  keys: %{
    "accountcode" => "",
    "calleridname" => "Ivan102",
    "calleridnum" => "102",
    "channel" => "PJSIP/102-00000053",
    "channelstate" => "6",
    "channelstatedesc" => "Up",
    "connectedlinename" => "101",
    "connectedlinenum" => "101",
    "context" => "org_all",
    "exten" => "101",
    "language" => "en",
    "linkedid" => "1744730420.127",
    "priority" => "2",
    "privilege" => "dialplan,all",
    "uniqueid" => "1744730420.127",
    "value" => "3",
    "variable" => "DIALEDTIME"
  },
  variables: %{}
}
[2025-04-15 15:20:23.976741Z] %ElixirAmi.Event{
  event: "varset",
  source: :asterisk_connection,
  action_id: nil,
  keys: %{
    "accountcode" => "",
    "calleridname" => "Ivan102",
    "calleridnum" => "102",
    "channel" => "PJSIP/102-00000053",
    "channelstate" => "6",
    "channelstatedesc" => "Up",
    "connectedlinename" => "101",
    "connectedlinenum" => "101",
    "context" => "org_all",
    "exten" => "101",
    "language" => "en",
    "linkedid" => "1744730420.127",
    "priority" => "2",
    "privilege" => "dialplan,all",
    "uniqueid" => "1744730420.127",
    "value" => "3144",
    "variable" => "DIALEDTIME_MS"
  },
  variables: %{}
}
[2025-04-15 15:20:23.976943Z] %ElixirAmi.Event{
  event: "varset",
  source: :asterisk_connection,
  action_id: nil,
  keys: %{
    "accountcode" => "",
    "calleridname" => "101",
    "calleridnum" => "101",
    "channel" => "PJSIP/101-00000054",
    "channelstate" => "6",
    "channelstatedesc" => "Up",
    "connectedlinename" => "Ivan102",
    "connectedlinenum" => "102",
    "context" => "org_all",
    "exten" => "",
    "language" => "en",
    "linkedid" => "1744730420.127",
    "priority" => "1",
    "privilege" => "dialplan,all",
    "uniqueid" => "1744730422.128",
    "value" => "ssrc=1803579612;themssrc=2060658298;lp=0;rxjitter=0.000625;rxcount=44;txjitter=0.000625;txcount=44;rlp=0;rtt=0.000000;rxmes=85.367289;txmes=0.000000",
    "variable" => "RTPAUDIOQOS"
  },
  variables: %{}
}
[2025-04-15 15:20:23.977150Z] %ElixirAmi.Event{
  event: "varset",
  source: :asterisk_connection,
  action_id: nil,
  keys: %{
    "accountcode" => "",
    "calleridname" => "Ivan102",
    "calleridnum" => "102",
    "channel" => "PJSIP/102-00000053",
    "channelstate" => "6",
    "channelstatedesc" => "Up",
    "connectedlinename" => "101",
    "connectedlinenum" => "101",
    "context" => "org_all",
    "exten" => "101",
    "language" => "en",
    "linkedid" => "1744730420.127",
    "priority" => "2",
    "privilege" => "dialplan,all",
    "uniqueid" => "1744730420.127",
    "value" => "ANSWER",
    "variable" => "DIALSTATUS"
  },
  variables: %{}
}
[2025-04-15 15:20:23.977471Z] %ElixirAmi.Event{
  event: "varset",
  source: :asterisk_connection,
  action_id: nil,
  keys: %{
    "accountcode" => "",
    "calleridname" => "101",
    "calleridnum" => "101",
    "channel" => "PJSIP/101-00000054",
    "channelstate" => "6",
    "channelstatedesc" => "Up",
    "connectedlinename" => "Ivan102",
    "connectedlinenum" => "102",
    "context" => "org_all",
    "exten" => "",
    "language" => "en",
    "linkedid" => "1744730420.127",
    "priority" => "1",
    "privilege" => "dialplan,all",
    "uniqueid" => "1744730422.128",
    "value" => "minrxjitter=000.000000;maxrxjitter=000.000625;avgrxjitter=000.000401;stdevrxjitter=000.000214;mintxjitter=000.000000;maxtxjitter=000.000625;avgtxjitter=000.000250;stdevtxjitter=000.000306;",
    "variable" => "RTPAUDIOQOSJITTER"
  },
  variables: %{}
}
[2025-04-15 15:20:23.977773Z] %ElixirAmi.Event{
  event: "varset",
  source: :asterisk_connection,
  action_id: nil,
  keys: %{
    "accountcode" => "",
    "calleridname" => "101",
    "calleridnum" => "101",
    "channel" => "PJSIP/101-00000054",
    "channelstate" => "6",
    "channelstatedesc" => "Up",
    "connectedlinename" => "Ivan102",
    "connectedlinenum" => "102",
    "context" => "org_all",
    "exten" => "",
    "language" => "en",
    "linkedid" => "1744730420.127",
    "priority" => "1",
    "privilege" => "dialplan,all",
    "uniqueid" => "1744730422.128",
    "value" => "minrxlost=000.000000;  maxrxlost=000.000000;  avgrxlost=000.000000;  stdevrxlost=000.000000;  mintxlost=000.000000;  maxtxlost=000.000000;  avgtxlost=000.000000;  stdevtxlost=000.000000;",
    "variable" => "RTPAUDIOQOSLOSS"
  },
  variables: %{}
}
[2025-04-15 15:20:23.977965Z] %ElixirAmi.Event{
  event: "varset",
  source: :asterisk_connection,
  action_id: nil,
  keys: %{
    "accountcode" => "",
    "calleridname" => "101",
    "calleridnum" => "101",
    "channel" => "PJSIP/101-00000054",
    "channelstate" => "6",
    "channelstatedesc" => "Up",
    "connectedlinename" => "Ivan102",
    "connectedlinenum" => "102",
    "context" => "org_all",
    "exten" => "",
    "language" => "en",
    "linkedid" => "1744730420.127",
    "priority" => "1",
    "privilege" => "dialplan,all",
    "uniqueid" => "1744730422.128",
    "value" => "minrtt=000.000000;     maxrtt=000.000000;     avgrtt=000.000000;     stdevrtt=000.000000;",
    "variable" => "RTPAUDIOQOSRTT"
  },
  variables: %{}
}
[2025-04-15 15:20:23.978116Z] %ElixirAmi.Event{
  event: "softhanguprequest",
  source: :asterisk_connection,
  action_id: nil,
  keys: %{
    "accountcode" => "",
    "calleridname" => "Ivan102",
    "calleridnum" => "102",
    "cause" => "16",
    "channel" => "PJSIP/102-00000053",
    "channelstate" => "6",
    "channelstatedesc" => "Up",
    "connectedlinename" => "101",
    "connectedlinenum" => "101",
    "context" => "org_all",
    "exten" => "101",
    "language" => "en",
    "linkedid" => "1744730420.127",
    "priority" => "2",
    "privilege" => "call,all",
    "uniqueid" => "1744730420.127"
  },
  variables: %{}
}
[2025-04-15 15:20:23.978311Z] %ElixirAmi.Event{
  event: "varset",
  source: :asterisk_connection,
  action_id: nil,
  keys: %{
    "accountcode" => "",
    "calleridname" => "101",
    "calleridnum" => "101",
    "channel" => "PJSIP/101-00000054",
    "channelstate" => "6",
    "channelstatedesc" => "Up",
    "connectedlinename" => "Ivan102",
    "connectedlinenum" => "102",
    "context" => "org_all",
    "exten" => "",
    "language" => "en",
    "linkedid" => "1744730420.127",
    "priority" => "1",
    "privilege" => "dialplan,all",
    "uniqueid" => "1744730422.128",
    "value" => "minrxmes=000.000000;   maxrxmes=000.000000;   avgrxmes=000.000000;   stdevrxmes=000.000214;   mintxmes=085.367289;   maxtxmes=085.367289;   avgtxmes=085.367289;   stdevtxmes=000.000000;",
    "variable" => "RTPAUDIOQOSMES"
  },
  variables: %{}
}
[2025-04-15 15:20:23.978487Z] %ElixirAmi.Event{
  event: "hangup",
  source: :asterisk_connection,
  action_id: nil,
  keys: %{
    "accountcode" => "",
    "calleridname" => "101",
    "calleridnum" => "101",
    "cause" => "16",
    "cause-txt" => "Normal Clearing",
    "channel" => "PJSIP/101-00000054",
    "channelstate" => "6",
    "channelstatedesc" => "Up",
    "connectedlinename" => "Ivan102",
    "connectedlinenum" => "102",
    "context" => "org_all",
    "exten" => "",
    "language" => "en",
    "linkedid" => "1744730420.127",
    "priority" => "1",
    "privilege" => "call,all",
    "uniqueid" => "1744730422.128"
  },
  variables: %{}
}
[2025-04-15 15:20:23.978806Z] %ElixirAmi.Event{
  event: "varset",
  source: :asterisk_connection,
  action_id: nil,
  keys: %{
    "accountcode" => "",
    "calleridname" => "Ivan102",
    "calleridnum" => "102",
    "channel" => "PJSIP/102-00000053",
    "channelstate" => "6",
    "channelstatedesc" => "Up",
    "connectedlinename" => "101",
    "connectedlinenum" => "101",
    "context" => "org_all",
    "exten" => "101",
    "language" => "en",
    "linkedid" => "1744730420.127",
    "priority" => "2",
    "privilege" => "dialplan,all",
    "uniqueid" => "1744730420.127",
    "value" => "ssrc=445523632;themssrc=758131245;lp=0;rxjitter=0.000000;rxcount=89;txjitter=0.000750;txcount=87;rlp=0;rtt=0.000000;rxmes=85.367289;txmes=0.000000",
    "variable" => "RTPAUDIOQOS"
  },
  variables: %{}
}
[2025-04-15 15:20:23.979079Z] %ElixirAmi.Event{
  event: "varset",
  source: :asterisk_connection,
  action_id: nil,
  keys: %{
    "accountcode" => "",
    "calleridname" => "Ivan102",
    "calleridnum" => "102",
    "channel" => "PJSIP/102-00000053",
    "channelstate" => "6",
    "channelstatedesc" => "Up",
    "connectedlinename" => "101",
    "connectedlinenum" => "101",
    "context" => "org_all",
    "exten" => "101",
    "language" => "en",
    "linkedid" => "1744730420.127",
    "priority" => "2",
    "privilege" => "dialplan,all",
    "uniqueid" => "1744730420.127",
    "value" => "minrxjitter=000.000000;maxrxjitter=000.000875;avgrxjitter=000.000595;stdevrxjitter=000.000223;mintxjitter=000.000000;maxtxjitter=000.000000;avgtxjitter=000.000000;stdevtxjitter=000.000000;",
    "variable" => "RTPAUDIOQOSJITTER"
  },
  variables: %{}
}
[2025-04-15 15:20:23.979341Z] %ElixirAmi.Event{
  event: "varset",
  source: :asterisk_connection,
  action_id: nil,
  keys: %{
    "accountcode" => "",
    "calleridname" => "Ivan102",
    "calleridnum" => "102",
    "channel" => "PJSIP/102-00000053",
    "channelstate" => "6",
    "channelstatedesc" => "Up",
    "connectedlinename" => "101",
    "connectedlinenum" => "101",
    "context" => "org_all",
    "exten" => "101",
    "language" => "en",
    "linkedid" => "1744730420.127",
    "priority" => "2",
    "privilege" => "dialplan,all",
    "uniqueid" => "1744730420.127",
    "value" => "minrxlost=000.000000;  maxrxlost=000.000000;  avgrxlost=000.000000;  stdevrxlost=000.000000;  mintxlost=000.000000;  maxtxlost=000.000000;  avgtxlost=000.000000;  stdevtxlost=000.000000;",
    "variable" => "RTPAUDIOQOSLOSS"
  },
  variables: %{}
}
[2025-04-15 15:20:23.979547Z] %ElixirAmi.Event{
  event: "varset",
  source: :asterisk_connection,
  action_id: nil,
  keys: %{
    "accountcode" => "",
    "calleridname" => "Ivan102",
    "calleridnum" => "102",
    "channel" => "PJSIP/102-00000053",
    "channelstate" => "6",
    "channelstatedesc" => "Up",
    "connectedlinename" => "101",
    "connectedlinenum" => "101",
    "context" => "org_all",
    "exten" => "101",
    "language" => "en",
    "linkedid" => "1744730420.127",
    "priority" => "2",
    "privilege" => "dialplan,all",
    "uniqueid" => "1744730420.127",
    "value" => "minrtt=000.000000;     maxrtt=000.000000;     avgrtt=000.000000;     stdevrtt=000.000000;",
    "variable" => "RTPAUDIOQOSRTT"
  },
  variables: %{}
}
[2025-04-15 15:20:23.979702Z] %ElixirAmi.Event{
  event: "varset",
  source: :asterisk_connection,
  action_id: nil,
  keys: %{
    "accountcode" => "",
    "calleridname" => "Ivan102",
    "calleridnum" => "102",
    "channel" => "PJSIP/102-00000053",
    "channelstate" => "6",
    "channelstatedesc" => "Up",
    "connectedlinename" => "101",
    "connectedlinenum" => "101",
    "context" => "org_all",
    "exten" => "101",
    "language" => "en",
    "linkedid" => "1744730420.127",
    "priority" => "2",
    "privilege" => "dialplan,all",
    "uniqueid" => "1744730420.127",
    "value" => "minrxmes=000.000000;   maxrxmes=000.000000;   avgrxmes=000.000000;   stdevrxmes=000.000223;   mintxmes=085.367289;   maxtxmes=085.367289;   avgtxmes=085.367289;   stdevtxmes=000.000000;",
    "variable" => "RTPAUDIOQOSMES"
  },
  variables: %{}
}
[2025-04-15 15:20:23.979937Z] %ElixirAmi.Event{
  event: "hangup",
  source: :asterisk_connection,
  action_id: nil,
  keys: %{
    "accountcode" => "",
    "calleridname" => "Ivan102",
    "calleridnum" => "102",
    "cause" => "16",
    "cause-txt" => "Normal Clearing",
    "channel" => "PJSIP/102-00000053",
    "channelstate" => "6",
    "channelstatedesc" => "Up",
    "connectedlinename" => "101",
    "connectedlinenum" => "101",
    "context" => "org_all",
    "exten" => "101",
    "language" => "en",
    "linkedid" => "1744730420.127",
    "priority" => "2",
    "privilege" => "call,all",
    "uniqueid" => "1744730420.127"
  },
  variables: %{}
}
