[2025-04-10 17:06:48.310295Z] %ElixirAmi.Event{
  event: "newexten",
  source: :asterisk_connection,
  action_id: nil,
  keys: %{
    "accountcode" => "",
    "appdata" => "(Outgoing Line)",
    "application" => "AppDial",
    "calleridname" => "102",
    "calleridnum" => "102",
    "channel" => "PJSIP/102-000000d7",
    "channelstate" => "0",
    "channelstatedesc" => "Down",
    "connectedlinename" => "104",
    "connectedlinenum" => "104",
    "context" => "org_all",
    "exten" => "102",
    "extension" => "102",
    "language" => "en",
    "linkedid" => "1744304808.321",
    "priority" => "1",
    "privilege" => "dialplan,all",
    "uniqueid" => "1744304808.322"
  },
  variables: %{}
}
[2025-04-10 17:06:48.310072Z] %ElixirAmi.Event{
  event: "varset",
  source: :asterisk_connection,
  action_id: nil,
  keys: %{
    "accountcode" => "",
    "calleridname" => "104",
    "calleridnum" => "104",
    "channel" => "PJSIP/104-000000d6",
    "channelstate" => "4",
    "channelstatedesc" => "Ring",
    "connectedlinename" => "<unknown>",
    "connectedlinenum" => "<unknown>",
    "context" => "org_all",
    "exten" => "102",
    "language" => "en",
    "linkedid" => "1744304808.321",
    "priority" => "2",
    "privilege" => "dialplan,all",
    "uniqueid" => "1744304808.321",
    "value" => "",
    "variable" => "DIALEDPEERNUMBER"
  },
  variables: %{}
}
[2025-04-10 17:06:48.310089Z] %ElixirAmi.Event{
  event: "varset",
  source: :asterisk_connection,
  action_id: nil,
  keys: %{
    "accountcode" => "",
    "calleridname" => "104",
    "calleridnum" => "104",
    "channel" => "PJSIP/104-000000d6",
    "channelstate" => "4",
    "channelstatedesc" => "Ring",
    "connectedlinename" => "<unknown>",
    "connectedlinenum" => "<unknown>",
    "context" => "org_all",
    "exten" => "102",
    "language" => "en",
    "linkedid" => "1744304808.321",
    "priority" => "2",
    "privilege" => "dialplan,all",
    "uniqueid" => "1744304808.321",
    "value" => "",
    "variable" => "RINGTIME_MS"
  },
  variables: %{}
}
[2025-04-10 17:06:48.310079Z] %ElixirAmi.Event{
  event: "varset",
  source: :asterisk_connection,
  action_id: nil,
  keys: %{
    "accountcode" => "",
    "calleridname" => "102",
    "calleridnum" => "102",
    "channel" => "PJSIP/102-000000d7",
    "channelstate" => "0",
    "channelstatedesc" => "Down",
    "connectedlinename" => "<unknown>",
    "connectedlinenum" => "<unknown>",
    "context" => "org_all",
    "exten" => "s",
    "language" => "en",
    "linkedid" => "1744304808.321",
    "priority" => "1",
    "privilege" => "dialplan,all",
    "uniqueid" => "1744304808.322",
    "value" => "102",
    "variable" => "DIALEDPEERNUMBER"
  },
  variables: %{}
}
[2025-04-10 17:06:48.310076Z] %ElixirAmi.Event{
  event: "newexten",
  source: :asterisk_connection,
  action_id: nil,
  keys: %{
    "accountcode" => "",
    "appdata" => "",
    "application" => "NoOp",
    "calleridname" => "104",
    "calleridnum" => "104",
    "channel" => "PJSIP/104-000000d6",
    "channelstate" => "4",
    "channelstatedesc" => "Ring",
    "connectedlinename" => "<unknown>",
    "connectedlinenum" => "<unknown>",
    "context" => "org_all",
    "exten" => "102",
    "extension" => "102",
    "language" => "en",
    "linkedid" => "1744304808.321",
    "priority" => "1",
    "privilege" => "dialplan,all",
    "uniqueid" => "1744304808.321"
  },
  variables: %{}
}
[2025-04-10 17:06:48.310050Z] %ElixirAmi.Event{
  event: "newchannel",
  source: :asterisk_connection,
  action_id: nil,
  keys: %{
    "accountcode" => "",
    "calleridname" => "102",
    "calleridnum" => "102",
    "channel" => "PJSIP/102-000000d7",
    "channelstate" => "0",
    "channelstatedesc" => "Down",
    "connectedlinename" => "<unknown>",
    "connectedlinenum" => "<unknown>",
    "context" => "org_all",
    "exten" => "s",
    "language" => "en",
    "linkedid" => "1744304808.321",
    "priority" => "1",
    "privilege" => "call,all",
    "uniqueid" => "1744304808.322"
  },
  variables: %{}
}
[2025-04-10 17:06:48.310802Z] %ElixirAmi.Event{
  event: "dialbegin",
  source: :asterisk_connection,
  action_id: nil,
  keys: %{
    "accountcode" => "",
    "calleridname" => "104",
    "calleridnum" => "104",
    "channel" => "PJSIP/104-000000d6",
    "channelstate" => "4",
    "channelstatedesc" => "Ring",
    "connectedlinename" => "<unknown>",
    "connectedlinenum" => "<unknown>",
    "context" => "org_all",
    "destaccountcode" => "",
    "destcalleridname" => "102",
    "destcalleridnum" => "102",
    "destchannel" => "PJSIP/102-000000d7",
    "destchannelstate" => "0",
    "destchannelstatedesc" => "Down",
    "destconnectedlinename" => "104",
    "destconnectedlinenum" => "104",
    "destcontext" => "org_all",
    "destexten" => "102",
    "destlanguage" => "en",
    "destlinkedid" => "1744304808.321",
    "destpriority" => "1",
    "destuniqueid" => "1744304808.322",
    "dialstring" => "102",
    "exten" => "102",
    "language" => "en",
    "linkedid" => "1744304808.321",
    "priority" => "2",
    "privilege" => "call,all",
    "uniqueid" => "1744304808.321"
  },
  variables: %{}
}
[2025-04-10 17:06:48.310468Z] %ElixirAmi.Event{
  event: "newconnectedline",
  source: :asterisk_connection,
  action_id: nil,
  keys: %{
    "accountcode" => "",
    "calleridname" => "102",
    "calleridnum" => "102",
    "channel" => "PJSIP/102-000000d7",
    "channelstate" => "0",
    "channelstatedesc" => "Down",
    "connectedlinename" => "104",
    "connectedlinenum" => "104",
    "context" => "org_all",
    "exten" => "102",
    "language" => "en",
    "linkedid" => "1744304808.321",
    "priority" => "1",
    "privilege" => "call,all",
    "uniqueid" => "1744304808.322"
  },
  variables: %{}
}
[2025-04-10 17:06:48.310075Z] %ElixirAmi.Event{
  event: "newexten",
  source: :asterisk_connection,
  action_id: nil,
  keys: %{
    "accountcode" => "",
    "appdata" => "PJSIP/102,20,",
    "application" => "Dial",
    "calleridname" => "104",
    "calleridnum" => "104",
    "channel" => "PJSIP/104-000000d6",
    "channelstate" => "4",
    "channelstatedesc" => "Ring",
    "connectedlinename" => "<unknown>",
    "connectedlinenum" => "<unknown>",
    "context" => "org_all",
    "exten" => "102",
    "extension" => "102",
    "language" => "en",
    "linkedid" => "1744304808.321",
    "priority" => "2",
    "privilege" => "dialplan,all",
    "uniqueid" => "1744304808.321"
  },
  variables: %{}
}
[2025-04-10 17:06:48.310098Z] %ElixirAmi.Event{
  event: "varset",
  source: :asterisk_connection,
  action_id: nil,
  keys: %{
    "accountcode" => "",
    "calleridname" => "104",
    "calleridnum" => "104",
    "channel" => "PJSIP/104-000000d6",
    "channelstate" => "4",
    "channelstatedesc" => "Ring",
    "connectedlinename" => "<unknown>",
    "connectedlinenum" => "<unknown>",
    "context" => "org_all",
    "exten" => "102",
    "language" => "en",
    "linkedid" => "1744304808.321",
    "priority" => "2",
    "privilege" => "dialplan,all",
    "uniqueid" => "1744304808.321",
    "value" => "",
    "variable" => "ANSWEREDTIME_MS"
  },
  variables: %{}
}
[2025-04-10 17:06:48.310069Z] %ElixirAmi.Event{
  event: "varset",
  source: :asterisk_connection,
  action_id: nil,
  keys: %{
    "accountcode" => "",
    "calleridname" => "104",
    "calleridnum" => "104",
    "channel" => "PJSIP/104-000000d6",
    "channelstate" => "4",
    "channelstatedesc" => "Ring",
    "connectedlinename" => "<unknown>",
    "connectedlinenum" => "<unknown>",
    "context" => "org_all",
    "exten" => "102",
    "language" => "en",
    "linkedid" => "1744304808.321",
    "priority" => "2",
    "privilege" => "dialplan,all",
    "uniqueid" => "1744304808.321",
    "value" => "",
    "variable" => "PROGRESSTIME_MS"
  },
  variables: %{}
}
[2025-04-10 17:06:48.310970Z] %ElixirAmi.Event{
  event: "newconnectedline",
  source: :asterisk_connection,
  action_id: nil,
  keys: %{
    "accountcode" => "",
    "calleridname" => "104",
    "calleridnum" => "104",
    "channel" => "PJSIP/104-000000d6",
    "channelstate" => "4",
    "channelstatedesc" => "Ring",
    "connectedlinename" => "102",
    "connectedlinenum" => "102",
    "context" => "org_all",
    "exten" => "102",
    "language" => "en",
    "linkedid" => "1744304808.321",
    "priority" => "2",
    "privilege" => "call,all",
    "uniqueid" => "1744304808.321"
  },
  variables: %{}
}
[2025-04-10 17:06:48.310084Z] %ElixirAmi.Event{
  event: "varset",
  source: :asterisk_connection,
  action_id: nil,
  keys: %{
    "accountcode" => "",
    "calleridname" => "104",
    "calleridnum" => "104",
    "channel" => "PJSIP/104-000000d6",
    "channelstate" => "4",
    "channelstatedesc" => "Ring",
    "connectedlinename" => "<unknown>",
    "connectedlinenum" => "<unknown>",
    "context" => "org_all",
    "exten" => "102",
    "language" => "en",
    "linkedid" => "1744304808.321",
    "priority" => "1",
    "privilege" => "dialplan,all",
    "uniqueid" => "1744304808.321",
    "value" => "192.168.0.16",
    "variable" => "SIPDOMAIN"
  },
  variables: %{}
}
[2025-04-10 17:06:48.310091Z] %ElixirAmi.Event{
  event: "varset",
  source: :asterisk_connection,
  action_id: nil,
  keys: %{
    "accountcode" => "",
    "calleridname" => "104",
    "calleridnum" => "104",
    "channel" => "PJSIP/104-000000d6",
    "channelstate" => "4",
    "channelstatedesc" => "Ring",
    "connectedlinename" => "<unknown>",
    "connectedlinenum" => "<unknown>",
    "context" => "org_all",
    "exten" => "102",
    "language" => "en",
    "linkedid" => "1744304808.321",
    "priority" => "2",
    "privilege" => "dialplan,all",
    "uniqueid" => "1744304808.321",
    "value" => "",
    "variable" => "RINGTIME"
  },
  variables: %{}
}
[2025-04-10 17:06:48.310074Z] %ElixirAmi.Event{
  event: "varset",
  source: :asterisk_connection,
  action_id: nil,
  keys: %{
    "accountcode" => "",
    "calleridname" => "104",
    "calleridnum" => "104",
    "channel" => "PJSIP/104-000000d6",
    "channelstate" => "4",
    "channelstatedesc" => "Ring",
    "connectedlinename" => "<unknown>",
    "connectedlinenum" => "<unknown>",
    "context" => "org_all",
    "exten" => "102",
    "language" => "en",
    "linkedid" => "1744304808.321",
    "priority" => "2",
    "privilege" => "dialplan,all",
    "uniqueid" => "1744304808.321",
    "value" => "",
    "variable" => "DIALSTATUS"
  },
  variables: %{}
}
[2025-04-10 17:06:48.310081Z] %ElixirAmi.Event{
  event: "newchannel",
  source: :asterisk_connection,
  action_id: nil,
  keys: %{
    "accountcode" => "",
    "calleridname" => "104",
    "calleridnum" => "104",
    "channel" => "PJSIP/104-000000d6",
    "channelstate" => "4",
    "channelstatedesc" => "Ring",
    "connectedlinename" => "<unknown>",
    "connectedlinenum" => "<unknown>",
    "context" => "org_all",
    "exten" => "102",
    "language" => "en",
    "linkedid" => "1744304808.321",
    "priority" => "1",
    "privilege" => "call,all",
    "uniqueid" => "1744304808.321"
  },
  variables: %{}
}
[2025-04-10 17:06:48.310093Z] %ElixirAmi.Event{
  event: "varset",
  source: :asterisk_connection,
  action_id: nil,
  keys: %{
    "accountcode" => "",
    "calleridname" => "104",
    "calleridnum" => "104",
    "channel" => "PJSIP/104-000000d6",
    "channelstate" => "4",
    "channelstatedesc" => "Ring",
    "connectedlinename" => "<unknown>",
    "connectedlinenum" => "<unknown>",
    "context" => "org_all",
    "exten" => "102",
    "language" => "en",
    "linkedid" => "1744304808.321",
    "priority" => "2",
    "privilege" => "dialplan,all",
    "uniqueid" => "1744304808.321",
    "value" => "",
    "variable" => "DIALEDTIME_MS"
  },
  variables: %{}
}
[2025-04-10 17:06:48.310087Z] %ElixirAmi.Event{
  event: "varset",
  source: :asterisk_connection,
  action_id: nil,
  keys: %{
    "accountcode" => "",
    "calleridname" => "104",
    "calleridnum" => "104",
    "channel" => "PJSIP/104-000000d6",
    "channelstate" => "4",
    "channelstatedesc" => "Ring",
    "connectedlinename" => "<unknown>",
    "connectedlinenum" => "<unknown>",
    "context" => "org_all",
    "exten" => "102",
    "language" => "en",
    "linkedid" => "1744304808.321",
    "priority" => "2",
    "privilege" => "dialplan,all",
    "uniqueid" => "1744304808.321",
    "value" => "",
    "variable" => "PROGRESSTIME"
  },
  variables: %{}
}
[2025-04-10 17:06:48.310099Z] %ElixirAmi.Event{
  event: "varset",
  source: :asterisk_connection,
  action_id: nil,
  keys: %{
    "accountcode" => "",
    "calleridname" => "104",
    "calleridnum" => "104",
    "channel" => "PJSIP/104-000000d6",
    "channelstate" => "4",
    "channelstatedesc" => "Ring",
    "connectedlinename" => "<unknown>",
    "connectedlinenum" => "<unknown>",
    "context" => "org_all",
    "exten" => "102",
    "language" => "en",
    "linkedid" => "1744304808.321",
    "priority" => "2",
    "privilege" => "dialplan,all",
    "uniqueid" => "1744304808.321",
    "value" => "",
    "variable" => "DIALEDPEERNAME"
  },
  variables: %{}
}
[2025-04-10 17:06:48.310097Z] %ElixirAmi.Event{
  event: "varset",
  source: :asterisk_connection,
  action_id: nil,
  keys: %{
    "accountcode" => "",
    "calleridname" => "104",
    "calleridnum" => "104",
    "channel" => "PJSIP/104-000000d6",
    "channelstate" => "4",
    "channelstatedesc" => "Ring",
    "connectedlinename" => "<unknown>",
    "connectedlinenum" => "<unknown>",
    "context" => "org_all",
    "exten" => "102",
    "language" => "en",
    "linkedid" => "1744304808.321",
    "priority" => "2",
    "privilege" => "dialplan,all",
    "uniqueid" => "1744304808.321",
    "value" => "",
    "variable" => "ANSWEREDTIME"
  },
  variables: %{}
}
[2025-04-10 17:06:48.310095Z] %ElixirAmi.Event{
  event: "varset",
  source: :asterisk_connection,
  action_id: nil,
  keys: %{
    "accountcode" => "",
    "calleridname" => "104",
    "calleridnum" => "104",
    "channel" => "PJSIP/104-000000d6",
    "channelstate" => "4",
    "channelstatedesc" => "Ring",
    "connectedlinename" => "<unknown>",
    "connectedlinenum" => "<unknown>",
    "context" => "org_all",
    "exten" => "102",
    "language" => "en",
    "linkedid" => "1744304808.321",
    "priority" => "2",
    "privilege" => "dialplan,all",
    "uniqueid" => "1744304808.321",
    "value" => "",
    "variable" => "DIALEDTIME"
  },
  variables: %{}
}
[2025-04-10 17:06:48.315736Z] %ElixirAmi.Event{
  event: "newstate",
  source: :asterisk_connection,
  action_id: nil,
  keys: %{
    "accountcode" => "",
    "calleridname" => "102",
    "calleridnum" => "102",
    "channel" => "PJSIP/102-000000d7",
    "channelstate" => "5",
    "channelstatedesc" => "Ringing",
    "connectedlinename" => "104",
    "connectedlinenum" => "104",
    "context" => "org_all",
    "exten" => "102",
    "language" => "en",
    "linkedid" => "1744304808.321",
    "priority" => "1",
    "privilege" => "call,all",
    "uniqueid" => "1744304808.322"
  },
  variables: %{}
}
[2025-04-10 17:06:48.315834Z] %ElixirAmi.Event{
  event: "varset",
  source: :asterisk_connection,
  action_id: nil,
  keys: %{
    "accountcode" => "",
    "calleridname" => "104",
    "calleridnum" => "104",
    "channel" => "PJSIP/104-000000d6",
    "channelstate" => "4",
    "channelstatedesc" => "Ring",
    "connectedlinename" => "102",
    "connectedlinenum" => "102",
    "context" => "org_all",
    "exten" => "102",
    "language" => "en",
    "linkedid" => "1744304808.321",
    "priority" => "2",
    "privilege" => "dialplan,all",
    "uniqueid" => "1744304808.321",
    "value" => "0",
    "variable" => "RINGTIME"
  },
  variables: %{}
}
[2025-04-10 17:06:48.316138Z] %ElixirAmi.Event{
  event: "varset",
  source: :asterisk_connection,
  action_id: nil,
  keys: %{
    "accountcode" => "",
    "calleridname" => "104",
    "calleridnum" => "104",
    "channel" => "PJSIP/104-000000d6",
    "channelstate" => "4",
    "channelstatedesc" => "Ring",
    "connectedlinename" => "102",
    "connectedlinenum" => "102",
    "context" => "org_all",
    "exten" => "102",
    "language" => "en",
    "linkedid" => "1744304808.321",
    "priority" => "2",
    "privilege" => "dialplan,all",
    "uniqueid" => "1744304808.321",
    "value" => "7",
    "variable" => "RINGTIME_MS"
  },
  variables: %{}
}
[2025-04-10 17:06:48.316569Z] %ElixirAmi.Event{
  event: "dialstate",
  source: :asterisk_connection,
  action_id: nil,
  keys: %{
    "accountcode" => "",
    "calleridname" => "104",
    "calleridnum" => "104",
    "channel" => "PJSIP/104-000000d6",
    "channelstate" => "4",
    "channelstatedesc" => "Ring",
    "connectedlinename" => "102",
    "connectedlinenum" => "102",
    "context" => "org_all",
    "destaccountcode" => "",
    "destcalleridname" => "102",
    "destcalleridnum" => "102",
    "destchannel" => "PJSIP/102-000000d7",
    "destchannelstate" => "5",
    "destchannelstatedesc" => "Ringing",
    "destconnectedlinename" => "104",
    "destconnectedlinenum" => "104",
    "destcontext" => "org_all",
    "destexten" => "102",
    "destlanguage" => "en",
    "destlinkedid" => "1744304808.321",
    "destpriority" => "1",
    "destuniqueid" => "1744304808.322",
    "dialstatus" => "RINGING",
    "exten" => "102",
    "language" => "en",
    "linkedid" => "1744304808.321",
    "priority" => "2",
    "privilege" => "call,all",
    "uniqueid" => "1744304808.321"
  },
  variables: %{}
}
[2025-04-10 17:06:52.392909Z] %ElixirAmi.Event{
  event: "rtcpreceived",
  source: :asterisk_connection,
  action_id: nil,
  keys: %{
    "accountcode" => "",
    "calleridname" => "102",
    "calleridnum" => "102",
    "channel" => "PJSIP/102-000000d7",
    "channelstate" => "5",
    "channelstatedesc" => "Ringing",
    "connectedlinename" => "104",
    "connectedlinenum" => "104",
    "context" => "org_all",
    "exten" => "102",
    "from" => "192.168.0.16:4219",
    "language" => "en",
    "linkedid" => "1744304808.321",
    "mes" => "85.4",
    "priority" => "1",
    "privilege" => "reporting,all",
    "pt" => "201(RR)",
    "report0cumulativelost" => "0",
    "report0dlsr" => "0.0000",
    "report0fractionlost" => "0",
    "report0highestsequence" => "0",
    "report0iajitter" => "0",
    "report0lsr" => "0",
    "report0sequencenumbercycles" => "0",
    "report0sourcessrc" => "0x00000000",
    "reportcount" => "1",
    "rtt" => "0.0000",
    "ssrc" => "0x00000000",
    "to" => "192.168.0.16:12493",
    "uniqueid" => "1744304808.322"
  },
  variables: %{}
}
[2025-04-10 17:06:52.393220Z] %ElixirAmi.Event{
  event: "rtcpreceived",
  source: :asterisk_connection,
  action_id: nil,
  keys: %{
    "accountcode" => "",
    "calleridname" => "102",
    "calleridnum" => "102",
    "channel" => "PJSIP/102-000000d7",
    "channelstate" => "5",
    "channelstatedesc" => "Ringing",
    "connectedlinename" => "104",
    "connectedlinenum" => "104",
    "context" => "org_all",
    "exten" => "102",
    "from" => "192.168.0.16:4219",
    "language" => "en",
    "linkedid" => "1744304808.321",
    "mes" => "85.4",
    "priority" => "1",
    "privilege" => "reporting,all",
    "pt" => "201(RR)",
    "report0cumulativelost" => "0",
    "report0dlsr" => "0.0000",
    "report0fractionlost" => "0",
    "report0highestsequence" => "0",
    "report0iajitter" => "0",
    "report0lsr" => "0",
    "report0sequencenumbercycles" => "0",
    "report0sourcessrc" => "0x00000000",
    "reportcount" => "1",
    "rtt" => "0.0000",
    "ssrc" => "0x00000000",
    "to" => "192.168.0.16:12493",
    "uniqueid" => "1744304808.322"
  },
  variables: %{}
}
[2025-04-10 17:06:52.393495Z] %ElixirAmi.Event{
  event: "newstate",
  source: :asterisk_connection,
  action_id: nil,
  keys: %{
    "accountcode" => "",
    "calleridname" => "102",
    "calleridnum" => "102",
    "channel" => "PJSIP/102-000000d7",
    "channelstate" => "6",
    "channelstatedesc" => "Up",
    "connectedlinename" => "104",
    "connectedlinenum" => "104",
    "context" => "org_all",
    "exten" => "102",
    "language" => "en",
    "linkedid" => "1744304808.321",
    "priority" => "1",
    "privilege" => "call,all",
    "uniqueid" => "1744304808.322"
  },
  variables: %{}
}
[2025-04-10 17:06:52.393794Z] %ElixirAmi.Event{
  event: "varset",
  source: :asterisk_connection,
  action_id: nil,
  keys: %{
    "accountcode" => "",
    "calleridname" => "104",
    "calleridnum" => "104",
    "channel" => "PJSIP/104-000000d6",
    "channelstate" => "4",
    "channelstatedesc" => "Ring",
    "connectedlinename" => "102",
    "connectedlinenum" => "102",
    "context" => "org_all",
    "exten" => "102",
    "language" => "en",
    "linkedid" => "1744304808.321",
    "priority" => "2",
    "privilege" => "dialplan,all",
    "uniqueid" => "1744304808.321",
    "value" => "ANSWER",
    "variable" => "DIALSTATUS"
  },
  variables: %{}
}
[2025-04-10 17:06:52.393998Z] %ElixirAmi.Event{
  event: "varset",
  source: :asterisk_connection,
  action_id: nil,
  keys: %{
    "accountcode" => "",
    "calleridname" => "104",
    "calleridnum" => "104",
    "channel" => "PJSIP/104-000000d6",
    "channelstate" => "4",
    "channelstatedesc" => "Ring",
    "connectedlinename" => "102",
    "connectedlinenum" => "102",
    "context" => "org_all",
    "exten" => "102",
    "language" => "en",
    "linkedid" => "1744304808.321",
    "priority" => "2",
    "privilege" => "dialplan,all",
    "uniqueid" => "1744304808.321",
    "value" => "PJSIP/102-000000d7",
    "variable" => "DIALEDPEERNAME"
  },
  variables: %{}
}
[2025-04-10 17:06:52.394173Z] %ElixirAmi.Event{
  event: "varset",
  source: :asterisk_connection,
  action_id: nil,
  keys: %{
    "accountcode" => "",
    "calleridname" => "104",
    "calleridnum" => "104",
    "channel" => "PJSIP/104-000000d6",
    "channelstate" => "4",
    "channelstatedesc" => "Ring",
    "connectedlinename" => "102",
    "connectedlinenum" => "102",
    "context" => "org_all",
    "exten" => "102",
    "language" => "en",
    "linkedid" => "1744304808.321",
    "priority" => "2",
    "privilege" => "dialplan,all",
    "uniqueid" => "1744304808.321",
    "value" => "102",
    "variable" => "DIALEDPEERNUMBER"
  },
  variables: %{}
}
[2025-04-10 17:06:52.394624Z] %ElixirAmi.Event{
  event: "dialend",
  source: :asterisk_connection,
  action_id: nil,
  keys: %{
    "accountcode" => "",
    "calleridname" => "104",
    "calleridnum" => "104",
    "channel" => "PJSIP/104-000000d6",
    "channelstate" => "4",
    "channelstatedesc" => "Ring",
    "connectedlinename" => "102",
    "connectedlinenum" => "102",
    "context" => "org_all",
    "destaccountcode" => "",
    "destcalleridname" => "102",
    "destcalleridnum" => "102",
    "destchannel" => "PJSIP/102-000000d7",
    "destchannelstate" => "6",
    "destchannelstatedesc" => "Up",
    "destconnectedlinename" => "104",
    "destconnectedlinenum" => "104",
    "destcontext" => "org_all",
    "destexten" => "",
    "destlanguage" => "en",
    "destlinkedid" => "1744304808.321",
    "destpriority" => "1",
    "destuniqueid" => "1744304808.322",
    "dialstatus" => "ANSWER",
    "exten" => "102",
    "language" => "en",
    "linkedid" => "1744304808.321",
    "priority" => "2",
    "privilege" => "call,all",
    "uniqueid" => "1744304808.321"
  },
  variables: %{}
}
[2025-04-10 17:06:52.394838Z] %ElixirAmi.Event{
  event: "newstate",
  source: :asterisk_connection,
  action_id: nil,
  keys: %{
    "accountcode" => "",
    "calleridname" => "104",
    "calleridnum" => "104",
    "channel" => "PJSIP/104-000000d6",
    "channelstate" => "6",
    "channelstatedesc" => "Up",
    "connectedlinename" => "102",
    "connectedlinenum" => "102",
    "context" => "org_all",
    "exten" => "102",
    "language" => "en",
    "linkedid" => "1744304808.321",
    "priority" => "2",
    "privilege" => "call,all",
    "uniqueid" => "1744304808.321"
  },
  variables: %{}
}
[2025-04-10 17:06:52.395206Z] %ElixirAmi.Event{
  event: "newexten",
  source: :asterisk_connection,
  action_id: nil,
  keys: %{
    "accountcode" => "",
    "appdata" => "(Outgoing Line)",
    "application" => "AppDial",
    "calleridname" => "102",
    "calleridnum" => "102",
    "channel" => "PJSIP/102-000000d7",
    "channelstate" => "6",
    "channelstatedesc" => "Up",
    "connectedlinename" => "104",
    "connectedlinenum" => "104",
    "context" => "org_all",
    "exten" => "",
    "extension" => "",
    "language" => "en",
    "linkedid" => "1744304808.321",
    "priority" => "1",
    "privilege" => "dialplan,all",
    "uniqueid" => "1744304808.322"
  },
  variables: %{}
}
[2025-04-10 17:06:52.395594Z] %ElixirAmi.Event{
  event: "bridgeenter",
  source: :asterisk_connection,
  action_id: nil,
  keys: %{
    "accountcode" => "",
    "bridgecreator" => "<unknown>",
    "bridgename" => "<unknown>",
    "bridgenumchannels" => "1",
    "bridgetechnology" => "simple_bridge",
    "bridgetype" => "basic",
    "bridgeuniqueid" => "a5d9664d-bdcf-440a-b1df-9adf5aaa7bf3",
    "bridgevideosourcemode" => "none",
    "calleridname" => "102",
    "calleridnum" => "102",
    "channel" => "PJSIP/102-000000d7",
    "channelstate" => "6",
    "channelstatedesc" => "Up",
    "connectedlinename" => "104",
    "connectedlinenum" => "104",
    "context" => "org_all",
    "exten" => "",
    "language" => "en",
    "linkedid" => "1744304808.321",
    "priority" => "1",
    "privilege" => "call,all",
    "uniqueid" => "1744304808.322"
  },
  variables: %{}
}
[2025-04-10 17:06:52.395865Z] %ElixirAmi.Event{
  event: "bridgeenter",
  source: :asterisk_connection,
  action_id: nil,
  keys: %{
    "accountcode" => "",
    "bridgecreator" => "<unknown>",
    "bridgename" => "<unknown>",
    "bridgenumchannels" => "2",
    "bridgetechnology" => "simple_bridge",
    "bridgetype" => "basic",
    "bridgeuniqueid" => "a5d9664d-bdcf-440a-b1df-9adf5aaa7bf3",
    "bridgevideosourcemode" => "none",
    "calleridname" => "104",
    "calleridnum" => "104",
    "channel" => "PJSIP/104-000000d6",
    "channelstate" => "6",
    "channelstatedesc" => "Up",
    "connectedlinename" => "102",
    "connectedlinenum" => "102",
    "context" => "org_all",
    "exten" => "102",
    "language" => "en",
    "linkedid" => "1744304808.321",
    "priority" => "2",
    "privilege" => "call,all",
    "uniqueid" => "1744304808.321"
  },
  variables: %{}
}
[2025-04-10 17:06:52.396160Z] %ElixirAmi.Event{
  event: "varset",
  source: :asterisk_connection,
  action_id: nil,
  keys: %{
    "accountcode" => "",
    "calleridname" => "104",
    "calleridnum" => "104",
    "channel" => "PJSIP/104-000000d6",
    "channelstate" => "6",
    "channelstatedesc" => "Up",
    "connectedlinename" => "102",
    "connectedlinenum" => "102",
    "context" => "org_all",
    "exten" => "102",
    "language" => "en",
    "linkedid" => "1744304808.321",
    "priority" => "2",
    "privilege" => "dialplan,all",
    "uniqueid" => "1744304808.321",
    "value" => "PJSIP/102-000000d7",
    "variable" => "BRIDGEPEER"
  },
  variables: %{}
}
[2025-04-10 17:06:52.396457Z] %ElixirAmi.Event{
  event: "varset",
  source: :asterisk_connection,
  action_id: nil,
  keys: %{
    "accountcode" => "",
    "calleridname" => "104",
    "calleridnum" => "104",
    "channel" => "PJSIP/104-000000d6",
    "channelstate" => "6",
    "channelstatedesc" => "Up",
    "connectedlinename" => "102",
    "connectedlinenum" => "102",
    "context" => "org_all",
    "exten" => "102",
    "language" => "en",
    "linkedid" => "1744304808.321",
    "priority" => "2",
    "privilege" => "dialplan,all",
    "uniqueid" => "1744304808.321",
    "value" => "2a5ac959-b390-4759-8f51-62ca6390d5a1",
    "variable" => "BRIDGEPVTCALLID"
  },
  variables: %{}
}
[2025-04-10 17:06:52.396720Z] %ElixirAmi.Event{
  event: "varset",
  source: :asterisk_connection,
  action_id: nil,
  keys: %{
    "accountcode" => "",
    "calleridname" => "102",
    "calleridnum" => "102",
    "channel" => "PJSIP/102-000000d7",
    "channelstate" => "6",
    "channelstatedesc" => "Up",
    "connectedlinename" => "104",
    "connectedlinenum" => "104",
    "context" => "org_all",
    "exten" => "",
    "language" => "en",
    "linkedid" => "1744304808.321",
    "priority" => "1",
    "privilege" => "dialplan,all",
    "uniqueid" => "1744304808.322",
    "value" => "PJSIP/104-000000d6",
    "variable" => "BRIDGEPEER"
  },
  variables: %{}
}
[2025-04-10 17:06:52.396862Z] %ElixirAmi.Event{
  event: "varset",
  source: :asterisk_connection,
  action_id: nil,
  keys: %{
    "accountcode" => "",
    "calleridname" => "102",
    "calleridnum" => "102",
    "channel" => "PJSIP/102-000000d7",
    "channelstate" => "6",
    "channelstatedesc" => "Up",
    "connectedlinename" => "104",
    "connectedlinenum" => "104",
    "context" => "org_all",
    "exten" => "",
    "language" => "en",
    "linkedid" => "1744304808.321",
    "priority" => "1",
    "privilege" => "dialplan,all",
    "uniqueid" => "1744304808.322",
    "value" => "08e7f9f5706142039c5acc0ba2f2d9f4",
    "variable" => "BRIDGEPVTCALLID"
  },
  variables: %{}
}
[2025-04-10 17:06:52.397113Z] %ElixirAmi.Event{
  event: "varset",
  source: :asterisk_connection,
  action_id: nil,
  keys: %{
    "accountcode" => "",
    "calleridname" => "104",
    "calleridnum" => "104",
    "channel" => "PJSIP/104-000000d6",
    "channelstate" => "6",
    "channelstatedesc" => "Up",
    "connectedlinename" => "102",
    "connectedlinenum" => "102",
    "context" => "org_all",
    "exten" => "102",
    "language" => "en",
    "linkedid" => "1744304808.321",
    "priority" => "2",
    "privilege" => "dialplan,all",
    "uniqueid" => "1744304808.321",
    "value" => "PJSIP/102-000000d7",
    "variable" => "BRIDGEPEER"
  },
  variables: %{}
}
[2025-04-10 17:06:52.397331Z] %ElixirAmi.Event{
  event: "varset",
  source: :asterisk_connection,
  action_id: nil,
  keys: %{
    "accountcode" => "",
    "calleridname" => "104",
    "calleridnum" => "104",
    "channel" => "PJSIP/104-000000d6",
    "channelstate" => "6",
    "channelstatedesc" => "Up",
    "connectedlinename" => "102",
    "connectedlinenum" => "102",
    "context" => "org_all",
    "exten" => "102",
    "language" => "en",
    "linkedid" => "1744304808.321",
    "priority" => "2",
    "privilege" => "dialplan,all",
    "uniqueid" => "1744304808.321",
    "value" => "2a5ac959-b390-4759-8f51-62ca6390d5a1",
    "variable" => "BRIDGEPVTCALLID"
  },
  variables: %{}
}
[2025-04-10 17:06:52.397521Z] %ElixirAmi.Event{
  event: "varset",
  source: :asterisk_connection,
  action_id: nil,
  keys: %{
    "accountcode" => "",
    "calleridname" => "102",
    "calleridnum" => "102",
    "channel" => "PJSIP/102-000000d7",
    "channelstate" => "6",
    "channelstatedesc" => "Up",
    "connectedlinename" => "104",
    "connectedlinenum" => "104",
    "context" => "org_all",
    "exten" => "",
    "language" => "en",
    "linkedid" => "1744304808.321",
    "priority" => "1",
    "privilege" => "dialplan,all",
    "uniqueid" => "1744304808.322",
    "value" => "PJSIP/104-000000d6",
    "variable" => "BRIDGEPEER"
  },
  variables: %{}
}
[2025-04-10 17:06:52.397718Z] %ElixirAmi.Event{
  event: "varset",
  source: :asterisk_connection,
  action_id: nil,
  keys: %{
    "accountcode" => "",
    "calleridname" => "102",
    "calleridnum" => "102",
    "channel" => "PJSIP/102-000000d7",
    "channelstate" => "6",
    "channelstatedesc" => "Up",
    "connectedlinename" => "104",
    "connectedlinenum" => "104",
    "context" => "org_all",
    "exten" => "",
    "language" => "en",
    "linkedid" => "1744304808.321",
    "priority" => "1",
    "privilege" => "dialplan,all",
    "uniqueid" => "1744304808.322",
    "value" => "08e7f9f5706142039c5acc0ba2f2d9f4",
    "variable" => "BRIDGEPVTCALLID"
  },
  variables: %{}
}
[2025-04-10 17:06:52.397910Z] %ElixirAmi.Event{
  event: "varset",
  source: :asterisk_connection,
  action_id: nil,
  keys: %{
    "accountcode" => "",
    "calleridname" => "104",
    "calleridnum" => "104",
    "channel" => "PJSIP/104-000000d6",
    "channelstate" => "6",
    "channelstatedesc" => "Up",
    "connectedlinename" => "102",
    "connectedlinenum" => "102",
    "context" => "org_all",
    "exten" => "102",
    "language" => "en",
    "linkedid" => "1744304808.321",
    "priority" => "2",
    "privilege" => "dialplan,all",
    "uniqueid" => "1744304808.321",
    "value" => "PJSIP/102-000000d7",
    "variable" => "BRIDGEPEER"
  },
  variables: %{}
}
[2025-04-10 17:06:52.398096Z] %ElixirAmi.Event{
  event: "varset",
  source: :asterisk_connection,
  action_id: nil,
  keys: %{
    "accountcode" => "",
    "calleridname" => "104",
    "calleridnum" => "104",
    "channel" => "PJSIP/104-000000d6",
    "channelstate" => "6",
    "channelstatedesc" => "Up",
    "connectedlinename" => "102",
    "connectedlinenum" => "102",
    "context" => "org_all",
    "exten" => "102",
    "language" => "en",
    "linkedid" => "1744304808.321",
    "priority" => "2",
    "privilege" => "dialplan,all",
    "uniqueid" => "1744304808.321",
    "value" => "2a5ac959-b390-4759-8f51-62ca6390d5a1",
    "variable" => "BRIDGEPVTCALLID"
  },
  variables: %{}
}
[2025-04-10 17:06:52.398250Z] %ElixirAmi.Event{
  event: "varset",
  source: :asterisk_connection,
  action_id: nil,
  keys: %{
    "accountcode" => "",
    "calleridname" => "102",
    "calleridnum" => "102",
    "channel" => "PJSIP/102-000000d7",
    "channelstate" => "6",
    "channelstatedesc" => "Up",
    "connectedlinename" => "104",
    "connectedlinenum" => "104",
    "context" => "org_all",
    "exten" => "",
    "language" => "en",
    "linkedid" => "1744304808.321",
    "priority" => "1",
    "privilege" => "dialplan,all",
    "uniqueid" => "1744304808.322",
    "value" => "PJSIP/104-000000d6",
    "variable" => "BRIDGEPEER"
  },
  variables: %{}
}
[2025-04-10 17:06:52.398389Z] %ElixirAmi.Event{
  event: "varset",
  source: :asterisk_connection,
  action_id: nil,
  keys: %{
    "accountcode" => "",
    "calleridname" => "102",
    "calleridnum" => "102",
    "channel" => "PJSIP/102-000000d7",
    "channelstate" => "6",
    "channelstatedesc" => "Up",
    "connectedlinename" => "104",
    "connectedlinenum" => "104",
    "context" => "org_all",
    "exten" => "",
    "language" => "en",
    "linkedid" => "1744304808.321",
    "priority" => "1",
    "privilege" => "dialplan,all",
    "uniqueid" => "1744304808.322",
    "value" => "08e7f9f5706142039c5acc0ba2f2d9f4",
    "variable" => "BRIDGEPVTCALLID"
  },
  variables: %{}
}
[2025-04-10 17:06:52.398656Z] %ElixirAmi.Event{
  event: "rtcpreceived",
  source: :asterisk_connection,
  action_id: nil,
  keys: %{
    "accountcode" => "",
    "calleridname" => "104",
    "calleridnum" => "104",
    "channel" => "PJSIP/104-000000d6",
    "channelstate" => "6",
    "channelstatedesc" => "Up",
    "connectedlinename" => "102",
    "connectedlinenum" => "102",
    "context" => "org_all",
    "exten" => "102",
    "from" => "192.168.0.16:4037",
    "language" => "en",
    "linkedid" => "1744304808.321",
    "mes" => "85.4",
    "priority" => "2",
    "privilege" => "reporting,all",
    "pt" => "201(RR)",
    "report0cumulativelost" => "0",
    "report0dlsr" => "0.0000",
    "report0fractionlost" => "0",
    "report0highestsequence" => "0",
    "report0iajitter" => "0",
    "report0lsr" => "0",
    "report0sequencenumbercycles" => "0",
    "report0sourcessrc" => "0x00000000",
    "reportcount" => "1",
    "rtt" => "0.0000",
    "ssrc" => "0x00000000",
    "to" => "192.168.0.16:16953",
    "uniqueid" => "1744304808.321"
  },
  variables: %{}
}
[2025-04-10 17:06:52.399019Z] %ElixirAmi.Event{
  event: "rtcpreceived",
  source: :asterisk_connection,
  action_id: nil,
  keys: %{
    "accountcode" => "",
    "calleridname" => "104",
    "calleridnum" => "104",
    "channel" => "PJSIP/104-000000d6",
    "channelstate" => "6",
    "channelstatedesc" => "Up",
    "connectedlinename" => "102",
    "connectedlinenum" => "102",
    "context" => "org_all",
    "exten" => "102",
    "from" => "192.168.0.16:4037",
    "language" => "en",
    "linkedid" => "1744304808.321",
    "mes" => "85.4",
    "priority" => "2",
    "privilege" => "reporting,all",
    "pt" => "201(RR)",
    "report0cumulativelost" => "0",
    "report0dlsr" => "0.0000",
    "report0fractionlost" => "0",
    "report0highestsequence" => "0",
    "report0iajitter" => "0",
    "report0lsr" => "0",
    "report0sequencenumbercycles" => "0",
    "report0sourcessrc" => "0x00000000",
    "reportcount" => "1",
    "rtt" => "0.0000",
    "ssrc" => "0x00000000",
    "to" => "192.168.0.16:16953",
    "uniqueid" => "1744304808.321"
  },
  variables: %{}
}
[2025-04-10 17:06:52.400032Z] %ElixirAmi.Event{
  event: "varset",
  source: :asterisk_connection,
  action_id: nil,
  keys: %{
    "accountcode" => "",
    "calleridname" => "104",
    "calleridnum" => "104",
    "channel" => "PJSIP/104-000000d6",
    "channelstate" => "6",
    "channelstatedesc" => "Up",
    "connectedlinename" => "102",
    "connectedlinenum" => "102",
    "context" => "org_all",
    "exten" => "102",
    "language" => "en",
    "linkedid" => "1744304808.321",
    "priority" => "2",
    "privilege" => "dialplan,all",
    "uniqueid" => "1744304808.321",
    "value" => "/home/rawmn/AsteriskConnector/priv/recordings/104_102_2025-04-101744304808.321.wav",
    "variable" => "MIXMONITOR_FILENAME"
  },
  variables: %{}
}
[2025-04-10 17:06:52.400544Z] %ElixirAmi.Event{
  event: "mixmonitorstart",
  source: :asterisk_connection,
  action_id: nil,
  keys: %{
    "accountcode" => "",
    "calleridname" => "104",
    "calleridnum" => "104",
    "channel" => "PJSIP/104-000000d6",
    "channelstate" => "6",
    "channelstatedesc" => "Up",
    "connectedlinename" => "102",
    "connectedlinenum" => "102",
    "context" => "org_all",
    "exten" => "102",
    "language" => "en",
    "linkedid" => "1744304808.321",
    "priority" => "2",
    "privilege" => "call,all",
    "uniqueid" => "1744304808.321"
  },
  variables: %{}
}
[2025-04-10 17:06:52.400637Z] %ElixirAmi.Event{
  event: "varset",
  source: :asterisk_connection,
  action_id: nil,
  keys: %{
    "accountcode" => "",
    "calleridname" => "104",
    "calleridnum" => "104",
    "channel" => "PJSIP/104-000000d6",
    "channelstate" => "6",
    "channelstatedesc" => "Up",
    "connectedlinename" => "102",
    "connectedlinenum" => "102",
    "context" => "org_all",
    "exten" => "102",
    "language" => "en",
    "linkedid" => "1744304808.321",
    "priority" => "2",
    "privilege" => "dialplan,all",
    "uniqueid" => "1744304808.321",
    "value" => "PJSIP/102-000000d7",
    "variable" => "BRIDGEPEER"
  },
  variables: %{}
}
[2025-04-10 17:06:52.400752Z] %ElixirAmi.Event{
  event: "varset",
  source: :asterisk_connection,
  action_id: nil,
  keys: %{
    "accountcode" => "",
    "calleridname" => "104",
    "calleridnum" => "104",
    "channel" => "PJSIP/104-000000d6",
    "channelstate" => "6",
    "channelstatedesc" => "Up",
    "connectedlinename" => "102",
    "connectedlinenum" => "102",
    "context" => "org_all",
    "exten" => "102",
    "language" => "en",
    "linkedid" => "1744304808.321",
    "priority" => "2",
    "privilege" => "dialplan,all",
    "uniqueid" => "1744304808.321",
    "value" => "2a5ac959-b390-4759-8f51-62ca6390d5a1",
    "variable" => "BRIDGEPVTCALLID"
  },
  variables: %{}
}
[2025-04-10 17:06:52.400907Z] %ElixirAmi.Event{
  event: "varset",
  source: :asterisk_connection,
  action_id: nil,
  keys: %{
    "accountcode" => "",
    "calleridname" => "102",
    "calleridnum" => "102",
    "channel" => "PJSIP/102-000000d7",
    "channelstate" => "6",
    "channelstatedesc" => "Up",
    "connectedlinename" => "104",
    "connectedlinenum" => "104",
    "context" => "org_all",
    "exten" => "",
    "language" => "en",
    "linkedid" => "1744304808.321",
    "priority" => "1",
    "privilege" => "dialplan,all",
    "uniqueid" => "1744304808.322",
    "value" => "PJSIP/104-000000d6",
    "variable" => "BRIDGEPEER"
  },
  variables: %{}
}
[2025-04-10 17:06:52.401056Z] %ElixirAmi.Event{
  event: "varset",
  source: :asterisk_connection,
  action_id: nil,
  keys: %{
    "accountcode" => "",
    "calleridname" => "102",
    "calleridnum" => "102",
    "channel" => "PJSIP/102-000000d7",
    "channelstate" => "6",
    "channelstatedesc" => "Up",
    "connectedlinename" => "104",
    "connectedlinenum" => "104",
    "context" => "org_all",
    "exten" => "",
    "language" => "en",
    "linkedid" => "1744304808.321",
    "priority" => "1",
    "privilege" => "dialplan,all",
    "uniqueid" => "1744304808.322",
    "value" => "08e7f9f5706142039c5acc0ba2f2d9f4",
    "variable" => "BRIDGEPVTCALLID"
  },
  variables: %{}
}
[2025-04-10 17:06:52.401282Z] %ElixirAmi.Event{
  event: "varset",
  source: :asterisk_connection,
  action_id: nil,
  keys: %{
    "accountcode" => "",
    "calleridname" => "104",
    "calleridnum" => "104",
    "channel" => "PJSIP/104-000000d6",
    "channelstate" => "6",
    "channelstatedesc" => "Up",
    "connectedlinename" => "102",
    "connectedlinenum" => "102",
    "context" => "org_all",
    "exten" => "102",
    "language" => "en",
    "linkedid" => "1744304808.321",
    "priority" => "2",
    "privilege" => "dialplan,all",
    "uniqueid" => "1744304808.321",
    "value" => "PJSIP/102-000000d7",
    "variable" => "BRIDGEPEER"
  },
  variables: %{}
}
[2025-04-10 17:06:52.401505Z] %ElixirAmi.Event{
  event: "varset",
  source: :asterisk_connection,
  action_id: nil,
  keys: %{
    "accountcode" => "",
    "calleridname" => "104",
    "calleridnum" => "104",
    "channel" => "PJSIP/104-000000d6",
    "channelstate" => "6",
    "channelstatedesc" => "Up",
    "connectedlinename" => "102",
    "connectedlinenum" => "102",
    "context" => "org_all",
    "exten" => "102",
    "language" => "en",
    "linkedid" => "1744304808.321",
    "priority" => "2",
    "privilege" => "dialplan,all",
    "uniqueid" => "1744304808.321",
    "value" => "2a5ac959-b390-4759-8f51-62ca6390d5a1",
    "variable" => "BRIDGEPVTCALLID"
  },
  variables: %{}
}
[2025-04-10 17:06:52.401706Z] %ElixirAmi.Event{
  event: "varset",
  source: :asterisk_connection,
  action_id: nil,
  keys: %{
    "accountcode" => "",
    "calleridname" => "102",
    "calleridnum" => "102",
    "channel" => "PJSIP/102-000000d7",
    "channelstate" => "6",
    "channelstatedesc" => "Up",
    "connectedlinename" => "104",
    "connectedlinenum" => "104",
    "context" => "org_all",
    "exten" => "",
    "language" => "en",
    "linkedid" => "1744304808.321",
    "priority" => "1",
    "privilege" => "dialplan,all",
    "uniqueid" => "1744304808.322",
    "value" => "PJSIP/104-000000d6",
    "variable" => "BRIDGEPEER"
  },
  variables: %{}
}
[2025-04-10 17:06:52.401900Z] %ElixirAmi.Event{
  event: "varset",
  source: :asterisk_connection,
  action_id: nil,
  keys: %{
    "accountcode" => "",
    "calleridname" => "102",
    "calleridnum" => "102",
    "channel" => "PJSIP/102-000000d7",
    "channelstate" => "6",
    "channelstatedesc" => "Up",
    "connectedlinename" => "104",
    "connectedlinenum" => "104",
    "context" => "org_all",
    "exten" => "",
    "language" => "en",
    "linkedid" => "1744304808.321",
    "priority" => "1",
    "privilege" => "dialplan,all",
    "uniqueid" => "1744304808.322",
    "value" => "08e7f9f5706142039c5acc0ba2f2d9f4",
    "variable" => "BRIDGEPVTCALLID"
  },
  variables: %{}
}
[2025-04-10 17:06:52.402099Z] %ElixirAmi.Event{
  event: "varset",
  source: :asterisk_connection,
  action_id: nil,
  keys: %{
    "accountcode" => "",
    "calleridname" => "104",
    "calleridnum" => "104",
    "channel" => "PJSIP/104-000000d6",
    "channelstate" => "6",
    "channelstatedesc" => "Up",
    "connectedlinename" => "102",
    "connectedlinenum" => "102",
    "context" => "org_all",
    "exten" => "102",
    "language" => "en",
    "linkedid" => "1744304808.321",
    "priority" => "2",
    "privilege" => "dialplan,all",
    "uniqueid" => "1744304808.321",
    "value" => "PJSIP/102-000000d7",
    "variable" => "BRIDGEPEER"
  },
  variables: %{}
}
[2025-04-10 17:06:52.402298Z] %ElixirAmi.Event{
  event: "varset",
  source: :asterisk_connection,
  action_id: nil,
  keys: %{
    "accountcode" => "",
    "calleridname" => "104",
    "calleridnum" => "104",
    "channel" => "PJSIP/104-000000d6",
    "channelstate" => "6",
    "channelstatedesc" => "Up",
    "connectedlinename" => "102",
    "connectedlinenum" => "102",
    "context" => "org_all",
    "exten" => "102",
    "language" => "en",
    "linkedid" => "1744304808.321",
    "priority" => "2",
    "privilege" => "dialplan,all",
    "uniqueid" => "1744304808.321",
    "value" => "2a5ac959-b390-4759-8f51-62ca6390d5a1",
    "variable" => "BRIDGEPVTCALLID"
  },
  variables: %{}
}
[2025-04-10 17:06:52.402513Z] %ElixirAmi.Event{
  event: "varset",
  source: :asterisk_connection,
  action_id: nil,
  keys: %{
    "accountcode" => "",
    "calleridname" => "102",
    "calleridnum" => "102",
    "channel" => "PJSIP/102-000000d7",
    "channelstate" => "6",
    "channelstatedesc" => "Up",
    "connectedlinename" => "104",
    "connectedlinenum" => "104",
    "context" => "org_all",
    "exten" => "",
    "language" => "en",
    "linkedid" => "1744304808.321",
    "priority" => "1",
    "privilege" => "dialplan,all",
    "uniqueid" => "1744304808.322",
    "value" => "PJSIP/104-000000d6",
    "variable" => "BRIDGEPEER"
  },
  variables: %{}
}
[2025-04-10 17:06:52.402726Z] %ElixirAmi.Event{
  event: "varset",
  source: :asterisk_connection,
  action_id: nil,
  keys: %{
    "accountcode" => "",
    "calleridname" => "102",
    "calleridnum" => "102",
    "channel" => "PJSIP/102-000000d7",
    "channelstate" => "6",
    "channelstatedesc" => "Up",
    "connectedlinename" => "104",
    "connectedlinenum" => "104",
    "context" => "org_all",
    "exten" => "",
    "language" => "en",
    "linkedid" => "1744304808.321",
    "priority" => "1",
    "privilege" => "dialplan,all",
    "uniqueid" => "1744304808.322",
    "value" => "08e7f9f5706142039c5acc0ba2f2d9f4",
    "variable" => "BRIDGEPVTCALLID"
  },
  variables: %{}
}
[2025-04-10 17:06:52.410741Z] %ElixirAmi.Event{
  event: "varset",
  source: :asterisk_connection,
  action_id: nil,
  keys: %{
    "accountcode" => "",
    "calleridname" => "104",
    "calleridnum" => "104",
    "channel" => "PJSIP/104-000000d6",
    "channelstate" => "6",
    "channelstatedesc" => "Up",
    "connectedlinename" => "102",
    "connectedlinenum" => "102",
    "context" => "org_all",
    "exten" => "102",
    "language" => "en",
    "linkedid" => "1744304808.321",
    "priority" => "2",
    "privilege" => "dialplan,all",
    "uniqueid" => "1744304808.321",
    "value" => "PJSIP/102-000000d7",
    "variable" => "BRIDGEPEER"
  },
  variables: %{}
}
[2025-04-10 17:06:52.411062Z] %ElixirAmi.Event{
  event: "varset",
  source: :asterisk_connection,
  action_id: nil,
  keys: %{
    "accountcode" => "",
    "calleridname" => "104",
    "calleridnum" => "104",
    "channel" => "PJSIP/104-000000d6",
    "channelstate" => "6",
    "channelstatedesc" => "Up",
    "connectedlinename" => "102",
    "connectedlinenum" => "102",
    "context" => "org_all",
    "exten" => "102",
    "language" => "en",
    "linkedid" => "1744304808.321",
    "priority" => "2",
    "privilege" => "dialplan,all",
    "uniqueid" => "1744304808.321",
    "value" => "2a5ac959-b390-4759-8f51-62ca6390d5a1",
    "variable" => "BRIDGEPVTCALLID"
  },
  variables: %{}
}
[2025-04-10 17:06:52.411268Z] %ElixirAmi.Event{
  event: "varset",
  source: :asterisk_connection,
  action_id: nil,
  keys: %{
    "accountcode" => "",
    "calleridname" => "102",
    "calleridnum" => "102",
    "channel" => "PJSIP/102-000000d7",
    "channelstate" => "6",
    "channelstatedesc" => "Up",
    "connectedlinename" => "104",
    "connectedlinenum" => "104",
    "context" => "org_all",
    "exten" => "",
    "language" => "en",
    "linkedid" => "1744304808.321",
    "priority" => "1",
    "privilege" => "dialplan,all",
    "uniqueid" => "1744304808.322",
    "value" => "PJSIP/104-000000d6",
    "variable" => "BRIDGEPEER"
  },
  variables: %{}
}
[2025-04-10 17:06:52.411437Z] %ElixirAmi.Event{
  event: "varset",
  source: :asterisk_connection,
  action_id: nil,
  keys: %{
    "accountcode" => "",
    "calleridname" => "102",
    "calleridnum" => "102",
    "channel" => "PJSIP/102-000000d7",
    "channelstate" => "6",
    "channelstatedesc" => "Up",
    "connectedlinename" => "104",
    "connectedlinenum" => "104",
    "context" => "org_all",
    "exten" => "",
    "language" => "en",
    "linkedid" => "1744304808.321",
    "priority" => "1",
    "privilege" => "dialplan,all",
    "uniqueid" => "1744304808.322",
    "value" => "08e7f9f5706142039c5acc0ba2f2d9f4",
    "variable" => "BRIDGEPVTCALLID"
  },
  variables: %{}
}
[2025-04-10 17:06:52.587224Z] %ElixirAmi.Event{
  event: "rtcpreceived",
  source: :asterisk_connection,
  action_id: nil,
  keys: %{
    "pt" => "200(SR)",
    "report0highestsequence" => "21229",
    "mes" => "85.4",
    "privilege" => "reporting,all",
    "channelstatedesc" => "Up",
    "uniqueid" => "1744304808.321",
    "sentntp" => "1744330012.193538",
    "report0fractionlost" => "0",
    "sentpackets" => "9",
    "report0lsr" => "0",
    "linkedid" => "1744304808.321",
    "ssrc" => "0xeba2db9c",
    "exten" => "102",
    "channel" => "PJSIP/104-000000d6",
    "report0iajitter" => "0",
    "sentrtp" => "1544",
    "context" => "org_all",
    "connectedlinename" => "102",
    "priority" => "2",
    "rtt" => "0.0000",
    "to" => "192.168.0.16:16953",
    "reportcount" => "1",
    "language" => "en",
    "sentoctets" => "1440",
    "calleridname" => "104",
    "from" => "192.168.0.16:4037",
    "report0cumulativelost" => "0",
    "report0sequencenumbercycles" => "0",
    "calleridnum" => "104",
    "channelstate" => "6",
    "accountcode" => "",
    "report0dlsr" => "0.0000",
    "report0sourcessrc" => "0x3ecbfb35",
    "connectedlinenum" => "102"
  },
  variables: %{}
}
[2025-04-10 17:06:52.591396Z] %ElixirAmi.Event{
  event: "rtcpreceived",
  source: :asterisk_connection,
  action_id: nil,
  keys: %{
    "pt" => "200(SR)",
    "report0highestsequence" => "13637",
    "mes" => "85.4",
    "privilege" => "reporting,all",
    "channelstatedesc" => "Up",
    "uniqueid" => "1744304808.322",
    "sentntp" => "1744330012.199397",
    "report0fractionlost" => "0",
    "sentpackets" => "10",
    "report0lsr" => "0",
    "linkedid" => "1744304808.321",
    "ssrc" => "0xeba2db9c",
    "exten" => "",
    "channel" => "PJSIP/102-000000d7",
    "report0iajitter" => "0",
    "sentrtp" => "1592",
    "context" => "org_all",
    "connectedlinename" => "104",
    "priority" => "1",
    "rtt" => "0.0000",
    "to" => "192.168.0.16:12493",
    "reportcount" => "1",
    "language" => "en",
    "sentoctets" => "1600",
    "calleridname" => "102",
    "from" => "192.168.0.16:4219",
    "report0cumulativelost" => "0",
    "report0sequencenumbercycles" => "0",
    "calleridnum" => "102",
    "channelstate" => "6",
    "accountcode" => "",
    "report0dlsr" => "0.0000",
    "report0sourcessrc" => "0x25165d0d",
    "connectedlinenum" => "104"
  },
  variables: %{}
}
[2025-04-10 17:06:57.052883Z] %ElixirAmi.Event{
  event: "rtcpreceived",
  source: :asterisk_connection,
  action_id: nil,
  keys: %{
    "pt" => "200(SR)",
    "report0highestsequence" => "21452",
    "mes" => "85.4",
    "privilege" => "reporting,all",
    "channelstatedesc" => "Up",
    "uniqueid" => "1744304808.321",
    "sentntp" => "1744330016.659171",
    "report0fractionlost" => "0",
    "sentpackets" => "232",
    "report0lsr" => "0",
    "linkedid" => "1744304808.321",
    "ssrc" => "0xeba2dba0",
    "exten" => "102",
    "channel" => "PJSIP/104-000000d6",
    "report0iajitter" => "6",
    "sentrtp" => "37272",
    "context" => "org_all",
    "connectedlinename" => "102",
    "priority" => "2",
    "rtt" => "0.0000",
    "to" => "192.168.0.16:16953",
    "reportcount" => "1",
    "language" => "en",
    "sentoctets" => "37120",
    "calleridname" => "104",
    "from" => "192.168.0.16:4037",
    "report0cumulativelost" => "0",
    "report0sequencenumbercycles" => "0",
    "calleridnum" => "104",
    "channelstate" => "6",
    "accountcode" => "",
    "report0dlsr" => "0.0000",
    "report0sourcessrc" => "0x3ecbfb35",
    "connectedlinenum" => "102"
  },
  variables: %{}
}
[2025-04-10 17:06:57.249129Z] %ElixirAmi.Event{
  event: "rtcpreceived",
  source: :asterisk_connection,
  action_id: nil,
  keys: %{
    "pt" => "200(SR)",
    "report0highestsequence" => "13869",
    "mes" => "85.4",
    "privilege" => "reporting,all",
    "channelstatedesc" => "Up",
    "uniqueid" => "1744304808.322",
    "sentntp" => "1744330016.856985",
    "report0fractionlost" => "0",
    "sentpackets" => "242",
    "report0lsr" => "0",
    "linkedid" => "1744304808.321",
    "ssrc" => "0xeba2dba0",
    "exten" => "",
    "channel" => "PJSIP/102-000000d7",
    "report0iajitter" => "6",
    "sentrtp" => "38848",
    "context" => "org_all",
    "connectedlinename" => "104",
    "priority" => "1",
    "rtt" => "0.0000",
    "to" => "192.168.0.16:12493",
    "reportcount" => "1",
    "language" => "en",
    "sentoctets" => "38720",
    "calleridname" => "102",
    "from" => "192.168.0.16:4219",
    "report0cumulativelost" => "0",
    "report0sequencenumbercycles" => "0",
    "calleridnum" => "102",
    "channelstate" => "6",
    "accountcode" => "",
    "report0dlsr" => "0.0000",
    "report0sourcessrc" => "0x25165d0d",
    "connectedlinenum" => "104"
  },
  variables: %{}
}
[2025-04-10 17:06:57.408395Z] %ElixirAmi.Event{
  event: "rtcpsent",
  source: :asterisk_connection,
  action_id: nil,
  keys: %{
    "pt" => "200(SR)",
    "report0highestsequence" => "2805",
    "mes" => "85.4",
    "privilege" => "reporting,all",
    "channelstatedesc" => "Up",
    "uniqueid" => "1744304808.322",
    "sentntp" => "1744304817.407982",
    "report0fractionlost" => "0",
    "sentpackets" => "250",
    "report0lsr" => "3684752227",
    "linkedid" => "1744304808.321",
    "ssrc" => "0x25165d0d",
    "exten" => "",
    "channel" => "PJSIP/102-000000d7",
    "report0iajitter" => "6",
    "sentrtp" => "40000",
    "context" => "org_all",
    "connectedlinename" => "104",
    "priority" => "1",
    "to" => "192.168.0.16:4219",
    "reportcount" => "1",
    "language" => "en",
    "sentoctets" => "40000",
    "calleridname" => "102",
    "from" => "192.168.0.16:12493",
    "report0cumulativelost" => "0",
    "report0sequencenumbercycles" => "0",
    "calleridnum" => "102",
    "channelstate" => "6",
    "accountcode" => "",
    "report0dlsr" => "0.1590",
    "report0sourcessrc" => "0x412f59be",
    "connectedlinenum" => "104"
  },
  variables: %{}
}
[2025-04-10 17:06:57.408937Z] %ElixirAmi.Event{
  event: "rtcpsent",
  source: :asterisk_connection,
  action_id: nil,
  keys: %{
    "pt" => "200(SR)",
    "report0highestsequence" => "8133",
    "mes" => "85.4",
    "privilege" => "reporting,all",
    "channelstatedesc" => "Up",
    "uniqueid" => "1744304808.321",
    "sentntp" => "1744304817.408000",
    "report0fractionlost" => "0",
    "sentpackets" => "251",
    "report0lsr" => "3684739263",
    "linkedid" => "1744304808.321",
    "ssrc" => "0x3ecbfb35",
    "exten" => "102",
    "channel" => "PJSIP/104-000000d6",
    "report0iajitter" => "6",
    "sentrtp" => "40160",
    "context" => "org_all",
    "connectedlinename" => "102",
    "priority" => "2",
    "to" => "192.168.0.16:4037",
    "reportcount" => "1",
    "language" => "en",
    "sentoctets" => "40160",
    "calleridname" => "104",
    "from" => "192.168.0.16:16953",
    "report0cumulativelost" => "0",
    "report0sequencenumbercycles" => "0",
    "calleridnum" => "104",
    "channelstate" => "6",
    "accountcode" => "",
    "report0dlsr" => "0.3550",
    "report0sourcessrc" => "0x4d392b7c",
    "connectedlinenum" => "102"
  },
  variables: %{}
}
[2025-04-10 17:06:58.983462Z] %ElixirAmi.Event{
  event: "rtcpreceived",
  source: :asterisk_connection,
  action_id: nil,
  keys: %{
    "pt" => "200(SR)",
    "report0highestsequence" => "13956",
    "mes" => "85.4",
    "privilege" => "reporting,all",
    "channelstatedesc" => "Up",
    "uniqueid" => "1744304808.322",
    "sentntp" => "1744330018.591176",
    "report0fractionlost" => "0",
    "sentpackets" => "329",
    "report0lsr" => "2033281137",
    "linkedid" => "1744304808.321",
    "ssrc" => "0xeba2dba2",
    "exten" => "",
    "channel" => "PJSIP/102-000000d7",
    "report0iajitter" => "7",
    "sentrtp" => "52728",
    "context" => "org_all",
    "connectedlinename" => "104",
    "priority" => "1",
    "rtt" => "0.0001",
    "to" => "192.168.0.16:12493",
    "reportcount" => "1",
    "language" => "en",
    "sentoctets" => "52640",
    "calleridname" => "102",
    "from" => "192.168.0.16:4219",
    "report0cumulativelost" => "0",
    "report0sequencenumbercycles" => "0",
    "calleridnum" => "102",
    "channelstate" => "6",
    "accountcode" => "",
    "report0dlsr" => "1.5748",
    "report0sourcessrc" => "0x25165d0d",
    "connectedlinenum" => "104"
  },
  variables: %{}
}
[2025-04-10 17:06:58.984156Z] %ElixirAmi.Event{
  event: "rtcpreceived",
  source: :asterisk_connection,
  action_id: nil,
  keys: %{
    "accountcode" => "",
    "calleridname" => "102",
    "calleridnum" => "102",
    "channel" => "PJSIP/102-000000d7",
    "channelstate" => "6",
    "channelstatedesc" => "Up",
    "connectedlinename" => "104",
    "connectedlinenum" => "104",
    "context" => "org_all",
    "exten" => "",
    "from" => "192.168.0.16:4219",
    "language" => "en",
    "linkedid" => "1744304808.321",
    "mes" => "85.4",
    "priority" => "1",
    "privilege" => "reporting,all",
    "pt" => "201(RR)",
    "report0cumulativelost" => "0",
    "report0dlsr" => "1.5748",
    "report0fractionlost" => "0",
    "report0highestsequence" => "13956",
    "report0iajitter" => "7",
    "report0lsr" => "2033281137",
    "report0sequencenumbercycles" => "0",
    "report0sourcessrc" => "0x25165d0d",
    "reportcount" => "1",
    "rtt" => "0.0001",
    "ssrc" => "0x25165d0d",
    "to" => "192.168.0.16:12493",
    "uniqueid" => "1744304808.322"
  },
  variables: %{}
}
[2025-04-10 17:06:58.984445Z] %ElixirAmi.Event{
  event: "varset",
  source: :asterisk_connection,
  action_id: nil,
  keys: %{
    "accountcode" => "",
    "calleridname" => "102",
    "calleridnum" => "102",
    "channel" => "PJSIP/102-000000d7",
    "channelstate" => "6",
    "channelstatedesc" => "Up",
    "connectedlinename" => "104",
    "connectedlinenum" => "104",
    "context" => "org_all",
    "exten" => "",
    "language" => "en",
    "linkedid" => "1744304808.321",
    "priority" => "1",
    "privilege" => "dialplan,all",
    "uniqueid" => "1744304808.322",
    "value" => "ssrc=622222605;themssrc=1093622206;lp=0;rxjitter=0.000875;rxcount=329;txjitter=0.000750;txcount=329;rlp=0;rtt=0.000106;rxmes=85.365381;txmes=85.367289",
    "variable" => "RTPAUDIOQOS"
  },
  variables: %{}
}
[2025-04-10 17:06:58.984652Z] %ElixirAmi.Event{
  event: "varset",
  source: :asterisk_connection,
  action_id: nil,
  keys: %{
    "accountcode" => "",
    "calleridname" => "104",
    "calleridnum" => "104",
    "channel" => "PJSIP/104-000000d6",
    "channelstate" => "6",
    "channelstatedesc" => "Up",
    "connectedlinename" => "102",
    "connectedlinenum" => "102",
    "context" => "org_all",
    "exten" => "102",
    "language" => "en",
    "linkedid" => "1744304808.321",
    "priority" => "2",
    "privilege" => "dialplan,all",
    "uniqueid" => "1744304808.321",
    "value" => "ssrc=622222605;themssrc=1093622206;lp=0;rxjitter=0.000875;rxcount=329;txjitter=0.000750;txcount=329;rlp=0;rtt=0.000106;rxmes=85.365381;txmes=85.367289",
    "variable" => "RTPAUDIOQOSBRIDGED"
  },
  variables: %{}
}
[2025-04-10 17:06:58.984807Z] %ElixirAmi.Event{
  event: "varset",
  source: :asterisk_connection,
  action_id: nil,
  keys: %{
    "accountcode" => "",
    "calleridname" => "102",
    "calleridnum" => "102",
    "channel" => "PJSIP/102-000000d7",
    "channelstate" => "6",
    "channelstatedesc" => "Up",
    "connectedlinename" => "104",
    "connectedlinenum" => "104",
    "context" => "org_all",
    "exten" => "",
    "language" => "en",
    "linkedid" => "1744304808.321",
    "priority" => "1",
    "privilege" => "dialplan,all",
    "uniqueid" => "1744304808.322",
    "value" => "minrxjitter=000.000125;maxrxjitter=000.001000;avgrxjitter=000.000773;stdevrxjitter=000.000136;mintxjitter=000.000000;maxtxjitter=000.000875;avgtxjitter=000.000417;stdevtxjitter=000.000419;",
    "variable" => "RTPAUDIOQOSJITTER"
  },
  variables: %{}
}
[2025-04-10 17:06:58.985113Z] %ElixirAmi.Event{
  event: "varset",
  source: :asterisk_connection,
  action_id: nil,
  keys: %{
    "accountcode" => "",
    "calleridname" => "104",
    "calleridnum" => "104",
    "channel" => "PJSIP/104-000000d6",
    "channelstate" => "6",
    "channelstatedesc" => "Up",
    "connectedlinename" => "102",
    "connectedlinenum" => "102",
    "context" => "org_all",
    "exten" => "102",
    "language" => "en",
    "linkedid" => "1744304808.321",
    "priority" => "2",
    "privilege" => "dialplan,all",
    "uniqueid" => "1744304808.321",
    "value" => "minrxjitter=000.000125;maxrxjitter=000.001000;avgrxjitter=000.000773;stdevrxjitter=000.000136;mintxjitter=000.000000;maxtxjitter=000.000875;avgtxjitter=000.000417;stdevtxjitter=000.000419;",
    "variable" => "RTPAUDIOQOSJITTERBRIDGED"
  },
  variables: %{}
}
[2025-04-10 17:06:58.985446Z] %ElixirAmi.Event{
  event: "varset",
  source: :asterisk_connection,
  action_id: nil,
  keys: %{
    "accountcode" => "",
    "calleridname" => "102",
    "calleridnum" => "102",
    "channel" => "PJSIP/102-000000d7",
    "channelstate" => "6",
    "channelstatedesc" => "Up",
    "connectedlinename" => "104",
    "connectedlinenum" => "104",
    "context" => "org_all",
    "exten" => "",
    "language" => "en",
    "linkedid" => "1744304808.321",
    "priority" => "1",
    "privilege" => "dialplan,all",
    "uniqueid" => "1744304808.322",
    "value" => "minrxlost=000.000000;  maxrxlost=000.000000;  avgrxlost=000.000000;  stdevrxlost=000.000000;  mintxlost=000.000000;  maxtxlost=000.000000;  avgtxlost=000.000000;  stdevtxlost=000.000000;",
    "variable" => "RTPAUDIOQOSLOSS"
  },
  variables: %{}
}
[2025-04-10 17:06:58.985624Z] %ElixirAmi.Event{
  event: "varset",
  source: :asterisk_connection,
  action_id: nil,
  keys: %{
    "accountcode" => "",
    "calleridname" => "104",
    "calleridnum" => "104",
    "channel" => "PJSIP/104-000000d6",
    "channelstate" => "6",
    "channelstatedesc" => "Up",
    "connectedlinename" => "102",
    "connectedlinenum" => "102",
    "context" => "org_all",
    "exten" => "102",
    "language" => "en",
    "linkedid" => "1744304808.321",
    "priority" => "2",
    "privilege" => "dialplan,all",
    "uniqueid" => "1744304808.321",
    "value" => "minrxlost=000.000000;  maxrxlost=000.000000;  avgrxlost=000.000000;  stdevrxlost=000.000000;  mintxlost=000.000000;  maxtxlost=000.000000;  avgtxlost=000.000000;  stdevtxlost=000.000000;",
    "variable" => "RTPAUDIOQOSLOSSBRIDGED"
  },
  variables: %{}
}
[2025-04-10 17:06:58.985907Z] %ElixirAmi.Event{
  event: "varset",
  source: :asterisk_connection,
  action_id: nil,
  keys: %{
    "accountcode" => "",
    "calleridname" => "102",
    "calleridnum" => "102",
    "channel" => "PJSIP/102-000000d7",
    "channelstate" => "6",
    "channelstatedesc" => "Up",
    "connectedlinename" => "104",
    "connectedlinenum" => "104",
    "context" => "org_all",
    "exten" => "",
    "language" => "en",
    "linkedid" => "1744304808.321",
    "priority" => "1",
    "privilege" => "dialplan,all",
    "uniqueid" => "1744304808.322",
    "value" => "minrtt=000.000106;     maxrtt=000.000122;     avgrtt=000.000114;     stdevrtt=000.000008;",
    "variable" => "RTPAUDIOQOSRTT"
  },
  variables: %{}
}
[2025-04-10 17:06:58.986202Z] %ElixirAmi.Event{
  event: "varset",
  source: :asterisk_connection,
  action_id: nil,
  keys: %{
    "accountcode" => "",
    "calleridname" => "104",
    "calleridnum" => "104",
    "channel" => "PJSIP/104-000000d6",
    "channelstate" => "6",
    "channelstatedesc" => "Up",
    "connectedlinename" => "102",
    "connectedlinenum" => "102",
    "context" => "org_all",
    "exten" => "102",
    "language" => "en",
    "linkedid" => "1744304808.321",
    "priority" => "2",
    "privilege" => "dialplan,all",
    "uniqueid" => "1744304808.321",
    "value" => "minrtt=000.000106;     maxrtt=000.000122;     avgrtt=000.000114;     stdevrtt=000.000008;",
    "variable" => "RTPAUDIOQOSRTTBRIDGED"
  },
  variables: %{}
}
[2025-04-10 17:06:58.986482Z] %ElixirAmi.Event{
  event: "varset",
  source: :asterisk_connection,
  action_id: nil,
  keys: %{
    "accountcode" => "",
    "calleridname" => "102",
    "calleridnum" => "102",
    "channel" => "PJSIP/102-000000d7",
    "channelstate" => "6",
    "channelstatedesc" => "Up",
    "connectedlinename" => "104",
    "connectedlinenum" => "104",
    "context" => "org_all",
    "exten" => "",
    "language" => "en",
    "linkedid" => "1744304808.321",
    "priority" => "1",
    "privilege" => "dialplan,all",
    "uniqueid" => "1744304808.322",
    "value" => "minrxmes=085.367289;   maxrxmes=085.367289;   avgrxmes=085.367289;   stdevrxmes=000.000136;   mintxmes=085.365247;   maxtxmes=085.367289;   avgtxmes=085.366630;   stdevtxmes=000.000932;",
    "variable" => "RTPAUDIOQOSMES"
  },
  variables: %{}
}
[2025-04-10 17:06:58.986719Z] %ElixirAmi.Event{
  event: "varset",
  source: :asterisk_connection,
  action_id: nil,
  keys: %{
    "accountcode" => "",
    "calleridname" => "104",
    "calleridnum" => "104",
    "channel" => "PJSIP/104-000000d6",
    "channelstate" => "6",
    "channelstatedesc" => "Up",
    "connectedlinename" => "102",
    "connectedlinenum" => "102",
    "context" => "org_all",
    "exten" => "102",
    "language" => "en",
    "linkedid" => "1744304808.321",
    "priority" => "2",
    "privilege" => "dialplan,all",
    "uniqueid" => "1744304808.321",
    "value" => "minrxmes=085.367289;   maxrxmes=085.367289;   avgrxmes=085.367289;   stdevrxmes=000.000136;   mintxmes=085.365247;   maxtxmes=085.367289;   avgtxmes=085.366630;   stdevtxmes=000.000932;",
    "variable" => "RTPAUDIOQOSMESBRIDGED"
  },
  variables: %{}
}
[2025-04-10 17:06:58.986839Z] %ElixirAmi.Event{
  event: "hanguprequest",
  source: :asterisk_connection,
  action_id: nil,
  keys: %{
    "accountcode" => "",
    "calleridname" => "102",
    "calleridnum" => "102",
    "channel" => "PJSIP/102-000000d7",
    "channelstate" => "6",
    "channelstatedesc" => "Up",
    "connectedlinename" => "104",
    "connectedlinenum" => "104",
    "context" => "org_all",
    "exten" => "",
    "language" => "en",
    "linkedid" => "1744304808.321",
    "priority" => "1",
    "privilege" => "call,all",
    "uniqueid" => "1744304808.322"
  },
  variables: %{}
}
[2025-04-10 17:06:58.986975Z] %ElixirAmi.Event{
  event: "varset",
  source: :asterisk_connection,
  action_id: nil,
  keys: %{
    "accountcode" => "",
    "calleridname" => "102",
    "calleridnum" => "102",
    "channel" => "PJSIP/102-000000d7",
    "channelstate" => "6",
    "channelstatedesc" => "Up",
    "connectedlinename" => "104",
    "connectedlinenum" => "104",
    "context" => "org_all",
    "exten" => "",
    "language" => "en",
    "linkedid" => "1744304808.321",
    "priority" => "1",
    "privilege" => "dialplan,all",
    "uniqueid" => "1744304808.322",
    "value" => "",
    "variable" => "BRIDGEPEER"
  },
  variables: %{}
}
[2025-04-10 17:06:58.987123Z] %ElixirAmi.Event{
  event: "varset",
  source: :asterisk_connection,
  action_id: nil,
  keys: %{
    "accountcode" => "",
    "calleridname" => "102",
    "calleridnum" => "102",
    "channel" => "PJSIP/102-000000d7",
    "channelstate" => "6",
    "channelstatedesc" => "Up",
    "connectedlinename" => "104",
    "connectedlinenum" => "104",
    "context" => "org_all",
    "exten" => "",
    "language" => "en",
    "linkedid" => "1744304808.321",
    "priority" => "1",
    "privilege" => "dialplan,all",
    "uniqueid" => "1744304808.322",
    "value" => "",
    "variable" => "BRIDGEPVTCALLID"
  },
  variables: %{}
}
[2025-04-10 17:06:58.987299Z] %ElixirAmi.Event{
  event: "varset",
  source: :asterisk_connection,
  action_id: nil,
  keys: %{
    "accountcode" => "",
    "calleridname" => "104",
    "calleridnum" => "104",
    "channel" => "PJSIP/104-000000d6",
    "channelstate" => "6",
    "channelstatedesc" => "Up",
    "connectedlinename" => "102",
    "connectedlinenum" => "102",
    "context" => "org_all",
    "exten" => "102",
    "language" => "en",
    "linkedid" => "1744304808.321",
    "priority" => "2",
    "privilege" => "dialplan,all",
    "uniqueid" => "1744304808.321",
    "value" => "",
    "variable" => "BRIDGEPEER"
  },
  variables: %{}
}
[2025-04-10 17:06:58.987530Z] %ElixirAmi.Event{
  event: "varset",
  source: :asterisk_connection,
  action_id: nil,
  keys: %{
    "accountcode" => "",
    "calleridname" => "104",
    "calleridnum" => "104",
    "channel" => "PJSIP/104-000000d6",
    "channelstate" => "6",
    "channelstatedesc" => "Up",
    "connectedlinename" => "102",
    "connectedlinenum" => "102",
    "context" => "org_all",
    "exten" => "102",
    "language" => "en",
    "linkedid" => "1744304808.321",
    "priority" => "2",
    "privilege" => "dialplan,all",
    "uniqueid" => "1744304808.321",
    "value" => "",
    "variable" => "BRIDGEPVTCALLID"
  },
  variables: %{}
}
[2025-04-10 17:06:58.987700Z] %ElixirAmi.Event{
  event: "bridgeleave",
  source: :asterisk_connection,
  action_id: nil,
  keys: %{
    "accountcode" => "",
    "bridgecreator" => "<unknown>",
    "bridgename" => "<unknown>",
    "bridgenumchannels" => "1",
    "bridgetechnology" => "simple_bridge",
    "bridgetype" => "basic",
    "bridgeuniqueid" => "a5d9664d-bdcf-440a-b1df-9adf5aaa7bf3",
    "bridgevideosourcemode" => "none",
    "calleridname" => "102",
    "calleridnum" => "102",
    "channel" => "PJSIP/102-000000d7",
    "channelstate" => "6",
    "channelstatedesc" => "Up",
    "connectedlinename" => "104",
    "connectedlinenum" => "104",
    "context" => "org_all",
    "exten" => "",
    "language" => "en",
    "linkedid" => "1744304808.321",
    "priority" => "1",
    "privilege" => "call,all",
    "uniqueid" => "1744304808.322"
  },
  variables: %{}
}
[2025-04-10 17:06:58.988059Z] %ElixirAmi.Event{
  event: "bridgeleave",
  source: :asterisk_connection,
  action_id: nil,
  keys: %{
    "accountcode" => "",
    "bridgecreator" => "<unknown>",
    "bridgename" => "<unknown>",
    "bridgenumchannels" => "0",
    "bridgetechnology" => "simple_bridge",
    "bridgetype" => "basic",
    "bridgeuniqueid" => "a5d9664d-bdcf-440a-b1df-9adf5aaa7bf3",
    "bridgevideosourcemode" => "none",
    "calleridname" => "104",
    "calleridnum" => "104",
    "channel" => "PJSIP/104-000000d6",
    "channelstate" => "6",
    "channelstatedesc" => "Up",
    "connectedlinename" => "102",
    "connectedlinenum" => "102",
    "context" => "org_all",
    "exten" => "102",
    "language" => "en",
    "linkedid" => "1744304808.321",
    "priority" => "2",
    "privilege" => "call,all",
    "uniqueid" => "1744304808.321"
  },
  variables: %{}
}
[2025-04-10 17:06:58.988482Z] %ElixirAmi.Event{
  event: "varset",
  source: :asterisk_connection,
  action_id: nil,
  keys: %{
    "accountcode" => "",
    "calleridname" => "104",
    "calleridnum" => "104",
    "channel" => "PJSIP/104-000000d6",
    "channelstate" => "6",
    "channelstatedesc" => "Up",
    "connectedlinename" => "102",
    "connectedlinenum" => "102",
    "context" => "org_all",
    "exten" => "102",
    "language" => "en",
    "linkedid" => "1744304808.321",
    "priority" => "2",
    "privilege" => "dialplan,all",
    "uniqueid" => "1744304808.321",
    "value" => "6",
    "variable" => "ANSWEREDTIME"
  },
  variables: %{}
}
[2025-04-10 17:06:58.988793Z] %ElixirAmi.Event{
  event: "varset",
  source: :asterisk_connection,
  action_id: nil,
  keys: %{
    "accountcode" => "",
    "calleridname" => "104",
    "calleridnum" => "104",
    "channel" => "PJSIP/104-000000d6",
    "channelstate" => "6",
    "channelstatedesc" => "Up",
    "connectedlinename" => "102",
    "connectedlinenum" => "102",
    "context" => "org_all",
    "exten" => "102",
    "language" => "en",
    "linkedid" => "1744304808.321",
    "priority" => "2",
    "privilege" => "dialplan,all",
    "uniqueid" => "1744304808.321",
    "value" => "6591",
    "variable" => "ANSWEREDTIME_MS"
  },
  variables: %{}
}
[2025-04-10 17:06:58.988968Z] %ElixirAmi.Event{
  event: "varset",
  source: :asterisk_connection,
  action_id: nil,
  keys: %{
    "accountcode" => "",
    "calleridname" => "104",
    "calleridnum" => "104",
    "channel" => "PJSIP/104-000000d6",
    "channelstate" => "6",
    "channelstatedesc" => "Up",
    "connectedlinename" => "102",
    "connectedlinenum" => "102",
    "context" => "org_all",
    "exten" => "102",
    "language" => "en",
    "linkedid" => "1744304808.321",
    "priority" => "2",
    "privilege" => "dialplan,all",
    "uniqueid" => "1744304808.321",
    "value" => "10",
    "variable" => "DIALEDTIME"
  },
  variables: %{}
}
[2025-04-10 17:06:58.989127Z] %ElixirAmi.Event{
  event: "varset",
  source: :asterisk_connection,
  action_id: nil,
  keys: %{
    "accountcode" => "",
    "calleridname" => "104",
    "calleridnum" => "104",
    "channel" => "PJSIP/104-000000d6",
    "channelstate" => "6",
    "channelstatedesc" => "Up",
    "connectedlinename" => "102",
    "connectedlinenum" => "102",
    "context" => "org_all",
    "exten" => "102",
    "language" => "en",
    "linkedid" => "1744304808.321",
    "priority" => "2",
    "privilege" => "dialplan,all",
    "uniqueid" => "1744304808.321",
    "value" => "10676",
    "variable" => "DIALEDTIME_MS"
  },
  variables: %{}
}
[2025-04-10 17:06:58.989363Z] %ElixirAmi.Event{
  event: "varset",
  source: :asterisk_connection,
  action_id: nil,
  keys: %{
    "accountcode" => "",
    "calleridname" => "102",
    "calleridnum" => "102",
    "channel" => "PJSIP/102-000000d7",
    "channelstate" => "6",
    "channelstatedesc" => "Up",
    "connectedlinename" => "104",
    "connectedlinenum" => "104",
    "context" => "org_all",
    "exten" => "",
    "language" => "en",
    "linkedid" => "1744304808.321",
    "priority" => "1",
    "privilege" => "dialplan,all",
    "uniqueid" => "1744304808.322",
    "value" => "ssrc=622222605;themssrc=1093622206;lp=0;rxjitter=0.000875;rxcount=329;txjitter=0.000750;txcount=329;rlp=0;rtt=0.000106;rxmes=85.365381;txmes=85.367289",
    "variable" => "RTPAUDIOQOS"
  },
  variables: %{}
}
[2025-04-10 17:06:58.989709Z] %ElixirAmi.Event{
  event: "varset",
  source: :asterisk_connection,
  action_id: nil,
  keys: %{
    "accountcode" => "",
    "calleridname" => "102",
    "calleridnum" => "102",
    "channel" => "PJSIP/102-000000d7",
    "channelstate" => "6",
    "channelstatedesc" => "Up",
    "connectedlinename" => "104",
    "connectedlinenum" => "104",
    "context" => "org_all",
    "exten" => "",
    "language" => "en",
    "linkedid" => "1744304808.321",
    "priority" => "1",
    "privilege" => "dialplan,all",
    "uniqueid" => "1744304808.322",
    "value" => "minrxjitter=000.000125;maxrxjitter=000.001000;avgrxjitter=000.000773;stdevrxjitter=000.000136;mintxjitter=000.000000;maxtxjitter=000.000875;avgtxjitter=000.000417;stdevtxjitter=000.000419;",
    "variable" => "RTPAUDIOQOSJITTER"
  },
  variables: %{}
}
[2025-04-10 17:06:58.990104Z] %ElixirAmi.Event{
  event: "varset",
  source: :asterisk_connection,
  action_id: nil,
  keys: %{
    "accountcode" => "",
    "calleridname" => "104",
    "calleridnum" => "104",
    "channel" => "PJSIP/104-000000d6",
    "channelstate" => "6",
    "channelstatedesc" => "Up",
    "connectedlinename" => "102",
    "connectedlinenum" => "102",
    "context" => "org_all",
    "exten" => "102",
    "language" => "en",
    "linkedid" => "1744304808.321",
    "priority" => "2",
    "privilege" => "dialplan,all",
    "uniqueid" => "1744304808.321",
    "value" => "ANSWER",
    "variable" => "DIALSTATUS"
  },
  variables: %{}
}
[2025-04-10 17:06:58.990405Z] %ElixirAmi.Event{
  event: "varset",
  source: :asterisk_connection,
  action_id: nil,
  keys: %{
    "accountcode" => "",
    "calleridname" => "102",
    "calleridnum" => "102",
    "channel" => "PJSIP/102-000000d7",
    "channelstate" => "6",
    "channelstatedesc" => "Up",
    "connectedlinename" => "104",
    "connectedlinenum" => "104",
    "context" => "org_all",
    "exten" => "",
    "language" => "en",
    "linkedid" => "1744304808.321",
    "priority" => "1",
    "privilege" => "dialplan,all",
    "uniqueid" => "1744304808.322",
    "value" => "minrxlost=000.000000;  maxrxlost=000.000000;  avgrxlost=000.000000;  stdevrxlost=000.000000;  mintxlost=000.000000;  maxtxlost=000.000000;  avgtxlost=000.000000;  stdevtxlost=000.000000;",
    "variable" => "RTPAUDIOQOSLOSS"
  },
  variables: %{}
}
[2025-04-10 17:06:58.990674Z] %ElixirAmi.Event{
  event: "varset",
  source: :asterisk_connection,
  action_id: nil,
  keys: %{
    "accountcode" => "",
    "calleridname" => "102",
    "calleridnum" => "102",
    "channel" => "PJSIP/102-000000d7",
    "channelstate" => "6",
    "channelstatedesc" => "Up",
    "connectedlinename" => "104",
    "connectedlinenum" => "104",
    "context" => "org_all",
    "exten" => "",
    "language" => "en",
    "linkedid" => "1744304808.321",
    "priority" => "1",
    "privilege" => "dialplan,all",
    "uniqueid" => "1744304808.322",
    "value" => "minrtt=000.000106;     maxrtt=000.000122;     avgrtt=000.000114;     stdevrtt=000.000008;",
    "variable" => "RTPAUDIOQOSRTT"
  },
  variables: %{}
}
[2025-04-10 17:06:58.990919Z] %ElixirAmi.Event{
  event: "softhanguprequest",
  source: :asterisk_connection,
  action_id: nil,
  keys: %{
    "accountcode" => "",
    "calleridname" => "104",
    "calleridnum" => "104",
    "cause" => "16",
    "channel" => "PJSIP/104-000000d6",
    "channelstate" => "6",
    "channelstatedesc" => "Up",
    "connectedlinename" => "102",
    "connectedlinenum" => "102",
    "context" => "org_all",
    "exten" => "102",
    "language" => "en",
    "linkedid" => "1744304808.321",
    "priority" => "2",
    "privilege" => "call,all",
    "uniqueid" => "1744304808.321"
  },
  variables: %{}
}
[2025-04-10 17:06:58.991195Z] %ElixirAmi.Event{
  event: "varset",
  source: :asterisk_connection,
  action_id: nil,
  keys: %{
    "accountcode" => "",
    "calleridname" => "102",
    "calleridnum" => "102",
    "channel" => "PJSIP/102-000000d7",
    "channelstate" => "6",
    "channelstatedesc" => "Up",
    "connectedlinename" => "104",
    "connectedlinenum" => "104",
    "context" => "org_all",
    "exten" => "",
    "language" => "en",
    "linkedid" => "1744304808.321",
    "priority" => "1",
    "privilege" => "dialplan,all",
    "uniqueid" => "1744304808.322",
    "value" => "minrxmes=085.367289;   maxrxmes=085.367289;   avgrxmes=085.367289;   stdevrxmes=000.000136;   mintxmes=085.365247;   maxtxmes=085.367289;   avgtxmes=085.366630;   stdevtxmes=000.000932;",
    "variable" => "RTPAUDIOQOSMES"
  },
  variables: %{}
}
[2025-04-10 17:06:58.991450Z] %ElixirAmi.Event{
  event: "varset",
  source: :asterisk_connection,
  action_id: nil,
  keys: %{
    "accountcode" => "",
    "calleridname" => "104",
    "calleridnum" => "104",
    "channel" => "PJSIP/104-000000d6",
    "channelstate" => "6",
    "channelstatedesc" => "Up",
    "connectedlinename" => "102",
    "connectedlinenum" => "102",
    "context" => "org_all",
    "exten" => "102",
    "language" => "en",
    "linkedid" => "1744304808.321",
    "priority" => "2",
    "privilege" => "dialplan,all",
    "uniqueid" => "1744304808.321",
    "value" => "ssrc=1053555509;themssrc=1295592316;lp=0;rxjitter=0.000750;rxcount=329;txjitter=0.000750;txcount=329;rlp=0;rtt=0.000000;rxmes=85.367289;txmes=85.367289",
    "variable" => "RTPAUDIOQOS"
  },
  variables: %{}
}
[2025-04-10 17:06:58.991744Z] %ElixirAmi.Event{
  event: "varset",
  source: :asterisk_connection,
  action_id: nil,
  keys: %{
    "accountcode" => "",
    "calleridname" => "104",
    "calleridnum" => "104",
    "channel" => "PJSIP/104-000000d6",
    "channelstate" => "6",
    "channelstatedesc" => "Up",
    "connectedlinename" => "102",
    "connectedlinenum" => "102",
    "context" => "org_all",
    "exten" => "102",
    "language" => "en",
    "linkedid" => "1744304808.321",
    "priority" => "2",
    "privilege" => "dialplan,all",
    "uniqueid" => "1744304808.321",
    "value" => "minrxjitter=000.000125;maxrxjitter=000.000875;avgrxjitter=000.000778;stdevrxjitter=000.000133;mintxjitter=000.000000;maxtxjitter=000.000750;avgtxjitter=000.000188;stdevtxjitter=000.000325;",
    "variable" => "RTPAUDIOQOSJITTER"
  },
  variables: %{}
}
[2025-04-10 17:06:58.991990Z] %ElixirAmi.Event{
  event: "hangup",
  source: :asterisk_connection,
  action_id: nil,
  keys: %{
    "accountcode" => "",
    "calleridname" => "102",
    "calleridnum" => "102",
    "cause" => "16",
    "cause-txt" => "Normal Clearing",
    "channel" => "PJSIP/102-000000d7",
    "channelstate" => "6",
    "channelstatedesc" => "Up",
    "connectedlinename" => "104",
    "connectedlinenum" => "104",
    "context" => "org_all",
    "exten" => "",
    "language" => "en",
    "linkedid" => "1744304808.321",
    "priority" => "1",
    "privilege" => "call,all",
    "uniqueid" => "1744304808.322"
  },
  variables: %{}
}
[2025-04-10 17:06:58.992301Z] %ElixirAmi.Event{
  event: "varset",
  source: :asterisk_connection,
  action_id: nil,
  keys: %{
    "accountcode" => "",
    "calleridname" => "104",
    "calleridnum" => "104",
    "channel" => "PJSIP/104-000000d6",
    "channelstate" => "6",
    "channelstatedesc" => "Up",
    "connectedlinename" => "102",
    "connectedlinenum" => "102",
    "context" => "org_all",
    "exten" => "102",
    "language" => "en",
    "linkedid" => "1744304808.321",
    "priority" => "2",
    "privilege" => "dialplan,all",
    "uniqueid" => "1744304808.321",
    "value" => "minrxlost=000.000000;  maxrxlost=000.000000;  avgrxlost=000.000000;  stdevrxlost=000.000000;  mintxlost=000.000000;  maxtxlost=000.000000;  avgtxlost=000.000000;  stdevtxlost=000.000000;",
    "variable" => "RTPAUDIOQOSLOSS"
  },
  variables: %{}
}
[2025-04-10 17:06:58.992499Z] %ElixirAmi.Event{
  event: "varset",
  source: :asterisk_connection,
  action_id: nil,
  keys: %{
    "accountcode" => "",
    "calleridname" => "104",
    "calleridnum" => "104",
    "channel" => "PJSIP/104-000000d6",
    "channelstate" => "6",
    "channelstatedesc" => "Up",
    "connectedlinename" => "102",
    "connectedlinenum" => "102",
    "context" => "org_all",
    "exten" => "102",
    "language" => "en",
    "linkedid" => "1744304808.321",
    "priority" => "2",
    "privilege" => "dialplan,all",
    "uniqueid" => "1744304808.321",
    "value" => "minrtt=000.000000;     maxrtt=000.000000;     avgrtt=000.000000;     stdevrtt=000.000000;",
    "variable" => "RTPAUDIOQOSRTT"
  },
  variables: %{}
}
[2025-04-10 17:06:58.992836Z] %ElixirAmi.Event{
  event: "varset",
  source: :asterisk_connection,
  action_id: nil,
  keys: %{
    "accountcode" => "",
    "calleridname" => "104",
    "calleridnum" => "104",
    "channel" => "PJSIP/104-000000d6",
    "channelstate" => "6",
    "channelstatedesc" => "Up",
    "connectedlinename" => "102",
    "connectedlinenum" => "102",
    "context" => "org_all",
    "exten" => "102",
    "language" => "en",
    "linkedid" => "1744304808.321",
    "priority" => "2",
    "privilege" => "dialplan,all",
    "uniqueid" => "1744304808.321",
    "value" => "minrxmes=085.367289;   maxrxmes=085.367289;   avgrxmes=085.367289;   stdevrxmes=000.000133;   mintxmes=085.367289;   maxtxmes=085.367289;   avgtxmes=085.367289;   stdevtxmes=000.000000;",
    "variable" => "RTPAUDIOQOSMES"
  },
  variables: %{}
}
[2025-04-10 17:06:58.993205Z] %ElixirAmi.Event{
  event: "hangup",
  source: :asterisk_connection,
  action_id: nil,
  keys: %{
    "accountcode" => "",
    "calleridname" => "104",
    "calleridnum" => "104",
    "cause" => "16",
    "cause-txt" => "Normal Clearing",
    "channel" => "PJSIP/104-000000d6",
    "channelstate" => "6",
    "channelstatedesc" => "Up",
    "connectedlinename" => "102",
    "connectedlinenum" => "102",
    "context" => "org_all",
    "exten" => "102",
    "language" => "en",
    "linkedid" => "1744304808.321",
    "priority" => "2",
    "privilege" => "call,all",
    "uniqueid" => "1744304808.321"
  },
  variables: %{}
}
