[2025-04-15 14:23:09.551889Z] %ElixirAmi.Event{
  event: "newchannel",
  source: :asterisk_connection,
  action_id: nil,
  keys: %{
    "accountcode" => "",
    "calleridname" => "102",
    "calleridnum" => "102",
    "channel" => "PJSIP/102-00000032",
    "channelstate" => "0",
    "channelstatedesc" => "Down",
    "connectedlinename" => "<unknown>",
    "connectedlinenum" => "<unknown>",
    "context" => "org_all",
    "exten" => "s",
    "language" => "en",
    "linkedid" => "1744726988.77",
    "priority" => "1",
    "privilege" => "call,all",
    "uniqueid" => "1744726988.77"
  },
  variables: %{}
}
[2025-04-15 14:23:09.552117Z] %ElixirAmi.Event{
  event: "newexten",
  source: :asterisk_connection,
  action_id: nil,
  keys: %{
    "accountcode" => "",
    "appdata" => "(Outgoing Line)",
    "application" => "AppDial2",
    "calleridname" => "102",
    "calleridnum" => "102",
    "channel" => "PJSIP/102-00000032",
    "channelstate" => "0",
    "channelstatedesc" => "Down",
    "connectedlinename" => "<unknown>",
    "connectedlinenum" => "<unknown>",
    "context" => "org_all",
    "exten" => "s",
    "extension" => "s",
    "language" => "en",
    "linkedid" => "1744726988.77",
    "priority" => "1",
    "privilege" => "dialplan,all",
    "uniqueid" => "1744726988.77"
  },
  variables: %{}
}
[2025-04-15 14:23:09.552464Z] %ElixirAmi.Event{
  event: "newcallerid",
  source: :asterisk_connection,
  action_id: nil,
  keys: %{
    "accountcode" => "",
    "calleridname" => "asd",
    "calleridnum" => "102",
    "channel" => "PJSIP/102-00000032",
    "channelstate" => "0",
    "channelstatedesc" => "Down",
    "cid-callingpres" => "0 (Presentation Allowed, Not Screened)",
    "connectedlinename" => "<unknown>",
    "connectedlinenum" => "<unknown>",
    "context" => "org_all",
    "exten" => "s",
    "language" => "en",
    "linkedid" => "1744726988.77",
    "priority" => "1",
    "privilege" => "call,all",
    "uniqueid" => "1744726988.77"
  },
  variables: %{}
}
[2025-04-15 14:23:09.552663Z] %ElixirAmi.Event{
  event: "newconnectedline",
  source: :asterisk_connection,
  action_id: nil,
  keys: %{
    "accountcode" => "",
    "calleridname" => "asd",
    "calleridnum" => "102",
    "channel" => "PJSIP/102-00000032",
    "channelstate" => "0",
    "channelstatedesc" => "Down",
    "connectedlinename" => "asd",
    "connectedlinenum" => "<unknown>",
    "context" => "org_all",
    "exten" => "s",
    "language" => "en",
    "linkedid" => "1744726988.77",
    "priority" => "1",
    "privilege" => "call,all",
    "uniqueid" => "1744726988.77"
  },
  variables: %{}
}
[2025-04-15 14:23:09.553278Z] %ElixirAmi.Event{
  event: "newstate",
  source: :asterisk_connection,
  action_id: nil,
  keys: %{
    "accountcode" => "",
    "calleridname" => "asd",
    "calleridnum" => "102",
    "channel" => "PJSIP/102-00000032",
    "channelstate" => "5",
    "channelstatedesc" => "Ringing",
    "connectedlinename" => "asd",
    "connectedlinenum" => "<unknown>",
    "context" => "org_all",
    "exten" => "s",
    "language" => "en",
    "linkedid" => "1744726988.77",
    "priority" => "1",
    "privilege" => "call,all",
    "uniqueid" => "1744726988.77"
  },
  variables: %{}
}
[2025-04-15 14:23:09.554146Z] %ElixirAmi.Event{
  event: "rtcpreceived",
  source: :asterisk_connection,
  action_id: nil,
  keys: %{
    "accountcode" => "",
    "calleridname" => "asd",
    "calleridnum" => "102",
    "channel" => "PJSIP/102-00000032",
    "channelstate" => "5",
    "channelstatedesc" => "Ringing",
    "connectedlinename" => "asd",
    "connectedlinenum" => "<unknown>",
    "context" => "org_all",
    "exten" => "s",
    "from" => "192.168.0.16:4067",
    "language" => "en",
    "linkedid" => "1744726988.77",
    "mes" => "85.4",
    "priority" => "1",
    "privilege" => "reporting,all",
    "pt" => "201(RR)",
    "report0cumulativelost" => "0",
    "report0dlsr" => "0.0000",
    "report0fractionlost" => "0",
    "report0highestsequence" => "0",
    "report0iajitter" => "0",
    "report0lsr" => "0",
    "report0sequencenumbercycles" => "0",
    "report0sourcessrc" => "0x00000000",
    "reportcount" => "1",
    "rtt" => "0.0000",
    "ssrc" => "0x00000000",
    "to" => "192.168.0.16:15579",
    "uniqueid" => "1744726988.77"
  },
  variables: %{}
}
[2025-04-15 14:23:09.554588Z] %ElixirAmi.Event{
  event: "rtcpreceived",
  source: :asterisk_connection,
  action_id: nil,
  keys: %{
    "accountcode" => "",
    "calleridname" => "asd",
    "calleridnum" => "102",
    "channel" => "PJSIP/102-00000032",
    "channelstate" => "5",
    "channelstatedesc" => "Ringing",
    "connectedlinename" => "asd",
    "connectedlinenum" => "<unknown>",
    "context" => "org_all",
    "exten" => "s",
    "from" => "192.168.0.16:4067",
    "language" => "en",
    "linkedid" => "1744726988.77",
    "mes" => "85.4",
    "priority" => "1",
    "privilege" => "reporting,all",
    "pt" => "201(RR)",
    "report0cumulativelost" => "0",
    "report0dlsr" => "0.0000",
    "report0fractionlost" => "0",
    "report0highestsequence" => "0",
    "report0iajitter" => "0",
    "report0lsr" => "0",
    "report0sequencenumbercycles" => "0",
    "report0sourcessrc" => "0x00000000",
    "reportcount" => "1",
    "rtt" => "0.0000",
    "ssrc" => "0x00000000",
    "to" => "192.168.0.16:15579",
    "uniqueid" => "1744726988.77"
  },
  variables: %{}
}
[2025-04-15 14:23:09.554840Z] %ElixirAmi.Event{
  event: "newstate",
  source: :asterisk_connection,
  action_id: nil,
  keys: %{
    "accountcode" => "",
    "calleridname" => "asd",
    "calleridnum" => "102",
    "channel" => "PJSIP/102-00000032",
    "channelstate" => "6",
    "channelstatedesc" => "Up",
    "connectedlinename" => "asd",
    "connectedlinenum" => "<unknown>",
    "context" => "org_all",
    "exten" => "s",
    "language" => "en",
    "linkedid" => "1744726988.77",
    "priority" => "1",
    "privilege" => "call,all",
    "uniqueid" => "1744726988.77"
  },
  variables: %{}
}
[2025-04-15 14:23:09.555644Z] %ElixirAmi.Event{
  event: "newexten",
  source: :asterisk_connection,
  action_id: nil,
  keys: %{
    "accountcode" => "",
    "appdata" => "",
    "application" => "NoOp",
    "calleridname" => "asd",
    "calleridnum" => "102",
    "channel" => "PJSIP/102-00000032",
    "channelstate" => "6",
    "channelstatedesc" => "Up",
    "connectedlinename" => "asd",
    "connectedlinenum" => "<unknown>",
    "context" => "org_all",
    "exten" => "101",
    "extension" => "101",
    "language" => "en",
    "linkedid" => "1744726988.77",
    "priority" => "1",
    "privilege" => "dialplan,all",
    "uniqueid" => "1744726988.77"
  },
  variables: %{}
}
[2025-04-15 14:23:09.555873Z] %ElixirAmi.Event{
  event: "newexten",
  source: :asterisk_connection,
  action_id: nil,
  keys: %{
    "accountcode" => "",
    "appdata" => "PJSIP/101,20,",
    "application" => "Dial",
    "calleridname" => "asd",
    "calleridnum" => "102",
    "channel" => "PJSIP/102-00000032",
    "channelstate" => "6",
    "channelstatedesc" => "Up",
    "connectedlinename" => "asd",
    "connectedlinenum" => "<unknown>",
    "context" => "org_all",
    "exten" => "101",
    "extension" => "101",
    "language" => "en",
    "linkedid" => "1744726988.77",
    "priority" => "2",
    "privilege" => "dialplan,all",
    "uniqueid" => "1744726988.77"
  },
  variables: %{}
}
[2025-04-15 14:23:09.556147Z] %ElixirAmi.Event{
  event: "varset",
  source: :asterisk_connection,
  action_id: nil,
  keys: %{
    "accountcode" => "",
    "calleridname" => "asd",
    "calleridnum" => "102",
    "channel" => "PJSIP/102-00000032",
    "channelstate" => "6",
    "channelstatedesc" => "Up",
    "connectedlinename" => "asd",
    "connectedlinenum" => "<unknown>",
    "context" => "org_all",
    "exten" => "101",
    "language" => "en",
    "linkedid" => "1744726988.77",
    "priority" => "2",
    "privilege" => "dialplan,all",
    "uniqueid" => "1744726988.77",
    "value" => "",
    "variable" => "DIALSTATUS"
  },
  variables: %{}
}
[2025-04-15 14:23:09.556390Z] %ElixirAmi.Event{
  event: "varset",
  source: :asterisk_connection,
  action_id: nil,
  keys: %{
    "accountcode" => "",
    "calleridname" => "asd",
    "calleridnum" => "102",
    "channel" => "PJSIP/102-00000032",
    "channelstate" => "6",
    "channelstatedesc" => "Up",
    "connectedlinename" => "asd",
    "connectedlinenum" => "<unknown>",
    "context" => "org_all",
    "exten" => "101",
    "language" => "en",
    "linkedid" => "1744726988.77",
    "priority" => "2",
    "privilege" => "dialplan,all",
    "uniqueid" => "1744726988.77",
    "value" => "",
    "variable" => "DIALEDPEERNUMBER"
  },
  variables: %{}
}
[2025-04-15 14:23:09.556726Z] %ElixirAmi.Event{
  event: "varset",
  source: :asterisk_connection,
  action_id: nil,
  keys: %{
    "accountcode" => "",
    "calleridname" => "asd",
    "calleridnum" => "102",
    "channel" => "PJSIP/102-00000032",
    "channelstate" => "6",
    "channelstatedesc" => "Up",
    "connectedlinename" => "asd",
    "connectedlinenum" => "<unknown>",
    "context" => "org_all",
    "exten" => "101",
    "language" => "en",
    "linkedid" => "1744726988.77",
    "priority" => "2",
    "privilege" => "dialplan,all",
    "uniqueid" => "1744726988.77",
    "value" => "",
    "variable" => "DIALEDPEERNAME"
  },
  variables: %{}
}
[2025-04-15 14:23:09.557106Z] %ElixirAmi.Event{
  event: "varset",
  source: :asterisk_connection,
  action_id: nil,
  keys: %{
    "accountcode" => "",
    "calleridname" => "asd",
    "calleridnum" => "102",
    "channel" => "PJSIP/102-00000032",
    "channelstate" => "6",
    "channelstatedesc" => "Up",
    "connectedlinename" => "asd",
    "connectedlinenum" => "<unknown>",
    "context" => "org_all",
    "exten" => "101",
    "language" => "en",
    "linkedid" => "1744726988.77",
    "priority" => "2",
    "privilege" => "dialplan,all",
    "uniqueid" => "1744726988.77",
    "value" => "",
    "variable" => "ANSWEREDTIME"
  },
  variables: %{}
}
[2025-04-15 14:23:09.557531Z] %ElixirAmi.Event{
  event: "varset",
  source: :asterisk_connection,
  action_id: nil,
  keys: %{
    "accountcode" => "",
    "calleridname" => "asd",
    "calleridnum" => "102",
    "channel" => "PJSIP/102-00000032",
    "channelstate" => "6",
    "channelstatedesc" => "Up",
    "connectedlinename" => "asd",
    "connectedlinenum" => "<unknown>",
    "context" => "org_all",
    "exten" => "101",
    "language" => "en",
    "linkedid" => "1744726988.77",
    "priority" => "2",
    "privilege" => "dialplan,all",
    "uniqueid" => "1744726988.77",
    "value" => "",
    "variable" => "ANSWEREDTIME_MS"
  },
  variables: %{}
}
[2025-04-15 14:23:09.557795Z] %ElixirAmi.Event{
  event: "varset",
  source: :asterisk_connection,
  action_id: nil,
  keys: %{
    "accountcode" => "",
    "calleridname" => "asd",
    "calleridnum" => "102",
    "channel" => "PJSIP/102-00000032",
    "channelstate" => "6",
    "channelstatedesc" => "Up",
    "connectedlinename" => "asd",
    "connectedlinenum" => "<unknown>",
    "context" => "org_all",
    "exten" => "101",
    "language" => "en",
    "linkedid" => "1744726988.77",
    "priority" => "2",
    "privilege" => "dialplan,all",
    "uniqueid" => "1744726988.77",
    "value" => "",
    "variable" => "DIALEDTIME"
  },
  variables: %{}
}
[2025-04-15 14:23:09.558014Z] %ElixirAmi.Event{
  event: "varset",
  source: :asterisk_connection,
  action_id: nil,
  keys: %{
    "accountcode" => "",
    "calleridname" => "asd",
    "calleridnum" => "102",
    "channel" => "PJSIP/102-00000032",
    "channelstate" => "6",
    "channelstatedesc" => "Up",
    "connectedlinename" => "asd",
    "connectedlinenum" => "<unknown>",
    "context" => "org_all",
    "exten" => "101",
    "language" => "en",
    "linkedid" => "1744726988.77",
    "priority" => "2",
    "privilege" => "dialplan,all",
    "uniqueid" => "1744726988.77",
    "value" => "",
    "variable" => "DIALEDTIME_MS"
  },
  variables: %{}
}
[2025-04-15 14:23:09.558157Z] %ElixirAmi.Event{
  event: "varset",
  source: :asterisk_connection,
  action_id: nil,
  keys: %{
    "accountcode" => "",
    "calleridname" => "asd",
    "calleridnum" => "102",
    "channel" => "PJSIP/102-00000032",
    "channelstate" => "6",
    "channelstatedesc" => "Up",
    "connectedlinename" => "asd",
    "connectedlinenum" => "<unknown>",
    "context" => "org_all",
    "exten" => "101",
    "language" => "en",
    "linkedid" => "1744726988.77",
    "priority" => "2",
    "privilege" => "dialplan,all",
    "uniqueid" => "1744726988.77",
    "value" => "",
    "variable" => "RINGTIME"
  },
  variables: %{}
}
[2025-04-15 14:23:09.558347Z] %ElixirAmi.Event{
  event: "varset",
  source: :asterisk_connection,
  action_id: nil,
  keys: %{
    "accountcode" => "",
    "calleridname" => "asd",
    "calleridnum" => "102",
    "channel" => "PJSIP/102-00000032",
    "channelstate" => "6",
    "channelstatedesc" => "Up",
    "connectedlinename" => "asd",
    "connectedlinenum" => "<unknown>",
    "context" => "org_all",
    "exten" => "101",
    "language" => "en",
    "linkedid" => "1744726988.77",
    "priority" => "2",
    "privilege" => "dialplan,all",
    "uniqueid" => "1744726988.77",
    "value" => "",
    "variable" => "RINGTIME_MS"
  },
  variables: %{}
}
[2025-04-15 14:23:09.558548Z] %ElixirAmi.Event{
  event: "varset",
  source: :asterisk_connection,
  action_id: nil,
  keys: %{
    "accountcode" => "",
    "calleridname" => "asd",
    "calleridnum" => "102",
    "channel" => "PJSIP/102-00000032",
    "channelstate" => "6",
    "channelstatedesc" => "Up",
    "connectedlinename" => "asd",
    "connectedlinenum" => "<unknown>",
    "context" => "org_all",
    "exten" => "101",
    "language" => "en",
    "linkedid" => "1744726988.77",
    "priority" => "2",
    "privilege" => "dialplan,all",
    "uniqueid" => "1744726988.77",
    "value" => "",
    "variable" => "PROGRESSTIME"
  },
  variables: %{}
}
[2025-04-15 14:23:09.558841Z] %ElixirAmi.Event{
  event: "varset",
  source: :asterisk_connection,
  action_id: nil,
  keys: %{
    "accountcode" => "",
    "calleridname" => "asd",
    "calleridnum" => "102",
    "channel" => "PJSIP/102-00000032",
    "channelstate" => "6",
    "channelstatedesc" => "Up",
    "connectedlinename" => "asd",
    "connectedlinenum" => "<unknown>",
    "context" => "org_all",
    "exten" => "101",
    "language" => "en",
    "linkedid" => "1744726988.77",
    "priority" => "2",
    "privilege" => "dialplan,all",
    "uniqueid" => "1744726988.77",
    "value" => "",
    "variable" => "PROGRESSTIME_MS"
  },
  variables: %{}
}
[2025-04-15 14:23:09.559122Z] %ElixirAmi.Event{
  event: "newchannel",
  source: :asterisk_connection,
  action_id: nil,
  keys: %{
    "accountcode" => "",
    "calleridname" => "101",
    "calleridnum" => "101",
    "channel" => "PJSIP/101-00000033",
    "channelstate" => "0",
    "channelstatedesc" => "Down",
    "connectedlinename" => "<unknown>",
    "connectedlinenum" => "<unknown>",
    "context" => "org_all",
    "exten" => "s",
    "language" => "en",
    "linkedid" => "1744726988.77",
    "priority" => "1",
    "privilege" => "call,all",
    "uniqueid" => "1744726989.78"
  },
  variables: %{}
}
[2025-04-15 14:23:09.559401Z] %ElixirAmi.Event{
  event: "varset",
  source: :asterisk_connection,
  action_id: nil,
  keys: %{
    "accountcode" => "",
    "calleridname" => "101",
    "calleridnum" => "101",
    "channel" => "PJSIP/101-00000033",
    "channelstate" => "0",
    "channelstatedesc" => "Down",
    "connectedlinename" => "<unknown>",
    "connectedlinenum" => "<unknown>",
    "context" => "org_all",
    "exten" => "s",
    "language" => "en",
    "linkedid" => "1744726988.77",
    "priority" => "1",
    "privilege" => "dialplan,all",
    "uniqueid" => "1744726989.78",
    "value" => "101",
    "variable" => "DIALEDPEERNUMBER"
  },
  variables: %{}
}
[2025-04-15 14:23:09.559596Z] %ElixirAmi.Event{
  event: "newexten",
  source: :asterisk_connection,
  action_id: nil,
  keys: %{
    "accountcode" => "",
    "appdata" => "(Outgoing Line)",
    "application" => "AppDial",
    "calleridname" => "101",
    "calleridnum" => "101",
    "channel" => "PJSIP/101-00000033",
    "channelstate" => "0",
    "channelstatedesc" => "Down",
    "connectedlinename" => "asd",
    "connectedlinenum" => "102",
    "context" => "org_all",
    "exten" => "101",
    "extension" => "101",
    "language" => "en",
    "linkedid" => "1744726988.77",
    "priority" => "1",
    "privilege" => "dialplan,all",
    "uniqueid" => "1744726989.78"
  },
  variables: %{}
}
[2025-04-15 14:23:09.559751Z] %ElixirAmi.Event{
  event: "newconnectedline",
  source: :asterisk_connection,
  action_id: nil,
  keys: %{
    "accountcode" => "",
    "calleridname" => "101",
    "calleridnum" => "101",
    "channel" => "PJSIP/101-00000033",
    "channelstate" => "0",
    "channelstatedesc" => "Down",
    "connectedlinename" => "asd",
    "connectedlinenum" => "102",
    "context" => "org_all",
    "exten" => "101",
    "language" => "en",
    "linkedid" => "1744726988.77",
    "priority" => "1",
    "privilege" => "call,all",
    "uniqueid" => "1744726989.78"
  },
  variables: %{}
}
[2025-04-15 14:23:09.560188Z] %ElixirAmi.Event{
  event: "dialbegin",
  source: :asterisk_connection,
  action_id: nil,
  keys: %{
    "accountcode" => "",
    "calleridname" => "asd",
    "calleridnum" => "102",
    "channel" => "PJSIP/102-00000032",
    "channelstate" => "6",
    "channelstatedesc" => "Up",
    "connectedlinename" => "asd",
    "connectedlinenum" => "<unknown>",
    "context" => "org_all",
    "destaccountcode" => "",
    "destcalleridname" => "101",
    "destcalleridnum" => "101",
    "destchannel" => "PJSIP/101-00000033",
    "destchannelstate" => "0",
    "destchannelstatedesc" => "Down",
    "destconnectedlinename" => "asd",
    "destconnectedlinenum" => "102",
    "destcontext" => "org_all",
    "destexten" => "101",
    "destlanguage" => "en",
    "destlinkedid" => "1744726988.77",
    "destpriority" => "1",
    "destuniqueid" => "1744726989.78",
    "dialstring" => "101",
    "exten" => "101",
    "language" => "en",
    "linkedid" => "1744726988.77",
    "priority" => "2",
    "privilege" => "call,all",
    "uniqueid" => "1744726988.77"
  },
  variables: %{}
}
[2025-04-15 14:23:09.560359Z] %ElixirAmi.Event{
  event: "newconnectedline",
  source: :asterisk_connection,
  action_id: nil,
  keys: %{
    "accountcode" => "",
    "calleridname" => "asd",
    "calleridnum" => "102",
    "channel" => "PJSIP/102-00000032",
    "channelstate" => "6",
    "channelstatedesc" => "Up",
    "connectedlinename" => "101",
    "connectedlinenum" => "101",
    "context" => "org_all",
    "exten" => "101",
    "language" => "en",
    "linkedid" => "1744726988.77",
    "priority" => "2",
    "privilege" => "call,all",
    "uniqueid" => "1744726988.77"
  },
  variables: %{}
}
[2025-04-15 14:23:09.560561Z] %ElixirAmi.Event{
  event: "newstate",
  source: :asterisk_connection,
  action_id: nil,
  keys: %{
    "accountcode" => "",
    "calleridname" => "101",
    "calleridnum" => "101",
    "channel" => "PJSIP/101-00000033",
    "channelstate" => "5",
    "channelstatedesc" => "Ringing",
    "connectedlinename" => "asd",
    "connectedlinenum" => "102",
    "context" => "org_all",
    "exten" => "101",
    "language" => "en",
    "linkedid" => "1744726988.77",
    "priority" => "1",
    "privilege" => "call,all",
    "uniqueid" => "1744726989.78"
  },
  variables: %{}
}
[2025-04-15 14:23:09.560899Z] %ElixirAmi.Event{
  event: "varset",
  source: :asterisk_connection,
  action_id: nil,
  keys: %{
    "accountcode" => "",
    "calleridname" => "asd",
    "calleridnum" => "102",
    "channel" => "PJSIP/102-00000032",
    "channelstate" => "6",
    "channelstatedesc" => "Up",
    "connectedlinename" => "101",
    "connectedlinenum" => "101",
    "context" => "org_all",
    "exten" => "101",
    "language" => "en",
    "linkedid" => "1744726988.77",
    "priority" => "2",
    "privilege" => "dialplan,all",
    "uniqueid" => "1744726988.77",
    "value" => "0",
    "variable" => "RINGTIME"
  },
  variables: %{}
}
[2025-04-15 14:23:09.561033Z] %ElixirAmi.Event{
  event: "varset",
  source: :asterisk_connection,
  action_id: nil,
  keys: %{
    "accountcode" => "",
    "calleridname" => "asd",
    "calleridnum" => "102",
    "channel" => "PJSIP/102-00000032",
    "channelstate" => "6",
    "channelstatedesc" => "Up",
    "connectedlinename" => "101",
    "connectedlinenum" => "101",
    "context" => "org_all",
    "exten" => "101",
    "language" => "en",
    "linkedid" => "1744726988.77",
    "priority" => "2",
    "privilege" => "dialplan,all",
    "uniqueid" => "1744726988.77",
    "value" => "5",
    "variable" => "RINGTIME_MS"
  },
  variables: %{}
}
[2025-04-15 14:23:09.561462Z] %ElixirAmi.Event{
  event: "dialstate",
  source: :asterisk_connection,
  action_id: nil,
  keys: %{
    "accountcode" => "",
    "calleridname" => "asd",
    "calleridnum" => "102",
    "channel" => "PJSIP/102-00000032",
    "channelstate" => "6",
    "channelstatedesc" => "Up",
    "connectedlinename" => "101",
    "connectedlinenum" => "101",
    "context" => "org_all",
    "destaccountcode" => "",
    "destcalleridname" => "101",
    "destcalleridnum" => "101",
    "destchannel" => "PJSIP/101-00000033",
    "destchannelstate" => "5",
    "destchannelstatedesc" => "Ringing",
    "destconnectedlinename" => "asd",
    "destconnectedlinenum" => "102",
    "destcontext" => "org_all",
    "destexten" => "101",
    "destlanguage" => "en",
    "destlinkedid" => "1744726988.77",
    "destpriority" => "1",
    "destuniqueid" => "1744726989.78",
    "dialstatus" => "RINGING",
    "exten" => "101",
    "language" => "en",
    "linkedid" => "1744726988.77",
    "priority" => "2",
    "privilege" => "call,all",
    "uniqueid" => "1744726988.77"
  },
  variables: %{}
}
[2025-04-15 14:23:09.758122Z] %ElixirAmi.Event{
  event: "rtcpreceived",
  source: :asterisk_connection,
  action_id: nil,
  keys: %{
    "pt" => "200(SR)",
    "report0highestsequence" => "18894",
    "mes" => "85.4",
    "privilege" => "reporting,all",
    "channelstatedesc" => "Up",
    "uniqueid" => "1744726988.77",
    "sentntp" => "1744752189.206965",
    "report0fractionlost" => "0",
    "sentpackets" => "11",
    "report0lsr" => "0",
    "linkedid" => "1744726988.77",
    "ssrc" => "0xeba94cbd",
    "exten" => "101",
    "channel" => "PJSIP/102-00000032",
    "report0iajitter" => "0",
    "sentrtp" => "1648",
    "context" => "org_all",
    "connectedlinename" => "101",
    "priority" => "2",
    "rtt" => "0.0000",
    "to" => "192.168.0.16:15579",
    "reportcount" => "1",
    "language" => "en",
    "sentoctets" => "1760",
    "calleridname" => "asd",
    "from" => "192.168.0.16:4067",
    "report0cumulativelost" => "0",
    "report0sequencenumbercycles" => "0",
    "calleridnum" => "102",
    "channelstate" => "6",
    "accountcode" => "",
    "report0dlsr" => "0.0000",
    "report0sourcessrc" => "0x51b37320",
    "connectedlinenum" => "101"
  },
  variables: %{}
}
[2025-04-15 14:23:14.146913Z] %ElixirAmi.Event{
  event: "rtcpreceived",
  source: :asterisk_connection,
  action_id: nil,
  keys: %{
    "pt" => "200(SR)",
    "report0highestsequence" => "19113",
    "mes" => "85.4",
    "privilege" => "reporting,all",
    "channelstatedesc" => "Up",
    "uniqueid" => "1744726988.77",
    "sentntp" => "1744752193.595718",
    "report0fractionlost" => "0",
    "sentpackets" => "230",
    "report0lsr" => "0",
    "linkedid" => "1744726988.77",
    "ssrc" => "0xeba94cc1",
    "exten" => "101",
    "channel" => "PJSIP/102-00000032",
    "report0iajitter" => "0",
    "sentrtp" => "36760",
    "context" => "org_all",
    "connectedlinename" => "101",
    "priority" => "2",
    "rtt" => "0.0000",
    "to" => "192.168.0.16:15579",
    "reportcount" => "1",
    "language" => "en",
    "sentoctets" => "36800",
    "calleridname" => "asd",
    "from" => "192.168.0.16:4067",
    "report0cumulativelost" => "0",
    "report0sequencenumbercycles" => "0",
    "calleridnum" => "102",
    "channelstate" => "6",
    "accountcode" => "",
    "report0dlsr" => "0.0000",
    "report0sourcessrc" => "0x51b37320",
    "connectedlinenum" => "101"
  },
  variables: %{}
}
[2025-04-15 14:23:14.553932Z] %ElixirAmi.Event{
  event: "rtcpsent",
  source: :asterisk_connection,
  action_id: nil,
  keys: %{
    "pt" => "200(SR)",
    "report0highestsequence" => "30155",
    "mes" => "85.4",
    "privilege" => "reporting,all",
    "channelstatedesc" => "Up",
    "uniqueid" => "1744726988.77",
    "sentntp" => "1744726994.553407",
    "report0fractionlost" => "0",
    "sentpackets" => "249",
    "report0lsr" => "1287755905",
    "linkedid" => "1744726988.77",
    "ssrc" => "0x51b37320",
    "exten" => "101",
    "channel" => "PJSIP/102-00000032",
    "report0iajitter" => "6",
    "sentrtp" => "39840",
    "context" => "org_all",
    "connectedlinename" => "101",
    "priority" => "2",
    "to" => "192.168.0.16:4067",
    "reportcount" => "1",
    "language" => "en",
    "sentoctets" => "39840",
    "calleridname" => "asd",
    "from" => "192.168.0.16:15579",
    "report0cumulativelost" => "0",
    "report0sequencenumbercycles" => "0",
    "calleridnum" => "102",
    "channelstate" => "6",
    "accountcode" => "",
    "report0dlsr" => "0.4060",
    "report0sourcessrc" => "0x4c962ed5",
    "connectedlinenum" => "101"
  },
  variables: %{}
}
[2025-04-15 14:23:18.748023Z] %ElixirAmi.Event{
  event: "rtcpreceived",
  source: :asterisk_connection,
  action_id: nil,
  keys: %{
    "pt" => "200(SR)",
    "report0highestsequence" => "19343",
    "mes" => "85.4",
    "privilege" => "reporting,all",
    "channelstatedesc" => "Up",
    "uniqueid" => "1744726988.77",
    "sentntp" => "1744752198.196768",
    "report0fractionlost" => "0",
    "sentpackets" => "460",
    "report0lsr" => "3931278764",
    "linkedid" => "1744726988.77",
    "ssrc" => "0xeba94cc6",
    "exten" => "101",
    "channel" => "PJSIP/102-00000032",
    "report0iajitter" => "0",
    "sentrtp" => "73568",
    "context" => "org_all",
    "connectedlinename" => "101",
    "priority" => "2",
    "rtt" => "0.0001",
    "to" => "192.168.0.16:15579",
    "reportcount" => "1",
    "language" => "en",
    "sentoctets" => "73600",
    "calleridname" => "asd",
    "from" => "192.168.0.16:4067",
    "report0cumulativelost" => "0",
    "report0sequencenumbercycles" => "0",
    "calleridnum" => "102",
    "channelstate" => "6",
    "accountcode" => "",
    "report0dlsr" => "4.1940",
    "report0sourcessrc" => "0x51b37320",
    "connectedlinenum" => "101"
  },
  variables: %{}
}
[2025-04-15 14:23:19.553950Z] %ElixirAmi.Event{
  event: "rtcpsent",
  source: :asterisk_connection,
  action_id: nil,
  keys: %{
    "pt" => "200(SR)",
    "report0highestsequence" => "30405",
    "mes" => "85.4",
    "privilege" => "reporting,all",
    "channelstatedesc" => "Up",
    "uniqueid" => "1744726988.77",
    "sentntp" => "1744726999.553463",
    "report0fractionlost" => "0",
    "sentpackets" => "499",
    "report0lsr" => "1288057439",
    "linkedid" => "1744726988.77",
    "ssrc" => "0x51b37320",
    "exten" => "101",
    "channel" => "PJSIP/102-00000032",
    "report0iajitter" => "6",
    "sentrtp" => "79840",
    "context" => "org_all",
    "connectedlinename" => "101",
    "priority" => "2",
    "to" => "192.168.0.16:4067",
    "reportcount" => "1",
    "language" => "en",
    "sentoctets" => "79840",
    "calleridname" => "asd",
    "from" => "192.168.0.16:15579",
    "report0cumulativelost" => "0",
    "report0sequencenumbercycles" => "0",
    "calleridnum" => "102",
    "channelstate" => "6",
    "accountcode" => "",
    "report0dlsr" => "0.8050",
    "report0sourcessrc" => "0x4c962ed5",
    "connectedlinenum" => "101"
  },
  variables: %{}
}
[2025-04-15 14:23:21.447155Z] %ElixirAmi.Event{
  event: "hanguprequest",
  source: :asterisk_connection,
  action_id: nil,
  keys: %{
    "accountcode" => "",
    "calleridname" => "101",
    "calleridnum" => "101",
    "cause" => "17",
    "channel" => "PJSIP/101-00000033",
    "channelstate" => "5",
    "channelstatedesc" => "Ringing",
    "connectedlinename" => "asd",
    "connectedlinenum" => "102",
    "context" => "org_all",
    "exten" => "101",
    "language" => "en",
    "linkedid" => "1744726988.77",
    "priority" => "1",
    "privilege" => "call,all",
    "uniqueid" => "1744726989.78"
  },
  variables: %{}
}
[2025-04-15 14:23:21.447611Z] %ElixirAmi.Event{
  event: "dialend",
  source: :asterisk_connection,
  action_id: nil,
  keys: %{
    "accountcode" => "",
    "calleridname" => "asd",
    "calleridnum" => "102",
    "channel" => "PJSIP/102-00000032",
    "channelstate" => "6",
    "channelstatedesc" => "Up",
    "connectedlinename" => "101",
    "connectedlinenum" => "101",
    "context" => "org_all",
    "destaccountcode" => "",
    "destcalleridname" => "101",
    "destcalleridnum" => "101",
    "destchannel" => "PJSIP/101-00000033",
    "destchannelstate" => "5",
    "destchannelstatedesc" => "Ringing",
    "destconnectedlinename" => "asd",
    "destconnectedlinenum" => "102",
    "destcontext" => "org_all",
    "destexten" => "101",
    "destlanguage" => "en",
    "destlinkedid" => "1744726988.77",
    "destpriority" => "1",
    "destuniqueid" => "1744726989.78",
    "dialstatus" => "BUSY",
    "exten" => "101",
    "language" => "en",
    "linkedid" => "1744726988.77",
    "priority" => "2",
    "privilege" => "call,all",
    "uniqueid" => "1744726988.77"
  },
  variables: %{}
}
[2025-04-15 14:23:21.447930Z] %ElixirAmi.Event{
  event: "varset",
  source: :asterisk_connection,
  action_id: nil,
  keys: %{
    "accountcode" => "",
    "calleridname" => "asd",
    "calleridnum" => "102",
    "channel" => "PJSIP/102-00000032",
    "channelstate" => "6",
    "channelstatedesc" => "Up",
    "connectedlinename" => "101",
    "connectedlinenum" => "101",
    "context" => "org_all",
    "exten" => "101",
    "language" => "en",
    "linkedid" => "1744726988.77",
    "priority" => "2",
    "privilege" => "dialplan,all",
    "uniqueid" => "1744726988.77",
    "value" => "BUSY",
    "variable" => "DIALSTATUS"
  },
  variables: %{}
}
[2025-04-15 14:23:21.448470Z] %ElixirAmi.Event{
  event: "hangup",
  source: :asterisk_connection,
  action_id: nil,
  keys: %{
    "accountcode" => "",
    "calleridname" => "101",
    "calleridnum" => "101",
    "cause" => "17",
    "cause-txt" => "User busy",
    "channel" => "PJSIP/101-00000033",
    "channelstate" => "5",
    "channelstatedesc" => "Ringing",
    "connectedlinename" => "asd",
    "connectedlinenum" => "102",
    "context" => "org_all",
    "exten" => "101",
    "language" => "en",
    "linkedid" => "1744726988.77",
    "priority" => "1",
    "privilege" => "call,all",
    "uniqueid" => "1744726989.78"
  },
  variables: %{}
}
[2025-04-15 14:23:23.348200Z] %ElixirAmi.Event{
  event: "rtcpreceived",
  source: :asterisk_connection,
  action_id: nil,
  keys: %{
    "pt" => "200(SR)",
    "report0highestsequence" => "19573",
    "mes" => "85.4",
    "privilege" => "reporting,all",
    "channelstatedesc" => "Up",
    "uniqueid" => "1744726988.77",
    "sentntp" => "1744752202.796834",
    "report0fractionlost" => "0",
    "sentpackets" => "690",
    "report0lsr" => "3931606447",
    "linkedid" => "1744726988.77",
    "ssrc" => "0xeba94cca",
    "exten" => "101",
    "channel" => "PJSIP/102-00000032",
    "report0iajitter" => "0",
    "sentrtp" => "110368",
    "context" => "org_all",
    "connectedlinename" => "101",
    "priority" => "2",
    "rtt" => "0.0002",
    "to" => "192.168.0.16:15579",
    "reportcount" => "1",
    "language" => "en",
    "sentoctets" => "110400",
    "calleridname" => "asd",
    "from" => "192.168.0.16:4067",
    "report0cumulativelost" => "0",
    "report0sequencenumbercycles" => "0",
    "calleridnum" => "102",
    "channelstate" => "6",
    "accountcode" => "",
    "report0dlsr" => "3.7941",
    "report0sourcessrc" => "0x51b37320",
    "connectedlinenum" => "101"
  },
  variables: %{}
}
[2025-04-15 14:23:24.554082Z] %ElixirAmi.Event{
  event: "rtcpsent",
  source: :asterisk_connection,
  action_id: nil,
  keys: %{
    "pt" => "200(SR)",
    "report0highestsequence" => "30655",
    "mes" => "85.4",
    "privilege" => "reporting,all",
    "channelstatedesc" => "Up",
    "uniqueid" => "1744726988.77",
    "sentntp" => "1744727004.553541",
    "report0fractionlost" => "0",
    "sentpackets" => "749",
    "report0lsr" => "1288358909",
    "linkedid" => "1744726988.77",
    "ssrc" => "0x51b37320",
    "exten" => "101",
    "channel" => "PJSIP/102-00000032",
    "report0iajitter" => "6",
    "sentrtp" => "119840",
    "context" => "org_all",
    "connectedlinename" => "101",
    "priority" => "2",
    "to" => "192.168.0.16:4067",
    "reportcount" => "1",
    "language" => "en",
    "sentoctets" => "119840",
    "calleridname" => "asd",
    "from" => "192.168.0.16:15579",
    "report0cumulativelost" => "0",
    "report0sequencenumbercycles" => "0",
    "calleridnum" => "102",
    "channelstate" => "6",
    "accountcode" => "",
    "report0dlsr" => "1.2050",
    "report0sourcessrc" => "0x4c962ed5",
    "connectedlinenum" => "101"
  },
  variables: %{}
}
[2025-04-15 14:23:27.949197Z] %ElixirAmi.Event{
  event: "rtcpreceived",
  source: :asterisk_connection,
  action_id: nil,
  keys: %{
    "pt" => "200(SR)",
    "report0highestsequence" => "19803",
    "mes" => "85.4",
    "privilege" => "reporting,all",
    "channelstatedesc" => "Up",
    "uniqueid" => "1744726988.77",
    "sentntp" => "1744752207.397831",
    "report0fractionlost" => "0",
    "sentpackets" => "920",
    "report0lsr" => "3931934132",
    "linkedid" => "1744726988.77",
    "ssrc" => "0xeba94ccf",
    "exten" => "101",
    "channel" => "PJSIP/102-00000032",
    "report0iajitter" => "0",
    "sentrtp" => "147176",
    "context" => "org_all",
    "connectedlinename" => "101",
    "priority" => "2",
    "rtt" => "0.0001",
    "to" => "192.168.0.16:15579",
    "reportcount" => "1",
    "language" => "en",
    "sentoctets" => "147200",
    "calleridname" => "asd",
    "from" => "192.168.0.16:4067",
    "report0cumulativelost" => "0",
    "report0sequencenumbercycles" => "0",
    "calleridnum" => "102",
    "channelstate" => "6",
    "accountcode" => "",
    "report0dlsr" => "3.3950",
    "report0sourcessrc" => "0x51b37320",
    "connectedlinenum" => "101"
  },
  variables: %{}
}
[2025-04-15 14:23:29.554147Z] %ElixirAmi.Event{
  event: "rtcpsent",
  source: :asterisk_connection,
  action_id: nil,
  keys: %{
    "pt" => "200(SR)",
    "report0highestsequence" => "30905",
    "mes" => "85.4",
    "privilege" => "reporting,all",
    "channelstatedesc" => "Up",
    "uniqueid" => "1744726988.77",
    "sentntp" => "1744727009.553656",
    "report0fractionlost" => "0",
    "sentpackets" => "999",
    "report0lsr" => "1288660440",
    "linkedid" => "1744726988.77",
    "ssrc" => "0x51b37320",
    "exten" => "101",
    "channel" => "PJSIP/102-00000032",
    "report0iajitter" => "6",
    "sentrtp" => "159840",
    "context" => "org_all",
    "connectedlinename" => "101",
    "priority" => "2",
    "to" => "192.168.0.16:4067",
    "reportcount" => "1",
    "language" => "en",
    "sentoctets" => "159840",
    "calleridname" => "asd",
    "from" => "192.168.0.16:15579",
    "report0cumulativelost" => "0",
    "report0sequencenumbercycles" => "0",
    "calleridnum" => "102",
    "channelstate" => "6",
    "accountcode" => "",
    "report0dlsr" => "1.6040",
    "report0sourcessrc" => "0x4c962ed5",
    "connectedlinenum" => "101"
  },
  variables: %{}
}
[2025-04-15 14:23:31.447406Z] %ElixirAmi.Event{
  event: "softhanguprequest",
  source: :asterisk_connection,
  action_id: nil,
  keys: %{
    "accountcode" => "",
    "calleridname" => "asd",
    "calleridnum" => "102",
    "cause" => "16",
    "channel" => "PJSIP/102-00000032",
    "channelstate" => "6",
    "channelstatedesc" => "Up",
    "connectedlinename" => "101",
    "connectedlinenum" => "101",
    "context" => "org_all",
    "exten" => "101",
    "language" => "en",
    "linkedid" => "1744726988.77",
    "priority" => "2",
    "privilege" => "call,all",
    "uniqueid" => "1744726988.77"
  },
  variables: %{}
}
[2025-04-15 14:23:31.447941Z] %ElixirAmi.Event{
  event: "varset",
  source: :asterisk_connection,
  action_id: nil,
  keys: %{
    "accountcode" => "",
    "calleridname" => "asd",
    "calleridnum" => "102",
    "channel" => "PJSIP/102-00000032",
    "channelstate" => "6",
    "channelstatedesc" => "Up",
    "connectedlinename" => "101",
    "connectedlinenum" => "101",
    "context" => "org_all",
    "exten" => "101",
    "language" => "en",
    "linkedid" => "1744726988.77",
    "priority" => "2",
    "privilege" => "dialplan,all",
    "uniqueid" => "1744726988.77",
    "value" => "ssrc=1370714912;themssrc=1284910805;lp=0;rxjitter=0.000000;rxcount=1095;txjitter=0.000750;txcount=1094;rlp=0;rtt=0.000137;rxmes=85.364912;txmes=85.364912",
    "variable" => "RTPAUDIOQOS"
  },
  variables: %{}
}
[2025-04-15 14:23:31.448140Z] %ElixirAmi.Event{
  event: "varset",
  source: :asterisk_connection,
  action_id: nil,
  keys: %{
    "accountcode" => "",
    "calleridname" => "asd",
    "calleridnum" => "102",
    "channel" => "PJSIP/102-00000032",
    "channelstate" => "6",
    "channelstatedesc" => "Up",
    "connectedlinename" => "101",
    "connectedlinenum" => "101",
    "context" => "org_all",
    "exten" => "101",
    "language" => "en",
    "linkedid" => "1744726988.77",
    "priority" => "2",
    "privilege" => "dialplan,all",
    "uniqueid" => "1744726988.77",
    "value" => "minrxjitter=000.000000;maxrxjitter=000.000875;avgrxjitter=000.000752;stdevrxjitter=000.000093;mintxjitter=000.000000;maxtxjitter=000.000000;avgtxjitter=000.000000;stdevtxjitter=000.000000;",
    "variable" => "RTPAUDIOQOSJITTER"
  },
  variables: %{}
}
[2025-04-15 14:23:31.448450Z] %ElixirAmi.Event{
  event: "varset",
  source: :asterisk_connection,
  action_id: nil,
  keys: %{
    "accountcode" => "",
    "calleridname" => "asd",
    "calleridnum" => "102",
    "channel" => "PJSIP/102-00000032",
    "channelstate" => "6",
    "channelstatedesc" => "Up",
    "connectedlinename" => "101",
    "connectedlinenum" => "101",
    "context" => "org_all",
    "exten" => "101",
    "language" => "en",
    "linkedid" => "1744726988.77",
    "priority" => "2",
    "privilege" => "dialplan,all",
    "uniqueid" => "1744726988.77",
    "value" => "minrxlost=000.000000;  maxrxlost=000.000000;  avgrxlost=000.000000;  stdevrxlost=000.000000;  mintxlost=000.000000;  maxtxlost=000.000000;  avgtxlost=000.000000;  stdevtxlost=000.000000;",
    "variable" => "RTPAUDIOQOSLOSS"
  },
  variables: %{}
}
[2025-04-15 14:23:31.448716Z] %ElixirAmi.Event{
  event: "varset",
  source: :asterisk_connection,
  action_id: nil,
  keys: %{
    "accountcode" => "",
    "calleridname" => "asd",
    "calleridnum" => "102",
    "channel" => "PJSIP/102-00000032",
    "channelstate" => "6",
    "channelstatedesc" => "Up",
    "connectedlinename" => "101",
    "connectedlinenum" => "101",
    "context" => "org_all",
    "exten" => "101",
    "language" => "en",
    "linkedid" => "1744726988.77",
    "priority" => "2",
    "privilege" => "dialplan,all",
    "uniqueid" => "1744726988.77",
    "value" => "minrtt=000.000137;     maxrtt=000.000152;     avgrtt=000.000142;     stdevrtt=000.000007;",
    "variable" => "RTPAUDIOQOSRTT"
  },
  variables: %{}
}
[2025-04-15 14:23:31.448905Z] %ElixirAmi.Event{
  event: "varset",
  source: :asterisk_connection,
  action_id: nil,
  keys: %{
    "accountcode" => "",
    "calleridname" => "asd",
    "calleridnum" => "102",
    "channel" => "PJSIP/102-00000032",
    "channelstate" => "6",
    "channelstatedesc" => "Up",
    "connectedlinename" => "101",
    "connectedlinenum" => "101",
    "context" => "org_all",
    "exten" => "101",
    "language" => "en",
    "linkedid" => "1744726988.77",
    "priority" => "2",
    "privilege" => "dialplan,all",
    "uniqueid" => "1744726988.77",
    "value" => "minrxmes=085.364870;   maxrxmes=085.367289;   avgrxmes=085.365517;   stdevrxmes=000.000093;   mintxmes=085.364870;   maxtxmes=085.367289;   avgtxmes=085.366276;   stdevtxmes=000.001170;",
    "variable" => "RTPAUDIOQOSMES"
  },
  variables: %{}
}
[2025-04-15 14:23:31.449066Z] %ElixirAmi.Event{
  event: "newexten",
  source: :asterisk_connection,
  action_id: nil,
  keys: %{
    "accountcode" => "",
    "appdata" => "(Outgoing Line)",
    "application" => "AppDial2",
    "calleridname" => "asd",
    "calleridnum" => "102",
    "channel" => "PJSIP/102-00000032",
    "channelstate" => "6",
    "channelstatedesc" => "Up",
    "connectedlinename" => "101",
    "connectedlinenum" => "101",
    "context" => "org_all",
    "exten" => "101",
    "extension" => "101",
    "language" => "en",
    "linkedid" => "1744726988.77",
    "priority" => "3",
    "privilege" => "dialplan,all",
    "uniqueid" => "1744726988.77"
  },
  variables: %{}
}
[2025-04-15 14:23:31.449215Z] %ElixirAmi.Event{
  event: "hangup",
  source: :asterisk_connection,
  action_id: nil,
  keys: %{
    "accountcode" => "",
    "calleridname" => "asd",
    "calleridnum" => "102",
    "cause" => "17",
    "cause-txt" => "User busy",
    "channel" => "PJSIP/102-00000032",
    "channelstate" => "6",
    "channelstatedesc" => "Up",
    "connectedlinename" => "101",
    "connectedlinenum" => "101",
    "context" => "org_all",
    "exten" => "101",
    "language" => "en",
    "linkedid" => "1744726988.77",
    "priority" => "3",
    "privilege" => "call,all",
    "uniqueid" => "1744726988.77"
  },
  variables: %{}
}
