[2025-04-16 02:51:11.838212Z] %ElixirAmi.Event{
  event: "newstate",
  source: :asterisk_connection,
  action_id: nil,
  keys: %{
    "accountcode" => "",
    "calleridname" => "IVAN",
    "calleridnum" => "101",
    "channel" => "PJSIP/101-0000007f",
    "channelstate" => "5",
    "channelstatedesc" => "Ringing",
    "connectedlinename" => "IVAN",
    "connectedlinenum" => "101",
    "context" => "org_all",
    "exten" => "s",
    "language" => "en",
    "linkedid" => "1744771870.191",
    "priority" => "1",
    "privilege" => "call,all",
    "uniqueid" => "1744771870.191"
  },
  variables: %{}
}
[2025-04-16 02:51:11.838217Z] %ElixirAmi.Event{
  event: "newcallerid",
  source: :asterisk_connection,
  action_id: nil,
  keys: %{
    "accountcode" => "",
    "calleridname" => "IVAN",
    "calleridnum" => "101",
    "channel" => "PJSIP/101-0000007f",
    "channelstate" => "0",
    "channelstatedesc" => "Down",
    "cid-callingpres" => "0 (Presentation Allowed, Not Screened)",
    "connectedlinename" => "<unknown>",
    "connectedlinenum" => "<unknown>",
    "context" => "org_all",
    "exten" => "s",
    "language" => "en",
    "linkedid" => "1744771870.191",
    "priority" => "1",
    "privilege" => "call,all",
    "uniqueid" => "1744771870.191"
  },
  variables: %{}
}
[2025-04-16 02:51:11.842803Z] %ElixirAmi.Event{
  event: "varset",
  source: :asterisk_connection,
  action_id: nil,
  keys: %{
    "accountcode" => "",
    "calleridname" => "IVAN",
    "calleridnum" => "101",
    "channel" => "PJSIP/101-0000007f",
    "channelstate" => "6",
    "channelstatedesc" => "Up",
    "connectedlinename" => "IVAN",
    "connectedlinenum" => "101",
    "context" => "org_all",
    "exten" => "102",
    "language" => "en",
    "linkedid" => "1744771870.191",
    "priority" => "2",
    "privilege" => "dialplan,all",
    "uniqueid" => "1744771870.191",
    "value" => "",
    "variable" => "RINGTIME_MS"
  },
  variables: %{}
}
[2025-04-16 02:51:11.841986Z] %ElixirAmi.Event{
  event: "newconnectedline",
  source: :asterisk_connection,
  action_id: nil,
  keys: %{
    "accountcode" => "",
    "calleridname" => "IVAN",
    "calleridnum" => "101",
    "channel" => "PJSIP/101-0000007f",
    "channelstate" => "6",
    "channelstatedesc" => "Up",
    "connectedlinename" => "102",
    "connectedlinenum" => "102",
    "context" => "org_all",
    "exten" => "102",
    "language" => "en",
    "linkedid" => "1744771870.191",
    "priority" => "2",
    "privilege" => "call,all",
    "uniqueid" => "1744771870.191"
  },
  variables: %{}
}
[2025-04-16 02:51:11.838602Z] %ElixirAmi.Event{
  event: "varset",
  source: :asterisk_connection,
  action_id: nil,
  keys: %{
    "accountcode" => "",
    "calleridname" => "IVAN",
    "calleridnum" => "101",
    "channel" => "PJSIP/101-0000007f",
    "channelstate" => "6",
    "channelstatedesc" => "Up",
    "connectedlinename" => "IVAN",
    "connectedlinenum" => "101",
    "context" => "org_all",
    "exten" => "102",
    "language" => "en",
    "linkedid" => "1744771870.191",
    "priority" => "2",
    "privilege" => "dialplan,all",
    "uniqueid" => "1744771870.191",
    "value" => "",
    "variable" => "DIALEDTIME_MS"
  },
  variables: %{}
}
[2025-04-16 02:51:11.838226Z] %ElixirAmi.Event{
  event: "newexten",
  source: :asterisk_connection,
  action_id: nil,
  keys: %{
    "accountcode" => "",
    "appdata" => "(Outgoing Line)",
    "application" => "AppDial2",
    "calleridname" => "101",
    "calleridnum" => "101",
    "channel" => "PJSIP/101-0000007f",
    "channelstate" => "0",
    "channelstatedesc" => "Down",
    "connectedlinename" => "<unknown>",
    "connectedlinenum" => "<unknown>",
    "context" => "org_all",
    "exten" => "s",
    "extension" => "s",
    "language" => "en",
    "linkedid" => "1744771870.191",
    "priority" => "1",
    "privilege" => "dialplan,all",
    "uniqueid" => "1744771870.191"
  },
  variables: %{}
}
[2025-04-16 02:51:11.838865Z] %ElixirAmi.Event{
  event: "varset",
  source: :asterisk_connection,
  action_id: nil,
  keys: %{
    "accountcode" => "",
    "calleridname" => "IVAN",
    "calleridnum" => "101",
    "channel" => "PJSIP/101-0000007f",
    "channelstate" => "6",
    "channelstatedesc" => "Up",
    "connectedlinename" => "IVAN",
    "connectedlinenum" => "101",
    "context" => "org_all",
    "exten" => "102",
    "language" => "en",
    "linkedid" => "1744771870.191",
    "priority" => "2",
    "privilege" => "dialplan,all",
    "uniqueid" => "1744771870.191",
    "value" => "",
    "variable" => "RINGTIME"
  },
  variables: %{}
}
[2025-04-16 02:51:11.844246Z] %ElixirAmi.Event{
  event: "dialstate",
  source: :asterisk_connection,
  action_id: nil,
  keys: %{
    "accountcode" => "",
    "calleridname" => "IVAN",
    "calleridnum" => "101",
    "channel" => "PJSIP/101-0000007f",
    "channelstate" => "6",
    "channelstatedesc" => "Up",
    "connectedlinename" => "102",
    "connectedlinenum" => "102",
    "context" => "org_all",
    "destaccountcode" => "",
    "destcalleridname" => "102",
    "destcalleridnum" => "102",
    "destchannel" => "PJSIP/102-00000080",
    "destchannelstate" => "5",
    "destchannelstatedesc" => "Ringing",
    "destconnectedlinename" => "IVAN",
    "destconnectedlinenum" => "101",
    "destcontext" => "org_all",
    "destexten" => "102",
    "destlanguage" => "en",
    "destlinkedid" => "1744771870.191",
    "destpriority" => "1",
    "destuniqueid" => "1744771871.192",
    "dialstatus" => "RINGING",
    "exten" => "102",
    "language" => "en",
    "linkedid" => "1744771870.191",
    "priority" => "2",
    "privilege" => "call,all",
    "uniqueid" => "1744771870.191"
  },
  variables: %{}
}
[2025-04-16 02:51:11.841953Z] %ElixirAmi.Event{
  event: "dialbegin",
  source: :asterisk_connection,
  action_id: nil,
  keys: %{
    "accountcode" => "",
    "calleridname" => "IVAN",
    "calleridnum" => "101",
    "channel" => "PJSIP/101-0000007f",
    "channelstate" => "6",
    "channelstatedesc" => "Up",
    "connectedlinename" => "IVAN",
    "connectedlinenum" => "101",
    "context" => "org_all",
    "destaccountcode" => "",
    "destcalleridname" => "102",
    "destcalleridnum" => "102",
    "destchannel" => "PJSIP/102-00000080",
    "destchannelstate" => "0",
    "destchannelstatedesc" => "Down",
    "destconnectedlinename" => "IVAN",
    "destconnectedlinenum" => "101",
    "destcontext" => "org_all",
    "destexten" => "102",
    "destlanguage" => "en",
    "destlinkedid" => "1744771870.191",
    "destpriority" => "1",
    "destuniqueid" => "1744771871.192",
    "dialstring" => "102",
    "exten" => "102",
    "language" => "en",
    "linkedid" => "1744771870.191",
    "priority" => "2",
    "privilege" => "call,all",
    "uniqueid" => "1744771870.191"
  },
  variables: %{}
}
[2025-04-16 02:51:11.841856Z] %ElixirAmi.Event{
  event: "varset",
  source: :asterisk_connection,
  action_id: nil,
  keys: %{
    "accountcode" => "",
    "calleridname" => "102",
    "calleridnum" => "102",
    "channel" => "PJSIP/102-00000080",
    "channelstate" => "0",
    "channelstatedesc" => "Down",
    "connectedlinename" => "<unknown>",
    "connectedlinenum" => "<unknown>",
    "context" => "org_all",
    "exten" => "s",
    "language" => "en",
    "linkedid" => "1744771870.191",
    "priority" => "1",
    "privilege" => "dialplan,all",
    "uniqueid" => "1744771871.192",
    "value" => "102",
    "variable" => "DIALEDPEERNUMBER"
  },
  variables: %{}
}
[2025-04-16 02:51:11.841851Z] %ElixirAmi.Event{
  event: "newchannel",
  source: :asterisk_connection,
  action_id: nil,
  keys: %{
    "accountcode" => "",
    "calleridname" => "102",
    "calleridnum" => "102",
    "channel" => "PJSIP/102-00000080",
    "channelstate" => "0",
    "channelstatedesc" => "Down",
    "connectedlinename" => "<unknown>",
    "connectedlinenum" => "<unknown>",
    "context" => "org_all",
    "exten" => "s",
    "language" => "en",
    "linkedid" => "1744771870.191",
    "priority" => "1",
    "privilege" => "call,all",
    "uniqueid" => "1744771871.192"
  },
  variables: %{}
}
[2025-04-16 02:51:11.841843Z] %ElixirAmi.Event{
  event: "varset",
  source: :asterisk_connection,
  action_id: nil,
  keys: %{
    "accountcode" => "",
    "calleridname" => "IVAN",
    "calleridnum" => "101",
    "channel" => "PJSIP/101-0000007f",
    "channelstate" => "6",
    "channelstatedesc" => "Up",
    "connectedlinename" => "IVAN",
    "connectedlinenum" => "101",
    "context" => "org_all",
    "exten" => "102",
    "language" => "en",
    "linkedid" => "1744771870.191",
    "priority" => "2",
    "privilege" => "dialplan,all",
    "uniqueid" => "1744771870.191",
    "value" => "",
    "variable" => "PROGRESSTIME_MS"
  },
  variables: %{}
}
[2025-04-16 02:51:11.838219Z] %ElixirAmi.Event{
  event: "newchannel",
  source: :asterisk_connection,
  action_id: nil,
  keys: %{
    "accountcode" => "",
    "calleridname" => "101",
    "calleridnum" => "101",
    "channel" => "PJSIP/101-0000007f",
    "channelstate" => "0",
    "channelstatedesc" => "Down",
    "connectedlinename" => "<unknown>",
    "connectedlinenum" => "<unknown>",
    "context" => "org_all",
    "exten" => "s",
    "language" => "en",
    "linkedid" => "1744771870.191",
    "priority" => "1",
    "privilege" => "call,all",
    "uniqueid" => "1744771870.191"
  },
  variables: %{}
}
[2025-04-16 02:51:11.838805Z] %ElixirAmi.Event{
  event: "newexten",
  source: :asterisk_connection,
  action_id: nil,
  keys: %{
    "accountcode" => "",
    "appdata" => "PJSIP/102,20,",
    "application" => "Dial",
    "calleridname" => "IVAN",
    "calleridnum" => "101",
    "channel" => "PJSIP/101-0000007f",
    "channelstate" => "6",
    "channelstatedesc" => "Up",
    "connectedlinename" => "IVAN",
    "connectedlinenum" => "101",
    "context" => "org_all",
    "exten" => "102",
    "extension" => "102",
    "language" => "en",
    "linkedid" => "1744771870.191",
    "priority" => "2",
    "privilege" => "dialplan,all",
    "uniqueid" => "1744771870.191"
  },
  variables: %{}
}
[2025-04-16 02:51:11.838227Z] %ElixirAmi.Event{
  event: "rtcpreceived",
  source: :asterisk_connection,
  action_id: nil,
  keys: %{
    "accountcode" => "",
    "calleridname" => "IVAN",
    "calleridnum" => "101",
    "channel" => "PJSIP/101-0000007f",
    "channelstate" => "5",
    "channelstatedesc" => "Ringing",
    "connectedlinename" => "IVAN",
    "connectedlinenum" => "101",
    "context" => "org_all",
    "exten" => "s",
    "from" => "192.168.0.16:4113",
    "language" => "en",
    "linkedid" => "1744771870.191",
    "mes" => "85.4",
    "priority" => "1",
    "privilege" => "reporting,all",
    "pt" => "201(RR)",
    "report0cumulativelost" => "0",
    "report0dlsr" => "0.0000",
    "report0fractionlost" => "0",
    "report0highestsequence" => "0",
    "report0iajitter" => "0",
    "report0lsr" => "0",
    "report0sequencenumbercycles" => "0",
    "report0sourcessrc" => "0x00000000",
    "reportcount" => "1",
    "rtt" => "0.0000",
    "ssrc" => "0x00000000",
    "to" => "192.168.0.16:16999",
    "uniqueid" => "1744771870.191"
  },
  variables: %{}
}
[2025-04-16 02:51:11.838219Z] %ElixirAmi.Event{
  event: "newstate",
  source: :asterisk_connection,
  action_id: nil,
  keys: %{
    "accountcode" => "",
    "calleridname" => "IVAN",
    "calleridnum" => "101",
    "channel" => "PJSIP/101-0000007f",
    "channelstate" => "6",
    "channelstatedesc" => "Up",
    "connectedlinename" => "IVAN",
    "connectedlinenum" => "101",
    "context" => "org_all",
    "exten" => "s",
    "language" => "en",
    "linkedid" => "1744771870.191",
    "priority" => "1",
    "privilege" => "call,all",
    "uniqueid" => "1744771870.191"
  },
  variables: %{}
}
[2025-04-16 02:51:11.838216Z] %ElixirAmi.Event{
  event: "newexten",
  source: :asterisk_connection,
  action_id: nil,
  keys: %{
    "accountcode" => "",
    "appdata" => "",
    "application" => "NoOp",
    "calleridname" => "IVAN",
    "calleridnum" => "101",
    "channel" => "PJSIP/101-0000007f",
    "channelstate" => "6",
    "channelstatedesc" => "Up",
    "connectedlinename" => "IVAN",
    "connectedlinenum" => "101",
    "context" => "org_all",
    "exten" => "102",
    "extension" => "102",
    "language" => "en",
    "linkedid" => "1744771870.191",
    "priority" => "1",
    "privilege" => "dialplan,all",
    "uniqueid" => "1744771870.191"
  },
  variables: %{}
}
[2025-04-16 02:51:11.838810Z] %ElixirAmi.Event{
  event: "varset",
  source: :asterisk_connection,
  action_id: nil,
  keys: %{
    "accountcode" => "",
    "calleridname" => "IVAN",
    "calleridnum" => "101",
    "channel" => "PJSIP/101-0000007f",
    "channelstate" => "6",
    "channelstatedesc" => "Up",
    "connectedlinename" => "IVAN",
    "connectedlinenum" => "101",
    "context" => "org_all",
    "exten" => "102",
    "language" => "en",
    "linkedid" => "1744771870.191",
    "priority" => "2",
    "privilege" => "dialplan,all",
    "uniqueid" => "1744771870.191",
    "value" => "",
    "variable" => "DIALEDPEERNAME"
  },
  variables: %{}
}
[2025-04-16 02:51:11.838813Z] %ElixirAmi.Event{
  event: "varset",
  source: :asterisk_connection,
  action_id: nil,
  keys: %{
    "accountcode" => "",
    "calleridname" => "IVAN",
    "calleridnum" => "101",
    "channel" => "PJSIP/101-0000007f",
    "channelstate" => "6",
    "channelstatedesc" => "Up",
    "connectedlinename" => "IVAN",
    "connectedlinenum" => "101",
    "context" => "org_all",
    "exten" => "102",
    "language" => "en",
    "linkedid" => "1744771870.191",
    "priority" => "2",
    "privilege" => "dialplan,all",
    "uniqueid" => "1744771870.191",
    "value" => "",
    "variable" => "ANSWEREDTIME"
  },
  variables: %{}
}
[2025-04-16 02:51:11.838224Z] %ElixirAmi.Event{
  event: "newconnectedline",
  source: :asterisk_connection,
  action_id: nil,
  keys: %{
    "accountcode" => "",
    "calleridname" => "IVAN",
    "calleridnum" => "101",
    "channel" => "PJSIP/101-0000007f",
    "channelstate" => "0",
    "channelstatedesc" => "Down",
    "connectedlinename" => "IVAN",
    "connectedlinenum" => "101",
    "context" => "org_all",
    "exten" => "s",
    "language" => "en",
    "linkedid" => "1744771870.191",
    "priority" => "1",
    "privilege" => "call,all",
    "uniqueid" => "1744771870.191"
  },
  variables: %{}
}
[2025-04-16 02:51:11.838807Z] %ElixirAmi.Event{
  event: "varset",
  source: :asterisk_connection,
  action_id: nil,
  keys: %{
    "accountcode" => "",
    "calleridname" => "IVAN",
    "calleridnum" => "101",
    "channel" => "PJSIP/101-0000007f",
    "channelstate" => "6",
    "channelstatedesc" => "Up",
    "connectedlinename" => "IVAN",
    "connectedlinenum" => "101",
    "context" => "org_all",
    "exten" => "102",
    "language" => "en",
    "linkedid" => "1744771870.191",
    "priority" => "2",
    "privilege" => "dialplan,all",
    "uniqueid" => "1744771870.191",
    "value" => "",
    "variable" => "DIALSTATUS"
  },
  variables: %{}
}
[2025-04-16 02:51:11.842292Z] %ElixirAmi.Event{
  event: "varset",
  source: :asterisk_connection,
  action_id: nil,
  keys: %{
    "accountcode" => "",
    "calleridname" => "IVAN",
    "calleridnum" => "101",
    "channel" => "PJSIP/101-0000007f",
    "channelstate" => "6",
    "channelstatedesc" => "Up",
    "connectedlinename" => "102",
    "connectedlinenum" => "102",
    "context" => "org_all",
    "exten" => "102",
    "language" => "en",
    "linkedid" => "1744771870.191",
    "priority" => "2",
    "privilege" => "dialplan,all",
    "uniqueid" => "1744771870.191",
    "value" => "0",
    "variable" => "RINGTIME"
  },
  variables: %{}
}
[2025-04-16 02:51:11.841888Z] %ElixirAmi.Event{
  event: "newconnectedline",
  source: :asterisk_connection,
  action_id: nil,
  keys: %{
    "accountcode" => "",
    "calleridname" => "102",
    "calleridnum" => "102",
    "channel" => "PJSIP/102-00000080",
    "channelstate" => "0",
    "channelstatedesc" => "Down",
    "connectedlinename" => "IVAN",
    "connectedlinenum" => "101",
    "context" => "org_all",
    "exten" => "102",
    "language" => "en",
    "linkedid" => "1744771870.191",
    "priority" => "1",
    "privilege" => "call,all",
    "uniqueid" => "1744771871.192"
  },
  variables: %{}
}
[2025-04-16 02:51:11.842558Z] %ElixirAmi.Event{
  event: "varset",
  source: :asterisk_connection,
  action_id: nil,
  keys: %{
    "accountcode" => "",
    "calleridname" => "IVAN",
    "calleridnum" => "101",
    "channel" => "PJSIP/101-0000007f",
    "channelstate" => "6",
    "channelstatedesc" => "Up",
    "connectedlinename" => "102",
    "connectedlinenum" => "102",
    "context" => "org_all",
    "exten" => "102",
    "language" => "en",
    "linkedid" => "1744771870.191",
    "priority" => "2",
    "privilege" => "dialplan,all",
    "uniqueid" => "1744771870.191",
    "value" => "7",
    "variable" => "RINGTIME_MS"
  },
  variables: %{}
}
[2025-04-16 02:51:11.842003Z] %ElixirAmi.Event{
  event: "newstate",
  source: :asterisk_connection,
  action_id: nil,
  keys: %{
    "accountcode" => "",
    "calleridname" => "102",
    "calleridnum" => "102",
    "channel" => "PJSIP/102-00000080",
    "channelstate" => "5",
    "channelstatedesc" => "Ringing",
    "connectedlinename" => "IVAN",
    "connectedlinenum" => "101",
    "context" => "org_all",
    "exten" => "102",
    "language" => "en",
    "linkedid" => "1744771870.191",
    "priority" => "1",
    "privilege" => "call,all",
    "uniqueid" => "1744771871.192"
  },
  variables: %{}
}
[2025-04-16 02:51:11.841707Z] %ElixirAmi.Event{
  event: "varset",
  source: :asterisk_connection,
  action_id: nil,
  keys: %{
    "accountcode" => "",
    "calleridname" => "IVAN",
    "calleridnum" => "101",
    "channel" => "PJSIP/101-0000007f",
    "channelstate" => "6",
    "channelstatedesc" => "Up",
    "connectedlinename" => "IVAN",
    "connectedlinenum" => "101",
    "context" => "org_all",
    "exten" => "102",
    "language" => "en",
    "linkedid" => "1744771870.191",
    "priority" => "2",
    "privilege" => "dialplan,all",
    "uniqueid" => "1744771870.191",
    "value" => "",
    "variable" => "PROGRESSTIME"
  },
  variables: %{}
}
[2025-04-16 02:51:11.838257Z] %ElixirAmi.Event{
  event: "varset",
  source: :asterisk_connection,
  action_id: nil,
  keys: %{
    "accountcode" => "",
    "calleridname" => "IVAN",
    "calleridnum" => "101",
    "channel" => "PJSIP/101-0000007f",
    "channelstate" => "6",
    "channelstatedesc" => "Up",
    "connectedlinename" => "IVAN",
    "connectedlinenum" => "101",
    "context" => "org_all",
    "exten" => "102",
    "language" => "en",
    "linkedid" => "1744771870.191",
    "priority" => "2",
    "privilege" => "dialplan,all",
    "uniqueid" => "1744771870.191",
    "value" => "",
    "variable" => "DIALEDTIME"
  },
  variables: %{}
}
[2025-04-16 02:51:11.841860Z] %ElixirAmi.Event{
  event: "newexten",
  source: :asterisk_connection,
  action_id: nil,
  keys: %{
    "accountcode" => "",
    "appdata" => "(Outgoing Line)",
    "application" => "AppDial",
    "calleridname" => "102",
    "calleridnum" => "102",
    "channel" => "PJSIP/102-00000080",
    "channelstate" => "0",
    "channelstatedesc" => "Down",
    "connectedlinename" => "IVAN",
    "connectedlinenum" => "101",
    "context" => "org_all",
    "exten" => "102",
    "extension" => "102",
    "language" => "en",
    "linkedid" => "1744771870.191",
    "priority" => "1",
    "privilege" => "dialplan,all",
    "uniqueid" => "1744771871.192"
  },
  variables: %{}
}
[2025-04-16 02:51:11.838809Z] %ElixirAmi.Event{
  event: "varset",
  source: :asterisk_connection,
  action_id: nil,
  keys: %{
    "accountcode" => "",
    "calleridname" => "IVAN",
    "calleridnum" => "101",
    "channel" => "PJSIP/101-0000007f",
    "channelstate" => "6",
    "channelstatedesc" => "Up",
    "connectedlinename" => "IVAN",
    "connectedlinenum" => "101",
    "context" => "org_all",
    "exten" => "102",
    "language" => "en",
    "linkedid" => "1744771870.191",
    "priority" => "2",
    "privilege" => "dialplan,all",
    "uniqueid" => "1744771870.191",
    "value" => "",
    "variable" => "DIALEDPEERNUMBER"
  },
  variables: %{}
}
[2025-04-16 02:51:11.838814Z] %ElixirAmi.Event{
  event: "varset",
  source: :asterisk_connection,
  action_id: nil,
  keys: %{
    "accountcode" => "",
    "calleridname" => "IVAN",
    "calleridnum" => "101",
    "channel" => "PJSIP/101-0000007f",
    "channelstate" => "6",
    "channelstatedesc" => "Up",
    "connectedlinename" => "IVAN",
    "connectedlinenum" => "101",
    "context" => "org_all",
    "exten" => "102",
    "language" => "en",
    "linkedid" => "1744771870.191",
    "priority" => "2",
    "privilege" => "dialplan,all",
    "uniqueid" => "1744771870.191",
    "value" => "",
    "variable" => "ANSWEREDTIME_MS"
  },
  variables: %{}
}
[2025-04-16 02:51:11.838222Z] %ElixirAmi.Event{
  event: "rtcpreceived",
  source: :asterisk_connection,
  action_id: nil,
  keys: %{
    "accountcode" => "",
    "calleridname" => "IVAN",
    "calleridnum" => "101",
    "channel" => "PJSIP/101-0000007f",
    "channelstate" => "5",
    "channelstatedesc" => "Ringing",
    "connectedlinename" => "IVAN",
    "connectedlinenum" => "101",
    "context" => "org_all",
    "exten" => "s",
    "from" => "192.168.0.16:4113",
    "language" => "en",
    "linkedid" => "1744771870.191",
    "mes" => "85.4",
    "priority" => "1",
    "privilege" => "reporting,all",
    "pt" => "201(RR)",
    "report0cumulativelost" => "0",
    "report0dlsr" => "0.0000",
    "report0fractionlost" => "0",
    "report0highestsequence" => "0",
    "report0iajitter" => "0",
    "report0lsr" => "0",
    "report0sequencenumbercycles" => "0",
    "report0sourcessrc" => "0x00000000",
    "reportcount" => "1",
    "rtt" => "0.0000",
    "ssrc" => "0x00000000",
    "to" => "192.168.0.16:16999",
    "uniqueid" => "1744771870.191"
  },
  variables: %{}
}
[2025-04-16 02:51:12.040952Z] %ElixirAmi.Event{
  event: "rtcpreceived",
  source: :asterisk_connection,
  action_id: nil,
  keys: %{
    "pt" => "200(SR)",
    "report0highestsequence" => "31772",
    "mes" => "85.4",
    "privilege" => "reporting,all",
    "channelstatedesc" => "Up",
    "uniqueid" => "1744771870.191",
    "sentntp" => "1744797071.208048",
    "report0fractionlost" => "0",
    "sentpackets" => "11",
    "report0lsr" => "0",
    "linkedid" => "1744771870.191",
    "ssrc" => "0xeba9fc0f",
    "exten" => "102",
    "channel" => "PJSIP/101-0000007f",
    "report0iajitter" => "0",
    "sentrtp" => "1664",
    "context" => "org_all",
    "connectedlinename" => "102",
    "priority" => "2",
    "rtt" => "0.0000",
    "to" => "192.168.0.16:16999",
    "reportcount" => "1",
    "language" => "en",
    "sentoctets" => "1760",
    "calleridname" => "IVAN",
    "from" => "192.168.0.16:4113",
    "report0cumulativelost" => "0",
    "report0sequencenumbercycles" => "0",
    "calleridnum" => "101",
    "channelstate" => "6",
    "accountcode" => "",
    "report0dlsr" => "0.0000",
    "report0sourcessrc" => "0x532a8a0f",
    "connectedlinenum" => "102"
  },
  variables: %{}
}
[2025-04-16 02:51:13.091358Z] %ElixirAmi.Event{
  event: "rtcpreceived",
  source: :asterisk_connection,
  action_id: nil,
  keys: %{
    "accountcode" => "",
    "calleridname" => "102",
    "calleridnum" => "102",
    "channel" => "PJSIP/102-00000080",
    "channelstate" => "5",
    "channelstatedesc" => "Ringing",
    "connectedlinename" => "IVAN",
    "connectedlinenum" => "101",
    "context" => "org_all",
    "exten" => "102",
    "from" => "192.168.0.16:4143",
    "language" => "en",
    "linkedid" => "1744771870.191",
    "mes" => "85.4",
    "priority" => "1",
    "privilege" => "reporting,all",
    "pt" => "201(RR)",
    "report0cumulativelost" => "0",
    "report0dlsr" => "0.0000",
    "report0fractionlost" => "0",
    "report0highestsequence" => "0",
    "report0iajitter" => "0",
    "report0lsr" => "0",
    "report0sequencenumbercycles" => "0",
    "report0sourcessrc" => "0x00000000",
    "reportcount" => "1",
    "rtt" => "0.0000",
    "ssrc" => "0x00000000",
    "to" => "192.168.0.16:14387",
    "uniqueid" => "1744771871.192"
  },
  variables: %{}
}
[2025-04-16 02:51:13.092008Z] %ElixirAmi.Event{
  event: "rtcpreceived",
  source: :asterisk_connection,
  action_id: nil,
  keys: %{
    "accountcode" => "",
    "calleridname" => "102",
    "calleridnum" => "102",
    "channel" => "PJSIP/102-00000080",
    "channelstate" => "5",
    "channelstatedesc" => "Ringing",
    "connectedlinename" => "IVAN",
    "connectedlinenum" => "101",
    "context" => "org_all",
    "exten" => "102",
    "from" => "192.168.0.16:4143",
    "language" => "en",
    "linkedid" => "1744771870.191",
    "mes" => "85.4",
    "priority" => "1",
    "privilege" => "reporting,all",
    "pt" => "201(RR)",
    "report0cumulativelost" => "0",
    "report0dlsr" => "0.0000",
    "report0fractionlost" => "0",
    "report0highestsequence" => "0",
    "report0iajitter" => "0",
    "report0lsr" => "0",
    "report0sequencenumbercycles" => "0",
    "report0sourcessrc" => "0x00000000",
    "reportcount" => "1",
    "rtt" => "0.0000",
    "ssrc" => "0x00000000",
    "to" => "192.168.0.16:14387",
    "uniqueid" => "1744771871.192"
  },
  variables: %{}
}
[2025-04-16 02:51:13.092333Z] %ElixirAmi.Event{
  event: "newstate",
  source: :asterisk_connection,
  action_id: nil,
  keys: %{
    "accountcode" => "",
    "calleridname" => "102",
    "calleridnum" => "102",
    "channel" => "PJSIP/102-00000080",
    "channelstate" => "6",
    "channelstatedesc" => "Up",
    "connectedlinename" => "IVAN",
    "connectedlinenum" => "101",
    "context" => "org_all",
    "exten" => "102",
    "language" => "en",
    "linkedid" => "1744771870.191",
    "priority" => "1",
    "privilege" => "call,all",
    "uniqueid" => "1744771871.192"
  },
  variables: %{}
}
[2025-04-16 02:51:13.092522Z] %ElixirAmi.Event{
  event: "varset",
  source: :asterisk_connection,
  action_id: nil,
  keys: %{
    "accountcode" => "",
    "calleridname" => "IVAN",
    "calleridnum" => "101",
    "channel" => "PJSIP/101-0000007f",
    "channelstate" => "6",
    "channelstatedesc" => "Up",
    "connectedlinename" => "102",
    "connectedlinenum" => "102",
    "context" => "org_all",
    "exten" => "102",
    "language" => "en",
    "linkedid" => "1744771870.191",
    "priority" => "2",
    "privilege" => "dialplan,all",
    "uniqueid" => "1744771870.191",
    "value" => "ANSWER",
    "variable" => "DIALSTATUS"
  },
  variables: %{}
}
[2025-04-16 02:51:13.092791Z] %ElixirAmi.Event{
  event: "varset",
  source: :asterisk_connection,
  action_id: nil,
  keys: %{
    "accountcode" => "",
    "calleridname" => "IVAN",
    "calleridnum" => "101",
    "channel" => "PJSIP/101-0000007f",
    "channelstate" => "6",
    "channelstatedesc" => "Up",
    "connectedlinename" => "102",
    "connectedlinenum" => "102",
    "context" => "org_all",
    "exten" => "102",
    "language" => "en",
    "linkedid" => "1744771870.191",
    "priority" => "2",
    "privilege" => "dialplan,all",
    "uniqueid" => "1744771870.191",
    "value" => "PJSIP/102-00000080",
    "variable" => "DIALEDPEERNAME"
  },
  variables: %{}
}
[2025-04-16 02:51:13.092989Z] %ElixirAmi.Event{
  event: "varset",
  source: :asterisk_connection,
  action_id: nil,
  keys: %{
    "accountcode" => "",
    "calleridname" => "IVAN",
    "calleridnum" => "101",
    "channel" => "PJSIP/101-0000007f",
    "channelstate" => "6",
    "channelstatedesc" => "Up",
    "connectedlinename" => "102",
    "connectedlinenum" => "102",
    "context" => "org_all",
    "exten" => "102",
    "language" => "en",
    "linkedid" => "1744771870.191",
    "priority" => "2",
    "privilege" => "dialplan,all",
    "uniqueid" => "1744771870.191",
    "value" => "102",
    "variable" => "DIALEDPEERNUMBER"
  },
  variables: %{}
}
[2025-04-16 02:51:13.093315Z] %ElixirAmi.Event{
  event: "dialend",
  source: :asterisk_connection,
  action_id: nil,
  keys: %{
    "accountcode" => "",
    "calleridname" => "IVAN",
    "calleridnum" => "101",
    "channel" => "PJSIP/101-0000007f",
    "channelstate" => "6",
    "channelstatedesc" => "Up",
    "connectedlinename" => "102",
    "connectedlinenum" => "102",
    "context" => "org_all",
    "destaccountcode" => "",
    "destcalleridname" => "102",
    "destcalleridnum" => "102",
    "destchannel" => "PJSIP/102-00000080",
    "destchannelstate" => "6",
    "destchannelstatedesc" => "Up",
    "destconnectedlinename" => "IVAN",
    "destconnectedlinenum" => "101",
    "destcontext" => "org_all",
    "destexten" => "",
    "destlanguage" => "en",
    "destlinkedid" => "1744771870.191",
    "destpriority" => "1",
    "destuniqueid" => "1744771871.192",
    "dialstatus" => "ANSWER",
    "exten" => "102",
    "language" => "en",
    "linkedid" => "1744771870.191",
    "priority" => "2",
    "privilege" => "call,all",
    "uniqueid" => "1744771870.191"
  },
  variables: %{}
}
[2025-04-16 02:51:13.093597Z] %ElixirAmi.Event{
  event: "newexten",
  source: :asterisk_connection,
  action_id: nil,
  keys: %{
    "accountcode" => "",
    "appdata" => "(Outgoing Line)",
    "application" => "AppDial",
    "calleridname" => "102",
    "calleridnum" => "102",
    "channel" => "PJSIP/102-00000080",
    "channelstate" => "6",
    "channelstatedesc" => "Up",
    "connectedlinename" => "IVAN",
    "connectedlinenum" => "101",
    "context" => "org_all",
    "exten" => "",
    "extension" => "",
    "language" => "en",
    "linkedid" => "1744771870.191",
    "priority" => "1",
    "privilege" => "dialplan,all",
    "uniqueid" => "1744771871.192"
  },
  variables: %{}
}
[2025-04-16 02:51:13.093911Z] %ElixirAmi.Event{
  event: "bridgeenter",
  source: :asterisk_connection,
  action_id: nil,
  keys: %{
    "accountcode" => "",
    "bridgecreator" => "<unknown>",
    "bridgename" => "<unknown>",
    "bridgenumchannels" => "1",
    "bridgetechnology" => "simple_bridge",
    "bridgetype" => "basic",
    "bridgeuniqueid" => "28df5580-c977-4fa1-a644-684c62be74b3",
    "bridgevideosourcemode" => "none",
    "calleridname" => "102",
    "calleridnum" => "102",
    "channel" => "PJSIP/102-00000080",
    "channelstate" => "6",
    "channelstatedesc" => "Up",
    "connectedlinename" => "IVAN",
    "connectedlinenum" => "101",
    "context" => "org_all",
    "exten" => "",
    "language" => "en",
    "linkedid" => "1744771870.191",
    "priority" => "1",
    "privilege" => "call,all",
    "uniqueid" => "1744771871.192"
  },
  variables: %{}
}
[2025-04-16 02:51:13.094257Z] %ElixirAmi.Event{
  event: "bridgeenter",
  source: :asterisk_connection,
  action_id: nil,
  keys: %{
    "accountcode" => "",
    "bridgecreator" => "<unknown>",
    "bridgename" => "<unknown>",
    "bridgenumchannels" => "2",
    "bridgetechnology" => "simple_bridge",
    "bridgetype" => "basic",
    "bridgeuniqueid" => "28df5580-c977-4fa1-a644-684c62be74b3",
    "bridgevideosourcemode" => "none",
    "calleridname" => "IVAN",
    "calleridnum" => "101",
    "channel" => "PJSIP/101-0000007f",
    "channelstate" => "6",
    "channelstatedesc" => "Up",
    "connectedlinename" => "102",
    "connectedlinenum" => "102",
    "context" => "org_all",
    "exten" => "102",
    "language" => "en",
    "linkedid" => "1744771870.191",
    "priority" => "2",
    "privilege" => "call,all",
    "uniqueid" => "1744771870.191"
  },
  variables: %{}
}
[2025-04-16 02:51:13.094480Z] %ElixirAmi.Event{
  event: "varset",
  source: :asterisk_connection,
  action_id: nil,
  keys: %{
    "accountcode" => "",
    "calleridname" => "IVAN",
    "calleridnum" => "101",
    "channel" => "PJSIP/101-0000007f",
    "channelstate" => "6",
    "channelstatedesc" => "Up",
    "connectedlinename" => "102",
    "connectedlinenum" => "102",
    "context" => "org_all",
    "exten" => "102",
    "language" => "en",
    "linkedid" => "1744771870.191",
    "priority" => "2",
    "privilege" => "dialplan,all",
    "uniqueid" => "1744771870.191",
    "value" => "PJSIP/102-00000080",
    "variable" => "BRIDGEPEER"
  },
  variables: %{}
}
[2025-04-16 02:51:13.096308Z] %ElixirAmi.Event{
  event: "varset",
  source: :asterisk_connection,
  action_id: nil,
  keys: %{
    "accountcode" => "",
    "calleridname" => "IVAN",
    "calleridnum" => "101",
    "channel" => "PJSIP/101-0000007f",
    "channelstate" => "6",
    "channelstatedesc" => "Up",
    "connectedlinename" => "102",
    "connectedlinenum" => "102",
    "context" => "org_all",
    "exten" => "102",
    "language" => "en",
    "linkedid" => "1744771870.191",
    "priority" => "2",
    "privilege" => "dialplan,all",
    "uniqueid" => "1744771870.191",
    "value" => "7e3191d9-a30b-4333-9886-418ed8095dad",
    "variable" => "BRIDGEPVTCALLID"
  },
  variables: %{}
}
[2025-04-16 02:51:13.096476Z] %ElixirAmi.Event{
  event: "varset",
  source: :asterisk_connection,
  action_id: nil,
  keys: %{
    "accountcode" => "",
    "calleridname" => "102",
    "calleridnum" => "102",
    "channel" => "PJSIP/102-00000080",
    "channelstate" => "6",
    "channelstatedesc" => "Up",
    "connectedlinename" => "IVAN",
    "connectedlinenum" => "101",
    "context" => "org_all",
    "exten" => "",
    "language" => "en",
    "linkedid" => "1744771870.191",
    "priority" => "1",
    "privilege" => "dialplan,all",
    "uniqueid" => "1744771871.192",
    "value" => "PJSIP/101-0000007f",
    "variable" => "BRIDGEPEER"
  },
  variables: %{}
}
[2025-04-16 02:51:13.096611Z] %ElixirAmi.Event{
  event: "varset",
  source: :asterisk_connection,
  action_id: nil,
  keys: %{
    "accountcode" => "",
    "calleridname" => "102",
    "calleridnum" => "102",
    "channel" => "PJSIP/102-00000080",
    "channelstate" => "6",
    "channelstatedesc" => "Up",
    "connectedlinename" => "IVAN",
    "connectedlinenum" => "101",
    "context" => "org_all",
    "exten" => "",
    "language" => "en",
    "linkedid" => "1744771870.191",
    "priority" => "1",
    "privilege" => "dialplan,all",
    "uniqueid" => "1744771871.192",
    "value" => "9c369a2f-f661-4535-9eef-a09739a86f8f",
    "variable" => "BRIDGEPVTCALLID"
  },
  variables: %{}
}
[2025-04-16 02:51:13.096640Z] %ElixirAmi.Event{
  event: "varset",
  source: :asterisk_connection,
  action_id: nil,
  keys: %{
    "accountcode" => "",
    "calleridname" => "IVAN",
    "calleridnum" => "101",
    "channel" => "PJSIP/101-0000007f",
    "channelstate" => "6",
    "channelstatedesc" => "Up",
    "connectedlinename" => "102",
    "connectedlinenum" => "102",
    "context" => "org_all",
    "exten" => "102",
    "language" => "en",
    "linkedid" => "1744771870.191",
    "priority" => "2",
    "privilege" => "dialplan,all",
    "uniqueid" => "1744771870.191",
    "value" => "PJSIP/102-00000080",
    "variable" => "BRIDGEPEER"
  },
  variables: %{}
}
[2025-04-16 02:51:13.096694Z] %ElixirAmi.Event{
  event: "varset",
  source: :asterisk_connection,
  action_id: nil,
  keys: %{
    "accountcode" => "",
    "calleridname" => "IVAN",
    "calleridnum" => "101",
    "channel" => "PJSIP/101-0000007f",
    "channelstate" => "6",
    "channelstatedesc" => "Up",
    "connectedlinename" => "102",
    "connectedlinenum" => "102",
    "context" => "org_all",
    "exten" => "102",
    "language" => "en",
    "linkedid" => "1744771870.191",
    "priority" => "2",
    "privilege" => "dialplan,all",
    "uniqueid" => "1744771870.191",
    "value" => "7e3191d9-a30b-4333-9886-418ed8095dad",
    "variable" => "BRIDGEPVTCALLID"
  },
  variables: %{}
}
[2025-04-16 02:51:13.096725Z] %ElixirAmi.Event{
  event: "varset",
  source: :asterisk_connection,
  action_id: nil,
  keys: %{
    "accountcode" => "",
    "calleridname" => "102",
    "calleridnum" => "102",
    "channel" => "PJSIP/102-00000080",
    "channelstate" => "6",
    "channelstatedesc" => "Up",
    "connectedlinename" => "IVAN",
    "connectedlinenum" => "101",
    "context" => "org_all",
    "exten" => "",
    "language" => "en",
    "linkedid" => "1744771870.191",
    "priority" => "1",
    "privilege" => "dialplan,all",
    "uniqueid" => "1744771871.192",
    "value" => "PJSIP/101-0000007f",
    "variable" => "BRIDGEPEER"
  },
  variables: %{}
}
[2025-04-16 02:51:13.096908Z] %ElixirAmi.Event{
  event: "varset",
  source: :asterisk_connection,
  action_id: nil,
  keys: %{
    "accountcode" => "",
    "calleridname" => "IVAN",
    "calleridnum" => "101",
    "channel" => "PJSIP/101-0000007f",
    "channelstate" => "6",
    "channelstatedesc" => "Up",
    "connectedlinename" => "102",
    "connectedlinenum" => "102",
    "context" => "org_all",
    "exten" => "102",
    "language" => "en",
    "linkedid" => "1744771870.191",
    "priority" => "2",
    "privilege" => "dialplan,all",
    "uniqueid" => "1744771870.191",
    "value" => "PJSIP/102-00000080",
    "variable" => "BRIDGEPEER"
  },
  variables: %{}
}
[2025-04-16 02:51:13.096755Z] %ElixirAmi.Event{
  event: "varset",
  source: :asterisk_connection,
  action_id: nil,
  keys: %{
    "accountcode" => "",
    "calleridname" => "102",
    "calleridnum" => "102",
    "channel" => "PJSIP/102-00000080",
    "channelstate" => "6",
    "channelstatedesc" => "Up",
    "connectedlinename" => "IVAN",
    "connectedlinenum" => "101",
    "context" => "org_all",
    "exten" => "",
    "language" => "en",
    "linkedid" => "1744771870.191",
    "priority" => "1",
    "privilege" => "dialplan,all",
    "uniqueid" => "1744771871.192",
    "value" => "9c369a2f-f661-4535-9eef-a09739a86f8f",
    "variable" => "BRIDGEPVTCALLID"
  },
  variables: %{}
}
[2025-04-16 02:51:13.097009Z] %ElixirAmi.Event{
  event: "varset",
  source: :asterisk_connection,
  action_id: nil,
  keys: %{
    "accountcode" => "",
    "calleridname" => "IVAN",
    "calleridnum" => "101",
    "channel" => "PJSIP/101-0000007f",
    "channelstate" => "6",
    "channelstatedesc" => "Up",
    "connectedlinename" => "102",
    "connectedlinenum" => "102",
    "context" => "org_all",
    "exten" => "102",
    "language" => "en",
    "linkedid" => "1744771870.191",
    "priority" => "2",
    "privilege" => "dialplan,all",
    "uniqueid" => "1744771870.191",
    "value" => "7e3191d9-a30b-4333-9886-418ed8095dad",
    "variable" => "BRIDGEPVTCALLID"
  },
  variables: %{}
}
[2025-04-16 02:51:13.097114Z] %ElixirAmi.Event{
  event: "varset",
  source: :asterisk_connection,
  action_id: nil,
  keys: %{
    "accountcode" => "",
    "calleridname" => "102",
    "calleridnum" => "102",
    "channel" => "PJSIP/102-00000080",
    "channelstate" => "6",
    "channelstatedesc" => "Up",
    "connectedlinename" => "IVAN",
    "connectedlinenum" => "101",
    "context" => "org_all",
    "exten" => "",
    "language" => "en",
    "linkedid" => "1744771870.191",
    "priority" => "1",
    "privilege" => "dialplan,all",
    "uniqueid" => "1744771871.192",
    "value" => "PJSIP/101-0000007f",
    "variable" => "BRIDGEPEER"
  },
  variables: %{}
}
[2025-04-16 02:51:13.097335Z] %ElixirAmi.Event{
  event: "varset",
  source: :asterisk_connection,
  action_id: nil,
  keys: %{
    "accountcode" => "",
    "calleridname" => "102",
    "calleridnum" => "102",
    "channel" => "PJSIP/102-00000080",
    "channelstate" => "6",
    "channelstatedesc" => "Up",
    "connectedlinename" => "IVAN",
    "connectedlinenum" => "101",
    "context" => "org_all",
    "exten" => "",
    "language" => "en",
    "linkedid" => "1744771870.191",
    "priority" => "1",
    "privilege" => "dialplan,all",
    "uniqueid" => "1744771871.192",
    "value" => "9c369a2f-f661-4535-9eef-a09739a86f8f",
    "variable" => "BRIDGEPVTCALLID"
  },
  variables: %{}
}
[2025-04-16 02:51:13.098716Z] %ElixirAmi.Event{
  event: "varset",
  source: :asterisk_connection,
  action_id: nil,
  keys: %{
    "accountcode" => "",
    "calleridname" => "IVAN",
    "calleridnum" => "101",
    "channel" => "PJSIP/101-0000007f",
    "channelstate" => "6",
    "channelstatedesc" => "Up",
    "connectedlinename" => "102",
    "connectedlinenum" => "102",
    "context" => "org_all",
    "exten" => "102",
    "language" => "en",
    "linkedid" => "1744771870.191",
    "priority" => "2",
    "privilege" => "dialplan,all",
    "uniqueid" => "1744771870.191",
    "value" => "/home/rawmn/AsteriskConnector/priv/recordings/101_102_2025-04-161744771870.191.wav",
    "variable" => "MIXMONITOR_FILENAME"
  },
  variables: %{}
}
[2025-04-16 02:51:13.098943Z] %ElixirAmi.Event{
  event: "mixmonitorstart",
  source: :asterisk_connection,
  action_id: nil,
  keys: %{
    "accountcode" => "",
    "calleridname" => "IVAN",
    "calleridnum" => "101",
    "channel" => "PJSIP/101-0000007f",
    "channelstate" => "6",
    "channelstatedesc" => "Up",
    "connectedlinename" => "102",
    "connectedlinenum" => "102",
    "context" => "org_all",
    "exten" => "102",
    "language" => "en",
    "linkedid" => "1744771870.191",
    "priority" => "2",
    "privilege" => "call,all",
    "uniqueid" => "1744771870.191"
  },
  variables: %{}
}
[2025-04-16 02:51:13.099292Z] %ElixirAmi.Event{
  event: "varset",
  source: :asterisk_connection,
  action_id: nil,
  keys: %{
    "accountcode" => "",
    "calleridname" => "IVAN",
    "calleridnum" => "101",
    "channel" => "PJSIP/101-0000007f",
    "channelstate" => "6",
    "channelstatedesc" => "Up",
    "connectedlinename" => "102",
    "connectedlinenum" => "102",
    "context" => "org_all",
    "exten" => "102",
    "language" => "en",
    "linkedid" => "1744771870.191",
    "priority" => "2",
    "privilege" => "dialplan,all",
    "uniqueid" => "1744771870.191",
    "value" => "PJSIP/102-00000080",
    "variable" => "BRIDGEPEER"
  },
  variables: %{}
}
[2025-04-16 02:51:13.099458Z] %ElixirAmi.Event{
  event: "varset",
  source: :asterisk_connection,
  action_id: nil,
  keys: %{
    "accountcode" => "",
    "calleridname" => "IVAN",
    "calleridnum" => "101",
    "channel" => "PJSIP/101-0000007f",
    "channelstate" => "6",
    "channelstatedesc" => "Up",
    "connectedlinename" => "102",
    "connectedlinenum" => "102",
    "context" => "org_all",
    "exten" => "102",
    "language" => "en",
    "linkedid" => "1744771870.191",
    "priority" => "2",
    "privilege" => "dialplan,all",
    "uniqueid" => "1744771870.191",
    "value" => "7e3191d9-a30b-4333-9886-418ed8095dad",
    "variable" => "BRIDGEPVTCALLID"
  },
  variables: %{}
}
[2025-04-16 02:51:13.099653Z] %ElixirAmi.Event{
  event: "varset",
  source: :asterisk_connection,
  action_id: nil,
  keys: %{
    "accountcode" => "",
    "calleridname" => "102",
    "calleridnum" => "102",
    "channel" => "PJSIP/102-00000080",
    "channelstate" => "6",
    "channelstatedesc" => "Up",
    "connectedlinename" => "IVAN",
    "connectedlinenum" => "101",
    "context" => "org_all",
    "exten" => "",
    "language" => "en",
    "linkedid" => "1744771870.191",
    "priority" => "1",
    "privilege" => "dialplan,all",
    "uniqueid" => "1744771871.192",
    "value" => "PJSIP/101-0000007f",
    "variable" => "BRIDGEPEER"
  },
  variables: %{}
}
[2025-04-16 02:51:13.099837Z] %ElixirAmi.Event{
  event: "varset",
  source: :asterisk_connection,
  action_id: nil,
  keys: %{
    "accountcode" => "",
    "calleridname" => "102",
    "calleridnum" => "102",
    "channel" => "PJSIP/102-00000080",
    "channelstate" => "6",
    "channelstatedesc" => "Up",
    "connectedlinename" => "IVAN",
    "connectedlinenum" => "101",
    "context" => "org_all",
    "exten" => "",
    "language" => "en",
    "linkedid" => "1744771870.191",
    "priority" => "1",
    "privilege" => "dialplan,all",
    "uniqueid" => "1744771871.192",
    "value" => "9c369a2f-f661-4535-9eef-a09739a86f8f",
    "variable" => "BRIDGEPVTCALLID"
  },
  variables: %{}
}
[2025-04-16 02:51:13.100112Z] %ElixirAmi.Event{
  event: "varset",
  source: :asterisk_connection,
  action_id: nil,
  keys: %{
    "accountcode" => "",
    "calleridname" => "IVAN",
    "calleridnum" => "101",
    "channel" => "PJSIP/101-0000007f",
    "channelstate" => "6",
    "channelstatedesc" => "Up",
    "connectedlinename" => "102",
    "connectedlinenum" => "102",
    "context" => "org_all",
    "exten" => "102",
    "language" => "en",
    "linkedid" => "1744771870.191",
    "priority" => "2",
    "privilege" => "dialplan,all",
    "uniqueid" => "1744771870.191",
    "value" => "PJSIP/102-00000080",
    "variable" => "BRIDGEPEER"
  },
  variables: %{}
}
[2025-04-16 02:51:13.100200Z] %ElixirAmi.Event{
  event: "varset",
  source: :asterisk_connection,
  action_id: nil,
  keys: %{
    "accountcode" => "",
    "calleridname" => "IVAN",
    "calleridnum" => "101",
    "channel" => "PJSIP/101-0000007f",
    "channelstate" => "6",
    "channelstatedesc" => "Up",
    "connectedlinename" => "102",
    "connectedlinenum" => "102",
    "context" => "org_all",
    "exten" => "102",
    "language" => "en",
    "linkedid" => "1744771870.191",
    "priority" => "2",
    "privilege" => "dialplan,all",
    "uniqueid" => "1744771870.191",
    "value" => "7e3191d9-a30b-4333-9886-418ed8095dad",
    "variable" => "BRIDGEPVTCALLID"
  },
  variables: %{}
}
[2025-04-16 02:51:13.100350Z] %ElixirAmi.Event{
  event: "varset",
  source: :asterisk_connection,
  action_id: nil,
  keys: %{
    "accountcode" => "",
    "calleridname" => "102",
    "calleridnum" => "102",
    "channel" => "PJSIP/102-00000080",
    "channelstate" => "6",
    "channelstatedesc" => "Up",
    "connectedlinename" => "IVAN",
    "connectedlinenum" => "101",
    "context" => "org_all",
    "exten" => "",
    "language" => "en",
    "linkedid" => "1744771870.191",
    "priority" => "1",
    "privilege" => "dialplan,all",
    "uniqueid" => "1744771871.192",
    "value" => "PJSIP/101-0000007f",
    "variable" => "BRIDGEPEER"
  },
  variables: %{}
}
[2025-04-16 02:51:13.100520Z] %ElixirAmi.Event{
  event: "varset",
  source: :asterisk_connection,
  action_id: nil,
  keys: %{
    "accountcode" => "",
    "calleridname" => "102",
    "calleridnum" => "102",
    "channel" => "PJSIP/102-00000080",
    "channelstate" => "6",
    "channelstatedesc" => "Up",
    "connectedlinename" => "IVAN",
    "connectedlinenum" => "101",
    "context" => "org_all",
    "exten" => "",
    "language" => "en",
    "linkedid" => "1744771870.191",
    "priority" => "1",
    "privilege" => "dialplan,all",
    "uniqueid" => "1744771871.192",
    "value" => "9c369a2f-f661-4535-9eef-a09739a86f8f",
    "variable" => "BRIDGEPVTCALLID"
  },
  variables: %{}
}
[2025-04-16 02:51:13.100694Z] %ElixirAmi.Event{
  event: "varset",
  source: :asterisk_connection,
  action_id: nil,
  keys: %{
    "accountcode" => "",
    "calleridname" => "IVAN",
    "calleridnum" => "101",
    "channel" => "PJSIP/101-0000007f",
    "channelstate" => "6",
    "channelstatedesc" => "Up",
    "connectedlinename" => "102",
    "connectedlinenum" => "102",
    "context" => "org_all",
    "exten" => "102",
    "language" => "en",
    "linkedid" => "1744771870.191",
    "priority" => "2",
    "privilege" => "dialplan,all",
    "uniqueid" => "1744771870.191",
    "value" => "PJSIP/102-00000080",
    "variable" => "BRIDGEPEER"
  },
  variables: %{}
}
[2025-04-16 02:51:13.100879Z] %ElixirAmi.Event{
  event: "varset",
  source: :asterisk_connection,
  action_id: nil,
  keys: %{
    "accountcode" => "",
    "calleridname" => "IVAN",
    "calleridnum" => "101",
    "channel" => "PJSIP/101-0000007f",
    "channelstate" => "6",
    "channelstatedesc" => "Up",
    "connectedlinename" => "102",
    "connectedlinenum" => "102",
    "context" => "org_all",
    "exten" => "102",
    "language" => "en",
    "linkedid" => "1744771870.191",
    "priority" => "2",
    "privilege" => "dialplan,all",
    "uniqueid" => "1744771870.191",
    "value" => "7e3191d9-a30b-4333-9886-418ed8095dad",
    "variable" => "BRIDGEPVTCALLID"
  },
  variables: %{}
}
[2025-04-16 02:51:13.101121Z] %ElixirAmi.Event{
  event: "varset",
  source: :asterisk_connection,
  action_id: nil,
  keys: %{
    "accountcode" => "",
    "calleridname" => "102",
    "calleridnum" => "102",
    "channel" => "PJSIP/102-00000080",
    "channelstate" => "6",
    "channelstatedesc" => "Up",
    "connectedlinename" => "IVAN",
    "connectedlinenum" => "101",
    "context" => "org_all",
    "exten" => "",
    "language" => "en",
    "linkedid" => "1744771870.191",
    "priority" => "1",
    "privilege" => "dialplan,all",
    "uniqueid" => "1744771871.192",
    "value" => "PJSIP/101-0000007f",
    "variable" => "BRIDGEPEER"
  },
  variables: %{}
}
[2025-04-16 02:51:13.101291Z] %ElixirAmi.Event{
  event: "varset",
  source: :asterisk_connection,
  action_id: nil,
  keys: %{
    "accountcode" => "",
    "calleridname" => "102",
    "calleridnum" => "102",
    "channel" => "PJSIP/102-00000080",
    "channelstate" => "6",
    "channelstatedesc" => "Up",
    "connectedlinename" => "IVAN",
    "connectedlinenum" => "101",
    "context" => "org_all",
    "exten" => "",
    "language" => "en",
    "linkedid" => "1744771870.191",
    "priority" => "1",
    "privilege" => "dialplan,all",
    "uniqueid" => "1744771871.192",
    "value" => "9c369a2f-f661-4535-9eef-a09739a86f8f",
    "variable" => "BRIDGEPVTCALLID"
  },
  variables: %{}
}
[2025-04-16 02:51:13.288409Z] %ElixirAmi.Event{
  event: "rtcpreceived",
  source: :asterisk_connection,
  action_id: nil,
  keys: %{
    "pt" => "200(SR)",
    "report0highestsequence" => "10626",
    "mes" => "85.4",
    "privilege" => "reporting,all",
    "channelstatedesc" => "Up",
    "uniqueid" => "1744771871.192",
    "sentntp" => "1744797073.197742",
    "report0fractionlost" => "0",
    "sentpackets" => "10",
    "report0lsr" => "0",
    "linkedid" => "1744771870.191",
    "ssrc" => "0xeba9fc11",
    "exten" => "",
    "channel" => "PJSIP/102-00000080",
    "report0iajitter" => "0",
    "sentrtp" => "1576",
    "context" => "org_all",
    "connectedlinename" => "IVAN",
    "priority" => "1",
    "rtt" => "0.0000",
    "to" => "192.168.0.16:14387",
    "reportcount" => "1",
    "language" => "en",
    "sentoctets" => "1600",
    "calleridname" => "102",
    "from" => "192.168.0.16:4143",
    "report0cumulativelost" => "0",
    "report0sequencenumbercycles" => "0",
    "calleridnum" => "102",
    "channelstate" => "6",
    "accountcode" => "",
    "report0dlsr" => "0.0000",
    "report0sourcessrc" => "0x017913ba",
    "connectedlinenum" => "101"
  },
  variables: %{}
}
[2025-04-16 02:51:14.204900Z] %ElixirAmi.Event{
  event: "rtcpreceived",
  source: :asterisk_connection,
  action_id: nil,
  keys: %{
    "pt" => "200(SR)",
    "report0highestsequence" => "31879",
    "mes" => "85.4",
    "privilege" => "reporting,all",
    "channelstatedesc" => "Up",
    "uniqueid" => "1744771870.191",
    "sentntp" => "1744797073.372116",
    "report0fractionlost" => "0",
    "sentpackets" => "119",
    "report0lsr" => "0",
    "linkedid" => "1744771870.191",
    "ssrc" => "0xeba9fc11",
    "exten" => "102",
    "channel" => "PJSIP/101-0000007f",
    "report0iajitter" => "24",
    "sentrtp" => "18976",
    "context" => "org_all",
    "connectedlinename" => "102",
    "priority" => "2",
    "rtt" => "0.0000",
    "to" => "192.168.0.16:16999",
    "reportcount" => "1",
    "language" => "en",
    "sentoctets" => "19040",
    "calleridname" => "IVAN",
    "from" => "192.168.0.16:4113",
    "report0cumulativelost" => "0",
    "report0sequencenumbercycles" => "0",
    "calleridnum" => "101",
    "channelstate" => "6",
    "accountcode" => "",
    "report0dlsr" => "0.0000",
    "report0sourcessrc" => "0x532a8a0f",
    "connectedlinenum" => "102"
  },
  variables: %{}
}
[2025-04-16 02:51:14.205613Z] %ElixirAmi.Event{
  event: "rtcpreceived",
  source: :asterisk_connection,
  action_id: nil,
  keys: %{
    "accountcode" => "",
    "calleridname" => "IVAN",
    "calleridnum" => "101",
    "channel" => "PJSIP/101-0000007f",
    "channelstate" => "6",
    "channelstatedesc" => "Up",
    "connectedlinename" => "102",
    "connectedlinenum" => "102",
    "context" => "org_all",
    "exten" => "102",
    "from" => "192.168.0.16:4113",
    "language" => "en",
    "linkedid" => "1744771870.191",
    "mes" => "85.4",
    "priority" => "2",
    "privilege" => "reporting,all",
    "pt" => "201(RR)",
    "report0cumulativelost" => "0",
    "report0dlsr" => "0.0000",
    "report0fractionlost" => "0",
    "report0highestsequence" => "31879",
    "report0iajitter" => "24",
    "report0lsr" => "0",
    "report0sequencenumbercycles" => "0",
    "report0sourcessrc" => "0x532a8a0f",
    "reportcount" => "1",
    "rtt" => "0.0000",
    "ssrc" => "0x532a8a0f",
    "to" => "192.168.0.16:16999",
    "uniqueid" => "1744771870.191"
  },
  variables: %{}
}
[2025-04-16 02:51:14.205853Z] %ElixirAmi.Event{
  event: "varset",
  source: :asterisk_connection,
  action_id: nil,
  keys: %{
    "accountcode" => "",
    "calleridname" => "IVAN",
    "calleridnum" => "101",
    "channel" => "PJSIP/101-0000007f",
    "channelstate" => "6",
    "channelstatedesc" => "Up",
    "connectedlinename" => "102",
    "connectedlinenum" => "102",
    "context" => "org_all",
    "exten" => "102",
    "language" => "en",
    "linkedid" => "1744771870.191",
    "priority" => "2",
    "privilege" => "dialplan,all",
    "uniqueid" => "1744771870.191",
    "value" => "ssrc=1395296783;themssrc=556947151;lp=0;rxjitter=0.003000;rxcount=119;txjitter=0.000875;txcount=117;rlp=0;rtt=0.000000;rxmes=85.367289;txmes=0.000000",
    "variable" => "RTPAUDIOQOS"
  },
  variables: %{}
}
[2025-04-16 02:51:14.206256Z] %ElixirAmi.Event{
  event: "varset",
  source: :asterisk_connection,
  action_id: nil,
  keys: %{
    "accountcode" => "",
    "calleridname" => "102",
    "calleridnum" => "102",
    "channel" => "PJSIP/102-00000080",
    "channelstate" => "6",
    "channelstatedesc" => "Up",
    "connectedlinename" => "IVAN",
    "connectedlinenum" => "101",
    "context" => "org_all",
    "exten" => "",
    "language" => "en",
    "linkedid" => "1744771870.191",
    "priority" => "1",
    "privilege" => "dialplan,all",
    "uniqueid" => "1744771871.192",
    "value" => "ssrc=1395296783;themssrc=556947151;lp=0;rxjitter=0.003000;rxcount=119;txjitter=0.000875;txcount=117;rlp=0;rtt=0.000000;rxmes=85.367289;txmes=0.000000",
    "variable" => "RTPAUDIOQOSBRIDGED"
  },
  variables: %{}
}
[2025-04-16 02:51:14.206549Z] %ElixirAmi.Event{
  event: "varset",
  source: :asterisk_connection,
  action_id: nil,
  keys: %{
    "accountcode" => "",
    "calleridname" => "IVAN",
    "calleridnum" => "101",
    "channel" => "PJSIP/101-0000007f",
    "channelstate" => "6",
    "channelstatedesc" => "Up",
    "connectedlinename" => "102",
    "connectedlinenum" => "102",
    "context" => "org_all",
    "exten" => "102",
    "language" => "en",
    "linkedid" => "1744771870.191",
    "priority" => "2",
    "privilege" => "dialplan,all",
    "uniqueid" => "1744771870.191",
    "value" => "minrxjitter=000.000000;maxrxjitter=000.000875;avgrxjitter=000.000654;stdevrxjitter=000.000196;mintxjitter=000.000000;maxtxjitter=000.003000;avgtxjitter=000.001200;stdevtxjitter=000.001470;",
    "variable" => "RTPAUDIOQOSJITTER"
  },
  variables: %{}
}
[2025-04-16 02:51:14.206777Z] %ElixirAmi.Event{
  event: "varset",
  source: :asterisk_connection,
  action_id: nil,
  keys: %{
    "accountcode" => "",
    "calleridname" => "102",
    "calleridnum" => "102",
    "channel" => "PJSIP/102-00000080",
    "channelstate" => "6",
    "channelstatedesc" => "Up",
    "connectedlinename" => "IVAN",
    "connectedlinenum" => "101",
    "context" => "org_all",
    "exten" => "",
    "language" => "en",
    "linkedid" => "1744771870.191",
    "priority" => "1",
    "privilege" => "dialplan,all",
    "uniqueid" => "1744771871.192",
    "value" => "minrxjitter=000.000000;maxrxjitter=000.000875;avgrxjitter=000.000654;stdevrxjitter=000.000196;mintxjitter=000.000000;maxtxjitter=000.003000;avgtxjitter=000.001200;stdevtxjitter=000.001470;",
    "variable" => "RTPAUDIOQOSJITTERBRIDGED"
  },
  variables: %{}
}
[2025-04-16 02:51:14.207057Z] %ElixirAmi.Event{
  event: "varset",
  source: :asterisk_connection,
  action_id: nil,
  keys: %{
    "accountcode" => "",
    "calleridname" => "IVAN",
    "calleridnum" => "101",
    "channel" => "PJSIP/101-0000007f",
    "channelstate" => "6",
    "channelstatedesc" => "Up",
    "connectedlinename" => "102",
    "connectedlinenum" => "102",
    "context" => "org_all",
    "exten" => "102",
    "language" => "en",
    "linkedid" => "1744771870.191",
    "priority" => "2",
    "privilege" => "dialplan,all",
    "uniqueid" => "1744771870.191",
    "value" => "minrxlost=000.000000;  maxrxlost=000.000000;  avgrxlost=000.000000;  stdevrxlost=000.000000;  mintxlost=000.000000;  maxtxlost=000.000000;  avgtxlost=000.000000;  stdevtxlost=000.000000;",
    "variable" => "RTPAUDIOQOSLOSS"
  },
  variables: %{}
}
[2025-04-16 02:51:14.207543Z] %ElixirAmi.Event{
  event: "varset",
  source: :asterisk_connection,
  action_id: nil,
  keys: %{
    "accountcode" => "",
    "calleridname" => "102",
    "calleridnum" => "102",
    "channel" => "PJSIP/102-00000080",
    "channelstate" => "6",
    "channelstatedesc" => "Up",
    "connectedlinename" => "IVAN",
    "connectedlinenum" => "101",
    "context" => "org_all",
    "exten" => "",
    "language" => "en",
    "linkedid" => "1744771870.191",
    "priority" => "1",
    "privilege" => "dialplan,all",
    "uniqueid" => "1744771871.192",
    "value" => "minrxlost=000.000000;  maxrxlost=000.000000;  avgrxlost=000.000000;  stdevrxlost=000.000000;  mintxlost=000.000000;  maxtxlost=000.000000;  avgtxlost=000.000000;  stdevtxlost=000.000000;",
    "variable" => "RTPAUDIOQOSLOSSBRIDGED"
  },
  variables: %{}
}
[2025-04-16 02:51:14.207866Z] %ElixirAmi.Event{
  event: "varset",
  source: :asterisk_connection,
  action_id: nil,
  keys: %{
    "accountcode" => "",
    "calleridname" => "IVAN",
    "calleridnum" => "101",
    "channel" => "PJSIP/101-0000007f",
    "channelstate" => "6",
    "channelstatedesc" => "Up",
    "connectedlinename" => "102",
    "connectedlinenum" => "102",
    "context" => "org_all",
    "exten" => "102",
    "language" => "en",
    "linkedid" => "1744771870.191",
    "priority" => "2",
    "privilege" => "dialplan,all",
    "uniqueid" => "1744771870.191",
    "value" => "minrtt=000.000000;     maxrtt=000.000000;     avgrtt=000.000000;     stdevrtt=000.000000;",
    "variable" => "RTPAUDIOQOSRTT"
  },
  variables: %{}
}
[2025-04-16 02:51:14.208112Z] %ElixirAmi.Event{
  event: "varset",
  source: :asterisk_connection,
  action_id: nil,
  keys: %{
    "accountcode" => "",
    "calleridname" => "102",
    "calleridnum" => "102",
    "channel" => "PJSIP/102-00000080",
    "channelstate" => "6",
    "channelstatedesc" => "Up",
    "connectedlinename" => "IVAN",
    "connectedlinenum" => "101",
    "context" => "org_all",
    "exten" => "",
    "language" => "en",
    "linkedid" => "1744771870.191",
    "priority" => "1",
    "privilege" => "dialplan,all",
    "uniqueid" => "1744771871.192",
    "value" => "minrtt=000.000000;     maxrtt=000.000000;     avgrtt=000.000000;     stdevrtt=000.000000;",
    "variable" => "RTPAUDIOQOSRTTBRIDGED"
  },
  variables: %{}
}
[2025-04-16 02:51:14.208348Z] %ElixirAmi.Event{
  event: "varset",
  source: :asterisk_connection,
  action_id: nil,
  keys: %{
    "accountcode" => "",
    "calleridname" => "IVAN",
    "calleridnum" => "101",
    "channel" => "PJSIP/101-0000007f",
    "channelstate" => "6",
    "channelstatedesc" => "Up",
    "connectedlinename" => "102",
    "connectedlinenum" => "102",
    "context" => "org_all",
    "exten" => "102",
    "language" => "en",
    "linkedid" => "1744771870.191",
    "priority" => "2",
    "privilege" => "dialplan,all",
    "uniqueid" => "1744771870.191",
    "value" => "minrxmes=000.000000;   maxrxmes=000.000000;   avgrxmes=000.000000;   stdevrxmes=000.000196;   mintxmes=085.367289;   maxtxmes=085.367289;   avgtxmes=085.367289;   stdevtxmes=000.000000;",
    "variable" => "RTPAUDIOQOSMES"
  },
  variables: %{}
}
[2025-04-16 02:51:14.208569Z] %ElixirAmi.Event{
  event: "varset",
  source: :asterisk_connection,
  action_id: nil,
  keys: %{
    "accountcode" => "",
    "calleridname" => "102",
    "calleridnum" => "102",
    "channel" => "PJSIP/102-00000080",
    "channelstate" => "6",
    "channelstatedesc" => "Up",
    "connectedlinename" => "IVAN",
    "connectedlinenum" => "101",
    "context" => "org_all",
    "exten" => "",
    "language" => "en",
    "linkedid" => "1744771870.191",
    "priority" => "1",
    "privilege" => "dialplan,all",
    "uniqueid" => "1744771871.192",
    "value" => "minrxmes=000.000000;   maxrxmes=000.000000;   avgrxmes=000.000000;   stdevrxmes=000.000196;   mintxmes=085.367289;   maxtxmes=085.367289;   avgtxmes=085.367289;   stdevtxmes=000.000000;",
    "variable" => "RTPAUDIOQOSMESBRIDGED"
  },
  variables: %{}
}
[2025-04-16 02:51:14.208745Z] %ElixirAmi.Event{
  event: "hanguprequest",
  source: :asterisk_connection,
  action_id: nil,
  keys: %{
    "accountcode" => "",
    "calleridname" => "IVAN",
    "calleridnum" => "101",
    "channel" => "PJSIP/101-0000007f",
    "channelstate" => "6",
    "channelstatedesc" => "Up",
    "connectedlinename" => "102",
    "connectedlinenum" => "102",
    "context" => "org_all",
    "exten" => "102",
    "language" => "en",
    "linkedid" => "1744771870.191",
    "priority" => "2",
    "privilege" => "call,all",
    "uniqueid" => "1744771870.191"
  },
  variables: %{}
}
[2025-04-16 02:51:14.208937Z] %ElixirAmi.Event{
  event: "varset",
  source: :asterisk_connection,
  action_id: nil,
  keys: %{
    "accountcode" => "",
    "calleridname" => "IVAN",
    "calleridnum" => "101",
    "channel" => "PJSIP/101-0000007f",
    "channelstate" => "6",
    "channelstatedesc" => "Up",
    "connectedlinename" => "102",
    "connectedlinenum" => "102",
    "context" => "org_all",
    "exten" => "102",
    "language" => "en",
    "linkedid" => "1744771870.191",
    "priority" => "2",
    "privilege" => "dialplan,all",
    "uniqueid" => "1744771870.191",
    "value" => "",
    "variable" => "BRIDGEPEER"
  },
  variables: %{}
}
[2025-04-16 02:51:14.209161Z] %ElixirAmi.Event{
  event: "varset",
  source: :asterisk_connection,
  action_id: nil,
  keys: %{
    "accountcode" => "",
    "calleridname" => "IVAN",
    "calleridnum" => "101",
    "channel" => "PJSIP/101-0000007f",
    "channelstate" => "6",
    "channelstatedesc" => "Up",
    "connectedlinename" => "102",
    "connectedlinenum" => "102",
    "context" => "org_all",
    "exten" => "102",
    "language" => "en",
    "linkedid" => "1744771870.191",
    "priority" => "2",
    "privilege" => "dialplan,all",
    "uniqueid" => "1744771870.191",
    "value" => "",
    "variable" => "BRIDGEPVTCALLID"
  },
  variables: %{}
}
[2025-04-16 02:51:14.209344Z] %ElixirAmi.Event{
  event: "varset",
  source: :asterisk_connection,
  action_id: nil,
  keys: %{
    "accountcode" => "",
    "calleridname" => "102",
    "calleridnum" => "102",
    "channel" => "PJSIP/102-00000080",
    "channelstate" => "6",
    "channelstatedesc" => "Up",
    "connectedlinename" => "IVAN",
    "connectedlinenum" => "101",
    "context" => "org_all",
    "exten" => "",
    "language" => "en",
    "linkedid" => "1744771870.191",
    "priority" => "1",
    "privilege" => "dialplan,all",
    "uniqueid" => "1744771871.192",
    "value" => "",
    "variable" => "BRIDGEPEER"
  },
  variables: %{}
}
[2025-04-16 02:51:14.209531Z] %ElixirAmi.Event{
  event: "varset",
  source: :asterisk_connection,
  action_id: nil,
  keys: %{
    "accountcode" => "",
    "calleridname" => "102",
    "calleridnum" => "102",
    "channel" => "PJSIP/102-00000080",
    "channelstate" => "6",
    "channelstatedesc" => "Up",
    "connectedlinename" => "IVAN",
    "connectedlinenum" => "101",
    "context" => "org_all",
    "exten" => "",
    "language" => "en",
    "linkedid" => "1744771870.191",
    "priority" => "1",
    "privilege" => "dialplan,all",
    "uniqueid" => "1744771871.192",
    "value" => "",
    "variable" => "BRIDGEPVTCALLID"
  },
  variables: %{}
}
[2025-04-16 02:51:14.209841Z] %ElixirAmi.Event{
  event: "bridgeleave",
  source: :asterisk_connection,
  action_id: nil,
  keys: %{
    "accountcode" => "",
    "bridgecreator" => "<unknown>",
    "bridgename" => "<unknown>",
    "bridgenumchannels" => "1",
    "bridgetechnology" => "simple_bridge",
    "bridgetype" => "basic",
    "bridgeuniqueid" => "28df5580-c977-4fa1-a644-684c62be74b3",
    "bridgevideosourcemode" => "none",
    "calleridname" => "IVAN",
    "calleridnum" => "101",
    "channel" => "PJSIP/101-0000007f",
    "channelstate" => "6",
    "channelstatedesc" => "Up",
    "connectedlinename" => "102",
    "connectedlinenum" => "102",
    "context" => "org_all",
    "exten" => "102",
    "language" => "en",
    "linkedid" => "1744771870.191",
    "priority" => "2",
    "privilege" => "call,all",
    "uniqueid" => "1744771870.191"
  },
  variables: %{}
}
[2025-04-16 02:51:14.210034Z] %ElixirAmi.Event{
  event: "varset",
  source: :asterisk_connection,
  action_id: nil,
  keys: %{
    "accountcode" => "",
    "calleridname" => "IVAN",
    "calleridnum" => "101",
    "channel" => "PJSIP/101-0000007f",
    "channelstate" => "6",
    "channelstatedesc" => "Up",
    "connectedlinename" => "102",
    "connectedlinenum" => "102",
    "context" => "org_all",
    "exten" => "102",
    "language" => "en",
    "linkedid" => "1744771870.191",
    "priority" => "2",
    "privilege" => "dialplan,all",
    "uniqueid" => "1744771870.191",
    "value" => "2",
    "variable" => "ANSWEREDTIME"
  },
  variables: %{}
}
[2025-04-16 02:51:14.210276Z] %ElixirAmi.Event{
  event: "varset",
  source: :asterisk_connection,
  action_id: nil,
  keys: %{
    "accountcode" => "",
    "calleridname" => "IVAN",
    "calleridnum" => "101",
    "channel" => "PJSIP/101-0000007f",
    "channelstate" => "6",
    "channelstatedesc" => "Up",
    "connectedlinename" => "102",
    "connectedlinenum" => "102",
    "context" => "org_all",
    "exten" => "102",
    "language" => "en",
    "linkedid" => "1744771870.191",
    "priority" => "2",
    "privilege" => "dialplan,all",
    "uniqueid" => "1744771870.191",
    "value" => "2372",
    "variable" => "ANSWEREDTIME_MS"
  },
  variables: %{}
}
[2025-04-16 02:51:14.210890Z] %ElixirAmi.Event{
  event: "varset",
  source: :asterisk_connection,
  action_id: nil,
  keys: %{
    "accountcode" => "",
    "calleridname" => "IVAN",
    "calleridnum" => "101",
    "channel" => "PJSIP/101-0000007f",
    "channelstate" => "6",
    "channelstatedesc" => "Up",
    "connectedlinename" => "102",
    "connectedlinenum" => "102",
    "context" => "org_all",
    "exten" => "102",
    "language" => "en",
    "linkedid" => "1744771870.191",
    "priority" => "2",
    "privilege" => "dialplan,all",
    "uniqueid" => "1744771870.191",
    "value" => "3",
    "variable" => "DIALEDTIME"
  },
  variables: %{}
}
[2025-04-16 02:51:14.211076Z] %ElixirAmi.Event{
  event: "varset",
  source: :asterisk_connection,
  action_id: nil,
  keys: %{
    "accountcode" => "",
    "calleridname" => "IVAN",
    "calleridnum" => "101",
    "channel" => "PJSIP/101-0000007f",
    "channelstate" => "6",
    "channelstatedesc" => "Up",
    "connectedlinename" => "102",
    "connectedlinenum" => "102",
    "context" => "org_all",
    "exten" => "102",
    "language" => "en",
    "linkedid" => "1744771870.191",
    "priority" => "2",
    "privilege" => "dialplan,all",
    "uniqueid" => "1744771870.191",
    "value" => "3243",
    "variable" => "DIALEDTIME_MS"
  },
  variables: %{}
}
[2025-04-16 02:51:14.211451Z] %ElixirAmi.Event{
  event: "varset",
  source: :asterisk_connection,
  action_id: nil,
  keys: %{
    "accountcode" => "",
    "calleridname" => "IVAN",
    "calleridnum" => "101",
    "channel" => "PJSIP/101-0000007f",
    "channelstate" => "6",
    "channelstatedesc" => "Up",
    "connectedlinename" => "102",
    "connectedlinenum" => "102",
    "context" => "org_all",
    "exten" => "102",
    "language" => "en",
    "linkedid" => "1744771870.191",
    "priority" => "2",
    "privilege" => "dialplan,all",
    "uniqueid" => "1744771870.191",
    "value" => "ANSWER",
    "variable" => "DIALSTATUS"
  },
  variables: %{}
}
[2025-04-16 02:51:14.211616Z] %ElixirAmi.Event{
  event: "softhanguprequest",
  source: :asterisk_connection,
  action_id: nil,
  keys: %{
    "accountcode" => "",
    "calleridname" => "IVAN",
    "calleridnum" => "101",
    "cause" => "16",
    "channel" => "PJSIP/101-0000007f",
    "channelstate" => "6",
    "channelstatedesc" => "Up",
    "connectedlinename" => "102",
    "connectedlinenum" => "102",
    "context" => "org_all",
    "exten" => "102",
    "language" => "en",
    "linkedid" => "1744771870.191",
    "priority" => "2",
    "privilege" => "call,all",
    "uniqueid" => "1744771870.191"
  },
  variables: %{}
}
[2025-04-16 02:51:14.211879Z] %ElixirAmi.Event{
  event: "varset",
  source: :asterisk_connection,
  action_id: nil,
  keys: %{
    "accountcode" => "",
    "calleridname" => "IVAN",
    "calleridnum" => "101",
    "channel" => "PJSIP/101-0000007f",
    "channelstate" => "6",
    "channelstatedesc" => "Up",
    "connectedlinename" => "102",
    "connectedlinenum" => "102",
    "context" => "org_all",
    "exten" => "102",
    "language" => "en",
    "linkedid" => "1744771870.191",
    "priority" => "2",
    "privilege" => "dialplan,all",
    "uniqueid" => "1744771870.191",
    "value" => "ssrc=1395296783;themssrc=556947151;lp=0;rxjitter=0.003000;rxcount=119;txjitter=0.000875;txcount=117;rlp=0;rtt=0.000000;rxmes=85.367289;txmes=0.000000",
    "variable" => "RTPAUDIOQOS"
  },
  variables: %{}
}
[2025-04-16 02:51:14.212081Z] %ElixirAmi.Event{
  event: "varset",
  source: :asterisk_connection,
  action_id: nil,
  keys: %{
    "accountcode" => "",
    "calleridname" => "IVAN",
    "calleridnum" => "101",
    "channel" => "PJSIP/101-0000007f",
    "channelstate" => "6",
    "channelstatedesc" => "Up",
    "connectedlinename" => "102",
    "connectedlinenum" => "102",
    "context" => "org_all",
    "exten" => "102",
    "language" => "en",
    "linkedid" => "1744771870.191",
    "priority" => "2",
    "privilege" => "dialplan,all",
    "uniqueid" => "1744771870.191",
    "value" => "minrxjitter=000.000000;maxrxjitter=000.000875;avgrxjitter=000.000654;stdevrxjitter=000.000196;mintxjitter=000.000000;maxtxjitter=000.003000;avgtxjitter=000.001200;stdevtxjitter=000.001470;",
    "variable" => "RTPAUDIOQOSJITTER"
  },
  variables: %{}
}
[2025-04-16 02:51:14.212307Z] %ElixirAmi.Event{
  event: "varset",
  source: :asterisk_connection,
  action_id: nil,
  keys: %{
    "accountcode" => "",
    "calleridname" => "IVAN",
    "calleridnum" => "101",
    "channel" => "PJSIP/101-0000007f",
    "channelstate" => "6",
    "channelstatedesc" => "Up",
    "connectedlinename" => "102",
    "connectedlinenum" => "102",
    "context" => "org_all",
    "exten" => "102",
    "language" => "en",
    "linkedid" => "1744771870.191",
    "priority" => "2",
    "privilege" => "dialplan,all",
    "uniqueid" => "1744771870.191",
    "value" => "minrxlost=000.000000;  maxrxlost=000.000000;  avgrxlost=000.000000;  stdevrxlost=000.000000;  mintxlost=000.000000;  maxtxlost=000.000000;  avgtxlost=000.000000;  stdevtxlost=000.000000;",
    "variable" => "RTPAUDIOQOSLOSS"
  },
  variables: %{}
}
[2025-04-16 02:51:14.212539Z] %ElixirAmi.Event{
  event: "varset",
  source: :asterisk_connection,
  action_id: nil,
  keys: %{
    "accountcode" => "",
    "calleridname" => "IVAN",
    "calleridnum" => "101",
    "channel" => "PJSIP/101-0000007f",
    "channelstate" => "6",
    "channelstatedesc" => "Up",
    "connectedlinename" => "102",
    "connectedlinenum" => "102",
    "context" => "org_all",
    "exten" => "102",
    "language" => "en",
    "linkedid" => "1744771870.191",
    "priority" => "2",
    "privilege" => "dialplan,all",
    "uniqueid" => "1744771870.191",
    "value" => "minrtt=000.000000;     maxrtt=000.000000;     avgrtt=000.000000;     stdevrtt=000.000000;",
    "variable" => "RTPAUDIOQOSRTT"
  },
  variables: %{}
}
[2025-04-16 02:51:14.212717Z] %ElixirAmi.Event{
  event: "varset",
  source: :asterisk_connection,
  action_id: nil,
  keys: %{
    "accountcode" => "",
    "calleridname" => "IVAN",
    "calleridnum" => "101",
    "channel" => "PJSIP/101-0000007f",
    "channelstate" => "6",
    "channelstatedesc" => "Up",
    "connectedlinename" => "102",
    "connectedlinenum" => "102",
    "context" => "org_all",
    "exten" => "102",
    "language" => "en",
    "linkedid" => "1744771870.191",
    "priority" => "2",
    "privilege" => "dialplan,all",
    "uniqueid" => "1744771870.191",
    "value" => "minrxmes=000.000000;   maxrxmes=000.000000;   avgrxmes=000.000000;   stdevrxmes=000.000196;   mintxmes=085.367289;   maxtxmes=085.367289;   avgtxmes=085.367289;   stdevtxmes=000.000000;",
    "variable" => "RTPAUDIOQOSMES"
  },
  variables: %{}
}
[2025-04-16 02:51:14.212945Z] %ElixirAmi.Event{
  event: "bridgeleave",
  source: :asterisk_connection,
  action_id: nil,
  keys: %{
    "accountcode" => "",
    "bridgecreator" => "<unknown>",
    "bridgename" => "<unknown>",
    "bridgenumchannels" => "0",
    "bridgetechnology" => "simple_bridge",
    "bridgetype" => "basic",
    "bridgeuniqueid" => "28df5580-c977-4fa1-a644-684c62be74b3",
    "bridgevideosourcemode" => "none",
    "calleridname" => "102",
    "calleridnum" => "102",
    "channel" => "PJSIP/102-00000080",
    "channelstate" => "6",
    "channelstatedesc" => "Up",
    "connectedlinename" => "IVAN",
    "connectedlinenum" => "101",
    "context" => "org_all",
    "exten" => "",
    "language" => "en",
    "linkedid" => "1744771870.191",
    "priority" => "1",
    "privilege" => "call,all",
    "uniqueid" => "1744771871.192"
  },
  variables: %{}
}
[2025-04-16 02:51:14.213116Z] %ElixirAmi.Event{
  event: "hangup",
  source: :asterisk_connection,
  action_id: nil,
  keys: %{
    "accountcode" => "",
    "calleridname" => "IVAN",
    "calleridnum" => "101",
    "cause" => "16",
    "cause-txt" => "Normal Clearing",
    "channel" => "PJSIP/101-0000007f",
    "channelstate" => "6",
    "channelstatedesc" => "Up",
    "connectedlinename" => "102",
    "connectedlinenum" => "102",
    "context" => "org_all",
    "exten" => "102",
    "language" => "en",
    "linkedid" => "1744771870.191",
    "priority" => "2",
    "privilege" => "call,all",
    "uniqueid" => "1744771870.191"
  },
  variables: %{}
}
[2025-04-16 02:51:14.214598Z] %ElixirAmi.Event{
  event: "varset",
  source: :asterisk_connection,
  action_id: nil,
  keys: %{
    "accountcode" => "",
    "calleridname" => "102",
    "calleridnum" => "102",
    "channel" => "PJSIP/102-00000080",
    "channelstate" => "6",
    "channelstatedesc" => "Up",
    "connectedlinename" => "IVAN",
    "connectedlinenum" => "101",
    "context" => "org_all",
    "exten" => "",
    "language" => "en",
    "linkedid" => "1744771870.191",
    "priority" => "1",
    "privilege" => "dialplan,all",
    "uniqueid" => "1744771871.192",
    "value" => "ssrc=24712122;themssrc=334705264;lp=0;rxjitter=0.000000;rxcount=55;txjitter=0.000500;txcount=55;rlp=0;rtt=0.000000;rxmes=85.367289;txmes=0.000000",
    "variable" => "RTPAUDIOQOS"
  },
  variables: %{}
}
[2025-04-16 02:51:14.214723Z] %ElixirAmi.Event{
  event: "varset",
  source: :asterisk_connection,
  action_id: nil,
  keys: %{
    "accountcode" => "",
    "calleridname" => "102",
    "calleridnum" => "102",
    "channel" => "PJSIP/102-00000080",
    "channelstate" => "6",
    "channelstatedesc" => "Up",
    "connectedlinename" => "IVAN",
    "connectedlinenum" => "101",
    "context" => "org_all",
    "exten" => "",
    "language" => "en",
    "linkedid" => "1744771870.191",
    "priority" => "1",
    "privilege" => "dialplan,all",
    "uniqueid" => "1744771871.192",
    "value" => "minrxjitter=000.000000;maxrxjitter=000.000625;avgrxjitter=000.000403;stdevrxjitter=000.000173;mintxjitter=000.000000;maxtxjitter=000.000000;avgtxjitter=000.000000;stdevtxjitter=000.000000;",
    "variable" => "RTPAUDIOQOSJITTER"
  },
  variables: %{}
}
[2025-04-16 02:51:14.214909Z] %ElixirAmi.Event{
  event: "varset",
  source: :asterisk_connection,
  action_id: nil,
  keys: %{
    "accountcode" => "",
    "calleridname" => "102",
    "calleridnum" => "102",
    "channel" => "PJSIP/102-00000080",
    "channelstate" => "6",
    "channelstatedesc" => "Up",
    "connectedlinename" => "IVAN",
    "connectedlinenum" => "101",
    "context" => "org_all",
    "exten" => "",
    "language" => "en",
    "linkedid" => "1744771870.191",
    "priority" => "1",
    "privilege" => "dialplan,all",
    "uniqueid" => "1744771871.192",
    "value" => "minrxlost=000.000000;  maxrxlost=000.000000;  avgrxlost=000.000000;  stdevrxlost=000.000000;  mintxlost=000.000000;  maxtxlost=000.000000;  avgtxlost=000.000000;  stdevtxlost=000.000000;",
    "variable" => "RTPAUDIOQOSLOSS"
  },
  variables: %{}
}
[2025-04-16 02:51:14.215024Z] %ElixirAmi.Event{
  event: "varset",
  source: :asterisk_connection,
  action_id: nil,
  keys: %{
    "accountcode" => "",
    "calleridname" => "102",
    "calleridnum" => "102",
    "channel" => "PJSIP/102-00000080",
    "channelstate" => "6",
    "channelstatedesc" => "Up",
    "connectedlinename" => "IVAN",
    "connectedlinenum" => "101",
    "context" => "org_all",
    "exten" => "",
    "language" => "en",
    "linkedid" => "1744771870.191",
    "priority" => "1",
    "privilege" => "dialplan,all",
    "uniqueid" => "1744771871.192",
    "value" => "minrtt=000.000000;     maxrtt=000.000000;     avgrtt=000.000000;     stdevrtt=000.000000;",
    "variable" => "RTPAUDIOQOSRTT"
  },
  variables: %{}
}
[2025-04-16 02:51:14.215158Z] %ElixirAmi.Event{
  event: "varset",
  source: :asterisk_connection,
  action_id: nil,
  keys: %{
    "accountcode" => "",
    "calleridname" => "102",
    "calleridnum" => "102",
    "channel" => "PJSIP/102-00000080",
    "channelstate" => "6",
    "channelstatedesc" => "Up",
    "connectedlinename" => "IVAN",
    "connectedlinenum" => "101",
    "context" => "org_all",
    "exten" => "",
    "language" => "en",
    "linkedid" => "1744771870.191",
    "priority" => "1",
    "privilege" => "dialplan,all",
    "uniqueid" => "1744771871.192",
    "value" => "minrxmes=000.000000;   maxrxmes=000.000000;   avgrxmes=000.000000;   stdevrxmes=000.000173;   mintxmes=085.367289;   maxtxmes=085.367289;   avgtxmes=085.367289;   stdevtxmes=000.000000;",
    "variable" => "RTPAUDIOQOSMES"
  },
  variables: %{}
}
[2025-04-16 02:51:14.215382Z] %ElixirAmi.Event{
  event: "hangup",
  source: :asterisk_connection,
  action_id: nil,
  keys: %{
    "accountcode" => "",
    "calleridname" => "102",
    "calleridnum" => "102",
    "cause" => "16",
    "cause-txt" => "Normal Clearing",
    "channel" => "PJSIP/102-00000080",
    "channelstate" => "6",
    "channelstatedesc" => "Up",
    "connectedlinename" => "IVAN",
    "connectedlinenum" => "101",
    "context" => "org_all",
    "exten" => "",
    "language" => "en",
    "linkedid" => "1744771870.191",
    "priority" => "1",
    "privilege" => "call,all",
    "uniqueid" => "1744771871.192"
  },
  variables: %{}
}
