[2025-04-15 15:18:38.468868Z] %ElixirAmi.Event{
  event: "newchannel",
  source: :asterisk_connection,
  action_id: nil,
  keys: %{
    "accountcode" => "",
    "calleridname" => "102",
    "calleridnum" => "102",
    "channel" => "PJSIP/102-00000050",
    "channelstate" => "0",
    "channelstatedesc" => "Down",
    "connectedlinename" => "<unknown>",
    "connectedlinenum" => "<unknown>",
    "context" => "org_all",
    "exten" => "s",
    "language" => "en",
    "linkedid" => "1744730315.122",
    "priority" => "1",
    "privilege" => "call,all",
    "uniqueid" => "1744730315.122"
  },
  variables: %{}
}
[2025-04-15 15:18:38.469090Z] %ElixirAmi.Event{
  event: "newexten",
  source: :asterisk_connection,
  action_id: nil,
  keys: %{
    "accountcode" => "",
    "appdata" => "(Outgoing Line)",
    "application" => "AppDial2",
    "calleridname" => "102",
    "calleridnum" => "102",
    "channel" => "PJSIP/102-00000050",
    "channelstate" => "0",
    "channelstatedesc" => "Down",
    "connectedlinename" => "<unknown>",
    "connectedlinenum" => "<unknown>",
    "context" => "org_all",
    "exten" => "s",
    "extension" => "s",
    "language" => "en",
    "linkedid" => "1744730315.122",
    "priority" => "1",
    "privilege" => "dialplan,all",
    "uniqueid" => "1744730315.122"
  },
  variables: %{}
}
[2025-04-15 15:18:38.469352Z] %ElixirAmi.Event{
  event: "newcallerid",
  source: :asterisk_connection,
  action_id: nil,
  keys: %{
    "accountcode" => "",
    "calleridname" => "Ivan102",
    "calleridnum" => "102",
    "channel" => "PJSIP/102-00000050",
    "channelstate" => "0",
    "channelstatedesc" => "Down",
    "cid-callingpres" => "0 (Presentation Allowed, Not Screened)",
    "connectedlinename" => "<unknown>",
    "connectedlinenum" => "<unknown>",
    "context" => "org_all",
    "exten" => "s",
    "language" => "en",
    "linkedid" => "1744730315.122",
    "priority" => "1",
    "privilege" => "call,all",
    "uniqueid" => "1744730315.122"
  },
  variables: %{}
}
[2025-04-15 15:18:38.469618Z] %ElixirAmi.Event{
  event: "newconnectedline",
  source: :asterisk_connection,
  action_id: nil,
  keys: %{
    "accountcode" => "",
    "calleridname" => "Ivan102",
    "calleridnum" => "102",
    "channel" => "PJSIP/102-00000050",
    "channelstate" => "0",
    "channelstatedesc" => "Down",
    "connectedlinename" => "Ivan102",
    "connectedlinenum" => "<unknown>",
    "context" => "org_all",
    "exten" => "s",
    "language" => "en",
    "linkedid" => "1744730315.122",
    "priority" => "1",
    "privilege" => "call,all",
    "uniqueid" => "1744730315.122"
  },
  variables: %{}
}
[2025-04-15 15:18:38.470282Z] %ElixirAmi.Event{
  event: "newstate",
  source: :asterisk_connection,
  action_id: nil,
  keys: %{
    "accountcode" => "",
    "calleridname" => "Ivan102",
    "calleridnum" => "102",
    "channel" => "PJSIP/102-00000050",
    "channelstate" => "5",
    "channelstatedesc" => "Ringing",
    "connectedlinename" => "Ivan102",
    "connectedlinenum" => "<unknown>",
    "context" => "org_all",
    "exten" => "s",
    "language" => "en",
    "linkedid" => "1744730315.122",
    "priority" => "1",
    "privilege" => "call,all",
    "uniqueid" => "1744730315.122"
  },
  variables: %{}
}
[2025-04-15 15:18:38.470922Z] %ElixirAmi.Event{
  event: "rtcpreceived",
  source: :asterisk_connection,
  action_id: nil,
  keys: %{
    "accountcode" => "",
    "calleridname" => "Ivan102",
    "calleridnum" => "102",
    "channel" => "PJSIP/102-00000050",
    "channelstate" => "5",
    "channelstatedesc" => "Ringing",
    "connectedlinename" => "Ivan102",
    "connectedlinenum" => "<unknown>",
    "context" => "org_all",
    "exten" => "s",
    "from" => "192.168.0.16:4097",
    "language" => "en",
    "linkedid" => "1744730315.122",
    "mes" => "85.4",
    "priority" => "1",
    "privilege" => "reporting,all",
    "pt" => "201(RR)",
    "report0cumulativelost" => "0",
    "report0dlsr" => "0.0000",
    "report0fractionlost" => "0",
    "report0highestsequence" => "0",
    "report0iajitter" => "0",
    "report0lsr" => "0",
    "report0sequencenumbercycles" => "0",
    "report0sourcessrc" => "0x00000000",
    "reportcount" => "1",
    "rtt" => "0.0000",
    "ssrc" => "0x00000000",
    "to" => "192.168.0.16:19645",
    "uniqueid" => "1744730315.122"
  },
  variables: %{}
}
[2025-04-15 15:18:38.471290Z] %ElixirAmi.Event{
  event: "rtcpreceived",
  source: :asterisk_connection,
  action_id: nil,
  keys: %{
    "accountcode" => "",
    "calleridname" => "Ivan102",
    "calleridnum" => "102",
    "channel" => "PJSIP/102-00000050",
    "channelstate" => "5",
    "channelstatedesc" => "Ringing",
    "connectedlinename" => "Ivan102",
    "connectedlinenum" => "<unknown>",
    "context" => "org_all",
    "exten" => "s",
    "from" => "192.168.0.16:4097",
    "language" => "en",
    "linkedid" => "1744730315.122",
    "mes" => "85.4",
    "priority" => "1",
    "privilege" => "reporting,all",
    "pt" => "201(RR)",
    "report0cumulativelost" => "0",
    "report0dlsr" => "0.0000",
    "report0fractionlost" => "0",
    "report0highestsequence" => "0",
    "report0iajitter" => "0",
    "report0lsr" => "0",
    "report0sequencenumbercycles" => "0",
    "report0sourcessrc" => "0x00000000",
    "reportcount" => "1",
    "rtt" => "0.0000",
    "ssrc" => "0x00000000",
    "to" => "192.168.0.16:19645",
    "uniqueid" => "1744730315.122"
  },
  variables: %{}
}
[2025-04-15 15:18:38.471663Z] %ElixirAmi.Event{
  event: "newstate",
  source: :asterisk_connection,
  action_id: nil,
  keys: %{
    "accountcode" => "",
    "calleridname" => "Ivan102",
    "calleridnum" => "102",
    "channel" => "PJSIP/102-00000050",
    "channelstate" => "6",
    "channelstatedesc" => "Up",
    "connectedlinename" => "Ivan102",
    "connectedlinenum" => "<unknown>",
    "context" => "org_all",
    "exten" => "s",
    "language" => "en",
    "linkedid" => "1744730315.122",
    "priority" => "1",
    "privilege" => "call,all",
    "uniqueid" => "1744730315.122"
  },
  variables: %{}
}
[2025-04-15 15:18:38.472202Z] %ElixirAmi.Event{
  event: "newexten",
  source: :asterisk_connection,
  action_id: nil,
  keys: %{
    "accountcode" => "",
    "appdata" => "",
    "application" => "NoOp",
    "calleridname" => "Ivan102",
    "calleridnum" => "102",
    "channel" => "PJSIP/102-00000050",
    "channelstate" => "6",
    "channelstatedesc" => "Up",
    "connectedlinename" => "Ivan102",
    "connectedlinenum" => "<unknown>",
    "context" => "org_all",
    "exten" => "101",
    "extension" => "101",
    "language" => "en",
    "linkedid" => "1744730315.122",
    "priority" => "1",
    "privilege" => "dialplan,all",
    "uniqueid" => "1744730315.122"
  },
  variables: %{}
}
[2025-04-15 15:18:38.472346Z] %ElixirAmi.Event{
  event: "newexten",
  source: :asterisk_connection,
  action_id: nil,
  keys: %{
    "accountcode" => "",
    "appdata" => "PJSIP/101,20,",
    "application" => "Dial",
    "calleridname" => "Ivan102",
    "calleridnum" => "102",
    "channel" => "PJSIP/102-00000050",
    "channelstate" => "6",
    "channelstatedesc" => "Up",
    "connectedlinename" => "Ivan102",
    "connectedlinenum" => "<unknown>",
    "context" => "org_all",
    "exten" => "101",
    "extension" => "101",
    "language" => "en",
    "linkedid" => "1744730315.122",
    "priority" => "2",
    "privilege" => "dialplan,all",
    "uniqueid" => "1744730315.122"
  },
  variables: %{}
}
[2025-04-15 15:18:38.472550Z] %ElixirAmi.Event{
  event: "varset",
  source: :asterisk_connection,
  action_id: nil,
  keys: %{
    "accountcode" => "",
    "calleridname" => "Ivan102",
    "calleridnum" => "102",
    "channel" => "PJSIP/102-00000050",
    "channelstate" => "6",
    "channelstatedesc" => "Up",
    "connectedlinename" => "Ivan102",
    "connectedlinenum" => "<unknown>",
    "context" => "org_all",
    "exten" => "101",
    "language" => "en",
    "linkedid" => "1744730315.122",
    "priority" => "2",
    "privilege" => "dialplan,all",
    "uniqueid" => "1744730315.122",
    "value" => "",
    "variable" => "DIALSTATUS"
  },
  variables: %{}
}
[2025-04-15 15:18:38.472811Z] %ElixirAmi.Event{
  event: "varset",
  source: :asterisk_connection,
  action_id: nil,
  keys: %{
    "accountcode" => "",
    "calleridname" => "Ivan102",
    "calleridnum" => "102",
    "channel" => "PJSIP/102-00000050",
    "channelstate" => "6",
    "channelstatedesc" => "Up",
    "connectedlinename" => "Ivan102",
    "connectedlinenum" => "<unknown>",
    "context" => "org_all",
    "exten" => "101",
    "language" => "en",
    "linkedid" => "1744730315.122",
    "priority" => "2",
    "privilege" => "dialplan,all",
    "uniqueid" => "1744730315.122",
    "value" => "",
    "variable" => "DIALEDPEERNUMBER"
  },
  variables: %{}
}
[2025-04-15 15:18:38.472978Z] %ElixirAmi.Event{
  event: "varset",
  source: :asterisk_connection,
  action_id: nil,
  keys: %{
    "accountcode" => "",
    "calleridname" => "Ivan102",
    "calleridnum" => "102",
    "channel" => "PJSIP/102-00000050",
    "channelstate" => "6",
    "channelstatedesc" => "Up",
    "connectedlinename" => "Ivan102",
    "connectedlinenum" => "<unknown>",
    "context" => "org_all",
    "exten" => "101",
    "language" => "en",
    "linkedid" => "1744730315.122",
    "priority" => "2",
    "privilege" => "dialplan,all",
    "uniqueid" => "1744730315.122",
    "value" => "",
    "variable" => "DIALEDPEERNAME"
  },
  variables: %{}
}
[2025-04-15 15:18:38.473161Z] %ElixirAmi.Event{
  event: "varset",
  source: :asterisk_connection,
  action_id: nil,
  keys: %{
    "accountcode" => "",
    "calleridname" => "Ivan102",
    "calleridnum" => "102",
    "channel" => "PJSIP/102-00000050",
    "channelstate" => "6",
    "channelstatedesc" => "Up",
    "connectedlinename" => "Ivan102",
    "connectedlinenum" => "<unknown>",
    "context" => "org_all",
    "exten" => "101",
    "language" => "en",
    "linkedid" => "1744730315.122",
    "priority" => "2",
    "privilege" => "dialplan,all",
    "uniqueid" => "1744730315.122",
    "value" => "",
    "variable" => "ANSWEREDTIME"
  },
  variables: %{}
}
[2025-04-15 15:18:38.473415Z] %ElixirAmi.Event{
  event: "varset",
  source: :asterisk_connection,
  action_id: nil,
  keys: %{
    "accountcode" => "",
    "calleridname" => "Ivan102",
    "calleridnum" => "102",
    "channel" => "PJSIP/102-00000050",
    "channelstate" => "6",
    "channelstatedesc" => "Up",
    "connectedlinename" => "Ivan102",
    "connectedlinenum" => "<unknown>",
    "context" => "org_all",
    "exten" => "101",
    "language" => "en",
    "linkedid" => "1744730315.122",
    "priority" => "2",
    "privilege" => "dialplan,all",
    "uniqueid" => "1744730315.122",
    "value" => "",
    "variable" => "ANSWEREDTIME_MS"
  },
  variables: %{}
}
[2025-04-15 15:18:38.473615Z] %ElixirAmi.Event{
  event: "varset",
  source: :asterisk_connection,
  action_id: nil,
  keys: %{
    "accountcode" => "",
    "calleridname" => "Ivan102",
    "calleridnum" => "102",
    "channel" => "PJSIP/102-00000050",
    "channelstate" => "6",
    "channelstatedesc" => "Up",
    "connectedlinename" => "Ivan102",
    "connectedlinenum" => "<unknown>",
    "context" => "org_all",
    "exten" => "101",
    "language" => "en",
    "linkedid" => "1744730315.122",
    "priority" => "2",
    "privilege" => "dialplan,all",
    "uniqueid" => "1744730315.122",
    "value" => "",
    "variable" => "DIALEDTIME"
  },
  variables: %{}
}
[2025-04-15 15:18:38.473817Z] %ElixirAmi.Event{
  event: "varset",
  source: :asterisk_connection,
  action_id: nil,
  keys: %{
    "accountcode" => "",
    "calleridname" => "Ivan102",
    "calleridnum" => "102",
    "channel" => "PJSIP/102-00000050",
    "channelstate" => "6",
    "channelstatedesc" => "Up",
    "connectedlinename" => "Ivan102",
    "connectedlinenum" => "<unknown>",
    "context" => "org_all",
    "exten" => "101",
    "language" => "en",
    "linkedid" => "1744730315.122",
    "priority" => "2",
    "privilege" => "dialplan,all",
    "uniqueid" => "1744730315.122",
    "value" => "",
    "variable" => "DIALEDTIME_MS"
  },
  variables: %{}
}
[2025-04-15 15:18:38.474055Z] %ElixirAmi.Event{
  event: "varset",
  source: :asterisk_connection,
  action_id: nil,
  keys: %{
    "accountcode" => "",
    "calleridname" => "Ivan102",
    "calleridnum" => "102",
    "channel" => "PJSIP/102-00000050",
    "channelstate" => "6",
    "channelstatedesc" => "Up",
    "connectedlinename" => "Ivan102",
    "connectedlinenum" => "<unknown>",
    "context" => "org_all",
    "exten" => "101",
    "language" => "en",
    "linkedid" => "1744730315.122",
    "priority" => "2",
    "privilege" => "dialplan,all",
    "uniqueid" => "1744730315.122",
    "value" => "",
    "variable" => "RINGTIME"
  },
  variables: %{}
}
[2025-04-15 15:18:38.474502Z] %ElixirAmi.Event{
  event: "varset",
  source: :asterisk_connection,
  action_id: nil,
  keys: %{
    "accountcode" => "",
    "calleridname" => "Ivan102",
    "calleridnum" => "102",
    "channel" => "PJSIP/102-00000050",
    "channelstate" => "6",
    "channelstatedesc" => "Up",
    "connectedlinename" => "Ivan102",
    "connectedlinenum" => "<unknown>",
    "context" => "org_all",
    "exten" => "101",
    "language" => "en",
    "linkedid" => "1744730315.122",
    "priority" => "2",
    "privilege" => "dialplan,all",
    "uniqueid" => "1744730315.122",
    "value" => "",
    "variable" => "RINGTIME_MS"
  },
  variables: %{}
}
[2025-04-15 15:18:38.474818Z] %ElixirAmi.Event{
  event: "varset",
  source: :asterisk_connection,
  action_id: nil,
  keys: %{
    "accountcode" => "",
    "calleridname" => "Ivan102",
    "calleridnum" => "102",
    "channel" => "PJSIP/102-00000050",
    "channelstate" => "6",
    "channelstatedesc" => "Up",
    "connectedlinename" => "Ivan102",
    "connectedlinenum" => "<unknown>",
    "context" => "org_all",
    "exten" => "101",
    "language" => "en",
    "linkedid" => "1744730315.122",
    "priority" => "2",
    "privilege" => "dialplan,all",
    "uniqueid" => "1744730315.122",
    "value" => "",
    "variable" => "PROGRESSTIME"
  },
  variables: %{}
}
[2025-04-15 15:18:38.475071Z] %ElixirAmi.Event{
  event: "varset",
  source: :asterisk_connection,
  action_id: nil,
  keys: %{
    "accountcode" => "",
    "calleridname" => "Ivan102",
    "calleridnum" => "102",
    "channel" => "PJSIP/102-00000050",
    "channelstate" => "6",
    "channelstatedesc" => "Up",
    "connectedlinename" => "Ivan102",
    "connectedlinenum" => "<unknown>",
    "context" => "org_all",
    "exten" => "101",
    "language" => "en",
    "linkedid" => "1744730315.122",
    "priority" => "2",
    "privilege" => "dialplan,all",
    "uniqueid" => "1744730315.122",
    "value" => "",
    "variable" => "PROGRESSTIME_MS"
  },
  variables: %{}
}
[2025-04-15 15:18:38.475307Z] %ElixirAmi.Event{
  event: "newchannel",
  source: :asterisk_connection,
  action_id: nil,
  keys: %{
    "accountcode" => "",
    "calleridname" => "101",
    "calleridnum" => "101",
    "channel" => "PJSIP/101-00000051",
    "channelstate" => "0",
    "channelstatedesc" => "Down",
    "connectedlinename" => "<unknown>",
    "connectedlinenum" => "<unknown>",
    "context" => "org_all",
    "exten" => "s",
    "language" => "en",
    "linkedid" => "1744730315.122",
    "priority" => "1",
    "privilege" => "call,all",
    "uniqueid" => "1744730318.123"
  },
  variables: %{}
}
[2025-04-15 15:18:38.475821Z] %ElixirAmi.Event{
  event: "varset",
  source: :asterisk_connection,
  action_id: nil,
  keys: %{
    "accountcode" => "",
    "calleridname" => "101",
    "calleridnum" => "101",
    "channel" => "PJSIP/101-00000051",
    "channelstate" => "0",
    "channelstatedesc" => "Down",
    "connectedlinename" => "<unknown>",
    "connectedlinenum" => "<unknown>",
    "context" => "org_all",
    "exten" => "s",
    "language" => "en",
    "linkedid" => "1744730315.122",
    "priority" => "1",
    "privilege" => "dialplan,all",
    "uniqueid" => "1744730318.123",
    "value" => "101",
    "variable" => "DIALEDPEERNUMBER"
  },
  variables: %{}
}
[2025-04-15 15:18:38.476289Z] %ElixirAmi.Event{
  event: "newexten",
  source: :asterisk_connection,
  action_id: nil,
  keys: %{
    "accountcode" => "",
    "appdata" => "(Outgoing Line)",
    "application" => "AppDial",
    "calleridname" => "101",
    "calleridnum" => "101",
    "channel" => "PJSIP/101-00000051",
    "channelstate" => "0",
    "channelstatedesc" => "Down",
    "connectedlinename" => "Ivan102",
    "connectedlinenum" => "102",
    "context" => "org_all",
    "exten" => "101",
    "extension" => "101",
    "language" => "en",
    "linkedid" => "1744730315.122",
    "priority" => "1",
    "privilege" => "dialplan,all",
    "uniqueid" => "1744730318.123"
  },
  variables: %{}
}
[2025-04-15 15:18:38.476570Z] %ElixirAmi.Event{
  event: "newconnectedline",
  source: :asterisk_connection,
  action_id: nil,
  keys: %{
    "accountcode" => "",
    "calleridname" => "101",
    "calleridnum" => "101",
    "channel" => "PJSIP/101-00000051",
    "channelstate" => "0",
    "channelstatedesc" => "Down",
    "connectedlinename" => "Ivan102",
    "connectedlinenum" => "102",
    "context" => "org_all",
    "exten" => "101",
    "language" => "en",
    "linkedid" => "1744730315.122",
    "priority" => "1",
    "privilege" => "call,all",
    "uniqueid" => "1744730318.123"
  },
  variables: %{}
}
[2025-04-15 15:18:38.477045Z] %ElixirAmi.Event{
  event: "dialbegin",
  source: :asterisk_connection,
  action_id: nil,
  keys: %{
    "accountcode" => "",
    "calleridname" => "Ivan102",
    "calleridnum" => "102",
    "channel" => "PJSIP/102-00000050",
    "channelstate" => "6",
    "channelstatedesc" => "Up",
    "connectedlinename" => "Ivan102",
    "connectedlinenum" => "<unknown>",
    "context" => "org_all",
    "destaccountcode" => "",
    "destcalleridname" => "101",
    "destcalleridnum" => "101",
    "destchannel" => "PJSIP/101-00000051",
    "destchannelstate" => "0",
    "destchannelstatedesc" => "Down",
    "destconnectedlinename" => "Ivan102",
    "destconnectedlinenum" => "102",
    "destcontext" => "org_all",
    "destexten" => "101",
    "destlanguage" => "en",
    "destlinkedid" => "1744730315.122",
    "destpriority" => "1",
    "destuniqueid" => "1744730318.123",
    "dialstring" => "101",
    "exten" => "101",
    "language" => "en",
    "linkedid" => "1744730315.122",
    "priority" => "2",
    "privilege" => "call,all",
    "uniqueid" => "1744730315.122"
  },
  variables: %{}
}
[2025-04-15 15:18:38.477350Z] %ElixirAmi.Event{
  event: "newconnectedline",
  source: :asterisk_connection,
  action_id: nil,
  keys: %{
    "accountcode" => "",
    "calleridname" => "Ivan102",
    "calleridnum" => "102",
    "channel" => "PJSIP/102-00000050",
    "channelstate" => "6",
    "channelstatedesc" => "Up",
    "connectedlinename" => "101",
    "connectedlinenum" => "101",
    "context" => "org_all",
    "exten" => "101",
    "language" => "en",
    "linkedid" => "1744730315.122",
    "priority" => "2",
    "privilege" => "call,all",
    "uniqueid" => "1744730315.122"
  },
  variables: %{}
}
[2025-04-15 15:18:38.477730Z] %ElixirAmi.Event{
  event: "newstate",
  source: :asterisk_connection,
  action_id: nil,
  keys: %{
    "accountcode" => "",
    "calleridname" => "101",
    "calleridnum" => "101",
    "channel" => "PJSIP/101-00000051",
    "channelstate" => "5",
    "channelstatedesc" => "Ringing",
    "connectedlinename" => "Ivan102",
    "connectedlinenum" => "102",
    "context" => "org_all",
    "exten" => "101",
    "language" => "en",
    "linkedid" => "1744730315.122",
    "priority" => "1",
    "privilege" => "call,all",
    "uniqueid" => "1744730318.123"
  },
  variables: %{}
}
[2025-04-15 15:18:38.478254Z] %ElixirAmi.Event{
  event: "varset",
  source: :asterisk_connection,
  action_id: nil,
  keys: %{
    "accountcode" => "",
    "calleridname" => "Ivan102",
    "calleridnum" => "102",
    "channel" => "PJSIP/102-00000050",
    "channelstate" => "6",
    "channelstatedesc" => "Up",
    "connectedlinename" => "101",
    "connectedlinenum" => "101",
    "context" => "org_all",
    "exten" => "101",
    "language" => "en",
    "linkedid" => "1744730315.122",
    "priority" => "2",
    "privilege" => "dialplan,all",
    "uniqueid" => "1744730315.122",
    "value" => "0",
    "variable" => "RINGTIME"
  },
  variables: %{}
}
[2025-04-15 15:18:38.478607Z] %ElixirAmi.Event{
  event: "varset",
  source: :asterisk_connection,
  action_id: nil,
  keys: %{
    "accountcode" => "",
    "calleridname" => "Ivan102",
    "calleridnum" => "102",
    "channel" => "PJSIP/102-00000050",
    "channelstate" => "6",
    "channelstatedesc" => "Up",
    "connectedlinename" => "101",
    "connectedlinenum" => "101",
    "context" => "org_all",
    "exten" => "101",
    "language" => "en",
    "linkedid" => "1744730315.122",
    "priority" => "2",
    "privilege" => "dialplan,all",
    "uniqueid" => "1744730315.122",
    "value" => "5",
    "variable" => "RINGTIME_MS"
  },
  variables: %{}
}
[2025-04-15 15:18:38.478981Z] %ElixirAmi.Event{
  event: "dialstate",
  source: :asterisk_connection,
  action_id: nil,
  keys: %{
    "accountcode" => "",
    "calleridname" => "Ivan102",
    "calleridnum" => "102",
    "channel" => "PJSIP/102-00000050",
    "channelstate" => "6",
    "channelstatedesc" => "Up",
    "connectedlinename" => "101",
    "connectedlinenum" => "101",
    "context" => "org_all",
    "destaccountcode" => "",
    "destcalleridname" => "101",
    "destcalleridnum" => "101",
    "destchannel" => "PJSIP/101-00000051",
    "destchannelstate" => "5",
    "destchannelstatedesc" => "Ringing",
    "destconnectedlinename" => "Ivan102",
    "destconnectedlinenum" => "102",
    "destcontext" => "org_all",
    "destexten" => "101",
    "destlanguage" => "en",
    "destlinkedid" => "1744730315.122",
    "destpriority" => "1",
    "destuniqueid" => "1744730318.123",
    "dialstatus" => "RINGING",
    "exten" => "101",
    "language" => "en",
    "linkedid" => "1744730315.122",
    "priority" => "2",
    "privilege" => "call,all",
    "uniqueid" => "1744730315.122"
  },
  variables: %{}
}
[2025-04-15 15:18:38.674687Z] %ElixirAmi.Event{
  event: "rtcpreceived",
  source: :asterisk_connection,
  action_id: nil,
  keys: %{
    "pt" => "200(SR)",
    "report0highestsequence" => "66",
    "mes" => "85.4",
    "privilege" => "reporting,all",
    "channelstatedesc" => "Up",
    "uniqueid" => "1744730315.122",
    "sentntp" => "1744755518.206804",
    "report0fractionlost" => "0",
    "sentpackets" => "10",
    "report0lsr" => "0",
    "linkedid" => "1744730315.122",
    "ssrc" => "0xeba959be",
    "exten" => "101",
    "channel" => "PJSIP/102-00000050",
    "report0iajitter" => "0",
    "sentrtp" => "1648",
    "context" => "org_all",
    "connectedlinename" => "101",
    "priority" => "2",
    "rtt" => "0.0000",
    "to" => "192.168.0.16:19645",
    "reportcount" => "1",
    "language" => "en",
    "sentoctets" => "1600",
    "calleridname" => "Ivan102",
    "from" => "192.168.0.16:4097",
    "report0cumulativelost" => "0",
    "report0sequencenumbercycles" => "0",
    "calleridnum" => "102",
    "channelstate" => "6",
    "accountcode" => "",
    "report0dlsr" => "0.0000",
    "report0sourcessrc" => "0x2b304eda",
    "connectedlinenum" => "101"
  },
  variables: %{}
}
[2025-04-15 15:18:39.428590Z] %ElixirAmi.Event{
  event: "rtcpreceived",
  source: :asterisk_connection,
  action_id: nil,
  keys: %{
    "accountcode" => "",
    "calleridname" => "101",
    "calleridnum" => "101",
    "channel" => "PJSIP/101-00000051",
    "channelstate" => "5",
    "channelstatedesc" => "Ringing",
    "connectedlinename" => "Ivan102",
    "connectedlinenum" => "102",
    "context" => "org_all",
    "exten" => "101",
    "from" => "192.168.0.16:4065",
    "language" => "en",
    "linkedid" => "1744730315.122",
    "mes" => "85.4",
    "priority" => "1",
    "privilege" => "reporting,all",
    "pt" => "201(RR)",
    "report0cumulativelost" => "0",
    "report0dlsr" => "0.0000",
    "report0fractionlost" => "0",
    "report0highestsequence" => "0",
    "report0iajitter" => "0",
    "report0lsr" => "0",
    "report0sequencenumbercycles" => "0",
    "report0sourcessrc" => "0x00000000",
    "reportcount" => "1",
    "rtt" => "0.0000",
    "ssrc" => "0x00000000",
    "to" => "192.168.0.16:15599",
    "uniqueid" => "1744730318.123"
  },
  variables: %{}
}
[2025-04-15 15:18:39.429169Z] %ElixirAmi.Event{
  event: "rtcpreceived",
  source: :asterisk_connection,
  action_id: nil,
  keys: %{
    "accountcode" => "",
    "calleridname" => "101",
    "calleridnum" => "101",
    "channel" => "PJSIP/101-00000051",
    "channelstate" => "5",
    "channelstatedesc" => "Ringing",
    "connectedlinename" => "Ivan102",
    "connectedlinenum" => "102",
    "context" => "org_all",
    "exten" => "101",
    "from" => "192.168.0.16:4065",
    "language" => "en",
    "linkedid" => "1744730315.122",
    "mes" => "85.4",
    "priority" => "1",
    "privilege" => "reporting,all",
    "pt" => "201(RR)",
    "report0cumulativelost" => "0",
    "report0dlsr" => "0.0000",
    "report0fractionlost" => "0",
    "report0highestsequence" => "0",
    "report0iajitter" => "0",
    "report0lsr" => "0",
    "report0sequencenumbercycles" => "0",
    "report0sourcessrc" => "0x00000000",
    "reportcount" => "1",
    "rtt" => "0.0000",
    "ssrc" => "0x00000000",
    "to" => "192.168.0.16:15599",
    "uniqueid" => "1744730318.123"
  },
  variables: %{}
}
[2025-04-15 15:18:39.429451Z] %ElixirAmi.Event{
  event: "newstate",
  source: :asterisk_connection,
  action_id: nil,
  keys: %{
    "accountcode" => "",
    "calleridname" => "101",
    "calleridnum" => "101",
    "channel" => "PJSIP/101-00000051",
    "channelstate" => "6",
    "channelstatedesc" => "Up",
    "connectedlinename" => "Ivan102",
    "connectedlinenum" => "102",
    "context" => "org_all",
    "exten" => "101",
    "language" => "en",
    "linkedid" => "1744730315.122",
    "priority" => "1",
    "privilege" => "call,all",
    "uniqueid" => "1744730318.123"
  },
  variables: %{}
}
[2025-04-15 15:18:39.429691Z] %ElixirAmi.Event{
  event: "varset",
  source: :asterisk_connection,
  action_id: nil,
  keys: %{
    "accountcode" => "",
    "calleridname" => "Ivan102",
    "calleridnum" => "102",
    "channel" => "PJSIP/102-00000050",
    "channelstate" => "6",
    "channelstatedesc" => "Up",
    "connectedlinename" => "101",
    "connectedlinenum" => "101",
    "context" => "org_all",
    "exten" => "101",
    "language" => "en",
    "linkedid" => "1744730315.122",
    "priority" => "2",
    "privilege" => "dialplan,all",
    "uniqueid" => "1744730315.122",
    "value" => "ANSWER",
    "variable" => "DIALSTATUS"
  },
  variables: %{}
}
[2025-04-15 15:18:39.429864Z] %ElixirAmi.Event{
  event: "varset",
  source: :asterisk_connection,
  action_id: nil,
  keys: %{
    "accountcode" => "",
    "calleridname" => "Ivan102",
    "calleridnum" => "102",
    "channel" => "PJSIP/102-00000050",
    "channelstate" => "6",
    "channelstatedesc" => "Up",
    "connectedlinename" => "101",
    "connectedlinenum" => "101",
    "context" => "org_all",
    "exten" => "101",
    "language" => "en",
    "linkedid" => "1744730315.122",
    "priority" => "2",
    "privilege" => "dialplan,all",
    "uniqueid" => "1744730315.122",
    "value" => "PJSIP/101-00000051",
    "variable" => "DIALEDPEERNAME"
  },
  variables: %{}
}
[2025-04-15 15:18:39.430040Z] %ElixirAmi.Event{
  event: "varset",
  source: :asterisk_connection,
  action_id: nil,
  keys: %{
    "accountcode" => "",
    "calleridname" => "Ivan102",
    "calleridnum" => "102",
    "channel" => "PJSIP/102-00000050",
    "channelstate" => "6",
    "channelstatedesc" => "Up",
    "connectedlinename" => "101",
    "connectedlinenum" => "101",
    "context" => "org_all",
    "exten" => "101",
    "language" => "en",
    "linkedid" => "1744730315.122",
    "priority" => "2",
    "privilege" => "dialplan,all",
    "uniqueid" => "1744730315.122",
    "value" => "101",
    "variable" => "DIALEDPEERNUMBER"
  },
  variables: %{}
}
[2025-04-15 15:18:39.430367Z] %ElixirAmi.Event{
  event: "dialend",
  source: :asterisk_connection,
  action_id: nil,
  keys: %{
    "accountcode" => "",
    "calleridname" => "Ivan102",
    "calleridnum" => "102",
    "channel" => "PJSIP/102-00000050",
    "channelstate" => "6",
    "channelstatedesc" => "Up",
    "connectedlinename" => "101",
    "connectedlinenum" => "101",
    "context" => "org_all",
    "destaccountcode" => "",
    "destcalleridname" => "101",
    "destcalleridnum" => "101",
    "destchannel" => "PJSIP/101-00000051",
    "destchannelstate" => "6",
    "destchannelstatedesc" => "Up",
    "destconnectedlinename" => "Ivan102",
    "destconnectedlinenum" => "102",
    "destcontext" => "org_all",
    "destexten" => "",
    "destlanguage" => "en",
    "destlinkedid" => "1744730315.122",
    "destpriority" => "1",
    "destuniqueid" => "1744730318.123",
    "dialstatus" => "ANSWER",
    "exten" => "101",
    "language" => "en",
    "linkedid" => "1744730315.122",
    "priority" => "2",
    "privilege" => "call,all",
    "uniqueid" => "1744730315.122"
  },
  variables: %{}
}
[2025-04-15 15:18:39.430671Z] %ElixirAmi.Event{
  event: "newexten",
  source: :asterisk_connection,
  action_id: nil,
  keys: %{
    "accountcode" => "",
    "appdata" => "(Outgoing Line)",
    "application" => "AppDial",
    "calleridname" => "101",
    "calleridnum" => "101",
    "channel" => "PJSIP/101-00000051",
    "channelstate" => "6",
    "channelstatedesc" => "Up",
    "connectedlinename" => "Ivan102",
    "connectedlinenum" => "102",
    "context" => "org_all",
    "exten" => "",
    "extension" => "",
    "language" => "en",
    "linkedid" => "1744730315.122",
    "priority" => "1",
    "privilege" => "dialplan,all",
    "uniqueid" => "1744730318.123"
  },
  variables: %{}
}
[2025-04-15 15:18:39.430929Z] %ElixirAmi.Event{
  event: "bridgeenter",
  source: :asterisk_connection,
  action_id: nil,
  keys: %{
    "accountcode" => "",
    "bridgecreator" => "<unknown>",
    "bridgename" => "<unknown>",
    "bridgenumchannels" => "1",
    "bridgetechnology" => "simple_bridge",
    "bridgetype" => "basic",
    "bridgeuniqueid" => "8bb32d3d-2d2b-41c9-ac3f-e4af6be54834",
    "bridgevideosourcemode" => "none",
    "calleridname" => "101",
    "calleridnum" => "101",
    "channel" => "PJSIP/101-00000051",
    "channelstate" => "6",
    "channelstatedesc" => "Up",
    "connectedlinename" => "Ivan102",
    "connectedlinenum" => "102",
    "context" => "org_all",
    "exten" => "",
    "language" => "en",
    "linkedid" => "1744730315.122",
    "priority" => "1",
    "privilege" => "call,all",
    "uniqueid" => "1744730318.123"
  },
  variables: %{}
}
[2025-04-15 15:18:39.431147Z] %ElixirAmi.Event{
  event: "bridgeenter",
  source: :asterisk_connection,
  action_id: nil,
  keys: %{
    "accountcode" => "",
    "bridgecreator" => "<unknown>",
    "bridgename" => "<unknown>",
    "bridgenumchannels" => "2",
    "bridgetechnology" => "simple_bridge",
    "bridgetype" => "basic",
    "bridgeuniqueid" => "8bb32d3d-2d2b-41c9-ac3f-e4af6be54834",
    "bridgevideosourcemode" => "none",
    "calleridname" => "Ivan102",
    "calleridnum" => "102",
    "channel" => "PJSIP/102-00000050",
    "channelstate" => "6",
    "channelstatedesc" => "Up",
    "connectedlinename" => "101",
    "connectedlinenum" => "101",
    "context" => "org_all",
    "exten" => "101",
    "language" => "en",
    "linkedid" => "1744730315.122",
    "priority" => "2",
    "privilege" => "call,all",
    "uniqueid" => "1744730315.122"
  },
  variables: %{}
}
[2025-04-15 15:18:39.431327Z] %ElixirAmi.Event{
  event: "varset",
  source: :asterisk_connection,
  action_id: nil,
  keys: %{
    "accountcode" => "",
    "calleridname" => "Ivan102",
    "calleridnum" => "102",
    "channel" => "PJSIP/102-00000050",
    "channelstate" => "6",
    "channelstatedesc" => "Up",
    "connectedlinename" => "101",
    "connectedlinenum" => "101",
    "context" => "org_all",
    "exten" => "101",
    "language" => "en",
    "linkedid" => "1744730315.122",
    "priority" => "2",
    "privilege" => "dialplan,all",
    "uniqueid" => "1744730315.122",
    "value" => "PJSIP/101-00000051",
    "variable" => "BRIDGEPEER"
  },
  variables: %{}
}
[2025-04-15 15:18:39.431655Z] %ElixirAmi.Event{
  event: "varset",
  source: :asterisk_connection,
  action_id: nil,
  keys: %{
    "accountcode" => "",
    "calleridname" => "Ivan102",
    "calleridnum" => "102",
    "channel" => "PJSIP/102-00000050",
    "channelstate" => "6",
    "channelstatedesc" => "Up",
    "connectedlinename" => "101",
    "connectedlinenum" => "101",
    "context" => "org_all",
    "exten" => "101",
    "language" => "en",
    "linkedid" => "1744730315.122",
    "priority" => "2",
    "privilege" => "dialplan,all",
    "uniqueid" => "1744730315.122",
    "value" => "5a39a107-a691-4df5-a7c4-fe3a1347e5c2",
    "variable" => "BRIDGEPVTCALLID"
  },
  variables: %{}
}
[2025-04-15 15:18:39.431862Z] %ElixirAmi.Event{
  event: "varset",
  source: :asterisk_connection,
  action_id: nil,
  keys: %{
    "accountcode" => "",
    "calleridname" => "101",
    "calleridnum" => "101",
    "channel" => "PJSIP/101-00000051",
    "channelstate" => "6",
    "channelstatedesc" => "Up",
    "connectedlinename" => "Ivan102",
    "connectedlinenum" => "102",
    "context" => "org_all",
    "exten" => "",
    "language" => "en",
    "linkedid" => "1744730315.122",
    "priority" => "1",
    "privilege" => "dialplan,all",
    "uniqueid" => "1744730318.123",
    "value" => "PJSIP/102-00000050",
    "variable" => "BRIDGEPEER"
  },
  variables: %{}
}
[2025-04-15 15:18:39.432124Z] %ElixirAmi.Event{
  event: "varset",
  source: :asterisk_connection,
  action_id: nil,
  keys: %{
    "accountcode" => "",
    "calleridname" => "101",
    "calleridnum" => "101",
    "channel" => "PJSIP/101-00000051",
    "channelstate" => "6",
    "channelstatedesc" => "Up",
    "connectedlinename" => "Ivan102",
    "connectedlinenum" => "102",
    "context" => "org_all",
    "exten" => "",
    "language" => "en",
    "linkedid" => "1744730315.122",
    "priority" => "1",
    "privilege" => "dialplan,all",
    "uniqueid" => "1744730318.123",
    "value" => "df1d2383-1152-4a24-ab20-4382b3cc963e",
    "variable" => "BRIDGEPVTCALLID"
  },
  variables: %{}
}
[2025-04-15 15:18:39.432279Z] %ElixirAmi.Event{
  event: "varset",
  source: :asterisk_connection,
  action_id: nil,
  keys: %{
    "accountcode" => "",
    "calleridname" => "Ivan102",
    "calleridnum" => "102",
    "channel" => "PJSIP/102-00000050",
    "channelstate" => "6",
    "channelstatedesc" => "Up",
    "connectedlinename" => "101",
    "connectedlinenum" => "101",
    "context" => "org_all",
    "exten" => "101",
    "language" => "en",
    "linkedid" => "1744730315.122",
    "priority" => "2",
    "privilege" => "dialplan,all",
    "uniqueid" => "1744730315.122",
    "value" => "PJSIP/101-00000051",
    "variable" => "BRIDGEPEER"
  },
  variables: %{}
}
[2025-04-15 15:18:39.432451Z] %ElixirAmi.Event{
  event: "varset",
  source: :asterisk_connection,
  action_id: nil,
  keys: %{
    "accountcode" => "",
    "calleridname" => "Ivan102",
    "calleridnum" => "102",
    "channel" => "PJSIP/102-00000050",
    "channelstate" => "6",
    "channelstatedesc" => "Up",
    "connectedlinename" => "101",
    "connectedlinenum" => "101",
    "context" => "org_all",
    "exten" => "101",
    "language" => "en",
    "linkedid" => "1744730315.122",
    "priority" => "2",
    "privilege" => "dialplan,all",
    "uniqueid" => "1744730315.122",
    "value" => "5a39a107-a691-4df5-a7c4-fe3a1347e5c2",
    "variable" => "BRIDGEPVTCALLID"
  },
  variables: %{}
}
[2025-04-15 15:18:39.432618Z] %ElixirAmi.Event{
  event: "varset",
  source: :asterisk_connection,
  action_id: nil,
  keys: %{
    "accountcode" => "",
    "calleridname" => "101",
    "calleridnum" => "101",
    "channel" => "PJSIP/101-00000051",
    "channelstate" => "6",
    "channelstatedesc" => "Up",
    "connectedlinename" => "Ivan102",
    "connectedlinenum" => "102",
    "context" => "org_all",
    "exten" => "",
    "language" => "en",
    "linkedid" => "1744730315.122",
    "priority" => "1",
    "privilege" => "dialplan,all",
    "uniqueid" => "1744730318.123",
    "value" => "PJSIP/102-00000050",
    "variable" => "BRIDGEPEER"
  },
  variables: %{}
}
[2025-04-15 15:18:39.432859Z] %ElixirAmi.Event{
  event: "varset",
  source: :asterisk_connection,
  action_id: nil,
  keys: %{
    "accountcode" => "",
    "calleridname" => "101",
    "calleridnum" => "101",
    "channel" => "PJSIP/101-00000051",
    "channelstate" => "6",
    "channelstatedesc" => "Up",
    "connectedlinename" => "Ivan102",
    "connectedlinenum" => "102",
    "context" => "org_all",
    "exten" => "",
    "language" => "en",
    "linkedid" => "1744730315.122",
    "priority" => "1",
    "privilege" => "dialplan,all",
    "uniqueid" => "1744730318.123",
    "value" => "df1d2383-1152-4a24-ab20-4382b3cc963e",
    "variable" => "BRIDGEPVTCALLID"
  },
  variables: %{}
}
[2025-04-15 15:18:39.433094Z] %ElixirAmi.Event{
  event: "varset",
  source: :asterisk_connection,
  action_id: nil,
  keys: %{
    "accountcode" => "",
    "calleridname" => "Ivan102",
    "calleridnum" => "102",
    "channel" => "PJSIP/102-00000050",
    "channelstate" => "6",
    "channelstatedesc" => "Up",
    "connectedlinename" => "101",
    "connectedlinenum" => "101",
    "context" => "org_all",
    "exten" => "101",
    "language" => "en",
    "linkedid" => "1744730315.122",
    "priority" => "2",
    "privilege" => "dialplan,all",
    "uniqueid" => "1744730315.122",
    "value" => "PJSIP/101-00000051",
    "variable" => "BRIDGEPEER"
  },
  variables: %{}
}
[2025-04-15 15:18:39.433339Z] %ElixirAmi.Event{
  event: "varset",
  source: :asterisk_connection,
  action_id: nil,
  keys: %{
    "accountcode" => "",
    "calleridname" => "Ivan102",
    "calleridnum" => "102",
    "channel" => "PJSIP/102-00000050",
    "channelstate" => "6",
    "channelstatedesc" => "Up",
    "connectedlinename" => "101",
    "connectedlinenum" => "101",
    "context" => "org_all",
    "exten" => "101",
    "language" => "en",
    "linkedid" => "1744730315.122",
    "priority" => "2",
    "privilege" => "dialplan,all",
    "uniqueid" => "1744730315.122",
    "value" => "5a39a107-a691-4df5-a7c4-fe3a1347e5c2",
    "variable" => "BRIDGEPVTCALLID"
  },
  variables: %{}
}
[2025-04-15 15:18:39.433597Z] %ElixirAmi.Event{
  event: "varset",
  source: :asterisk_connection,
  action_id: nil,
  keys: %{
    "accountcode" => "",
    "calleridname" => "101",
    "calleridnum" => "101",
    "channel" => "PJSIP/101-00000051",
    "channelstate" => "6",
    "channelstatedesc" => "Up",
    "connectedlinename" => "Ivan102",
    "connectedlinenum" => "102",
    "context" => "org_all",
    "exten" => "",
    "language" => "en",
    "linkedid" => "1744730315.122",
    "priority" => "1",
    "privilege" => "dialplan,all",
    "uniqueid" => "1744730318.123",
    "value" => "PJSIP/102-00000050",
    "variable" => "BRIDGEPEER"
  },
  variables: %{}
}
[2025-04-15 15:18:39.434072Z] %ElixirAmi.Event{
  event: "varset",
  source: :asterisk_connection,
  action_id: nil,
  keys: %{
    "accountcode" => "",
    "calleridname" => "101",
    "calleridnum" => "101",
    "channel" => "PJSIP/101-00000051",
    "channelstate" => "6",
    "channelstatedesc" => "Up",
    "connectedlinename" => "Ivan102",
    "connectedlinenum" => "102",
    "context" => "org_all",
    "exten" => "",
    "language" => "en",
    "linkedid" => "1744730315.122",
    "priority" => "1",
    "privilege" => "dialplan,all",
    "uniqueid" => "1744730318.123",
    "value" => "df1d2383-1152-4a24-ab20-4382b3cc963e",
    "variable" => "BRIDGEPVTCALLID"
  },
  variables: %{}
}
[2025-04-15 15:18:39.434413Z] %ElixirAmi.Event{
  event: "varset",
  source: :asterisk_connection,
  action_id: nil,
  keys: %{
    "accountcode" => "",
    "calleridname" => "Ivan102",
    "calleridnum" => "102",
    "channel" => "PJSIP/102-00000050",
    "channelstate" => "6",
    "channelstatedesc" => "Up",
    "connectedlinename" => "101",
    "connectedlinenum" => "101",
    "context" => "org_all",
    "exten" => "101",
    "language" => "en",
    "linkedid" => "1744730315.122",
    "priority" => "2",
    "privilege" => "dialplan,all",
    "uniqueid" => "1744730315.122",
    "value" => "/home/rawmn/AsteriskConnector/priv/recordings/102_101_2025-04-151744730315.122.wav",
    "variable" => "MIXMONITOR_FILENAME"
  },
  variables: %{}
}
[2025-04-15 15:18:39.434617Z] %ElixirAmi.Event{
  event: "mixmonitorstart",
  source: :asterisk_connection,
  action_id: nil,
  keys: %{
    "accountcode" => "",
    "calleridname" => "Ivan102",
    "calleridnum" => "102",
    "channel" => "PJSIP/102-00000050",
    "channelstate" => "6",
    "channelstatedesc" => "Up",
    "connectedlinename" => "101",
    "connectedlinenum" => "101",
    "context" => "org_all",
    "exten" => "101",
    "language" => "en",
    "linkedid" => "1744730315.122",
    "priority" => "2",
    "privilege" => "call,all",
    "uniqueid" => "1744730315.122"
  },
  variables: %{}
}
[2025-04-15 15:18:39.434795Z] %ElixirAmi.Event{
  event: "varset",
  source: :asterisk_connection,
  action_id: nil,
  keys: %{
    "accountcode" => "",
    "calleridname" => "Ivan102",
    "calleridnum" => "102",
    "channel" => "PJSIP/102-00000050",
    "channelstate" => "6",
    "channelstatedesc" => "Up",
    "connectedlinename" => "101",
    "connectedlinenum" => "101",
    "context" => "org_all",
    "exten" => "101",
    "language" => "en",
    "linkedid" => "1744730315.122",
    "priority" => "2",
    "privilege" => "dialplan,all",
    "uniqueid" => "1744730315.122",
    "value" => "PJSIP/101-00000051",
    "variable" => "BRIDGEPEER"
  },
  variables: %{}
}
[2025-04-15 15:18:39.435008Z] %ElixirAmi.Event{
  event: "varset",
  source: :asterisk_connection,
  action_id: nil,
  keys: %{
    "accountcode" => "",
    "calleridname" => "Ivan102",
    "calleridnum" => "102",
    "channel" => "PJSIP/102-00000050",
    "channelstate" => "6",
    "channelstatedesc" => "Up",
    "connectedlinename" => "101",
    "connectedlinenum" => "101",
    "context" => "org_all",
    "exten" => "101",
    "language" => "en",
    "linkedid" => "1744730315.122",
    "priority" => "2",
    "privilege" => "dialplan,all",
    "uniqueid" => "1744730315.122",
    "value" => "5a39a107-a691-4df5-a7c4-fe3a1347e5c2",
    "variable" => "BRIDGEPVTCALLID"
  },
  variables: %{}
}
[2025-04-15 15:18:39.435240Z] %ElixirAmi.Event{
  event: "varset",
  source: :asterisk_connection,
  action_id: nil,
  keys: %{
    "accountcode" => "",
    "calleridname" => "101",
    "calleridnum" => "101",
    "channel" => "PJSIP/101-00000051",
    "channelstate" => "6",
    "channelstatedesc" => "Up",
    "connectedlinename" => "Ivan102",
    "connectedlinenum" => "102",
    "context" => "org_all",
    "exten" => "",
    "language" => "en",
    "linkedid" => "1744730315.122",
    "priority" => "1",
    "privilege" => "dialplan,all",
    "uniqueid" => "1744730318.123",
    "value" => "PJSIP/102-00000050",
    "variable" => "BRIDGEPEER"
  },
  variables: %{}
}
[2025-04-15 15:18:39.435443Z] %ElixirAmi.Event{
  event: "varset",
  source: :asterisk_connection,
  action_id: nil,
  keys: %{
    "accountcode" => "",
    "calleridname" => "101",
    "calleridnum" => "101",
    "channel" => "PJSIP/101-00000051",
    "channelstate" => "6",
    "channelstatedesc" => "Up",
    "connectedlinename" => "Ivan102",
    "connectedlinenum" => "102",
    "context" => "org_all",
    "exten" => "",
    "language" => "en",
    "linkedid" => "1744730315.122",
    "priority" => "1",
    "privilege" => "dialplan,all",
    "uniqueid" => "1744730318.123",
    "value" => "df1d2383-1152-4a24-ab20-4382b3cc963e",
    "variable" => "BRIDGEPVTCALLID"
  },
  variables: %{}
}
[2025-04-15 15:18:39.435663Z] %ElixirAmi.Event{
  event: "varset",
  source: :asterisk_connection,
  action_id: nil,
  keys: %{
    "accountcode" => "",
    "calleridname" => "Ivan102",
    "calleridnum" => "102",
    "channel" => "PJSIP/102-00000050",
    "channelstate" => "6",
    "channelstatedesc" => "Up",
    "connectedlinename" => "101",
    "connectedlinenum" => "101",
    "context" => "org_all",
    "exten" => "101",
    "language" => "en",
    "linkedid" => "1744730315.122",
    "priority" => "2",
    "privilege" => "dialplan,all",
    "uniqueid" => "1744730315.122",
    "value" => "PJSIP/101-00000051",
    "variable" => "BRIDGEPEER"
  },
  variables: %{}
}
[2025-04-15 15:18:39.436060Z] %ElixirAmi.Event{
  event: "varset",
  source: :asterisk_connection,
  action_id: nil,
  keys: %{
    "accountcode" => "",
    "calleridname" => "Ivan102",
    "calleridnum" => "102",
    "channel" => "PJSIP/102-00000050",
    "channelstate" => "6",
    "channelstatedesc" => "Up",
    "connectedlinename" => "101",
    "connectedlinenum" => "101",
    "context" => "org_all",
    "exten" => "101",
    "language" => "en",
    "linkedid" => "1744730315.122",
    "priority" => "2",
    "privilege" => "dialplan,all",
    "uniqueid" => "1744730315.122",
    "value" => "5a39a107-a691-4df5-a7c4-fe3a1347e5c2",
    "variable" => "BRIDGEPVTCALLID"
  },
  variables: %{}
}
[2025-04-15 15:18:39.436319Z] %ElixirAmi.Event{
  event: "varset",
  source: :asterisk_connection,
  action_id: nil,
  keys: %{
    "accountcode" => "",
    "calleridname" => "101",
    "calleridnum" => "101",
    "channel" => "PJSIP/101-00000051",
    "channelstate" => "6",
    "channelstatedesc" => "Up",
    "connectedlinename" => "Ivan102",
    "connectedlinenum" => "102",
    "context" => "org_all",
    "exten" => "",
    "language" => "en",
    "linkedid" => "1744730315.122",
    "priority" => "1",
    "privilege" => "dialplan,all",
    "uniqueid" => "1744730318.123",
    "value" => "PJSIP/102-00000050",
    "variable" => "BRIDGEPEER"
  },
  variables: %{}
}
[2025-04-15 15:18:39.436537Z] %ElixirAmi.Event{
  event: "varset",
  source: :asterisk_connection,
  action_id: nil,
  keys: %{
    "accountcode" => "",
    "calleridname" => "101",
    "calleridnum" => "101",
    "channel" => "PJSIP/101-00000051",
    "channelstate" => "6",
    "channelstatedesc" => "Up",
    "connectedlinename" => "Ivan102",
    "connectedlinenum" => "102",
    "context" => "org_all",
    "exten" => "",
    "language" => "en",
    "linkedid" => "1744730315.122",
    "priority" => "1",
    "privilege" => "dialplan,all",
    "uniqueid" => "1744730318.123",
    "value" => "df1d2383-1152-4a24-ab20-4382b3cc963e",
    "variable" => "BRIDGEPVTCALLID"
  },
  variables: %{}
}
[2025-04-15 15:18:39.436771Z] %ElixirAmi.Event{
  event: "varset",
  source: :asterisk_connection,
  action_id: nil,
  keys: %{
    "accountcode" => "",
    "calleridname" => "Ivan102",
    "calleridnum" => "102",
    "channel" => "PJSIP/102-00000050",
    "channelstate" => "6",
    "channelstatedesc" => "Up",
    "connectedlinename" => "101",
    "connectedlinenum" => "101",
    "context" => "org_all",
    "exten" => "101",
    "language" => "en",
    "linkedid" => "1744730315.122",
    "priority" => "2",
    "privilege" => "dialplan,all",
    "uniqueid" => "1744730315.122",
    "value" => "PJSIP/101-00000051",
    "variable" => "BRIDGEPEER"
  },
  variables: %{}
}
[2025-04-15 15:18:39.437158Z] %ElixirAmi.Event{
  event: "varset",
  source: :asterisk_connection,
  action_id: nil,
  keys: %{
    "accountcode" => "",
    "calleridname" => "Ivan102",
    "calleridnum" => "102",
    "channel" => "PJSIP/102-00000050",
    "channelstate" => "6",
    "channelstatedesc" => "Up",
    "connectedlinename" => "101",
    "connectedlinenum" => "101",
    "context" => "org_all",
    "exten" => "101",
    "language" => "en",
    "linkedid" => "1744730315.122",
    "priority" => "2",
    "privilege" => "dialplan,all",
    "uniqueid" => "1744730315.122",
    "value" => "5a39a107-a691-4df5-a7c4-fe3a1347e5c2",
    "variable" => "BRIDGEPVTCALLID"
  },
  variables: %{}
}
[2025-04-15 15:18:39.437347Z] %ElixirAmi.Event{
  event: "varset",
  source: :asterisk_connection,
  action_id: nil,
  keys: %{
    "accountcode" => "",
    "calleridname" => "101",
    "calleridnum" => "101",
    "channel" => "PJSIP/101-00000051",
    "channelstate" => "6",
    "channelstatedesc" => "Up",
    "connectedlinename" => "Ivan102",
    "connectedlinenum" => "102",
    "context" => "org_all",
    "exten" => "",
    "language" => "en",
    "linkedid" => "1744730315.122",
    "priority" => "1",
    "privilege" => "dialplan,all",
    "uniqueid" => "1744730318.123",
    "value" => "PJSIP/102-00000050",
    "variable" => "BRIDGEPEER"
  },
  variables: %{}
}
[2025-04-15 15:18:39.437602Z] %ElixirAmi.Event{
  event: "varset",
  source: :asterisk_connection,
  action_id: nil,
  keys: %{
    "accountcode" => "",
    "calleridname" => "101",
    "calleridnum" => "101",
    "channel" => "PJSIP/101-00000051",
    "channelstate" => "6",
    "channelstatedesc" => "Up",
    "connectedlinename" => "Ivan102",
    "connectedlinenum" => "102",
    "context" => "org_all",
    "exten" => "",
    "language" => "en",
    "linkedid" => "1744730315.122",
    "priority" => "1",
    "privilege" => "dialplan,all",
    "uniqueid" => "1744730318.123",
    "value" => "df1d2383-1152-4a24-ab20-4382b3cc963e",
    "variable" => "BRIDGEPVTCALLID"
  },
  variables: %{}
}
[2025-04-15 15:18:39.623868Z] %ElixirAmi.Event{
  event: "rtcpreceived",
  source: :asterisk_connection,
  action_id: nil,
  keys: %{
    "pt" => "200(SR)",
    "report0highestsequence" => "25921",
    "mes" => "85.4",
    "privilege" => "reporting,all",
    "channelstatedesc" => "Up",
    "uniqueid" => "1744730318.123",
    "sentntp" => "1744755519.196079",
    "report0fractionlost" => "0",
    "sentpackets" => "9",
    "report0lsr" => "0",
    "linkedid" => "1744730315.122",
    "ssrc" => "0xeba959bf",
    "exten" => "",
    "channel" => "PJSIP/101-00000051",
    "report0iajitter" => "0",
    "sentrtp" => "1568",
    "context" => "org_all",
    "connectedlinename" => "Ivan102",
    "priority" => "1",
    "rtt" => "0.0000",
    "to" => "192.168.0.16:15599",
    "reportcount" => "1",
    "language" => "en",
    "sentoctets" => "1440",
    "calleridname" => "101",
    "from" => "192.168.0.16:4065",
    "report0cumulativelost" => "0",
    "report0sequencenumbercycles" => "0",
    "calleridnum" => "101",
    "channelstate" => "6",
    "accountcode" => "",
    "report0dlsr" => "0.0000",
    "report0sourcessrc" => "0x091588df",
    "connectedlinenum" => "102"
  },
  variables: %{}
}
[2025-04-15 15:18:40.578978Z] %ElixirAmi.Event{
  event: "rtcpreceived",
  source: :asterisk_connection,
  action_id: nil,
  keys: %{
    "pt" => "200(SR)",
    "report0highestsequence" => "25968",
    "mes" => "85.4",
    "privilege" => "reporting,all",
    "channelstatedesc" => "Up",
    "uniqueid" => "1744730318.123",
    "sentntp" => "1744755520.151109",
    "report0fractionlost" => "0",
    "sentpackets" => "57",
    "report0lsr" => "0",
    "linkedid" => "1744730315.122",
    "ssrc" => "0xeba959c0",
    "exten" => "",
    "channel" => "PJSIP/101-00000051",
    "report0iajitter" => "6",
    "sentrtp" => "9208",
    "context" => "org_all",
    "connectedlinename" => "Ivan102",
    "priority" => "1",
    "rtt" => "0.0000",
    "to" => "192.168.0.16:15599",
    "reportcount" => "1",
    "language" => "en",
    "sentoctets" => "9120",
    "calleridname" => "101",
    "from" => "192.168.0.16:4065",
    "report0cumulativelost" => "0",
    "report0sequencenumbercycles" => "0",
    "calleridnum" => "101",
    "channelstate" => "6",
    "accountcode" => "",
    "report0dlsr" => "0.0000",
    "report0sourcessrc" => "0x091588df",
    "connectedlinenum" => "102"
  },
  variables: %{}
}
[2025-04-15 15:18:40.579332Z] %ElixirAmi.Event{
  event: "rtcpreceived",
  source: :asterisk_connection,
  action_id: nil,
  keys: %{
    "accountcode" => "",
    "calleridname" => "101",
    "calleridnum" => "101",
    "channel" => "PJSIP/101-00000051",
    "channelstate" => "6",
    "channelstatedesc" => "Up",
    "connectedlinename" => "Ivan102",
    "connectedlinenum" => "102",
    "context" => "org_all",
    "exten" => "",
    "from" => "192.168.0.16:4065",
    "language" => "en",
    "linkedid" => "1744730315.122",
    "mes" => "85.4",
    "priority" => "1",
    "privilege" => "reporting,all",
    "pt" => "201(RR)",
    "report0cumulativelost" => "0",
    "report0dlsr" => "0.0000",
    "report0fractionlost" => "0",
    "report0highestsequence" => "25968",
    "report0iajitter" => "6",
    "report0lsr" => "0",
    "report0sequencenumbercycles" => "0",
    "report0sourcessrc" => "0x091588df",
    "reportcount" => "1",
    "rtt" => "0.0000",
    "ssrc" => "0x091588df",
    "to" => "192.168.0.16:15599",
    "uniqueid" => "1744730318.123"
  },
  variables: %{}
}
[2025-04-15 15:18:40.579619Z] %ElixirAmi.Event{
  event: "varset",
  source: :asterisk_connection,
  action_id: nil,
  keys: %{
    "accountcode" => "",
    "calleridname" => "101",
    "calleridnum" => "101",
    "channel" => "PJSIP/101-00000051",
    "channelstate" => "6",
    "channelstatedesc" => "Up",
    "connectedlinename" => "Ivan102",
    "connectedlinenum" => "102",
    "context" => "org_all",
    "exten" => "",
    "language" => "en",
    "linkedid" => "1744730315.122",
    "priority" => "1",
    "privilege" => "dialplan,all",
    "uniqueid" => "1744730318.123",
    "value" => "ssrc=152406239;themssrc=1539185098;lp=0;rxjitter=0.000750;rxcount=57;txjitter=0.000750;txcount=57;rlp=0;rtt=0.000000;rxmes=85.367289;txmes=0.000000",
    "variable" => "RTPAUDIOQOS"
  },
  variables: %{}
}
[2025-04-15 15:18:40.579885Z] %ElixirAmi.Event{
  event: "varset",
  source: :asterisk_connection,
  action_id: nil,
  keys: %{
    "accountcode" => "",
    "calleridname" => "Ivan102",
    "calleridnum" => "102",
    "channel" => "PJSIP/102-00000050",
    "channelstate" => "6",
    "channelstatedesc" => "Up",
    "connectedlinename" => "101",
    "connectedlinenum" => "101",
    "context" => "org_all",
    "exten" => "101",
    "language" => "en",
    "linkedid" => "1744730315.122",
    "priority" => "2",
    "privilege" => "dialplan,all",
    "uniqueid" => "1744730315.122",
    "value" => "ssrc=152406239;themssrc=1539185098;lp=0;rxjitter=0.000750;rxcount=57;txjitter=0.000750;txcount=57;rlp=0;rtt=0.000000;rxmes=85.367289;txmes=0.000000",
    "variable" => "RTPAUDIOQOSBRIDGED"
  },
  variables: %{}
}
[2025-04-15 15:18:40.580193Z] %ElixirAmi.Event{
  event: "varset",
  source: :asterisk_connection,
  action_id: nil,
  keys: %{
    "accountcode" => "",
    "calleridname" => "101",
    "calleridnum" => "101",
    "channel" => "PJSIP/101-00000051",
    "channelstate" => "6",
    "channelstatedesc" => "Up",
    "connectedlinename" => "Ivan102",
    "connectedlinenum" => "102",
    "context" => "org_all",
    "exten" => "",
    "language" => "en",
    "linkedid" => "1744730315.122",
    "priority" => "1",
    "privilege" => "dialplan,all",
    "uniqueid" => "1744730318.123",
    "value" => "minrxjitter=000.000125;maxrxjitter=000.000750;avgrxjitter=000.000533;stdevrxjitter=000.000213;mintxjitter=000.000000;maxtxjitter=000.000750;avgtxjitter=000.000300;stdevtxjitter=000.000367;",
    "variable" => "RTPAUDIOQOSJITTER"
  },
  variables: %{}
}
[2025-04-15 15:18:40.580445Z] %ElixirAmi.Event{
  event: "varset",
  source: :asterisk_connection,
  action_id: nil,
  keys: %{
    "accountcode" => "",
    "calleridname" => "Ivan102",
    "calleridnum" => "102",
    "channel" => "PJSIP/102-00000050",
    "channelstate" => "6",
    "channelstatedesc" => "Up",
    "connectedlinename" => "101",
    "connectedlinenum" => "101",
    "context" => "org_all",
    "exten" => "101",
    "language" => "en",
    "linkedid" => "1744730315.122",
    "priority" => "2",
    "privilege" => "dialplan,all",
    "uniqueid" => "1744730315.122",
    "value" => "minrxjitter=000.000125;maxrxjitter=000.000750;avgrxjitter=000.000533;stdevrxjitter=000.000213;mintxjitter=000.000000;maxtxjitter=000.000750;avgtxjitter=000.000300;stdevtxjitter=000.000367;",
    "variable" => "RTPAUDIOQOSJITTERBRIDGED"
  },
  variables: %{}
}
[2025-04-15 15:18:40.580918Z] %ElixirAmi.Event{
  event: "varset",
  source: :asterisk_connection,
  action_id: nil,
  keys: %{
    "accountcode" => "",
    "calleridname" => "101",
    "calleridnum" => "101",
    "channel" => "PJSIP/101-00000051",
    "channelstate" => "6",
    "channelstatedesc" => "Up",
    "connectedlinename" => "Ivan102",
    "connectedlinenum" => "102",
    "context" => "org_all",
    "exten" => "",
    "language" => "en",
    "linkedid" => "1744730315.122",
    "priority" => "1",
    "privilege" => "dialplan,all",
    "uniqueid" => "1744730318.123",
    "value" => "minrxlost=000.000000;  maxrxlost=000.000000;  avgrxlost=000.000000;  stdevrxlost=000.000000;  mintxlost=000.000000;  maxtxlost=000.000000;  avgtxlost=000.000000;  stdevtxlost=000.000000;",
    "variable" => "RTPAUDIOQOSLOSS"
  },
  variables: %{}
}
[2025-04-15 15:18:40.581230Z] %ElixirAmi.Event{
  event: "varset",
  source: :asterisk_connection,
  action_id: nil,
  keys: %{
    "accountcode" => "",
    "calleridname" => "Ivan102",
    "calleridnum" => "102",
    "channel" => "PJSIP/102-00000050",
    "channelstate" => "6",
    "channelstatedesc" => "Up",
    "connectedlinename" => "101",
    "connectedlinenum" => "101",
    "context" => "org_all",
    "exten" => "101",
    "language" => "en",
    "linkedid" => "1744730315.122",
    "priority" => "2",
    "privilege" => "dialplan,all",
    "uniqueid" => "1744730315.122",
    "value" => "minrxlost=000.000000;  maxrxlost=000.000000;  avgrxlost=000.000000;  stdevrxlost=000.000000;  mintxlost=000.000000;  maxtxlost=000.000000;  avgtxlost=000.000000;  stdevtxlost=000.000000;",
    "variable" => "RTPAUDIOQOSLOSSBRIDGED"
  },
  variables: %{}
}
[2025-04-15 15:18:40.581526Z] %ElixirAmi.Event{
  event: "varset",
  source: :asterisk_connection,
  action_id: nil,
  keys: %{
    "accountcode" => "",
    "calleridname" => "101",
    "calleridnum" => "101",
    "channel" => "PJSIP/101-00000051",
    "channelstate" => "6",
    "channelstatedesc" => "Up",
    "connectedlinename" => "Ivan102",
    "connectedlinenum" => "102",
    "context" => "org_all",
    "exten" => "",
    "language" => "en",
    "linkedid" => "1744730315.122",
    "priority" => "1",
    "privilege" => "dialplan,all",
    "uniqueid" => "1744730318.123",
    "value" => "minrtt=000.000000;     maxrtt=000.000000;     avgrtt=000.000000;     stdevrtt=000.000000;",
    "variable" => "RTPAUDIOQOSRTT"
  },
  variables: %{}
}
[2025-04-15 15:18:40.581717Z] %ElixirAmi.Event{
  event: "varset",
  source: :asterisk_connection,
  action_id: nil,
  keys: %{
    "accountcode" => "",
    "calleridname" => "Ivan102",
    "calleridnum" => "102",
    "channel" => "PJSIP/102-00000050",
    "channelstate" => "6",
    "channelstatedesc" => "Up",
    "connectedlinename" => "101",
    "connectedlinenum" => "101",
    "context" => "org_all",
    "exten" => "101",
    "language" => "en",
    "linkedid" => "1744730315.122",
    "priority" => "2",
    "privilege" => "dialplan,all",
    "uniqueid" => "1744730315.122",
    "value" => "minrtt=000.000000;     maxrtt=000.000000;     avgrtt=000.000000;     stdevrtt=000.000000;",
    "variable" => "RTPAUDIOQOSRTTBRIDGED"
  },
  variables: %{}
}
[2025-04-15 15:18:40.582008Z] %ElixirAmi.Event{
  event: "varset",
  source: :asterisk_connection,
  action_id: nil,
  keys: %{
    "accountcode" => "",
    "calleridname" => "101",
    "calleridnum" => "101",
    "channel" => "PJSIP/101-00000051",
    "channelstate" => "6",
    "channelstatedesc" => "Up",
    "connectedlinename" => "Ivan102",
    "connectedlinenum" => "102",
    "context" => "org_all",
    "exten" => "",
    "language" => "en",
    "linkedid" => "1744730315.122",
    "priority" => "1",
    "privilege" => "dialplan,all",
    "uniqueid" => "1744730318.123",
    "value" => "minrxmes=000.000000;   maxrxmes=000.000000;   avgrxmes=000.000000;   stdevrxmes=000.000213;   mintxmes=085.367289;   maxtxmes=085.367289;   avgtxmes=085.367289;   stdevtxmes=000.000000;",
    "variable" => "RTPAUDIOQOSMES"
  },
  variables: %{}
}
[2025-04-15 15:18:40.582255Z] %ElixirAmi.Event{
  event: "varset",
  source: :asterisk_connection,
  action_id: nil,
  keys: %{
    "accountcode" => "",
    "calleridname" => "Ivan102",
    "calleridnum" => "102",
    "channel" => "PJSIP/102-00000050",
    "channelstate" => "6",
    "channelstatedesc" => "Up",
    "connectedlinename" => "101",
    "connectedlinenum" => "101",
    "context" => "org_all",
    "exten" => "101",
    "language" => "en",
    "linkedid" => "1744730315.122",
    "priority" => "2",
    "privilege" => "dialplan,all",
    "uniqueid" => "1744730315.122",
    "value" => "minrxmes=000.000000;   maxrxmes=000.000000;   avgrxmes=000.000000;   stdevrxmes=000.000213;   mintxmes=085.367289;   maxtxmes=085.367289;   avgtxmes=085.367289;   stdevtxmes=000.000000;",
    "variable" => "RTPAUDIOQOSMESBRIDGED"
  },
  variables: %{}
}
[2025-04-15 15:18:40.582411Z] %ElixirAmi.Event{
  event: "hanguprequest",
  source: :asterisk_connection,
  action_id: nil,
  keys: %{
    "accountcode" => "",
    "calleridname" => "101",
    "calleridnum" => "101",
    "channel" => "PJSIP/101-00000051",
    "channelstate" => "6",
    "channelstatedesc" => "Up",
    "connectedlinename" => "Ivan102",
    "connectedlinenum" => "102",
    "context" => "org_all",
    "exten" => "",
    "language" => "en",
    "linkedid" => "1744730315.122",
    "priority" => "1",
    "privilege" => "call,all",
    "uniqueid" => "1744730318.123"
  },
  variables: %{}
}
[2025-04-15 15:18:40.582678Z] %ElixirAmi.Event{
  event: "varset",
  source: :asterisk_connection,
  action_id: nil,
  keys: %{
    "accountcode" => "",
    "calleridname" => "101",
    "calleridnum" => "101",
    "channel" => "PJSIP/101-00000051",
    "channelstate" => "6",
    "channelstatedesc" => "Up",
    "connectedlinename" => "Ivan102",
    "connectedlinenum" => "102",
    "context" => "org_all",
    "exten" => "",
    "language" => "en",
    "linkedid" => "1744730315.122",
    "priority" => "1",
    "privilege" => "dialplan,all",
    "uniqueid" => "1744730318.123",
    "value" => "",
    "variable" => "BRIDGEPEER"
  },
  variables: %{}
}
[2025-04-15 15:18:40.583383Z] %ElixirAmi.Event{
  event: "varset",
  source: :asterisk_connection,
  action_id: nil,
  keys: %{
    "accountcode" => "",
    "calleridname" => "101",
    "calleridnum" => "101",
    "channel" => "PJSIP/101-00000051",
    "channelstate" => "6",
    "channelstatedesc" => "Up",
    "connectedlinename" => "Ivan102",
    "connectedlinenum" => "102",
    "context" => "org_all",
    "exten" => "",
    "language" => "en",
    "linkedid" => "1744730315.122",
    "priority" => "1",
    "privilege" => "dialplan,all",
    "uniqueid" => "1744730318.123",
    "value" => "",
    "variable" => "BRIDGEPVTCALLID"
  },
  variables: %{}
}
[2025-04-15 15:18:40.583480Z] %ElixirAmi.Event{
  event: "varset",
  source: :asterisk_connection,
  action_id: nil,
  keys: %{
    "accountcode" => "",
    "calleridname" => "Ivan102",
    "calleridnum" => "102",
    "channel" => "PJSIP/102-00000050",
    "channelstate" => "6",
    "channelstatedesc" => "Up",
    "connectedlinename" => "101",
    "connectedlinenum" => "101",
    "context" => "org_all",
    "exten" => "101",
    "language" => "en",
    "linkedid" => "1744730315.122",
    "priority" => "2",
    "privilege" => "dialplan,all",
    "uniqueid" => "1744730315.122",
    "value" => "",
    "variable" => "BRIDGEPEER"
  },
  variables: %{}
}
[2025-04-15 15:18:40.583545Z] %ElixirAmi.Event{
  event: "varset",
  source: :asterisk_connection,
  action_id: nil,
  keys: %{
    "accountcode" => "",
    "calleridname" => "Ivan102",
    "calleridnum" => "102",
    "channel" => "PJSIP/102-00000050",
    "channelstate" => "6",
    "channelstatedesc" => "Up",
    "connectedlinename" => "101",
    "connectedlinenum" => "101",
    "context" => "org_all",
    "exten" => "101",
    "language" => "en",
    "linkedid" => "1744730315.122",
    "priority" => "2",
    "privilege" => "dialplan,all",
    "uniqueid" => "1744730315.122",
    "value" => "",
    "variable" => "BRIDGEPVTCALLID"
  },
  variables: %{}
}
[2025-04-15 15:18:40.583691Z] %ElixirAmi.Event{
  event: "bridgeleave",
  source: :asterisk_connection,
  action_id: nil,
  keys: %{
    "accountcode" => "",
    "bridgecreator" => "<unknown>",
    "bridgename" => "<unknown>",
    "bridgenumchannels" => "1",
    "bridgetechnology" => "simple_bridge",
    "bridgetype" => "basic",
    "bridgeuniqueid" => "8bb32d3d-2d2b-41c9-ac3f-e4af6be54834",
    "bridgevideosourcemode" => "none",
    "calleridname" => "101",
    "calleridnum" => "101",
    "channel" => "PJSIP/101-00000051",
    "channelstate" => "6",
    "channelstatedesc" => "Up",
    "connectedlinename" => "Ivan102",
    "connectedlinenum" => "102",
    "context" => "org_all",
    "exten" => "",
    "language" => "en",
    "linkedid" => "1744730315.122",
    "priority" => "1",
    "privilege" => "call,all",
    "uniqueid" => "1744730318.123"
  },
  variables: %{}
}
[2025-04-15 15:18:40.583971Z] %ElixirAmi.Event{
  event: "bridgeleave",
  source: :asterisk_connection,
  action_id: nil,
  keys: %{
    "accountcode" => "",
    "bridgecreator" => "<unknown>",
    "bridgename" => "<unknown>",
    "bridgenumchannels" => "0",
    "bridgetechnology" => "simple_bridge",
    "bridgetype" => "basic",
    "bridgeuniqueid" => "8bb32d3d-2d2b-41c9-ac3f-e4af6be54834",
    "bridgevideosourcemode" => "none",
    "calleridname" => "Ivan102",
    "calleridnum" => "102",
    "channel" => "PJSIP/102-00000050",
    "channelstate" => "6",
    "channelstatedesc" => "Up",
    "connectedlinename" => "101",
    "connectedlinenum" => "101",
    "context" => "org_all",
    "exten" => "101",
    "language" => "en",
    "linkedid" => "1744730315.122",
    "priority" => "2",
    "privilege" => "call,all",
    "uniqueid" => "1744730315.122"
  },
  variables: %{}
}
[2025-04-15 15:18:40.584222Z] %ElixirAmi.Event{
  event: "varset",
  source: :asterisk_connection,
  action_id: nil,
  keys: %{
    "accountcode" => "",
    "calleridname" => "Ivan102",
    "calleridnum" => "102",
    "channel" => "PJSIP/102-00000050",
    "channelstate" => "6",
    "channelstatedesc" => "Up",
    "connectedlinename" => "101",
    "connectedlinenum" => "101",
    "context" => "org_all",
    "exten" => "101",
    "language" => "en",
    "linkedid" => "1744730315.122",
    "priority" => "2",
    "privilege" => "dialplan,all",
    "uniqueid" => "1744730315.122",
    "value" => "2",
    "variable" => "ANSWEREDTIME"
  },
  variables: %{}
}
[2025-04-15 15:18:40.584487Z] %ElixirAmi.Event{
  event: "varset",
  source: :asterisk_connection,
  action_id: nil,
  keys: %{
    "accountcode" => "",
    "calleridname" => "Ivan102",
    "calleridnum" => "102",
    "channel" => "PJSIP/102-00000050",
    "channelstate" => "6",
    "channelstatedesc" => "Up",
    "connectedlinename" => "101",
    "connectedlinenum" => "101",
    "context" => "org_all",
    "exten" => "101",
    "language" => "en",
    "linkedid" => "1744730315.122",
    "priority" => "2",
    "privilege" => "dialplan,all",
    "uniqueid" => "1744730315.122",
    "value" => "2110",
    "variable" => "ANSWEREDTIME_MS"
  },
  variables: %{}
}
[2025-04-15 15:18:40.584733Z] %ElixirAmi.Event{
  event: "varset",
  source: :asterisk_connection,
  action_id: nil,
  keys: %{
    "accountcode" => "",
    "calleridname" => "Ivan102",
    "calleridnum" => "102",
    "channel" => "PJSIP/102-00000050",
    "channelstate" => "6",
    "channelstatedesc" => "Up",
    "connectedlinename" => "101",
    "connectedlinenum" => "101",
    "context" => "org_all",
    "exten" => "101",
    "language" => "en",
    "linkedid" => "1744730315.122",
    "priority" => "2",
    "privilege" => "dialplan,all",
    "uniqueid" => "1744730315.122",
    "value" => "4",
    "variable" => "DIALEDTIME"
  },
  variables: %{}
}
[2025-04-15 15:18:40.584989Z] %ElixirAmi.Event{
  event: "varset",
  source: :asterisk_connection,
  action_id: nil,
  keys: %{
    "accountcode" => "",
    "calleridname" => "Ivan102",
    "calleridnum" => "102",
    "channel" => "PJSIP/102-00000050",
    "channelstate" => "6",
    "channelstatedesc" => "Up",
    "connectedlinename" => "101",
    "connectedlinenum" => "101",
    "context" => "org_all",
    "exten" => "101",
    "language" => "en",
    "linkedid" => "1744730315.122",
    "priority" => "2",
    "privilege" => "dialplan,all",
    "uniqueid" => "1744730315.122",
    "value" => "4681",
    "variable" => "DIALEDTIME_MS"
  },
  variables: %{}
}
[2025-04-15 15:18:40.585288Z] %ElixirAmi.Event{
  event: "varset",
  source: :asterisk_connection,
  action_id: nil,
  keys: %{
    "accountcode" => "",
    "calleridname" => "Ivan102",
    "calleridnum" => "102",
    "channel" => "PJSIP/102-00000050",
    "channelstate" => "6",
    "channelstatedesc" => "Up",
    "connectedlinename" => "101",
    "connectedlinenum" => "101",
    "context" => "org_all",
    "exten" => "101",
    "language" => "en",
    "linkedid" => "1744730315.122",
    "priority" => "2",
    "privilege" => "dialplan,all",
    "uniqueid" => "1744730315.122",
    "value" => "ANSWER",
    "variable" => "DIALSTATUS"
  },
  variables: %{}
}
[2025-04-15 15:18:40.585424Z] %ElixirAmi.Event{
  event: "softhanguprequest",
  source: :asterisk_connection,
  action_id: nil,
  keys: %{
    "accountcode" => "",
    "calleridname" => "Ivan102",
    "calleridnum" => "102",
    "cause" => "16",
    "channel" => "PJSIP/102-00000050",
    "channelstate" => "6",
    "channelstatedesc" => "Up",
    "connectedlinename" => "101",
    "connectedlinenum" => "101",
    "context" => "org_all",
    "exten" => "101",
    "language" => "en",
    "linkedid" => "1744730315.122",
    "priority" => "2",
    "privilege" => "call,all",
    "uniqueid" => "1744730315.122"
  },
  variables: %{}
}
[2025-04-15 15:18:40.585713Z] %ElixirAmi.Event{
  event: "varset",
  source: :asterisk_connection,
  action_id: nil,
  keys: %{
    "accountcode" => "",
    "calleridname" => "101",
    "calleridnum" => "101",
    "channel" => "PJSIP/101-00000051",
    "channelstate" => "6",
    "channelstatedesc" => "Up",
    "connectedlinename" => "Ivan102",
    "connectedlinenum" => "102",
    "context" => "org_all",
    "exten" => "",
    "language" => "en",
    "linkedid" => "1744730315.122",
    "priority" => "1",
    "privilege" => "dialplan,all",
    "uniqueid" => "1744730318.123",
    "value" => "ssrc=152406239;themssrc=1539185098;lp=0;rxjitter=0.000750;rxcount=57;txjitter=0.000750;txcount=57;rlp=0;rtt=0.000000;rxmes=85.367289;txmes=0.000000",
    "variable" => "RTPAUDIOQOS"
  },
  variables: %{}
}
[2025-04-15 15:18:40.585941Z] %ElixirAmi.Event{
  event: "varset",
  source: :asterisk_connection,
  action_id: nil,
  keys: %{
    "accountcode" => "",
    "calleridname" => "101",
    "calleridnum" => "101",
    "channel" => "PJSIP/101-00000051",
    "channelstate" => "6",
    "channelstatedesc" => "Up",
    "connectedlinename" => "Ivan102",
    "connectedlinenum" => "102",
    "context" => "org_all",
    "exten" => "",
    "language" => "en",
    "linkedid" => "1744730315.122",
    "priority" => "1",
    "privilege" => "dialplan,all",
    "uniqueid" => "1744730318.123",
    "value" => "minrxjitter=000.000125;maxrxjitter=000.000750;avgrxjitter=000.000533;stdevrxjitter=000.000213;mintxjitter=000.000000;maxtxjitter=000.000750;avgtxjitter=000.000300;stdevtxjitter=000.000367;",
    "variable" => "RTPAUDIOQOSJITTER"
  },
  variables: %{}
}
[2025-04-15 15:18:40.586107Z] %ElixirAmi.Event{
  event: "varset",
  source: :asterisk_connection,
  action_id: nil,
  keys: %{
    "accountcode" => "",
    "calleridname" => "101",
    "calleridnum" => "101",
    "channel" => "PJSIP/101-00000051",
    "channelstate" => "6",
    "channelstatedesc" => "Up",
    "connectedlinename" => "Ivan102",
    "connectedlinenum" => "102",
    "context" => "org_all",
    "exten" => "",
    "language" => "en",
    "linkedid" => "1744730315.122",
    "priority" => "1",
    "privilege" => "dialplan,all",
    "uniqueid" => "1744730318.123",
    "value" => "minrxlost=000.000000;  maxrxlost=000.000000;  avgrxlost=000.000000;  stdevrxlost=000.000000;  mintxlost=000.000000;  maxtxlost=000.000000;  avgtxlost=000.000000;  stdevtxlost=000.000000;",
    "variable" => "RTPAUDIOQOSLOSS"
  },
  variables: %{}
}
[2025-04-15 15:18:40.586492Z] %ElixirAmi.Event{
  event: "varset",
  source: :asterisk_connection,
  action_id: nil,
  keys: %{
    "accountcode" => "",
    "calleridname" => "101",
    "calleridnum" => "101",
    "channel" => "PJSIP/101-00000051",
    "channelstate" => "6",
    "channelstatedesc" => "Up",
    "connectedlinename" => "Ivan102",
    "connectedlinenum" => "102",
    "context" => "org_all",
    "exten" => "",
    "language" => "en",
    "linkedid" => "1744730315.122",
    "priority" => "1",
    "privilege" => "dialplan,all",
    "uniqueid" => "1744730318.123",
    "value" => "minrtt=000.000000;     maxrtt=000.000000;     avgrtt=000.000000;     stdevrtt=000.000000;",
    "variable" => "RTPAUDIOQOSRTT"
  },
  variables: %{}
}
[2025-04-15 15:18:40.586748Z] %ElixirAmi.Event{
  event: "varset",
  source: :asterisk_connection,
  action_id: nil,
  keys: %{
    "accountcode" => "",
    "calleridname" => "101",
    "calleridnum" => "101",
    "channel" => "PJSIP/101-00000051",
    "channelstate" => "6",
    "channelstatedesc" => "Up",
    "connectedlinename" => "Ivan102",
    "connectedlinenum" => "102",
    "context" => "org_all",
    "exten" => "",
    "language" => "en",
    "linkedid" => "1744730315.122",
    "priority" => "1",
    "privilege" => "dialplan,all",
    "uniqueid" => "1744730318.123",
    "value" => "minrxmes=000.000000;   maxrxmes=000.000000;   avgrxmes=000.000000;   stdevrxmes=000.000213;   mintxmes=085.367289;   maxtxmes=085.367289;   avgtxmes=085.367289;   stdevtxmes=000.000000;",
    "variable" => "RTPAUDIOQOSMES"
  },
  variables: %{}
}
[2025-04-15 15:18:40.586903Z] %ElixirAmi.Event{
  event: "hangup",
  source: :asterisk_connection,
  action_id: nil,
  keys: %{
    "accountcode" => "",
    "calleridname" => "101",
    "calleridnum" => "101",
    "cause" => "16",
    "cause-txt" => "Normal Clearing",
    "channel" => "PJSIP/101-00000051",
    "channelstate" => "6",
    "channelstatedesc" => "Up",
    "connectedlinename" => "Ivan102",
    "connectedlinenum" => "102",
    "context" => "org_all",
    "exten" => "",
    "language" => "en",
    "linkedid" => "1744730315.122",
    "priority" => "1",
    "privilege" => "call,all",
    "uniqueid" => "1744730318.123"
  },
  variables: %{}
}
[2025-04-15 15:18:40.587066Z] %ElixirAmi.Event{
  event: "varset",
  source: :asterisk_connection,
  action_id: nil,
  keys: %{
    "accountcode" => "",
    "calleridname" => "Ivan102",
    "calleridnum" => "102",
    "channel" => "PJSIP/102-00000050",
    "channelstate" => "6",
    "channelstatedesc" => "Up",
    "connectedlinename" => "101",
    "connectedlinenum" => "101",
    "context" => "org_all",
    "exten" => "101",
    "language" => "en",
    "linkedid" => "1744730315.122",
    "priority" => "2",
    "privilege" => "dialplan,all",
    "uniqueid" => "1744730315.122",
    "value" => "ssrc=724586202;themssrc=1460041088;lp=0;rxjitter=0.000000;rxcount=105;txjitter=0.000875;txcount=104;rlp=0;rtt=0.000000;rxmes=85.367289;txmes=0.000000",
    "variable" => "RTPAUDIOQOS"
  },
  variables: %{}
}
[2025-04-15 15:18:40.587381Z] %ElixirAmi.Event{
  event: "varset",
  source: :asterisk_connection,
  action_id: nil,
  keys: %{
    "accountcode" => "",
    "calleridname" => "Ivan102",
    "calleridnum" => "102",
    "channel" => "PJSIP/102-00000050",
    "channelstate" => "6",
    "channelstatedesc" => "Up",
    "connectedlinename" => "101",
    "connectedlinenum" => "101",
    "context" => "org_all",
    "exten" => "101",
    "language" => "en",
    "linkedid" => "1744730315.122",
    "priority" => "2",
    "privilege" => "dialplan,all",
    "uniqueid" => "1744730315.122",
    "value" => "minrxjitter=000.000000;maxrxjitter=000.000875;avgrxjitter=000.000678;stdevrxjitter=000.000211;mintxjitter=000.000000;maxtxjitter=000.000000;avgtxjitter=000.000000;stdevtxjitter=000.000000;",
    "variable" => "RTPAUDIOQOSJITTER"
  },
  variables: %{}
}
[2025-04-15 15:18:40.587656Z] %ElixirAmi.Event{
  event: "varset",
  source: :asterisk_connection,
  action_id: nil,
  keys: %{
    "accountcode" => "",
    "calleridname" => "Ivan102",
    "calleridnum" => "102",
    "channel" => "PJSIP/102-00000050",
    "channelstate" => "6",
    "channelstatedesc" => "Up",
    "connectedlinename" => "101",
    "connectedlinenum" => "101",
    "context" => "org_all",
    "exten" => "101",
    "language" => "en",
    "linkedid" => "1744730315.122",
    "priority" => "2",
    "privilege" => "dialplan,all",
    "uniqueid" => "1744730315.122",
    "value" => "minrxlost=000.000000;  maxrxlost=000.000000;  avgrxlost=000.000000;  stdevrxlost=000.000000;  mintxlost=000.000000;  maxtxlost=000.000000;  avgtxlost=000.000000;  stdevtxlost=000.000000;",
    "variable" => "RTPAUDIOQOSLOSS"
  },
  variables: %{}
}
[2025-04-15 15:18:40.587902Z] %ElixirAmi.Event{
  event: "varset",
  source: :asterisk_connection,
  action_id: nil,
  keys: %{
    "accountcode" => "",
    "calleridname" => "Ivan102",
    "calleridnum" => "102",
    "channel" => "PJSIP/102-00000050",
    "channelstate" => "6",
    "channelstatedesc" => "Up",
    "connectedlinename" => "101",
    "connectedlinenum" => "101",
    "context" => "org_all",
    "exten" => "101",
    "language" => "en",
    "linkedid" => "1744730315.122",
    "priority" => "2",
    "privilege" => "dialplan,all",
    "uniqueid" => "1744730315.122",
    "value" => "minrtt=000.000000;     maxrtt=000.000000;     avgrtt=000.000000;     stdevrtt=000.000000;",
    "variable" => "RTPAUDIOQOSRTT"
  },
  variables: %{}
}
[2025-04-15 15:18:40.588172Z] %ElixirAmi.Event{
  event: "varset",
  source: :asterisk_connection,
  action_id: nil,
  keys: %{
    "accountcode" => "",
    "calleridname" => "Ivan102",
    "calleridnum" => "102",
    "channel" => "PJSIP/102-00000050",
    "channelstate" => "6",
    "channelstatedesc" => "Up",
    "connectedlinename" => "101",
    "connectedlinenum" => "101",
    "context" => "org_all",
    "exten" => "101",
    "language" => "en",
    "linkedid" => "1744730315.122",
    "priority" => "2",
    "privilege" => "dialplan,all",
    "uniqueid" => "1744730315.122",
    "value" => "minrxmes=000.000000;   maxrxmes=000.000000;   avgrxmes=000.000000;   stdevrxmes=000.000211;   mintxmes=085.367289;   maxtxmes=085.367289;   avgtxmes=085.367289;   stdevtxmes=000.000000;",
    "variable" => "RTPAUDIOQOSMES"
  },
  variables: %{}
}
[2025-04-15 15:18:40.588417Z] %ElixirAmi.Event{
  event: "hangup",
  source: :asterisk_connection,
  action_id: nil,
  keys: %{
    "accountcode" => "",
    "calleridname" => "Ivan102",
    "calleridnum" => "102",
    "cause" => "16",
    "cause-txt" => "Normal Clearing",
    "channel" => "PJSIP/102-00000050",
    "channelstate" => "6",
    "channelstatedesc" => "Up",
    "connectedlinename" => "101",
    "connectedlinenum" => "101",
    "context" => "org_all",
    "exten" => "101",
    "language" => "en",
    "linkedid" => "1744730315.122",
    "priority" => "2",
    "privilege" => "call,all",
    "uniqueid" => "1744730315.122"
  },
  variables: %{}
}
