[2025-04-15 14:16:48.299418Z] %ElixirAmi.Event{
  event: "newchannel",
  source: :asterisk_connection,
  action_id: nil,
  keys: %{
    "accountcode" => "",
    "calleridname" => "102",
    "calleridnum" => "102",
    "channel" => "PJSIP/102-0000002e",
    "channelstate" => "4",
    "channelstatedesc" => "Ring",
    "connectedlinename" => "<unknown>",
    "connectedlinenum" => "<unknown>",
    "context" => "org_all",
    "exten" => "101",
    "language" => "en",
    "linkedid" => "1744726608.72",
    "priority" => "1",
    "privilege" => "call,all",
    "uniqueid" => "1744726608.72"
  },
  variables: %{}
}
[2025-04-15 14:16:48.299675Z] %ElixirAmi.Event{
  event: "varset",
  source: :asterisk_connection,
  action_id: nil,
  keys: %{
    "accountcode" => "",
    "calleridname" => "102",
    "calleridnum" => "102",
    "channel" => "PJSIP/102-0000002e",
    "channelstate" => "4",
    "channelstatedesc" => "Ring",
    "connectedlinename" => "<unknown>",
    "connectedlinenum" => "<unknown>",
    "context" => "org_all",
    "exten" => "101",
    "language" => "en",
    "linkedid" => "1744726608.72",
    "priority" => "1",
    "privilege" => "dialplan,all",
    "uniqueid" => "1744726608.72",
    "value" => "192.168.0.16",
    "variable" => "SIPDOMAIN"
  },
  variables: %{}
}
[2025-04-15 14:16:48.299976Z] %ElixirAmi.Event{
  event: "newexten",
  source: :asterisk_connection,
  action_id: nil,
  keys: %{
    "accountcode" => "",
    "appdata" => "",
    "application" => "NoOp",
    "calleridname" => "102",
    "calleridnum" => "102",
    "channel" => "PJSIP/102-0000002e",
    "channelstate" => "4",
    "channelstatedesc" => "Ring",
    "connectedlinename" => "<unknown>",
    "connectedlinenum" => "<unknown>",
    "context" => "org_all",
    "exten" => "101",
    "extension" => "101",
    "language" => "en",
    "linkedid" => "1744726608.72",
    "priority" => "1",
    "privilege" => "dialplan,all",
    "uniqueid" => "1744726608.72"
  },
  variables: %{}
}
[2025-04-15 14:16:48.300248Z] %ElixirAmi.Event{
  event: "newexten",
  source: :asterisk_connection,
  action_id: nil,
  keys: %{
    "accountcode" => "",
    "appdata" => "PJSIP/101,20,",
    "application" => "Dial",
    "calleridname" => "102",
    "calleridnum" => "102",
    "channel" => "PJSIP/102-0000002e",
    "channelstate" => "4",
    "channelstatedesc" => "Ring",
    "connectedlinename" => "<unknown>",
    "connectedlinenum" => "<unknown>",
    "context" => "org_all",
    "exten" => "101",
    "extension" => "101",
    "language" => "en",
    "linkedid" => "1744726608.72",
    "priority" => "2",
    "privilege" => "dialplan,all",
    "uniqueid" => "1744726608.72"
  },
  variables: %{}
}
[2025-04-15 14:16:48.300410Z] %ElixirAmi.Event{
  event: "varset",
  source: :asterisk_connection,
  action_id: nil,
  keys: %{
    "accountcode" => "",
    "calleridname" => "102",
    "calleridnum" => "102",
    "channel" => "PJSIP/102-0000002e",
    "channelstate" => "4",
    "channelstatedesc" => "Ring",
    "connectedlinename" => "<unknown>",
    "connectedlinenum" => "<unknown>",
    "context" => "org_all",
    "exten" => "101",
    "language" => "en",
    "linkedid" => "1744726608.72",
    "priority" => "2",
    "privilege" => "dialplan,all",
    "uniqueid" => "1744726608.72",
    "value" => "",
    "variable" => "DIALSTATUS"
  },
  variables: %{}
}
[2025-04-15 14:16:48.300672Z] %ElixirAmi.Event{
  event: "varset",
  source: :asterisk_connection,
  action_id: nil,
  keys: %{
    "accountcode" => "",
    "calleridname" => "102",
    "calleridnum" => "102",
    "channel" => "PJSIP/102-0000002e",
    "channelstate" => "4",
    "channelstatedesc" => "Ring",
    "connectedlinename" => "<unknown>",
    "connectedlinenum" => "<unknown>",
    "context" => "org_all",
    "exten" => "101",
    "language" => "en",
    "linkedid" => "1744726608.72",
    "priority" => "2",
    "privilege" => "dialplan,all",
    "uniqueid" => "1744726608.72",
    "value" => "",
    "variable" => "DIALEDPEERNUMBER"
  },
  variables: %{}
}
[2025-04-15 14:16:48.300842Z] %ElixirAmi.Event{
  event: "varset",
  source: :asterisk_connection,
  action_id: nil,
  keys: %{
    "accountcode" => "",
    "calleridname" => "102",
    "calleridnum" => "102",
    "channel" => "PJSIP/102-0000002e",
    "channelstate" => "4",
    "channelstatedesc" => "Ring",
    "connectedlinename" => "<unknown>",
    "connectedlinenum" => "<unknown>",
    "context" => "org_all",
    "exten" => "101",
    "language" => "en",
    "linkedid" => "1744726608.72",
    "priority" => "2",
    "privilege" => "dialplan,all",
    "uniqueid" => "1744726608.72",
    "value" => "",
    "variable" => "DIALEDPEERNAME"
  },
  variables: %{}
}
[2025-04-15 14:16:48.301321Z] %ElixirAmi.Event{
  event: "varset",
  source: :asterisk_connection,
  action_id: nil,
  keys: %{
    "accountcode" => "",
    "calleridname" => "102",
    "calleridnum" => "102",
    "channel" => "PJSIP/102-0000002e",
    "channelstate" => "4",
    "channelstatedesc" => "Ring",
    "connectedlinename" => "<unknown>",
    "connectedlinenum" => "<unknown>",
    "context" => "org_all",
    "exten" => "101",
    "language" => "en",
    "linkedid" => "1744726608.72",
    "priority" => "2",
    "privilege" => "dialplan,all",
    "uniqueid" => "1744726608.72",
    "value" => "",
    "variable" => "ANSWEREDTIME"
  },
  variables: %{}
}
[2025-04-15 14:16:48.301569Z] %ElixirAmi.Event{
  event: "varset",
  source: :asterisk_connection,
  action_id: nil,
  keys: %{
    "accountcode" => "",
    "calleridname" => "102",
    "calleridnum" => "102",
    "channel" => "PJSIP/102-0000002e",
    "channelstate" => "4",
    "channelstatedesc" => "Ring",
    "connectedlinename" => "<unknown>",
    "connectedlinenum" => "<unknown>",
    "context" => "org_all",
    "exten" => "101",
    "language" => "en",
    "linkedid" => "1744726608.72",
    "priority" => "2",
    "privilege" => "dialplan,all",
    "uniqueid" => "1744726608.72",
    "value" => "",
    "variable" => "ANSWEREDTIME_MS"
  },
  variables: %{}
}
[2025-04-15 14:16:48.301739Z] %ElixirAmi.Event{
  event: "varset",
  source: :asterisk_connection,
  action_id: nil,
  keys: %{
    "accountcode" => "",
    "calleridname" => "102",
    "calleridnum" => "102",
    "channel" => "PJSIP/102-0000002e",
    "channelstate" => "4",
    "channelstatedesc" => "Ring",
    "connectedlinename" => "<unknown>",
    "connectedlinenum" => "<unknown>",
    "context" => "org_all",
    "exten" => "101",
    "language" => "en",
    "linkedid" => "1744726608.72",
    "priority" => "2",
    "privilege" => "dialplan,all",
    "uniqueid" => "1744726608.72",
    "value" => "",
    "variable" => "DIALEDTIME"
  },
  variables: %{}
}
[2025-04-15 14:16:48.301966Z] %ElixirAmi.Event{
  event: "varset",
  source: :asterisk_connection,
  action_id: nil,
  keys: %{
    "accountcode" => "",
    "calleridname" => "102",
    "calleridnum" => "102",
    "channel" => "PJSIP/102-0000002e",
    "channelstate" => "4",
    "channelstatedesc" => "Ring",
    "connectedlinename" => "<unknown>",
    "connectedlinenum" => "<unknown>",
    "context" => "org_all",
    "exten" => "101",
    "language" => "en",
    "linkedid" => "1744726608.72",
    "priority" => "2",
    "privilege" => "dialplan,all",
    "uniqueid" => "1744726608.72",
    "value" => "",
    "variable" => "DIALEDTIME_MS"
  },
  variables: %{}
}
[2025-04-15 14:16:48.302231Z] %ElixirAmi.Event{
  event: "varset",
  source: :asterisk_connection,
  action_id: nil,
  keys: %{
    "accountcode" => "",
    "calleridname" => "102",
    "calleridnum" => "102",
    "channel" => "PJSIP/102-0000002e",
    "channelstate" => "4",
    "channelstatedesc" => "Ring",
    "connectedlinename" => "<unknown>",
    "connectedlinenum" => "<unknown>",
    "context" => "org_all",
    "exten" => "101",
    "language" => "en",
    "linkedid" => "1744726608.72",
    "priority" => "2",
    "privilege" => "dialplan,all",
    "uniqueid" => "1744726608.72",
    "value" => "",
    "variable" => "RINGTIME"
  },
  variables: %{}
}
[2025-04-15 14:16:48.302466Z] %ElixirAmi.Event{
  event: "varset",
  source: :asterisk_connection,
  action_id: nil,
  keys: %{
    "accountcode" => "",
    "calleridname" => "102",
    "calleridnum" => "102",
    "channel" => "PJSIP/102-0000002e",
    "channelstate" => "4",
    "channelstatedesc" => "Ring",
    "connectedlinename" => "<unknown>",
    "connectedlinenum" => "<unknown>",
    "context" => "org_all",
    "exten" => "101",
    "language" => "en",
    "linkedid" => "1744726608.72",
    "priority" => "2",
    "privilege" => "dialplan,all",
    "uniqueid" => "1744726608.72",
    "value" => "",
    "variable" => "RINGTIME_MS"
  },
  variables: %{}
}
[2025-04-15 14:16:48.302767Z] %ElixirAmi.Event{
  event: "varset",
  source: :asterisk_connection,
  action_id: nil,
  keys: %{
    "accountcode" => "",
    "calleridname" => "102",
    "calleridnum" => "102",
    "channel" => "PJSIP/102-0000002e",
    "channelstate" => "4",
    "channelstatedesc" => "Ring",
    "connectedlinename" => "<unknown>",
    "connectedlinenum" => "<unknown>",
    "context" => "org_all",
    "exten" => "101",
    "language" => "en",
    "linkedid" => "1744726608.72",
    "priority" => "2",
    "privilege" => "dialplan,all",
    "uniqueid" => "1744726608.72",
    "value" => "",
    "variable" => "PROGRESSTIME"
  },
  variables: %{}
}
[2025-04-15 14:16:48.302946Z] %ElixirAmi.Event{
  event: "varset",
  source: :asterisk_connection,
  action_id: nil,
  keys: %{
    "accountcode" => "",
    "calleridname" => "102",
    "calleridnum" => "102",
    "channel" => "PJSIP/102-0000002e",
    "channelstate" => "4",
    "channelstatedesc" => "Ring",
    "connectedlinename" => "<unknown>",
    "connectedlinenum" => "<unknown>",
    "context" => "org_all",
    "exten" => "101",
    "language" => "en",
    "linkedid" => "1744726608.72",
    "priority" => "2",
    "privilege" => "dialplan,all",
    "uniqueid" => "1744726608.72",
    "value" => "",
    "variable" => "PROGRESSTIME_MS"
  },
  variables: %{}
}
[2025-04-15 14:16:48.303092Z] %ElixirAmi.Event{
  event: "newchannel",
  source: :asterisk_connection,
  action_id: nil,
  keys: %{
    "accountcode" => "",
    "calleridname" => "101",
    "calleridnum" => "101",
    "channel" => "PJSIP/101-0000002f",
    "channelstate" => "0",
    "channelstatedesc" => "Down",
    "connectedlinename" => "<unknown>",
    "connectedlinenum" => "<unknown>",
    "context" => "org_all",
    "exten" => "s",
    "language" => "en",
    "linkedid" => "1744726608.72",
    "priority" => "1",
    "privilege" => "call,all",
    "uniqueid" => "1744726608.73"
  },
  variables: %{}
}
[2025-04-15 14:16:48.303431Z] %ElixirAmi.Event{
  event: "varset",
  source: :asterisk_connection,
  action_id: nil,
  keys: %{
    "accountcode" => "",
    "calleridname" => "101",
    "calleridnum" => "101",
    "channel" => "PJSIP/101-0000002f",
    "channelstate" => "0",
    "channelstatedesc" => "Down",
    "connectedlinename" => "<unknown>",
    "connectedlinenum" => "<unknown>",
    "context" => "org_all",
    "exten" => "s",
    "language" => "en",
    "linkedid" => "1744726608.72",
    "priority" => "1",
    "privilege" => "dialplan,all",
    "uniqueid" => "1744726608.73",
    "value" => "101",
    "variable" => "DIALEDPEERNUMBER"
  },
  variables: %{}
}
[2025-04-15 14:16:48.303704Z] %ElixirAmi.Event{
  event: "newexten",
  source: :asterisk_connection,
  action_id: nil,
  keys: %{
    "accountcode" => "",
    "appdata" => "(Outgoing Line)",
    "application" => "AppDial",
    "calleridname" => "101",
    "calleridnum" => "101",
    "channel" => "PJSIP/101-0000002f",
    "channelstate" => "0",
    "channelstatedesc" => "Down",
    "connectedlinename" => "102",
    "connectedlinenum" => "102",
    "context" => "org_all",
    "exten" => "101",
    "extension" => "101",
    "language" => "en",
    "linkedid" => "1744726608.72",
    "priority" => "1",
    "privilege" => "dialplan,all",
    "uniqueid" => "1744726608.73"
  },
  variables: %{}
}
[2025-04-15 14:16:48.303984Z] %ElixirAmi.Event{
  event: "newconnectedline",
  source: :asterisk_connection,
  action_id: nil,
  keys: %{
    "accountcode" => "",
    "calleridname" => "101",
    "calleridnum" => "101",
    "channel" => "PJSIP/101-0000002f",
    "channelstate" => "0",
    "channelstatedesc" => "Down",
    "connectedlinename" => "102",
    "connectedlinenum" => "102",
    "context" => "org_all",
    "exten" => "101",
    "language" => "en",
    "linkedid" => "1744726608.72",
    "priority" => "1",
    "privilege" => "call,all",
    "uniqueid" => "1744726608.73"
  },
  variables: %{}
}
[2025-04-15 14:16:48.304352Z] %ElixirAmi.Event{
  event: "dialbegin",
  source: :asterisk_connection,
  action_id: nil,
  keys: %{
    "accountcode" => "",
    "calleridname" => "102",
    "calleridnum" => "102",
    "channel" => "PJSIP/102-0000002e",
    "channelstate" => "4",
    "channelstatedesc" => "Ring",
    "connectedlinename" => "<unknown>",
    "connectedlinenum" => "<unknown>",
    "context" => "org_all",
    "destaccountcode" => "",
    "destcalleridname" => "101",
    "destcalleridnum" => "101",
    "destchannel" => "PJSIP/101-0000002f",
    "destchannelstate" => "0",
    "destchannelstatedesc" => "Down",
    "destconnectedlinename" => "102",
    "destconnectedlinenum" => "102",
    "destcontext" => "org_all",
    "destexten" => "101",
    "destlanguage" => "en",
    "destlinkedid" => "1744726608.72",
    "destpriority" => "1",
    "destuniqueid" => "1744726608.73",
    "dialstring" => "101",
    "exten" => "101",
    "language" => "en",
    "linkedid" => "1744726608.72",
    "priority" => "2",
    "privilege" => "call,all",
    "uniqueid" => "1744726608.72"
  },
  variables: %{}
}
[2025-04-15 14:16:48.304578Z] %ElixirAmi.Event{
  event: "newconnectedline",
  source: :asterisk_connection,
  action_id: nil,
  keys: %{
    "accountcode" => "",
    "calleridname" => "102",
    "calleridnum" => "102",
    "channel" => "PJSIP/102-0000002e",
    "channelstate" => "4",
    "channelstatedesc" => "Ring",
    "connectedlinename" => "101",
    "connectedlinenum" => "101",
    "context" => "org_all",
    "exten" => "101",
    "language" => "en",
    "linkedid" => "1744726608.72",
    "priority" => "2",
    "privilege" => "call,all",
    "uniqueid" => "1744726608.72"
  },
  variables: %{}
}
[2025-04-15 14:16:48.305282Z] %ElixirAmi.Event{
  event: "newstate",
  source: :asterisk_connection,
  action_id: nil,
  keys: %{
    "accountcode" => "",
    "calleridname" => "101",
    "calleridnum" => "101",
    "channel" => "PJSIP/101-0000002f",
    "channelstate" => "5",
    "channelstatedesc" => "Ringing",
    "connectedlinename" => "102",
    "connectedlinenum" => "102",
    "context" => "org_all",
    "exten" => "101",
    "language" => "en",
    "linkedid" => "1744726608.72",
    "priority" => "1",
    "privilege" => "call,all",
    "uniqueid" => "1744726608.73"
  },
  variables: %{}
}
[2025-04-15 14:16:48.305703Z] %ElixirAmi.Event{
  event: "varset",
  source: :asterisk_connection,
  action_id: nil,
  keys: %{
    "accountcode" => "",
    "calleridname" => "102",
    "calleridnum" => "102",
    "channel" => "PJSIP/102-0000002e",
    "channelstate" => "4",
    "channelstatedesc" => "Ring",
    "connectedlinename" => "101",
    "connectedlinenum" => "101",
    "context" => "org_all",
    "exten" => "101",
    "language" => "en",
    "linkedid" => "1744726608.72",
    "priority" => "2",
    "privilege" => "dialplan,all",
    "uniqueid" => "1744726608.72",
    "value" => "0",
    "variable" => "RINGTIME"
  },
  variables: %{}
}
[2025-04-15 14:16:48.306036Z] %ElixirAmi.Event{
  event: "varset",
  source: :asterisk_connection,
  action_id: nil,
  keys: %{
    "accountcode" => "",
    "calleridname" => "102",
    "calleridnum" => "102",
    "channel" => "PJSIP/102-0000002e",
    "channelstate" => "4",
    "channelstatedesc" => "Ring",
    "connectedlinename" => "101",
    "connectedlinenum" => "101",
    "context" => "org_all",
    "exten" => "101",
    "language" => "en",
    "linkedid" => "1744726608.72",
    "priority" => "2",
    "privilege" => "dialplan,all",
    "uniqueid" => "1744726608.72",
    "value" => "5",
    "variable" => "RINGTIME_MS"
  },
  variables: %{}
}
[2025-04-15 14:16:48.306427Z] %ElixirAmi.Event{
  event: "dialstate",
  source: :asterisk_connection,
  action_id: nil,
  keys: %{
    "accountcode" => "",
    "calleridname" => "102",
    "calleridnum" => "102",
    "channel" => "PJSIP/102-0000002e",
    "channelstate" => "4",
    "channelstatedesc" => "Ring",
    "connectedlinename" => "101",
    "connectedlinenum" => "101",
    "context" => "org_all",
    "destaccountcode" => "",
    "destcalleridname" => "101",
    "destcalleridnum" => "101",
    "destchannel" => "PJSIP/101-0000002f",
    "destchannelstate" => "5",
    "destchannelstatedesc" => "Ringing",
    "destconnectedlinename" => "102",
    "destconnectedlinenum" => "102",
    "destcontext" => "org_all",
    "destexten" => "101",
    "destlanguage" => "en",
    "destlinkedid" => "1744726608.72",
    "destpriority" => "1",
    "destuniqueid" => "1744726608.73",
    "dialstatus" => "RINGING",
    "exten" => "101",
    "language" => "en",
    "linkedid" => "1744726608.72",
    "priority" => "2",
    "privilege" => "call,all",
    "uniqueid" => "1744726608.72"
  },
  variables: %{}
}
[2025-04-15 14:17:08.320078Z] %ElixirAmi.Event{
  event: "dialend",
  source: :asterisk_connection,
  action_id: nil,
  keys: %{
    "accountcode" => "",
    "calleridname" => "102",
    "calleridnum" => "102",
    "channel" => "PJSIP/102-0000002e",
    "channelstate" => "4",
    "channelstatedesc" => "Ring",
    "connectedlinename" => "101",
    "connectedlinenum" => "101",
    "context" => "org_all",
    "destaccountcode" => "",
    "destcalleridname" => "101",
    "destcalleridnum" => "101",
    "destchannel" => "PJSIP/101-0000002f",
    "destchannelstate" => "5",
    "destchannelstatedesc" => "Ringing",
    "destconnectedlinename" => "102",
    "destconnectedlinenum" => "102",
    "destcontext" => "org_all",
    "destexten" => "101",
    "destlanguage" => "en",
    "destlinkedid" => "1744726608.72",
    "destpriority" => "1",
    "destuniqueid" => "1744726608.73",
    "dialstatus" => "NOANSWER",
    "exten" => "101",
    "language" => "en",
    "linkedid" => "1744726608.72",
    "priority" => "2",
    "privilege" => "call,all",
    "uniqueid" => "1744726608.72"
  },
  variables: %{}
}
[2025-04-15 14:17:08.320478Z] %ElixirAmi.Event{
  event: "varset",
  source: :asterisk_connection,
  action_id: nil,
  keys: %{
    "accountcode" => "",
    "calleridname" => "102",
    "calleridnum" => "102",
    "channel" => "PJSIP/102-0000002e",
    "channelstate" => "4",
    "channelstatedesc" => "Ring",
    "connectedlinename" => "101",
    "connectedlinenum" => "101",
    "context" => "org_all",
    "exten" => "101",
    "language" => "en",
    "linkedid" => "1744726608.72",
    "priority" => "2",
    "privilege" => "dialplan,all",
    "uniqueid" => "1744726608.72",
    "value" => "NOANSWER",
    "variable" => "DIALSTATUS"
  },
  variables: %{}
}
[2025-04-15 14:17:08.320733Z] %ElixirAmi.Event{
  event: "softhanguprequest",
  source: :asterisk_connection,
  action_id: nil,
  keys: %{
    "accountcode" => "",
    "calleridname" => "102",
    "calleridnum" => "102",
    "cause" => "16",
    "channel" => "PJSIP/102-0000002e",
    "channelstate" => "4",
    "channelstatedesc" => "Ring",
    "connectedlinename" => "101",
    "connectedlinenum" => "101",
    "context" => "org_all",
    "exten" => "101",
    "language" => "en",
    "linkedid" => "1744726608.72",
    "priority" => "2",
    "privilege" => "call,all",
    "uniqueid" => "1744726608.72"
  },
  variables: %{}
}
[2025-04-15 14:17:08.320944Z] %ElixirAmi.Event{
  event: "hangup",
  source: :asterisk_connection,
  action_id: nil,
  keys: %{
    "accountcode" => "",
    "calleridname" => "102",
    "calleridnum" => "102",
    "cause" => "0",
    "cause-txt" => "Unknown",
    "channel" => "PJSIP/102-0000002e",
    "channelstate" => "4",
    "channelstatedesc" => "Ring",
    "connectedlinename" => "101",
    "connectedlinenum" => "101",
    "context" => "org_all",
    "exten" => "101",
    "language" => "en",
    "linkedid" => "1744726608.72",
    "priority" => "3",
    "privilege" => "call,all",
    "uniqueid" => "1744726608.72"
  },
  variables: %{}
}
[2025-04-15 14:17:08.321141Z] %ElixirAmi.Event{
  event: "hangup",
  source: :asterisk_connection,
  action_id: nil,
  keys: %{
    "accountcode" => "",
    "calleridname" => "101",
    "calleridnum" => "101",
    "cause" => "0",
    "cause-txt" => "Unknown",
    "channel" => "PJSIP/101-0000002f",
    "channelstate" => "5",
    "channelstatedesc" => "Ringing",
    "connectedlinename" => "102",
    "connectedlinenum" => "102",
    "context" => "org_all",
    "exten" => "101",
    "language" => "en",
    "linkedid" => "1744726608.72",
    "priority" => "1",
    "privilege" => "call,all",
    "uniqueid" => "1744726608.73"
  },
  variables: %{}
}
