[2025-04-11 09:14:08.180593Z] %ElixirAmi.Event{
  event: "varset",
  source: :asterisk_connection,
  action_id: nil,
  keys: %{
    "accountcode" => "",
    "calleridname" => "103",
    "calleridnum" => "103",
    "channel" => "PJSIP/103-00000003",
    "channelstate" => "4",
    "channelstatedesc" => "Ring",
    "connectedlinename" => "<unknown>",
    "connectedlinenum" => "<unknown>",
    "context" => "org_all",
    "exten" => "102",
    "language" => "en",
    "linkedid" => "1744362848.4",
    "priority" => "1",
    "privilege" => "dialplan,all",
    "uniqueid" => "1744362848.4",
    "value" => "192.168.0.16",
    "variable" => "SIPDOMAIN"
  },
  variables: %{}
}
[2025-04-11 09:14:08.183966Z] %ElixirAmi.Event{
  event: "varset",
  source: :asterisk_connection,
  action_id: nil,
  keys: %{
    "accountcode" => "",
    "calleridname" => "103",
    "calleridnum" => "103",
    "channel" => "PJSIP/103-00000003",
    "channelstate" => "4",
    "channelstatedesc" => "Ring",
    "connectedlinename" => "<unknown>",
    "connectedlinenum" => "<unknown>",
    "context" => "org_all",
    "exten" => "102",
    "language" => "en",
    "linkedid" => "1744362848.4",
    "priority" => "2",
    "privilege" => "dialplan,all",
    "uniqueid" => "1744362848.4",
    "value" => "",
    "variable" => "PROGRESSTIME_MS"
  },
  variables: %{}
}
[2025-04-11 09:14:08.180603Z] %ElixirAmi.Event{
  event: "newchannel",
  source: :asterisk_connection,
  action_id: nil,
  keys: %{
    "accountcode" => "",
    "calleridname" => "103",
    "calleridnum" => "103",
    "channel" => "PJSIP/103-00000003",
    "channelstate" => "4",
    "channelstatedesc" => "Ring",
    "connectedlinename" => "<unknown>",
    "connectedlinenum" => "<unknown>",
    "context" => "org_all",
    "exten" => "102",
    "language" => "en",
    "linkedid" => "1744362848.4",
    "priority" => "1",
    "privilege" => "call,all",
    "uniqueid" => "1744362848.4"
  },
  variables: %{}
}
[2025-04-11 09:14:08.183955Z] %ElixirAmi.Event{
  event: "varset",
  source: :asterisk_connection,
  action_id: nil,
  keys: %{
    "accountcode" => "",
    "calleridname" => "103",
    "calleridnum" => "103",
    "channel" => "PJSIP/103-00000003",
    "channelstate" => "4",
    "channelstatedesc" => "Ring",
    "connectedlinename" => "<unknown>",
    "connectedlinenum" => "<unknown>",
    "context" => "org_all",
    "exten" => "102",
    "language" => "en",
    "linkedid" => "1744362848.4",
    "priority" => "2",
    "privilege" => "dialplan,all",
    "uniqueid" => "1744362848.4",
    "value" => "",
    "variable" => "PROGRESSTIME"
  },
  variables: %{}
}
[2025-04-11 09:14:08.180908Z] %ElixirAmi.Event{
  event: "newexten",
  source: :asterisk_connection,
  action_id: nil,
  keys: %{
    "accountcode" => "",
    "appdata" => "",
    "application" => "NoOp",
    "calleridname" => "103",
    "calleridnum" => "103",
    "channel" => "PJSIP/103-00000003",
    "channelstate" => "4",
    "channelstatedesc" => "Ring",
    "connectedlinename" => "<unknown>",
    "connectedlinenum" => "<unknown>",
    "context" => "org_all",
    "exten" => "102",
    "extension" => "102",
    "language" => "en",
    "linkedid" => "1744362848.4",
    "priority" => "1",
    "privilege" => "dialplan,all",
    "uniqueid" => "1744362848.4"
  },
  variables: %{}
}
[2025-04-11 09:14:08.182910Z] %ElixirAmi.Event{
  event: "varset",
  source: :asterisk_connection,
  action_id: nil,
  keys: %{
    "accountcode" => "",
    "calleridname" => "103",
    "calleridnum" => "103",
    "channel" => "PJSIP/103-00000003",
    "channelstate" => "4",
    "channelstatedesc" => "Ring",
    "connectedlinename" => "<unknown>",
    "connectedlinenum" => "<unknown>",
    "context" => "org_all",
    "exten" => "102",
    "language" => "en",
    "linkedid" => "1744362848.4",
    "priority" => "2",
    "privilege" => "dialplan,all",
    "uniqueid" => "1744362848.4",
    "value" => "",
    "variable" => "DIALEDTIME_MS"
  },
  variables: %{}
}
[2025-04-11 09:14:08.184253Z] %ElixirAmi.Event{
  event: "newchannel",
  source: :asterisk_connection,
  action_id: nil,
  keys: %{
    "accountcode" => "",
    "calleridname" => "102",
    "calleridnum" => "102",
    "channel" => "PJSIP/102-00000004",
    "channelstate" => "0",
    "channelstatedesc" => "Down",
    "connectedlinename" => "<unknown>",
    "connectedlinenum" => "<unknown>",
    "context" => "org_all",
    "exten" => "s",
    "language" => "en",
    "linkedid" => "1744362848.4",
    "priority" => "1",
    "privilege" => "call,all",
    "uniqueid" => "1744362848.5"
  },
  variables: %{}
}
[2025-04-11 09:14:08.181297Z] %ElixirAmi.Event{
  event: "varset",
  source: :asterisk_connection,
  action_id: nil,
  keys: %{
    "accountcode" => "",
    "calleridname" => "103",
    "calleridnum" => "103",
    "channel" => "PJSIP/103-00000003",
    "channelstate" => "4",
    "channelstatedesc" => "Ring",
    "connectedlinename" => "<unknown>",
    "connectedlinenum" => "<unknown>",
    "context" => "org_all",
    "exten" => "102",
    "language" => "en",
    "linkedid" => "1744362848.4",
    "priority" => "2",
    "privilege" => "dialplan,all",
    "uniqueid" => "1744362848.4",
    "value" => "",
    "variable" => "DIALSTATUS"
  },
  variables: %{}
}
[2025-04-11 09:14:08.183326Z] %ElixirAmi.Event{
  event: "varset",
  source: :asterisk_connection,
  action_id: nil,
  keys: %{
    "accountcode" => "",
    "calleridname" => "103",
    "calleridnum" => "103",
    "channel" => "PJSIP/103-00000003",
    "channelstate" => "4",
    "channelstatedesc" => "Ring",
    "connectedlinename" => "<unknown>",
    "connectedlinenum" => "<unknown>",
    "context" => "org_all",
    "exten" => "102",
    "language" => "en",
    "linkedid" => "1744362848.4",
    "priority" => "2",
    "privilege" => "dialplan,all",
    "uniqueid" => "1744362848.4",
    "value" => "",
    "variable" => "RINGTIME_MS"
  },
  variables: %{}
}
[2025-04-11 09:14:08.182020Z] %ElixirAmi.Event{
  event: "varset",
  source: :asterisk_connection,
  action_id: nil,
  keys: %{
    "accountcode" => "",
    "calleridname" => "103",
    "calleridnum" => "103",
    "channel" => "PJSIP/103-00000003",
    "channelstate" => "4",
    "channelstatedesc" => "Ring",
    "connectedlinename" => "<unknown>",
    "connectedlinenum" => "<unknown>",
    "context" => "org_all",
    "exten" => "102",
    "language" => "en",
    "linkedid" => "1744362848.4",
    "priority" => "2",
    "privilege" => "dialplan,all",
    "uniqueid" => "1744362848.4",
    "value" => "",
    "variable" => "ANSWEREDTIME"
  },
  variables: %{}
}
[2025-04-11 09:14:08.181671Z] %ElixirAmi.Event{
  event: "varset",
  source: :asterisk_connection,
  action_id: nil,
  keys: %{
    "accountcode" => "",
    "calleridname" => "103",
    "calleridnum" => "103",
    "channel" => "PJSIP/103-00000003",
    "channelstate" => "4",
    "channelstatedesc" => "Ring",
    "connectedlinename" => "<unknown>",
    "connectedlinenum" => "<unknown>",
    "context" => "org_all",
    "exten" => "102",
    "language" => "en",
    "linkedid" => "1744362848.4",
    "priority" => "2",
    "privilege" => "dialplan,all",
    "uniqueid" => "1744362848.4",
    "value" => "",
    "variable" => "DIALEDPEERNAME"
  },
  variables: %{}
}
[2025-04-11 09:14:08.183117Z] %ElixirAmi.Event{
  event: "varset",
  source: :asterisk_connection,
  action_id: nil,
  keys: %{
    "accountcode" => "",
    "calleridname" => "103",
    "calleridnum" => "103",
    "channel" => "PJSIP/103-00000003",
    "channelstate" => "4",
    "channelstatedesc" => "Ring",
    "connectedlinename" => "<unknown>",
    "connectedlinenum" => "<unknown>",
    "context" => "org_all",
    "exten" => "102",
    "language" => "en",
    "linkedid" => "1744362848.4",
    "priority" => "2",
    "privilege" => "dialplan,all",
    "uniqueid" => "1744362848.4",
    "value" => "",
    "variable" => "RINGTIME"
  },
  variables: %{}
}
[2025-04-11 09:14:08.182676Z] %ElixirAmi.Event{
  event: "varset",
  source: :asterisk_connection,
  action_id: nil,
  keys: %{
    "accountcode" => "",
    "calleridname" => "103",
    "calleridnum" => "103",
    "channel" => "PJSIP/103-00000003",
    "channelstate" => "4",
    "channelstatedesc" => "Ring",
    "connectedlinename" => "<unknown>",
    "connectedlinenum" => "<unknown>",
    "context" => "org_all",
    "exten" => "102",
    "language" => "en",
    "linkedid" => "1744362848.4",
    "priority" => "2",
    "privilege" => "dialplan,all",
    "uniqueid" => "1744362848.4",
    "value" => "",
    "variable" => "DIALEDTIME"
  },
  variables: %{}
}
[2025-04-11 09:14:08.182455Z] %ElixirAmi.Event{
  event: "varset",
  source: :asterisk_connection,
  action_id: nil,
  keys: %{
    "accountcode" => "",
    "calleridname" => "103",
    "calleridnum" => "103",
    "channel" => "PJSIP/103-00000003",
    "channelstate" => "4",
    "channelstatedesc" => "Ring",
    "connectedlinename" => "<unknown>",
    "connectedlinenum" => "<unknown>",
    "context" => "org_all",
    "exten" => "102",
    "language" => "en",
    "linkedid" => "1744362848.4",
    "priority" => "2",
    "privilege" => "dialplan,all",
    "uniqueid" => "1744362848.4",
    "value" => "",
    "variable" => "ANSWEREDTIME_MS"
  },
  variables: %{}
}
[2025-04-11 09:14:08.181120Z] %ElixirAmi.Event{
  event: "newexten",
  source: :asterisk_connection,
  action_id: nil,
  keys: %{
    "accountcode" => "",
    "appdata" => "PJSIP/102,20,",
    "application" => "Dial",
    "calleridname" => "103",
    "calleridnum" => "103",
    "channel" => "PJSIP/103-00000003",
    "channelstate" => "4",
    "channelstatedesc" => "Ring",
    "connectedlinename" => "<unknown>",
    "connectedlinenum" => "<unknown>",
    "context" => "org_all",
    "exten" => "102",
    "extension" => "102",
    "language" => "en",
    "linkedid" => "1744362848.4",
    "priority" => "2",
    "privilege" => "dialplan,all",
    "uniqueid" => "1744362848.4"
  },
  variables: %{}
}
[2025-04-11 09:14:08.181463Z] %ElixirAmi.Event{
  event: "varset",
  source: :asterisk_connection,
  action_id: nil,
  keys: %{
    "accountcode" => "",
    "calleridname" => "103",
    "calleridnum" => "103",
    "channel" => "PJSIP/103-00000003",
    "channelstate" => "4",
    "channelstatedesc" => "Ring",
    "connectedlinename" => "<unknown>",
    "connectedlinenum" => "<unknown>",
    "context" => "org_all",
    "exten" => "102",
    "language" => "en",
    "linkedid" => "1744362848.4",
    "priority" => "2",
    "privilege" => "dialplan,all",
    "uniqueid" => "1744362848.4",
    "value" => "",
    "variable" => "DIALEDPEERNUMBER"
  },
  variables: %{}
}
[2025-04-11 09:14:08.185421Z] %ElixirAmi.Event{
  event: "varset",
  source: :asterisk_connection,
  action_id: nil,
  keys: %{
    "accountcode" => "",
    "calleridname" => "102",
    "calleridnum" => "102",
    "channel" => "PJSIP/102-00000004",
    "channelstate" => "0",
    "channelstatedesc" => "Down",
    "connectedlinename" => "<unknown>",
    "connectedlinenum" => "<unknown>",
    "context" => "org_all",
    "exten" => "s",
    "language" => "en",
    "linkedid" => "1744362848.4",
    "priority" => "1",
    "privilege" => "dialplan,all",
    "uniqueid" => "1744362848.5",
    "value" => "102",
    "variable" => "DIALEDPEERNUMBER"
  },
  variables: %{}
}
[2025-04-11 09:14:08.185455Z] %ElixirAmi.Event{
  event: "newexten",
  source: :asterisk_connection,
  action_id: nil,
  keys: %{
    "accountcode" => "",
    "appdata" => "(Outgoing Line)",
    "application" => "AppDial",
    "calleridname" => "102",
    "calleridnum" => "102",
    "channel" => "PJSIP/102-00000004",
    "channelstate" => "0",
    "channelstatedesc" => "Down",
    "connectedlinename" => "103",
    "connectedlinenum" => "103",
    "context" => "org_all",
    "exten" => "102",
    "extension" => "102",
    "language" => "en",
    "linkedid" => "1744362848.4",
    "priority" => "1",
    "privilege" => "dialplan,all",
    "uniqueid" => "1744362848.5"
  },
  variables: %{}
}
[2025-04-11 09:14:08.185542Z] %ElixirAmi.Event{
  event: "newconnectedline",
  source: :asterisk_connection,
  action_id: nil,
  keys: %{
    "accountcode" => "",
    "calleridname" => "102",
    "calleridnum" => "102",
    "channel" => "PJSIP/102-00000004",
    "channelstate" => "0",
    "channelstatedesc" => "Down",
    "connectedlinename" => "103",
    "connectedlinenum" => "103",
    "context" => "org_all",
    "exten" => "102",
    "language" => "en",
    "linkedid" => "1744362848.4",
    "priority" => "1",
    "privilege" => "call,all",
    "uniqueid" => "1744362848.5"
  },
  variables: %{}
}
[2025-04-11 09:14:08.185577Z] %ElixirAmi.Event{
  event: "dialbegin",
  source: :asterisk_connection,
  action_id: nil,
  keys: %{
    "accountcode" => "",
    "calleridname" => "103",
    "calleridnum" => "103",
    "channel" => "PJSIP/103-00000003",
    "channelstate" => "4",
    "channelstatedesc" => "Ring",
    "connectedlinename" => "<unknown>",
    "connectedlinenum" => "<unknown>",
    "context" => "org_all",
    "destaccountcode" => "",
    "destcalleridname" => "102",
    "destcalleridnum" => "102",
    "destchannel" => "PJSIP/102-00000004",
    "destchannelstate" => "0",
    "destchannelstatedesc" => "Down",
    "destconnectedlinename" => "103",
    "destconnectedlinenum" => "103",
    "destcontext" => "org_all",
    "destexten" => "102",
    "destlanguage" => "en",
    "destlinkedid" => "1744362848.4",
    "destpriority" => "1",
    "destuniqueid" => "1744362848.5",
    "dialstring" => "102",
    "exten" => "102",
    "language" => "en",
    "linkedid" => "1744362848.4",
    "priority" => "2",
    "privilege" => "call,all",
    "uniqueid" => "1744362848.4"
  },
  variables: %{}
}
[2025-04-11 09:14:08.185757Z] %ElixirAmi.Event{
  event: "newconnectedline",
  source: :asterisk_connection,
  action_id: nil,
  keys: %{
    "accountcode" => "",
    "calleridname" => "103",
    "calleridnum" => "103",
    "channel" => "PJSIP/103-00000003",
    "channelstate" => "4",
    "channelstatedesc" => "Ring",
    "connectedlinename" => "102",
    "connectedlinenum" => "102",
    "context" => "org_all",
    "exten" => "102",
    "language" => "en",
    "linkedid" => "1744362848.4",
    "priority" => "2",
    "privilege" => "call,all",
    "uniqueid" => "1744362848.4"
  },
  variables: %{}
}
[2025-04-11 09:14:08.185989Z] %ElixirAmi.Event{
  event: "newstate",
  source: :asterisk_connection,
  action_id: nil,
  keys: %{
    "accountcode" => "",
    "calleridname" => "102",
    "calleridnum" => "102",
    "channel" => "PJSIP/102-00000004",
    "channelstate" => "5",
    "channelstatedesc" => "Ringing",
    "connectedlinename" => "103",
    "connectedlinenum" => "103",
    "context" => "org_all",
    "exten" => "102",
    "language" => "en",
    "linkedid" => "1744362848.4",
    "priority" => "1",
    "privilege" => "call,all",
    "uniqueid" => "1744362848.5"
  },
  variables: %{}
}
[2025-04-11 09:14:08.186157Z] %ElixirAmi.Event{
  event: "varset",
  source: :asterisk_connection,
  action_id: nil,
  keys: %{
    "accountcode" => "",
    "calleridname" => "103",
    "calleridnum" => "103",
    "channel" => "PJSIP/103-00000003",
    "channelstate" => "4",
    "channelstatedesc" => "Ring",
    "connectedlinename" => "102",
    "connectedlinenum" => "102",
    "context" => "org_all",
    "exten" => "102",
    "language" => "en",
    "linkedid" => "1744362848.4",
    "priority" => "2",
    "privilege" => "dialplan,all",
    "uniqueid" => "1744362848.4",
    "value" => "0",
    "variable" => "RINGTIME"
  },
  variables: %{}
}
[2025-04-11 09:14:08.186343Z] %ElixirAmi.Event{
  event: "varset",
  source: :asterisk_connection,
  action_id: nil,
  keys: %{
    "accountcode" => "",
    "calleridname" => "103",
    "calleridnum" => "103",
    "channel" => "PJSIP/103-00000003",
    "channelstate" => "4",
    "channelstatedesc" => "Ring",
    "connectedlinename" => "102",
    "connectedlinenum" => "102",
    "context" => "org_all",
    "exten" => "102",
    "language" => "en",
    "linkedid" => "1744362848.4",
    "priority" => "2",
    "privilege" => "dialplan,all",
    "uniqueid" => "1744362848.4",
    "value" => "6",
    "variable" => "RINGTIME_MS"
  },
  variables: %{}
}
[2025-04-11 09:14:08.186801Z] %ElixirAmi.Event{
  event: "dialstate",
  source: :asterisk_connection,
  action_id: nil,
  keys: %{
    "accountcode" => "",
    "calleridname" => "103",
    "calleridnum" => "103",
    "channel" => "PJSIP/103-00000003",
    "channelstate" => "4",
    "channelstatedesc" => "Ring",
    "connectedlinename" => "102",
    "connectedlinenum" => "102",
    "context" => "org_all",
    "destaccountcode" => "",
    "destcalleridname" => "102",
    "destcalleridnum" => "102",
    "destchannel" => "PJSIP/102-00000004",
    "destchannelstate" => "5",
    "destchannelstatedesc" => "Ringing",
    "destconnectedlinename" => "103",
    "destconnectedlinenum" => "103",
    "destcontext" => "org_all",
    "destexten" => "102",
    "destlanguage" => "en",
    "destlinkedid" => "1744362848.4",
    "destpriority" => "1",
    "destuniqueid" => "1744362848.5",
    "dialstatus" => "RINGING",
    "exten" => "102",
    "language" => "en",
    "linkedid" => "1744362848.4",
    "priority" => "2",
    "privilege" => "call,all",
    "uniqueid" => "1744362848.4"
  },
  variables: %{}
}
[2025-04-11 09:14:12.791946Z] %ElixirAmi.Event{
  event: "rtcpreceived",
  source: :asterisk_connection,
  action_id: nil,
  keys: %{
    "accountcode" => "",
    "calleridname" => "102",
    "calleridnum" => "102",
    "channel" => "PJSIP/102-00000004",
    "channelstate" => "5",
    "channelstatedesc" => "Ringing",
    "connectedlinename" => "103",
    "connectedlinenum" => "103",
    "context" => "org_all",
    "exten" => "102",
    "from" => "192.168.0.16:4003",
    "language" => "en",
    "linkedid" => "1744362848.4",
    "mes" => "85.4",
    "priority" => "1",
    "privilege" => "reporting,all",
    "pt" => "201(RR)",
    "report0cumulativelost" => "0",
    "report0dlsr" => "0.0000",
    "report0fractionlost" => "0",
    "report0highestsequence" => "0",
    "report0iajitter" => "0",
    "report0lsr" => "0",
    "report0sequencenumbercycles" => "0",
    "report0sourcessrc" => "0x00000000",
    "reportcount" => "1",
    "rtt" => "0.0000",
    "ssrc" => "0x00000000",
    "to" => "192.168.0.16:17713",
    "uniqueid" => "1744362848.5"
  },
  variables: %{}
}
[2025-04-11 09:14:12.792266Z] %ElixirAmi.Event{
  event: "rtcpreceived",
  source: :asterisk_connection,
  action_id: nil,
  keys: %{
    "accountcode" => "",
    "calleridname" => "102",
    "calleridnum" => "102",
    "channel" => "PJSIP/102-00000004",
    "channelstate" => "5",
    "channelstatedesc" => "Ringing",
    "connectedlinename" => "103",
    "connectedlinenum" => "103",
    "context" => "org_all",
    "exten" => "102",
    "from" => "192.168.0.16:4003",
    "language" => "en",
    "linkedid" => "1744362848.4",
    "mes" => "85.4",
    "priority" => "1",
    "privilege" => "reporting,all",
    "pt" => "201(RR)",
    "report0cumulativelost" => "0",
    "report0dlsr" => "0.0000",
    "report0fractionlost" => "0",
    "report0highestsequence" => "0",
    "report0iajitter" => "0",
    "report0lsr" => "0",
    "report0sequencenumbercycles" => "0",
    "report0sourcessrc" => "0x00000000",
    "reportcount" => "1",
    "rtt" => "0.0000",
    "ssrc" => "0x00000000",
    "to" => "192.168.0.16:17713",
    "uniqueid" => "1744362848.5"
  },
  variables: %{}
}
[2025-04-11 09:14:12.792521Z] %ElixirAmi.Event{
  event: "newstate",
  source: :asterisk_connection,
  action_id: nil,
  keys: %{
    "accountcode" => "",
    "calleridname" => "102",
    "calleridnum" => "102",
    "channel" => "PJSIP/102-00000004",
    "channelstate" => "6",
    "channelstatedesc" => "Up",
    "connectedlinename" => "103",
    "connectedlinenum" => "103",
    "context" => "org_all",
    "exten" => "102",
    "language" => "en",
    "linkedid" => "1744362848.4",
    "priority" => "1",
    "privilege" => "call,all",
    "uniqueid" => "1744362848.5"
  },
  variables: %{}
}
[2025-04-11 09:14:12.792733Z] %ElixirAmi.Event{
  event: "varset",
  source: :asterisk_connection,
  action_id: nil,
  keys: %{
    "accountcode" => "",
    "calleridname" => "103",
    "calleridnum" => "103",
    "channel" => "PJSIP/103-00000003",
    "channelstate" => "4",
    "channelstatedesc" => "Ring",
    "connectedlinename" => "102",
    "connectedlinenum" => "102",
    "context" => "org_all",
    "exten" => "102",
    "language" => "en",
    "linkedid" => "1744362848.4",
    "priority" => "2",
    "privilege" => "dialplan,all",
    "uniqueid" => "1744362848.4",
    "value" => "ANSWER",
    "variable" => "DIALSTATUS"
  },
  variables: %{}
}
[2025-04-11 09:14:12.792895Z] %ElixirAmi.Event{
  event: "varset",
  source: :asterisk_connection,
  action_id: nil,
  keys: %{
    "accountcode" => "",
    "calleridname" => "103",
    "calleridnum" => "103",
    "channel" => "PJSIP/103-00000003",
    "channelstate" => "4",
    "channelstatedesc" => "Ring",
    "connectedlinename" => "102",
    "connectedlinenum" => "102",
    "context" => "org_all",
    "exten" => "102",
    "language" => "en",
    "linkedid" => "1744362848.4",
    "priority" => "2",
    "privilege" => "dialplan,all",
    "uniqueid" => "1744362848.4",
    "value" => "PJSIP/102-00000004",
    "variable" => "DIALEDPEERNAME"
  },
  variables: %{}
}
[2025-04-11 09:14:12.793076Z] %ElixirAmi.Event{
  event: "varset",
  source: :asterisk_connection,
  action_id: nil,
  keys: %{
    "accountcode" => "",
    "calleridname" => "103",
    "calleridnum" => "103",
    "channel" => "PJSIP/103-00000003",
    "channelstate" => "4",
    "channelstatedesc" => "Ring",
    "connectedlinename" => "102",
    "connectedlinenum" => "102",
    "context" => "org_all",
    "exten" => "102",
    "language" => "en",
    "linkedid" => "1744362848.4",
    "priority" => "2",
    "privilege" => "dialplan,all",
    "uniqueid" => "1744362848.4",
    "value" => "102",
    "variable" => "DIALEDPEERNUMBER"
  },
  variables: %{}
}
[2025-04-11 09:14:12.793465Z] %ElixirAmi.Event{
  event: "dialend",
  source: :asterisk_connection,
  action_id: nil,
  keys: %{
    "accountcode" => "",
    "calleridname" => "103",
    "calleridnum" => "103",
    "channel" => "PJSIP/103-00000003",
    "channelstate" => "4",
    "channelstatedesc" => "Ring",
    "connectedlinename" => "102",
    "connectedlinenum" => "102",
    "context" => "org_all",
    "destaccountcode" => "",
    "destcalleridname" => "102",
    "destcalleridnum" => "102",
    "destchannel" => "PJSIP/102-00000004",
    "destchannelstate" => "6",
    "destchannelstatedesc" => "Up",
    "destconnectedlinename" => "103",
    "destconnectedlinenum" => "103",
    "destcontext" => "org_all",
    "destexten" => "",
    "destlanguage" => "en",
    "destlinkedid" => "1744362848.4",
    "destpriority" => "1",
    "destuniqueid" => "1744362848.5",
    "dialstatus" => "ANSWER",
    "exten" => "102",
    "language" => "en",
    "linkedid" => "1744362848.4",
    "priority" => "2",
    "privilege" => "call,all",
    "uniqueid" => "1744362848.4"
  },
  variables: %{}
}
[2025-04-11 09:14:12.793599Z] %ElixirAmi.Event{
  event: "newstate",
  source: :asterisk_connection,
  action_id: nil,
  keys: %{
    "accountcode" => "",
    "calleridname" => "103",
    "calleridnum" => "103",
    "channel" => "PJSIP/103-00000003",
    "channelstate" => "6",
    "channelstatedesc" => "Up",
    "connectedlinename" => "102",
    "connectedlinenum" => "102",
    "context" => "org_all",
    "exten" => "102",
    "language" => "en",
    "linkedid" => "1744362848.4",
    "priority" => "2",
    "privilege" => "call,all",
    "uniqueid" => "1744362848.4"
  },
  variables: %{}
}
[2025-04-11 09:14:12.793846Z] %ElixirAmi.Event{
  event: "newexten",
  source: :asterisk_connection,
  action_id: nil,
  keys: %{
    "accountcode" => "",
    "appdata" => "(Outgoing Line)",
    "application" => "AppDial",
    "calleridname" => "102",
    "calleridnum" => "102",
    "channel" => "PJSIP/102-00000004",
    "channelstate" => "6",
    "channelstatedesc" => "Up",
    "connectedlinename" => "103",
    "connectedlinenum" => "103",
    "context" => "org_all",
    "exten" => "",
    "extension" => "",
    "language" => "en",
    "linkedid" => "1744362848.4",
    "priority" => "1",
    "privilege" => "dialplan,all",
    "uniqueid" => "1744362848.5"
  },
  variables: %{}
}
[2025-04-11 09:14:12.794072Z] %ElixirAmi.Event{
  event: "bridgeenter",
  source: :asterisk_connection,
  action_id: nil,
  keys: %{
    "accountcode" => "",
    "bridgecreator" => "<unknown>",
    "bridgename" => "<unknown>",
    "bridgenumchannels" => "1",
    "bridgetechnology" => "simple_bridge",
    "bridgetype" => "basic",
    "bridgeuniqueid" => "91229514-9d7b-456b-99ef-32be4845b472",
    "bridgevideosourcemode" => "none",
    "calleridname" => "102",
    "calleridnum" => "102",
    "channel" => "PJSIP/102-00000004",
    "channelstate" => "6",
    "channelstatedesc" => "Up",
    "connectedlinename" => "103",
    "connectedlinenum" => "103",
    "context" => "org_all",
    "exten" => "",
    "language" => "en",
    "linkedid" => "1744362848.4",
    "priority" => "1",
    "privilege" => "call,all",
    "uniqueid" => "1744362848.5"
  },
  variables: %{}
}
[2025-04-11 09:14:12.794251Z] %ElixirAmi.Event{
  event: "bridgeenter",
  source: :asterisk_connection,
  action_id: nil,
  keys: %{
    "accountcode" => "",
    "bridgecreator" => "<unknown>",
    "bridgename" => "<unknown>",
    "bridgenumchannels" => "2",
    "bridgetechnology" => "simple_bridge",
    "bridgetype" => "basic",
    "bridgeuniqueid" => "91229514-9d7b-456b-99ef-32be4845b472",
    "bridgevideosourcemode" => "none",
    "calleridname" => "103",
    "calleridnum" => "103",
    "channel" => "PJSIP/103-00000003",
    "channelstate" => "6",
    "channelstatedesc" => "Up",
    "connectedlinename" => "102",
    "connectedlinenum" => "102",
    "context" => "org_all",
    "exten" => "102",
    "language" => "en",
    "linkedid" => "1744362848.4",
    "priority" => "2",
    "privilege" => "call,all",
    "uniqueid" => "1744362848.4"
  },
  variables: %{}
}
[2025-04-11 09:14:12.794417Z] %ElixirAmi.Event{
  event: "varset",
  source: :asterisk_connection,
  action_id: nil,
  keys: %{
    "accountcode" => "",
    "calleridname" => "103",
    "calleridnum" => "103",
    "channel" => "PJSIP/103-00000003",
    "channelstate" => "6",
    "channelstatedesc" => "Up",
    "connectedlinename" => "102",
    "connectedlinenum" => "102",
    "context" => "org_all",
    "exten" => "102",
    "language" => "en",
    "linkedid" => "1744362848.4",
    "priority" => "2",
    "privilege" => "dialplan,all",
    "uniqueid" => "1744362848.4",
    "value" => "PJSIP/102-00000004",
    "variable" => "BRIDGEPEER"
  },
  variables: %{}
}
[2025-04-11 09:14:12.795137Z] %ElixirAmi.Event{
  event: "varset",
  source: :asterisk_connection,
  action_id: nil,
  keys: %{
    "accountcode" => "",
    "calleridname" => "103",
    "calleridnum" => "103",
    "channel" => "PJSIP/103-00000003",
    "channelstate" => "6",
    "channelstatedesc" => "Up",
    "connectedlinename" => "102",
    "connectedlinenum" => "102",
    "context" => "org_all",
    "exten" => "102",
    "language" => "en",
    "linkedid" => "1744362848.4",
    "priority" => "2",
    "privilege" => "dialplan,all",
    "uniqueid" => "1744362848.4",
    "value" => "b6888dbe-35c7-4b70-8f94-a501b73d5ecf",
    "variable" => "BRIDGEPVTCALLID"
  },
  variables: %{}
}
[2025-04-11 09:14:12.795238Z] %ElixirAmi.Event{
  event: "varset",
  source: :asterisk_connection,
  action_id: nil,
  keys: %{
    "accountcode" => "",
    "calleridname" => "102",
    "calleridnum" => "102",
    "channel" => "PJSIP/102-00000004",
    "channelstate" => "6",
    "channelstatedesc" => "Up",
    "connectedlinename" => "103",
    "connectedlinenum" => "103",
    "context" => "org_all",
    "exten" => "",
    "language" => "en",
    "linkedid" => "1744362848.4",
    "priority" => "1",
    "privilege" => "dialplan,all",
    "uniqueid" => "1744362848.5",
    "value" => "PJSIP/103-00000003",
    "variable" => "BRIDGEPEER"
  },
  variables: %{}
}
[2025-04-11 09:14:12.795389Z] %ElixirAmi.Event{
  event: "varset",
  source: :asterisk_connection,
  action_id: nil,
  keys: %{
    "accountcode" => "",
    "calleridname" => "103",
    "calleridnum" => "103",
    "channel" => "PJSIP/103-00000003",
    "channelstate" => "6",
    "channelstatedesc" => "Up",
    "connectedlinename" => "102",
    "connectedlinenum" => "102",
    "context" => "org_all",
    "exten" => "102",
    "language" => "en",
    "linkedid" => "1744362848.4",
    "priority" => "2",
    "privilege" => "dialplan,all",
    "uniqueid" => "1744362848.4",
    "value" => "PJSIP/102-00000004",
    "variable" => "BRIDGEPEER"
  },
  variables: %{}
}
[2025-04-11 09:14:12.795307Z] %ElixirAmi.Event{
  event: "varset",
  source: :asterisk_connection,
  action_id: nil,
  keys: %{
    "accountcode" => "",
    "calleridname" => "102",
    "calleridnum" => "102",
    "channel" => "PJSIP/102-00000004",
    "channelstate" => "6",
    "channelstatedesc" => "Up",
    "connectedlinename" => "103",
    "connectedlinenum" => "103",
    "context" => "org_all",
    "exten" => "",
    "language" => "en",
    "linkedid" => "1744362848.4",
    "priority" => "1",
    "privilege" => "dialplan,all",
    "uniqueid" => "1744362848.5",
    "value" => "37e0fad65fdc468082c6eedb31a94a20",
    "variable" => "BRIDGEPVTCALLID"
  },
  variables: %{}
}
[2025-04-11 09:14:12.795639Z] %ElixirAmi.Event{
  event: "varset",
  source: :asterisk_connection,
  action_id: nil,
  keys: %{
    "accountcode" => "",
    "calleridname" => "103",
    "calleridnum" => "103",
    "channel" => "PJSIP/103-00000003",
    "channelstate" => "6",
    "channelstatedesc" => "Up",
    "connectedlinename" => "102",
    "connectedlinenum" => "102",
    "context" => "org_all",
    "exten" => "102",
    "language" => "en",
    "linkedid" => "1744362848.4",
    "priority" => "2",
    "privilege" => "dialplan,all",
    "uniqueid" => "1744362848.4",
    "value" => "b6888dbe-35c7-4b70-8f94-a501b73d5ecf",
    "variable" => "BRIDGEPVTCALLID"
  },
  variables: %{}
}
[2025-04-11 09:14:12.795757Z] %ElixirAmi.Event{
  event: "varset",
  source: :asterisk_connection,
  action_id: nil,
  keys: %{
    "accountcode" => "",
    "calleridname" => "102",
    "calleridnum" => "102",
    "channel" => "PJSIP/102-00000004",
    "channelstate" => "6",
    "channelstatedesc" => "Up",
    "connectedlinename" => "103",
    "connectedlinenum" => "103",
    "context" => "org_all",
    "exten" => "",
    "language" => "en",
    "linkedid" => "1744362848.4",
    "priority" => "1",
    "privilege" => "dialplan,all",
    "uniqueid" => "1744362848.5",
    "value" => "PJSIP/103-00000003",
    "variable" => "BRIDGEPEER"
  },
  variables: %{}
}
[2025-04-11 09:14:12.795912Z] %ElixirAmi.Event{
  event: "varset",
  source: :asterisk_connection,
  action_id: nil,
  keys: %{
    "accountcode" => "",
    "calleridname" => "102",
    "calleridnum" => "102",
    "channel" => "PJSIP/102-00000004",
    "channelstate" => "6",
    "channelstatedesc" => "Up",
    "connectedlinename" => "103",
    "connectedlinenum" => "103",
    "context" => "org_all",
    "exten" => "",
    "language" => "en",
    "linkedid" => "1744362848.4",
    "priority" => "1",
    "privilege" => "dialplan,all",
    "uniqueid" => "1744362848.5",
    "value" => "37e0fad65fdc468082c6eedb31a94a20",
    "variable" => "BRIDGEPVTCALLID"
  },
  variables: %{}
}
[2025-04-11 09:14:12.796114Z] %ElixirAmi.Event{
  event: "varset",
  source: :asterisk_connection,
  action_id: nil,
  keys: %{
    "accountcode" => "",
    "calleridname" => "103",
    "calleridnum" => "103",
    "channel" => "PJSIP/103-00000003",
    "channelstate" => "6",
    "channelstatedesc" => "Up",
    "connectedlinename" => "102",
    "connectedlinenum" => "102",
    "context" => "org_all",
    "exten" => "102",
    "language" => "en",
    "linkedid" => "1744362848.4",
    "priority" => "2",
    "privilege" => "dialplan,all",
    "uniqueid" => "1744362848.4",
    "value" => "PJSIP/102-00000004",
    "variable" => "BRIDGEPEER"
  },
  variables: %{}
}
[2025-04-11 09:14:12.796297Z] %ElixirAmi.Event{
  event: "varset",
  source: :asterisk_connection,
  action_id: nil,
  keys: %{
    "accountcode" => "",
    "calleridname" => "103",
    "calleridnum" => "103",
    "channel" => "PJSIP/103-00000003",
    "channelstate" => "6",
    "channelstatedesc" => "Up",
    "connectedlinename" => "102",
    "connectedlinenum" => "102",
    "context" => "org_all",
    "exten" => "102",
    "language" => "en",
    "linkedid" => "1744362848.4",
    "priority" => "2",
    "privilege" => "dialplan,all",
    "uniqueid" => "1744362848.4",
    "value" => "b6888dbe-35c7-4b70-8f94-a501b73d5ecf",
    "variable" => "BRIDGEPVTCALLID"
  },
  variables: %{}
}
[2025-04-11 09:14:12.796537Z] %ElixirAmi.Event{
  event: "varset",
  source: :asterisk_connection,
  action_id: nil,
  keys: %{
    "accountcode" => "",
    "calleridname" => "102",
    "calleridnum" => "102",
    "channel" => "PJSIP/102-00000004",
    "channelstate" => "6",
    "channelstatedesc" => "Up",
    "connectedlinename" => "103",
    "connectedlinenum" => "103",
    "context" => "org_all",
    "exten" => "",
    "language" => "en",
    "linkedid" => "1744362848.4",
    "priority" => "1",
    "privilege" => "dialplan,all",
    "uniqueid" => "1744362848.5",
    "value" => "PJSIP/103-00000003",
    "variable" => "BRIDGEPEER"
  },
  variables: %{}
}
[2025-04-11 09:14:12.796754Z] %ElixirAmi.Event{
  event: "varset",
  source: :asterisk_connection,
  action_id: nil,
  keys: %{
    "accountcode" => "",
    "calleridname" => "102",
    "calleridnum" => "102",
    "channel" => "PJSIP/102-00000004",
    "channelstate" => "6",
    "channelstatedesc" => "Up",
    "connectedlinename" => "103",
    "connectedlinenum" => "103",
    "context" => "org_all",
    "exten" => "",
    "language" => "en",
    "linkedid" => "1744362848.4",
    "priority" => "1",
    "privilege" => "dialplan,all",
    "uniqueid" => "1744362848.5",
    "value" => "37e0fad65fdc468082c6eedb31a94a20",
    "variable" => "BRIDGEPVTCALLID"
  },
  variables: %{}
}
[2025-04-11 09:14:12.797326Z] %ElixirAmi.Event{
  event: "rtcpreceived",
  source: :asterisk_connection,
  action_id: nil,
  keys: %{
    "accountcode" => "",
    "calleridname" => "103",
    "calleridnum" => "103",
    "channel" => "PJSIP/103-00000003",
    "channelstate" => "6",
    "channelstatedesc" => "Up",
    "connectedlinename" => "102",
    "connectedlinenum" => "102",
    "context" => "org_all",
    "exten" => "102",
    "from" => "192.168.0.16:4001",
    "language" => "en",
    "linkedid" => "1744362848.4",
    "mes" => "85.4",
    "priority" => "2",
    "privilege" => "reporting,all",
    "pt" => "201(RR)",
    "report0cumulativelost" => "0",
    "report0dlsr" => "0.0000",
    "report0fractionlost" => "0",
    "report0highestsequence" => "0",
    "report0iajitter" => "0",
    "report0lsr" => "0",
    "report0sequencenumbercycles" => "0",
    "report0sourcessrc" => "0x00000000",
    "reportcount" => "1",
    "rtt" => "0.0000",
    "ssrc" => "0x00000000",
    "to" => "192.168.0.16:14123",
    "uniqueid" => "1744362848.4"
  },
  variables: %{}
}
[2025-04-11 09:14:12.798127Z] %ElixirAmi.Event{
  event: "rtcpreceived",
  source: :asterisk_connection,
  action_id: nil,
  keys: %{
    "accountcode" => "",
    "calleridname" => "103",
    "calleridnum" => "103",
    "channel" => "PJSIP/103-00000003",
    "channelstate" => "6",
    "channelstatedesc" => "Up",
    "connectedlinename" => "102",
    "connectedlinenum" => "102",
    "context" => "org_all",
    "exten" => "102",
    "from" => "192.168.0.16:4001",
    "language" => "en",
    "linkedid" => "1744362848.4",
    "mes" => "85.4",
    "priority" => "2",
    "privilege" => "reporting,all",
    "pt" => "201(RR)",
    "report0cumulativelost" => "0",
    "report0dlsr" => "0.0000",
    "report0fractionlost" => "0",
    "report0highestsequence" => "0",
    "report0iajitter" => "0",
    "report0lsr" => "0",
    "report0sequencenumbercycles" => "0",
    "report0sourcessrc" => "0x00000000",
    "reportcount" => "1",
    "rtt" => "0.0000",
    "ssrc" => "0x00000000",
    "to" => "192.168.0.16:14123",
    "uniqueid" => "1744362848.4"
  },
  variables: %{}
}
[2025-04-11 09:14:12.798408Z] %ElixirAmi.Event{
  event: "varset",
  source: :asterisk_connection,
  action_id: nil,
  keys: %{
    "accountcode" => "",
    "calleridname" => "103",
    "calleridnum" => "103",
    "channel" => "PJSIP/103-00000003",
    "channelstate" => "6",
    "channelstatedesc" => "Up",
    "connectedlinename" => "102",
    "connectedlinenum" => "102",
    "context" => "org_all",
    "exten" => "102",
    "language" => "en",
    "linkedid" => "1744362848.4",
    "priority" => "2",
    "privilege" => "dialplan,all",
    "uniqueid" => "1744362848.4",
    "value" => "/home/rawmn/AsteriskConnector/priv/recordings/103_102_2025-04-111744362848.4.wav",
    "variable" => "MIXMONITOR_FILENAME"
  },
  variables: %{}
}
[2025-04-11 09:14:12.798621Z] %ElixirAmi.Event{
  event: "mixmonitorstart",
  source: :asterisk_connection,
  action_id: nil,
  keys: %{
    "accountcode" => "",
    "calleridname" => "103",
    "calleridnum" => "103",
    "channel" => "PJSIP/103-00000003",
    "channelstate" => "6",
    "channelstatedesc" => "Up",
    "connectedlinename" => "102",
    "connectedlinenum" => "102",
    "context" => "org_all",
    "exten" => "102",
    "language" => "en",
    "linkedid" => "1744362848.4",
    "priority" => "2",
    "privilege" => "call,all",
    "uniqueid" => "1744362848.4"
  },
  variables: %{}
}
[2025-04-11 09:14:12.798725Z] %ElixirAmi.Event{
  event: "varset",
  source: :asterisk_connection,
  action_id: nil,
  keys: %{
    "accountcode" => "",
    "calleridname" => "103",
    "calleridnum" => "103",
    "channel" => "PJSIP/103-00000003",
    "channelstate" => "6",
    "channelstatedesc" => "Up",
    "connectedlinename" => "102",
    "connectedlinenum" => "102",
    "context" => "org_all",
    "exten" => "102",
    "language" => "en",
    "linkedid" => "1744362848.4",
    "priority" => "2",
    "privilege" => "dialplan,all",
    "uniqueid" => "1744362848.4",
    "value" => "PJSIP/102-00000004",
    "variable" => "BRIDGEPEER"
  },
  variables: %{}
}
[2025-04-11 09:14:12.799030Z] %ElixirAmi.Event{
  event: "varset",
  source: :asterisk_connection,
  action_id: nil,
  keys: %{
    "accountcode" => "",
    "calleridname" => "103",
    "calleridnum" => "103",
    "channel" => "PJSIP/103-00000003",
    "channelstate" => "6",
    "channelstatedesc" => "Up",
    "connectedlinename" => "102",
    "connectedlinenum" => "102",
    "context" => "org_all",
    "exten" => "102",
    "language" => "en",
    "linkedid" => "1744362848.4",
    "priority" => "2",
    "privilege" => "dialplan,all",
    "uniqueid" => "1744362848.4",
    "value" => "b6888dbe-35c7-4b70-8f94-a501b73d5ecf",
    "variable" => "BRIDGEPVTCALLID"
  },
  variables: %{}
}
[2025-04-11 09:14:12.799446Z] %ElixirAmi.Event{
  event: "varset",
  source: :asterisk_connection,
  action_id: nil,
  keys: %{
    "accountcode" => "",
    "calleridname" => "102",
    "calleridnum" => "102",
    "channel" => "PJSIP/102-00000004",
    "channelstate" => "6",
    "channelstatedesc" => "Up",
    "connectedlinename" => "103",
    "connectedlinenum" => "103",
    "context" => "org_all",
    "exten" => "",
    "language" => "en",
    "linkedid" => "1744362848.4",
    "priority" => "1",
    "privilege" => "dialplan,all",
    "uniqueid" => "1744362848.5",
    "value" => "PJSIP/103-00000003",
    "variable" => "BRIDGEPEER"
  },
  variables: %{}
}
[2025-04-11 09:14:12.799621Z] %ElixirAmi.Event{
  event: "varset",
  source: :asterisk_connection,
  action_id: nil,
  keys: %{
    "accountcode" => "",
    "calleridname" => "102",
    "calleridnum" => "102",
    "channel" => "PJSIP/102-00000004",
    "channelstate" => "6",
    "channelstatedesc" => "Up",
    "connectedlinename" => "103",
    "connectedlinenum" => "103",
    "context" => "org_all",
    "exten" => "",
    "language" => "en",
    "linkedid" => "1744362848.4",
    "priority" => "1",
    "privilege" => "dialplan,all",
    "uniqueid" => "1744362848.5",
    "value" => "37e0fad65fdc468082c6eedb31a94a20",
    "variable" => "BRIDGEPVTCALLID"
  },
  variables: %{}
}
[2025-04-11 09:14:12.799777Z] %ElixirAmi.Event{
  event: "varset",
  source: :asterisk_connection,
  action_id: nil,
  keys: %{
    "accountcode" => "",
    "calleridname" => "103",
    "calleridnum" => "103",
    "channel" => "PJSIP/103-00000003",
    "channelstate" => "6",
    "channelstatedesc" => "Up",
    "connectedlinename" => "102",
    "connectedlinenum" => "102",
    "context" => "org_all",
    "exten" => "102",
    "language" => "en",
    "linkedid" => "1744362848.4",
    "priority" => "2",
    "privilege" => "dialplan,all",
    "uniqueid" => "1744362848.4",
    "value" => "PJSIP/102-00000004",
    "variable" => "BRIDGEPEER"
  },
  variables: %{}
}
[2025-04-11 09:14:12.800025Z] %ElixirAmi.Event{
  event: "varset",
  source: :asterisk_connection,
  action_id: nil,
  keys: %{
    "accountcode" => "",
    "calleridname" => "103",
    "calleridnum" => "103",
    "channel" => "PJSIP/103-00000003",
    "channelstate" => "6",
    "channelstatedesc" => "Up",
    "connectedlinename" => "102",
    "connectedlinenum" => "102",
    "context" => "org_all",
    "exten" => "102",
    "language" => "en",
    "linkedid" => "1744362848.4",
    "priority" => "2",
    "privilege" => "dialplan,all",
    "uniqueid" => "1744362848.4",
    "value" => "b6888dbe-35c7-4b70-8f94-a501b73d5ecf",
    "variable" => "BRIDGEPVTCALLID"
  },
  variables: %{}
}
[2025-04-11 09:14:12.800264Z] %ElixirAmi.Event{
  event: "varset",
  source: :asterisk_connection,
  action_id: nil,
  keys: %{
    "accountcode" => "",
    "calleridname" => "102",
    "calleridnum" => "102",
    "channel" => "PJSIP/102-00000004",
    "channelstate" => "6",
    "channelstatedesc" => "Up",
    "connectedlinename" => "103",
    "connectedlinenum" => "103",
    "context" => "org_all",
    "exten" => "",
    "language" => "en",
    "linkedid" => "1744362848.4",
    "priority" => "1",
    "privilege" => "dialplan,all",
    "uniqueid" => "1744362848.5",
    "value" => "PJSIP/103-00000003",
    "variable" => "BRIDGEPEER"
  },
  variables: %{}
}
[2025-04-11 09:14:12.800430Z] %ElixirAmi.Event{
  event: "varset",
  source: :asterisk_connection,
  action_id: nil,
  keys: %{
    "accountcode" => "",
    "calleridname" => "102",
    "calleridnum" => "102",
    "channel" => "PJSIP/102-00000004",
    "channelstate" => "6",
    "channelstatedesc" => "Up",
    "connectedlinename" => "103",
    "connectedlinenum" => "103",
    "context" => "org_all",
    "exten" => "",
    "language" => "en",
    "linkedid" => "1744362848.4",
    "priority" => "1",
    "privilege" => "dialplan,all",
    "uniqueid" => "1744362848.5",
    "value" => "37e0fad65fdc468082c6eedb31a94a20",
    "variable" => "BRIDGEPVTCALLID"
  },
  variables: %{}
}
[2025-04-11 09:14:12.800607Z] %ElixirAmi.Event{
  event: "varset",
  source: :asterisk_connection,
  action_id: nil,
  keys: %{
    "accountcode" => "",
    "calleridname" => "103",
    "calleridnum" => "103",
    "channel" => "PJSIP/103-00000003",
    "channelstate" => "6",
    "channelstatedesc" => "Up",
    "connectedlinename" => "102",
    "connectedlinenum" => "102",
    "context" => "org_all",
    "exten" => "102",
    "language" => "en",
    "linkedid" => "1744362848.4",
    "priority" => "2",
    "privilege" => "dialplan,all",
    "uniqueid" => "1744362848.4",
    "value" => "PJSIP/102-00000004",
    "variable" => "BRIDGEPEER"
  },
  variables: %{}
}
[2025-04-11 09:14:12.800780Z] %ElixirAmi.Event{
  event: "varset",
  source: :asterisk_connection,
  action_id: nil,
  keys: %{
    "accountcode" => "",
    "calleridname" => "103",
    "calleridnum" => "103",
    "channel" => "PJSIP/103-00000003",
    "channelstate" => "6",
    "channelstatedesc" => "Up",
    "connectedlinename" => "102",
    "connectedlinenum" => "102",
    "context" => "org_all",
    "exten" => "102",
    "language" => "en",
    "linkedid" => "1744362848.4",
    "priority" => "2",
    "privilege" => "dialplan,all",
    "uniqueid" => "1744362848.4",
    "value" => "b6888dbe-35c7-4b70-8f94-a501b73d5ecf",
    "variable" => "BRIDGEPVTCALLID"
  },
  variables: %{}
}
[2025-04-11 09:14:12.800976Z] %ElixirAmi.Event{
  event: "varset",
  source: :asterisk_connection,
  action_id: nil,
  keys: %{
    "accountcode" => "",
    "calleridname" => "102",
    "calleridnum" => "102",
    "channel" => "PJSIP/102-00000004",
    "channelstate" => "6",
    "channelstatedesc" => "Up",
    "connectedlinename" => "103",
    "connectedlinenum" => "103",
    "context" => "org_all",
    "exten" => "",
    "language" => "en",
    "linkedid" => "1744362848.4",
    "priority" => "1",
    "privilege" => "dialplan,all",
    "uniqueid" => "1744362848.5",
    "value" => "PJSIP/103-00000003",
    "variable" => "BRIDGEPEER"
  },
  variables: %{}
}
[2025-04-11 09:14:12.801174Z] %ElixirAmi.Event{
  event: "varset",
  source: :asterisk_connection,
  action_id: nil,
  keys: %{
    "accountcode" => "",
    "calleridname" => "102",
    "calleridnum" => "102",
    "channel" => "PJSIP/102-00000004",
    "channelstate" => "6",
    "channelstatedesc" => "Up",
    "connectedlinename" => "103",
    "connectedlinenum" => "103",
    "context" => "org_all",
    "exten" => "",
    "language" => "en",
    "linkedid" => "1744362848.4",
    "priority" => "1",
    "privilege" => "dialplan,all",
    "uniqueid" => "1744362848.5",
    "value" => "37e0fad65fdc468082c6eedb31a94a20",
    "variable" => "BRIDGEPVTCALLID"
  },
  variables: %{}
}
[2025-04-11 09:14:12.808011Z] %ElixirAmi.Event{
  event: "varset",
  source: :asterisk_connection,
  action_id: nil,
  keys: %{
    "accountcode" => "",
    "calleridname" => "103",
    "calleridnum" => "103",
    "channel" => "PJSIP/103-00000003",
    "channelstate" => "6",
    "channelstatedesc" => "Up",
    "connectedlinename" => "102",
    "connectedlinenum" => "102",
    "context" => "org_all",
    "exten" => "102",
    "language" => "en",
    "linkedid" => "1744362848.4",
    "priority" => "2",
    "privilege" => "dialplan,all",
    "uniqueid" => "1744362848.4",
    "value" => "PJSIP/102-00000004",
    "variable" => "BRIDGEPEER"
  },
  variables: %{}
}
[2025-04-11 09:14:12.808213Z] %ElixirAmi.Event{
  event: "varset",
  source: :asterisk_connection,
  action_id: nil,
  keys: %{
    "accountcode" => "",
    "calleridname" => "103",
    "calleridnum" => "103",
    "channel" => "PJSIP/103-00000003",
    "channelstate" => "6",
    "channelstatedesc" => "Up",
    "connectedlinename" => "102",
    "connectedlinenum" => "102",
    "context" => "org_all",
    "exten" => "102",
    "language" => "en",
    "linkedid" => "1744362848.4",
    "priority" => "2",
    "privilege" => "dialplan,all",
    "uniqueid" => "1744362848.4",
    "value" => "b6888dbe-35c7-4b70-8f94-a501b73d5ecf",
    "variable" => "BRIDGEPVTCALLID"
  },
  variables: %{}
}
[2025-04-11 09:14:12.808420Z] %ElixirAmi.Event{
  event: "varset",
  source: :asterisk_connection,
  action_id: nil,
  keys: %{
    "accountcode" => "",
    "calleridname" => "102",
    "calleridnum" => "102",
    "channel" => "PJSIP/102-00000004",
    "channelstate" => "6",
    "channelstatedesc" => "Up",
    "connectedlinename" => "103",
    "connectedlinenum" => "103",
    "context" => "org_all",
    "exten" => "",
    "language" => "en",
    "linkedid" => "1744362848.4",
    "priority" => "1",
    "privilege" => "dialplan,all",
    "uniqueid" => "1744362848.5",
    "value" => "PJSIP/103-00000003",
    "variable" => "BRIDGEPEER"
  },
  variables: %{}
}
[2025-04-11 09:14:12.808772Z] %ElixirAmi.Event{
  event: "varset",
  source: :asterisk_connection,
  action_id: nil,
  keys: %{
    "accountcode" => "",
    "calleridname" => "102",
    "calleridnum" => "102",
    "channel" => "PJSIP/102-00000004",
    "channelstate" => "6",
    "channelstatedesc" => "Up",
    "connectedlinename" => "103",
    "connectedlinenum" => "103",
    "context" => "org_all",
    "exten" => "",
    "language" => "en",
    "linkedid" => "1744362848.4",
    "priority" => "1",
    "privilege" => "dialplan,all",
    "uniqueid" => "1744362848.5",
    "value" => "37e0fad65fdc468082c6eedb31a94a20",
    "variable" => "BRIDGEPVTCALLID"
  },
  variables: %{}
}
[2025-04-11 09:14:12.979894Z] %ElixirAmi.Event{
  event: "rtcpreceived",
  source: :asterisk_connection,
  action_id: nil,
  keys: %{
    "pt" => "200(SR)",
    "report0highestsequence" => "21630",
    "mes" => "85.4",
    "privilege" => "reporting,all",
    "channelstatedesc" => "Up",
    "uniqueid" => "1744362848.4",
    "sentntp" => "1744388052.187120",
    "report0fractionlost" => "0",
    "sentpackets" => "10",
    "report0lsr" => "0",
    "linkedid" => "1744362848.4",
    "ssrc" => "0xeba3be54",
    "exten" => "102",
    "channel" => "PJSIP/103-00000003",
    "report0iajitter" => "0",
    "sentrtp" => "1496",
    "context" => "org_all",
    "connectedlinename" => "102",
    "priority" => "2",
    "rtt" => "0.0000",
    "to" => "192.168.0.16:14123",
    "reportcount" => "1",
    "language" => "en",
    "sentoctets" => "1600",
    "calleridname" => "103",
    "from" => "192.168.0.16:4001",
    "report0cumulativelost" => "0",
    "report0sequencenumbercycles" => "0",
    "calleridnum" => "103",
    "channelstate" => "6",
    "accountcode" => "",
    "report0dlsr" => "0.0000",
    "report0sourcessrc" => "0x66b77e72",
    "connectedlinenum" => "102"
  },
  variables: %{}
}
[2025-04-11 09:14:12.997114Z] %ElixirAmi.Event{
  event: "rtcpreceived",
  source: :asterisk_connection,
  action_id: nil,
  keys: %{
    "pt" => "200(SR)",
    "report0highestsequence" => "4835",
    "mes" => "85.4",
    "privilege" => "reporting,all",
    "channelstatedesc" => "Up",
    "uniqueid" => "1744362848.5",
    "sentntp" => "1744388052.205947",
    "report0fractionlost" => "0",
    "sentpackets" => "10",
    "report0lsr" => "0",
    "linkedid" => "1744362848.4",
    "ssrc" => "0xeba3be54",
    "exten" => "",
    "channel" => "PJSIP/102-00000004",
    "report0iajitter" => "0",
    "sentrtp" => "1640",
    "context" => "org_all",
    "connectedlinename" => "103",
    "priority" => "1",
    "rtt" => "0.0000",
    "to" => "192.168.0.16:17713",
    "reportcount" => "1",
    "language" => "en",
    "sentoctets" => "1600",
    "calleridname" => "102",
    "from" => "192.168.0.16:4003",
    "report0cumulativelost" => "0",
    "report0sequencenumbercycles" => "0",
    "calleridnum" => "102",
    "channelstate" => "6",
    "accountcode" => "",
    "report0dlsr" => "0.0000",
    "report0sourcessrc" => "0x4f5e4b13",
    "connectedlinenum" => "103"
  },
  variables: %{}
}
[2025-04-11 09:14:17.797293Z] %ElixirAmi.Event{
  event: "rtcpsent",
  source: :asterisk_connection,
  action_id: nil,
  keys: %{
    "pt" => "200(SR)",
    "report0highestsequence" => "7823",
    "mes" => "85.4",
    "privilege" => "reporting,all",
    "channelstatedesc" => "Up",
    "uniqueid" => "1744362848.4",
    "sentntp" => "1744362857.796883",
    "report0fractionlost" => "0",
    "sentpackets" => "250",
    "report0lsr" => "3193188327",
    "linkedid" => "1744362848.4",
    "ssrc" => "0x66b77e72",
    "exten" => "102",
    "channel" => "PJSIP/103-00000003",
    "report0iajitter" => "4",
    "sentrtp" => "40000",
    "context" => "org_all",
    "connectedlinename" => "102",
    "priority" => "2",
    "to" => "192.168.0.16:4001",
    "reportcount" => "1",
    "language" => "en",
    "sentoctets" => "40000",
    "calleridname" => "103",
    "from" => "192.168.0.16:14123",
    "report0cumulativelost" => "0",
    "report0sequencenumbercycles" => "0",
    "calleridnum" => "103",
    "channelstate" => "6",
    "accountcode" => "",
    "report0dlsr" => "4.8170",
    "report0sourcessrc" => "0x4f5e4b13",
    "connectedlinenum" => "102"
  },
  variables: %{}
}
[2025-04-11 09:14:17.798293Z] %ElixirAmi.Event{
  event: "rtcpsent",
  source: :asterisk_connection,
  action_id: nil,
  keys: %{
    "pt" => "200(SR)",
    "report0highestsequence" => "549",
    "mes" => "85.4",
    "privilege" => "reporting,all",
    "channelstatedesc" => "Up",
    "uniqueid" => "1744362848.5",
    "sentntp" => "1744362857.797955",
    "report0fractionlost" => "0",
    "sentpackets" => "251",
    "report0lsr" => "3193189561",
    "linkedid" => "1744362848.4",
    "ssrc" => "0x4dee6ebb",
    "exten" => "",
    "channel" => "PJSIP/102-00000004",
    "report0iajitter" => "6",
    "sentrtp" => "40160",
    "context" => "org_all",
    "connectedlinename" => "103",
    "priority" => "1",
    "to" => "192.168.0.16:4003",
    "reportcount" => "1",
    "language" => "en",
    "sentoctets" => "40160",
    "calleridname" => "102",
    "from" => "192.168.0.16:17713",
    "report0cumulativelost" => "0",
    "report0sequencenumbercycles" => "0",
    "calleridnum" => "102",
    "channelstate" => "6",
    "accountcode" => "",
    "report0dlsr" => "4.8010",
    "report0sourcessrc" => "0x5f58113f",
    "connectedlinenum" => "103"
  },
  variables: %{}
}
[2025-04-11 09:14:17.919266Z] %ElixirAmi.Event{
  event: "rtcpreceived",
  source: :asterisk_connection,
  action_id: nil,
  keys: %{
    "pt" => "200(SR)",
    "report0highestsequence" => "5081",
    "mes" => "85.4",
    "privilege" => "reporting,all",
    "channelstatedesc" => "Up",
    "uniqueid" => "1744362848.5",
    "sentntp" => "1744388057.128041",
    "report0fractionlost" => "0",
    "sentpackets" => "256",
    "report0lsr" => "1542048838",
    "linkedid" => "1744362848.4",
    "ssrc" => "0xeba3be59",
    "exten" => "",
    "channel" => "PJSIP/102-00000004",
    "report0iajitter" => "4",
    "sentrtp" => "41024",
    "context" => "org_all",
    "connectedlinename" => "103",
    "priority" => "1",
    "rtt" => "0.0001",
    "to" => "192.168.0.16:17713",
    "reportcount" => "1",
    "language" => "en",
    "sentoctets" => "40960",
    "calleridname" => "102",
    "from" => "192.168.0.16:4003",
    "report0cumulativelost" => "0",
    "report0sequencenumbercycles" => "0",
    "calleridnum" => "102",
    "channelstate" => "6",
    "accountcode" => "",
    "report0dlsr" => "0.1208",
    "report0sourcessrc" => "0x4f5e4b13",
    "connectedlinenum" => "103"
  },
  variables: %{}
}
[2025-04-11 09:14:17.976780Z] %ElixirAmi.Event{
  event: "rtcpreceived",
  source: :asterisk_connection,
  action_id: nil,
  keys: %{
    "pt" => "200(SR)",
    "report0highestsequence" => "21879",
    "mes" => "85.4",
    "privilege" => "reporting,all",
    "channelstatedesc" => "Up",
    "uniqueid" => "1744362848.4",
    "sentntp" => "1744388057.184014",
    "report0fractionlost" => "0",
    "sentpackets" => "259",
    "report0lsr" => "1542048768",
    "linkedid" => "1744362848.4",
    "ssrc" => "0xeba3be59",
    "exten" => "102",
    "channel" => "PJSIP/103-00000003",
    "report0iajitter" => "6",
    "sentrtp" => "41472",
    "context" => "org_all",
    "connectedlinename" => "102",
    "priority" => "2",
    "rtt" => "0.0001",
    "to" => "192.168.0.16:14123",
    "reportcount" => "1",
    "language" => "en",
    "sentoctets" => "41440",
    "calleridname" => "103",
    "from" => "192.168.0.16:4001",
    "report0cumulativelost" => "0",
    "report0sequencenumbercycles" => "0",
    "calleridnum" => "103",
    "channelstate" => "6",
    "accountcode" => "",
    "report0dlsr" => "0.1793",
    "report0sourcessrc" => "0x66b77e72",
    "connectedlinenum" => "102"
  },
  variables: %{}
}
[2025-04-11 09:14:32.799280Z] %ElixirAmi.Event{
  event: "rtcpsent",
  source: :asterisk_connection,
  action_id: nil,
  keys: %{
    "pt" => "200(SR)",
    "report0highestsequence" => "8572",
    "mes" => "85.4",
    "privilege" => "reporting,all",
    "channelstatedesc" => "Up",
    "uniqueid" => "1744362848.4",
    "sentntp" => "1744362872.796323",
    "report0fractionlost" => "0",
    "sentpackets" => "1000",
    "report0lsr" => "3194194801",
    "linkedid" => "1744362848.4",
    "ssrc" => "0x66b77e72",
    "exten" => "102",
    "channel" => "PJSIP/103-00000003",
    "report0iajitter" => "4",
    "sentrtp" => "160000",
    "context" => "org_all",
    "connectedlinename" => "102",
    "priority" => "2",
    "to" => "192.168.0.16:4001",
    "reportcount" => "1",
    "language" => "en",
    "sentoctets" => "160000",
    "calleridname" => "103",
    "from" => "192.168.0.16:14123",
    "report0cumulativelost" => "0",
    "report0sequencenumbercycles" => "0",
    "calleridnum" => "103",
    "channelstate" => "6",
    "accountcode" => "",
    "report0dlsr" => "4.4590",
    "report0sourcessrc" => "0x4f5e4b13",
    "connectedlinenum" => "102"
  },
  variables: %{}
}
[2025-04-11 09:14:32.802204Z] %ElixirAmi.Event{
  event: "rtcpsent",
  source: :asterisk_connection,
  action_id: nil,
  keys: %{
    "pt" => "200(SR)",
    "report0highestsequence" => "1299",
    "mes" => "85.4",
    "privilege" => "reporting,all",
    "channelstatedesc" => "Up",
    "uniqueid" => "1744362848.5",
    "sentntp" => "1744362872.798410",
    "report0fractionlost" => "0",
    "sentpackets" => "1001",
    "report0lsr" => "3194183334",
    "linkedid" => "1744362848.4",
    "ssrc" => "0x4dee6ebb",
    "exten" => "",
    "channel" => "PJSIP/102-00000004",
    "report0iajitter" => "6",
    "sentrtp" => "160160",
    "context" => "org_all",
    "connectedlinename" => "103",
    "priority" => "1",
    "to" => "192.168.0.16:4003",
    "reportcount" => "1",
    "language" => "en",
    "sentoctets" => "160160",
    "calleridname" => "102",
    "from" => "192.168.0.16:17713",
    "report0cumulativelost" => "0",
    "report0sequencenumbercycles" => "0",
    "calleridnum" => "102",
    "channelstate" => "6",
    "accountcode" => "",
    "report0dlsr" => "4.6370",
    "report0sourcessrc" => "0x5f58113f",
    "connectedlinenum" => "103"
  },
  variables: %{}
}
[2025-04-11 09:14:33.281030Z] %ElixirAmi.Event{
  event: "rtcpreceived",
  source: :asterisk_connection,
  action_id: nil,
  keys: %{
    "pt" => "200(SR)",
    "report0highestsequence" => "5849",
    "mes" => "85.4",
    "privilege" => "reporting,all",
    "channelstatedesc" => "Up",
    "uniqueid" => "1744362848.5",
    "sentntp" => "1744388072.489596",
    "report0fractionlost" => "0",
    "sentpackets" => "1024",
    "report0lsr" => "1543031908",
    "linkedid" => "1744362848.4",
    "ssrc" => "0xeba3be68",
    "exten" => "",
    "channel" => "PJSIP/102-00000004",
    "report0iajitter" => "3",
    "sentrtp" => "163912",
    "context" => "org_all",
    "connectedlinename" => "103",
    "priority" => "1",
    "rtt" => "0.0001",
    "to" => "192.168.0.16:17713",
    "reportcount" => "1",
    "language" => "en",
    "sentoctets" => "163840",
    "calleridname" => "102",
    "from" => "192.168.0.16:4003",
    "report0cumulativelost" => "0",
    "report0sequencenumbercycles" => "0",
    "calleridnum" => "102",
    "channelstate" => "6",
    "accountcode" => "",
    "report0dlsr" => "0.4820",
    "report0sourcessrc" => "0x4f5e4b13",
    "connectedlinenum" => "103"
  },
  variables: %{}
}
[2025-04-11 09:14:33.518205Z] %ElixirAmi.Event{
  event: "rtcpreceived",
  source: :asterisk_connection,
  action_id: nil,
  keys: %{
    "pt" => "200(SR)",
    "report0highestsequence" => "22656",
    "mes" => "85.4",
    "privilege" => "reporting,all",
    "channelstatedesc" => "Up",
    "uniqueid" => "1744362848.4",
    "sentntp" => "1744388072.725231",
    "report0fractionlost" => "0",
    "sentpackets" => "1036",
    "report0lsr" => "1543031771",
    "linkedid" => "1744362848.4",
    "ssrc" => "0xeba3be68",
    "exten" => "102",
    "channel" => "PJSIP/103-00000003",
    "report0iajitter" => "6",
    "sentrtp" => "165800",
    "context" => "org_all",
    "connectedlinename" => "102",
    "priority" => "2",
    "rtt" => "0.0001",
    "to" => "192.168.0.16:14123",
    "reportcount" => "1",
    "language" => "en",
    "sentoctets" => "165760",
    "calleridname" => "103",
    "from" => "192.168.0.16:4001",
    "report0cumulativelost" => "0",
    "report0sequencenumbercycles" => "0",
    "calleridnum" => "103",
    "channelstate" => "6",
    "accountcode" => "",
    "report0dlsr" => "0.7213",
    "report0sourcessrc" => "0x66b77e72",
    "connectedlinenum" => "102"
  },
  variables: %{}
}
[2025-04-11 09:14:35.506713Z] %ElixirAmi.Event{
  event: "rtcpreceived",
  source: :asterisk_connection,
  action_id: nil,
  keys: %{
    "pt" => "200(SR)",
    "report0highestsequence" => "22756",
    "mes" => "85.4",
    "privilege" => "reporting,all",
    "channelstatedesc" => "Up",
    "uniqueid" => "1744362848.4",
    "sentntp" => "1744388074.713493",
    "report0fractionlost" => "0",
    "sentpackets" => "1136",
    "report0lsr" => "1543031771",
    "linkedid" => "1744362848.4",
    "ssrc" => "0xeba3be6a",
    "exten" => "102",
    "channel" => "PJSIP/103-00000003",
    "report0iajitter" => "7",
    "sentrtp" => "181704",
    "context" => "org_all",
    "connectedlinename" => "102",
    "priority" => "2",
    "rtt" => "0.0001",
    "to" => "192.168.0.16:14123",
    "reportcount" => "1",
    "language" => "en",
    "sentoctets" => "181760",
    "calleridname" => "103",
    "from" => "192.168.0.16:4001",
    "report0cumulativelost" => "0",
    "report0sequencenumbercycles" => "0",
    "calleridnum" => "103",
    "channelstate" => "6",
    "accountcode" => "",
    "report0dlsr" => "2.7095",
    "report0sourcessrc" => "0x66b77e72",
    "connectedlinenum" => "102"
  },
  variables: %{}
}
[2025-04-11 09:14:35.507366Z] %ElixirAmi.Event{
  event: "rtcpreceived",
  source: :asterisk_connection,
  action_id: nil,
  keys: %{
    "accountcode" => "",
    "calleridname" => "103",
    "calleridnum" => "103",
    "channel" => "PJSIP/103-00000003",
    "channelstate" => "6",
    "channelstatedesc" => "Up",
    "connectedlinename" => "102",
    "connectedlinenum" => "102",
    "context" => "org_all",
    "exten" => "102",
    "from" => "192.168.0.16:4001",
    "language" => "en",
    "linkedid" => "1744362848.4",
    "mes" => "85.4",
    "priority" => "2",
    "privilege" => "reporting,all",
    "pt" => "201(RR)",
    "report0cumulativelost" => "0",
    "report0dlsr" => "2.7096",
    "report0fractionlost" => "0",
    "report0highestsequence" => "22756",
    "report0iajitter" => "7",
    "report0lsr" => "1543031771",
    "report0sequencenumbercycles" => "0",
    "report0sourcessrc" => "0x66b77e72",
    "reportcount" => "1",
    "rtt" => "0.0001",
    "ssrc" => "0x66b77e72",
    "to" => "192.168.0.16:14123",
    "uniqueid" => "1744362848.4"
  },
  variables: %{}
}
[2025-04-11 09:14:35.507858Z] %ElixirAmi.Event{
  event: "varset",
  source: :asterisk_connection,
  action_id: nil,
  keys: %{
    "accountcode" => "",
    "calleridname" => "103",
    "calleridnum" => "103",
    "channel" => "PJSIP/103-00000003",
    "channelstate" => "6",
    "channelstatedesc" => "Up",
    "connectedlinename" => "102",
    "connectedlinenum" => "102",
    "context" => "org_all",
    "exten" => "102",
    "language" => "en",
    "linkedid" => "1744362848.4",
    "priority" => "2",
    "privilege" => "dialplan,all",
    "uniqueid" => "1744362848.4",
    "value" => "ssrc=1723301490;themssrc=1331579667;lp=0;rxjitter=0.000875;rxcount=1136;txjitter=0.000500;txcount=1136;rlp=0;rtt=0.000137;rxmes=85.365252;txmes=85.365425",
    "variable" => "RTPAUDIOQOS"
  },
  variables: %{}
}
[2025-04-11 09:14:35.508162Z] %ElixirAmi.Event{
  event: "varset",
  source: :asterisk_connection,
  action_id: nil,
  keys: %{
    "accountcode" => "",
    "calleridname" => "102",
    "calleridnum" => "102",
    "channel" => "PJSIP/102-00000004",
    "channelstate" => "6",
    "channelstatedesc" => "Up",
    "connectedlinename" => "103",
    "connectedlinenum" => "103",
    "context" => "org_all",
    "exten" => "",
    "language" => "en",
    "linkedid" => "1744362848.4",
    "priority" => "1",
    "privilege" => "dialplan,all",
    "uniqueid" => "1744362848.5",
    "value" => "ssrc=1723301490;themssrc=1331579667;lp=0;rxjitter=0.000875;rxcount=1136;txjitter=0.000500;txcount=1136;rlp=0;rtt=0.000137;rxmes=85.365252;txmes=85.365425",
    "variable" => "RTPAUDIOQOSBRIDGED"
  },
  variables: %{}
}
[2025-04-11 09:14:35.508426Z] %ElixirAmi.Event{
  event: "varset",
  source: :asterisk_connection,
  action_id: nil,
  keys: %{
    "accountcode" => "",
    "calleridname" => "103",
    "calleridnum" => "103",
    "channel" => "PJSIP/103-00000003",
    "channelstate" => "6",
    "channelstatedesc" => "Up",
    "connectedlinename" => "102",
    "connectedlinenum" => "102",
    "context" => "org_all",
    "exten" => "102",
    "language" => "en",
    "linkedid" => "1744362848.4",
    "priority" => "2",
    "privilege" => "dialplan,all",
    "uniqueid" => "1744362848.4",
    "value" => "minrxjitter=000.000000;maxrxjitter=000.000625;avgrxjitter=000.000465;stdevrxjitter=000.000070;mintxjitter=000.000000;maxtxjitter=000.000875;avgtxjitter=000.000542;stdevtxjitter=000.000386;",
    "variable" => "RTPAUDIOQOSJITTER"
  },
  variables: %{}
}
[2025-04-11 09:14:35.508647Z] %ElixirAmi.Event{
  event: "varset",
  source: :asterisk_connection,
  action_id: nil,
  keys: %{
    "accountcode" => "",
    "calleridname" => "102",
    "calleridnum" => "102",
    "channel" => "PJSIP/102-00000004",
    "channelstate" => "6",
    "channelstatedesc" => "Up",
    "connectedlinename" => "103",
    "connectedlinenum" => "103",
    "context" => "org_all",
    "exten" => "",
    "language" => "en",
    "linkedid" => "1744362848.4",
    "priority" => "1",
    "privilege" => "dialplan,all",
    "uniqueid" => "1744362848.5",
    "value" => "minrxjitter=000.000000;maxrxjitter=000.000625;avgrxjitter=000.000465;stdevrxjitter=000.000070;mintxjitter=000.000000;maxtxjitter=000.000875;avgtxjitter=000.000542;stdevtxjitter=000.000386;",
    "variable" => "RTPAUDIOQOSJITTERBRIDGED"
  },
  variables: %{}
}
[2025-04-11 09:14:35.509033Z] %ElixirAmi.Event{
  event: "varset",
  source: :asterisk_connection,
  action_id: nil,
  keys: %{
    "accountcode" => "",
    "calleridname" => "103",
    "calleridnum" => "103",
    "channel" => "PJSIP/103-00000003",
    "channelstate" => "6",
    "channelstatedesc" => "Up",
    "connectedlinename" => "102",
    "connectedlinenum" => "102",
    "context" => "org_all",
    "exten" => "102",
    "language" => "en",
    "linkedid" => "1744362848.4",
    "priority" => "2",
    "privilege" => "dialplan,all",
    "uniqueid" => "1744362848.4",
    "value" => "minrxlost=000.000000;  maxrxlost=000.000000;  avgrxlost=000.000000;  stdevrxlost=000.000000;  mintxlost=000.000000;  maxtxlost=000.000000;  avgtxlost=000.000000;  stdevtxlost=000.000000;",
    "variable" => "RTPAUDIOQOSLOSS"
  },
  variables: %{}
}
[2025-04-11 09:14:35.509419Z] %ElixirAmi.Event{
  event: "varset",
  source: :asterisk_connection,
  action_id: nil,
  keys: %{
    "accountcode" => "",
    "calleridname" => "102",
    "calleridnum" => "102",
    "channel" => "PJSIP/102-00000004",
    "channelstate" => "6",
    "channelstatedesc" => "Up",
    "connectedlinename" => "103",
    "connectedlinenum" => "103",
    "context" => "org_all",
    "exten" => "",
    "language" => "en",
    "linkedid" => "1744362848.4",
    "priority" => "1",
    "privilege" => "dialplan,all",
    "uniqueid" => "1744362848.5",
    "value" => "minrxlost=000.000000;  maxrxlost=000.000000;  avgrxlost=000.000000;  stdevrxlost=000.000000;  mintxlost=000.000000;  maxtxlost=000.000000;  avgtxlost=000.000000;  stdevtxlost=000.000000;",
    "variable" => "RTPAUDIOQOSLOSSBRIDGED"
  },
  variables: %{}
}
[2025-04-11 09:14:35.509732Z] %ElixirAmi.Event{
  event: "varset",
  source: :asterisk_connection,
  action_id: nil,
  keys: %{
    "accountcode" => "",
    "calleridname" => "103",
    "calleridnum" => "103",
    "channel" => "PJSIP/103-00000003",
    "channelstate" => "6",
    "channelstatedesc" => "Up",
    "connectedlinename" => "102",
    "connectedlinenum" => "102",
    "context" => "org_all",
    "exten" => "102",
    "language" => "en",
    "linkedid" => "1744362848.4",
    "priority" => "2",
    "privilege" => "dialplan,all",
    "uniqueid" => "1744362848.4",
    "value" => "minrtt=000.000106;     maxrtt=000.000137;     avgrtt=000.000122;     stdevrtt=000.000013;",
    "variable" => "RTPAUDIOQOSRTT"
  },
  variables: %{}
}
[2025-04-11 09:14:35.509984Z] %ElixirAmi.Event{
  event: "varset",
  source: :asterisk_connection,
  action_id: nil,
  keys: %{
    "accountcode" => "",
    "calleridname" => "102",
    "calleridnum" => "102",
    "channel" => "PJSIP/102-00000004",
    "channelstate" => "6",
    "channelstatedesc" => "Up",
    "connectedlinename" => "103",
    "connectedlinenum" => "103",
    "context" => "org_all",
    "exten" => "",
    "language" => "en",
    "linkedid" => "1744362848.4",
    "priority" => "1",
    "privilege" => "dialplan,all",
    "uniqueid" => "1744362848.5",
    "value" => "minrtt=000.000106;     maxrtt=000.000137;     avgrtt=000.000122;     stdevrtt=000.000013;",
    "variable" => "RTPAUDIOQOSRTTBRIDGED"
  },
  variables: %{}
}
[2025-04-11 09:14:35.510261Z] %ElixirAmi.Event{
  event: "varset",
  source: :asterisk_connection,
  action_id: nil,
  keys: %{
    "accountcode" => "",
    "calleridname" => "103",
    "calleridnum" => "103",
    "channel" => "PJSIP/103-00000003",
    "channelstate" => "6",
    "channelstatedesc" => "Up",
    "connectedlinename" => "102",
    "connectedlinenum" => "102",
    "context" => "org_all",
    "exten" => "102",
    "language" => "en",
    "linkedid" => "1744362848.4",
    "priority" => "2",
    "privilege" => "dialplan,all",
    "uniqueid" => "1744362848.4",
    "value" => "minrxmes=085.365381;   maxrxmes=085.367289;   avgrxmes=085.365902;   stdevrxmes=000.000070;   mintxmes=085.365252;   maxtxmes=085.367289;   avgtxmes=085.366007;   stdevtxmes=000.000909;",
    "variable" => "RTPAUDIOQOSMES"
  },
  variables: %{}
}
[2025-04-11 09:14:35.510535Z] %ElixirAmi.Event{
  event: "varset",
  source: :asterisk_connection,
  action_id: nil,
  keys: %{
    "accountcode" => "",
    "calleridname" => "102",
    "calleridnum" => "102",
    "channel" => "PJSIP/102-00000004",
    "channelstate" => "6",
    "channelstatedesc" => "Up",
    "connectedlinename" => "103",
    "connectedlinenum" => "103",
    "context" => "org_all",
    "exten" => "",
    "language" => "en",
    "linkedid" => "1744362848.4",
    "priority" => "1",
    "privilege" => "dialplan,all",
    "uniqueid" => "1744362848.5",
    "value" => "minrxmes=085.365381;   maxrxmes=085.367289;   avgrxmes=085.365902;   stdevrxmes=000.000070;   mintxmes=085.365252;   maxtxmes=085.367289;   avgtxmes=085.366007;   stdevtxmes=000.000909;",
    "variable" => "RTPAUDIOQOSMESBRIDGED"
  },
  variables: %{}
}
[2025-04-11 09:14:35.510759Z] %ElixirAmi.Event{
  event: "hanguprequest",
  source: :asterisk_connection,
  action_id: nil,
  keys: %{
    "accountcode" => "",
    "calleridname" => "103",
    "calleridnum" => "103",
    "channel" => "PJSIP/103-00000003",
    "channelstate" => "6",
    "channelstatedesc" => "Up",
    "connectedlinename" => "102",
    "connectedlinenum" => "102",
    "context" => "org_all",
    "exten" => "102",
    "language" => "en",
    "linkedid" => "1744362848.4",
    "priority" => "2",
    "privilege" => "call,all",
    "uniqueid" => "1744362848.4"
  },
  variables: %{}
}
[2025-04-11 09:14:35.511117Z] %ElixirAmi.Event{
  event: "varset",
  source: :asterisk_connection,
  action_id: nil,
  keys: %{
    "accountcode" => "",
    "calleridname" => "103",
    "calleridnum" => "103",
    "channel" => "PJSIP/103-00000003",
    "channelstate" => "6",
    "channelstatedesc" => "Up",
    "connectedlinename" => "102",
    "connectedlinenum" => "102",
    "context" => "org_all",
    "exten" => "102",
    "language" => "en",
    "linkedid" => "1744362848.4",
    "priority" => "2",
    "privilege" => "dialplan,all",
    "uniqueid" => "1744362848.4",
    "value" => "",
    "variable" => "BRIDGEPEER"
  },
  variables: %{}
}
[2025-04-11 09:14:35.511366Z] %ElixirAmi.Event{
  event: "varset",
  source: :asterisk_connection,
  action_id: nil,
  keys: %{
    "accountcode" => "",
    "calleridname" => "103",
    "calleridnum" => "103",
    "channel" => "PJSIP/103-00000003",
    "channelstate" => "6",
    "channelstatedesc" => "Up",
    "connectedlinename" => "102",
    "connectedlinenum" => "102",
    "context" => "org_all",
    "exten" => "102",
    "language" => "en",
    "linkedid" => "1744362848.4",
    "priority" => "2",
    "privilege" => "dialplan,all",
    "uniqueid" => "1744362848.4",
    "value" => "",
    "variable" => "BRIDGEPVTCALLID"
  },
  variables: %{}
}
[2025-04-11 09:14:35.511638Z] %ElixirAmi.Event{
  event: "varset",
  source: :asterisk_connection,
  action_id: nil,
  keys: %{
    "accountcode" => "",
    "calleridname" => "102",
    "calleridnum" => "102",
    "channel" => "PJSIP/102-00000004",
    "channelstate" => "6",
    "channelstatedesc" => "Up",
    "connectedlinename" => "103",
    "connectedlinenum" => "103",
    "context" => "org_all",
    "exten" => "",
    "language" => "en",
    "linkedid" => "1744362848.4",
    "priority" => "1",
    "privilege" => "dialplan,all",
    "uniqueid" => "1744362848.5",
    "value" => "",
    "variable" => "BRIDGEPEER"
  },
  variables: %{}
}
[2025-04-11 09:14:35.511906Z] %ElixirAmi.Event{
  event: "varset",
  source: :asterisk_connection,
  action_id: nil,
  keys: %{
    "accountcode" => "",
    "calleridname" => "102",
    "calleridnum" => "102",
    "channel" => "PJSIP/102-00000004",
    "channelstate" => "6",
    "channelstatedesc" => "Up",
    "connectedlinename" => "103",
    "connectedlinenum" => "103",
    "context" => "org_all",
    "exten" => "",
    "language" => "en",
    "linkedid" => "1744362848.4",
    "priority" => "1",
    "privilege" => "dialplan,all",
    "uniqueid" => "1744362848.5",
    "value" => "",
    "variable" => "BRIDGEPVTCALLID"
  },
  variables: %{}
}
[2025-04-11 09:14:35.512238Z] %ElixirAmi.Event{
  event: "bridgeleave",
  source: :asterisk_connection,
  action_id: nil,
  keys: %{
    "accountcode" => "",
    "bridgecreator" => "<unknown>",
    "bridgename" => "<unknown>",
    "bridgenumchannels" => "1",
    "bridgetechnology" => "simple_bridge",
    "bridgetype" => "basic",
    "bridgeuniqueid" => "91229514-9d7b-456b-99ef-32be4845b472",
    "bridgevideosourcemode" => "none",
    "calleridname" => "103",
    "calleridnum" => "103",
    "channel" => "PJSIP/103-00000003",
    "channelstate" => "6",
    "channelstatedesc" => "Up",
    "connectedlinename" => "102",
    "connectedlinenum" => "102",
    "context" => "org_all",
    "exten" => "102",
    "language" => "en",
    "linkedid" => "1744362848.4",
    "priority" => "2",
    "privilege" => "call,all",
    "uniqueid" => "1744362848.4"
  },
  variables: %{}
}
[2025-04-11 09:14:35.512493Z] %ElixirAmi.Event{
  event: "varset",
  source: :asterisk_connection,
  action_id: nil,
  keys: %{
    "accountcode" => "",
    "calleridname" => "103",
    "calleridnum" => "103",
    "channel" => "PJSIP/103-00000003",
    "channelstate" => "6",
    "channelstatedesc" => "Up",
    "connectedlinename" => "102",
    "connectedlinenum" => "102",
    "context" => "org_all",
    "exten" => "102",
    "language" => "en",
    "linkedid" => "1744362848.4",
    "priority" => "2",
    "privilege" => "dialplan,all",
    "uniqueid" => "1744362848.4",
    "value" => "22",
    "variable" => "ANSWEREDTIME"
  },
  variables: %{}
}
[2025-04-11 09:14:35.512931Z] %ElixirAmi.Event{
  event: "varset",
  source: :asterisk_connection,
  action_id: nil,
  keys: %{
    "accountcode" => "",
    "calleridname" => "103",
    "calleridnum" => "103",
    "channel" => "PJSIP/103-00000003",
    "channelstate" => "6",
    "channelstatedesc" => "Up",
    "connectedlinename" => "102",
    "connectedlinenum" => "102",
    "context" => "org_all",
    "exten" => "102",
    "language" => "en",
    "linkedid" => "1744362848.4",
    "priority" => "2",
    "privilege" => "dialplan,all",
    "uniqueid" => "1744362848.4",
    "value" => "22715",
    "variable" => "ANSWEREDTIME_MS"
  },
  variables: %{}
}
[2025-04-11 09:14:35.513150Z] %ElixirAmi.Event{
  event: "varset",
  source: :asterisk_connection,
  action_id: nil,
  keys: %{
    "accountcode" => "",
    "calleridname" => "103",
    "calleridnum" => "103",
    "channel" => "PJSIP/103-00000003",
    "channelstate" => "6",
    "channelstatedesc" => "Up",
    "connectedlinename" => "102",
    "connectedlinenum" => "102",
    "context" => "org_all",
    "exten" => "102",
    "language" => "en",
    "linkedid" => "1744362848.4",
    "priority" => "2",
    "privilege" => "dialplan,all",
    "uniqueid" => "1744362848.4",
    "value" => "27",
    "variable" => "DIALEDTIME"
  },
  variables: %{}
}
[2025-04-11 09:14:35.513496Z] %ElixirAmi.Event{
  event: "bridgeleave",
  source: :asterisk_connection,
  action_id: nil,
  keys: %{
    "accountcode" => "",
    "bridgecreator" => "<unknown>",
    "bridgename" => "<unknown>",
    "bridgenumchannels" => "0",
    "bridgetechnology" => "simple_bridge",
    "bridgetype" => "basic",
    "bridgeuniqueid" => "91229514-9d7b-456b-99ef-32be4845b472",
    "bridgevideosourcemode" => "none",
    "calleridname" => "102",
    "calleridnum" => "102",
    "channel" => "PJSIP/102-00000004",
    "channelstate" => "6",
    "channelstatedesc" => "Up",
    "connectedlinename" => "103",
    "connectedlinenum" => "103",
    "context" => "org_all",
    "exten" => "",
    "language" => "en",
    "linkedid" => "1744362848.4",
    "priority" => "1",
    "privilege" => "call,all",
    "uniqueid" => "1744362848.5"
  },
  variables: %{}
}
[2025-04-11 09:14:35.513739Z] %ElixirAmi.Event{
  event: "varset",
  source: :asterisk_connection,
  action_id: nil,
  keys: %{
    "accountcode" => "",
    "calleridname" => "103",
    "calleridnum" => "103",
    "channel" => "PJSIP/103-00000003",
    "channelstate" => "6",
    "channelstatedesc" => "Up",
    "connectedlinename" => "102",
    "connectedlinenum" => "102",
    "context" => "org_all",
    "exten" => "102",
    "language" => "en",
    "linkedid" => "1744362848.4",
    "priority" => "2",
    "privilege" => "dialplan,all",
    "uniqueid" => "1744362848.4",
    "value" => "27328",
    "variable" => "DIALEDTIME_MS"
  },
  variables: %{}
}
[2025-04-11 09:14:35.513995Z] %ElixirAmi.Event{
  event: "varset",
  source: :asterisk_connection,
  action_id: nil,
  keys: %{
    "accountcode" => "",
    "calleridname" => "103",
    "calleridnum" => "103",
    "channel" => "PJSIP/103-00000003",
    "channelstate" => "6",
    "channelstatedesc" => "Up",
    "connectedlinename" => "102",
    "connectedlinenum" => "102",
    "context" => "org_all",
    "exten" => "102",
    "language" => "en",
    "linkedid" => "1744362848.4",
    "priority" => "2",
    "privilege" => "dialplan,all",
    "uniqueid" => "1744362848.4",
    "value" => "ANSWER",
    "variable" => "DIALSTATUS"
  },
  variables: %{}
}
[2025-04-11 09:14:35.514232Z] %ElixirAmi.Event{
  event: "softhanguprequest",
  source: :asterisk_connection,
  action_id: nil,
  keys: %{
    "accountcode" => "",
    "calleridname" => "103",
    "calleridnum" => "103",
    "cause" => "16",
    "channel" => "PJSIP/103-00000003",
    "channelstate" => "6",
    "channelstatedesc" => "Up",
    "connectedlinename" => "102",
    "connectedlinenum" => "102",
    "context" => "org_all",
    "exten" => "102",
    "language" => "en",
    "linkedid" => "1744362848.4",
    "priority" => "2",
    "privilege" => "call,all",
    "uniqueid" => "1744362848.4"
  },
  variables: %{}
}
[2025-04-11 09:14:35.514659Z] %ElixirAmi.Event{
  event: "varset",
  source: :asterisk_connection,
  action_id: nil,
  keys: %{
    "accountcode" => "",
    "calleridname" => "102",
    "calleridnum" => "102",
    "channel" => "PJSIP/102-00000004",
    "channelstate" => "6",
    "channelstatedesc" => "Up",
    "connectedlinename" => "103",
    "connectedlinenum" => "103",
    "context" => "org_all",
    "exten" => "",
    "language" => "en",
    "linkedid" => "1744362848.4",
    "priority" => "1",
    "privilege" => "dialplan,all",
    "uniqueid" => "1744362848.5",
    "value" => "ssrc=1307471547;themssrc=1599607103;lp=0;rxjitter=0.000375;rxcount=1136;txjitter=0.000875;txcount=1136;rlp=0;rtt=0.000122;rxmes=85.365506;txmes=85.365593",
    "variable" => "RTPAUDIOQOS"
  },
  variables: %{}
}
[2025-04-11 09:14:35.514948Z] %ElixirAmi.Event{
  event: "varset",
  source: :asterisk_connection,
  action_id: nil,
  keys: %{
    "accountcode" => "",
    "calleridname" => "103",
    "calleridnum" => "103",
    "channel" => "PJSIP/103-00000003",
    "channelstate" => "6",
    "channelstatedesc" => "Up",
    "connectedlinename" => "102",
    "connectedlinenum" => "102",
    "context" => "org_all",
    "exten" => "102",
    "language" => "en",
    "linkedid" => "1744362848.4",
    "priority" => "2",
    "privilege" => "dialplan,all",
    "uniqueid" => "1744362848.4",
    "value" => "ssrc=1723301490;themssrc=1331579667;lp=0;rxjitter=0.000875;rxcount=1136;txjitter=0.000500;txcount=1136;rlp=0;rtt=0.000137;rxmes=85.365252;txmes=85.365425",
    "variable" => "RTPAUDIOQOS"
  },
  variables: %{}
}
[2025-04-11 09:14:35.515223Z] %ElixirAmi.Event{
  event: "varset",
  source: :asterisk_connection,
  action_id: nil,
  keys: %{
    "accountcode" => "",
    "calleridname" => "103",
    "calleridnum" => "103",
    "channel" => "PJSIP/103-00000003",
    "channelstate" => "6",
    "channelstatedesc" => "Up",
    "connectedlinename" => "102",
    "connectedlinenum" => "102",
    "context" => "org_all",
    "exten" => "102",
    "language" => "en",
    "linkedid" => "1744362848.4",
    "priority" => "2",
    "privilege" => "dialplan,all",
    "uniqueid" => "1744362848.4",
    "value" => "minrxjitter=000.000000;maxrxjitter=000.000625;avgrxjitter=000.000465;stdevrxjitter=000.000070;mintxjitter=000.000000;maxtxjitter=000.000875;avgtxjitter=000.000542;stdevtxjitter=000.000386;",
    "variable" => "RTPAUDIOQOSJITTER"
  },
  variables: %{}
}
[2025-04-11 09:14:35.515515Z] %ElixirAmi.Event{
  event: "varset",
  source: :asterisk_connection,
  action_id: nil,
  keys: %{
    "accountcode" => "",
    "calleridname" => "102",
    "calleridnum" => "102",
    "channel" => "PJSIP/102-00000004",
    "channelstate" => "6",
    "channelstatedesc" => "Up",
    "connectedlinename" => "103",
    "connectedlinenum" => "103",
    "context" => "org_all",
    "exten" => "",
    "language" => "en",
    "linkedid" => "1744362848.4",
    "priority" => "1",
    "privilege" => "dialplan,all",
    "uniqueid" => "1744362848.5",
    "value" => "minrxjitter=000.000125;maxrxjitter=000.000875;avgrxjitter=000.000775;stdevrxjitter=000.000085;mintxjitter=000.000000;maxtxjitter=000.000500;avgtxjitter=000.000268;stdevtxjitter=000.000236;",
    "variable" => "RTPAUDIOQOSJITTER"
  },
  variables: %{}
}
[2025-04-11 09:14:35.515783Z] %ElixirAmi.Event{
  event: "varset",
  source: :asterisk_connection,
  action_id: nil,
  keys: %{
    "accountcode" => "",
    "calleridname" => "103",
    "calleridnum" => "103",
    "channel" => "PJSIP/103-00000003",
    "channelstate" => "6",
    "channelstatedesc" => "Up",
    "connectedlinename" => "102",
    "connectedlinenum" => "102",
    "context" => "org_all",
    "exten" => "102",
    "language" => "en",
    "linkedid" => "1744362848.4",
    "priority" => "2",
    "privilege" => "dialplan,all",
    "uniqueid" => "1744362848.4",
    "value" => "minrxlost=000.000000;  maxrxlost=000.000000;  avgrxlost=000.000000;  stdevrxlost=000.000000;  mintxlost=000.000000;  maxtxlost=000.000000;  avgtxlost=000.000000;  stdevtxlost=000.000000;",
    "variable" => "RTPAUDIOQOSLOSS"
  },
  variables: %{}
}
[2025-04-11 09:14:35.516037Z] %ElixirAmi.Event{
  event: "varset",
  source: :asterisk_connection,
  action_id: nil,
  keys: %{
    "accountcode" => "",
    "calleridname" => "102",
    "calleridnum" => "102",
    "channel" => "PJSIP/102-00000004",
    "channelstate" => "6",
    "channelstatedesc" => "Up",
    "connectedlinename" => "103",
    "connectedlinenum" => "103",
    "context" => "org_all",
    "exten" => "",
    "language" => "en",
    "linkedid" => "1744362848.4",
    "priority" => "1",
    "privilege" => "dialplan,all",
    "uniqueid" => "1744362848.5",
    "value" => "minrxlost=000.000000;  maxrxlost=000.000000;  avgrxlost=000.000000;  stdevrxlost=000.000000;  mintxlost=000.000000;  maxtxlost=000.000000;  avgtxlost=000.000000;  stdevtxlost=000.000000;",
    "variable" => "RTPAUDIOQOSLOSS"
  },
  variables: %{}
}
[2025-04-11 09:14:35.516230Z] %ElixirAmi.Event{
  event: "varset",
  source: :asterisk_connection,
  action_id: nil,
  keys: %{
    "accountcode" => "",
    "calleridname" => "103",
    "calleridnum" => "103",
    "channel" => "PJSIP/103-00000003",
    "channelstate" => "6",
    "channelstatedesc" => "Up",
    "connectedlinename" => "102",
    "connectedlinenum" => "102",
    "context" => "org_all",
    "exten" => "102",
    "language" => "en",
    "linkedid" => "1744362848.4",
    "priority" => "2",
    "privilege" => "dialplan,all",
    "uniqueid" => "1744362848.4",
    "value" => "minrtt=000.000106;     maxrtt=000.000137;     avgrtt=000.000122;     stdevrtt=000.000013;",
    "variable" => "RTPAUDIOQOSRTT"
  },
  variables: %{}
}
[2025-04-11 09:14:35.516412Z] %ElixirAmi.Event{
  event: "varset",
  source: :asterisk_connection,
  action_id: nil,
  keys: %{
    "accountcode" => "",
    "calleridname" => "102",
    "calleridnum" => "102",
    "channel" => "PJSIP/102-00000004",
    "channelstate" => "6",
    "channelstatedesc" => "Up",
    "connectedlinename" => "103",
    "connectedlinenum" => "103",
    "context" => "org_all",
    "exten" => "",
    "language" => "en",
    "linkedid" => "1744362848.4",
    "priority" => "1",
    "privilege" => "dialplan,all",
    "uniqueid" => "1744362848.5",
    "value" => "minrtt=000.000091;     maxrtt=000.000122;     avgrtt=000.000107;     stdevrtt=000.000015;",
    "variable" => "RTPAUDIOQOSRTT"
  },
  variables: %{}
}
[2025-04-11 09:14:35.516621Z] %ElixirAmi.Event{
  event: "varset",
  source: :asterisk_connection,
  action_id: nil,
  keys: %{
    "accountcode" => "",
    "calleridname" => "102",
    "calleridnum" => "102",
    "channel" => "PJSIP/102-00000004",
    "channelstate" => "6",
    "channelstatedesc" => "Up",
    "connectedlinename" => "103",
    "connectedlinenum" => "103",
    "context" => "org_all",
    "exten" => "",
    "language" => "en",
    "linkedid" => "1744362848.4",
    "priority" => "1",
    "privilege" => "dialplan,all",
    "uniqueid" => "1744362848.5",
    "value" => "minrxmes=085.365593;   maxrxmes=085.367289;   avgrxmes=085.366103;   stdevrxmes=000.000085;   mintxmes=085.365506;   maxtxmes=085.367289;   avgtxmes=085.366357;   stdevtxmes=000.000812;",
    "variable" => "RTPAUDIOQOSMES"
  },
  variables: %{}
}
[2025-04-11 09:14:35.516901Z] %ElixirAmi.Event{
  event: "varset",
  source: :asterisk_connection,
  action_id: nil,
  keys: %{
    "accountcode" => "",
    "calleridname" => "103",
    "calleridnum" => "103",
    "channel" => "PJSIP/103-00000003",
    "channelstate" => "6",
    "channelstatedesc" => "Up",
    "connectedlinename" => "102",
    "connectedlinenum" => "102",
    "context" => "org_all",
    "exten" => "102",
    "language" => "en",
    "linkedid" => "1744362848.4",
    "priority" => "2",
    "privilege" => "dialplan,all",
    "uniqueid" => "1744362848.4",
    "value" => "minrxmes=085.365381;   maxrxmes=085.367289;   avgrxmes=085.365902;   stdevrxmes=000.000070;   mintxmes=085.365252;   maxtxmes=085.367289;   avgtxmes=085.366007;   stdevtxmes=000.000909;",
    "variable" => "RTPAUDIOQOSMES"
  },
  variables: %{}
}
[2025-04-11 09:14:35.517177Z] %ElixirAmi.Event{
  event: "hangup",
  source: :asterisk_connection,
  action_id: nil,
  keys: %{
    "accountcode" => "",
    "calleridname" => "103",
    "calleridnum" => "103",
    "cause" => "16",
    "cause-txt" => "Normal Clearing",
    "channel" => "PJSIP/103-00000003",
    "channelstate" => "6",
    "channelstatedesc" => "Up",
    "connectedlinename" => "102",
    "connectedlinenum" => "102",
    "context" => "org_all",
    "exten" => "102",
    "language" => "en",
    "linkedid" => "1744362848.4",
    "priority" => "2",
    "privilege" => "call,all",
    "uniqueid" => "1744362848.4"
  },
  variables: %{}
}
[2025-04-11 09:14:35.517629Z] %ElixirAmi.Event{
  event: "hangup",
  source: :asterisk_connection,
  action_id: nil,
  keys: %{
    "accountcode" => "",
    "calleridname" => "102",
    "calleridnum" => "102",
    "cause" => "16",
    "cause-txt" => "Normal Clearing",
    "channel" => "PJSIP/102-00000004",
    "channelstate" => "6",
    "channelstatedesc" => "Up",
    "connectedlinename" => "103",
    "connectedlinenum" => "103",
    "context" => "org_all",
    "exten" => "",
    "language" => "en",
    "linkedid" => "1744362848.4",
    "priority" => "1",
    "privilege" => "call,all",
    "uniqueid" => "1744362848.5"
  },
  variables: %{}
}
