[2025-04-15 13:59:42.950300Z] %ElixirAmi.Event{
  event: "newchannel",
  source: :asterisk_connection,
  action_id: nil,
  keys: %{
    "accountcode" => "",
    "calleridname" => "102",
    "calleridnum" => "102",
    "channel" => "PJSIP/102-0000002d",
    "channelstate" => "0",
    "channelstatedesc" => "Down",
    "connectedlinename" => "<unknown>",
    "connectedlinenum" => "<unknown>",
    "context" => "org_all",
    "exten" => "s",
    "language" => "en",
    "linkedid" => "1744725576.71",
    "priority" => "1",
    "privilege" => "call,all",
    "uniqueid" => "1744725576.71"
  },
  variables: %{}
}
[2025-04-15 13:59:42.950600Z] %ElixirAmi.Event{
  event: "newexten",
  source: :asterisk_connection,
  action_id: nil,
  keys: %{
    "accountcode" => "",
    "appdata" => "(Outgoing Line)",
    "application" => "AppDial2",
    "calleridname" => "102",
    "calleridnum" => "102",
    "channel" => "PJSIP/102-0000002d",
    "channelstate" => "0",
    "channelstatedesc" => "Down",
    "connectedlinename" => "<unknown>",
    "connectedlinenum" => "<unknown>",
    "context" => "org_all",
    "exten" => "s",
    "extension" => "s",
    "language" => "en",
    "linkedid" => "1744725576.71",
    "priority" => "1",
    "privilege" => "dialplan,all",
    "uniqueid" => "1744725576.71"
  },
  variables: %{}
}
[2025-04-15 13:59:42.951033Z] %ElixirAmi.Event{
  event: "newcallerid",
  source: :asterisk_connection,
  action_id: nil,
  keys: %{
    "accountcode" => "",
    "calleridname" => "asd",
    "calleridnum" => "102",
    "channel" => "PJSIP/102-0000002d",
    "channelstate" => "0",
    "channelstatedesc" => "Down",
    "cid-callingpres" => "0 (Presentation Allowed, Not Screened)",
    "connectedlinename" => "<unknown>",
    "connectedlinenum" => "<unknown>",
    "context" => "org_all",
    "exten" => "s",
    "language" => "en",
    "linkedid" => "1744725576.71",
    "priority" => "1",
    "privilege" => "call,all",
    "uniqueid" => "1744725576.71"
  },
  variables: %{}
}
[2025-04-15 13:59:42.951177Z] %ElixirAmi.Event{
  event: "newconnectedline",
  source: :asterisk_connection,
  action_id: nil,
  keys: %{
    "accountcode" => "",
    "calleridname" => "asd",
    "calleridnum" => "102",
    "channel" => "PJSIP/102-0000002d",
    "channelstate" => "0",
    "channelstatedesc" => "Down",
    "connectedlinename" => "asd",
    "connectedlinenum" => "<unknown>",
    "context" => "org_all",
    "exten" => "s",
    "language" => "en",
    "linkedid" => "1744725576.71",
    "priority" => "1",
    "privilege" => "call,all",
    "uniqueid" => "1744725576.71"
  },
  variables: %{}
}
[2025-04-15 13:59:42.951836Z] %ElixirAmi.Event{
  event: "newstate",
  source: :asterisk_connection,
  action_id: nil,
  keys: %{
    "accountcode" => "",
    "calleridname" => "asd",
    "calleridnum" => "102",
    "channel" => "PJSIP/102-0000002d",
    "channelstate" => "5",
    "channelstatedesc" => "Ringing",
    "connectedlinename" => "asd",
    "connectedlinenum" => "<unknown>",
    "context" => "org_all",
    "exten" => "s",
    "language" => "en",
    "linkedid" => "1744725576.71",
    "priority" => "1",
    "privilege" => "call,all",
    "uniqueid" => "1744725576.71"
  },
  variables: %{}
}
[2025-04-15 13:59:42.952301Z] %ElixirAmi.Event{
  event: "hanguprequest",
  source: :asterisk_connection,
  action_id: nil,
  keys: %{
    "accountcode" => "",
    "calleridname" => "asd",
    "calleridnum" => "102",
    "cause" => "17",
    "channel" => "PJSIP/102-0000002d",
    "channelstate" => "5",
    "channelstatedesc" => "Ringing",
    "connectedlinename" => "asd",
    "connectedlinenum" => "<unknown>",
    "context" => "org_all",
    "exten" => "s",
    "language" => "en",
    "linkedid" => "1744725576.71",
    "priority" => "1",
    "privilege" => "call,all",
    "uniqueid" => "1744725576.71"
  },
  variables: %{}
}
[2025-04-15 13:59:42.952989Z] %ElixirAmi.Event{
  event: "hangup",
  source: :asterisk_connection,
  action_id: nil,
  keys: %{
    "accountcode" => "",
    "calleridname" => "asd",
    "calleridnum" => "102",
    "cause" => "17",
    "cause-txt" => "User busy",
    "channel" => "PJSIP/102-0000002d",
    "channelstate" => "5",
    "channelstatedesc" => "Ringing",
    "connectedlinename" => "asd",
    "connectedlinenum" => "<unknown>",
    "context" => "org_all",
    "exten" => "s",
    "language" => "en",
    "linkedid" => "1744725576.71",
    "priority" => "1",
    "privilege" => "call,all",
    "uniqueid" => "1744725576.71"
  },
  variables: %{}
}
