[2025-04-10 15:56:22.782156Z] %ElixirAmi.Event{
  event: "newexten",
  source: :asterisk_connection,
  action_id: nil,
  keys: %{
    "accountcode" => "",
    "appdata" => "PJSIP/102,20,",
    "application" => "Dial",
    "calleridname" => "103",
    "calleridnum" => "103",
    "channel" => "PJSIP/103-000000b0",
    "channelstate" => "4",
    "channelstatedesc" => "Ring",
    "connectedlinename" => "<unknown>",
    "connectedlinenum" => "<unknown>",
    "context" => "org_all",
    "exten" => "102",
    "extension" => "102",
    "language" => "en",
    "linkedid" => "1744300582.264",
    "priority" => "2",
    "privilege" => "dialplan,all",
    "uniqueid" => "1744300582.264"
  },
  variables: %{}
}
[2025-04-10 15:56:22.782157Z] %ElixirAmi.Event{
  event: "varset",
  source: :asterisk_connection,
  action_id: nil,
  keys: %{
    "accountcode" => "",
    "calleridname" => "103",
    "calleridnum" => "103",
    "channel" => "PJSIP/103-000000b0",
    "channelstate" => "4",
    "channelstatedesc" => "Ring",
    "connectedlinename" => "<unknown>",
    "connectedlinenum" => "<unknown>",
    "context" => "org_all",
    "exten" => "102",
    "language" => "en",
    "linkedid" => "1744300582.264",
    "priority" => "2",
    "privilege" => "dialplan,all",
    "uniqueid" => "1744300582.264",
    "value" => "",
    "variable" => "DIALEDPEERNUMBER"
  },
  variables: %{}
}
[2025-04-10 15:56:22.782194Z] %ElixirAmi.Event{
  event: "varset",
  source: :asterisk_connection,
  action_id: nil,
  keys: %{
    "accountcode" => "",
    "calleridname" => "103",
    "calleridnum" => "103",
    "channel" => "PJSIP/103-000000b0",
    "channelstate" => "4",
    "channelstatedesc" => "Ring",
    "connectedlinename" => "<unknown>",
    "connectedlinenum" => "<unknown>",
    "context" => "org_all",
    "exten" => "102",
    "language" => "en",
    "linkedid" => "1744300582.264",
    "priority" => "2",
    "privilege" => "dialplan,all",
    "uniqueid" => "1744300582.264",
    "value" => "",
    "variable" => "RINGTIME_MS"
  },
  variables: %{}
}
[2025-04-10 15:56:22.783656Z] %ElixirAmi.Event{
  event: "newchannel",
  source: :asterisk_connection,
  action_id: nil,
  keys: %{
    "accountcode" => "",
    "calleridname" => "102",
    "calleridnum" => "102",
    "channel" => "PJSIP/102-000000b1",
    "channelstate" => "0",
    "channelstatedesc" => "Down",
    "connectedlinename" => "<unknown>",
    "connectedlinenum" => "<unknown>",
    "context" => "org_all",
    "exten" => "s",
    "language" => "en",
    "linkedid" => "1744300582.264",
    "priority" => "1",
    "privilege" => "call,all",
    "uniqueid" => "1744300582.265"
  },
  variables: %{}
}
[2025-04-10 15:56:22.782171Z] %ElixirAmi.Event{
  event: "varset",
  source: :asterisk_connection,
  action_id: nil,
  keys: %{
    "accountcode" => "",
    "calleridname" => "103",
    "calleridnum" => "103",
    "channel" => "PJSIP/103-000000b0",
    "channelstate" => "4",
    "channelstatedesc" => "Ring",
    "connectedlinename" => "<unknown>",
    "connectedlinenum" => "<unknown>",
    "context" => "org_all",
    "exten" => "102",
    "language" => "en",
    "linkedid" => "1744300582.264",
    "priority" => "2",
    "privilege" => "dialplan,all",
    "uniqueid" => "1744300582.264",
    "value" => "",
    "variable" => "RINGTIME"
  },
  variables: %{}
}
[2025-04-10 15:56:22.782138Z] %ElixirAmi.Event{
  event: "varset",
  source: :asterisk_connection,
  action_id: nil,
  keys: %{
    "accountcode" => "",
    "calleridname" => "103",
    "calleridnum" => "103",
    "channel" => "PJSIP/103-000000b0",
    "channelstate" => "4",
    "channelstatedesc" => "Ring",
    "connectedlinename" => "<unknown>",
    "connectedlinenum" => "<unknown>",
    "context" => "org_all",
    "exten" => "102",
    "language" => "en",
    "linkedid" => "1744300582.264",
    "priority" => "2",
    "privilege" => "dialplan,all",
    "uniqueid" => "1744300582.264",
    "value" => "",
    "variable" => "DIALEDTIME_MS"
  },
  variables: %{}
}
[2025-04-10 15:56:22.783666Z] %ElixirAmi.Event{
  event: "newexten",
  source: :asterisk_connection,
  action_id: nil,
  keys: %{
    "accountcode" => "",
    "appdata" => "(Outgoing Line)",
    "application" => "AppDial",
    "calleridname" => "102",
    "calleridnum" => "102",
    "channel" => "PJSIP/102-000000b1",
    "channelstate" => "0",
    "channelstatedesc" => "Down",
    "connectedlinename" => "103",
    "connectedlinenum" => "103",
    "context" => "org_all",
    "exten" => "102",
    "extension" => "102",
    "language" => "en",
    "linkedid" => "1744300582.264",
    "priority" => "1",
    "privilege" => "dialplan,all",
    "uniqueid" => "1744300582.265"
  },
  variables: %{}
}
[2025-04-10 15:56:22.782150Z] %ElixirAmi.Event{
  event: "varset",
  source: :asterisk_connection,
  action_id: nil,
  keys: %{
    "accountcode" => "",
    "calleridname" => "103",
    "calleridnum" => "103",
    "channel" => "PJSIP/103-000000b0",
    "channelstate" => "4",
    "channelstatedesc" => "Ring",
    "connectedlinename" => "<unknown>",
    "connectedlinenum" => "<unknown>",
    "context" => "org_all",
    "exten" => "102",
    "language" => "en",
    "linkedid" => "1744300582.264",
    "priority" => "2",
    "privilege" => "dialplan,all",
    "uniqueid" => "1744300582.264",
    "value" => "",
    "variable" => "ANSWEREDTIME_MS"
  },
  variables: %{}
}
[2025-04-10 15:56:22.783672Z] %ElixirAmi.Event{
  event: "newconnectedline",
  source: :asterisk_connection,
  action_id: nil,
  keys: %{
    "accountcode" => "",
    "calleridname" => "102",
    "calleridnum" => "102",
    "channel" => "PJSIP/102-000000b1",
    "channelstate" => "0",
    "channelstatedesc" => "Down",
    "connectedlinename" => "103",
    "connectedlinenum" => "103",
    "context" => "org_all",
    "exten" => "102",
    "language" => "en",
    "linkedid" => "1744300582.264",
    "priority" => "1",
    "privilege" => "call,all",
    "uniqueid" => "1744300582.265"
  },
  variables: %{}
}
[2025-04-10 15:56:22.782188Z] %ElixirAmi.Event{
  event: "varset",
  source: :asterisk_connection,
  action_id: nil,
  keys: %{
    "accountcode" => "",
    "calleridname" => "103",
    "calleridnum" => "103",
    "channel" => "PJSIP/103-000000b0",
    "channelstate" => "4",
    "channelstatedesc" => "Ring",
    "connectedlinename" => "<unknown>",
    "connectedlinenum" => "<unknown>",
    "context" => "org_all",
    "exten" => "102",
    "language" => "en",
    "linkedid" => "1744300582.264",
    "priority" => "2",
    "privilege" => "dialplan,all",
    "uniqueid" => "1744300582.264",
    "value" => "",
    "variable" => "PROGRESSTIME"
  },
  variables: %{}
}
[2025-04-10 15:56:22.782153Z] %ElixirAmi.Event{
  event: "varset",
  source: :asterisk_connection,
  action_id: nil,
  keys: %{
    "accountcode" => "",
    "calleridname" => "103",
    "calleridnum" => "103",
    "channel" => "PJSIP/103-000000b0",
    "channelstate" => "4",
    "channelstatedesc" => "Ring",
    "connectedlinename" => "<unknown>",
    "connectedlinenum" => "<unknown>",
    "context" => "org_all",
    "exten" => "102",
    "language" => "en",
    "linkedid" => "1744300582.264",
    "priority" => "2",
    "privilege" => "dialplan,all",
    "uniqueid" => "1744300582.264",
    "value" => "",
    "variable" => "DIALEDPEERNAME"
  },
  variables: %{}
}
[2025-04-10 15:56:22.783661Z] %ElixirAmi.Event{
  event: "varset",
  source: :asterisk_connection,
  action_id: nil,
  keys: %{
    "accountcode" => "",
    "calleridname" => "102",
    "calleridnum" => "102",
    "channel" => "PJSIP/102-000000b1",
    "channelstate" => "0",
    "channelstatedesc" => "Down",
    "connectedlinename" => "<unknown>",
    "connectedlinenum" => "<unknown>",
    "context" => "org_all",
    "exten" => "s",
    "language" => "en",
    "linkedid" => "1744300582.264",
    "priority" => "1",
    "privilege" => "dialplan,all",
    "uniqueid" => "1744300582.265",
    "value" => "102",
    "variable" => "DIALEDPEERNUMBER"
  },
  variables: %{}
}
[2025-04-10 15:56:22.782161Z] %ElixirAmi.Event{
  event: "newexten",
  source: :asterisk_connection,
  action_id: nil,
  keys: %{
    "accountcode" => "",
    "appdata" => "",
    "application" => "NoOp",
    "calleridname" => "103",
    "calleridnum" => "103",
    "channel" => "PJSIP/103-000000b0",
    "channelstate" => "4",
    "channelstatedesc" => "Ring",
    "connectedlinename" => "<unknown>",
    "connectedlinenum" => "<unknown>",
    "context" => "org_all",
    "exten" => "102",
    "extension" => "102",
    "language" => "en",
    "linkedid" => "1744300582.264",
    "priority" => "1",
    "privilege" => "dialplan,all",
    "uniqueid" => "1744300582.264"
  },
  variables: %{}
}
[2025-04-10 15:56:22.782148Z] %ElixirAmi.Event{
  event: "varset",
  source: :asterisk_connection,
  action_id: nil,
  keys: %{
    "accountcode" => "",
    "calleridname" => "103",
    "calleridnum" => "103",
    "channel" => "PJSIP/103-000000b0",
    "channelstate" => "4",
    "channelstatedesc" => "Ring",
    "connectedlinename" => "<unknown>",
    "connectedlinenum" => "<unknown>",
    "context" => "org_all",
    "exten" => "102",
    "language" => "en",
    "linkedid" => "1744300582.264",
    "priority" => "2",
    "privilege" => "dialplan,all",
    "uniqueid" => "1744300582.264",
    "value" => "",
    "variable" => "DIALEDTIME"
  },
  variables: %{}
}
[2025-04-10 15:56:22.782159Z] %ElixirAmi.Event{
  event: "varset",
  source: :asterisk_connection,
  action_id: nil,
  keys: %{
    "accountcode" => "",
    "calleridname" => "103",
    "calleridnum" => "103",
    "channel" => "PJSIP/103-000000b0",
    "channelstate" => "4",
    "channelstatedesc" => "Ring",
    "connectedlinename" => "<unknown>",
    "connectedlinenum" => "<unknown>",
    "context" => "org_all",
    "exten" => "102",
    "language" => "en",
    "linkedid" => "1744300582.264",
    "priority" => "2",
    "privilege" => "dialplan,all",
    "uniqueid" => "1744300582.264",
    "value" => "",
    "variable" => "DIALSTATUS"
  },
  variables: %{}
}
[2025-04-10 15:56:22.782152Z] %ElixirAmi.Event{
  event: "varset",
  source: :asterisk_connection,
  action_id: nil,
  keys: %{
    "accountcode" => "",
    "calleridname" => "103",
    "calleridnum" => "103",
    "channel" => "PJSIP/103-000000b0",
    "channelstate" => "4",
    "channelstatedesc" => "Ring",
    "connectedlinename" => "<unknown>",
    "connectedlinenum" => "<unknown>",
    "context" => "org_all",
    "exten" => "102",
    "language" => "en",
    "linkedid" => "1744300582.264",
    "priority" => "2",
    "privilege" => "dialplan,all",
    "uniqueid" => "1744300582.264",
    "value" => "",
    "variable" => "ANSWEREDTIME"
  },
  variables: %{}
}
[2025-04-10 15:56:22.782156Z] %ElixirAmi.Event{
  event: "varset",
  source: :asterisk_connection,
  action_id: nil,
  keys: %{
    "accountcode" => "",
    "calleridname" => "103",
    "calleridnum" => "103",
    "channel" => "PJSIP/103-000000b0",
    "channelstate" => "4",
    "channelstatedesc" => "Ring",
    "connectedlinename" => "<unknown>",
    "connectedlinenum" => "<unknown>",
    "context" => "org_all",
    "exten" => "102",
    "language" => "en",
    "linkedid" => "1744300582.264",
    "priority" => "1",
    "privilege" => "dialplan,all",
    "uniqueid" => "1744300582.264",
    "value" => "192.168.0.16",
    "variable" => "SIPDOMAIN"
  },
  variables: %{}
}
[2025-04-10 15:56:22.782161Z] %ElixirAmi.Event{
  event: "newchannel",
  source: :asterisk_connection,
  action_id: nil,
  keys: %{
    "accountcode" => "",
    "calleridname" => "103",
    "calleridnum" => "103",
    "channel" => "PJSIP/103-000000b0",
    "channelstate" => "4",
    "channelstatedesc" => "Ring",
    "connectedlinename" => "<unknown>",
    "connectedlinenum" => "<unknown>",
    "context" => "org_all",
    "exten" => "102",
    "language" => "en",
    "linkedid" => "1744300582.264",
    "priority" => "1",
    "privilege" => "call,all",
    "uniqueid" => "1744300582.264"
  },
  variables: %{}
}
[2025-04-10 15:56:22.783682Z] %ElixirAmi.Event{
  event: "newconnectedline",
  source: :asterisk_connection,
  action_id: nil,
  keys: %{
    "accountcode" => "",
    "calleridname" => "103",
    "calleridnum" => "103",
    "channel" => "PJSIP/103-000000b0",
    "channelstate" => "4",
    "channelstatedesc" => "Ring",
    "connectedlinename" => "102",
    "connectedlinenum" => "102",
    "context" => "org_all",
    "exten" => "102",
    "language" => "en",
    "linkedid" => "1744300582.264",
    "priority" => "2",
    "privilege" => "call,all",
    "uniqueid" => "1744300582.264"
  },
  variables: %{}
}
[2025-04-10 15:56:22.783649Z] %ElixirAmi.Event{
  event: "varset",
  source: :asterisk_connection,
  action_id: nil,
  keys: %{
    "accountcode" => "",
    "calleridname" => "103",
    "calleridnum" => "103",
    "channel" => "PJSIP/103-000000b0",
    "channelstate" => "4",
    "channelstatedesc" => "Ring",
    "connectedlinename" => "<unknown>",
    "connectedlinenum" => "<unknown>",
    "context" => "org_all",
    "exten" => "102",
    "language" => "en",
    "linkedid" => "1744300582.264",
    "priority" => "2",
    "privilege" => "dialplan,all",
    "uniqueid" => "1744300582.264",
    "value" => "",
    "variable" => "PROGRESSTIME_MS"
  },
  variables: %{}
}
[2025-04-10 15:56:22.783677Z] %ElixirAmi.Event{
  event: "dialbegin",
  source: :asterisk_connection,
  action_id: nil,
  keys: %{
    "accountcode" => "",
    "calleridname" => "103",
    "calleridnum" => "103",
    "channel" => "PJSIP/103-000000b0",
    "channelstate" => "4",
    "channelstatedesc" => "Ring",
    "connectedlinename" => "<unknown>",
    "connectedlinenum" => "<unknown>",
    "context" => "org_all",
    "destaccountcode" => "",
    "destcalleridname" => "102",
    "destcalleridnum" => "102",
    "destchannel" => "PJSIP/102-000000b1",
    "destchannelstate" => "0",
    "destchannelstatedesc" => "Down",
    "destconnectedlinename" => "103",
    "destconnectedlinenum" => "103",
    "destcontext" => "org_all",
    "destexten" => "102",
    "destlanguage" => "en",
    "destlinkedid" => "1744300582.264",
    "destpriority" => "1",
    "destuniqueid" => "1744300582.265",
    "dialstring" => "102",
    "exten" => "102",
    "language" => "en",
    "linkedid" => "1744300582.264",
    "priority" => "2",
    "privilege" => "call,all",
    "uniqueid" => "1744300582.264"
  },
  variables: %{}
}
[2025-04-10 15:56:22.786027Z] %ElixirAmi.Event{
  event: "newstate",
  source: :asterisk_connection,
  action_id: nil,
  keys: %{
    "accountcode" => "",
    "calleridname" => "102",
    "calleridnum" => "102",
    "channel" => "PJSIP/102-000000b1",
    "channelstate" => "5",
    "channelstatedesc" => "Ringing",
    "connectedlinename" => "103",
    "connectedlinenum" => "103",
    "context" => "org_all",
    "exten" => "102",
    "language" => "en",
    "linkedid" => "1744300582.264",
    "priority" => "1",
    "privilege" => "call,all",
    "uniqueid" => "1744300582.265"
  },
  variables: %{}
}
[2025-04-10 15:56:22.786300Z] %ElixirAmi.Event{
  event: "varset",
  source: :asterisk_connection,
  action_id: nil,
  keys: %{
    "accountcode" => "",
    "calleridname" => "103",
    "calleridnum" => "103",
    "channel" => "PJSIP/103-000000b0",
    "channelstate" => "4",
    "channelstatedesc" => "Ring",
    "connectedlinename" => "102",
    "connectedlinenum" => "102",
    "context" => "org_all",
    "exten" => "102",
    "language" => "en",
    "linkedid" => "1744300582.264",
    "priority" => "2",
    "privilege" => "dialplan,all",
    "uniqueid" => "1744300582.264",
    "value" => "0",
    "variable" => "RINGTIME"
  },
  variables: %{}
}
[2025-04-10 15:56:22.786497Z] %ElixirAmi.Event{
  event: "varset",
  source: :asterisk_connection,
  action_id: nil,
  keys: %{
    "accountcode" => "",
    "calleridname" => "103",
    "calleridnum" => "103",
    "channel" => "PJSIP/103-000000b0",
    "channelstate" => "4",
    "channelstatedesc" => "Ring",
    "connectedlinename" => "102",
    "connectedlinenum" => "102",
    "context" => "org_all",
    "exten" => "102",
    "language" => "en",
    "linkedid" => "1744300582.264",
    "priority" => "2",
    "privilege" => "dialplan,all",
    "uniqueid" => "1744300582.264",
    "value" => "6",
    "variable" => "RINGTIME_MS"
  },
  variables: %{}
}
[2025-04-10 15:56:22.786828Z] %ElixirAmi.Event{
  event: "dialstate",
  source: :asterisk_connection,
  action_id: nil,
  keys: %{
    "accountcode" => "",
    "calleridname" => "103",
    "calleridnum" => "103",
    "channel" => "PJSIP/103-000000b0",
    "channelstate" => "4",
    "channelstatedesc" => "Ring",
    "connectedlinename" => "102",
    "connectedlinenum" => "102",
    "context" => "org_all",
    "destaccountcode" => "",
    "destcalleridname" => "102",
    "destcalleridnum" => "102",
    "destchannel" => "PJSIP/102-000000b1",
    "destchannelstate" => "5",
    "destchannelstatedesc" => "Ringing",
    "destconnectedlinename" => "103",
    "destconnectedlinenum" => "103",
    "destcontext" => "org_all",
    "destexten" => "102",
    "destlanguage" => "en",
    "destlinkedid" => "1744300582.264",
    "destpriority" => "1",
    "destuniqueid" => "1744300582.265",
    "dialstatus" => "RINGING",
    "exten" => "102",
    "language" => "en",
    "linkedid" => "1744300582.264",
    "priority" => "2",
    "privilege" => "call,all",
    "uniqueid" => "1744300582.264"
  },
  variables: %{}
}
[2025-04-10 15:56:27.193165Z] %ElixirAmi.Event{
  event: "hanguprequest",
  source: :asterisk_connection,
  action_id: nil,
  keys: %{
    "accountcode" => "",
    "calleridname" => "103",
    "calleridnum" => "103",
    "cause" => "127",
    "channel" => "PJSIP/103-000000b0",
    "channelstate" => "4",
    "channelstatedesc" => "Ring",
    "connectedlinename" => "102",
    "connectedlinenum" => "102",
    "context" => "org_all",
    "exten" => "102",
    "language" => "en",
    "linkedid" => "1744300582.264",
    "priority" => "2",
    "privilege" => "call,all",
    "uniqueid" => "1744300582.264"
  },
  variables: %{}
}
[2025-04-10 15:56:27.193257Z] %ElixirAmi.Event{
  event: "hanguprequest",
  source: :asterisk_connection,
  action_id: nil,
  keys: %{
    "accountcode" => "",
    "calleridname" => "103",
    "calleridnum" => "103",
    "cause" => "127",
    "channel" => "PJSIP/103-000000b0",
    "channelstate" => "4",
    "channelstatedesc" => "Ring",
    "connectedlinename" => "102",
    "connectedlinenum" => "102",
    "context" => "org_all",
    "exten" => "102",
    "language" => "en",
    "linkedid" => "1744300582.264",
    "priority" => "2",
    "privilege" => "call,all",
    "uniqueid" => "1744300582.264"
  },
  variables: %{}
}
[2025-04-10 15:56:27.193649Z] %ElixirAmi.Event{
  event: "dialend",
  source: :asterisk_connection,
  action_id: nil,
  keys: %{
    "accountcode" => "",
    "calleridname" => "103",
    "calleridnum" => "103",
    "channel" => "PJSIP/103-000000b0",
    "channelstate" => "4",
    "channelstatedesc" => "Ring",
    "connectedlinename" => "102",
    "connectedlinenum" => "102",
    "context" => "org_all",
    "destaccountcode" => "",
    "destcalleridname" => "102",
    "destcalleridnum" => "102",
    "destchannel" => "PJSIP/102-000000b1",
    "destchannelstate" => "5",
    "destchannelstatedesc" => "Ringing",
    "destconnectedlinename" => "103",
    "destconnectedlinenum" => "103",
    "destcontext" => "org_all",
    "destexten" => "102",
    "destlanguage" => "en",
    "destlinkedid" => "1744300582.264",
    "destpriority" => "1",
    "destuniqueid" => "1744300582.265",
    "dialstatus" => "CANCEL",
    "exten" => "102",
    "language" => "en",
    "linkedid" => "1744300582.264",
    "priority" => "2",
    "privilege" => "call,all",
    "uniqueid" => "1744300582.264"
  },
  variables: %{}
}
[2025-04-10 15:56:27.193718Z] %ElixirAmi.Event{
  event: "dialend",
  source: :asterisk_connection,
  action_id: nil,
  keys: %{
    "accountcode" => "",
    "calleridname" => "103",
    "calleridnum" => "103",
    "channel" => "PJSIP/103-000000b0",
    "channelstate" => "4",
    "channelstatedesc" => "Ring",
    "connectedlinename" => "102",
    "connectedlinenum" => "102",
    "context" => "org_all",
    "destaccountcode" => "",
    "destcalleridname" => "102",
    "destcalleridnum" => "102",
    "destchannel" => "PJSIP/102-000000b1",
    "destchannelstate" => "5",
    "destchannelstatedesc" => "Ringing",
    "destconnectedlinename" => "103",
    "destconnectedlinenum" => "103",
    "destcontext" => "org_all",
    "destexten" => "102",
    "destlanguage" => "en",
    "destlinkedid" => "1744300582.264",
    "destpriority" => "1",
    "destuniqueid" => "1744300582.265",
    "dialstatus" => "CANCEL",
    "exten" => "102",
    "language" => "en",
    "linkedid" => "1744300582.264",
    "priority" => "2",
    "privilege" => "call,all",
    "uniqueid" => "1744300582.264"
  },
  variables: %{}
}
[2025-04-10 15:56:27.193939Z] %ElixirAmi.Event{
  event: "varset",
  source: :asterisk_connection,
  action_id: nil,
  keys: %{
    "accountcode" => "",
    "calleridname" => "103",
    "calleridnum" => "103",
    "channel" => "PJSIP/103-000000b0",
    "channelstate" => "4",
    "channelstatedesc" => "Ring",
    "connectedlinename" => "102",
    "connectedlinenum" => "102",
    "context" => "org_all",
    "exten" => "102",
    "language" => "en",
    "linkedid" => "1744300582.264",
    "priority" => "2",
    "privilege" => "dialplan,all",
    "uniqueid" => "1744300582.264",
    "value" => "CANCEL",
    "variable" => "DIALSTATUS"
  },
  variables: %{}
}
[2025-04-10 15:56:27.193961Z] %ElixirAmi.Event{
  event: "varset",
  source: :asterisk_connection,
  action_id: nil,
  keys: %{
    "accountcode" => "",
    "calleridname" => "103",
    "calleridnum" => "103",
    "channel" => "PJSIP/103-000000b0",
    "channelstate" => "4",
    "channelstatedesc" => "Ring",
    "connectedlinename" => "102",
    "connectedlinenum" => "102",
    "context" => "org_all",
    "exten" => "102",
    "language" => "en",
    "linkedid" => "1744300582.264",
    "priority" => "2",
    "privilege" => "dialplan,all",
    "uniqueid" => "1744300582.264",
    "value" => "CANCEL",
    "variable" => "DIALSTATUS"
  },
  variables: %{}
}
[2025-04-10 15:56:27.194154Z] %ElixirAmi.Event{
  event: "softhanguprequest",
  source: :asterisk_connection,
  action_id: nil,
  keys: %{
    "accountcode" => "",
    "calleridname" => "103",
    "calleridnum" => "103",
    "cause" => "16",
    "channel" => "PJSIP/103-000000b0",
    "channelstate" => "4",
    "channelstatedesc" => "Ring",
    "connectedlinename" => "102",
    "connectedlinenum" => "102",
    "context" => "org_all",
    "exten" => "102",
    "language" => "en",
    "linkedid" => "1744300582.264",
    "priority" => "2",
    "privilege" => "call,all",
    "uniqueid" => "1744300582.264"
  },
  variables: %{}
}
[2025-04-10 15:56:27.194245Z] %ElixirAmi.Event{
  event: "softhanguprequest",
  source: :asterisk_connection,
  action_id: nil,
  keys: %{
    "accountcode" => "",
    "calleridname" => "103",
    "calleridnum" => "103",
    "cause" => "16",
    "channel" => "PJSIP/103-000000b0",
    "channelstate" => "4",
    "channelstatedesc" => "Ring",
    "connectedlinename" => "102",
    "connectedlinenum" => "102",
    "context" => "org_all",
    "exten" => "102",
    "language" => "en",
    "linkedid" => "1744300582.264",
    "priority" => "2",
    "privilege" => "call,all",
    "uniqueid" => "1744300582.264"
  },
  variables: %{}
}
[2025-04-10 15:56:27.194704Z] %ElixirAmi.Event{
  event: "hangup",
  source: :asterisk_connection,
  action_id: nil,
  keys: %{
    "accountcode" => "",
    "calleridname" => "103",
    "calleridnum" => "103",
    "cause" => "127",
    "cause-txt" => "Interworking, unspecified",
    "channel" => "PJSIP/103-000000b0",
    "channelstate" => "4",
    "channelstatedesc" => "Ring",
    "connectedlinename" => "102",
    "connectedlinenum" => "102",
    "context" => "org_all",
    "exten" => "102",
    "language" => "en",
    "linkedid" => "1744300582.264",
    "priority" => "2",
    "privilege" => "call,all",
    "uniqueid" => "1744300582.264"
  },
  variables: %{}
}
[2025-04-10 15:56:27.194693Z] %ElixirAmi.Event{
  event: "hangup",
  source: :asterisk_connection,
  action_id: nil,
  keys: %{
    "accountcode" => "",
    "calleridname" => "103",
    "calleridnum" => "103",
    "cause" => "127",
    "cause-txt" => "Interworking, unspecified",
    "channel" => "PJSIP/103-000000b0",
    "channelstate" => "4",
    "channelstatedesc" => "Ring",
    "connectedlinename" => "102",
    "connectedlinenum" => "102",
    "context" => "org_all",
    "exten" => "102",
    "language" => "en",
    "linkedid" => "1744300582.264",
    "priority" => "2",
    "privilege" => "call,all",
    "uniqueid" => "1744300582.264"
  },
  variables: %{}
}
[2025-04-10 15:56:27.194754Z] %ElixirAmi.Event{
  event: "hangup",
  source: :asterisk_connection,
  action_id: nil,
  keys: %{
    "accountcode" => "",
    "calleridname" => "103",
    "calleridnum" => "103",
    "cause" => "127",
    "cause-txt" => "Interworking, unspecified",
    "channel" => "PJSIP/103-000000b0",
    "channelstate" => "4",
    "channelstatedesc" => "Ring",
    "connectedlinename" => "102",
    "connectedlinenum" => "102",
    "context" => "org_all",
    "exten" => "102",
    "language" => "en",
    "linkedid" => "1744300582.264",
    "priority" => "2",
    "privilege" => "call,all",
    "uniqueid" => "1744300582.264"
  },
  variables: %{}
}
[2025-04-10 15:56:27.194951Z] %ElixirAmi.Event{
  event: "hangup",
  source: :asterisk_connection,
  action_id: nil,
  keys: %{
    "accountcode" => "",
    "calleridname" => "102",
    "calleridnum" => "102",
    "cause" => "127",
    "cause-txt" => "Interworking, unspecified",
    "channel" => "PJSIP/102-000000b1",
    "channelstate" => "5",
    "channelstatedesc" => "Ringing",
    "connectedlinename" => "103",
    "connectedlinenum" => "103",
    "context" => "org_all",
    "exten" => "102",
    "language" => "en",
    "linkedid" => "1744300582.264",
    "priority" => "1",
    "privilege" => "call,all",
    "uniqueid" => "1744300582.265"
  },
  variables: %{}
}
[2025-04-10 15:56:27.195008Z] %ElixirAmi.Event{
  event: "hangup",
  source: :asterisk_connection,
  action_id: nil,
  keys: %{
    "accountcode" => "",
    "calleridname" => "102",
    "calleridnum" => "102",
    "cause" => "127",
    "cause-txt" => "Interworking, unspecified",
    "channel" => "PJSIP/102-000000b1",
    "channelstate" => "5",
    "channelstatedesc" => "Ringing",
    "connectedlinename" => "103",
    "connectedlinenum" => "103",
    "context" => "org_all",
    "exten" => "102",
    "language" => "en",
    "linkedid" => "1744300582.264",
    "priority" => "1",
    "privilege" => "call,all",
    "uniqueid" => "1744300582.265"
  },
  variables: %{}
}
[2025-04-10 15:56:27.195023Z] %ElixirAmi.Event{
  event: "hangup",
  source: :asterisk_connection,
  action_id: nil,
  keys: %{
    "accountcode" => "",
    "calleridname" => "102",
    "calleridnum" => "102",
    "cause" => "127",
    "cause-txt" => "Interworking, unspecified",
    "channel" => "PJSIP/102-000000b1",
    "channelstate" => "5",
    "channelstatedesc" => "Ringing",
    "connectedlinename" => "103",
    "connectedlinenum" => "103",
    "context" => "org_all",
    "exten" => "102",
    "language" => "en",
    "linkedid" => "1744300582.264",
    "priority" => "1",
    "privilege" => "call,all",
    "uniqueid" => "1744300582.265"
  },
  variables: %{}
}
[2025-04-10 15:56:27.195045Z] %ElixirAmi.Event{
  event: "hangup",
  source: :asterisk_connection,
  action_id: nil,
  keys: %{
    "accountcode" => "",
    "calleridname" => "102",
    "calleridnum" => "102",
    "cause" => "127",
    "cause-txt" => "Interworking, unspecified",
    "channel" => "PJSIP/102-000000b1",
    "channelstate" => "5",
    "channelstatedesc" => "Ringing",
    "connectedlinename" => "103",
    "connectedlinenum" => "103",
    "context" => "org_all",
    "exten" => "102",
    "language" => "en",
    "linkedid" => "1744300582.264",
    "priority" => "1",
    "privilege" => "call,all",
    "uniqueid" => "1744300582.265"
  },
  variables: %{}
}
