[2025-04-15 12:09:49.832693Z] %ElixirAmi.Event{
  event: "newchannel",
  source: :asterisk_connection,
  action_id: nil,
  keys: %{
    "accountcode" => "",
    "calleridname" => "102",
    "calleridnum" => "102",
    "channel" => "PJSIP/102-00000008",
    "channelstate" => "0",
    "channelstatedesc" => "Down",
    "connectedlinename" => "<unknown>",
    "connectedlinenum" => "<unknown>",
    "context" => "org_all",
    "exten" => "s",
    "language" => "en",
    "linkedid" => "1744718985.13",
    "priority" => "1",
    "privilege" => "call,all",
    "uniqueid" => "1744718985.13"
  },
  variables: %{}
}
[2025-04-15 12:09:49.833140Z] %ElixirAmi.Event{
  event: "newexten",
  source: :asterisk_connection,
  action_id: nil,
  keys: %{
    "accountcode" => "",
    "appdata" => "(Outgoing Line)",
    "application" => "AppDial2",
    "calleridname" => "102",
    "calleridnum" => "102",
    "channel" => "PJSIP/102-00000008",
    "channelstate" => "0",
    "channelstatedesc" => "Down",
    "connectedlinename" => "<unknown>",
    "connectedlinenum" => "<unknown>",
    "context" => "org_all",
    "exten" => "s",
    "extension" => "s",
    "language" => "en",
    "linkedid" => "1744718985.13",
    "priority" => "1",
    "privilege" => "dialplan,all",
    "uniqueid" => "1744718985.13"
  },
  variables: %{}
}
[2025-04-15 12:09:49.833570Z] %ElixirAmi.Event{
  event: "newcallerid",
  source: :asterisk_connection,
  action_id: nil,
  keys: %{
    "accountcode" => "",
    "calleridname" => "102",
    "calleridnum" => "101",
    "channel" => "PJSIP/102-00000008",
    "channelstate" => "0",
    "channelstatedesc" => "Down",
    "cid-callingpres" => "0 (Presentation Allowed, Not Screened)",
    "connectedlinename" => "<unknown>",
    "connectedlinenum" => "<unknown>",
    "context" => "org_all",
    "exten" => "s",
    "language" => "en",
    "linkedid" => "1744718985.13",
    "priority" => "1",
    "privilege" => "call,all",
    "uniqueid" => "1744718985.13"
  },
  variables: %{}
}
[2025-04-15 12:09:49.833831Z] %ElixirAmi.Event{
  event: "newconnectedline",
  source: :asterisk_connection,
  action_id: nil,
  keys: %{
    "accountcode" => "",
    "calleridname" => "102",
    "calleridnum" => "101",
    "channel" => "PJSIP/102-00000008",
    "channelstate" => "0",
    "channelstatedesc" => "Down",
    "connectedlinename" => "<unknown>",
    "connectedlinenum" => "101",
    "context" => "org_all",
    "exten" => "s",
    "language" => "en",
    "linkedid" => "1744718985.13",
    "priority" => "1",
    "privilege" => "call,all",
    "uniqueid" => "1744718985.13"
  },
  variables: %{}
}
[2025-04-15 12:09:49.834395Z] %ElixirAmi.Event{
  event: "newstate",
  source: :asterisk_connection,
  action_id: nil,
  keys: %{
    "accountcode" => "",
    "calleridname" => "102",
    "calleridnum" => "101",
    "channel" => "PJSIP/102-00000008",
    "channelstate" => "5",
    "channelstatedesc" => "Ringing",
    "connectedlinename" => "<unknown>",
    "connectedlinenum" => "101",
    "context" => "org_all",
    "exten" => "s",
    "language" => "en",
    "linkedid" => "1744718985.13",
    "priority" => "1",
    "privilege" => "call,all",
    "uniqueid" => "1744718985.13"
  },
  variables: %{}
}
[2025-04-15 12:09:49.835101Z] %ElixirAmi.Event{
  event: "rtcpreceived",
  source: :asterisk_connection,
  action_id: nil,
  keys: %{
    "accountcode" => "",
    "calleridname" => "102",
    "calleridnum" => "101",
    "channel" => "PJSIP/102-00000008",
    "channelstate" => "5",
    "channelstatedesc" => "Ringing",
    "connectedlinename" => "<unknown>",
    "connectedlinenum" => "101",
    "context" => "org_all",
    "exten" => "s",
    "from" => "192.168.0.16:4011",
    "language" => "en",
    "linkedid" => "1744718985.13",
    "mes" => "85.4",
    "priority" => "1",
    "privilege" => "reporting,all",
    "pt" => "201(RR)",
    "report0cumulativelost" => "0",
    "report0dlsr" => "0.0000",
    "report0fractionlost" => "0",
    "report0highestsequence" => "0",
    "report0iajitter" => "0",
    "report0lsr" => "0",
    "report0sequencenumbercycles" => "0",
    "report0sourcessrc" => "0x00000000",
    "reportcount" => "1",
    "rtt" => "0.0000",
    "ssrc" => "0x00000000",
    "to" => "192.168.0.16:11473",
    "uniqueid" => "1744718985.13"
  },
  variables: %{}
}
[2025-04-15 12:09:49.835461Z] %ElixirAmi.Event{
  event: "rtcpreceived",
  source: :asterisk_connection,
  action_id: nil,
  keys: %{
    "accountcode" => "",
    "calleridname" => "102",
    "calleridnum" => "101",
    "channel" => "PJSIP/102-00000008",
    "channelstate" => "5",
    "channelstatedesc" => "Ringing",
    "connectedlinename" => "<unknown>",
    "connectedlinenum" => "101",
    "context" => "org_all",
    "exten" => "s",
    "from" => "192.168.0.16:4011",
    "language" => "en",
    "linkedid" => "1744718985.13",
    "mes" => "85.4",
    "priority" => "1",
    "privilege" => "reporting,all",
    "pt" => "201(RR)",
    "report0cumulativelost" => "0",
    "report0dlsr" => "0.0000",
    "report0fractionlost" => "0",
    "report0highestsequence" => "0",
    "report0iajitter" => "0",
    "report0lsr" => "0",
    "report0sequencenumbercycles" => "0",
    "report0sourcessrc" => "0x00000000",
    "reportcount" => "1",
    "rtt" => "0.0000",
    "ssrc" => "0x00000000",
    "to" => "192.168.0.16:11473",
    "uniqueid" => "1744718985.13"
  },
  variables: %{}
}
[2025-04-15 12:09:49.835756Z] %ElixirAmi.Event{
  event: "newstate",
  source: :asterisk_connection,
  action_id: nil,
  keys: %{
    "accountcode" => "",
    "calleridname" => "102",
    "calleridnum" => "101",
    "channel" => "PJSIP/102-00000008",
    "channelstate" => "6",
    "channelstatedesc" => "Up",
    "connectedlinename" => "<unknown>",
    "connectedlinenum" => "101",
    "context" => "org_all",
    "exten" => "s",
    "language" => "en",
    "linkedid" => "1744718985.13",
    "priority" => "1",
    "privilege" => "call,all",
    "uniqueid" => "1744718985.13"
  },
  variables: %{}
}
[2025-04-15 12:09:49.836445Z] %ElixirAmi.Event{
  event: "newexten",
  source: :asterisk_connection,
  action_id: nil,
  keys: %{
    "accountcode" => "",
    "appdata" => "",
    "application" => "NoOp",
    "calleridname" => "102",
    "calleridnum" => "101",
    "channel" => "PJSIP/102-00000008",
    "channelstate" => "6",
    "channelstatedesc" => "Up",
    "connectedlinename" => "<unknown>",
    "connectedlinenum" => "101",
    "context" => "org_all",
    "exten" => "102",
    "extension" => "102",
    "language" => "en",
    "linkedid" => "1744718985.13",
    "priority" => "1",
    "privilege" => "dialplan,all",
    "uniqueid" => "1744718985.13"
  },
  variables: %{}
}
[2025-04-15 12:09:49.836749Z] %ElixirAmi.Event{
  event: "newexten",
  source: :asterisk_connection,
  action_id: nil,
  keys: %{
    "accountcode" => "",
    "appdata" => "PJSIP/102,20,",
    "application" => "Dial",
    "calleridname" => "102",
    "calleridnum" => "101",
    "channel" => "PJSIP/102-00000008",
    "channelstate" => "6",
    "channelstatedesc" => "Up",
    "connectedlinename" => "<unknown>",
    "connectedlinenum" => "101",
    "context" => "org_all",
    "exten" => "102",
    "extension" => "102",
    "language" => "en",
    "linkedid" => "1744718985.13",
    "priority" => "2",
    "privilege" => "dialplan,all",
    "uniqueid" => "1744718985.13"
  },
  variables: %{}
}
[2025-04-15 12:09:49.836970Z] %ElixirAmi.Event{
  event: "varset",
  source: :asterisk_connection,
  action_id: nil,
  keys: %{
    "accountcode" => "",
    "calleridname" => "102",
    "calleridnum" => "101",
    "channel" => "PJSIP/102-00000008",
    "channelstate" => "6",
    "channelstatedesc" => "Up",
    "connectedlinename" => "<unknown>",
    "connectedlinenum" => "101",
    "context" => "org_all",
    "exten" => "102",
    "language" => "en",
    "linkedid" => "1744718985.13",
    "priority" => "2",
    "privilege" => "dialplan,all",
    "uniqueid" => "1744718985.13",
    "value" => "",
    "variable" => "DIALSTATUS"
  },
  variables: %{}
}
[2025-04-15 12:09:49.837149Z] %ElixirAmi.Event{
  event: "varset",
  source: :asterisk_connection,
  action_id: nil,
  keys: %{
    "accountcode" => "",
    "calleridname" => "102",
    "calleridnum" => "101",
    "channel" => "PJSIP/102-00000008",
    "channelstate" => "6",
    "channelstatedesc" => "Up",
    "connectedlinename" => "<unknown>",
    "connectedlinenum" => "101",
    "context" => "org_all",
    "exten" => "102",
    "language" => "en",
    "linkedid" => "1744718985.13",
    "priority" => "2",
    "privilege" => "dialplan,all",
    "uniqueid" => "1744718985.13",
    "value" => "",
    "variable" => "DIALEDPEERNUMBER"
  },
  variables: %{}
}
[2025-04-15 12:09:49.837433Z] %ElixirAmi.Event{
  event: "varset",
  source: :asterisk_connection,
  action_id: nil,
  keys: %{
    "accountcode" => "",
    "calleridname" => "102",
    "calleridnum" => "101",
    "channel" => "PJSIP/102-00000008",
    "channelstate" => "6",
    "channelstatedesc" => "Up",
    "connectedlinename" => "<unknown>",
    "connectedlinenum" => "101",
    "context" => "org_all",
    "exten" => "102",
    "language" => "en",
    "linkedid" => "1744718985.13",
    "priority" => "2",
    "privilege" => "dialplan,all",
    "uniqueid" => "1744718985.13",
    "value" => "",
    "variable" => "DIALEDPEERNAME"
  },
  variables: %{}
}
[2025-04-15 12:09:49.837774Z] %ElixirAmi.Event{
  event: "varset",
  source: :asterisk_connection,
  action_id: nil,
  keys: %{
    "accountcode" => "",
    "calleridname" => "102",
    "calleridnum" => "101",
    "channel" => "PJSIP/102-00000008",
    "channelstate" => "6",
    "channelstatedesc" => "Up",
    "connectedlinename" => "<unknown>",
    "connectedlinenum" => "101",
    "context" => "org_all",
    "exten" => "102",
    "language" => "en",
    "linkedid" => "1744718985.13",
    "priority" => "2",
    "privilege" => "dialplan,all",
    "uniqueid" => "1744718985.13",
    "value" => "",
    "variable" => "ANSWEREDTIME"
  },
  variables: %{}
}
[2025-04-15 12:09:49.838074Z] %ElixirAmi.Event{
  event: "varset",
  source: :asterisk_connection,
  action_id: nil,
  keys: %{
    "accountcode" => "",
    "calleridname" => "102",
    "calleridnum" => "101",
    "channel" => "PJSIP/102-00000008",
    "channelstate" => "6",
    "channelstatedesc" => "Up",
    "connectedlinename" => "<unknown>",
    "connectedlinenum" => "101",
    "context" => "org_all",
    "exten" => "102",
    "language" => "en",
    "linkedid" => "1744718985.13",
    "priority" => "2",
    "privilege" => "dialplan,all",
    "uniqueid" => "1744718985.13",
    "value" => "",
    "variable" => "ANSWEREDTIME_MS"
  },
  variables: %{}
}
[2025-04-15 12:09:49.838344Z] %ElixirAmi.Event{
  event: "varset",
  source: :asterisk_connection,
  action_id: nil,
  keys: %{
    "accountcode" => "",
    "calleridname" => "102",
    "calleridnum" => "101",
    "channel" => "PJSIP/102-00000008",
    "channelstate" => "6",
    "channelstatedesc" => "Up",
    "connectedlinename" => "<unknown>",
    "connectedlinenum" => "101",
    "context" => "org_all",
    "exten" => "102",
    "language" => "en",
    "linkedid" => "1744718985.13",
    "priority" => "2",
    "privilege" => "dialplan,all",
    "uniqueid" => "1744718985.13",
    "value" => "",
    "variable" => "DIALEDTIME"
  },
  variables: %{}
}
[2025-04-15 12:09:49.838579Z] %ElixirAmi.Event{
  event: "varset",
  source: :asterisk_connection,
  action_id: nil,
  keys: %{
    "accountcode" => "",
    "calleridname" => "102",
    "calleridnum" => "101",
    "channel" => "PJSIP/102-00000008",
    "channelstate" => "6",
    "channelstatedesc" => "Up",
    "connectedlinename" => "<unknown>",
    "connectedlinenum" => "101",
    "context" => "org_all",
    "exten" => "102",
    "language" => "en",
    "linkedid" => "1744718985.13",
    "priority" => "2",
    "privilege" => "dialplan,all",
    "uniqueid" => "1744718985.13",
    "value" => "",
    "variable" => "DIALEDTIME_MS"
  },
  variables: %{}
}
[2025-04-15 12:09:49.838889Z] %ElixirAmi.Event{
  event: "varset",
  source: :asterisk_connection,
  action_id: nil,
  keys: %{
    "accountcode" => "",
    "calleridname" => "102",
    "calleridnum" => "101",
    "channel" => "PJSIP/102-00000008",
    "channelstate" => "6",
    "channelstatedesc" => "Up",
    "connectedlinename" => "<unknown>",
    "connectedlinenum" => "101",
    "context" => "org_all",
    "exten" => "102",
    "language" => "en",
    "linkedid" => "1744718985.13",
    "priority" => "2",
    "privilege" => "dialplan,all",
    "uniqueid" => "1744718985.13",
    "value" => "",
    "variable" => "RINGTIME"
  },
  variables: %{}
}
[2025-04-15 12:09:49.839263Z] %ElixirAmi.Event{
  event: "varset",
  source: :asterisk_connection,
  action_id: nil,
  keys: %{
    "accountcode" => "",
    "calleridname" => "102",
    "calleridnum" => "101",
    "channel" => "PJSIP/102-00000008",
    "channelstate" => "6",
    "channelstatedesc" => "Up",
    "connectedlinename" => "<unknown>",
    "connectedlinenum" => "101",
    "context" => "org_all",
    "exten" => "102",
    "language" => "en",
    "linkedid" => "1744718985.13",
    "priority" => "2",
    "privilege" => "dialplan,all",
    "uniqueid" => "1744718985.13",
    "value" => "",
    "variable" => "RINGTIME_MS"
  },
  variables: %{}
}
[2025-04-15 12:09:49.839549Z] %ElixirAmi.Event{
  event: "varset",
  source: :asterisk_connection,
  action_id: nil,
  keys: %{
    "accountcode" => "",
    "calleridname" => "102",
    "calleridnum" => "101",
    "channel" => "PJSIP/102-00000008",
    "channelstate" => "6",
    "channelstatedesc" => "Up",
    "connectedlinename" => "<unknown>",
    "connectedlinenum" => "101",
    "context" => "org_all",
    "exten" => "102",
    "language" => "en",
    "linkedid" => "1744718985.13",
    "priority" => "2",
    "privilege" => "dialplan,all",
    "uniqueid" => "1744718985.13",
    "value" => "",
    "variable" => "PROGRESSTIME"
  },
  variables: %{}
}
[2025-04-15 12:09:49.839803Z] %ElixirAmi.Event{
  event: "varset",
  source: :asterisk_connection,
  action_id: nil,
  keys: %{
    "accountcode" => "",
    "calleridname" => "102",
    "calleridnum" => "101",
    "channel" => "PJSIP/102-00000008",
    "channelstate" => "6",
    "channelstatedesc" => "Up",
    "connectedlinename" => "<unknown>",
    "connectedlinenum" => "101",
    "context" => "org_all",
    "exten" => "102",
    "language" => "en",
    "linkedid" => "1744718985.13",
    "priority" => "2",
    "privilege" => "dialplan,all",
    "uniqueid" => "1744718985.13",
    "value" => "",
    "variable" => "PROGRESSTIME_MS"
  },
  variables: %{}
}
[2025-04-15 12:09:49.840043Z] %ElixirAmi.Event{
  event: "newchannel",
  source: :asterisk_connection,
  action_id: nil,
  keys: %{
    "accountcode" => "",
    "calleridname" => "102",
    "calleridnum" => "102",
    "channel" => "PJSIP/102-00000009",
    "channelstate" => "0",
    "channelstatedesc" => "Down",
    "connectedlinename" => "<unknown>",
    "connectedlinenum" => "<unknown>",
    "context" => "org_all",
    "exten" => "s",
    "language" => "en",
    "linkedid" => "1744718985.13",
    "priority" => "1",
    "privilege" => "call,all",
    "uniqueid" => "1744718989.14"
  },
  variables: %{}
}
[2025-04-15 12:09:49.840450Z] %ElixirAmi.Event{
  event: "varset",
  source: :asterisk_connection,
  action_id: nil,
  keys: %{
    "accountcode" => "",
    "calleridname" => "102",
    "calleridnum" => "102",
    "channel" => "PJSIP/102-00000009",
    "channelstate" => "0",
    "channelstatedesc" => "Down",
    "connectedlinename" => "<unknown>",
    "connectedlinenum" => "<unknown>",
    "context" => "org_all",
    "exten" => "s",
    "language" => "en",
    "linkedid" => "1744718985.13",
    "priority" => "1",
    "privilege" => "dialplan,all",
    "uniqueid" => "1744718989.14",
    "value" => "102",
    "variable" => "DIALEDPEERNUMBER"
  },
  variables: %{}
}
[2025-04-15 12:09:49.840712Z] %ElixirAmi.Event{
  event: "newexten",
  source: :asterisk_connection,
  action_id: nil,
  keys: %{
    "accountcode" => "",
    "appdata" => "(Outgoing Line)",
    "application" => "AppDial",
    "calleridname" => "102",
    "calleridnum" => "102",
    "channel" => "PJSIP/102-00000009",
    "channelstate" => "0",
    "channelstatedesc" => "Down",
    "connectedlinename" => "102",
    "connectedlinenum" => "101",
    "context" => "org_all",
    "exten" => "102",
    "extension" => "102",
    "language" => "en",
    "linkedid" => "1744718985.13",
    "priority" => "1",
    "privilege" => "dialplan,all",
    "uniqueid" => "1744718989.14"
  },
  variables: %{}
}
[2025-04-15 12:09:49.840937Z] %ElixirAmi.Event{
  event: "newconnectedline",
  source: :asterisk_connection,
  action_id: nil,
  keys: %{
    "accountcode" => "",
    "calleridname" => "102",
    "calleridnum" => "102",
    "channel" => "PJSIP/102-00000009",
    "channelstate" => "0",
    "channelstatedesc" => "Down",
    "connectedlinename" => "102",
    "connectedlinenum" => "101",
    "context" => "org_all",
    "exten" => "102",
    "language" => "en",
    "linkedid" => "1744718985.13",
    "priority" => "1",
    "privilege" => "call,all",
    "uniqueid" => "1744718989.14"
  },
  variables: %{}
}
[2025-04-15 12:09:49.841363Z] %ElixirAmi.Event{
  event: "dialbegin",
  source: :asterisk_connection,
  action_id: nil,
  keys: %{
    "accountcode" => "",
    "calleridname" => "102",
    "calleridnum" => "101",
    "channel" => "PJSIP/102-00000008",
    "channelstate" => "6",
    "channelstatedesc" => "Up",
    "connectedlinename" => "<unknown>",
    "connectedlinenum" => "101",
    "context" => "org_all",
    "destaccountcode" => "",
    "destcalleridname" => "102",
    "destcalleridnum" => "102",
    "destchannel" => "PJSIP/102-00000009",
    "destchannelstate" => "0",
    "destchannelstatedesc" => "Down",
    "destconnectedlinename" => "102",
    "destconnectedlinenum" => "101",
    "destcontext" => "org_all",
    "destexten" => "102",
    "destlanguage" => "en",
    "destlinkedid" => "1744718985.13",
    "destpriority" => "1",
    "destuniqueid" => "1744718989.14",
    "dialstring" => "102",
    "exten" => "102",
    "language" => "en",
    "linkedid" => "1744718985.13",
    "priority" => "2",
    "privilege" => "call,all",
    "uniqueid" => "1744718985.13"
  },
  variables: %{}
}
[2025-04-15 12:09:49.841578Z] %ElixirAmi.Event{
  event: "newconnectedline",
  source: :asterisk_connection,
  action_id: nil,
  keys: %{
    "accountcode" => "",
    "calleridname" => "102",
    "calleridnum" => "101",
    "channel" => "PJSIP/102-00000008",
    "channelstate" => "6",
    "channelstatedesc" => "Up",
    "connectedlinename" => "102",
    "connectedlinenum" => "102",
    "context" => "org_all",
    "exten" => "102",
    "language" => "en",
    "linkedid" => "1744718985.13",
    "priority" => "2",
    "privilege" => "call,all",
    "uniqueid" => "1744718985.13"
  },
  variables: %{}
}
[2025-04-15 12:09:49.841981Z] %ElixirAmi.Event{
  event: "hanguprequest",
  source: :asterisk_connection,
  action_id: nil,
  keys: %{
    "accountcode" => "",
    "calleridname" => "102",
    "calleridnum" => "102",
    "cause" => "17",
    "channel" => "PJSIP/102-00000009",
    "channelstate" => "0",
    "channelstatedesc" => "Down",
    "connectedlinename" => "102",
    "connectedlinenum" => "101",
    "context" => "org_all",
    "exten" => "102",
    "language" => "en",
    "linkedid" => "1744718985.13",
    "priority" => "1",
    "privilege" => "call,all",
    "uniqueid" => "1744718989.14"
  },
  variables: %{}
}
[2025-04-15 12:09:49.842463Z] %ElixirAmi.Event{
  event: "dialend",
  source: :asterisk_connection,
  action_id: nil,
  keys: %{
    "accountcode" => "",
    "calleridname" => "102",
    "calleridnum" => "101",
    "channel" => "PJSIP/102-00000008",
    "channelstate" => "6",
    "channelstatedesc" => "Up",
    "connectedlinename" => "102",
    "connectedlinenum" => "102",
    "context" => "org_all",
    "destaccountcode" => "",
    "destcalleridname" => "102",
    "destcalleridnum" => "102",
    "destchannel" => "PJSIP/102-00000009",
    "destchannelstate" => "0",
    "destchannelstatedesc" => "Down",
    "destconnectedlinename" => "102",
    "destconnectedlinenum" => "101",
    "destcontext" => "org_all",
    "destexten" => "102",
    "destlanguage" => "en",
    "destlinkedid" => "1744718985.13",
    "destpriority" => "1",
    "destuniqueid" => "1744718989.14",
    "dialstatus" => "BUSY",
    "exten" => "102",
    "language" => "en",
    "linkedid" => "1744718985.13",
    "priority" => "2",
    "privilege" => "call,all",
    "uniqueid" => "1744718985.13"
  },
  variables: %{}
}
[2025-04-15 12:09:49.842621Z] %ElixirAmi.Event{
  event: "varset",
  source: :asterisk_connection,
  action_id: nil,
  keys: %{
    "accountcode" => "",
    "calleridname" => "102",
    "calleridnum" => "101",
    "channel" => "PJSIP/102-00000008",
    "channelstate" => "6",
    "channelstatedesc" => "Up",
    "connectedlinename" => "102",
    "connectedlinenum" => "102",
    "context" => "org_all",
    "exten" => "102",
    "language" => "en",
    "linkedid" => "1744718985.13",
    "priority" => "2",
    "privilege" => "dialplan,all",
    "uniqueid" => "1744718985.13",
    "value" => "BUSY",
    "variable" => "DIALSTATUS"
  },
  variables: %{}
}
[2025-04-15 12:09:49.843035Z] %ElixirAmi.Event{
  event: "hangup",
  source: :asterisk_connection,
  action_id: nil,
  keys: %{
    "accountcode" => "",
    "calleridname" => "102",
    "calleridnum" => "102",
    "cause" => "17",
    "cause-txt" => "User busy",
    "channel" => "PJSIP/102-00000009",
    "channelstate" => "0",
    "channelstatedesc" => "Down",
    "connectedlinename" => "102",
    "connectedlinenum" => "101",
    "context" => "org_all",
    "exten" => "102",
    "language" => "en",
    "linkedid" => "1744718985.13",
    "priority" => "1",
    "privilege" => "call,all",
    "uniqueid" => "1744718989.14"
  },
  variables: %{}
}
[2025-04-15 12:09:50.038696Z] %ElixirAmi.Event{
  event: "rtcpreceived",
  source: :asterisk_connection,
  action_id: nil,
  keys: %{
    "pt" => "200(SR)",
    "report0highestsequence" => "5303",
    "mes" => "85.4",
    "privilege" => "reporting,all",
    "channelstatedesc" => "Up",
    "uniqueid" => "1744718985.13",
    "sentntp" => "1744744189.206951",
    "report0fractionlost" => "0",
    "sentpackets" => "10",
    "report0lsr" => "0",
    "linkedid" => "1744718985.13",
    "ssrc" => "0xeba92d7d",
    "exten" => "102",
    "channel" => "PJSIP/102-00000008",
    "report0iajitter" => "0",
    "sentrtp" => "1648",
    "context" => "org_all",
    "connectedlinename" => "102",
    "priority" => "2",
    "rtt" => "0.0000",
    "to" => "192.168.0.16:11473",
    "reportcount" => "1",
    "language" => "en",
    "sentoctets" => "1600",
    "calleridname" => "102",
    "from" => "192.168.0.16:4011",
    "report0cumulativelost" => "0",
    "report0sequencenumbercycles" => "0",
    "calleridnum" => "101",
    "channelstate" => "6",
    "accountcode" => "",
    "report0dlsr" => "0.0000",
    "report0sourcessrc" => "0x78a544df",
    "connectedlinenum" => "102"
  },
  variables: %{}
}
[2025-04-15 12:09:54.687015Z] %ElixirAmi.Event{
  event: "rtcpreceived",
  source: :asterisk_connection,
  action_id: nil,
  keys: %{
    "pt" => "200(SR)",
    "report0highestsequence" => "5535",
    "mes" => "85.4",
    "privilege" => "reporting,all",
    "channelstatedesc" => "Up",
    "uniqueid" => "1744718985.13",
    "sentntp" => "1744744193.855190",
    "report0fractionlost" => "0",
    "sentpackets" => "242",
    "report0lsr" => "0",
    "linkedid" => "1744718985.13",
    "ssrc" => "0xeba92d81",
    "exten" => "102",
    "channel" => "PJSIP/102-00000008",
    "report0iajitter" => "0",
    "sentrtp" => "38840",
    "context" => "org_all",
    "connectedlinename" => "102",
    "priority" => "2",
    "rtt" => "0.0000",
    "to" => "192.168.0.16:11473",
    "reportcount" => "1",
    "language" => "en",
    "sentoctets" => "38720",
    "calleridname" => "102",
    "from" => "192.168.0.16:4011",
    "report0cumulativelost" => "0",
    "report0sequencenumbercycles" => "0",
    "calleridnum" => "101",
    "channelstate" => "6",
    "accountcode" => "",
    "report0dlsr" => "0.0000",
    "report0sourcessrc" => "0x78a544df",
    "connectedlinenum" => "102"
  },
  variables: %{}
}
[2025-04-15 12:09:54.846008Z] %ElixirAmi.Event{
  event: "rtcpsent",
  source: :asterisk_connection,
  action_id: nil,
  keys: %{
    "pt" => "200(SR)",
    "report0highestsequence" => "8359",
    "mes" => "85.4",
    "privilege" => "reporting,all",
    "channelstatedesc" => "Up",
    "uniqueid" => "1744718985.13",
    "sentntp" => "1744718994.845462",
    "report0fractionlost" => "0",
    "sentpackets" => "250",
    "report0lsr" => "763484909",
    "linkedid" => "1744718985.13",
    "ssrc" => "0x78a544df",
    "exten" => "102",
    "channel" => "PJSIP/102-00000008",
    "report0iajitter" => "7",
    "sentrtp" => "40000",
    "context" => "org_all",
    "connectedlinename" => "102",
    "priority" => "2",
    "to" => "192.168.0.16:4011",
    "reportcount" => "1",
    "language" => "en",
    "sentoctets" => "40000",
    "calleridname" => "102",
    "from" => "192.168.0.16:11473",
    "report0cumulativelost" => "0",
    "report0sequencenumbercycles" => "0",
    "calleridnum" => "101",
    "channelstate" => "6",
    "accountcode" => "",
    "report0dlsr" => "0.1580",
    "report0sourcessrc" => "0x21a56193",
    "connectedlinenum" => "102"
  },
  variables: %{}
}
[2025-04-15 12:09:59.529408Z] %ElixirAmi.Event{
  event: "rtcpreceived",
  source: :asterisk_connection,
  action_id: nil,
  keys: %{
    "pt" => "200(SR)",
    "report0highestsequence" => "5777",
    "mes" => "85.4",
    "privilege" => "reporting,all",
    "channelstatedesc" => "Up",
    "uniqueid" => "1744718985.13",
    "sentntp" => "1744744198.697583",
    "report0fractionlost" => "0",
    "sentpackets" => "484",
    "report0lsr" => "3407009904",
    "linkedid" => "1744718985.13",
    "ssrc" => "0xeba92d86",
    "exten" => "102",
    "channel" => "PJSIP/102-00000008",
    "report0iajitter" => "0",
    "sentrtp" => "77576",
    "context" => "org_all",
    "connectedlinename" => "102",
    "priority" => "2",
    "rtt" => "0.0002",
    "to" => "192.168.0.16:11473",
    "reportcount" => "1",
    "language" => "en",
    "sentoctets" => "77440",
    "calleridname" => "102",
    "from" => "192.168.0.16:4011",
    "report0cumulativelost" => "0",
    "report0sequencenumbercycles" => "0",
    "calleridnum" => "101",
    "channelstate" => "6",
    "accountcode" => "",
    "report0dlsr" => "4.6833",
    "report0sourcessrc" => "0x78a544df",
    "connectedlinenum" => "102"
  },
  variables: %{}
}
[2025-04-15 12:09:59.838513Z] %ElixirAmi.Event{
  event: "softhanguprequest",
  source: :asterisk_connection,
  action_id: nil,
  keys: %{
    "accountcode" => "",
    "calleridname" => "102",
    "calleridnum" => "101",
    "cause" => "16",
    "channel" => "PJSIP/102-00000008",
    "channelstate" => "6",
    "channelstatedesc" => "Up",
    "connectedlinename" => "102",
    "connectedlinenum" => "102",
    "context" => "org_all",
    "exten" => "102",
    "language" => "en",
    "linkedid" => "1744718985.13",
    "priority" => "2",
    "privilege" => "call,all",
    "uniqueid" => "1744718985.13"
  },
  variables: %{}
}
[2025-04-15 12:09:59.838718Z] %ElixirAmi.Event{
  event: "varset",
  source: :asterisk_connection,
  action_id: nil,
  keys: %{
    "accountcode" => "",
    "calleridname" => "102",
    "calleridnum" => "101",
    "channel" => "PJSIP/102-00000008",
    "channelstate" => "6",
    "channelstatedesc" => "Up",
    "connectedlinename" => "102",
    "connectedlinenum" => "102",
    "context" => "org_all",
    "exten" => "102",
    "language" => "en",
    "linkedid" => "1744718985.13",
    "priority" => "2",
    "privilege" => "dialplan,all",
    "uniqueid" => "1744718985.13",
    "value" => "ssrc=2024096991;themssrc=564486547;lp=0;rxjitter=0.000000;rxcount=500;txjitter=0.000875;txcount=500;rlp=0;rtt=0.000198;rxmes=85.363974;txmes=85.367289",
    "variable" => "RTPAUDIOQOS"
  },
  variables: %{}
}
[2025-04-15 12:09:59.838942Z] %ElixirAmi.Event{
  event: "varset",
  source: :asterisk_connection,
  action_id: nil,
  keys: %{
    "accountcode" => "",
    "calleridname" => "102",
    "calleridnum" => "101",
    "channel" => "PJSIP/102-00000008",
    "channelstate" => "6",
    "channelstatedesc" => "Up",
    "connectedlinename" => "102",
    "connectedlinenum" => "102",
    "context" => "org_all",
    "exten" => "102",
    "language" => "en",
    "linkedid" => "1744718985.13",
    "priority" => "2",
    "privilege" => "dialplan,all",
    "uniqueid" => "1744718985.13",
    "value" => "minrxjitter=000.000000;maxrxjitter=000.000875;avgrxjitter=000.000785;stdevrxjitter=000.000131;mintxjitter=000.000000;maxtxjitter=000.000000;avgtxjitter=000.000000;stdevtxjitter=000.000000;",
    "variable" => "RTPAUDIOQOSJITTER"
  },
  variables: %{}
}
[2025-04-15 12:09:59.839205Z] %ElixirAmi.Event{
  event: "varset",
  source: :asterisk_connection,
  action_id: nil,
  keys: %{
    "accountcode" => "",
    "calleridname" => "102",
    "calleridnum" => "101",
    "channel" => "PJSIP/102-00000008",
    "channelstate" => "6",
    "channelstatedesc" => "Up",
    "connectedlinename" => "102",
    "connectedlinenum" => "102",
    "context" => "org_all",
    "exten" => "102",
    "language" => "en",
    "linkedid" => "1744718985.13",
    "priority" => "2",
    "privilege" => "dialplan,all",
    "uniqueid" => "1744718985.13",
    "value" => "minrxlost=000.000000;  maxrxlost=000.000000;  avgrxlost=000.000000;  stdevrxlost=000.000000;  mintxlost=000.000000;  maxtxlost=000.000000;  avgtxlost=000.000000;  stdevtxlost=000.000000;",
    "variable" => "RTPAUDIOQOSLOSS"
  },
  variables: %{}
}
[2025-04-15 12:09:59.839488Z] %ElixirAmi.Event{
  event: "varset",
  source: :asterisk_connection,
  action_id: nil,
  keys: %{
    "accountcode" => "",
    "calleridname" => "102",
    "calleridnum" => "101",
    "channel" => "PJSIP/102-00000008",
    "channelstate" => "6",
    "channelstatedesc" => "Up",
    "connectedlinename" => "102",
    "connectedlinenum" => "102",
    "context" => "org_all",
    "exten" => "102",
    "language" => "en",
    "linkedid" => "1744718985.13",
    "priority" => "2",
    "privilege" => "dialplan,all",
    "uniqueid" => "1744718985.13",
    "value" => "minrtt=000.000198;     maxrtt=000.000198;     avgrtt=000.000198;     stdevrtt=000.000000;",
    "variable" => "RTPAUDIOQOSRTT"
  },
  variables: %{}
}
[2025-04-15 12:09:59.839696Z] %ElixirAmi.Event{
  event: "varset",
  source: :asterisk_connection,
  action_id: nil,
  keys: %{
    "accountcode" => "",
    "calleridname" => "102",
    "calleridnum" => "101",
    "channel" => "PJSIP/102-00000008",
    "channelstate" => "6",
    "channelstatedesc" => "Up",
    "connectedlinename" => "102",
    "connectedlinenum" => "102",
    "context" => "org_all",
    "exten" => "102",
    "language" => "en",
    "linkedid" => "1744718985.13",
    "priority" => "2",
    "privilege" => "dialplan,all",
    "uniqueid" => "1744718985.13",
    "value" => "minrxmes=085.367289;   maxrxmes=085.367289;   avgrxmes=085.367289;   stdevrxmes=000.000131;   mintxmes=085.363974;   maxtxmes=085.367289;   avgtxmes=085.366626;   stdevtxmes=000.001326;",
    "variable" => "RTPAUDIOQOSMES"
  },
  variables: %{}
}
[2025-04-15 12:09:59.839850Z] %ElixirAmi.Event{
  event: "newexten",
  source: :asterisk_connection,
  action_id: nil,
  keys: %{
    "accountcode" => "",
    "appdata" => "(Outgoing Line)",
    "application" => "AppDial2",
    "calleridname" => "102",
    "calleridnum" => "101",
    "channel" => "PJSIP/102-00000008",
    "channelstate" => "6",
    "channelstatedesc" => "Up",
    "connectedlinename" => "102",
    "connectedlinenum" => "102",
    "context" => "org_all",
    "exten" => "102",
    "extension" => "102",
    "language" => "en",
    "linkedid" => "1744718985.13",
    "priority" => "3",
    "privilege" => "dialplan,all",
    "uniqueid" => "1744718985.13"
  },
  variables: %{}
}
[2025-04-15 12:09:59.839998Z] %ElixirAmi.Event{
  event: "hangup",
  source: :asterisk_connection,
  action_id: nil,
  keys: %{
    "accountcode" => "",
    "calleridname" => "102",
    "calleridnum" => "101",
    "cause" => "17",
    "cause-txt" => "User busy",
    "channel" => "PJSIP/102-00000008",
    "channelstate" => "6",
    "channelstatedesc" => "Up",
    "connectedlinename" => "102",
    "connectedlinenum" => "102",
    "context" => "org_all",
    "exten" => "102",
    "language" => "en",
    "linkedid" => "1744718985.13",
    "priority" => "3",
    "privilege" => "call,all",
    "uniqueid" => "1744718985.13"
  },
  variables: %{}
}
