[2025-04-15 13:43:36.151382Z] %ElixirAmi.Event{
  event: "newchannel",
  source: :asterisk_connection,
  action_id: nil,
  keys: %{
    "accountcode" => "",
    "calleridname" => "101",
    "calleridnum" => "101",
    "channel" => "PJSIP/101-00000021",
    "channelstate" => "4",
    "channelstatedesc" => "Ring",
    "connectedlinename" => "<unknown>",
    "connectedlinenum" => "<unknown>",
    "context" => "org_all",
    "exten" => "102",
    "language" => "en",
    "linkedid" => "1744724616.54",
    "priority" => "1",
    "privilege" => "call,all",
    "uniqueid" => "1744724616.54"
  },
  variables: %{}
}
[2025-04-15 13:43:36.151639Z] %ElixirAmi.Event{
  event: "varset",
  source: :asterisk_connection,
  action_id: nil,
  keys: %{
    "accountcode" => "",
    "calleridname" => "101",
    "calleridnum" => "101",
    "channel" => "PJSIP/101-00000021",
    "channelstate" => "4",
    "channelstatedesc" => "Ring",
    "connectedlinename" => "<unknown>",
    "connectedlinenum" => "<unknown>",
    "context" => "org_all",
    "exten" => "102",
    "language" => "en",
    "linkedid" => "1744724616.54",
    "priority" => "1",
    "privilege" => "dialplan,all",
    "uniqueid" => "1744724616.54",
    "value" => "192.168.0.16",
    "variable" => "SIPDOMAIN"
  },
  variables: %{}
}
[2025-04-15 13:43:36.151974Z] %ElixirAmi.Event{
  event: "newexten",
  source: :asterisk_connection,
  action_id: nil,
  keys: %{
    "accountcode" => "",
    "appdata" => "",
    "application" => "NoOp",
    "calleridname" => "101",
    "calleridnum" => "101",
    "channel" => "PJSIP/101-00000021",
    "channelstate" => "4",
    "channelstatedesc" => "Ring",
    "connectedlinename" => "<unknown>",
    "connectedlinenum" => "<unknown>",
    "context" => "org_all",
    "exten" => "102",
    "extension" => "102",
    "language" => "en",
    "linkedid" => "1744724616.54",
    "priority" => "1",
    "privilege" => "dialplan,all",
    "uniqueid" => "1744724616.54"
  },
  variables: %{}
}
[2025-04-15 13:43:36.152184Z] %ElixirAmi.Event{
  event: "newexten",
  source: :asterisk_connection,
  action_id: nil,
  keys: %{
    "accountcode" => "",
    "appdata" => "PJSIP/102,20,",
    "application" => "Dial",
    "calleridname" => "101",
    "calleridnum" => "101",
    "channel" => "PJSIP/101-00000021",
    "channelstate" => "4",
    "channelstatedesc" => "Ring",
    "connectedlinename" => "<unknown>",
    "connectedlinenum" => "<unknown>",
    "context" => "org_all",
    "exten" => "102",
    "extension" => "102",
    "language" => "en",
    "linkedid" => "1744724616.54",
    "priority" => "2",
    "privilege" => "dialplan,all",
    "uniqueid" => "1744724616.54"
  },
  variables: %{}
}
[2025-04-15 13:43:36.152396Z] %ElixirAmi.Event{
  event: "varset",
  source: :asterisk_connection,
  action_id: nil,
  keys: %{
    "accountcode" => "",
    "calleridname" => "101",
    "calleridnum" => "101",
    "channel" => "PJSIP/101-00000021",
    "channelstate" => "4",
    "channelstatedesc" => "Ring",
    "connectedlinename" => "<unknown>",
    "connectedlinenum" => "<unknown>",
    "context" => "org_all",
    "exten" => "102",
    "language" => "en",
    "linkedid" => "1744724616.54",
    "priority" => "2",
    "privilege" => "dialplan,all",
    "uniqueid" => "1744724616.54",
    "value" => "",
    "variable" => "DIALSTATUS"
  },
  variables: %{}
}
[2025-04-15 13:43:36.152710Z] %ElixirAmi.Event{
  event: "varset",
  source: :asterisk_connection,
  action_id: nil,
  keys: %{
    "accountcode" => "",
    "calleridname" => "101",
    "calleridnum" => "101",
    "channel" => "PJSIP/101-00000021",
    "channelstate" => "4",
    "channelstatedesc" => "Ring",
    "connectedlinename" => "<unknown>",
    "connectedlinenum" => "<unknown>",
    "context" => "org_all",
    "exten" => "102",
    "language" => "en",
    "linkedid" => "1744724616.54",
    "priority" => "2",
    "privilege" => "dialplan,all",
    "uniqueid" => "1744724616.54",
    "value" => "",
    "variable" => "DIALEDPEERNUMBER"
  },
  variables: %{}
}
[2025-04-15 13:43:36.152985Z] %ElixirAmi.Event{
  event: "varset",
  source: :asterisk_connection,
  action_id: nil,
  keys: %{
    "accountcode" => "",
    "calleridname" => "101",
    "calleridnum" => "101",
    "channel" => "PJSIP/101-00000021",
    "channelstate" => "4",
    "channelstatedesc" => "Ring",
    "connectedlinename" => "<unknown>",
    "connectedlinenum" => "<unknown>",
    "context" => "org_all",
    "exten" => "102",
    "language" => "en",
    "linkedid" => "1744724616.54",
    "priority" => "2",
    "privilege" => "dialplan,all",
    "uniqueid" => "1744724616.54",
    "value" => "",
    "variable" => "DIALEDPEERNAME"
  },
  variables: %{}
}
[2025-04-15 13:43:36.153253Z] %ElixirAmi.Event{
  event: "varset",
  source: :asterisk_connection,
  action_id: nil,
  keys: %{
    "accountcode" => "",
    "calleridname" => "101",
    "calleridnum" => "101",
    "channel" => "PJSIP/101-00000021",
    "channelstate" => "4",
    "channelstatedesc" => "Ring",
    "connectedlinename" => "<unknown>",
    "connectedlinenum" => "<unknown>",
    "context" => "org_all",
    "exten" => "102",
    "language" => "en",
    "linkedid" => "1744724616.54",
    "priority" => "2",
    "privilege" => "dialplan,all",
    "uniqueid" => "1744724616.54",
    "value" => "",
    "variable" => "ANSWEREDTIME"
  },
  variables: %{}
}
[2025-04-15 13:43:36.153484Z] %ElixirAmi.Event{
  event: "varset",
  source: :asterisk_connection,
  action_id: nil,
  keys: %{
    "accountcode" => "",
    "calleridname" => "101",
    "calleridnum" => "101",
    "channel" => "PJSIP/101-00000021",
    "channelstate" => "4",
    "channelstatedesc" => "Ring",
    "connectedlinename" => "<unknown>",
    "connectedlinenum" => "<unknown>",
    "context" => "org_all",
    "exten" => "102",
    "language" => "en",
    "linkedid" => "1744724616.54",
    "priority" => "2",
    "privilege" => "dialplan,all",
    "uniqueid" => "1744724616.54",
    "value" => "",
    "variable" => "ANSWEREDTIME_MS"
  },
  variables: %{}
}
[2025-04-15 13:43:36.153835Z] %ElixirAmi.Event{
  event: "varset",
  source: :asterisk_connection,
  action_id: nil,
  keys: %{
    "accountcode" => "",
    "calleridname" => "101",
    "calleridnum" => "101",
    "channel" => "PJSIP/101-00000021",
    "channelstate" => "4",
    "channelstatedesc" => "Ring",
    "connectedlinename" => "<unknown>",
    "connectedlinenum" => "<unknown>",
    "context" => "org_all",
    "exten" => "102",
    "language" => "en",
    "linkedid" => "1744724616.54",
    "priority" => "2",
    "privilege" => "dialplan,all",
    "uniqueid" => "1744724616.54",
    "value" => "",
    "variable" => "DIALEDTIME"
  },
  variables: %{}
}
[2025-04-15 13:43:36.154164Z] %ElixirAmi.Event{
  event: "varset",
  source: :asterisk_connection,
  action_id: nil,
  keys: %{
    "accountcode" => "",
    "calleridname" => "101",
    "calleridnum" => "101",
    "channel" => "PJSIP/101-00000021",
    "channelstate" => "4",
    "channelstatedesc" => "Ring",
    "connectedlinename" => "<unknown>",
    "connectedlinenum" => "<unknown>",
    "context" => "org_all",
    "exten" => "102",
    "language" => "en",
    "linkedid" => "1744724616.54",
    "priority" => "2",
    "privilege" => "dialplan,all",
    "uniqueid" => "1744724616.54",
    "value" => "",
    "variable" => "DIALEDTIME_MS"
  },
  variables: %{}
}
[2025-04-15 13:43:36.154375Z] %ElixirAmi.Event{
  event: "varset",
  source: :asterisk_connection,
  action_id: nil,
  keys: %{
    "accountcode" => "",
    "calleridname" => "101",
    "calleridnum" => "101",
    "channel" => "PJSIP/101-00000021",
    "channelstate" => "4",
    "channelstatedesc" => "Ring",
    "connectedlinename" => "<unknown>",
    "connectedlinenum" => "<unknown>",
    "context" => "org_all",
    "exten" => "102",
    "language" => "en",
    "linkedid" => "1744724616.54",
    "priority" => "2",
    "privilege" => "dialplan,all",
    "uniqueid" => "1744724616.54",
    "value" => "",
    "variable" => "RINGTIME"
  },
  variables: %{}
}
[2025-04-15 13:43:36.154585Z] %ElixirAmi.Event{
  event: "varset",
  source: :asterisk_connection,
  action_id: nil,
  keys: %{
    "accountcode" => "",
    "calleridname" => "101",
    "calleridnum" => "101",
    "channel" => "PJSIP/101-00000021",
    "channelstate" => "4",
    "channelstatedesc" => "Ring",
    "connectedlinename" => "<unknown>",
    "connectedlinenum" => "<unknown>",
    "context" => "org_all",
    "exten" => "102",
    "language" => "en",
    "linkedid" => "1744724616.54",
    "priority" => "2",
    "privilege" => "dialplan,all",
    "uniqueid" => "1744724616.54",
    "value" => "",
    "variable" => "RINGTIME_MS"
  },
  variables: %{}
}
[2025-04-15 13:43:36.154822Z] %ElixirAmi.Event{
  event: "varset",
  source: :asterisk_connection,
  action_id: nil,
  keys: %{
    "accountcode" => "",
    "calleridname" => "101",
    "calleridnum" => "101",
    "channel" => "PJSIP/101-00000021",
    "channelstate" => "4",
    "channelstatedesc" => "Ring",
    "connectedlinename" => "<unknown>",
    "connectedlinenum" => "<unknown>",
    "context" => "org_all",
    "exten" => "102",
    "language" => "en",
    "linkedid" => "1744724616.54",
    "priority" => "2",
    "privilege" => "dialplan,all",
    "uniqueid" => "1744724616.54",
    "value" => "",
    "variable" => "PROGRESSTIME"
  },
  variables: %{}
}
[2025-04-15 13:43:36.155157Z] %ElixirAmi.Event{
  event: "varset",
  source: :asterisk_connection,
  action_id: nil,
  keys: %{
    "accountcode" => "",
    "calleridname" => "101",
    "calleridnum" => "101",
    "channel" => "PJSIP/101-00000021",
    "channelstate" => "4",
    "channelstatedesc" => "Ring",
    "connectedlinename" => "<unknown>",
    "connectedlinenum" => "<unknown>",
    "context" => "org_all",
    "exten" => "102",
    "language" => "en",
    "linkedid" => "1744724616.54",
    "priority" => "2",
    "privilege" => "dialplan,all",
    "uniqueid" => "1744724616.54",
    "value" => "",
    "variable" => "PROGRESSTIME_MS"
  },
  variables: %{}
}
[2025-04-15 13:43:36.155306Z] %ElixirAmi.Event{
  event: "newchannel",
  source: :asterisk_connection,
  action_id: nil,
  keys: %{
    "accountcode" => "",
    "calleridname" => "102",
    "calleridnum" => "102",
    "channel" => "PJSIP/102-00000022",
    "channelstate" => "0",
    "channelstatedesc" => "Down",
    "connectedlinename" => "<unknown>",
    "connectedlinenum" => "<unknown>",
    "context" => "org_all",
    "exten" => "s",
    "language" => "en",
    "linkedid" => "1744724616.54",
    "priority" => "1",
    "privilege" => "call,all",
    "uniqueid" => "1744724616.55"
  },
  variables: %{}
}
[2025-04-15 13:43:36.155594Z] %ElixirAmi.Event{
  event: "varset",
  source: :asterisk_connection,
  action_id: nil,
  keys: %{
    "accountcode" => "",
    "calleridname" => "102",
    "calleridnum" => "102",
    "channel" => "PJSIP/102-00000022",
    "channelstate" => "0",
    "channelstatedesc" => "Down",
    "connectedlinename" => "<unknown>",
    "connectedlinenum" => "<unknown>",
    "context" => "org_all",
    "exten" => "s",
    "language" => "en",
    "linkedid" => "1744724616.54",
    "priority" => "1",
    "privilege" => "dialplan,all",
    "uniqueid" => "1744724616.55",
    "value" => "102",
    "variable" => "DIALEDPEERNUMBER"
  },
  variables: %{}
}
[2025-04-15 13:43:36.155746Z] %ElixirAmi.Event{
  event: "newexten",
  source: :asterisk_connection,
  action_id: nil,
  keys: %{
    "accountcode" => "",
    "appdata" => "(Outgoing Line)",
    "application" => "AppDial",
    "calleridname" => "102",
    "calleridnum" => "102",
    "channel" => "PJSIP/102-00000022",
    "channelstate" => "0",
    "channelstatedesc" => "Down",
    "connectedlinename" => "101",
    "connectedlinenum" => "101",
    "context" => "org_all",
    "exten" => "102",
    "extension" => "102",
    "language" => "en",
    "linkedid" => "1744724616.54",
    "priority" => "1",
    "privilege" => "dialplan,all",
    "uniqueid" => "1744724616.55"
  },
  variables: %{}
}
[2025-04-15 13:43:36.155893Z] %ElixirAmi.Event{
  event: "newconnectedline",
  source: :asterisk_connection,
  action_id: nil,
  keys: %{
    "accountcode" => "",
    "calleridname" => "102",
    "calleridnum" => "102",
    "channel" => "PJSIP/102-00000022",
    "channelstate" => "0",
    "channelstatedesc" => "Down",
    "connectedlinename" => "101",
    "connectedlinenum" => "101",
    "context" => "org_all",
    "exten" => "102",
    "language" => "en",
    "linkedid" => "1744724616.54",
    "priority" => "1",
    "privilege" => "call,all",
    "uniqueid" => "1744724616.55"
  },
  variables: %{}
}
[2025-04-15 13:43:36.156190Z] %ElixirAmi.Event{
  event: "dialbegin",
  source: :asterisk_connection,
  action_id: nil,
  keys: %{
    "accountcode" => "",
    "calleridname" => "101",
    "calleridnum" => "101",
    "channel" => "PJSIP/101-00000021",
    "channelstate" => "4",
    "channelstatedesc" => "Ring",
    "connectedlinename" => "<unknown>",
    "connectedlinenum" => "<unknown>",
    "context" => "org_all",
    "destaccountcode" => "",
    "destcalleridname" => "102",
    "destcalleridnum" => "102",
    "destchannel" => "PJSIP/102-00000022",
    "destchannelstate" => "0",
    "destchannelstatedesc" => "Down",
    "destconnectedlinename" => "101",
    "destconnectedlinenum" => "101",
    "destcontext" => "org_all",
    "destexten" => "102",
    "destlanguage" => "en",
    "destlinkedid" => "1744724616.54",
    "destpriority" => "1",
    "destuniqueid" => "1744724616.55",
    "dialstring" => "102",
    "exten" => "102",
    "language" => "en",
    "linkedid" => "1744724616.54",
    "priority" => "2",
    "privilege" => "call,all",
    "uniqueid" => "1744724616.54"
  },
  variables: %{}
}
[2025-04-15 13:43:36.156588Z] %ElixirAmi.Event{
  event: "newconnectedline",
  source: :asterisk_connection,
  action_id: nil,
  keys: %{
    "accountcode" => "",
    "calleridname" => "101",
    "calleridnum" => "101",
    "channel" => "PJSIP/101-00000021",
    "channelstate" => "4",
    "channelstatedesc" => "Ring",
    "connectedlinename" => "102",
    "connectedlinenum" => "102",
    "context" => "org_all",
    "exten" => "102",
    "language" => "en",
    "linkedid" => "1744724616.54",
    "priority" => "2",
    "privilege" => "call,all",
    "uniqueid" => "1744724616.54"
  },
  variables: %{}
}
[2025-04-15 13:43:36.158059Z] %ElixirAmi.Event{
  event: "newstate",
  source: :asterisk_connection,
  action_id: nil,
  keys: %{
    "accountcode" => "",
    "calleridname" => "102",
    "calleridnum" => "102",
    "channel" => "PJSIP/102-00000022",
    "channelstate" => "5",
    "channelstatedesc" => "Ringing",
    "connectedlinename" => "101",
    "connectedlinenum" => "101",
    "context" => "org_all",
    "exten" => "102",
    "language" => "en",
    "linkedid" => "1744724616.54",
    "priority" => "1",
    "privilege" => "call,all",
    "uniqueid" => "1744724616.55"
  },
  variables: %{}
}
[2025-04-15 13:43:36.158304Z] %ElixirAmi.Event{
  event: "varset",
  source: :asterisk_connection,
  action_id: nil,
  keys: %{
    "accountcode" => "",
    "calleridname" => "101",
    "calleridnum" => "101",
    "channel" => "PJSIP/101-00000021",
    "channelstate" => "4",
    "channelstatedesc" => "Ring",
    "connectedlinename" => "102",
    "connectedlinenum" => "102",
    "context" => "org_all",
    "exten" => "102",
    "language" => "en",
    "linkedid" => "1744724616.54",
    "priority" => "2",
    "privilege" => "dialplan,all",
    "uniqueid" => "1744724616.54",
    "value" => "0",
    "variable" => "RINGTIME"
  },
  variables: %{}
}
[2025-04-15 13:43:36.158448Z] %ElixirAmi.Event{
  event: "varset",
  source: :asterisk_connection,
  action_id: nil,
  keys: %{
    "accountcode" => "",
    "calleridname" => "101",
    "calleridnum" => "101",
    "channel" => "PJSIP/101-00000021",
    "channelstate" => "4",
    "channelstatedesc" => "Ring",
    "connectedlinename" => "102",
    "connectedlinenum" => "102",
    "context" => "org_all",
    "exten" => "102",
    "language" => "en",
    "linkedid" => "1744724616.54",
    "priority" => "2",
    "privilege" => "dialplan,all",
    "uniqueid" => "1744724616.54",
    "value" => "6",
    "variable" => "RINGTIME_MS"
  },
  variables: %{}
}
[2025-04-15 13:43:36.158774Z] %ElixirAmi.Event{
  event: "dialstate",
  source: :asterisk_connection,
  action_id: nil,
  keys: %{
    "accountcode" => "",
    "calleridname" => "101",
    "calleridnum" => "101",
    "channel" => "PJSIP/101-00000021",
    "channelstate" => "4",
    "channelstatedesc" => "Ring",
    "connectedlinename" => "102",
    "connectedlinenum" => "102",
    "context" => "org_all",
    "destaccountcode" => "",
    "destcalleridname" => "102",
    "destcalleridnum" => "102",
    "destchannel" => "PJSIP/102-00000022",
    "destchannelstate" => "5",
    "destchannelstatedesc" => "Ringing",
    "destconnectedlinename" => "101",
    "destconnectedlinenum" => "101",
    "destcontext" => "org_all",
    "destexten" => "102",
    "destlanguage" => "en",
    "destlinkedid" => "1744724616.54",
    "destpriority" => "1",
    "destuniqueid" => "1744724616.55",
    "dialstatus" => "RINGING",
    "exten" => "102",
    "language" => "en",
    "linkedid" => "1744724616.54",
    "priority" => "2",
    "privilege" => "call,all",
    "uniqueid" => "1744724616.54"
  },
  variables: %{}
}
[2025-04-15 13:43:37.263540Z] %ElixirAmi.Event{
  event: "rtcpreceived",
  source: :asterisk_connection,
  action_id: nil,
  keys: %{
    "accountcode" => "",
    "calleridname" => "102",
    "calleridnum" => "102",
    "channel" => "PJSIP/102-00000022",
    "channelstate" => "5",
    "channelstatedesc" => "Ringing",
    "connectedlinename" => "101",
    "connectedlinenum" => "101",
    "context" => "org_all",
    "exten" => "102",
    "from" => "192.168.0.16:4045",
    "language" => "en",
    "linkedid" => "1744724616.54",
    "mes" => "85.4",
    "priority" => "1",
    "privilege" => "reporting,all",
    "pt" => "201(RR)",
    "report0cumulativelost" => "0",
    "report0dlsr" => "0.0000",
    "report0fractionlost" => "0",
    "report0highestsequence" => "0",
    "report0iajitter" => "0",
    "report0lsr" => "0",
    "report0sequencenumbercycles" => "0",
    "report0sourcessrc" => "0x00000000",
    "reportcount" => "1",
    "rtt" => "0.0000",
    "ssrc" => "0x00000000",
    "to" => "192.168.0.16:17309",
    "uniqueid" => "1744724616.55"
  },
  variables: %{}
}
[2025-04-15 13:43:37.263888Z] %ElixirAmi.Event{
  event: "rtcpreceived",
  source: :asterisk_connection,
  action_id: nil,
  keys: %{
    "accountcode" => "",
    "calleridname" => "102",
    "calleridnum" => "102",
    "channel" => "PJSIP/102-00000022",
    "channelstate" => "5",
    "channelstatedesc" => "Ringing",
    "connectedlinename" => "101",
    "connectedlinenum" => "101",
    "context" => "org_all",
    "exten" => "102",
    "from" => "192.168.0.16:4045",
    "language" => "en",
    "linkedid" => "1744724616.54",
    "mes" => "85.4",
    "priority" => "1",
    "privilege" => "reporting,all",
    "pt" => "201(RR)",
    "report0cumulativelost" => "0",
    "report0dlsr" => "0.0000",
    "report0fractionlost" => "0",
    "report0highestsequence" => "0",
    "report0iajitter" => "0",
    "report0lsr" => "0",
    "report0sequencenumbercycles" => "0",
    "report0sourcessrc" => "0x00000000",
    "reportcount" => "1",
    "rtt" => "0.0000",
    "ssrc" => "0x00000000",
    "to" => "192.168.0.16:17309",
    "uniqueid" => "1744724616.55"
  },
  variables: %{}
}
[2025-04-15 13:43:37.264117Z] %ElixirAmi.Event{
  event: "newstate",
  source: :asterisk_connection,
  action_id: nil,
  keys: %{
    "accountcode" => "",
    "calleridname" => "102",
    "calleridnum" => "102",
    "channel" => "PJSIP/102-00000022",
    "channelstate" => "6",
    "channelstatedesc" => "Up",
    "connectedlinename" => "101",
    "connectedlinenum" => "101",
    "context" => "org_all",
    "exten" => "102",
    "language" => "en",
    "linkedid" => "1744724616.54",
    "priority" => "1",
    "privilege" => "call,all",
    "uniqueid" => "1744724616.55"
  },
  variables: %{}
}
[2025-04-15 13:43:37.264291Z] %ElixirAmi.Event{
  event: "varset",
  source: :asterisk_connection,
  action_id: nil,
  keys: %{
    "accountcode" => "",
    "calleridname" => "101",
    "calleridnum" => "101",
    "channel" => "PJSIP/101-00000021",
    "channelstate" => "4",
    "channelstatedesc" => "Ring",
    "connectedlinename" => "102",
    "connectedlinenum" => "102",
    "context" => "org_all",
    "exten" => "102",
    "language" => "en",
    "linkedid" => "1744724616.54",
    "priority" => "2",
    "privilege" => "dialplan,all",
    "uniqueid" => "1744724616.54",
    "value" => "ANSWER",
    "variable" => "DIALSTATUS"
  },
  variables: %{}
}
[2025-04-15 13:43:37.264474Z] %ElixirAmi.Event{
  event: "varset",
  source: :asterisk_connection,
  action_id: nil,
  keys: %{
    "accountcode" => "",
    "calleridname" => "101",
    "calleridnum" => "101",
    "channel" => "PJSIP/101-00000021",
    "channelstate" => "4",
    "channelstatedesc" => "Ring",
    "connectedlinename" => "102",
    "connectedlinenum" => "102",
    "context" => "org_all",
    "exten" => "102",
    "language" => "en",
    "linkedid" => "1744724616.54",
    "priority" => "2",
    "privilege" => "dialplan,all",
    "uniqueid" => "1744724616.54",
    "value" => "PJSIP/102-00000022",
    "variable" => "DIALEDPEERNAME"
  },
  variables: %{}
}
[2025-04-15 13:43:37.264690Z] %ElixirAmi.Event{
  event: "varset",
  source: :asterisk_connection,
  action_id: nil,
  keys: %{
    "accountcode" => "",
    "calleridname" => "101",
    "calleridnum" => "101",
    "channel" => "PJSIP/101-00000021",
    "channelstate" => "4",
    "channelstatedesc" => "Ring",
    "connectedlinename" => "102",
    "connectedlinenum" => "102",
    "context" => "org_all",
    "exten" => "102",
    "language" => "en",
    "linkedid" => "1744724616.54",
    "priority" => "2",
    "privilege" => "dialplan,all",
    "uniqueid" => "1744724616.54",
    "value" => "102",
    "variable" => "DIALEDPEERNUMBER"
  },
  variables: %{}
}
[2025-04-15 13:43:37.265001Z] %ElixirAmi.Event{
  event: "dialend",
  source: :asterisk_connection,
  action_id: nil,
  keys: %{
    "accountcode" => "",
    "calleridname" => "101",
    "calleridnum" => "101",
    "channel" => "PJSIP/101-00000021",
    "channelstate" => "4",
    "channelstatedesc" => "Ring",
    "connectedlinename" => "102",
    "connectedlinenum" => "102",
    "context" => "org_all",
    "destaccountcode" => "",
    "destcalleridname" => "102",
    "destcalleridnum" => "102",
    "destchannel" => "PJSIP/102-00000022",
    "destchannelstate" => "6",
    "destchannelstatedesc" => "Up",
    "destconnectedlinename" => "101",
    "destconnectedlinenum" => "101",
    "destcontext" => "org_all",
    "destexten" => "",
    "destlanguage" => "en",
    "destlinkedid" => "1744724616.54",
    "destpriority" => "1",
    "destuniqueid" => "1744724616.55",
    "dialstatus" => "ANSWER",
    "exten" => "102",
    "language" => "en",
    "linkedid" => "1744724616.54",
    "priority" => "2",
    "privilege" => "call,all",
    "uniqueid" => "1744724616.54"
  },
  variables: %{}
}
[2025-04-15 13:43:37.265127Z] %ElixirAmi.Event{
  event: "newstate",
  source: :asterisk_connection,
  action_id: nil,
  keys: %{
    "accountcode" => "",
    "calleridname" => "101",
    "calleridnum" => "101",
    "channel" => "PJSIP/101-00000021",
    "channelstate" => "6",
    "channelstatedesc" => "Up",
    "connectedlinename" => "102",
    "connectedlinenum" => "102",
    "context" => "org_all",
    "exten" => "102",
    "language" => "en",
    "linkedid" => "1744724616.54",
    "priority" => "2",
    "privilege" => "call,all",
    "uniqueid" => "1744724616.54"
  },
  variables: %{}
}
[2025-04-15 13:43:37.265414Z] %ElixirAmi.Event{
  event: "newexten",
  source: :asterisk_connection,
  action_id: nil,
  keys: %{
    "accountcode" => "",
    "appdata" => "(Outgoing Line)",
    "application" => "AppDial",
    "calleridname" => "102",
    "calleridnum" => "102",
    "channel" => "PJSIP/102-00000022",
    "channelstate" => "6",
    "channelstatedesc" => "Up",
    "connectedlinename" => "101",
    "connectedlinenum" => "101",
    "context" => "org_all",
    "exten" => "",
    "extension" => "",
    "language" => "en",
    "linkedid" => "1744724616.54",
    "priority" => "1",
    "privilege" => "dialplan,all",
    "uniqueid" => "1744724616.55"
  },
  variables: %{}
}
[2025-04-15 13:43:37.265644Z] %ElixirAmi.Event{
  event: "bridgeenter",
  source: :asterisk_connection,
  action_id: nil,
  keys: %{
    "accountcode" => "",
    "bridgecreator" => "<unknown>",
    "bridgename" => "<unknown>",
    "bridgenumchannels" => "1",
    "bridgetechnology" => "simple_bridge",
    "bridgetype" => "basic",
    "bridgeuniqueid" => "7fca998b-9b75-41e0-a32f-1c4b111081fe",
    "bridgevideosourcemode" => "none",
    "calleridname" => "102",
    "calleridnum" => "102",
    "channel" => "PJSIP/102-00000022",
    "channelstate" => "6",
    "channelstatedesc" => "Up",
    "connectedlinename" => "101",
    "connectedlinenum" => "101",
    "context" => "org_all",
    "exten" => "",
    "language" => "en",
    "linkedid" => "1744724616.54",
    "priority" => "1",
    "privilege" => "call,all",
    "uniqueid" => "1744724616.55"
  },
  variables: %{}
}
[2025-04-15 13:43:37.265855Z] %ElixirAmi.Event{
  event: "bridgeenter",
  source: :asterisk_connection,
  action_id: nil,
  keys: %{
    "accountcode" => "",
    "bridgecreator" => "<unknown>",
    "bridgename" => "<unknown>",
    "bridgenumchannels" => "2",
    "bridgetechnology" => "simple_bridge",
    "bridgetype" => "basic",
    "bridgeuniqueid" => "7fca998b-9b75-41e0-a32f-1c4b111081fe",
    "bridgevideosourcemode" => "none",
    "calleridname" => "101",
    "calleridnum" => "101",
    "channel" => "PJSIP/101-00000021",
    "channelstate" => "6",
    "channelstatedesc" => "Up",
    "connectedlinename" => "102",
    "connectedlinenum" => "102",
    "context" => "org_all",
    "exten" => "102",
    "language" => "en",
    "linkedid" => "1744724616.54",
    "priority" => "2",
    "privilege" => "call,all",
    "uniqueid" => "1744724616.54"
  },
  variables: %{}
}
[2025-04-15 13:43:37.266236Z] %ElixirAmi.Event{
  event: "varset",
  source: :asterisk_connection,
  action_id: nil,
  keys: %{
    "accountcode" => "",
    "calleridname" => "101",
    "calleridnum" => "101",
    "channel" => "PJSIP/101-00000021",
    "channelstate" => "6",
    "channelstatedesc" => "Up",
    "connectedlinename" => "102",
    "connectedlinenum" => "102",
    "context" => "org_all",
    "exten" => "102",
    "language" => "en",
    "linkedid" => "1744724616.54",
    "priority" => "2",
    "privilege" => "dialplan,all",
    "uniqueid" => "1744724616.54",
    "value" => "PJSIP/102-00000022",
    "variable" => "BRIDGEPEER"
  },
  variables: %{}
}
[2025-04-15 13:43:37.266558Z] %ElixirAmi.Event{
  event: "varset",
  source: :asterisk_connection,
  action_id: nil,
  keys: %{
    "accountcode" => "",
    "calleridname" => "101",
    "calleridnum" => "101",
    "channel" => "PJSIP/101-00000021",
    "channelstate" => "6",
    "channelstatedesc" => "Up",
    "connectedlinename" => "102",
    "connectedlinenum" => "102",
    "context" => "org_all",
    "exten" => "102",
    "language" => "en",
    "linkedid" => "1744724616.54",
    "priority" => "2",
    "privilege" => "dialplan,all",
    "uniqueid" => "1744724616.54",
    "value" => "f59d690d-42fc-43a8-8b55-5f879bab2ff3",
    "variable" => "BRIDGEPVTCALLID"
  },
  variables: %{}
}
[2025-04-15 13:43:37.266793Z] %ElixirAmi.Event{
  event: "varset",
  source: :asterisk_connection,
  action_id: nil,
  keys: %{
    "accountcode" => "",
    "calleridname" => "102",
    "calleridnum" => "102",
    "channel" => "PJSIP/102-00000022",
    "channelstate" => "6",
    "channelstatedesc" => "Up",
    "connectedlinename" => "101",
    "connectedlinenum" => "101",
    "context" => "org_all",
    "exten" => "",
    "language" => "en",
    "linkedid" => "1744724616.54",
    "priority" => "1",
    "privilege" => "dialplan,all",
    "uniqueid" => "1744724616.55",
    "value" => "PJSIP/101-00000021",
    "variable" => "BRIDGEPEER"
  },
  variables: %{}
}
[2025-04-15 13:43:37.267014Z] %ElixirAmi.Event{
  event: "varset",
  source: :asterisk_connection,
  action_id: nil,
  keys: %{
    "accountcode" => "",
    "calleridname" => "102",
    "calleridnum" => "102",
    "channel" => "PJSIP/102-00000022",
    "channelstate" => "6",
    "channelstatedesc" => "Up",
    "connectedlinename" => "101",
    "connectedlinenum" => "101",
    "context" => "org_all",
    "exten" => "",
    "language" => "en",
    "linkedid" => "1744724616.54",
    "priority" => "1",
    "privilege" => "dialplan,all",
    "uniqueid" => "1744724616.55",
    "value" => "b3c056cc80e14187a8156220a7e01f8f",
    "variable" => "BRIDGEPVTCALLID"
  },
  variables: %{}
}
[2025-04-15 13:43:37.267422Z] %ElixirAmi.Event{
  event: "varset",
  source: :asterisk_connection,
  action_id: nil,
  keys: %{
    "accountcode" => "",
    "calleridname" => "101",
    "calleridnum" => "101",
    "channel" => "PJSIP/101-00000021",
    "channelstate" => "6",
    "channelstatedesc" => "Up",
    "connectedlinename" => "102",
    "connectedlinenum" => "102",
    "context" => "org_all",
    "exten" => "102",
    "language" => "en",
    "linkedid" => "1744724616.54",
    "priority" => "2",
    "privilege" => "dialplan,all",
    "uniqueid" => "1744724616.54",
    "value" => "PJSIP/102-00000022",
    "variable" => "BRIDGEPEER"
  },
  variables: %{}
}
[2025-04-15 13:43:37.267743Z] %ElixirAmi.Event{
  event: "varset",
  source: :asterisk_connection,
  action_id: nil,
  keys: %{
    "accountcode" => "",
    "calleridname" => "101",
    "calleridnum" => "101",
    "channel" => "PJSIP/101-00000021",
    "channelstate" => "6",
    "channelstatedesc" => "Up",
    "connectedlinename" => "102",
    "connectedlinenum" => "102",
    "context" => "org_all",
    "exten" => "102",
    "language" => "en",
    "linkedid" => "1744724616.54",
    "priority" => "2",
    "privilege" => "dialplan,all",
    "uniqueid" => "1744724616.54",
    "value" => "f59d690d-42fc-43a8-8b55-5f879bab2ff3",
    "variable" => "BRIDGEPVTCALLID"
  },
  variables: %{}
}
[2025-04-15 13:43:37.267984Z] %ElixirAmi.Event{
  event: "varset",
  source: :asterisk_connection,
  action_id: nil,
  keys: %{
    "accountcode" => "",
    "calleridname" => "102",
    "calleridnum" => "102",
    "channel" => "PJSIP/102-00000022",
    "channelstate" => "6",
    "channelstatedesc" => "Up",
    "connectedlinename" => "101",
    "connectedlinenum" => "101",
    "context" => "org_all",
    "exten" => "",
    "language" => "en",
    "linkedid" => "1744724616.54",
    "priority" => "1",
    "privilege" => "dialplan,all",
    "uniqueid" => "1744724616.55",
    "value" => "PJSIP/101-00000021",
    "variable" => "BRIDGEPEER"
  },
  variables: %{}
}
[2025-04-15 13:43:37.268207Z] %ElixirAmi.Event{
  event: "varset",
  source: :asterisk_connection,
  action_id: nil,
  keys: %{
    "accountcode" => "",
    "calleridname" => "102",
    "calleridnum" => "102",
    "channel" => "PJSIP/102-00000022",
    "channelstate" => "6",
    "channelstatedesc" => "Up",
    "connectedlinename" => "101",
    "connectedlinenum" => "101",
    "context" => "org_all",
    "exten" => "",
    "language" => "en",
    "linkedid" => "1744724616.54",
    "priority" => "1",
    "privilege" => "dialplan,all",
    "uniqueid" => "1744724616.55",
    "value" => "b3c056cc80e14187a8156220a7e01f8f",
    "variable" => "BRIDGEPVTCALLID"
  },
  variables: %{}
}
[2025-04-15 13:43:37.268439Z] %ElixirAmi.Event{
  event: "varset",
  source: :asterisk_connection,
  action_id: nil,
  keys: %{
    "accountcode" => "",
    "calleridname" => "101",
    "calleridnum" => "101",
    "channel" => "PJSIP/101-00000021",
    "channelstate" => "6",
    "channelstatedesc" => "Up",
    "connectedlinename" => "102",
    "connectedlinenum" => "102",
    "context" => "org_all",
    "exten" => "102",
    "language" => "en",
    "linkedid" => "1744724616.54",
    "priority" => "2",
    "privilege" => "dialplan,all",
    "uniqueid" => "1744724616.54",
    "value" => "PJSIP/102-00000022",
    "variable" => "BRIDGEPEER"
  },
  variables: %{}
}
[2025-04-15 13:43:37.268672Z] %ElixirAmi.Event{
  event: "varset",
  source: :asterisk_connection,
  action_id: nil,
  keys: %{
    "accountcode" => "",
    "calleridname" => "101",
    "calleridnum" => "101",
    "channel" => "PJSIP/101-00000021",
    "channelstate" => "6",
    "channelstatedesc" => "Up",
    "connectedlinename" => "102",
    "connectedlinenum" => "102",
    "context" => "org_all",
    "exten" => "102",
    "language" => "en",
    "linkedid" => "1744724616.54",
    "priority" => "2",
    "privilege" => "dialplan,all",
    "uniqueid" => "1744724616.54",
    "value" => "f59d690d-42fc-43a8-8b55-5f879bab2ff3",
    "variable" => "BRIDGEPVTCALLID"
  },
  variables: %{}
}
[2025-04-15 13:43:37.268890Z] %ElixirAmi.Event{
  event: "varset",
  source: :asterisk_connection,
  action_id: nil,
  keys: %{
    "accountcode" => "",
    "calleridname" => "102",
    "calleridnum" => "102",
    "channel" => "PJSIP/102-00000022",
    "channelstate" => "6",
    "channelstatedesc" => "Up",
    "connectedlinename" => "101",
    "connectedlinenum" => "101",
    "context" => "org_all",
    "exten" => "",
    "language" => "en",
    "linkedid" => "1744724616.54",
    "priority" => "1",
    "privilege" => "dialplan,all",
    "uniqueid" => "1744724616.55",
    "value" => "PJSIP/101-00000021",
    "variable" => "BRIDGEPEER"
  },
  variables: %{}
}
[2025-04-15 13:43:37.269127Z] %ElixirAmi.Event{
  event: "varset",
  source: :asterisk_connection,
  action_id: nil,
  keys: %{
    "accountcode" => "",
    "calleridname" => "102",
    "calleridnum" => "102",
    "channel" => "PJSIP/102-00000022",
    "channelstate" => "6",
    "channelstatedesc" => "Up",
    "connectedlinename" => "101",
    "connectedlinenum" => "101",
    "context" => "org_all",
    "exten" => "",
    "language" => "en",
    "linkedid" => "1744724616.54",
    "priority" => "1",
    "privilege" => "dialplan,all",
    "uniqueid" => "1744724616.55",
    "value" => "b3c056cc80e14187a8156220a7e01f8f",
    "variable" => "BRIDGEPVTCALLID"
  },
  variables: %{}
}
[2025-04-15 13:43:37.269540Z] %ElixirAmi.Event{
  event: "rtcpreceived",
  source: :asterisk_connection,
  action_id: nil,
  keys: %{
    "accountcode" => "",
    "calleridname" => "101",
    "calleridnum" => "101",
    "channel" => "PJSIP/101-00000021",
    "channelstate" => "6",
    "channelstatedesc" => "Up",
    "connectedlinename" => "102",
    "connectedlinenum" => "102",
    "context" => "org_all",
    "exten" => "102",
    "from" => "192.168.0.16:4023",
    "language" => "en",
    "linkedid" => "1744724616.54",
    "mes" => "85.4",
    "priority" => "2",
    "privilege" => "reporting,all",
    "pt" => "201(RR)",
    "report0cumulativelost" => "0",
    "report0dlsr" => "0.0000",
    "report0fractionlost" => "0",
    "report0highestsequence" => "0",
    "report0iajitter" => "0",
    "report0lsr" => "0",
    "report0sequencenumbercycles" => "0",
    "report0sourcessrc" => "0x00000000",
    "reportcount" => "1",
    "rtt" => "0.0000",
    "ssrc" => "0x00000000",
    "to" => "192.168.0.16:17951",
    "uniqueid" => "1744724616.54"
  },
  variables: %{}
}
[2025-04-15 13:43:37.269880Z] %ElixirAmi.Event{
  event: "rtcpreceived",
  source: :asterisk_connection,
  action_id: nil,
  keys: %{
    "accountcode" => "",
    "calleridname" => "101",
    "calleridnum" => "101",
    "channel" => "PJSIP/101-00000021",
    "channelstate" => "6",
    "channelstatedesc" => "Up",
    "connectedlinename" => "102",
    "connectedlinenum" => "102",
    "context" => "org_all",
    "exten" => "102",
    "from" => "192.168.0.16:4023",
    "language" => "en",
    "linkedid" => "1744724616.54",
    "mes" => "85.4",
    "priority" => "2",
    "privilege" => "reporting,all",
    "pt" => "201(RR)",
    "report0cumulativelost" => "0",
    "report0dlsr" => "0.0000",
    "report0fractionlost" => "0",
    "report0highestsequence" => "0",
    "report0iajitter" => "0",
    "report0lsr" => "0",
    "report0sequencenumbercycles" => "0",
    "report0sourcessrc" => "0x00000000",
    "reportcount" => "1",
    "rtt" => "0.0000",
    "ssrc" => "0x00000000",
    "to" => "192.168.0.16:17951",
    "uniqueid" => "1744724616.54"
  },
  variables: %{}
}
[2025-04-15 13:43:37.270210Z] %ElixirAmi.Event{
  event: "varset",
  source: :asterisk_connection,
  action_id: nil,
  keys: %{
    "accountcode" => "",
    "calleridname" => "101",
    "calleridnum" => "101",
    "channel" => "PJSIP/101-00000021",
    "channelstate" => "6",
    "channelstatedesc" => "Up",
    "connectedlinename" => "102",
    "connectedlinenum" => "102",
    "context" => "org_all",
    "exten" => "102",
    "language" => "en",
    "linkedid" => "1744724616.54",
    "priority" => "2",
    "privilege" => "dialplan,all",
    "uniqueid" => "1744724616.54",
    "value" => "/home/rawmn/AsteriskConnector/priv/recordings/101_102_2025-04-151744724616.54.wav",
    "variable" => "MIXMONITOR_FILENAME"
  },
  variables: %{}
}
[2025-04-15 13:43:37.270457Z] %ElixirAmi.Event{
  event: "mixmonitorstart",
  source: :asterisk_connection,
  action_id: nil,
  keys: %{
    "accountcode" => "",
    "calleridname" => "101",
    "calleridnum" => "101",
    "channel" => "PJSIP/101-00000021",
    "channelstate" => "6",
    "channelstatedesc" => "Up",
    "connectedlinename" => "102",
    "connectedlinenum" => "102",
    "context" => "org_all",
    "exten" => "102",
    "language" => "en",
    "linkedid" => "1744724616.54",
    "priority" => "2",
    "privilege" => "call,all",
    "uniqueid" => "1744724616.54"
  },
  variables: %{}
}
[2025-04-15 13:43:37.270651Z] %ElixirAmi.Event{
  event: "varset",
  source: :asterisk_connection,
  action_id: nil,
  keys: %{
    "accountcode" => "",
    "calleridname" => "101",
    "calleridnum" => "101",
    "channel" => "PJSIP/101-00000021",
    "channelstate" => "6",
    "channelstatedesc" => "Up",
    "connectedlinename" => "102",
    "connectedlinenum" => "102",
    "context" => "org_all",
    "exten" => "102",
    "language" => "en",
    "linkedid" => "1744724616.54",
    "priority" => "2",
    "privilege" => "dialplan,all",
    "uniqueid" => "1744724616.54",
    "value" => "PJSIP/102-00000022",
    "variable" => "BRIDGEPEER"
  },
  variables: %{}
}
[2025-04-15 13:43:37.270960Z] %ElixirAmi.Event{
  event: "varset",
  source: :asterisk_connection,
  action_id: nil,
  keys: %{
    "accountcode" => "",
    "calleridname" => "101",
    "calleridnum" => "101",
    "channel" => "PJSIP/101-00000021",
    "channelstate" => "6",
    "channelstatedesc" => "Up",
    "connectedlinename" => "102",
    "connectedlinenum" => "102",
    "context" => "org_all",
    "exten" => "102",
    "language" => "en",
    "linkedid" => "1744724616.54",
    "priority" => "2",
    "privilege" => "dialplan,all",
    "uniqueid" => "1744724616.54",
    "value" => "f59d690d-42fc-43a8-8b55-5f879bab2ff3",
    "variable" => "BRIDGEPVTCALLID"
  },
  variables: %{}
}
[2025-04-15 13:43:37.271323Z] %ElixirAmi.Event{
  event: "varset",
  source: :asterisk_connection,
  action_id: nil,
  keys: %{
    "accountcode" => "",
    "calleridname" => "102",
    "calleridnum" => "102",
    "channel" => "PJSIP/102-00000022",
    "channelstate" => "6",
    "channelstatedesc" => "Up",
    "connectedlinename" => "101",
    "connectedlinenum" => "101",
    "context" => "org_all",
    "exten" => "",
    "language" => "en",
    "linkedid" => "1744724616.54",
    "priority" => "1",
    "privilege" => "dialplan,all",
    "uniqueid" => "1744724616.55",
    "value" => "PJSIP/101-00000021",
    "variable" => "BRIDGEPEER"
  },
  variables: %{}
}
[2025-04-15 13:43:37.271580Z] %ElixirAmi.Event{
  event: "varset",
  source: :asterisk_connection,
  action_id: nil,
  keys: %{
    "accountcode" => "",
    "calleridname" => "102",
    "calleridnum" => "102",
    "channel" => "PJSIP/102-00000022",
    "channelstate" => "6",
    "channelstatedesc" => "Up",
    "connectedlinename" => "101",
    "connectedlinenum" => "101",
    "context" => "org_all",
    "exten" => "",
    "language" => "en",
    "linkedid" => "1744724616.54",
    "priority" => "1",
    "privilege" => "dialplan,all",
    "uniqueid" => "1744724616.55",
    "value" => "b3c056cc80e14187a8156220a7e01f8f",
    "variable" => "BRIDGEPVTCALLID"
  },
  variables: %{}
}
[2025-04-15 13:43:37.271832Z] %ElixirAmi.Event{
  event: "varset",
  source: :asterisk_connection,
  action_id: nil,
  keys: %{
    "accountcode" => "",
    "calleridname" => "101",
    "calleridnum" => "101",
    "channel" => "PJSIP/101-00000021",
    "channelstate" => "6",
    "channelstatedesc" => "Up",
    "connectedlinename" => "102",
    "connectedlinenum" => "102",
    "context" => "org_all",
    "exten" => "102",
    "language" => "en",
    "linkedid" => "1744724616.54",
    "priority" => "2",
    "privilege" => "dialplan,all",
    "uniqueid" => "1744724616.54",
    "value" => "PJSIP/102-00000022",
    "variable" => "BRIDGEPEER"
  },
  variables: %{}
}
[2025-04-15 13:43:37.272108Z] %ElixirAmi.Event{
  event: "varset",
  source: :asterisk_connection,
  action_id: nil,
  keys: %{
    "accountcode" => "",
    "calleridname" => "101",
    "calleridnum" => "101",
    "channel" => "PJSIP/101-00000021",
    "channelstate" => "6",
    "channelstatedesc" => "Up",
    "connectedlinename" => "102",
    "connectedlinenum" => "102",
    "context" => "org_all",
    "exten" => "102",
    "language" => "en",
    "linkedid" => "1744724616.54",
    "priority" => "2",
    "privilege" => "dialplan,all",
    "uniqueid" => "1744724616.54",
    "value" => "f59d690d-42fc-43a8-8b55-5f879bab2ff3",
    "variable" => "BRIDGEPVTCALLID"
  },
  variables: %{}
}
[2025-04-15 13:43:37.272360Z] %ElixirAmi.Event{
  event: "varset",
  source: :asterisk_connection,
  action_id: nil,
  keys: %{
    "accountcode" => "",
    "calleridname" => "102",
    "calleridnum" => "102",
    "channel" => "PJSIP/102-00000022",
    "channelstate" => "6",
    "channelstatedesc" => "Up",
    "connectedlinename" => "101",
    "connectedlinenum" => "101",
    "context" => "org_all",
    "exten" => "",
    "language" => "en",
    "linkedid" => "1744724616.54",
    "priority" => "1",
    "privilege" => "dialplan,all",
    "uniqueid" => "1744724616.55",
    "value" => "PJSIP/101-00000021",
    "variable" => "BRIDGEPEER"
  },
  variables: %{}
}
[2025-04-15 13:43:37.272599Z] %ElixirAmi.Event{
  event: "varset",
  source: :asterisk_connection,
  action_id: nil,
  keys: %{
    "accountcode" => "",
    "calleridname" => "102",
    "calleridnum" => "102",
    "channel" => "PJSIP/102-00000022",
    "channelstate" => "6",
    "channelstatedesc" => "Up",
    "connectedlinename" => "101",
    "connectedlinenum" => "101",
    "context" => "org_all",
    "exten" => "",
    "language" => "en",
    "linkedid" => "1744724616.54",
    "priority" => "1",
    "privilege" => "dialplan,all",
    "uniqueid" => "1744724616.55",
    "value" => "b3c056cc80e14187a8156220a7e01f8f",
    "variable" => "BRIDGEPVTCALLID"
  },
  variables: %{}
}
[2025-04-15 13:43:37.272767Z] %ElixirAmi.Event{
  event: "varset",
  source: :asterisk_connection,
  action_id: nil,
  keys: %{
    "accountcode" => "",
    "calleridname" => "101",
    "calleridnum" => "101",
    "channel" => "PJSIP/101-00000021",
    "channelstate" => "6",
    "channelstatedesc" => "Up",
    "connectedlinename" => "102",
    "connectedlinenum" => "102",
    "context" => "org_all",
    "exten" => "102",
    "language" => "en",
    "linkedid" => "1744724616.54",
    "priority" => "2",
    "privilege" => "dialplan,all",
    "uniqueid" => "1744724616.54",
    "value" => "PJSIP/102-00000022",
    "variable" => "BRIDGEPEER"
  },
  variables: %{}
}
[2025-04-15 13:43:37.273016Z] %ElixirAmi.Event{
  event: "varset",
  source: :asterisk_connection,
  action_id: nil,
  keys: %{
    "accountcode" => "",
    "calleridname" => "101",
    "calleridnum" => "101",
    "channel" => "PJSIP/101-00000021",
    "channelstate" => "6",
    "channelstatedesc" => "Up",
    "connectedlinename" => "102",
    "connectedlinenum" => "102",
    "context" => "org_all",
    "exten" => "102",
    "language" => "en",
    "linkedid" => "1744724616.54",
    "priority" => "2",
    "privilege" => "dialplan,all",
    "uniqueid" => "1744724616.54",
    "value" => "f59d690d-42fc-43a8-8b55-5f879bab2ff3",
    "variable" => "BRIDGEPVTCALLID"
  },
  variables: %{}
}
[2025-04-15 13:43:37.273294Z] %ElixirAmi.Event{
  event: "varset",
  source: :asterisk_connection,
  action_id: nil,
  keys: %{
    "accountcode" => "",
    "calleridname" => "102",
    "calleridnum" => "102",
    "channel" => "PJSIP/102-00000022",
    "channelstate" => "6",
    "channelstatedesc" => "Up",
    "connectedlinename" => "101",
    "connectedlinenum" => "101",
    "context" => "org_all",
    "exten" => "",
    "language" => "en",
    "linkedid" => "1744724616.54",
    "priority" => "1",
    "privilege" => "dialplan,all",
    "uniqueid" => "1744724616.55",
    "value" => "PJSIP/101-00000021",
    "variable" => "BRIDGEPEER"
  },
  variables: %{}
}
[2025-04-15 13:43:37.273555Z] %ElixirAmi.Event{
  event: "varset",
  source: :asterisk_connection,
  action_id: nil,
  keys: %{
    "accountcode" => "",
    "calleridname" => "102",
    "calleridnum" => "102",
    "channel" => "PJSIP/102-00000022",
    "channelstate" => "6",
    "channelstatedesc" => "Up",
    "connectedlinename" => "101",
    "connectedlinenum" => "101",
    "context" => "org_all",
    "exten" => "",
    "language" => "en",
    "linkedid" => "1744724616.54",
    "priority" => "1",
    "privilege" => "dialplan,all",
    "uniqueid" => "1744724616.55",
    "value" => "b3c056cc80e14187a8156220a7e01f8f",
    "variable" => "BRIDGEPVTCALLID"
  },
  variables: %{}
}
[2025-04-15 13:43:37.279355Z] %ElixirAmi.Event{
  event: "varset",
  source: :asterisk_connection,
  action_id: nil,
  keys: %{
    "accountcode" => "",
    "calleridname" => "101",
    "calleridnum" => "101",
    "channel" => "PJSIP/101-00000021",
    "channelstate" => "6",
    "channelstatedesc" => "Up",
    "connectedlinename" => "102",
    "connectedlinenum" => "102",
    "context" => "org_all",
    "exten" => "102",
    "language" => "en",
    "linkedid" => "1744724616.54",
    "priority" => "2",
    "privilege" => "dialplan,all",
    "uniqueid" => "1744724616.54",
    "value" => "PJSIP/102-00000022",
    "variable" => "BRIDGEPEER"
  },
  variables: %{}
}
[2025-04-15 13:43:37.279554Z] %ElixirAmi.Event{
  event: "varset",
  source: :asterisk_connection,
  action_id: nil,
  keys: %{
    "accountcode" => "",
    "calleridname" => "101",
    "calleridnum" => "101",
    "channel" => "PJSIP/101-00000021",
    "channelstate" => "6",
    "channelstatedesc" => "Up",
    "connectedlinename" => "102",
    "connectedlinenum" => "102",
    "context" => "org_all",
    "exten" => "102",
    "language" => "en",
    "linkedid" => "1744724616.54",
    "priority" => "2",
    "privilege" => "dialplan,all",
    "uniqueid" => "1744724616.54",
    "value" => "f59d690d-42fc-43a8-8b55-5f879bab2ff3",
    "variable" => "BRIDGEPVTCALLID"
  },
  variables: %{}
}
[2025-04-15 13:43:37.279752Z] %ElixirAmi.Event{
  event: "varset",
  source: :asterisk_connection,
  action_id: nil,
  keys: %{
    "accountcode" => "",
    "calleridname" => "102",
    "calleridnum" => "102",
    "channel" => "PJSIP/102-00000022",
    "channelstate" => "6",
    "channelstatedesc" => "Up",
    "connectedlinename" => "101",
    "connectedlinenum" => "101",
    "context" => "org_all",
    "exten" => "",
    "language" => "en",
    "linkedid" => "1744724616.54",
    "priority" => "1",
    "privilege" => "dialplan,all",
    "uniqueid" => "1744724616.55",
    "value" => "PJSIP/101-00000021",
    "variable" => "BRIDGEPEER"
  },
  variables: %{}
}
[2025-04-15 13:43:37.279907Z] %ElixirAmi.Event{
  event: "varset",
  source: :asterisk_connection,
  action_id: nil,
  keys: %{
    "accountcode" => "",
    "calleridname" => "102",
    "calleridnum" => "102",
    "channel" => "PJSIP/102-00000022",
    "channelstate" => "6",
    "channelstatedesc" => "Up",
    "connectedlinename" => "101",
    "connectedlinenum" => "101",
    "context" => "org_all",
    "exten" => "",
    "language" => "en",
    "linkedid" => "1744724616.54",
    "priority" => "1",
    "privilege" => "dialplan,all",
    "uniqueid" => "1744724616.55",
    "value" => "b3c056cc80e14187a8156220a7e01f8f",
    "variable" => "BRIDGEPVTCALLID"
  },
  variables: %{}
}
[2025-04-15 13:43:37.461580Z] %ElixirAmi.Event{
  event: "rtcpreceived",
  source: :asterisk_connection,
  action_id: nil,
  keys: %{
    "pt" => "200(SR)",
    "report0highestsequence" => "29513",
    "mes" => "85.4",
    "privilege" => "reporting,all",
    "channelstatedesc" => "Up",
    "uniqueid" => "1744724616.54",
    "sentntp" => "1744749817.197299",
    "report0fractionlost" => "255",
    "sentpackets" => "9",
    "report0lsr" => "0",
    "linkedid" => "1744724616.54",
    "ssrc" => "0xeba94379",
    "exten" => "102",
    "channel" => "PJSIP/101-00000021",
    "report0iajitter" => "0",
    "sentrtp" => "1576",
    "context" => "org_all",
    "connectedlinename" => "102",
    "priority" => "2",
    "rtt" => "0.0000",
    "to" => "192.168.0.16:17951",
    "reportcount" => "1",
    "language" => "en",
    "sentoctets" => "1440",
    "calleridname" => "101",
    "from" => "192.168.0.16:4023",
    "report0cumulativelost" => "0",
    "report0sequencenumbercycles" => "0",
    "calleridnum" => "101",
    "channelstate" => "6",
    "accountcode" => "",
    "report0dlsr" => "0.0000",
    "report0sourcessrc" => "0x7c7e3917",
    "connectedlinenum" => "102"
  },
  variables: %{}
}
[2025-04-15 13:43:37.462650Z] %ElixirAmi.Event{
  event: "rtcpreceived",
  source: :asterisk_connection,
  action_id: nil,
  keys: %{
    "pt" => "200(SR)",
    "report0highestsequence" => "28564",
    "mes" => "85.4",
    "privilege" => "reporting,all",
    "channelstatedesc" => "Up",
    "uniqueid" => "1744724616.55",
    "sentntp" => "1744749817.199975",
    "report0fractionlost" => "0",
    "sentpackets" => "11",
    "report0lsr" => "0",
    "linkedid" => "1744724616.54",
    "ssrc" => "0xeba94379",
    "exten" => "",
    "channel" => "PJSIP/102-00000022",
    "report0iajitter" => "0",
    "sentrtp" => "1592",
    "context" => "org_all",
    "connectedlinename" => "101",
    "priority" => "1",
    "rtt" => "0.0000",
    "to" => "192.168.0.16:17309",
    "reportcount" => "1",
    "language" => "en",
    "sentoctets" => "1760",
    "calleridname" => "102",
    "from" => "192.168.0.16:4045",
    "report0cumulativelost" => "0",
    "report0sequencenumbercycles" => "0",
    "calleridnum" => "102",
    "channelstate" => "6",
    "accountcode" => "",
    "report0dlsr" => "0.0000",
    "report0sourcessrc" => "0x73fe66aa",
    "connectedlinenum" => "101"
  },
  variables: %{}
}
[2025-04-15 13:43:41.917602Z] %ElixirAmi.Event{
  event: "rtcpreceived",
  source: :asterisk_connection,
  action_id: nil,
  keys: %{
    "pt" => "200(SR)",
    "report0highestsequence" => "28787",
    "mes" => "85.4",
    "privilege" => "reporting,all",
    "channelstatedesc" => "Up",
    "uniqueid" => "1744724616.55",
    "sentntp" => "1744749821.654780",
    "report0fractionlost" => "0",
    "sentpackets" => "233",
    "report0lsr" => "0",
    "linkedid" => "1744724616.54",
    "ssrc" => "0xeba9437d",
    "exten" => "",
    "channel" => "PJSIP/102-00000022",
    "report0iajitter" => "6",
    "sentrtp" => "37232",
    "context" => "org_all",
    "connectedlinename" => "101",
    "priority" => "1",
    "rtt" => "0.0000",
    "to" => "192.168.0.16:17309",
    "reportcount" => "1",
    "language" => "en",
    "sentoctets" => "37280",
    "calleridname" => "102",
    "from" => "192.168.0.16:4045",
    "report0cumulativelost" => "0",
    "report0sequencenumbercycles" => "0",
    "calleridnum" => "102",
    "channelstate" => "6",
    "accountcode" => "",
    "report0dlsr" => "0.0000",
    "report0sourcessrc" => "0x73fe66aa",
    "connectedlinenum" => "101"
  },
  variables: %{}
}
[2025-04-15 13:43:42.263994Z] %ElixirAmi.Event{
  event: "rtcpsent",
  source: :asterisk_connection,
  action_id: nil,
  keys: %{
    "pt" => "200(SR)",
    "report0highestsequence" => "8638",
    "mes" => "85.4",
    "privilege" => "reporting,all",
    "channelstatedesc" => "Up",
    "uniqueid" => "1744724616.55",
    "sentntp" => "1744724622.263534",
    "report0fractionlost" => "0",
    "sentpackets" => "250",
    "report0lsr" => "1132308383",
    "linkedid" => "1744724616.54",
    "ssrc" => "0x73fe66aa",
    "exten" => "",
    "channel" => "PJSIP/102-00000022",
    "report0iajitter" => "7",
    "sentrtp" => "40000",
    "context" => "org_all",
    "connectedlinename" => "101",
    "priority" => "1",
    "to" => "192.168.0.16:4045",
    "reportcount" => "1",
    "language" => "en",
    "sentoctets" => "40000",
    "calleridname" => "102",
    "from" => "192.168.0.16:17309",
    "report0cumulativelost" => "0",
    "report0sequencenumbercycles" => "0",
    "calleridnum" => "102",
    "channelstate" => "6",
    "accountcode" => "",
    "report0dlsr" => "0.3460",
    "report0sourcessrc" => "0x7c7e3917",
    "connectedlinenum" => "101"
  },
  variables: %{}
}
[2025-04-15 13:43:42.280966Z] %ElixirAmi.Event{
  event: "rtcpsent",
  source: :asterisk_connection,
  action_id: nil,
  keys: %{
    "pt" => "200(SR)",
    "report0highestsequence" => "2424",
    "mes" => "85.4",
    "privilege" => "reporting,all",
    "channelstatedesc" => "Up",
    "uniqueid" => "1744724616.54",
    "sentntp" => "1744724622.280613",
    "report0fractionlost" => "0",
    "sentpackets" => "252",
    "report0lsr" => "1132016258",
    "linkedid" => "1744724616.54",
    "ssrc" => "0x0e73a67f",
    "exten" => "102",
    "channel" => "PJSIP/101-00000021",
    "report0iajitter" => "7",
    "sentrtp" => "40320",
    "context" => "org_all",
    "connectedlinename" => "102",
    "priority" => "2",
    "to" => "192.168.0.16:4023",
    "reportcount" => "1",
    "language" => "en",
    "sentoctets" => "40320",
    "calleridname" => "101",
    "from" => "192.168.0.16:17951",
    "report0cumulativelost" => "0",
    "report0sequencenumbercycles" => "0",
    "calleridnum" => "101",
    "channelstate" => "6",
    "accountcode" => "",
    "report0dlsr" => "4.8190",
    "report0sourcessrc" => "0x6f6a56de",
    "connectedlinenum" => "102"
  },
  variables: %{}
}
[2025-04-15 13:43:42.478201Z] %ElixirAmi.Event{
  event: "rtcpreceived",
  source: :asterisk_connection,
  action_id: nil,
  keys: %{
    "pt" => "200(SR)",
    "report0highestsequence" => "29763",
    "mes" => "85.4",
    "privilege" => "reporting,all",
    "channelstatedesc" => "Up",
    "uniqueid" => "1744724616.54",
    "sentntp" => "1744749822.213894",
    "report0fractionlost" => "0",
    "sentpackets" => "260",
    "report0lsr" => "3775809494",
    "linkedid" => "1744724616.54",
    "ssrc" => "0xeba9437e",
    "exten" => "102",
    "channel" => "PJSIP/101-00000021",
    "report0iajitter" => "7",
    "sentrtp" => "41704",
    "context" => "org_all",
    "connectedlinename" => "102",
    "priority" => "2",
    "rtt" => "0.0001",
    "to" => "192.168.0.16:17951",
    "reportcount" => "1",
    "language" => "en",
    "sentoctets" => "41600",
    "calleridname" => "101",
    "from" => "192.168.0.16:4023",
    "report0cumulativelost" => "0",
    "report0sequencenumbercycles" => "0",
    "calleridnum" => "101",
    "channelstate" => "6",
    "accountcode" => "",
    "report0dlsr" => "0.1970",
    "report0sourcessrc" => "0x7c7e3917",
    "connectedlinenum" => "102"
  },
  variables: %{}
}
[2025-04-15 13:43:46.577804Z] %ElixirAmi.Event{
  event: "rtcpreceived",
  source: :asterisk_connection,
  action_id: nil,
  keys: %{
    "pt" => "200(SR)",
    "report0highestsequence" => "29020",
    "mes" => "85.4",
    "privilege" => "reporting,all",
    "channelstatedesc" => "Up",
    "uniqueid" => "1744724616.55",
    "sentntp" => "1744749826.314923",
    "report0fractionlost" => "0",
    "sentpackets" => "466",
    "report0lsr" => "3775808374",
    "linkedid" => "1744724616.54",
    "ssrc" => "0xeba94382",
    "exten" => "",
    "channel" => "PJSIP/102-00000022",
    "report0iajitter" => "6",
    "sentrtp" => "74512",
    "context" => "org_all",
    "connectedlinename" => "101",
    "priority" => "1",
    "rtt" => "0.0002",
    "to" => "192.168.0.16:17309",
    "reportcount" => "1",
    "language" => "en",
    "sentoctets" => "74560",
    "calleridname" => "102",
    "from" => "192.168.0.16:4045",
    "report0cumulativelost" => "0",
    "report0sequencenumbercycles" => "0",
    "calleridnum" => "102",
    "channelstate" => "6",
    "accountcode" => "",
    "report0dlsr" => "4.3137",
    "report0sourcessrc" => "0x73fe66aa",
    "connectedlinenum" => "101"
  },
  variables: %{}
}
[2025-04-15 13:43:47.264154Z] %ElixirAmi.Event{
  event: "rtcpsent",
  source: :asterisk_connection,
  action_id: nil,
  keys: %{
    "pt" => "200(SR)",
    "report0highestsequence" => "8888",
    "mes" => "85.4",
    "privilege" => "reporting,all",
    "channelstatedesc" => "Up",
    "uniqueid" => "1744724616.55",
    "sentntp" => "1744724627.263682",
    "report0fractionlost" => "0",
    "sentpackets" => "500",
    "report0lsr" => "1132613790",
    "linkedid" => "1744724616.54",
    "ssrc" => "0x73fe66aa",
    "exten" => "",
    "channel" => "PJSIP/102-00000022",
    "report0iajitter" => "6",
    "sentrtp" => "80000",
    "context" => "org_all",
    "connectedlinename" => "101",
    "priority" => "1",
    "to" => "192.168.0.16:4045",
    "reportcount" => "1",
    "language" => "en",
    "sentoctets" => "80000",
    "calleridname" => "102",
    "from" => "192.168.0.16:17309",
    "report0cumulativelost" => "0",
    "report0sequencenumbercycles" => "0",
    "calleridnum" => "102",
    "channelstate" => "6",
    "accountcode" => "",
    "report0dlsr" => "0.6860",
    "report0sourcessrc" => "0x7c7e3917",
    "connectedlinenum" => "101"
  },
  variables: %{}
}
[2025-04-15 13:43:47.281176Z] %ElixirAmi.Event{
  event: "rtcpsent",
  source: :asterisk_connection,
  action_id: nil,
  keys: %{
    "pt" => "200(SR)",
    "report0highestsequence" => "2674",
    "mes" => "85.4",
    "privilege" => "reporting,all",
    "channelstatedesc" => "Up",
    "uniqueid" => "1744724616.54",
    "sentntp" => "1744724627.280760",
    "report0fractionlost" => "0",
    "sentpackets" => "502",
    "report0lsr" => "1132345025",
    "linkedid" => "1744724616.54",
    "ssrc" => "0x0e73a67f",
    "exten" => "102",
    "channel" => "PJSIP/101-00000021",
    "report0iajitter" => "6",
    "sentrtp" => "80320",
    "context" => "org_all",
    "connectedlinename" => "102",
    "priority" => "2",
    "to" => "192.168.0.16:4023",
    "reportcount" => "1",
    "language" => "en",
    "sentoctets" => "80320",
    "calleridname" => "101",
    "from" => "192.168.0.16:17951",
    "report0cumulativelost" => "0",
    "report0sequencenumbercycles" => "0",
    "calleridnum" => "101",
    "channelstate" => "6",
    "accountcode" => "",
    "report0dlsr" => "4.8030",
    "report0sourcessrc" => "0x6f6a56de",
    "connectedlinenum" => "102"
  },
  variables: %{}
}
[2025-04-15 13:43:47.676996Z] %ElixirAmi.Event{
  event: "rtcpreceived",
  source: :asterisk_connection,
  action_id: nil,
  keys: %{
    "pt" => "200(SR)",
    "report0highestsequence" => "30023",
    "mes" => "85.4",
    "privilege" => "reporting,all",
    "channelstatedesc" => "Up",
    "uniqueid" => "1744724616.54",
    "sentntp" => "1744749827.412563",
    "report0fractionlost" => "0",
    "sentpackets" => "520",
    "report0lsr" => "3776137183",
    "linkedid" => "1744724616.54",
    "ssrc" => "0xeba94383",
    "exten" => "102",
    "channel" => "PJSIP/101-00000021",
    "report0iajitter" => "6",
    "sentrtp" => "83296",
    "context" => "org_all",
    "connectedlinename" => "102",
    "priority" => "2",
    "rtt" => "0.0001",
    "to" => "192.168.0.16:17951",
    "reportcount" => "1",
    "language" => "en",
    "sentoctets" => "83200",
    "calleridname" => "101",
    "from" => "192.168.0.16:4023",
    "report0cumulativelost" => "0",
    "report0sequencenumbercycles" => "0",
    "calleridnum" => "101",
    "channelstate" => "6",
    "accountcode" => "",
    "report0dlsr" => "0.3956",
    "report0sourcessrc" => "0x7c7e3917",
    "connectedlinenum" => "102"
  },
  variables: %{}
}
[2025-04-15 13:43:51.237322Z] %ElixirAmi.Event{
  event: "rtcpreceived",
  source: :asterisk_connection,
  action_id: nil,
  keys: %{
    "pt" => "200(SR)",
    "report0highestsequence" => "29253",
    "mes" => "85.4",
    "privilege" => "reporting,all",
    "channelstatedesc" => "Up",
    "uniqueid" => "1744724616.55",
    "sentntp" => "1744749830.974389",
    "report0fractionlost" => "0",
    "sentpackets" => "699",
    "report0lsr" => "3776136064",
    "linkedid" => "1744724616.54",
    "ssrc" => "0xeba94386",
    "exten" => "",
    "channel" => "PJSIP/102-00000022",
    "report0iajitter" => "6",
    "sentrtp" => "111792",
    "context" => "org_all",
    "connectedlinename" => "101",
    "priority" => "1",
    "rtt" => "0.0002",
    "to" => "192.168.0.16:17309",
    "reportcount" => "1",
    "language" => "en",
    "sentoctets" => "111840",
    "calleridname" => "102",
    "from" => "192.168.0.16:4045",
    "report0cumulativelost" => "0",
    "report0sequencenumbercycles" => "0",
    "calleridnum" => "102",
    "channelstate" => "6",
    "accountcode" => "",
    "report0dlsr" => "3.9730",
    "report0sourcessrc" => "0x73fe66aa",
    "connectedlinenum" => "101"
  },
  variables: %{}
}
[2025-04-15 13:43:52.263327Z] %ElixirAmi.Event{
  event: "rtcpsent",
  source: :asterisk_connection,
  action_id: nil,
  keys: %{
    "pt" => "200(SR)",
    "report0highestsequence" => "9138",
    "mes" => "85.4",
    "privilege" => "reporting,all",
    "channelstatedesc" => "Up",
    "uniqueid" => "1744724616.55",
    "sentntp" => "1744724632.262835",
    "report0fractionlost" => "0",
    "sentpackets" => "750",
    "report0lsr" => "1132919153",
    "linkedid" => "1744724616.54",
    "ssrc" => "0x73fe66aa",
    "exten" => "",
    "channel" => "PJSIP/102-00000022",
    "report0iajitter" => "6",
    "sentrtp" => "120000",
    "context" => "org_all",
    "connectedlinename" => "101",
    "priority" => "1",
    "to" => "192.168.0.16:4045",
    "reportcount" => "1",
    "language" => "en",
    "sentoctets" => "120000",
    "calleridname" => "102",
    "from" => "192.168.0.16:17309",
    "report0cumulativelost" => "0",
    "report0sequencenumbercycles" => "0",
    "calleridnum" => "102",
    "channelstate" => "6",
    "accountcode" => "",
    "report0dlsr" => "1.0250",
    "report0sourcessrc" => "0x7c7e3917",
    "connectedlinenum" => "101"
  },
  variables: %{}
}
[2025-04-15 13:43:52.281351Z] %ElixirAmi.Event{
  event: "rtcpsent",
  source: :asterisk_connection,
  action_id: nil,
  keys: %{
    "pt" => "200(SR)",
    "report0highestsequence" => "2924",
    "mes" => "85.4",
    "privilege" => "reporting,all",
    "channelstatedesc" => "Up",
    "uniqueid" => "1744724616.54",
    "sentntp" => "1744724632.280917",
    "report0fractionlost" => "0",
    "sentpackets" => "752",
    "report0lsr" => "1132685725",
    "linkedid" => "1744724616.54",
    "ssrc" => "0x0e73a67f",
    "exten" => "102",
    "channel" => "PJSIP/101-00000021",
    "report0iajitter" => "7",
    "sentrtp" => "120320",
    "context" => "org_all",
    "connectedlinename" => "102",
    "priority" => "2",
    "to" => "192.168.0.16:4023",
    "reportcount" => "1",
    "language" => "en",
    "sentoctets" => "120320",
    "calleridname" => "101",
    "from" => "192.168.0.16:17951",
    "report0cumulativelost" => "0",
    "report0sequencenumbercycles" => "0",
    "calleridnum" => "101",
    "channelstate" => "6",
    "accountcode" => "",
    "report0dlsr" => "4.6040",
    "report0sourcessrc" => "0x6f6a56de",
    "connectedlinenum" => "102"
  },
  variables: %{}
}
[2025-04-15 13:43:52.876306Z] %ElixirAmi.Event{
  event: "rtcpreceived",
  source: :asterisk_connection,
  action_id: nil,
  keys: %{
    "pt" => "200(SR)",
    "report0highestsequence" => "30283",
    "mes" => "85.4",
    "privilege" => "reporting,all",
    "channelstatedesc" => "Up",
    "uniqueid" => "1744724616.54",
    "sentntp" => "1744749832.611878",
    "report0fractionlost" => "0",
    "sentpackets" => "780",
    "report0lsr" => "3776464874",
    "linkedid" => "1744724616.54",
    "ssrc" => "0xeba94388",
    "exten" => "102",
    "channel" => "PJSIP/101-00000021",
    "report0iajitter" => "6",
    "sentrtp" => "124888",
    "context" => "org_all",
    "connectedlinename" => "102",
    "priority" => "2",
    "rtt" => "0.0001",
    "to" => "192.168.0.16:17951",
    "reportcount" => "1",
    "language" => "en",
    "sentoctets" => "124800",
    "calleridname" => "101",
    "from" => "192.168.0.16:4023",
    "report0cumulativelost" => "0",
    "report0sequencenumbercycles" => "0",
    "calleridnum" => "101",
    "channelstate" => "6",
    "accountcode" => "",
    "report0dlsr" => "0.5948",
    "report0sourcessrc" => "0x7c7e3917",
    "connectedlinenum" => "102"
  },
  variables: %{}
}
[2025-04-15 13:43:54.900214Z] %ElixirAmi.Event{
  event: "rtcpreceived",
  source: :asterisk_connection,
  action_id: nil,
  keys: %{
    "pt" => "200(SR)",
    "report0highestsequence" => "30385",
    "mes" => "85.4",
    "privilege" => "reporting,all",
    "channelstatedesc" => "Up",
    "uniqueid" => "1744724616.54",
    "sentntp" => "1744749834.635554",
    "report0fractionlost" => "0",
    "sentpackets" => "882",
    "report0lsr" => "3776464874",
    "linkedid" => "1744724616.54",
    "ssrc" => "0xeba9438a",
    "exten" => "102",
    "channel" => "PJSIP/101-00000021",
    "report0iajitter" => "6",
    "sentrtp" => "141080",
    "context" => "org_all",
    "connectedlinename" => "102",
    "priority" => "2",
    "rtt" => "0.0001",
    "to" => "192.168.0.16:17951",
    "reportcount" => "1",
    "language" => "en",
    "sentoctets" => "141120",
    "calleridname" => "101",
    "from" => "192.168.0.16:4023",
    "report0cumulativelost" => "0",
    "report0sequencenumbercycles" => "0",
    "calleridnum" => "101",
    "channelstate" => "6",
    "accountcode" => "",
    "report0dlsr" => "2.6185",
    "report0sourcessrc" => "0x7c7e3917",
    "connectedlinenum" => "102"
  },
  variables: %{}
}
[2025-04-15 13:43:54.900884Z] %ElixirAmi.Event{
  event: "rtcpreceived",
  source: :asterisk_connection,
  action_id: nil,
  keys: %{
    "accountcode" => "",
    "calleridname" => "101",
    "calleridnum" => "101",
    "channel" => "PJSIP/101-00000021",
    "channelstate" => "6",
    "channelstatedesc" => "Up",
    "connectedlinename" => "102",
    "connectedlinenum" => "102",
    "context" => "org_all",
    "exten" => "102",
    "from" => "192.168.0.16:4023",
    "language" => "en",
    "linkedid" => "1744724616.54",
    "mes" => "85.4",
    "priority" => "2",
    "privilege" => "reporting,all",
    "pt" => "201(RR)",
    "report0cumulativelost" => "0",
    "report0dlsr" => "2.6185",
    "report0fractionlost" => "0",
    "report0highestsequence" => "30385",
    "report0iajitter" => "6",
    "report0lsr" => "3776464874",
    "report0sequencenumbercycles" => "0",
    "report0sourcessrc" => "0x7c7e3917",
    "reportcount" => "1",
    "rtt" => "0.0001",
    "ssrc" => "0x7c7e3917",
    "to" => "192.168.0.16:17951",
    "uniqueid" => "1744724616.54"
  },
  variables: %{}
}
[2025-04-15 13:43:54.901304Z] %ElixirAmi.Event{
  event: "varset",
  source: :asterisk_connection,
  action_id: nil,
  keys: %{
    "accountcode" => "",
    "calleridname" => "101",
    "calleridnum" => "101",
    "channel" => "PJSIP/101-00000021",
    "channelstate" => "6",
    "channelstatedesc" => "Up",
    "connectedlinename" => "102",
    "connectedlinenum" => "102",
    "context" => "org_all",
    "exten" => "102",
    "language" => "en",
    "linkedid" => "1744724616.54",
    "priority" => "2",
    "privilege" => "dialplan,all",
    "uniqueid" => "1744724616.54",
    "value" => "ssrc=242460287;themssrc=1869240030;lp=0;rxjitter=0.000750;rxcount=882;txjitter=0.000750;txcount=883;rlp=0;rtt=0.000091;rxmes=85.365665;txmes=85.365514",
    "variable" => "RTPAUDIOQOS"
  },
  variables: %{}
}
[2025-04-15 13:43:54.901569Z] %ElixirAmi.Event{
  event: "varset",
  source: :asterisk_connection,
  action_id: nil,
  keys: %{
    "accountcode" => "",
    "calleridname" => "102",
    "calleridnum" => "102",
    "channel" => "PJSIP/102-00000022",
    "channelstate" => "6",
    "channelstatedesc" => "Up",
    "connectedlinename" => "101",
    "connectedlinenum" => "101",
    "context" => "org_all",
    "exten" => "",
    "language" => "en",
    "linkedid" => "1744724616.54",
    "priority" => "1",
    "privilege" => "dialplan,all",
    "uniqueid" => "1744724616.55",
    "value" => "ssrc=242460287;themssrc=1869240030;lp=0;rxjitter=0.000750;rxcount=882;txjitter=0.000750;txcount=883;rlp=0;rtt=0.000091;rxmes=85.365665;txmes=85.365514",
    "variable" => "RTPAUDIOQOSBRIDGED"
  },
  variables: %{}
}
[2025-04-15 13:43:54.901869Z] %ElixirAmi.Event{
  event: "varset",
  source: :asterisk_connection,
  action_id: nil,
  keys: %{
    "accountcode" => "",
    "calleridname" => "101",
    "calleridnum" => "101",
    "channel" => "PJSIP/101-00000021",
    "channelstate" => "6",
    "channelstatedesc" => "Up",
    "connectedlinename" => "102",
    "connectedlinenum" => "102",
    "context" => "org_all",
    "exten" => "102",
    "language" => "en",
    "linkedid" => "1744724616.54",
    "priority" => "2",
    "privilege" => "dialplan,all",
    "uniqueid" => "1744724616.54",
    "value" => "minrxjitter=000.000125;maxrxjitter=000.000875;avgrxjitter=000.000754;stdevrxjitter=000.000093;mintxjitter=000.000000;maxtxjitter=000.000875;avgtxjitter=000.000484;stdevtxjitter=000.000377;",
    "variable" => "RTPAUDIOQOSJITTER"
  },
  variables: %{}
}
[2025-04-15 13:43:54.902141Z] %ElixirAmi.Event{
  event: "varset",
  source: :asterisk_connection,
  action_id: nil,
  keys: %{
    "accountcode" => "",
    "calleridname" => "102",
    "calleridnum" => "102",
    "channel" => "PJSIP/102-00000022",
    "channelstate" => "6",
    "channelstatedesc" => "Up",
    "connectedlinename" => "101",
    "connectedlinenum" => "101",
    "context" => "org_all",
    "exten" => "",
    "language" => "en",
    "linkedid" => "1744724616.54",
    "priority" => "1",
    "privilege" => "dialplan,all",
    "uniqueid" => "1744724616.55",
    "value" => "minrxjitter=000.000125;maxrxjitter=000.000875;avgrxjitter=000.000754;stdevrxjitter=000.000093;mintxjitter=000.000000;maxtxjitter=000.000875;avgtxjitter=000.000484;stdevtxjitter=000.000377;",
    "variable" => "RTPAUDIOQOSJITTERBRIDGED"
  },
  variables: %{}
}
[2025-04-15 13:43:54.902380Z] %ElixirAmi.Event{
  event: "varset",
  source: :asterisk_connection,
  action_id: nil,
  keys: %{
    "accountcode" => "",
    "calleridname" => "101",
    "calleridnum" => "101",
    "channel" => "PJSIP/101-00000021",
    "channelstate" => "6",
    "channelstatedesc" => "Up",
    "connectedlinename" => "102",
    "connectedlinenum" => "102",
    "context" => "org_all",
    "exten" => "102",
    "language" => "en",
    "linkedid" => "1744724616.54",
    "priority" => "2",
    "privilege" => "dialplan,all",
    "uniqueid" => "1744724616.54",
    "value" => "minrxlost=000.000000;  maxrxlost=000.000000;  avgrxlost=000.000000;  stdevrxlost=000.000000;  mintxlost=000.000000;  maxtxlost=000.000000;  avgtxlost=000.000000;  stdevtxlost=000.000000;",
    "variable" => "RTPAUDIOQOSLOSS"
  },
  variables: %{}
}
[2025-04-15 13:43:54.902655Z] %ElixirAmi.Event{
  event: "varset",
  source: :asterisk_connection,
  action_id: nil,
  keys: %{
    "accountcode" => "",
    "calleridname" => "102",
    "calleridnum" => "102",
    "channel" => "PJSIP/102-00000022",
    "channelstate" => "6",
    "channelstatedesc" => "Up",
    "connectedlinename" => "101",
    "connectedlinenum" => "101",
    "context" => "org_all",
    "exten" => "",
    "language" => "en",
    "linkedid" => "1744724616.54",
    "priority" => "1",
    "privilege" => "dialplan,all",
    "uniqueid" => "1744724616.55",
    "value" => "minrxlost=000.000000;  maxrxlost=000.000000;  avgrxlost=000.000000;  stdevrxlost=000.000000;  mintxlost=000.000000;  maxtxlost=000.000000;  avgtxlost=000.000000;  stdevtxlost=000.000000;",
    "variable" => "RTPAUDIOQOSLOSSBRIDGED"
  },
  variables: %{}
}
[2025-04-15 13:43:54.902881Z] %ElixirAmi.Event{
  event: "varset",
  source: :asterisk_connection,
  action_id: nil,
  keys: %{
    "accountcode" => "",
    "calleridname" => "101",
    "calleridnum" => "101",
    "channel" => "PJSIP/101-00000021",
    "channelstate" => "6",
    "channelstatedesc" => "Up",
    "connectedlinename" => "102",
    "connectedlinenum" => "102",
    "context" => "org_all",
    "exten" => "102",
    "language" => "en",
    "linkedid" => "1744724616.54",
    "priority" => "2",
    "privilege" => "dialplan,all",
    "uniqueid" => "1744724616.54",
    "value" => "minrtt=000.000076;     maxrtt=000.000106;     avgrtt=000.000097;     stdevrtt=000.000012;",
    "variable" => "RTPAUDIOQOSRTT"
  },
  variables: %{}
}
[2025-04-15 13:43:54.903091Z] %ElixirAmi.Event{
  event: "varset",
  source: :asterisk_connection,
  action_id: nil,
  keys: %{
    "accountcode" => "",
    "calleridname" => "102",
    "calleridnum" => "102",
    "channel" => "PJSIP/102-00000022",
    "channelstate" => "6",
    "channelstatedesc" => "Up",
    "connectedlinename" => "101",
    "connectedlinenum" => "101",
    "context" => "org_all",
    "exten" => "",
    "language" => "en",
    "linkedid" => "1744724616.54",
    "priority" => "1",
    "privilege" => "dialplan,all",
    "uniqueid" => "1744724616.55",
    "value" => "minrtt=000.000076;     maxrtt=000.000106;     avgrtt=000.000097;     stdevrtt=000.000012;",
    "variable" => "RTPAUDIOQOSRTTBRIDGED"
  },
  variables: %{}
}
[2025-04-15 13:43:54.903323Z] %ElixirAmi.Event{
  event: "varset",
  source: :asterisk_connection,
  action_id: nil,
  keys: %{
    "accountcode" => "",
    "calleridname" => "101",
    "calleridnum" => "101",
    "channel" => "PJSIP/101-00000021",
    "channelstate" => "6",
    "channelstatedesc" => "Up",
    "connectedlinename" => "102",
    "connectedlinenum" => "102",
    "context" => "org_all",
    "exten" => "102",
    "language" => "en",
    "linkedid" => "1744724616.54",
    "priority" => "2",
    "privilege" => "dialplan,all",
    "uniqueid" => "1744724616.54",
    "value" => "minrxmes=085.365514;   maxrxmes=085.367289;   avgrxmes=085.366106;   stdevrxmes=000.000093;   mintxmes=085.365514;   maxtxmes=085.367289;   avgtxmes=085.366235;   stdevtxmes=000.000818;",
    "variable" => "RTPAUDIOQOSMES"
  },
  variables: %{}
}
[2025-04-15 13:43:54.903528Z] %ElixirAmi.Event{
  event: "varset",
  source: :asterisk_connection,
  action_id: nil,
  keys: %{
    "accountcode" => "",
    "calleridname" => "102",
    "calleridnum" => "102",
    "channel" => "PJSIP/102-00000022",
    "channelstate" => "6",
    "channelstatedesc" => "Up",
    "connectedlinename" => "101",
    "connectedlinenum" => "101",
    "context" => "org_all",
    "exten" => "",
    "language" => "en",
    "linkedid" => "1744724616.54",
    "priority" => "1",
    "privilege" => "dialplan,all",
    "uniqueid" => "1744724616.55",
    "value" => "minrxmes=085.365514;   maxrxmes=085.367289;   avgrxmes=085.366106;   stdevrxmes=000.000093;   mintxmes=085.365514;   maxtxmes=085.367289;   avgtxmes=085.366235;   stdevtxmes=000.000818;",
    "variable" => "RTPAUDIOQOSMESBRIDGED"
  },
  variables: %{}
}
[2025-04-15 13:43:54.903732Z] %ElixirAmi.Event{
  event: "hanguprequest",
  source: :asterisk_connection,
  action_id: nil,
  keys: %{
    "accountcode" => "",
    "calleridname" => "101",
    "calleridnum" => "101",
    "channel" => "PJSIP/101-00000021",
    "channelstate" => "6",
    "channelstatedesc" => "Up",
    "connectedlinename" => "102",
    "connectedlinenum" => "102",
    "context" => "org_all",
    "exten" => "102",
    "language" => "en",
    "linkedid" => "1744724616.54",
    "priority" => "2",
    "privilege" => "call,all",
    "uniqueid" => "1744724616.54"
  },
  variables: %{}
}
[2025-04-15 13:43:54.903911Z] %ElixirAmi.Event{
  event: "varset",
  source: :asterisk_connection,
  action_id: nil,
  keys: %{
    "accountcode" => "",
    "calleridname" => "101",
    "calleridnum" => "101",
    "channel" => "PJSIP/101-00000021",
    "channelstate" => "6",
    "channelstatedesc" => "Up",
    "connectedlinename" => "102",
    "connectedlinenum" => "102",
    "context" => "org_all",
    "exten" => "102",
    "language" => "en",
    "linkedid" => "1744724616.54",
    "priority" => "2",
    "privilege" => "dialplan,all",
    "uniqueid" => "1744724616.54",
    "value" => "",
    "variable" => "BRIDGEPEER"
  },
  variables: %{}
}
[2025-04-15 13:43:54.904110Z] %ElixirAmi.Event{
  event: "varset",
  source: :asterisk_connection,
  action_id: nil,
  keys: %{
    "accountcode" => "",
    "calleridname" => "101",
    "calleridnum" => "101",
    "channel" => "PJSIP/101-00000021",
    "channelstate" => "6",
    "channelstatedesc" => "Up",
    "connectedlinename" => "102",
    "connectedlinenum" => "102",
    "context" => "org_all",
    "exten" => "102",
    "language" => "en",
    "linkedid" => "1744724616.54",
    "priority" => "2",
    "privilege" => "dialplan,all",
    "uniqueid" => "1744724616.54",
    "value" => "",
    "variable" => "BRIDGEPVTCALLID"
  },
  variables: %{}
}
[2025-04-15 13:43:54.904253Z] %ElixirAmi.Event{
  event: "varset",
  source: :asterisk_connection,
  action_id: nil,
  keys: %{
    "accountcode" => "",
    "calleridname" => "102",
    "calleridnum" => "102",
    "channel" => "PJSIP/102-00000022",
    "channelstate" => "6",
    "channelstatedesc" => "Up",
    "connectedlinename" => "101",
    "connectedlinenum" => "101",
    "context" => "org_all",
    "exten" => "",
    "language" => "en",
    "linkedid" => "1744724616.54",
    "priority" => "1",
    "privilege" => "dialplan,all",
    "uniqueid" => "1744724616.55",
    "value" => "",
    "variable" => "BRIDGEPEER"
  },
  variables: %{}
}
[2025-04-15 13:43:54.904405Z] %ElixirAmi.Event{
  event: "varset",
  source: :asterisk_connection,
  action_id: nil,
  keys: %{
    "accountcode" => "",
    "calleridname" => "102",
    "calleridnum" => "102",
    "channel" => "PJSIP/102-00000022",
    "channelstate" => "6",
    "channelstatedesc" => "Up",
    "connectedlinename" => "101",
    "connectedlinenum" => "101",
    "context" => "org_all",
    "exten" => "",
    "language" => "en",
    "linkedid" => "1744724616.54",
    "priority" => "1",
    "privilege" => "dialplan,all",
    "uniqueid" => "1744724616.55",
    "value" => "",
    "variable" => "BRIDGEPVTCALLID"
  },
  variables: %{}
}
[2025-04-15 13:43:54.904617Z] %ElixirAmi.Event{
  event: "bridgeleave",
  source: :asterisk_connection,
  action_id: nil,
  keys: %{
    "accountcode" => "",
    "bridgecreator" => "<unknown>",
    "bridgename" => "<unknown>",
    "bridgenumchannels" => "1",
    "bridgetechnology" => "simple_bridge",
    "bridgetype" => "basic",
    "bridgeuniqueid" => "7fca998b-9b75-41e0-a32f-1c4b111081fe",
    "bridgevideosourcemode" => "none",
    "calleridname" => "101",
    "calleridnum" => "101",
    "channel" => "PJSIP/101-00000021",
    "channelstate" => "6",
    "channelstatedesc" => "Up",
    "connectedlinename" => "102",
    "connectedlinenum" => "102",
    "context" => "org_all",
    "exten" => "102",
    "language" => "en",
    "linkedid" => "1744724616.54",
    "priority" => "2",
    "privilege" => "call,all",
    "uniqueid" => "1744724616.54"
  },
  variables: %{}
}
[2025-04-15 13:43:54.904952Z] %ElixirAmi.Event{
  event: "bridgeleave",
  source: :asterisk_connection,
  action_id: nil,
  keys: %{
    "accountcode" => "",
    "bridgecreator" => "<unknown>",
    "bridgename" => "<unknown>",
    "bridgenumchannels" => "0",
    "bridgetechnology" => "simple_bridge",
    "bridgetype" => "basic",
    "bridgeuniqueid" => "7fca998b-9b75-41e0-a32f-1c4b111081fe",
    "bridgevideosourcemode" => "none",
    "calleridname" => "102",
    "calleridnum" => "102",
    "channel" => "PJSIP/102-00000022",
    "channelstate" => "6",
    "channelstatedesc" => "Up",
    "connectedlinename" => "101",
    "connectedlinenum" => "101",
    "context" => "org_all",
    "exten" => "",
    "language" => "en",
    "linkedid" => "1744724616.54",
    "priority" => "1",
    "privilege" => "call,all",
    "uniqueid" => "1744724616.55"
  },
  variables: %{}
}
[2025-04-15 13:43:54.905266Z] %ElixirAmi.Event{
  event: "varset",
  source: :asterisk_connection,
  action_id: nil,
  keys: %{
    "accountcode" => "",
    "calleridname" => "101",
    "calleridnum" => "101",
    "channel" => "PJSIP/101-00000021",
    "channelstate" => "6",
    "channelstatedesc" => "Up",
    "connectedlinename" => "102",
    "connectedlinenum" => "102",
    "context" => "org_all",
    "exten" => "102",
    "language" => "en",
    "linkedid" => "1744724616.54",
    "priority" => "2",
    "privilege" => "dialplan,all",
    "uniqueid" => "1744724616.54",
    "value" => "17",
    "variable" => "ANSWEREDTIME"
  },
  variables: %{}
}
[2025-04-15 13:43:54.905532Z] %ElixirAmi.Event{
  event: "varset",
  source: :asterisk_connection,
  action_id: nil,
  keys: %{
    "accountcode" => "",
    "calleridname" => "101",
    "calleridnum" => "101",
    "channel" => "PJSIP/101-00000021",
    "channelstate" => "6",
    "channelstatedesc" => "Up",
    "connectedlinename" => "102",
    "connectedlinenum" => "102",
    "context" => "org_all",
    "exten" => "102",
    "language" => "en",
    "linkedid" => "1744724616.54",
    "priority" => "2",
    "privilege" => "dialplan,all",
    "uniqueid" => "1744724616.54",
    "value" => "17637",
    "variable" => "ANSWEREDTIME_MS"
  },
  variables: %{}
}
[2025-04-15 13:43:54.905699Z] %ElixirAmi.Event{
  event: "varset",
  source: :asterisk_connection,
  action_id: nil,
  keys: %{
    "accountcode" => "",
    "calleridname" => "101",
    "calleridnum" => "101",
    "channel" => "PJSIP/101-00000021",
    "channelstate" => "6",
    "channelstatedesc" => "Up",
    "connectedlinename" => "102",
    "connectedlinenum" => "102",
    "context" => "org_all",
    "exten" => "102",
    "language" => "en",
    "linkedid" => "1744724616.54",
    "priority" => "2",
    "privilege" => "dialplan,all",
    "uniqueid" => "1744724616.54",
    "value" => "18",
    "variable" => "DIALEDTIME"
  },
  variables: %{}
}
[2025-04-15 13:43:54.905893Z] %ElixirAmi.Event{
  event: "varset",
  source: :asterisk_connection,
  action_id: nil,
  keys: %{
    "accountcode" => "",
    "calleridname" => "101",
    "calleridnum" => "101",
    "channel" => "PJSIP/101-00000021",
    "channelstate" => "6",
    "channelstatedesc" => "Up",
    "connectedlinename" => "102",
    "connectedlinenum" => "102",
    "context" => "org_all",
    "exten" => "102",
    "language" => "en",
    "linkedid" => "1744724616.54",
    "priority" => "2",
    "privilege" => "dialplan,all",
    "uniqueid" => "1744724616.54",
    "value" => "18749",
    "variable" => "DIALEDTIME_MS"
  },
  variables: %{}
}
[2025-04-15 13:43:54.906083Z] %ElixirAmi.Event{
  event: "varset",
  source: :asterisk_connection,
  action_id: nil,
  keys: %{
    "accountcode" => "",
    "calleridname" => "101",
    "calleridnum" => "101",
    "channel" => "PJSIP/101-00000021",
    "channelstate" => "6",
    "channelstatedesc" => "Up",
    "connectedlinename" => "102",
    "connectedlinenum" => "102",
    "context" => "org_all",
    "exten" => "102",
    "language" => "en",
    "linkedid" => "1744724616.54",
    "priority" => "2",
    "privilege" => "dialplan,all",
    "uniqueid" => "1744724616.54",
    "value" => "ANSWER",
    "variable" => "DIALSTATUS"
  },
  variables: %{}
}
[2025-04-15 13:43:54.906249Z] %ElixirAmi.Event{
  event: "softhanguprequest",
  source: :asterisk_connection,
  action_id: nil,
  keys: %{
    "accountcode" => "",
    "calleridname" => "101",
    "calleridnum" => "101",
    "cause" => "16",
    "channel" => "PJSIP/101-00000021",
    "channelstate" => "6",
    "channelstatedesc" => "Up",
    "connectedlinename" => "102",
    "connectedlinenum" => "102",
    "context" => "org_all",
    "exten" => "102",
    "language" => "en",
    "linkedid" => "1744724616.54",
    "priority" => "2",
    "privilege" => "call,all",
    "uniqueid" => "1744724616.54"
  },
  variables: %{}
}
[2025-04-15 13:43:54.906503Z] %ElixirAmi.Event{
  event: "varset",
  source: :asterisk_connection,
  action_id: nil,
  keys: %{
    "accountcode" => "",
    "calleridname" => "102",
    "calleridnum" => "102",
    "channel" => "PJSIP/102-00000022",
    "channelstate" => "6",
    "channelstatedesc" => "Up",
    "connectedlinename" => "101",
    "connectedlinenum" => "101",
    "context" => "org_all",
    "exten" => "",
    "language" => "en",
    "linkedid" => "1744724616.54",
    "priority" => "1",
    "privilege" => "dialplan,all",
    "uniqueid" => "1744724616.55",
    "value" => "ssrc=1946052266;themssrc=2088646935;lp=0;rxjitter=0.000750;rxcount=883;txjitter=0.000750;txcount=882;rlp=0;rtt=0.000167;rxmes=85.364619;txmes=85.364619",
    "variable" => "RTPAUDIOQOS"
  },
  variables: %{}
}
[2025-04-15 13:43:54.906751Z] %ElixirAmi.Event{
  event: "varset",
  source: :asterisk_connection,
  action_id: nil,
  keys: %{
    "accountcode" => "",
    "calleridname" => "102",
    "calleridnum" => "102",
    "channel" => "PJSIP/102-00000022",
    "channelstate" => "6",
    "channelstatedesc" => "Up",
    "connectedlinename" => "101",
    "connectedlinenum" => "101",
    "context" => "org_all",
    "exten" => "",
    "language" => "en",
    "linkedid" => "1744724616.54",
    "priority" => "1",
    "privilege" => "dialplan,all",
    "uniqueid" => "1744724616.55",
    "value" => "minrxjitter=000.000000;maxrxjitter=000.000875;avgrxjitter=000.000778;stdevrxjitter=000.000099;mintxjitter=000.000000;maxtxjitter=000.000750;avgtxjitter=000.000375;stdevtxjitter=000.000375;",
    "variable" => "RTPAUDIOQOSJITTER"
  },
  variables: %{}
}
[2025-04-15 13:43:54.906929Z] %ElixirAmi.Event{
  event: "varset",
  source: :asterisk_connection,
  action_id: nil,
  keys: %{
    "accountcode" => "",
    "calleridname" => "102",
    "calleridnum" => "102",
    "channel" => "PJSIP/102-00000022",
    "channelstate" => "6",
    "channelstatedesc" => "Up",
    "connectedlinename" => "101",
    "connectedlinenum" => "101",
    "context" => "org_all",
    "exten" => "",
    "language" => "en",
    "linkedid" => "1744724616.54",
    "priority" => "1",
    "privilege" => "dialplan,all",
    "uniqueid" => "1744724616.55",
    "value" => "minrxlost=000.000000;  maxrxlost=000.000000;  avgrxlost=000.000000;  stdevrxlost=000.000000;  mintxlost=000.000000;  maxtxlost=000.000000;  avgtxlost=000.000000;  stdevtxlost=000.000000;",
    "variable" => "RTPAUDIOQOSLOSS"
  },
  variables: %{}
}
[2025-04-15 13:43:54.907087Z] %ElixirAmi.Event{
  event: "varset",
  source: :asterisk_connection,
  action_id: nil,
  keys: %{
    "accountcode" => "",
    "calleridname" => "102",
    "calleridnum" => "102",
    "channel" => "PJSIP/102-00000022",
    "channelstate" => "6",
    "channelstatedesc" => "Up",
    "connectedlinename" => "101",
    "connectedlinenum" => "101",
    "context" => "org_all",
    "exten" => "",
    "language" => "en",
    "linkedid" => "1744724616.54",
    "priority" => "1",
    "privilege" => "dialplan,all",
    "uniqueid" => "1744724616.55",
    "value" => "minrtt=000.000152;     maxrtt=000.000167;     avgrtt=000.000160;     stdevrtt=000.000007;",
    "variable" => "RTPAUDIOQOSRTT"
  },
  variables: %{}
}
[2025-04-15 13:43:54.907253Z] %ElixirAmi.Event{
  event: "varset",
  source: :asterisk_connection,
  action_id: nil,
  keys: %{
    "accountcode" => "",
    "calleridname" => "102",
    "calleridnum" => "102",
    "channel" => "PJSIP/102-00000022",
    "channelstate" => "6",
    "channelstatedesc" => "Up",
    "connectedlinename" => "101",
    "connectedlinenum" => "101",
    "context" => "org_all",
    "exten" => "",
    "language" => "en",
    "linkedid" => "1744724616.54",
    "priority" => "1",
    "privilege" => "dialplan,all",
    "uniqueid" => "1744724616.55",
    "value" => "minrxmes=085.364619;   maxrxmes=085.367289;   avgrxmes=085.365551;   stdevrxmes=000.000099;   mintxmes=085.364619;   maxtxmes=085.367289;   avgtxmes=085.366420;   stdevtxmes=000.001230;",
    "variable" => "RTPAUDIOQOSMES"
  },
  variables: %{}
}
[2025-04-15 13:43:54.907498Z] %ElixirAmi.Event{
  event: "varset",
  source: :asterisk_connection,
  action_id: nil,
  keys: %{
    "accountcode" => "",
    "calleridname" => "101",
    "calleridnum" => "101",
    "channel" => "PJSIP/101-00000021",
    "channelstate" => "6",
    "channelstatedesc" => "Up",
    "connectedlinename" => "102",
    "connectedlinenum" => "102",
    "context" => "org_all",
    "exten" => "102",
    "language" => "en",
    "linkedid" => "1744724616.54",
    "priority" => "2",
    "privilege" => "dialplan,all",
    "uniqueid" => "1744724616.54",
    "value" => "ssrc=242460287;themssrc=1869240030;lp=0;rxjitter=0.000750;rxcount=882;txjitter=0.000750;txcount=883;rlp=0;rtt=0.000091;rxmes=85.365665;txmes=85.365514",
    "variable" => "RTPAUDIOQOS"
  },
  variables: %{}
}
[2025-04-15 13:43:54.907675Z] %ElixirAmi.Event{
  event: "varset",
  source: :asterisk_connection,
  action_id: nil,
  keys: %{
    "accountcode" => "",
    "calleridname" => "101",
    "calleridnum" => "101",
    "channel" => "PJSIP/101-00000021",
    "channelstate" => "6",
    "channelstatedesc" => "Up",
    "connectedlinename" => "102",
    "connectedlinenum" => "102",
    "context" => "org_all",
    "exten" => "102",
    "language" => "en",
    "linkedid" => "1744724616.54",
    "priority" => "2",
    "privilege" => "dialplan,all",
    "uniqueid" => "1744724616.54",
    "value" => "minrxjitter=000.000125;maxrxjitter=000.000875;avgrxjitter=000.000754;stdevrxjitter=000.000093;mintxjitter=000.000000;maxtxjitter=000.000875;avgtxjitter=000.000484;stdevtxjitter=000.000377;",
    "variable" => "RTPAUDIOQOSJITTER"
  },
  variables: %{}
}
[2025-04-15 13:43:54.907826Z] %ElixirAmi.Event{
  event: "varset",
  source: :asterisk_connection,
  action_id: nil,
  keys: %{
    "accountcode" => "",
    "calleridname" => "101",
    "calleridnum" => "101",
    "channel" => "PJSIP/101-00000021",
    "channelstate" => "6",
    "channelstatedesc" => "Up",
    "connectedlinename" => "102",
    "connectedlinenum" => "102",
    "context" => "org_all",
    "exten" => "102",
    "language" => "en",
    "linkedid" => "1744724616.54",
    "priority" => "2",
    "privilege" => "dialplan,all",
    "uniqueid" => "1744724616.54",
    "value" => "minrxlost=000.000000;  maxrxlost=000.000000;  avgrxlost=000.000000;  stdevrxlost=000.000000;  mintxlost=000.000000;  maxtxlost=000.000000;  avgtxlost=000.000000;  stdevtxlost=000.000000;",
    "variable" => "RTPAUDIOQOSLOSS"
  },
  variables: %{}
}
[2025-04-15 13:43:54.908076Z] %ElixirAmi.Event{
  event: "varset",
  source: :asterisk_connection,
  action_id: nil,
  keys: %{
    "accountcode" => "",
    "calleridname" => "101",
    "calleridnum" => "101",
    "channel" => "PJSIP/101-00000021",
    "channelstate" => "6",
    "channelstatedesc" => "Up",
    "connectedlinename" => "102",
    "connectedlinenum" => "102",
    "context" => "org_all",
    "exten" => "102",
    "language" => "en",
    "linkedid" => "1744724616.54",
    "priority" => "2",
    "privilege" => "dialplan,all",
    "uniqueid" => "1744724616.54",
    "value" => "minrtt=000.000076;     maxrtt=000.000106;     avgrtt=000.000097;     stdevrtt=000.000012;",
    "variable" => "RTPAUDIOQOSRTT"
  },
  variables: %{}
}
[2025-04-15 13:43:54.908327Z] %ElixirAmi.Event{
  event: "varset",
  source: :asterisk_connection,
  action_id: nil,
  keys: %{
    "accountcode" => "",
    "calleridname" => "101",
    "calleridnum" => "101",
    "channel" => "PJSIP/101-00000021",
    "channelstate" => "6",
    "channelstatedesc" => "Up",
    "connectedlinename" => "102",
    "connectedlinenum" => "102",
    "context" => "org_all",
    "exten" => "102",
    "language" => "en",
    "linkedid" => "1744724616.54",
    "priority" => "2",
    "privilege" => "dialplan,all",
    "uniqueid" => "1744724616.54",
    "value" => "minrxmes=085.365514;   maxrxmes=085.367289;   avgrxmes=085.366106;   stdevrxmes=000.000093;   mintxmes=085.365514;   maxtxmes=085.367289;   avgtxmes=085.366235;   stdevtxmes=000.000818;",
    "variable" => "RTPAUDIOQOSMES"
  },
  variables: %{}
}
[2025-04-15 13:43:54.908516Z] %ElixirAmi.Event{
  event: "hangup",
  source: :asterisk_connection,
  action_id: nil,
  keys: %{
    "accountcode" => "",
    "calleridname" => "101",
    "calleridnum" => "101",
    "cause" => "16",
    "cause-txt" => "Normal Clearing",
    "channel" => "PJSIP/101-00000021",
    "channelstate" => "6",
    "channelstatedesc" => "Up",
    "connectedlinename" => "102",
    "connectedlinenum" => "102",
    "context" => "org_all",
    "exten" => "102",
    "language" => "en",
    "linkedid" => "1744724616.54",
    "priority" => "2",
    "privilege" => "call,all",
    "uniqueid" => "1744724616.54"
  },
  variables: %{}
}
[2025-04-15 13:43:54.908775Z] %ElixirAmi.Event{
  event: "hangup",
  source: :asterisk_connection,
  action_id: nil,
  keys: %{
    "accountcode" => "",
    "calleridname" => "102",
    "calleridnum" => "102",
    "cause" => "16",
    "cause-txt" => "Normal Clearing",
    "channel" => "PJSIP/102-00000022",
    "channelstate" => "6",
    "channelstatedesc" => "Up",
    "connectedlinename" => "101",
    "connectedlinenum" => "101",
    "context" => "org_all",
    "exten" => "",
    "language" => "en",
    "linkedid" => "1744724616.54",
    "priority" => "1",
    "privilege" => "call,all",
    "uniqueid" => "1744724616.55"
  },
  variables: %{}
}
