[2025-04-16 04:59:26.683473Z] %ElixirAmi.Event{
  event: "newchannel",
  source: :asterisk_connection,
  action_id: nil,
  keys: %{
    "accountcode" => "",
    "calleridname" => "101",
    "calleridnum" => "101",
    "channel" => "PJSIP/101-00000091",
    "channelstate" => "4",
    "channelstatedesc" => "Ring",
    "connectedlinename" => "<unknown>",
    "connectedlinenum" => "<unknown>",
    "context" => "org_all",
    "exten" => "102",
    "language" => "en",
    "linkedid" => "1744779566.218",
    "priority" => "1",
    "privilege" => "call,all",
    "uniqueid" => "1744779566.218"
  },
  variables: %{}
}
[2025-04-16 04:59:26.683724Z] %ElixirAmi.Event{
  event: "varset",
  source: :asterisk_connection,
  action_id: nil,
  keys: %{
    "accountcode" => "",
    "calleridname" => "101",
    "calleridnum" => "101",
    "channel" => "PJSIP/101-00000091",
    "channelstate" => "4",
    "channelstatedesc" => "Ring",
    "connectedlinename" => "<unknown>",
    "connectedlinenum" => "<unknown>",
    "context" => "org_all",
    "exten" => "102",
    "language" => "en",
    "linkedid" => "1744779566.218",
    "priority" => "1",
    "privilege" => "dialplan,all",
    "uniqueid" => "1744779566.218",
    "value" => "192.168.0.16",
    "variable" => "SIPDOMAIN"
  },
  variables: %{}
}
[2025-04-16 04:59:26.684129Z] %ElixirAmi.Event{
  event: "newexten",
  source: :asterisk_connection,
  action_id: nil,
  keys: %{
    "accountcode" => "",
    "appdata" => "",
    "application" => "NoOp",
    "calleridname" => "101",
    "calleridnum" => "101",
    "channel" => "PJSIP/101-00000091",
    "channelstate" => "4",
    "channelstatedesc" => "Ring",
    "connectedlinename" => "<unknown>",
    "connectedlinenum" => "<unknown>",
    "context" => "org_all",
    "exten" => "102",
    "extension" => "102",
    "language" => "en",
    "linkedid" => "1744779566.218",
    "priority" => "1",
    "privilege" => "dialplan,all",
    "uniqueid" => "1744779566.218"
  },
  variables: %{}
}
[2025-04-16 04:59:26.684421Z] %ElixirAmi.Event{
  event: "newexten",
  source: :asterisk_connection,
  action_id: nil,
  keys: %{
    "accountcode" => "",
    "appdata" => "PJSIP/102,20,",
    "application" => "Dial",
    "calleridname" => "101",
    "calleridnum" => "101",
    "channel" => "PJSIP/101-00000091",
    "channelstate" => "4",
    "channelstatedesc" => "Ring",
    "connectedlinename" => "<unknown>",
    "connectedlinenum" => "<unknown>",
    "context" => "org_all",
    "exten" => "102",
    "extension" => "102",
    "language" => "en",
    "linkedid" => "1744779566.218",
    "priority" => "2",
    "privilege" => "dialplan,all",
    "uniqueid" => "1744779566.218"
  },
  variables: %{}
}
[2025-04-16 04:59:26.684586Z] %ElixirAmi.Event{
  event: "varset",
  source: :asterisk_connection,
  action_id: nil,
  keys: %{
    "accountcode" => "",
    "calleridname" => "101",
    "calleridnum" => "101",
    "channel" => "PJSIP/101-00000091",
    "channelstate" => "4",
    "channelstatedesc" => "Ring",
    "connectedlinename" => "<unknown>",
    "connectedlinenum" => "<unknown>",
    "context" => "org_all",
    "exten" => "102",
    "language" => "en",
    "linkedid" => "1744779566.218",
    "priority" => "2",
    "privilege" => "dialplan,all",
    "uniqueid" => "1744779566.218",
    "value" => "",
    "variable" => "DIALSTATUS"
  },
  variables: %{}
}
[2025-04-16 04:59:26.684879Z] %ElixirAmi.Event{
  event: "varset",
  source: :asterisk_connection,
  action_id: nil,
  keys: %{
    "accountcode" => "",
    "calleridname" => "101",
    "calleridnum" => "101",
    "channel" => "PJSIP/101-00000091",
    "channelstate" => "4",
    "channelstatedesc" => "Ring",
    "connectedlinename" => "<unknown>",
    "connectedlinenum" => "<unknown>",
    "context" => "org_all",
    "exten" => "102",
    "language" => "en",
    "linkedid" => "1744779566.218",
    "priority" => "2",
    "privilege" => "dialplan,all",
    "uniqueid" => "1744779566.218",
    "value" => "",
    "variable" => "DIALEDPEERNUMBER"
  },
  variables: %{}
}
[2025-04-16 04:59:26.685009Z] %ElixirAmi.Event{
  event: "varset",
  source: :asterisk_connection,
  action_id: nil,
  keys: %{
    "accountcode" => "",
    "calleridname" => "101",
    "calleridnum" => "101",
    "channel" => "PJSIP/101-00000091",
    "channelstate" => "4",
    "channelstatedesc" => "Ring",
    "connectedlinename" => "<unknown>",
    "connectedlinenum" => "<unknown>",
    "context" => "org_all",
    "exten" => "102",
    "language" => "en",
    "linkedid" => "1744779566.218",
    "priority" => "2",
    "privilege" => "dialplan,all",
    "uniqueid" => "1744779566.218",
    "value" => "",
    "variable" => "DIALEDPEERNAME"
  },
  variables: %{}
}
[2025-04-16 04:59:26.685303Z] %ElixirAmi.Event{
  event: "varset",
  source: :asterisk_connection,
  action_id: nil,
  keys: %{
    "accountcode" => "",
    "calleridname" => "101",
    "calleridnum" => "101",
    "channel" => "PJSIP/101-00000091",
    "channelstate" => "4",
    "channelstatedesc" => "Ring",
    "connectedlinename" => "<unknown>",
    "connectedlinenum" => "<unknown>",
    "context" => "org_all",
    "exten" => "102",
    "language" => "en",
    "linkedid" => "1744779566.218",
    "priority" => "2",
    "privilege" => "dialplan,all",
    "uniqueid" => "1744779566.218",
    "value" => "",
    "variable" => "ANSWEREDTIME"
  },
  variables: %{}
}
[2025-04-16 04:59:26.685497Z] %ElixirAmi.Event{
  event: "varset",
  source: :asterisk_connection,
  action_id: nil,
  keys: %{
    "accountcode" => "",
    "calleridname" => "101",
    "calleridnum" => "101",
    "channel" => "PJSIP/101-00000091",
    "channelstate" => "4",
    "channelstatedesc" => "Ring",
    "connectedlinename" => "<unknown>",
    "connectedlinenum" => "<unknown>",
    "context" => "org_all",
    "exten" => "102",
    "language" => "en",
    "linkedid" => "1744779566.218",
    "priority" => "2",
    "privilege" => "dialplan,all",
    "uniqueid" => "1744779566.218",
    "value" => "",
    "variable" => "ANSWEREDTIME_MS"
  },
  variables: %{}
}
[2025-04-16 04:59:26.685664Z] %ElixirAmi.Event{
  event: "varset",
  source: :asterisk_connection,
  action_id: nil,
  keys: %{
    "accountcode" => "",
    "calleridname" => "101",
    "calleridnum" => "101",
    "channel" => "PJSIP/101-00000091",
    "channelstate" => "4",
    "channelstatedesc" => "Ring",
    "connectedlinename" => "<unknown>",
    "connectedlinenum" => "<unknown>",
    "context" => "org_all",
    "exten" => "102",
    "language" => "en",
    "linkedid" => "1744779566.218",
    "priority" => "2",
    "privilege" => "dialplan,all",
    "uniqueid" => "1744779566.218",
    "value" => "",
    "variable" => "DIALEDTIME"
  },
  variables: %{}
}
[2025-04-16 04:59:26.685877Z] %ElixirAmi.Event{
  event: "varset",
  source: :asterisk_connection,
  action_id: nil,
  keys: %{
    "accountcode" => "",
    "calleridname" => "101",
    "calleridnum" => "101",
    "channel" => "PJSIP/101-00000091",
    "channelstate" => "4",
    "channelstatedesc" => "Ring",
    "connectedlinename" => "<unknown>",
    "connectedlinenum" => "<unknown>",
    "context" => "org_all",
    "exten" => "102",
    "language" => "en",
    "linkedid" => "1744779566.218",
    "priority" => "2",
    "privilege" => "dialplan,all",
    "uniqueid" => "1744779566.218",
    "value" => "",
    "variable" => "DIALEDTIME_MS"
  },
  variables: %{}
}
[2025-04-16 04:59:26.686203Z] %ElixirAmi.Event{
  event: "varset",
  source: :asterisk_connection,
  action_id: nil,
  keys: %{
    "accountcode" => "",
    "calleridname" => "101",
    "calleridnum" => "101",
    "channel" => "PJSIP/101-00000091",
    "channelstate" => "4",
    "channelstatedesc" => "Ring",
    "connectedlinename" => "<unknown>",
    "connectedlinenum" => "<unknown>",
    "context" => "org_all",
    "exten" => "102",
    "language" => "en",
    "linkedid" => "1744779566.218",
    "priority" => "2",
    "privilege" => "dialplan,all",
    "uniqueid" => "1744779566.218",
    "value" => "",
    "variable" => "RINGTIME"
  },
  variables: %{}
}
[2025-04-16 04:59:26.686333Z] %ElixirAmi.Event{
  event: "varset",
  source: :asterisk_connection,
  action_id: nil,
  keys: %{
    "accountcode" => "",
    "calleridname" => "101",
    "calleridnum" => "101",
    "channel" => "PJSIP/101-00000091",
    "channelstate" => "4",
    "channelstatedesc" => "Ring",
    "connectedlinename" => "<unknown>",
    "connectedlinenum" => "<unknown>",
    "context" => "org_all",
    "exten" => "102",
    "language" => "en",
    "linkedid" => "1744779566.218",
    "priority" => "2",
    "privilege" => "dialplan,all",
    "uniqueid" => "1744779566.218",
    "value" => "",
    "variable" => "RINGTIME_MS"
  },
  variables: %{}
}
[2025-04-16 04:59:26.686540Z] %ElixirAmi.Event{
  event: "varset",
  source: :asterisk_connection,
  action_id: nil,
  keys: %{
    "accountcode" => "",
    "calleridname" => "101",
    "calleridnum" => "101",
    "channel" => "PJSIP/101-00000091",
    "channelstate" => "4",
    "channelstatedesc" => "Ring",
    "connectedlinename" => "<unknown>",
    "connectedlinenum" => "<unknown>",
    "context" => "org_all",
    "exten" => "102",
    "language" => "en",
    "linkedid" => "1744779566.218",
    "priority" => "2",
    "privilege" => "dialplan,all",
    "uniqueid" => "1744779566.218",
    "value" => "",
    "variable" => "PROGRESSTIME"
  },
  variables: %{}
}
[2025-04-16 04:59:26.686761Z] %ElixirAmi.Event{
  event: "varset",
  source: :asterisk_connection,
  action_id: nil,
  keys: %{
    "accountcode" => "",
    "calleridname" => "101",
    "calleridnum" => "101",
    "channel" => "PJSIP/101-00000091",
    "channelstate" => "4",
    "channelstatedesc" => "Ring",
    "connectedlinename" => "<unknown>",
    "connectedlinenum" => "<unknown>",
    "context" => "org_all",
    "exten" => "102",
    "language" => "en",
    "linkedid" => "1744779566.218",
    "priority" => "2",
    "privilege" => "dialplan,all",
    "uniqueid" => "1744779566.218",
    "value" => "",
    "variable" => "PROGRESSTIME_MS"
  },
  variables: %{}
}
[2025-04-16 04:59:26.686981Z] %ElixirAmi.Event{
  event: "newchannel",
  source: :asterisk_connection,
  action_id: nil,
  keys: %{
    "accountcode" => "",
    "calleridname" => "102",
    "calleridnum" => "102",
    "channel" => "PJSIP/102-00000092",
    "channelstate" => "0",
    "channelstatedesc" => "Down",
    "connectedlinename" => "<unknown>",
    "connectedlinenum" => "<unknown>",
    "context" => "org_all",
    "exten" => "s",
    "language" => "en",
    "linkedid" => "1744779566.218",
    "priority" => "1",
    "privilege" => "call,all",
    "uniqueid" => "1744779566.219"
  },
  variables: %{}
}
[2025-04-16 04:59:26.687262Z] %ElixirAmi.Event{
  event: "varset",
  source: :asterisk_connection,
  action_id: nil,
  keys: %{
    "accountcode" => "",
    "calleridname" => "102",
    "calleridnum" => "102",
    "channel" => "PJSIP/102-00000092",
    "channelstate" => "0",
    "channelstatedesc" => "Down",
    "connectedlinename" => "<unknown>",
    "connectedlinenum" => "<unknown>",
    "context" => "org_all",
    "exten" => "s",
    "language" => "en",
    "linkedid" => "1744779566.218",
    "priority" => "1",
    "privilege" => "dialplan,all",
    "uniqueid" => "1744779566.219",
    "value" => "102",
    "variable" => "DIALEDPEERNUMBER"
  },
  variables: %{}
}
[2025-04-16 04:59:26.687439Z] %ElixirAmi.Event{
  event: "newexten",
  source: :asterisk_connection,
  action_id: nil,
  keys: %{
    "accountcode" => "",
    "appdata" => "(Outgoing Line)",
    "application" => "AppDial",
    "calleridname" => "102",
    "calleridnum" => "102",
    "channel" => "PJSIP/102-00000092",
    "channelstate" => "0",
    "channelstatedesc" => "Down",
    "connectedlinename" => "101",
    "connectedlinenum" => "101",
    "context" => "org_all",
    "exten" => "102",
    "extension" => "102",
    "language" => "en",
    "linkedid" => "1744779566.218",
    "priority" => "1",
    "privilege" => "dialplan,all",
    "uniqueid" => "1744779566.219"
  },
  variables: %{}
}
[2025-04-16 04:59:26.687592Z] %ElixirAmi.Event{
  event: "newconnectedline",
  source: :asterisk_connection,
  action_id: nil,
  keys: %{
    "accountcode" => "",
    "calleridname" => "102",
    "calleridnum" => "102",
    "channel" => "PJSIP/102-00000092",
    "channelstate" => "0",
    "channelstatedesc" => "Down",
    "connectedlinename" => "101",
    "connectedlinenum" => "101",
    "context" => "org_all",
    "exten" => "102",
    "language" => "en",
    "linkedid" => "1744779566.218",
    "priority" => "1",
    "privilege" => "call,all",
    "uniqueid" => "1744779566.219"
  },
  variables: %{}
}
[2025-04-16 04:59:26.687904Z] %ElixirAmi.Event{
  event: "dialbegin",
  source: :asterisk_connection,
  action_id: nil,
  keys: %{
    "accountcode" => "",
    "calleridname" => "101",
    "calleridnum" => "101",
    "channel" => "PJSIP/101-00000091",
    "channelstate" => "4",
    "channelstatedesc" => "Ring",
    "connectedlinename" => "<unknown>",
    "connectedlinenum" => "<unknown>",
    "context" => "org_all",
    "destaccountcode" => "",
    "destcalleridname" => "102",
    "destcalleridnum" => "102",
    "destchannel" => "PJSIP/102-00000092",
    "destchannelstate" => "0",
    "destchannelstatedesc" => "Down",
    "destconnectedlinename" => "101",
    "destconnectedlinenum" => "101",
    "destcontext" => "org_all",
    "destexten" => "102",
    "destlanguage" => "en",
    "destlinkedid" => "1744779566.218",
    "destpriority" => "1",
    "destuniqueid" => "1744779566.219",
    "dialstring" => "102",
    "exten" => "102",
    "language" => "en",
    "linkedid" => "1744779566.218",
    "priority" => "2",
    "privilege" => "call,all",
    "uniqueid" => "1744779566.218"
  },
  variables: %{}
}
[2025-04-16 04:59:26.688179Z] %ElixirAmi.Event{
  event: "newconnectedline",
  source: :asterisk_connection,
  action_id: nil,
  keys: %{
    "accountcode" => "",
    "calleridname" => "101",
    "calleridnum" => "101",
    "channel" => "PJSIP/101-00000091",
    "channelstate" => "4",
    "channelstatedesc" => "Ring",
    "connectedlinename" => "102",
    "connectedlinenum" => "102",
    "context" => "org_all",
    "exten" => "102",
    "language" => "en",
    "linkedid" => "1744779566.218",
    "priority" => "2",
    "privilege" => "call,all",
    "uniqueid" => "1744779566.218"
  },
  variables: %{}
}
[2025-04-16 04:59:26.689300Z] %ElixirAmi.Event{
  event: "newstate",
  source: :asterisk_connection,
  action_id: nil,
  keys: %{
    "accountcode" => "",
    "calleridname" => "102",
    "calleridnum" => "102",
    "channel" => "PJSIP/102-00000092",
    "channelstate" => "5",
    "channelstatedesc" => "Ringing",
    "connectedlinename" => "101",
    "connectedlinenum" => "101",
    "context" => "org_all",
    "exten" => "102",
    "language" => "en",
    "linkedid" => "1744779566.218",
    "priority" => "1",
    "privilege" => "call,all",
    "uniqueid" => "1744779566.219"
  },
  variables: %{}
}
[2025-04-16 04:59:26.689666Z] %ElixirAmi.Event{
  event: "varset",
  source: :asterisk_connection,
  action_id: nil,
  keys: %{
    "accountcode" => "",
    "calleridname" => "101",
    "calleridnum" => "101",
    "channel" => "PJSIP/101-00000091",
    "channelstate" => "4",
    "channelstatedesc" => "Ring",
    "connectedlinename" => "102",
    "connectedlinenum" => "102",
    "context" => "org_all",
    "exten" => "102",
    "language" => "en",
    "linkedid" => "1744779566.218",
    "priority" => "2",
    "privilege" => "dialplan,all",
    "uniqueid" => "1744779566.218",
    "value" => "0",
    "variable" => "RINGTIME"
  },
  variables: %{}
}
[2025-04-16 04:59:26.690011Z] %ElixirAmi.Event{
  event: "varset",
  source: :asterisk_connection,
  action_id: nil,
  keys: %{
    "accountcode" => "",
    "calleridname" => "101",
    "calleridnum" => "101",
    "channel" => "PJSIP/101-00000091",
    "channelstate" => "4",
    "channelstatedesc" => "Ring",
    "connectedlinename" => "102",
    "connectedlinenum" => "102",
    "context" => "org_all",
    "exten" => "102",
    "language" => "en",
    "linkedid" => "1744779566.218",
    "priority" => "2",
    "privilege" => "dialplan,all",
    "uniqueid" => "1744779566.218",
    "value" => "5",
    "variable" => "RINGTIME_MS"
  },
  variables: %{}
}
[2025-04-16 04:59:26.690430Z] %ElixirAmi.Event{
  event: "dialstate",
  source: :asterisk_connection,
  action_id: nil,
  keys: %{
    "accountcode" => "",
    "calleridname" => "101",
    "calleridnum" => "101",
    "channel" => "PJSIP/101-00000091",
    "channelstate" => "4",
    "channelstatedesc" => "Ring",
    "connectedlinename" => "102",
    "connectedlinenum" => "102",
    "context" => "org_all",
    "destaccountcode" => "",
    "destcalleridname" => "102",
    "destcalleridnum" => "102",
    "destchannel" => "PJSIP/102-00000092",
    "destchannelstate" => "5",
    "destchannelstatedesc" => "Ringing",
    "destconnectedlinename" => "101",
    "destconnectedlinenum" => "101",
    "destcontext" => "org_all",
    "destexten" => "102",
    "destlanguage" => "en",
    "destlinkedid" => "1744779566.218",
    "destpriority" => "1",
    "destuniqueid" => "1744779566.219",
    "dialstatus" => "RINGING",
    "exten" => "102",
    "language" => "en",
    "linkedid" => "1744779566.218",
    "priority" => "2",
    "privilege" => "call,all",
    "uniqueid" => "1744779566.218"
  },
  variables: %{}
}
[2025-04-16 04:59:27.702327Z] %ElixirAmi.Event{
  event: "rtcpreceived",
  source: :asterisk_connection,
  action_id: nil,
  keys: %{
    "accountcode" => "",
    "calleridname" => "102",
    "calleridnum" => "102",
    "channel" => "PJSIP/102-00000092",
    "channelstate" => "5",
    "channelstatedesc" => "Ringing",
    "connectedlinename" => "101",
    "connectedlinenum" => "101",
    "context" => "org_all",
    "exten" => "102",
    "from" => "192.168.0.16:4163",
    "language" => "en",
    "linkedid" => "1744779566.218",
    "mes" => "85.4",
    "priority" => "1",
    "privilege" => "reporting,all",
    "pt" => "201(RR)",
    "report0cumulativelost" => "0",
    "report0dlsr" => "0.0000",
    "report0fractionlost" => "0",
    "report0highestsequence" => "0",
    "report0iajitter" => "0",
    "report0lsr" => "0",
    "report0sequencenumbercycles" => "0",
    "report0sourcessrc" => "0x00000000",
    "reportcount" => "1",
    "rtt" => "0.0000",
    "ssrc" => "0x00000000",
    "to" => "192.168.0.16:17697",
    "uniqueid" => "1744779566.219"
  },
  variables: %{}
}
[2025-04-16 04:59:27.702769Z] %ElixirAmi.Event{
  event: "rtcpreceived",
  source: :asterisk_connection,
  action_id: nil,
  keys: %{
    "accountcode" => "",
    "calleridname" => "102",
    "calleridnum" => "102",
    "channel" => "PJSIP/102-00000092",
    "channelstate" => "5",
    "channelstatedesc" => "Ringing",
    "connectedlinename" => "101",
    "connectedlinenum" => "101",
    "context" => "org_all",
    "exten" => "102",
    "from" => "192.168.0.16:4163",
    "language" => "en",
    "linkedid" => "1744779566.218",
    "mes" => "85.4",
    "priority" => "1",
    "privilege" => "reporting,all",
    "pt" => "201(RR)",
    "report0cumulativelost" => "0",
    "report0dlsr" => "0.0000",
    "report0fractionlost" => "0",
    "report0highestsequence" => "0",
    "report0iajitter" => "0",
    "report0lsr" => "0",
    "report0sequencenumbercycles" => "0",
    "report0sourcessrc" => "0x00000000",
    "reportcount" => "1",
    "rtt" => "0.0000",
    "ssrc" => "0x00000000",
    "to" => "192.168.0.16:17697",
    "uniqueid" => "1744779566.219"
  },
  variables: %{}
}
[2025-04-16 04:59:27.702983Z] %ElixirAmi.Event{
  event: "newstate",
  source: :asterisk_connection,
  action_id: nil,
  keys: %{
    "accountcode" => "",
    "calleridname" => "102",
    "calleridnum" => "102",
    "channel" => "PJSIP/102-00000092",
    "channelstate" => "6",
    "channelstatedesc" => "Up",
    "connectedlinename" => "101",
    "connectedlinenum" => "101",
    "context" => "org_all",
    "exten" => "102",
    "language" => "en",
    "linkedid" => "1744779566.218",
    "priority" => "1",
    "privilege" => "call,all",
    "uniqueid" => "1744779566.219"
  },
  variables: %{}
}
[2025-04-16 04:59:27.703177Z] %ElixirAmi.Event{
  event: "varset",
  source: :asterisk_connection,
  action_id: nil,
  keys: %{
    "accountcode" => "",
    "calleridname" => "101",
    "calleridnum" => "101",
    "channel" => "PJSIP/101-00000091",
    "channelstate" => "4",
    "channelstatedesc" => "Ring",
    "connectedlinename" => "102",
    "connectedlinenum" => "102",
    "context" => "org_all",
    "exten" => "102",
    "language" => "en",
    "linkedid" => "1744779566.218",
    "priority" => "2",
    "privilege" => "dialplan,all",
    "uniqueid" => "1744779566.218",
    "value" => "ANSWER",
    "variable" => "DIALSTATUS"
  },
  variables: %{}
}
[2025-04-16 04:59:27.703402Z] %ElixirAmi.Event{
  event: "varset",
  source: :asterisk_connection,
  action_id: nil,
  keys: %{
    "accountcode" => "",
    "calleridname" => "101",
    "calleridnum" => "101",
    "channel" => "PJSIP/101-00000091",
    "channelstate" => "4",
    "channelstatedesc" => "Ring",
    "connectedlinename" => "102",
    "connectedlinenum" => "102",
    "context" => "org_all",
    "exten" => "102",
    "language" => "en",
    "linkedid" => "1744779566.218",
    "priority" => "2",
    "privilege" => "dialplan,all",
    "uniqueid" => "1744779566.218",
    "value" => "PJSIP/102-00000092",
    "variable" => "DIALEDPEERNAME"
  },
  variables: %{}
}
[2025-04-16 04:59:27.703633Z] %ElixirAmi.Event{
  event: "varset",
  source: :asterisk_connection,
  action_id: nil,
  keys: %{
    "accountcode" => "",
    "calleridname" => "101",
    "calleridnum" => "101",
    "channel" => "PJSIP/101-00000091",
    "channelstate" => "4",
    "channelstatedesc" => "Ring",
    "connectedlinename" => "102",
    "connectedlinenum" => "102",
    "context" => "org_all",
    "exten" => "102",
    "language" => "en",
    "linkedid" => "1744779566.218",
    "priority" => "2",
    "privilege" => "dialplan,all",
    "uniqueid" => "1744779566.218",
    "value" => "102",
    "variable" => "DIALEDPEERNUMBER"
  },
  variables: %{}
}
[2025-04-16 04:59:27.704078Z] %ElixirAmi.Event{
  event: "dialend",
  source: :asterisk_connection,
  action_id: nil,
  keys: %{
    "accountcode" => "",
    "calleridname" => "101",
    "calleridnum" => "101",
    "channel" => "PJSIP/101-00000091",
    "channelstate" => "4",
    "channelstatedesc" => "Ring",
    "connectedlinename" => "102",
    "connectedlinenum" => "102",
    "context" => "org_all",
    "destaccountcode" => "",
    "destcalleridname" => "102",
    "destcalleridnum" => "102",
    "destchannel" => "PJSIP/102-00000092",
    "destchannelstate" => "6",
    "destchannelstatedesc" => "Up",
    "destconnectedlinename" => "101",
    "destconnectedlinenum" => "101",
    "destcontext" => "org_all",
    "destexten" => "",
    "destlanguage" => "en",
    "destlinkedid" => "1744779566.218",
    "destpriority" => "1",
    "destuniqueid" => "1744779566.219",
    "dialstatus" => "ANSWER",
    "exten" => "102",
    "language" => "en",
    "linkedid" => "1744779566.218",
    "priority" => "2",
    "privilege" => "call,all",
    "uniqueid" => "1744779566.218"
  },
  variables: %{}
}
[2025-04-16 04:59:27.704214Z] %ElixirAmi.Event{
  event: "newstate",
  source: :asterisk_connection,
  action_id: nil,
  keys: %{
    "accountcode" => "",
    "calleridname" => "101",
    "calleridnum" => "101",
    "channel" => "PJSIP/101-00000091",
    "channelstate" => "6",
    "channelstatedesc" => "Up",
    "connectedlinename" => "102",
    "connectedlinenum" => "102",
    "context" => "org_all",
    "exten" => "102",
    "language" => "en",
    "linkedid" => "1744779566.218",
    "priority" => "2",
    "privilege" => "call,all",
    "uniqueid" => "1744779566.218"
  },
  variables: %{}
}
[2025-04-16 04:59:27.704509Z] %ElixirAmi.Event{
  event: "newexten",
  source: :asterisk_connection,
  action_id: nil,
  keys: %{
    "accountcode" => "",
    "appdata" => "(Outgoing Line)",
    "application" => "AppDial",
    "calleridname" => "102",
    "calleridnum" => "102",
    "channel" => "PJSIP/102-00000092",
    "channelstate" => "6",
    "channelstatedesc" => "Up",
    "connectedlinename" => "101",
    "connectedlinenum" => "101",
    "context" => "org_all",
    "exten" => "",
    "extension" => "",
    "language" => "en",
    "linkedid" => "1744779566.218",
    "priority" => "1",
    "privilege" => "dialplan,all",
    "uniqueid" => "1744779566.219"
  },
  variables: %{}
}
[2025-04-16 04:59:27.704753Z] %ElixirAmi.Event{
  event: "bridgeenter",
  source: :asterisk_connection,
  action_id: nil,
  keys: %{
    "accountcode" => "",
    "bridgecreator" => "<unknown>",
    "bridgename" => "<unknown>",
    "bridgenumchannels" => "1",
    "bridgetechnology" => "simple_bridge",
    "bridgetype" => "basic",
    "bridgeuniqueid" => "1c8eaca8-214f-494f-a3df-a5b6a70a32d7",
    "bridgevideosourcemode" => "none",
    "calleridname" => "102",
    "calleridnum" => "102",
    "channel" => "PJSIP/102-00000092",
    "channelstate" => "6",
    "channelstatedesc" => "Up",
    "connectedlinename" => "101",
    "connectedlinenum" => "101",
    "context" => "org_all",
    "exten" => "",
    "language" => "en",
    "linkedid" => "1744779566.218",
    "priority" => "1",
    "privilege" => "call,all",
    "uniqueid" => "1744779566.219"
  },
  variables: %{}
}
[2025-04-16 04:59:27.704975Z] %ElixirAmi.Event{
  event: "bridgeenter",
  source: :asterisk_connection,
  action_id: nil,
  keys: %{
    "accountcode" => "",
    "bridgecreator" => "<unknown>",
    "bridgename" => "<unknown>",
    "bridgenumchannels" => "2",
    "bridgetechnology" => "simple_bridge",
    "bridgetype" => "basic",
    "bridgeuniqueid" => "1c8eaca8-214f-494f-a3df-a5b6a70a32d7",
    "bridgevideosourcemode" => "none",
    "calleridname" => "101",
    "calleridnum" => "101",
    "channel" => "PJSIP/101-00000091",
    "channelstate" => "6",
    "channelstatedesc" => "Up",
    "connectedlinename" => "102",
    "connectedlinenum" => "102",
    "context" => "org_all",
    "exten" => "102",
    "language" => "en",
    "linkedid" => "1744779566.218",
    "priority" => "2",
    "privilege" => "call,all",
    "uniqueid" => "1744779566.218"
  },
  variables: %{}
}
[2025-04-16 04:59:27.705164Z] %ElixirAmi.Event{
  event: "varset",
  source: :asterisk_connection,
  action_id: nil,
  keys: %{
    "accountcode" => "",
    "calleridname" => "101",
    "calleridnum" => "101",
    "channel" => "PJSIP/101-00000091",
    "channelstate" => "6",
    "channelstatedesc" => "Up",
    "connectedlinename" => "102",
    "connectedlinenum" => "102",
    "context" => "org_all",
    "exten" => "102",
    "language" => "en",
    "linkedid" => "1744779566.218",
    "priority" => "2",
    "privilege" => "dialplan,all",
    "uniqueid" => "1744779566.218",
    "value" => "PJSIP/102-00000092",
    "variable" => "BRIDGEPEER"
  },
  variables: %{}
}
[2025-04-16 04:59:27.705443Z] %ElixirAmi.Event{
  event: "varset",
  source: :asterisk_connection,
  action_id: nil,
  keys: %{
    "accountcode" => "",
    "calleridname" => "101",
    "calleridnum" => "101",
    "channel" => "PJSIP/101-00000091",
    "channelstate" => "6",
    "channelstatedesc" => "Up",
    "connectedlinename" => "102",
    "connectedlinenum" => "102",
    "context" => "org_all",
    "exten" => "102",
    "language" => "en",
    "linkedid" => "1744779566.218",
    "priority" => "2",
    "privilege" => "dialplan,all",
    "uniqueid" => "1744779566.218",
    "value" => "d2eaa5d3-6f60-4252-be9e-92dd508fba0a",
    "variable" => "BRIDGEPVTCALLID"
  },
  variables: %{}
}
[2025-04-16 04:59:27.705687Z] %ElixirAmi.Event{
  event: "varset",
  source: :asterisk_connection,
  action_id: nil,
  keys: %{
    "accountcode" => "",
    "calleridname" => "102",
    "calleridnum" => "102",
    "channel" => "PJSIP/102-00000092",
    "channelstate" => "6",
    "channelstatedesc" => "Up",
    "connectedlinename" => "101",
    "connectedlinenum" => "101",
    "context" => "org_all",
    "exten" => "",
    "language" => "en",
    "linkedid" => "1744779566.218",
    "priority" => "1",
    "privilege" => "dialplan,all",
    "uniqueid" => "1744779566.219",
    "value" => "PJSIP/101-00000091",
    "variable" => "BRIDGEPEER"
  },
  variables: %{}
}
[2025-04-16 04:59:27.705978Z] %ElixirAmi.Event{
  event: "varset",
  source: :asterisk_connection,
  action_id: nil,
  keys: %{
    "accountcode" => "",
    "calleridname" => "102",
    "calleridnum" => "102",
    "channel" => "PJSIP/102-00000092",
    "channelstate" => "6",
    "channelstatedesc" => "Up",
    "connectedlinename" => "101",
    "connectedlinenum" => "101",
    "context" => "org_all",
    "exten" => "",
    "language" => "en",
    "linkedid" => "1744779566.218",
    "priority" => "1",
    "privilege" => "dialplan,all",
    "uniqueid" => "1744779566.219",
    "value" => "333eb9c7d6f243cbad240add31b09cc6",
    "variable" => "BRIDGEPVTCALLID"
  },
  variables: %{}
}
[2025-04-16 04:59:27.706771Z] %ElixirAmi.Event{
  event: "varset",
  source: :asterisk_connection,
  action_id: nil,
  keys: %{
    "accountcode" => "",
    "calleridname" => "101",
    "calleridnum" => "101",
    "channel" => "PJSIP/101-00000091",
    "channelstate" => "6",
    "channelstatedesc" => "Up",
    "connectedlinename" => "102",
    "connectedlinenum" => "102",
    "context" => "org_all",
    "exten" => "102",
    "language" => "en",
    "linkedid" => "1744779566.218",
    "priority" => "2",
    "privilege" => "dialplan,all",
    "uniqueid" => "1744779566.218",
    "value" => "PJSIP/102-00000092",
    "variable" => "BRIDGEPEER"
  },
  variables: %{}
}
[2025-04-16 04:59:27.706988Z] %ElixirAmi.Event{
  event: "varset",
  source: :asterisk_connection,
  action_id: nil,
  keys: %{
    "accountcode" => "",
    "calleridname" => "101",
    "calleridnum" => "101",
    "channel" => "PJSIP/101-00000091",
    "channelstate" => "6",
    "channelstatedesc" => "Up",
    "connectedlinename" => "102",
    "connectedlinenum" => "102",
    "context" => "org_all",
    "exten" => "102",
    "language" => "en",
    "linkedid" => "1744779566.218",
    "priority" => "2",
    "privilege" => "dialplan,all",
    "uniqueid" => "1744779566.218",
    "value" => "d2eaa5d3-6f60-4252-be9e-92dd508fba0a",
    "variable" => "BRIDGEPVTCALLID"
  },
  variables: %{}
}
[2025-04-16 04:59:27.707046Z] %ElixirAmi.Event{
  event: "varset",
  source: :asterisk_connection,
  action_id: nil,
  keys: %{
    "accountcode" => "",
    "calleridname" => "102",
    "calleridnum" => "102",
    "channel" => "PJSIP/102-00000092",
    "channelstate" => "6",
    "channelstatedesc" => "Up",
    "connectedlinename" => "101",
    "connectedlinenum" => "101",
    "context" => "org_all",
    "exten" => "",
    "language" => "en",
    "linkedid" => "1744779566.218",
    "priority" => "1",
    "privilege" => "dialplan,all",
    "uniqueid" => "1744779566.219",
    "value" => "PJSIP/101-00000091",
    "variable" => "BRIDGEPEER"
  },
  variables: %{}
}
[2025-04-16 04:59:27.707190Z] %ElixirAmi.Event{
  event: "varset",
  source: :asterisk_connection,
  action_id: nil,
  keys: %{
    "accountcode" => "",
    "calleridname" => "102",
    "calleridnum" => "102",
    "channel" => "PJSIP/102-00000092",
    "channelstate" => "6",
    "channelstatedesc" => "Up",
    "connectedlinename" => "101",
    "connectedlinenum" => "101",
    "context" => "org_all",
    "exten" => "",
    "language" => "en",
    "linkedid" => "1744779566.218",
    "priority" => "1",
    "privilege" => "dialplan,all",
    "uniqueid" => "1744779566.219",
    "value" => "333eb9c7d6f243cbad240add31b09cc6",
    "variable" => "BRIDGEPVTCALLID"
  },
  variables: %{}
}
[2025-04-16 04:59:27.707384Z] %ElixirAmi.Event{
  event: "varset",
  source: :asterisk_connection,
  action_id: nil,
  keys: %{
    "accountcode" => "",
    "calleridname" => "101",
    "calleridnum" => "101",
    "channel" => "PJSIP/101-00000091",
    "channelstate" => "6",
    "channelstatedesc" => "Up",
    "connectedlinename" => "102",
    "connectedlinenum" => "102",
    "context" => "org_all",
    "exten" => "102",
    "language" => "en",
    "linkedid" => "1744779566.218",
    "priority" => "2",
    "privilege" => "dialplan,all",
    "uniqueid" => "1744779566.218",
    "value" => "PJSIP/102-00000092",
    "variable" => "BRIDGEPEER"
  },
  variables: %{}
}
[2025-04-16 04:59:27.707576Z] %ElixirAmi.Event{
  event: "varset",
  source: :asterisk_connection,
  action_id: nil,
  keys: %{
    "accountcode" => "",
    "calleridname" => "101",
    "calleridnum" => "101",
    "channel" => "PJSIP/101-00000091",
    "channelstate" => "6",
    "channelstatedesc" => "Up",
    "connectedlinename" => "102",
    "connectedlinenum" => "102",
    "context" => "org_all",
    "exten" => "102",
    "language" => "en",
    "linkedid" => "1744779566.218",
    "priority" => "2",
    "privilege" => "dialplan,all",
    "uniqueid" => "1744779566.218",
    "value" => "d2eaa5d3-6f60-4252-be9e-92dd508fba0a",
    "variable" => "BRIDGEPVTCALLID"
  },
  variables: %{}
}
[2025-04-16 04:59:27.707709Z] %ElixirAmi.Event{
  event: "varset",
  source: :asterisk_connection,
  action_id: nil,
  keys: %{
    "accountcode" => "",
    "calleridname" => "102",
    "calleridnum" => "102",
    "channel" => "PJSIP/102-00000092",
    "channelstate" => "6",
    "channelstatedesc" => "Up",
    "connectedlinename" => "101",
    "connectedlinenum" => "101",
    "context" => "org_all",
    "exten" => "",
    "language" => "en",
    "linkedid" => "1744779566.218",
    "priority" => "1",
    "privilege" => "dialplan,all",
    "uniqueid" => "1744779566.219",
    "value" => "PJSIP/101-00000091",
    "variable" => "BRIDGEPEER"
  },
  variables: %{}
}
[2025-04-16 04:59:27.707894Z] %ElixirAmi.Event{
  event: "varset",
  source: :asterisk_connection,
  action_id: nil,
  keys: %{
    "accountcode" => "",
    "calleridname" => "102",
    "calleridnum" => "102",
    "channel" => "PJSIP/102-00000092",
    "channelstate" => "6",
    "channelstatedesc" => "Up",
    "connectedlinename" => "101",
    "connectedlinenum" => "101",
    "context" => "org_all",
    "exten" => "",
    "language" => "en",
    "linkedid" => "1744779566.218",
    "priority" => "1",
    "privilege" => "dialplan,all",
    "uniqueid" => "1744779566.219",
    "value" => "333eb9c7d6f243cbad240add31b09cc6",
    "variable" => "BRIDGEPVTCALLID"
  },
  variables: %{}
}
[2025-04-16 04:59:27.708331Z] %ElixirAmi.Event{
  event: "rtcpreceived",
  source: :asterisk_connection,
  action_id: nil,
  keys: %{
    "accountcode" => "",
    "calleridname" => "101",
    "calleridnum" => "101",
    "channel" => "PJSIP/101-00000091",
    "channelstate" => "6",
    "channelstatedesc" => "Up",
    "connectedlinename" => "102",
    "connectedlinenum" => "102",
    "context" => "org_all",
    "exten" => "102",
    "from" => "192.168.0.16:4129",
    "language" => "en",
    "linkedid" => "1744779566.218",
    "mes" => "85.4",
    "priority" => "2",
    "privilege" => "reporting,all",
    "pt" => "201(RR)",
    "report0cumulativelost" => "0",
    "report0dlsr" => "0.0000",
    "report0fractionlost" => "0",
    "report0highestsequence" => "0",
    "report0iajitter" => "0",
    "report0lsr" => "0",
    "report0sequencenumbercycles" => "0",
    "report0sourcessrc" => "0x00000000",
    "reportcount" => "1",
    "rtt" => "0.0000",
    "ssrc" => "0x00000000",
    "to" => "192.168.0.16:14541",
    "uniqueid" => "1744779566.218"
  },
  variables: %{}
}
[2025-04-16 04:59:27.708833Z] %ElixirAmi.Event{
  event: "rtcpreceived",
  source: :asterisk_connection,
  action_id: nil,
  keys: %{
    "accountcode" => "",
    "calleridname" => "101",
    "calleridnum" => "101",
    "channel" => "PJSIP/101-00000091",
    "channelstate" => "6",
    "channelstatedesc" => "Up",
    "connectedlinename" => "102",
    "connectedlinenum" => "102",
    "context" => "org_all",
    "exten" => "102",
    "from" => "192.168.0.16:4129",
    "language" => "en",
    "linkedid" => "1744779566.218",
    "mes" => "85.4",
    "priority" => "2",
    "privilege" => "reporting,all",
    "pt" => "201(RR)",
    "report0cumulativelost" => "0",
    "report0dlsr" => "0.0000",
    "report0fractionlost" => "0",
    "report0highestsequence" => "0",
    "report0iajitter" => "0",
    "report0lsr" => "0",
    "report0sequencenumbercycles" => "0",
    "report0sourcessrc" => "0x00000000",
    "reportcount" => "1",
    "rtt" => "0.0000",
    "ssrc" => "0x00000000",
    "to" => "192.168.0.16:14541",
    "uniqueid" => "1744779566.218"
  },
  variables: %{}
}
[2025-04-16 04:59:27.709205Z] %ElixirAmi.Event{
  event: "varset",
  source: :asterisk_connection,
  action_id: nil,
  keys: %{
    "accountcode" => "",
    "calleridname" => "101",
    "calleridnum" => "101",
    "channel" => "PJSIP/101-00000091",
    "channelstate" => "6",
    "channelstatedesc" => "Up",
    "connectedlinename" => "102",
    "connectedlinenum" => "102",
    "context" => "org_all",
    "exten" => "102",
    "language" => "en",
    "linkedid" => "1744779566.218",
    "priority" => "2",
    "privilege" => "dialplan,all",
    "uniqueid" => "1744779566.218",
    "value" => "/home/rawmn/AsteriskConnector/priv/recordings/101_102_2025-04-161744779566.218.wav",
    "variable" => "MIXMONITOR_FILENAME"
  },
  variables: %{}
}
[2025-04-16 04:59:27.709357Z] %ElixirAmi.Event{
  event: "mixmonitorstart",
  source: :asterisk_connection,
  action_id: nil,
  keys: %{
    "accountcode" => "",
    "calleridname" => "101",
    "calleridnum" => "101",
    "channel" => "PJSIP/101-00000091",
    "channelstate" => "6",
    "channelstatedesc" => "Up",
    "connectedlinename" => "102",
    "connectedlinenum" => "102",
    "context" => "org_all",
    "exten" => "102",
    "language" => "en",
    "linkedid" => "1744779566.218",
    "priority" => "2",
    "privilege" => "call,all",
    "uniqueid" => "1744779566.218"
  },
  variables: %{}
}
[2025-04-16 04:59:27.709580Z] %ElixirAmi.Event{
  event: "varset",
  source: :asterisk_connection,
  action_id: nil,
  keys: %{
    "accountcode" => "",
    "calleridname" => "101",
    "calleridnum" => "101",
    "channel" => "PJSIP/101-00000091",
    "channelstate" => "6",
    "channelstatedesc" => "Up",
    "connectedlinename" => "102",
    "connectedlinenum" => "102",
    "context" => "org_all",
    "exten" => "102",
    "language" => "en",
    "linkedid" => "1744779566.218",
    "priority" => "2",
    "privilege" => "dialplan,all",
    "uniqueid" => "1744779566.218",
    "value" => "PJSIP/102-00000092",
    "variable" => "BRIDGEPEER"
  },
  variables: %{}
}
[2025-04-16 04:59:27.709794Z] %ElixirAmi.Event{
  event: "varset",
  source: :asterisk_connection,
  action_id: nil,
  keys: %{
    "accountcode" => "",
    "calleridname" => "101",
    "calleridnum" => "101",
    "channel" => "PJSIP/101-00000091",
    "channelstate" => "6",
    "channelstatedesc" => "Up",
    "connectedlinename" => "102",
    "connectedlinenum" => "102",
    "context" => "org_all",
    "exten" => "102",
    "language" => "en",
    "linkedid" => "1744779566.218",
    "priority" => "2",
    "privilege" => "dialplan,all",
    "uniqueid" => "1744779566.218",
    "value" => "d2eaa5d3-6f60-4252-be9e-92dd508fba0a",
    "variable" => "BRIDGEPVTCALLID"
  },
  variables: %{}
}
[2025-04-16 04:59:27.710001Z] %ElixirAmi.Event{
  event: "varset",
  source: :asterisk_connection,
  action_id: nil,
  keys: %{
    "accountcode" => "",
    "calleridname" => "102",
    "calleridnum" => "102",
    "channel" => "PJSIP/102-00000092",
    "channelstate" => "6",
    "channelstatedesc" => "Up",
    "connectedlinename" => "101",
    "connectedlinenum" => "101",
    "context" => "org_all",
    "exten" => "",
    "language" => "en",
    "linkedid" => "1744779566.218",
    "priority" => "1",
    "privilege" => "dialplan,all",
    "uniqueid" => "1744779566.219",
    "value" => "PJSIP/101-00000091",
    "variable" => "BRIDGEPEER"
  },
  variables: %{}
}
[2025-04-16 04:59:27.710286Z] %ElixirAmi.Event{
  event: "varset",
  source: :asterisk_connection,
  action_id: nil,
  keys: %{
    "accountcode" => "",
    "calleridname" => "102",
    "calleridnum" => "102",
    "channel" => "PJSIP/102-00000092",
    "channelstate" => "6",
    "channelstatedesc" => "Up",
    "connectedlinename" => "101",
    "connectedlinenum" => "101",
    "context" => "org_all",
    "exten" => "",
    "language" => "en",
    "linkedid" => "1744779566.218",
    "priority" => "1",
    "privilege" => "dialplan,all",
    "uniqueid" => "1744779566.219",
    "value" => "333eb9c7d6f243cbad240add31b09cc6",
    "variable" => "BRIDGEPVTCALLID"
  },
  variables: %{}
}
[2025-04-16 04:59:27.710508Z] %ElixirAmi.Event{
  event: "varset",
  source: :asterisk_connection,
  action_id: nil,
  keys: %{
    "accountcode" => "",
    "calleridname" => "101",
    "calleridnum" => "101",
    "channel" => "PJSIP/101-00000091",
    "channelstate" => "6",
    "channelstatedesc" => "Up",
    "connectedlinename" => "102",
    "connectedlinenum" => "102",
    "context" => "org_all",
    "exten" => "102",
    "language" => "en",
    "linkedid" => "1744779566.218",
    "priority" => "2",
    "privilege" => "dialplan,all",
    "uniqueid" => "1744779566.218",
    "value" => "PJSIP/102-00000092",
    "variable" => "BRIDGEPEER"
  },
  variables: %{}
}
[2025-04-16 04:59:27.710682Z] %ElixirAmi.Event{
  event: "varset",
  source: :asterisk_connection,
  action_id: nil,
  keys: %{
    "accountcode" => "",
    "calleridname" => "101",
    "calleridnum" => "101",
    "channel" => "PJSIP/101-00000091",
    "channelstate" => "6",
    "channelstatedesc" => "Up",
    "connectedlinename" => "102",
    "connectedlinenum" => "102",
    "context" => "org_all",
    "exten" => "102",
    "language" => "en",
    "linkedid" => "1744779566.218",
    "priority" => "2",
    "privilege" => "dialplan,all",
    "uniqueid" => "1744779566.218",
    "value" => "d2eaa5d3-6f60-4252-be9e-92dd508fba0a",
    "variable" => "BRIDGEPVTCALLID"
  },
  variables: %{}
}
[2025-04-16 04:59:27.710867Z] %ElixirAmi.Event{
  event: "varset",
  source: :asterisk_connection,
  action_id: nil,
  keys: %{
    "accountcode" => "",
    "calleridname" => "102",
    "calleridnum" => "102",
    "channel" => "PJSIP/102-00000092",
    "channelstate" => "6",
    "channelstatedesc" => "Up",
    "connectedlinename" => "101",
    "connectedlinenum" => "101",
    "context" => "org_all",
    "exten" => "",
    "language" => "en",
    "linkedid" => "1744779566.218",
    "priority" => "1",
    "privilege" => "dialplan,all",
    "uniqueid" => "1744779566.219",
    "value" => "PJSIP/101-00000091",
    "variable" => "BRIDGEPEER"
  },
  variables: %{}
}
[2025-04-16 04:59:27.711195Z] %ElixirAmi.Event{
  event: "varset",
  source: :asterisk_connection,
  action_id: nil,
  keys: %{
    "accountcode" => "",
    "calleridname" => "102",
    "calleridnum" => "102",
    "channel" => "PJSIP/102-00000092",
    "channelstate" => "6",
    "channelstatedesc" => "Up",
    "connectedlinename" => "101",
    "connectedlinenum" => "101",
    "context" => "org_all",
    "exten" => "",
    "language" => "en",
    "linkedid" => "1744779566.218",
    "priority" => "1",
    "privilege" => "dialplan,all",
    "uniqueid" => "1744779566.219",
    "value" => "333eb9c7d6f243cbad240add31b09cc6",
    "variable" => "BRIDGEPVTCALLID"
  },
  variables: %{}
}
[2025-04-16 04:59:27.711368Z] %ElixirAmi.Event{
  event: "varset",
  source: :asterisk_connection,
  action_id: nil,
  keys: %{
    "accountcode" => "",
    "calleridname" => "101",
    "calleridnum" => "101",
    "channel" => "PJSIP/101-00000091",
    "channelstate" => "6",
    "channelstatedesc" => "Up",
    "connectedlinename" => "102",
    "connectedlinenum" => "102",
    "context" => "org_all",
    "exten" => "102",
    "language" => "en",
    "linkedid" => "1744779566.218",
    "priority" => "2",
    "privilege" => "dialplan,all",
    "uniqueid" => "1744779566.218",
    "value" => "PJSIP/102-00000092",
    "variable" => "BRIDGEPEER"
  },
  variables: %{}
}
[2025-04-16 04:59:27.711612Z] %ElixirAmi.Event{
  event: "varset",
  source: :asterisk_connection,
  action_id: nil,
  keys: %{
    "accountcode" => "",
    "calleridname" => "101",
    "calleridnum" => "101",
    "channel" => "PJSIP/101-00000091",
    "channelstate" => "6",
    "channelstatedesc" => "Up",
    "connectedlinename" => "102",
    "connectedlinenum" => "102",
    "context" => "org_all",
    "exten" => "102",
    "language" => "en",
    "linkedid" => "1744779566.218",
    "priority" => "2",
    "privilege" => "dialplan,all",
    "uniqueid" => "1744779566.218",
    "value" => "d2eaa5d3-6f60-4252-be9e-92dd508fba0a",
    "variable" => "BRIDGEPVTCALLID"
  },
  variables: %{}
}
[2025-04-16 04:59:27.711831Z] %ElixirAmi.Event{
  event: "varset",
  source: :asterisk_connection,
  action_id: nil,
  keys: %{
    "accountcode" => "",
    "calleridname" => "102",
    "calleridnum" => "102",
    "channel" => "PJSIP/102-00000092",
    "channelstate" => "6",
    "channelstatedesc" => "Up",
    "connectedlinename" => "101",
    "connectedlinenum" => "101",
    "context" => "org_all",
    "exten" => "",
    "language" => "en",
    "linkedid" => "1744779566.218",
    "priority" => "1",
    "privilege" => "dialplan,all",
    "uniqueid" => "1744779566.219",
    "value" => "PJSIP/101-00000091",
    "variable" => "BRIDGEPEER"
  },
  variables: %{}
}
[2025-04-16 04:59:27.712057Z] %ElixirAmi.Event{
  event: "varset",
  source: :asterisk_connection,
  action_id: nil,
  keys: %{
    "accountcode" => "",
    "calleridname" => "102",
    "calleridnum" => "102",
    "channel" => "PJSIP/102-00000092",
    "channelstate" => "6",
    "channelstatedesc" => "Up",
    "connectedlinename" => "101",
    "connectedlinenum" => "101",
    "context" => "org_all",
    "exten" => "",
    "language" => "en",
    "linkedid" => "1744779566.218",
    "priority" => "1",
    "privilege" => "dialplan,all",
    "uniqueid" => "1744779566.219",
    "value" => "333eb9c7d6f243cbad240add31b09cc6",
    "variable" => "BRIDGEPVTCALLID"
  },
  variables: %{}
}
[2025-04-16 04:59:27.718752Z] %ElixirAmi.Event{
  event: "varset",
  source: :asterisk_connection,
  action_id: nil,
  keys: %{
    "accountcode" => "",
    "calleridname" => "101",
    "calleridnum" => "101",
    "channel" => "PJSIP/101-00000091",
    "channelstate" => "6",
    "channelstatedesc" => "Up",
    "connectedlinename" => "102",
    "connectedlinenum" => "102",
    "context" => "org_all",
    "exten" => "102",
    "language" => "en",
    "linkedid" => "1744779566.218",
    "priority" => "2",
    "privilege" => "dialplan,all",
    "uniqueid" => "1744779566.218",
    "value" => "PJSIP/102-00000092",
    "variable" => "BRIDGEPEER"
  },
  variables: %{}
}
[2025-04-16 04:59:27.718954Z] %ElixirAmi.Event{
  event: "varset",
  source: :asterisk_connection,
  action_id: nil,
  keys: %{
    "accountcode" => "",
    "calleridname" => "101",
    "calleridnum" => "101",
    "channel" => "PJSIP/101-00000091",
    "channelstate" => "6",
    "channelstatedesc" => "Up",
    "connectedlinename" => "102",
    "connectedlinenum" => "102",
    "context" => "org_all",
    "exten" => "102",
    "language" => "en",
    "linkedid" => "1744779566.218",
    "priority" => "2",
    "privilege" => "dialplan,all",
    "uniqueid" => "1744779566.218",
    "value" => "d2eaa5d3-6f60-4252-be9e-92dd508fba0a",
    "variable" => "BRIDGEPVTCALLID"
  },
  variables: %{}
}
[2025-04-16 04:59:27.719174Z] %ElixirAmi.Event{
  event: "varset",
  source: :asterisk_connection,
  action_id: nil,
  keys: %{
    "accountcode" => "",
    "calleridname" => "102",
    "calleridnum" => "102",
    "channel" => "PJSIP/102-00000092",
    "channelstate" => "6",
    "channelstatedesc" => "Up",
    "connectedlinename" => "101",
    "connectedlinenum" => "101",
    "context" => "org_all",
    "exten" => "",
    "language" => "en",
    "linkedid" => "1744779566.218",
    "priority" => "1",
    "privilege" => "dialplan,all",
    "uniqueid" => "1744779566.219",
    "value" => "PJSIP/101-00000091",
    "variable" => "BRIDGEPEER"
  },
  variables: %{}
}
[2025-04-16 04:59:27.719444Z] %ElixirAmi.Event{
  event: "varset",
  source: :asterisk_connection,
  action_id: nil,
  keys: %{
    "accountcode" => "",
    "calleridname" => "102",
    "calleridnum" => "102",
    "channel" => "PJSIP/102-00000092",
    "channelstate" => "6",
    "channelstatedesc" => "Up",
    "connectedlinename" => "101",
    "connectedlinenum" => "101",
    "context" => "org_all",
    "exten" => "",
    "language" => "en",
    "linkedid" => "1744779566.218",
    "priority" => "1",
    "privilege" => "dialplan,all",
    "uniqueid" => "1744779566.219",
    "value" => "333eb9c7d6f243cbad240add31b09cc6",
    "variable" => "BRIDGEPVTCALLID"
  },
  variables: %{}
}
[2025-04-16 04:59:27.896943Z] %ElixirAmi.Event{
  event: "rtcpreceived",
  source: :asterisk_connection,
  action_id: nil,
  keys: %{
    "pt" => "200(SR)",
    "report0highestsequence" => "6613",
    "mes" => "85.4",
    "privilege" => "reporting,all",
    "channelstatedesc" => "Up",
    "uniqueid" => "1744779566.218",
    "sentntp" => "1744804767.193899",
    "report0fractionlost" => "0",
    "sentpackets" => "10",
    "report0lsr" => "0",
    "linkedid" => "1744779566.218",
    "ssrc" => "0xebaa1a1f",
    "exten" => "102",
    "channel" => "PJSIP/101-00000091",
    "report0iajitter" => "0",
    "sentrtp" => "1544",
    "context" => "org_all",
    "connectedlinename" => "102",
    "priority" => "2",
    "rtt" => "0.0000",
    "to" => "192.168.0.16:14541",
    "reportcount" => "1",
    "language" => "en",
    "sentoctets" => "1600",
    "calleridname" => "101",
    "from" => "192.168.0.16:4129",
    "report0cumulativelost" => "0",
    "report0sequencenumbercycles" => "0",
    "calleridnum" => "101",
    "channelstate" => "6",
    "accountcode" => "",
    "report0dlsr" => "0.0000",
    "report0sourcessrc" => "0x34490290",
    "connectedlinenum" => "102"
  },
  variables: %{}
}
[2025-04-16 04:59:27.906278Z] %ElixirAmi.Event{
  event: "rtcpreceived",
  source: :asterisk_connection,
  action_id: nil,
  keys: %{
    "pt" => "200(SR)",
    "report0highestsequence" => "14921",
    "mes" => "85.4",
    "privilege" => "reporting,all",
    "channelstatedesc" => "Up",
    "uniqueid" => "1744779566.219",
    "sentntp" => "1744804767.204777",
    "report0fractionlost" => "0",
    "sentpackets" => "10",
    "report0lsr" => "0",
    "linkedid" => "1744779566.218",
    "ssrc" => "0xebaa1a1f",
    "exten" => "",
    "channel" => "PJSIP/102-00000092",
    "report0iajitter" => "0",
    "sentrtp" => "1632",
    "context" => "org_all",
    "connectedlinename" => "101",
    "priority" => "1",
    "rtt" => "0.0000",
    "to" => "192.168.0.16:17697",
    "reportcount" => "1",
    "language" => "en",
    "sentoctets" => "1600",
    "calleridname" => "102",
    "from" => "192.168.0.16:4163",
    "report0cumulativelost" => "0",
    "report0sequencenumbercycles" => "0",
    "calleridnum" => "102",
    "channelstate" => "6",
    "accountcode" => "",
    "report0dlsr" => "0.0000",
    "report0sourcessrc" => "0x531404a1",
    "connectedlinenum" => "101"
  },
  variables: %{}
}
[2025-04-16 04:59:29.189789Z] %ElixirAmi.Event{
  event: "rtcpreceived",
  source: :asterisk_connection,
  action_id: nil,
  keys: %{
    "pt" => "200(SR)",
    "report0highestsequence" => "6677",
    "mes" => "85.4",
    "privilege" => "reporting,all",
    "channelstatedesc" => "Up",
    "uniqueid" => "1744779566.218",
    "sentntp" => "1744804768.486625",
    "report0fractionlost" => "0",
    "sentpackets" => "75",
    "report0lsr" => "0",
    "linkedid" => "1744779566.218",
    "ssrc" => "0xebaa1a20",
    "exten" => "102",
    "channel" => "PJSIP/101-00000091",
    "report0iajitter" => "6",
    "sentrtp" => "11888",
    "context" => "org_all",
    "connectedlinename" => "102",
    "priority" => "2",
    "rtt" => "0.0000",
    "to" => "192.168.0.16:14541",
    "reportcount" => "1",
    "language" => "en",
    "sentoctets" => "12000",
    "calleridname" => "101",
    "from" => "192.168.0.16:4129",
    "report0cumulativelost" => "0",
    "report0sequencenumbercycles" => "0",
    "calleridnum" => "101",
    "channelstate" => "6",
    "accountcode" => "",
    "report0dlsr" => "0.0000",
    "report0sourcessrc" => "0x34490290",
    "connectedlinenum" => "102"
  },
  variables: %{}
}
[2025-04-16 04:59:29.190489Z] %ElixirAmi.Event{
  event: "rtcpreceived",
  source: :asterisk_connection,
  action_id: nil,
  keys: %{
    "accountcode" => "",
    "calleridname" => "101",
    "calleridnum" => "101",
    "channel" => "PJSIP/101-00000091",
    "channelstate" => "6",
    "channelstatedesc" => "Up",
    "connectedlinename" => "102",
    "connectedlinenum" => "102",
    "context" => "org_all",
    "exten" => "102",
    "from" => "192.168.0.16:4129",
    "language" => "en",
    "linkedid" => "1744779566.218",
    "mes" => "85.4",
    "priority" => "2",
    "privilege" => "reporting,all",
    "pt" => "201(RR)",
    "report0cumulativelost" => "0",
    "report0dlsr" => "0.0000",
    "report0fractionlost" => "0",
    "report0highestsequence" => "6677",
    "report0iajitter" => "6",
    "report0lsr" => "0",
    "report0sequencenumbercycles" => "0",
    "report0sourcessrc" => "0x34490290",
    "reportcount" => "1",
    "rtt" => "0.0000",
    "ssrc" => "0x34490290",
    "to" => "192.168.0.16:14541",
    "uniqueid" => "1744779566.218"
  },
  variables: %{}
}
[2025-04-16 04:59:29.190841Z] %ElixirAmi.Event{
  event: "varset",
  source: :asterisk_connection,
  action_id: nil,
  keys: %{
    "accountcode" => "",
    "calleridname" => "101",
    "calleridnum" => "101",
    "channel" => "PJSIP/101-00000091",
    "channelstate" => "6",
    "channelstatedesc" => "Up",
    "connectedlinename" => "102",
    "connectedlinenum" => "102",
    "context" => "org_all",
    "exten" => "102",
    "language" => "en",
    "linkedid" => "1744779566.218",
    "priority" => "2",
    "privilege" => "dialplan,all",
    "uniqueid" => "1744779566.218",
    "value" => "ssrc=877200016;themssrc=1393820833;lp=0;rxjitter=0.000750;rxcount=75;txjitter=0.000875;txcount=74;rlp=0;rtt=0.000000;rxmes=85.367289;txmes=0.000000",
    "variable" => "RTPAUDIOQOS"
  },
  variables: %{}
}
[2025-04-16 04:59:29.191111Z] %ElixirAmi.Event{
  event: "varset",
  source: :asterisk_connection,
  action_id: nil,
  keys: %{
    "accountcode" => "",
    "calleridname" => "102",
    "calleridnum" => "102",
    "channel" => "PJSIP/102-00000092",
    "channelstate" => "6",
    "channelstatedesc" => "Up",
    "connectedlinename" => "101",
    "connectedlinenum" => "101",
    "context" => "org_all",
    "exten" => "",
    "language" => "en",
    "linkedid" => "1744779566.218",
    "priority" => "1",
    "privilege" => "dialplan,all",
    "uniqueid" => "1744779566.219",
    "value" => "ssrc=877200016;themssrc=1393820833;lp=0;rxjitter=0.000750;rxcount=75;txjitter=0.000875;txcount=74;rlp=0;rtt=0.000000;rxmes=85.367289;txmes=0.000000",
    "variable" => "RTPAUDIOQOSBRIDGED"
  },
  variables: %{}
}
[2025-04-16 04:59:29.191386Z] %ElixirAmi.Event{
  event: "varset",
  source: :asterisk_connection,
  action_id: nil,
  keys: %{
    "accountcode" => "",
    "calleridname" => "101",
    "calleridnum" => "101",
    "channel" => "PJSIP/101-00000091",
    "channelstate" => "6",
    "channelstatedesc" => "Up",
    "connectedlinename" => "102",
    "connectedlinenum" => "102",
    "context" => "org_all",
    "exten" => "102",
    "language" => "en",
    "linkedid" => "1744779566.218",
    "priority" => "2",
    "privilege" => "dialplan,all",
    "uniqueid" => "1744779566.218",
    "value" => "minrxjitter=000.000125;maxrxjitter=000.000875;avgrxjitter=000.000619;stdevrxjitter=000.000217;mintxjitter=000.000000;maxtxjitter=000.000750;avgtxjitter=000.000300;stdevtxjitter=000.000367;",
    "variable" => "RTPAUDIOQOSJITTER"
  },
  variables: %{}
}
[2025-04-16 04:59:29.191643Z] %ElixirAmi.Event{
  event: "varset",
  source: :asterisk_connection,
  action_id: nil,
  keys: %{
    "accountcode" => "",
    "calleridname" => "102",
    "calleridnum" => "102",
    "channel" => "PJSIP/102-00000092",
    "channelstate" => "6",
    "channelstatedesc" => "Up",
    "connectedlinename" => "101",
    "connectedlinenum" => "101",
    "context" => "org_all",
    "exten" => "",
    "language" => "en",
    "linkedid" => "1744779566.218",
    "priority" => "1",
    "privilege" => "dialplan,all",
    "uniqueid" => "1744779566.219",
    "value" => "minrxjitter=000.000125;maxrxjitter=000.000875;avgrxjitter=000.000619;stdevrxjitter=000.000217;mintxjitter=000.000000;maxtxjitter=000.000750;avgtxjitter=000.000300;stdevtxjitter=000.000367;",
    "variable" => "RTPAUDIOQOSJITTERBRIDGED"
  },
  variables: %{}
}
[2025-04-16 04:59:29.191900Z] %ElixirAmi.Event{
  event: "varset",
  source: :asterisk_connection,
  action_id: nil,
  keys: %{
    "accountcode" => "",
    "calleridname" => "101",
    "calleridnum" => "101",
    "channel" => "PJSIP/101-00000091",
    "channelstate" => "6",
    "channelstatedesc" => "Up",
    "connectedlinename" => "102",
    "connectedlinenum" => "102",
    "context" => "org_all",
    "exten" => "102",
    "language" => "en",
    "linkedid" => "1744779566.218",
    "priority" => "2",
    "privilege" => "dialplan,all",
    "uniqueid" => "1744779566.218",
    "value" => "minrxlost=000.000000;  maxrxlost=000.000000;  avgrxlost=000.000000;  stdevrxlost=000.000000;  mintxlost=000.000000;  maxtxlost=000.000000;  avgtxlost=000.000000;  stdevtxlost=000.000000;",
    "variable" => "RTPAUDIOQOSLOSS"
  },
  variables: %{}
}
[2025-04-16 04:59:29.192211Z] %ElixirAmi.Event{
  event: "varset",
  source: :asterisk_connection,
  action_id: nil,
  keys: %{
    "accountcode" => "",
    "calleridname" => "102",
    "calleridnum" => "102",
    "channel" => "PJSIP/102-00000092",
    "channelstate" => "6",
    "channelstatedesc" => "Up",
    "connectedlinename" => "101",
    "connectedlinenum" => "101",
    "context" => "org_all",
    "exten" => "",
    "language" => "en",
    "linkedid" => "1744779566.218",
    "priority" => "1",
    "privilege" => "dialplan,all",
    "uniqueid" => "1744779566.219",
    "value" => "minrxlost=000.000000;  maxrxlost=000.000000;  avgrxlost=000.000000;  stdevrxlost=000.000000;  mintxlost=000.000000;  maxtxlost=000.000000;  avgtxlost=000.000000;  stdevtxlost=000.000000;",
    "variable" => "RTPAUDIOQOSLOSSBRIDGED"
  },
  variables: %{}
}
[2025-04-16 04:59:29.192462Z] %ElixirAmi.Event{
  event: "varset",
  source: :asterisk_connection,
  action_id: nil,
  keys: %{
    "accountcode" => "",
    "calleridname" => "101",
    "calleridnum" => "101",
    "channel" => "PJSIP/101-00000091",
    "channelstate" => "6",
    "channelstatedesc" => "Up",
    "connectedlinename" => "102",
    "connectedlinenum" => "102",
    "context" => "org_all",
    "exten" => "102",
    "language" => "en",
    "linkedid" => "1744779566.218",
    "priority" => "2",
    "privilege" => "dialplan,all",
    "uniqueid" => "1744779566.218",
    "value" => "minrtt=000.000000;     maxrtt=000.000000;     avgrtt=000.000000;     stdevrtt=000.000000;",
    "variable" => "RTPAUDIOQOSRTT"
  },
  variables: %{}
}
[2025-04-16 04:59:29.192701Z] %ElixirAmi.Event{
  event: "varset",
  source: :asterisk_connection,
  action_id: nil,
  keys: %{
    "accountcode" => "",
    "calleridname" => "102",
    "calleridnum" => "102",
    "channel" => "PJSIP/102-00000092",
    "channelstate" => "6",
    "channelstatedesc" => "Up",
    "connectedlinename" => "101",
    "connectedlinenum" => "101",
    "context" => "org_all",
    "exten" => "",
    "language" => "en",
    "linkedid" => "1744779566.218",
    "priority" => "1",
    "privilege" => "dialplan,all",
    "uniqueid" => "1744779566.219",
    "value" => "minrtt=000.000000;     maxrtt=000.000000;     avgrtt=000.000000;     stdevrtt=000.000000;",
    "variable" => "RTPAUDIOQOSRTTBRIDGED"
  },
  variables: %{}
}
[2025-04-16 04:59:29.192951Z] %ElixirAmi.Event{
  event: "varset",
  source: :asterisk_connection,
  action_id: nil,
  keys: %{
    "accountcode" => "",
    "calleridname" => "101",
    "calleridnum" => "101",
    "channel" => "PJSIP/101-00000091",
    "channelstate" => "6",
    "channelstatedesc" => "Up",
    "connectedlinename" => "102",
    "connectedlinenum" => "102",
    "context" => "org_all",
    "exten" => "102",
    "language" => "en",
    "linkedid" => "1744779566.218",
    "priority" => "2",
    "privilege" => "dialplan,all",
    "uniqueid" => "1744779566.218",
    "value" => "minrxmes=000.000000;   maxrxmes=000.000000;   avgrxmes=000.000000;   stdevrxmes=000.000217;   mintxmes=085.367289;   maxtxmes=085.367289;   avgtxmes=085.367289;   stdevtxmes=000.000000;",
    "variable" => "RTPAUDIOQOSMES"
  },
  variables: %{}
}
[2025-04-16 04:59:29.193221Z] %ElixirAmi.Event{
  event: "varset",
  source: :asterisk_connection,
  action_id: nil,
  keys: %{
    "accountcode" => "",
    "calleridname" => "102",
    "calleridnum" => "102",
    "channel" => "PJSIP/102-00000092",
    "channelstate" => "6",
    "channelstatedesc" => "Up",
    "connectedlinename" => "101",
    "connectedlinenum" => "101",
    "context" => "org_all",
    "exten" => "",
    "language" => "en",
    "linkedid" => "1744779566.218",
    "priority" => "1",
    "privilege" => "dialplan,all",
    "uniqueid" => "1744779566.219",
    "value" => "minrxmes=000.000000;   maxrxmes=000.000000;   avgrxmes=000.000000;   stdevrxmes=000.000217;   mintxmes=085.367289;   maxtxmes=085.367289;   avgtxmes=085.367289;   stdevtxmes=000.000000;",
    "variable" => "RTPAUDIOQOSMESBRIDGED"
  },
  variables: %{}
}
[2025-04-16 04:59:29.193420Z] %ElixirAmi.Event{
  event: "hanguprequest",
  source: :asterisk_connection,
  action_id: nil,
  keys: %{
    "accountcode" => "",
    "calleridname" => "101",
    "calleridnum" => "101",
    "channel" => "PJSIP/101-00000091",
    "channelstate" => "6",
    "channelstatedesc" => "Up",
    "connectedlinename" => "102",
    "connectedlinenum" => "102",
    "context" => "org_all",
    "exten" => "102",
    "language" => "en",
    "linkedid" => "1744779566.218",
    "priority" => "2",
    "privilege" => "call,all",
    "uniqueid" => "1744779566.218"
  },
  variables: %{}
}
[2025-04-16 04:59:29.193670Z] %ElixirAmi.Event{
  event: "varset",
  source: :asterisk_connection,
  action_id: nil,
  keys: %{
    "accountcode" => "",
    "calleridname" => "101",
    "calleridnum" => "101",
    "channel" => "PJSIP/101-00000091",
    "channelstate" => "6",
    "channelstatedesc" => "Up",
    "connectedlinename" => "102",
    "connectedlinenum" => "102",
    "context" => "org_all",
    "exten" => "102",
    "language" => "en",
    "linkedid" => "1744779566.218",
    "priority" => "2",
    "privilege" => "dialplan,all",
    "uniqueid" => "1744779566.218",
    "value" => "",
    "variable" => "BRIDGEPEER"
  },
  variables: %{}
}
[2025-04-16 04:59:29.193865Z] %ElixirAmi.Event{
  event: "varset",
  source: :asterisk_connection,
  action_id: nil,
  keys: %{
    "accountcode" => "",
    "calleridname" => "101",
    "calleridnum" => "101",
    "channel" => "PJSIP/101-00000091",
    "channelstate" => "6",
    "channelstatedesc" => "Up",
    "connectedlinename" => "102",
    "connectedlinenum" => "102",
    "context" => "org_all",
    "exten" => "102",
    "language" => "en",
    "linkedid" => "1744779566.218",
    "priority" => "2",
    "privilege" => "dialplan,all",
    "uniqueid" => "1744779566.218",
    "value" => "",
    "variable" => "BRIDGEPVTCALLID"
  },
  variables: %{}
}
[2025-04-16 04:59:29.194088Z] %ElixirAmi.Event{
  event: "varset",
  source: :asterisk_connection,
  action_id: nil,
  keys: %{
    "accountcode" => "",
    "calleridname" => "102",
    "calleridnum" => "102",
    "channel" => "PJSIP/102-00000092",
    "channelstate" => "6",
    "channelstatedesc" => "Up",
    "connectedlinename" => "101",
    "connectedlinenum" => "101",
    "context" => "org_all",
    "exten" => "",
    "language" => "en",
    "linkedid" => "1744779566.218",
    "priority" => "1",
    "privilege" => "dialplan,all",
    "uniqueid" => "1744779566.219",
    "value" => "",
    "variable" => "BRIDGEPEER"
  },
  variables: %{}
}
[2025-04-16 04:59:29.194311Z] %ElixirAmi.Event{
  event: "varset",
  source: :asterisk_connection,
  action_id: nil,
  keys: %{
    "accountcode" => "",
    "calleridname" => "102",
    "calleridnum" => "102",
    "channel" => "PJSIP/102-00000092",
    "channelstate" => "6",
    "channelstatedesc" => "Up",
    "connectedlinename" => "101",
    "connectedlinenum" => "101",
    "context" => "org_all",
    "exten" => "",
    "language" => "en",
    "linkedid" => "1744779566.218",
    "priority" => "1",
    "privilege" => "dialplan,all",
    "uniqueid" => "1744779566.219",
    "value" => "",
    "variable" => "BRIDGEPVTCALLID"
  },
  variables: %{}
}
[2025-04-16 04:59:29.194591Z] %ElixirAmi.Event{
  event: "bridgeleave",
  source: :asterisk_connection,
  action_id: nil,
  keys: %{
    "accountcode" => "",
    "bridgecreator" => "<unknown>",
    "bridgename" => "<unknown>",
    "bridgenumchannels" => "1",
    "bridgetechnology" => "simple_bridge",
    "bridgetype" => "basic",
    "bridgeuniqueid" => "1c8eaca8-214f-494f-a3df-a5b6a70a32d7",
    "bridgevideosourcemode" => "none",
    "calleridname" => "101",
    "calleridnum" => "101",
    "channel" => "PJSIP/101-00000091",
    "channelstate" => "6",
    "channelstatedesc" => "Up",
    "connectedlinename" => "102",
    "connectedlinenum" => "102",
    "context" => "org_all",
    "exten" => "102",
    "language" => "en",
    "linkedid" => "1744779566.218",
    "priority" => "2",
    "privilege" => "call,all",
    "uniqueid" => "1744779566.218"
  },
  variables: %{}
}
[2025-04-16 04:59:29.194954Z] %ElixirAmi.Event{
  event: "bridgeleave",
  source: :asterisk_connection,
  action_id: nil,
  keys: %{
    "accountcode" => "",
    "bridgecreator" => "<unknown>",
    "bridgename" => "<unknown>",
    "bridgenumchannels" => "0",
    "bridgetechnology" => "simple_bridge",
    "bridgetype" => "basic",
    "bridgeuniqueid" => "1c8eaca8-214f-494f-a3df-a5b6a70a32d7",
    "bridgevideosourcemode" => "none",
    "calleridname" => "102",
    "calleridnum" => "102",
    "channel" => "PJSIP/102-00000092",
    "channelstate" => "6",
    "channelstatedesc" => "Up",
    "connectedlinename" => "101",
    "connectedlinenum" => "101",
    "context" => "org_all",
    "exten" => "",
    "language" => "en",
    "linkedid" => "1744779566.218",
    "priority" => "1",
    "privilege" => "call,all",
    "uniqueid" => "1744779566.219"
  },
  variables: %{}
}
[2025-04-16 04:59:29.195208Z] %ElixirAmi.Event{
  event: "varset",
  source: :asterisk_connection,
  action_id: nil,
  keys: %{
    "accountcode" => "",
    "calleridname" => "101",
    "calleridnum" => "101",
    "channel" => "PJSIP/101-00000091",
    "channelstate" => "6",
    "channelstatedesc" => "Up",
    "connectedlinename" => "102",
    "connectedlinenum" => "102",
    "context" => "org_all",
    "exten" => "102",
    "language" => "en",
    "linkedid" => "1744779566.218",
    "priority" => "2",
    "privilege" => "dialplan,all",
    "uniqueid" => "1744779566.218",
    "value" => "1",
    "variable" => "ANSWEREDTIME"
  },
  variables: %{}
}
[2025-04-16 04:59:29.195437Z] %ElixirAmi.Event{
  event: "varset",
  source: :asterisk_connection,
  action_id: nil,
  keys: %{
    "accountcode" => "",
    "calleridname" => "101",
    "calleridnum" => "101",
    "channel" => "PJSIP/101-00000091",
    "channelstate" => "6",
    "channelstatedesc" => "Up",
    "connectedlinename" => "102",
    "connectedlinenum" => "102",
    "context" => "org_all",
    "exten" => "102",
    "language" => "en",
    "linkedid" => "1744779566.218",
    "priority" => "2",
    "privilege" => "dialplan,all",
    "uniqueid" => "1744779566.218",
    "value" => "1488",
    "variable" => "ANSWEREDTIME_MS"
  },
  variables: %{}
}
[2025-04-16 04:59:29.195660Z] %ElixirAmi.Event{
  event: "varset",
  source: :asterisk_connection,
  action_id: nil,
  keys: %{
    "accountcode" => "",
    "calleridname" => "101",
    "calleridnum" => "101",
    "channel" => "PJSIP/101-00000091",
    "channelstate" => "6",
    "channelstatedesc" => "Up",
    "connectedlinename" => "102",
    "connectedlinenum" => "102",
    "context" => "org_all",
    "exten" => "102",
    "language" => "en",
    "linkedid" => "1744779566.218",
    "priority" => "2",
    "privilege" => "dialplan,all",
    "uniqueid" => "1744779566.218",
    "value" => "2",
    "variable" => "DIALEDTIME"
  },
  variables: %{}
}
[2025-04-16 04:59:29.195881Z] %ElixirAmi.Event{
  event: "varset",
  source: :asterisk_connection,
  action_id: nil,
  keys: %{
    "accountcode" => "",
    "calleridname" => "101",
    "calleridnum" => "101",
    "channel" => "PJSIP/101-00000091",
    "channelstate" => "6",
    "channelstatedesc" => "Up",
    "connectedlinename" => "102",
    "connectedlinenum" => "102",
    "context" => "org_all",
    "exten" => "102",
    "language" => "en",
    "linkedid" => "1744779566.218",
    "priority" => "2",
    "privilege" => "dialplan,all",
    "uniqueid" => "1744779566.218",
    "value" => "2506",
    "variable" => "DIALEDTIME_MS"
  },
  variables: %{}
}
[2025-04-16 04:59:29.196222Z] %ElixirAmi.Event{
  event: "varset",
  source: :asterisk_connection,
  action_id: nil,
  keys: %{
    "accountcode" => "",
    "calleridname" => "101",
    "calleridnum" => "101",
    "channel" => "PJSIP/101-00000091",
    "channelstate" => "6",
    "channelstatedesc" => "Up",
    "connectedlinename" => "102",
    "connectedlinenum" => "102",
    "context" => "org_all",
    "exten" => "102",
    "language" => "en",
    "linkedid" => "1744779566.218",
    "priority" => "2",
    "privilege" => "dialplan,all",
    "uniqueid" => "1744779566.218",
    "value" => "ANSWER",
    "variable" => "DIALSTATUS"
  },
  variables: %{}
}
[2025-04-16 04:59:29.196461Z] %ElixirAmi.Event{
  event: "softhanguprequest",
  source: :asterisk_connection,
  action_id: nil,
  keys: %{
    "accountcode" => "",
    "calleridname" => "101",
    "calleridnum" => "101",
    "cause" => "16",
    "channel" => "PJSIP/101-00000091",
    "channelstate" => "6",
    "channelstatedesc" => "Up",
    "connectedlinename" => "102",
    "connectedlinenum" => "102",
    "context" => "org_all",
    "exten" => "102",
    "language" => "en",
    "linkedid" => "1744779566.218",
    "priority" => "2",
    "privilege" => "call,all",
    "uniqueid" => "1744779566.218"
  },
  variables: %{}
}
[2025-04-16 04:59:29.196789Z] %ElixirAmi.Event{
  event: "varset",
  source: :asterisk_connection,
  action_id: nil,
  keys: %{
    "accountcode" => "",
    "calleridname" => "101",
    "calleridnum" => "101",
    "channel" => "PJSIP/101-00000091",
    "channelstate" => "6",
    "channelstatedesc" => "Up",
    "connectedlinename" => "102",
    "connectedlinenum" => "102",
    "context" => "org_all",
    "exten" => "102",
    "language" => "en",
    "linkedid" => "1744779566.218",
    "priority" => "2",
    "privilege" => "dialplan,all",
    "uniqueid" => "1744779566.218",
    "value" => "ssrc=877200016;themssrc=1393820833;lp=0;rxjitter=0.000750;rxcount=75;txjitter=0.000875;txcount=74;rlp=0;rtt=0.000000;rxmes=85.367289;txmes=0.000000",
    "variable" => "RTPAUDIOQOS"
  },
  variables: %{}
}
[2025-04-16 04:59:29.197063Z] %ElixirAmi.Event{
  event: "varset",
  source: :asterisk_connection,
  action_id: nil,
  keys: %{
    "accountcode" => "",
    "calleridname" => "102",
    "calleridnum" => "102",
    "channel" => "PJSIP/102-00000092",
    "channelstate" => "6",
    "channelstatedesc" => "Up",
    "connectedlinename" => "101",
    "connectedlinenum" => "101",
    "context" => "org_all",
    "exten" => "",
    "language" => "en",
    "linkedid" => "1744779566.218",
    "priority" => "1",
    "privilege" => "dialplan,all",
    "uniqueid" => "1744779566.219",
    "value" => "ssrc=1333797198;themssrc=777331880;lp=0;rxjitter=0.000000;rxcount=74;txjitter=0.000750;txcount=75;rlp=0;rtt=0.000000;rxmes=85.367289;txmes=0.000000",
    "variable" => "RTPAUDIOQOS"
  },
  variables: %{}
}
[2025-04-16 04:59:29.197462Z] %ElixirAmi.Event{
  event: "varset",
  source: :asterisk_connection,
  action_id: nil,
  keys: %{
    "accountcode" => "",
    "calleridname" => "102",
    "calleridnum" => "102",
    "channel" => "PJSIP/102-00000092",
    "channelstate" => "6",
    "channelstatedesc" => "Up",
    "connectedlinename" => "101",
    "connectedlinenum" => "101",
    "context" => "org_all",
    "exten" => "",
    "language" => "en",
    "linkedid" => "1744779566.218",
    "priority" => "1",
    "privilege" => "dialplan,all",
    "uniqueid" => "1744779566.219",
    "value" => "minrxjitter=000.000000;maxrxjitter=000.000875;avgrxjitter=000.000578;stdevrxjitter=000.000219;mintxjitter=000.000000;maxtxjitter=000.000000;avgtxjitter=000.000000;stdevtxjitter=000.000000;",
    "variable" => "RTPAUDIOQOSJITTER"
  },
  variables: %{}
}
[2025-04-16 04:59:29.197733Z] %ElixirAmi.Event{
  event: "varset",
  source: :asterisk_connection,
  action_id: nil,
  keys: %{
    "accountcode" => "",
    "calleridname" => "101",
    "calleridnum" => "101",
    "channel" => "PJSIP/101-00000091",
    "channelstate" => "6",
    "channelstatedesc" => "Up",
    "connectedlinename" => "102",
    "connectedlinenum" => "102",
    "context" => "org_all",
    "exten" => "102",
    "language" => "en",
    "linkedid" => "1744779566.218",
    "priority" => "2",
    "privilege" => "dialplan,all",
    "uniqueid" => "1744779566.218",
    "value" => "minrxjitter=000.000125;maxrxjitter=000.000875;avgrxjitter=000.000619;stdevrxjitter=000.000217;mintxjitter=000.000000;maxtxjitter=000.000750;avgtxjitter=000.000300;stdevtxjitter=000.000367;",
    "variable" => "RTPAUDIOQOSJITTER"
  },
  variables: %{}
}
[2025-04-16 04:59:29.197979Z] %ElixirAmi.Event{
  event: "varset",
  source: :asterisk_connection,
  action_id: nil,
  keys: %{
    "accountcode" => "",
    "calleridname" => "102",
    "calleridnum" => "102",
    "channel" => "PJSIP/102-00000092",
    "channelstate" => "6",
    "channelstatedesc" => "Up",
    "connectedlinename" => "101",
    "connectedlinenum" => "101",
    "context" => "org_all",
    "exten" => "",
    "language" => "en",
    "linkedid" => "1744779566.218",
    "priority" => "1",
    "privilege" => "dialplan,all",
    "uniqueid" => "1744779566.219",
    "value" => "minrxlost=000.000000;  maxrxlost=000.000000;  avgrxlost=000.000000;  stdevrxlost=000.000000;  mintxlost=000.000000;  maxtxlost=000.000000;  avgtxlost=000.000000;  stdevtxlost=000.000000;",
    "variable" => "RTPAUDIOQOSLOSS"
  },
  variables: %{}
}
[2025-04-16 04:59:29.198205Z] %ElixirAmi.Event{
  event: "varset",
  source: :asterisk_connection,
  action_id: nil,
  keys: %{
    "accountcode" => "",
    "calleridname" => "101",
    "calleridnum" => "101",
    "channel" => "PJSIP/101-00000091",
    "channelstate" => "6",
    "channelstatedesc" => "Up",
    "connectedlinename" => "102",
    "connectedlinenum" => "102",
    "context" => "org_all",
    "exten" => "102",
    "language" => "en",
    "linkedid" => "1744779566.218",
    "priority" => "2",
    "privilege" => "dialplan,all",
    "uniqueid" => "1744779566.218",
    "value" => "minrxlost=000.000000;  maxrxlost=000.000000;  avgrxlost=000.000000;  stdevrxlost=000.000000;  mintxlost=000.000000;  maxtxlost=000.000000;  avgtxlost=000.000000;  stdevtxlost=000.000000;",
    "variable" => "RTPAUDIOQOSLOSS"
  },
  variables: %{}
}
[2025-04-16 04:59:29.198418Z] %ElixirAmi.Event{
  event: "varset",
  source: :asterisk_connection,
  action_id: nil,
  keys: %{
    "accountcode" => "",
    "calleridname" => "102",
    "calleridnum" => "102",
    "channel" => "PJSIP/102-00000092",
    "channelstate" => "6",
    "channelstatedesc" => "Up",
    "connectedlinename" => "101",
    "connectedlinenum" => "101",
    "context" => "org_all",
    "exten" => "",
    "language" => "en",
    "linkedid" => "1744779566.218",
    "priority" => "1",
    "privilege" => "dialplan,all",
    "uniqueid" => "1744779566.219",
    "value" => "minrtt=000.000000;     maxrtt=000.000000;     avgrtt=000.000000;     stdevrtt=000.000000;",
    "variable" => "RTPAUDIOQOSRTT"
  },
  variables: %{}
}
[2025-04-16 04:59:29.198616Z] %ElixirAmi.Event{
  event: "varset",
  source: :asterisk_connection,
  action_id: nil,
  keys: %{
    "accountcode" => "",
    "calleridname" => "101",
    "calleridnum" => "101",
    "channel" => "PJSIP/101-00000091",
    "channelstate" => "6",
    "channelstatedesc" => "Up",
    "connectedlinename" => "102",
    "connectedlinenum" => "102",
    "context" => "org_all",
    "exten" => "102",
    "language" => "en",
    "linkedid" => "1744779566.218",
    "priority" => "2",
    "privilege" => "dialplan,all",
    "uniqueid" => "1744779566.218",
    "value" => "minrtt=000.000000;     maxrtt=000.000000;     avgrtt=000.000000;     stdevrtt=000.000000;",
    "variable" => "RTPAUDIOQOSRTT"
  },
  variables: %{}
}
[2025-04-16 04:59:29.198862Z] %ElixirAmi.Event{
  event: "varset",
  source: :asterisk_connection,
  action_id: nil,
  keys: %{
    "accountcode" => "",
    "calleridname" => "102",
    "calleridnum" => "102",
    "channel" => "PJSIP/102-00000092",
    "channelstate" => "6",
    "channelstatedesc" => "Up",
    "connectedlinename" => "101",
    "connectedlinenum" => "101",
    "context" => "org_all",
    "exten" => "",
    "language" => "en",
    "linkedid" => "1744779566.218",
    "priority" => "1",
    "privilege" => "dialplan,all",
    "uniqueid" => "1744779566.219",
    "value" => "minrxmes=000.000000;   maxrxmes=000.000000;   avgrxmes=000.000000;   stdevrxmes=000.000219;   mintxmes=085.367289;   maxtxmes=085.367289;   avgtxmes=085.367289;   stdevtxmes=000.000000;",
    "variable" => "RTPAUDIOQOSMES"
  },
  variables: %{}
}
[2025-04-16 04:59:29.199096Z] %ElixirAmi.Event{
  event: "varset",
  source: :asterisk_connection,
  action_id: nil,
  keys: %{
    "accountcode" => "",
    "calleridname" => "101",
    "calleridnum" => "101",
    "channel" => "PJSIP/101-00000091",
    "channelstate" => "6",
    "channelstatedesc" => "Up",
    "connectedlinename" => "102",
    "connectedlinenum" => "102",
    "context" => "org_all",
    "exten" => "102",
    "language" => "en",
    "linkedid" => "1744779566.218",
    "priority" => "2",
    "privilege" => "dialplan,all",
    "uniqueid" => "1744779566.218",
    "value" => "minrxmes=000.000000;   maxrxmes=000.000000;   avgrxmes=000.000000;   stdevrxmes=000.000217;   mintxmes=085.367289;   maxtxmes=085.367289;   avgtxmes=085.367289;   stdevtxmes=000.000000;",
    "variable" => "RTPAUDIOQOSMES"
  },
  variables: %{}
}
[2025-04-16 04:59:29.199302Z] %ElixirAmi.Event{
  event: "hangup",
  source: :asterisk_connection,
  action_id: nil,
  keys: %{
    "accountcode" => "",
    "calleridname" => "101",
    "calleridnum" => "101",
    "cause" => "16",
    "cause-txt" => "Normal Clearing",
    "channel" => "PJSIP/101-00000091",
    "channelstate" => "6",
    "channelstatedesc" => "Up",
    "connectedlinename" => "102",
    "connectedlinenum" => "102",
    "context" => "org_all",
    "exten" => "102",
    "language" => "en",
    "linkedid" => "1744779566.218",
    "priority" => "2",
    "privilege" => "call,all",
    "uniqueid" => "1744779566.218"
  },
  variables: %{}
}
[2025-04-16 04:59:29.199515Z] %ElixirAmi.Event{
  event: "hangup",
  source: :asterisk_connection,
  action_id: nil,
  keys: %{
    "accountcode" => "",
    "calleridname" => "102",
    "calleridnum" => "102",
    "cause" => "16",
    "cause-txt" => "Normal Clearing",
    "channel" => "PJSIP/102-00000092",
    "channelstate" => "6",
    "channelstatedesc" => "Up",
    "connectedlinename" => "101",
    "connectedlinenum" => "101",
    "context" => "org_all",
    "exten" => "",
    "language" => "en",
    "linkedid" => "1744779566.218",
    "priority" => "1",
    "privilege" => "call,all",
    "uniqueid" => "1744779566.219"
  },
  variables: %{}
}
