[2025-04-10 16:44:09.258432Z] %ElixirAmi.Event{
  event: "varset",
  source: :asterisk_connection,
  action_id: nil,
  keys: %{
    "accountcode" => "",
    "calleridname" => "104",
    "calleridnum" => "104",
    "channel" => "PJSIP/104-000000c6",
    "channelstate" => "4",
    "channelstatedesc" => "Ring",
    "connectedlinename" => "<unknown>",
    "connectedlinenum" => "<unknown>",
    "context" => "org_all",
    "exten" => "102",
    "language" => "en",
    "linkedid" => "1744303449.297",
    "priority" => "2",
    "privilege" => "dialplan,all",
    "uniqueid" => "1744303449.297",
    "value" => "",
    "variable" => "DIALEDTIME_MS"
  },
  variables: %{}
}
[2025-04-10 16:44:09.258275Z] %ElixirAmi.Event{
  event: "newexten",
  source: :asterisk_connection,
  action_id: nil,
  keys: %{
    "accountcode" => "",
    "appdata" => "",
    "application" => "NoOp",
    "calleridname" => "104",
    "calleridnum" => "104",
    "channel" => "PJSIP/104-000000c6",
    "channelstate" => "4",
    "channelstatedesc" => "Ring",
    "connectedlinename" => "<unknown>",
    "connectedlinenum" => "<unknown>",
    "context" => "org_all",
    "exten" => "102",
    "extension" => "102",
    "language" => "en",
    "linkedid" => "1744303449.297",
    "priority" => "1",
    "privilege" => "dialplan,all",
    "uniqueid" => "1744303449.297"
  },
  variables: %{}
}
[2025-04-10 16:44:09.258398Z] %ElixirAmi.Event{
  event: "varset",
  source: :asterisk_connection,
  action_id: nil,
  keys: %{
    "accountcode" => "",
    "calleridname" => "104",
    "calleridnum" => "104",
    "channel" => "PJSIP/104-000000c6",
    "channelstate" => "4",
    "channelstatedesc" => "Ring",
    "connectedlinename" => "<unknown>",
    "connectedlinenum" => "<unknown>",
    "context" => "org_all",
    "exten" => "102",
    "language" => "en",
    "linkedid" => "1744303449.297",
    "priority" => "2",
    "privilege" => "dialplan,all",
    "uniqueid" => "1744303449.297",
    "value" => "",
    "variable" => "DIALEDPEERNUMBER"
  },
  variables: %{}
}
[2025-04-10 16:44:09.258282Z] %ElixirAmi.Event{
  event: "newchannel",
  source: :asterisk_connection,
  action_id: nil,
  keys: %{
    "accountcode" => "",
    "calleridname" => "104",
    "calleridnum" => "104",
    "channel" => "PJSIP/104-000000c6",
    "channelstate" => "4",
    "channelstatedesc" => "Ring",
    "connectedlinename" => "<unknown>",
    "connectedlinenum" => "<unknown>",
    "context" => "org_all",
    "exten" => "102",
    "language" => "en",
    "linkedid" => "1744303449.297",
    "priority" => "1",
    "privilege" => "call,all",
    "uniqueid" => "1744303449.297"
  },
  variables: %{}
}
[2025-04-10 16:44:09.258453Z] %ElixirAmi.Event{
  event: "varset",
  source: :asterisk_connection,
  action_id: nil,
  keys: %{
    "accountcode" => "",
    "calleridname" => "104",
    "calleridnum" => "104",
    "channel" => "PJSIP/104-000000c6",
    "channelstate" => "4",
    "channelstatedesc" => "Ring",
    "connectedlinename" => "<unknown>",
    "connectedlinenum" => "<unknown>",
    "context" => "org_all",
    "exten" => "102",
    "language" => "en",
    "linkedid" => "1744303449.297",
    "priority" => "2",
    "privilege" => "dialplan,all",
    "uniqueid" => "1744303449.297",
    "value" => "",
    "variable" => "RINGTIME_MS"
  },
  variables: %{}
}
[2025-04-10 16:44:09.258416Z] %ElixirAmi.Event{
  event: "varset",
  source: :asterisk_connection,
  action_id: nil,
  keys: %{
    "accountcode" => "",
    "calleridname" => "104",
    "calleridnum" => "104",
    "channel" => "PJSIP/104-000000c6",
    "channelstate" => "4",
    "channelstatedesc" => "Ring",
    "connectedlinename" => "<unknown>",
    "connectedlinenum" => "<unknown>",
    "context" => "org_all",
    "exten" => "102",
    "language" => "en",
    "linkedid" => "1744303449.297",
    "priority" => "2",
    "privilege" => "dialplan,all",
    "uniqueid" => "1744303449.297",
    "value" => "",
    "variable" => "ANSWEREDTIME"
  },
  variables: %{}
}
[2025-04-10 16:44:09.258272Z] %ElixirAmi.Event{
  event: "newexten",
  source: :asterisk_connection,
  action_id: nil,
  keys: %{
    "accountcode" => "",
    "appdata" => "PJSIP/102,20,",
    "application" => "Dial",
    "calleridname" => "104",
    "calleridnum" => "104",
    "channel" => "PJSIP/104-000000c6",
    "channelstate" => "4",
    "channelstatedesc" => "Ring",
    "connectedlinename" => "<unknown>",
    "connectedlinenum" => "<unknown>",
    "context" => "org_all",
    "exten" => "102",
    "extension" => "102",
    "language" => "en",
    "linkedid" => "1744303449.297",
    "priority" => "2",
    "privilege" => "dialplan,all",
    "uniqueid" => "1744303449.297"
  },
  variables: %{}
}
[2025-04-10 16:44:09.258554Z] %ElixirAmi.Event{
  event: "varset",
  source: :asterisk_connection,
  action_id: nil,
  keys: %{
    "accountcode" => "",
    "calleridname" => "104",
    "calleridnum" => "104",
    "channel" => "PJSIP/104-000000c6",
    "channelstate" => "4",
    "channelstatedesc" => "Ring",
    "connectedlinename" => "<unknown>",
    "connectedlinenum" => "<unknown>",
    "context" => "org_all",
    "exten" => "102",
    "language" => "en",
    "linkedid" => "1744303449.297",
    "priority" => "2",
    "privilege" => "dialplan,all",
    "uniqueid" => "1744303449.297",
    "value" => "",
    "variable" => "PROGRESSTIME"
  },
  variables: %{}
}
[2025-04-10 16:44:09.258280Z] %ElixirAmi.Event{
  event: "varset",
  source: :asterisk_connection,
  action_id: nil,
  keys: %{
    "accountcode" => "",
    "calleridname" => "104",
    "calleridnum" => "104",
    "channel" => "PJSIP/104-000000c6",
    "channelstate" => "4",
    "channelstatedesc" => "Ring",
    "connectedlinename" => "<unknown>",
    "connectedlinenum" => "<unknown>",
    "context" => "org_all",
    "exten" => "102",
    "language" => "en",
    "linkedid" => "1744303449.297",
    "priority" => "1",
    "privilege" => "dialplan,all",
    "uniqueid" => "1744303449.297",
    "value" => "192.168.0.16",
    "variable" => "SIPDOMAIN"
  },
  variables: %{}
}
[2025-04-10 16:44:09.258965Z] %ElixirAmi.Event{
  event: "newexten",
  source: :asterisk_connection,
  action_id: nil,
  keys: %{
    "accountcode" => "",
    "appdata" => "(Outgoing Line)",
    "application" => "AppDial",
    "calleridname" => "102",
    "calleridnum" => "102",
    "channel" => "PJSIP/102-000000c7",
    "channelstate" => "0",
    "channelstatedesc" => "Down",
    "connectedlinename" => "104",
    "connectedlinenum" => "104",
    "context" => "org_all",
    "exten" => "102",
    "extension" => "102",
    "language" => "en",
    "linkedid" => "1744303449.297",
    "priority" => "1",
    "privilege" => "dialplan,all",
    "uniqueid" => "1744303449.298"
  },
  variables: %{}
}
[2025-04-10 16:44:09.259102Z] %ElixirAmi.Event{
  event: "newconnectedline",
  source: :asterisk_connection,
  action_id: nil,
  keys: %{
    "accountcode" => "",
    "calleridname" => "102",
    "calleridnum" => "102",
    "channel" => "PJSIP/102-000000c7",
    "channelstate" => "0",
    "channelstatedesc" => "Down",
    "connectedlinename" => "104",
    "connectedlinenum" => "104",
    "context" => "org_all",
    "exten" => "102",
    "language" => "en",
    "linkedid" => "1744303449.297",
    "priority" => "1",
    "privilege" => "call,all",
    "uniqueid" => "1744303449.298"
  },
  variables: %{}
}
[2025-04-10 16:44:09.258801Z] %ElixirAmi.Event{
  event: "varset",
  source: :asterisk_connection,
  action_id: nil,
  keys: %{
    "accountcode" => "",
    "calleridname" => "102",
    "calleridnum" => "102",
    "channel" => "PJSIP/102-000000c7",
    "channelstate" => "0",
    "channelstatedesc" => "Down",
    "connectedlinename" => "<unknown>",
    "connectedlinenum" => "<unknown>",
    "context" => "org_all",
    "exten" => "s",
    "language" => "en",
    "linkedid" => "1744303449.297",
    "priority" => "1",
    "privilege" => "dialplan,all",
    "uniqueid" => "1744303449.298",
    "value" => "102",
    "variable" => "DIALEDPEERNUMBER"
  },
  variables: %{}
}
[2025-04-10 16:44:09.258390Z] %ElixirAmi.Event{
  event: "varset",
  source: :asterisk_connection,
  action_id: nil,
  keys: %{
    "accountcode" => "",
    "calleridname" => "104",
    "calleridnum" => "104",
    "channel" => "PJSIP/104-000000c6",
    "channelstate" => "4",
    "channelstatedesc" => "Ring",
    "connectedlinename" => "<unknown>",
    "connectedlinenum" => "<unknown>",
    "context" => "org_all",
    "exten" => "102",
    "language" => "en",
    "linkedid" => "1744303449.297",
    "priority" => "2",
    "privilege" => "dialplan,all",
    "uniqueid" => "1744303449.297",
    "value" => "",
    "variable" => "DIALSTATUS"
  },
  variables: %{}
}
[2025-04-10 16:44:09.258411Z] %ElixirAmi.Event{
  event: "varset",
  source: :asterisk_connection,
  action_id: nil,
  keys: %{
    "accountcode" => "",
    "calleridname" => "104",
    "calleridnum" => "104",
    "channel" => "PJSIP/104-000000c6",
    "channelstate" => "4",
    "channelstatedesc" => "Ring",
    "connectedlinename" => "<unknown>",
    "connectedlinenum" => "<unknown>",
    "context" => "org_all",
    "exten" => "102",
    "language" => "en",
    "linkedid" => "1744303449.297",
    "priority" => "2",
    "privilege" => "dialplan,all",
    "uniqueid" => "1744303449.297",
    "value" => "",
    "variable" => "DIALEDPEERNAME"
  },
  variables: %{}
}
[2025-04-10 16:44:09.258426Z] %ElixirAmi.Event{
  event: "varset",
  source: :asterisk_connection,
  action_id: nil,
  keys: %{
    "accountcode" => "",
    "calleridname" => "104",
    "calleridnum" => "104",
    "channel" => "PJSIP/104-000000c6",
    "channelstate" => "4",
    "channelstatedesc" => "Ring",
    "connectedlinename" => "<unknown>",
    "connectedlinenum" => "<unknown>",
    "context" => "org_all",
    "exten" => "102",
    "language" => "en",
    "linkedid" => "1744303449.297",
    "priority" => "2",
    "privilege" => "dialplan,all",
    "uniqueid" => "1744303449.297",
    "value" => "",
    "variable" => "DIALEDTIME"
  },
  variables: %{}
}
[2025-04-10 16:44:09.258447Z] %ElixirAmi.Event{
  event: "varset",
  source: :asterisk_connection,
  action_id: nil,
  keys: %{
    "accountcode" => "",
    "calleridname" => "104",
    "calleridnum" => "104",
    "channel" => "PJSIP/104-000000c6",
    "channelstate" => "4",
    "channelstatedesc" => "Ring",
    "connectedlinename" => "<unknown>",
    "connectedlinenum" => "<unknown>",
    "context" => "org_all",
    "exten" => "102",
    "language" => "en",
    "linkedid" => "1744303449.297",
    "priority" => "2",
    "privilege" => "dialplan,all",
    "uniqueid" => "1744303449.297",
    "value" => "",
    "variable" => "RINGTIME"
  },
  variables: %{}
}
[2025-04-10 16:44:09.259376Z] %ElixirAmi.Event{
  event: "dialbegin",
  source: :asterisk_connection,
  action_id: nil,
  keys: %{
    "accountcode" => "",
    "calleridname" => "104",
    "calleridnum" => "104",
    "channel" => "PJSIP/104-000000c6",
    "channelstate" => "4",
    "channelstatedesc" => "Ring",
    "connectedlinename" => "<unknown>",
    "connectedlinenum" => "<unknown>",
    "context" => "org_all",
    "destaccountcode" => "",
    "destcalleridname" => "102",
    "destcalleridnum" => "102",
    "destchannel" => "PJSIP/102-000000c7",
    "destchannelstate" => "0",
    "destchannelstatedesc" => "Down",
    "destconnectedlinename" => "104",
    "destconnectedlinenum" => "104",
    "destcontext" => "org_all",
    "destexten" => "102",
    "destlanguage" => "en",
    "destlinkedid" => "1744303449.297",
    "destpriority" => "1",
    "destuniqueid" => "1744303449.298",
    "dialstring" => "102",
    "exten" => "102",
    "language" => "en",
    "linkedid" => "1744303449.297",
    "priority" => "2",
    "privilege" => "call,all",
    "uniqueid" => "1744303449.297"
  },
  variables: %{}
}
[2025-04-10 16:44:09.258567Z] %ElixirAmi.Event{
  event: "varset",
  source: :asterisk_connection,
  action_id: nil,
  keys: %{
    "accountcode" => "",
    "calleridname" => "104",
    "calleridnum" => "104",
    "channel" => "PJSIP/104-000000c6",
    "channelstate" => "4",
    "channelstatedesc" => "Ring",
    "connectedlinename" => "<unknown>",
    "connectedlinenum" => "<unknown>",
    "context" => "org_all",
    "exten" => "102",
    "language" => "en",
    "linkedid" => "1744303449.297",
    "priority" => "2",
    "privilege" => "dialplan,all",
    "uniqueid" => "1744303449.297",
    "value" => "",
    "variable" => "PROGRESSTIME_MS"
  },
  variables: %{}
}
[2025-04-10 16:44:09.259514Z] %ElixirAmi.Event{
  event: "newconnectedline",
  source: :asterisk_connection,
  action_id: nil,
  keys: %{
    "accountcode" => "",
    "calleridname" => "104",
    "calleridnum" => "104",
    "channel" => "PJSIP/104-000000c6",
    "channelstate" => "4",
    "channelstatedesc" => "Ring",
    "connectedlinename" => "102",
    "connectedlinenum" => "102",
    "context" => "org_all",
    "exten" => "102",
    "language" => "en",
    "linkedid" => "1744303449.297",
    "priority" => "2",
    "privilege" => "call,all",
    "uniqueid" => "1744303449.297"
  },
  variables: %{}
}
[2025-04-10 16:44:09.258718Z] %ElixirAmi.Event{
  event: "newchannel",
  source: :asterisk_connection,
  action_id: nil,
  keys: %{
    "accountcode" => "",
    "calleridname" => "102",
    "calleridnum" => "102",
    "channel" => "PJSIP/102-000000c7",
    "channelstate" => "0",
    "channelstatedesc" => "Down",
    "connectedlinename" => "<unknown>",
    "connectedlinenum" => "<unknown>",
    "context" => "org_all",
    "exten" => "s",
    "language" => "en",
    "linkedid" => "1744303449.297",
    "priority" => "1",
    "privilege" => "call,all",
    "uniqueid" => "1744303449.298"
  },
  variables: %{}
}
[2025-04-10 16:44:09.258421Z] %ElixirAmi.Event{
  event: "varset",
  source: :asterisk_connection,
  action_id: nil,
  keys: %{
    "accountcode" => "",
    "calleridname" => "104",
    "calleridnum" => "104",
    "channel" => "PJSIP/104-000000c6",
    "channelstate" => "4",
    "channelstatedesc" => "Ring",
    "connectedlinename" => "<unknown>",
    "connectedlinenum" => "<unknown>",
    "context" => "org_all",
    "exten" => "102",
    "language" => "en",
    "linkedid" => "1744303449.297",
    "priority" => "2",
    "privilege" => "dialplan,all",
    "uniqueid" => "1744303449.297",
    "value" => "",
    "variable" => "ANSWEREDTIME_MS"
  },
  variables: %{}
}
[2025-04-10 16:44:09.261774Z] %ElixirAmi.Event{
  event: "newstate",
  source: :asterisk_connection,
  action_id: nil,
  keys: %{
    "accountcode" => "",
    "calleridname" => "102",
    "calleridnum" => "102",
    "channel" => "PJSIP/102-000000c7",
    "channelstate" => "5",
    "channelstatedesc" => "Ringing",
    "connectedlinename" => "104",
    "connectedlinenum" => "104",
    "context" => "org_all",
    "exten" => "102",
    "language" => "en",
    "linkedid" => "1744303449.297",
    "priority" => "1",
    "privilege" => "call,all",
    "uniqueid" => "1744303449.298"
  },
  variables: %{}
}
[2025-04-10 16:44:09.261783Z] %ElixirAmi.Event{
  event: "varset",
  source: :asterisk_connection,
  action_id: nil,
  keys: %{
    "accountcode" => "",
    "calleridname" => "104",
    "calleridnum" => "104",
    "channel" => "PJSIP/104-000000c6",
    "channelstate" => "4",
    "channelstatedesc" => "Ring",
    "connectedlinename" => "102",
    "connectedlinenum" => "102",
    "context" => "org_all",
    "exten" => "102",
    "language" => "en",
    "linkedid" => "1744303449.297",
    "priority" => "2",
    "privilege" => "dialplan,all",
    "uniqueid" => "1744303449.297",
    "value" => "0",
    "variable" => "RINGTIME"
  },
  variables: %{}
}
[2025-04-10 16:44:09.262006Z] %ElixirAmi.Event{
  event: "varset",
  source: :asterisk_connection,
  action_id: nil,
  keys: %{
    "accountcode" => "",
    "calleridname" => "104",
    "calleridnum" => "104",
    "channel" => "PJSIP/104-000000c6",
    "channelstate" => "4",
    "channelstatedesc" => "Ring",
    "connectedlinename" => "102",
    "connectedlinenum" => "102",
    "context" => "org_all",
    "exten" => "102",
    "language" => "en",
    "linkedid" => "1744303449.297",
    "priority" => "2",
    "privilege" => "dialplan,all",
    "uniqueid" => "1744303449.297",
    "value" => "6",
    "variable" => "RINGTIME_MS"
  },
  variables: %{}
}
[2025-04-10 16:44:09.262531Z] %ElixirAmi.Event{
  event: "dialstate",
  source: :asterisk_connection,
  action_id: nil,
  keys: %{
    "accountcode" => "",
    "calleridname" => "104",
    "calleridnum" => "104",
    "channel" => "PJSIP/104-000000c6",
    "channelstate" => "4",
    "channelstatedesc" => "Ring",
    "connectedlinename" => "102",
    "connectedlinenum" => "102",
    "context" => "org_all",
    "destaccountcode" => "",
    "destcalleridname" => "102",
    "destcalleridnum" => "102",
    "destchannel" => "PJSIP/102-000000c7",
    "destchannelstate" => "5",
    "destchannelstatedesc" => "Ringing",
    "destconnectedlinename" => "104",
    "destconnectedlinenum" => "104",
    "destcontext" => "org_all",
    "destexten" => "102",
    "destlanguage" => "en",
    "destlinkedid" => "1744303449.297",
    "destpriority" => "1",
    "destuniqueid" => "1744303449.298",
    "dialstatus" => "RINGING",
    "exten" => "102",
    "language" => "en",
    "linkedid" => "1744303449.297",
    "priority" => "2",
    "privilege" => "call,all",
    "uniqueid" => "1744303449.297"
  },
  variables: %{}
}
[2025-04-10 16:44:14.384577Z] %ElixirAmi.Event{
  event: "rtcpreceived",
  source: :asterisk_connection,
  action_id: nil,
  keys: %{
    "accountcode" => "",
    "calleridname" => "102",
    "calleridnum" => "102",
    "channel" => "PJSIP/102-000000c7",
    "channelstate" => "5",
    "channelstatedesc" => "Ringing",
    "connectedlinename" => "104",
    "connectedlinenum" => "104",
    "context" => "org_all",
    "exten" => "102",
    "from" => "192.168.0.16:4205",
    "language" => "en",
    "linkedid" => "1744303449.297",
    "mes" => "85.4",
    "priority" => "1",
    "privilege" => "reporting,all",
    "pt" => "201(RR)",
    "report0cumulativelost" => "0",
    "report0dlsr" => "0.0000",
    "report0fractionlost" => "0",
    "report0highestsequence" => "0",
    "report0iajitter" => "0",
    "report0lsr" => "0",
    "report0sequencenumbercycles" => "0",
    "report0sourcessrc" => "0x00000000",
    "reportcount" => "1",
    "rtt" => "0.0000",
    "ssrc" => "0x00000000",
    "to" => "192.168.0.16:11771",
    "uniqueid" => "1744303449.298"
  },
  variables: %{}
}
[2025-04-10 16:44:14.384941Z] %ElixirAmi.Event{
  event: "rtcpreceived",
  source: :asterisk_connection,
  action_id: nil,
  keys: %{
    "accountcode" => "",
    "calleridname" => "102",
    "calleridnum" => "102",
    "channel" => "PJSIP/102-000000c7",
    "channelstate" => "5",
    "channelstatedesc" => "Ringing",
    "connectedlinename" => "104",
    "connectedlinenum" => "104",
    "context" => "org_all",
    "exten" => "102",
    "from" => "192.168.0.16:4205",
    "language" => "en",
    "linkedid" => "1744303449.297",
    "mes" => "85.4",
    "priority" => "1",
    "privilege" => "reporting,all",
    "pt" => "201(RR)",
    "report0cumulativelost" => "0",
    "report0dlsr" => "0.0000",
    "report0fractionlost" => "0",
    "report0highestsequence" => "0",
    "report0iajitter" => "0",
    "report0lsr" => "0",
    "report0sequencenumbercycles" => "0",
    "report0sourcessrc" => "0x00000000",
    "reportcount" => "1",
    "rtt" => "0.0000",
    "ssrc" => "0x00000000",
    "to" => "192.168.0.16:11771",
    "uniqueid" => "1744303449.298"
  },
  variables: %{}
}
[2025-04-10 16:44:14.385219Z] %ElixirAmi.Event{
  event: "newstate",
  source: :asterisk_connection,
  action_id: nil,
  keys: %{
    "accountcode" => "",
    "calleridname" => "102",
    "calleridnum" => "102",
    "channel" => "PJSIP/102-000000c7",
    "channelstate" => "6",
    "channelstatedesc" => "Up",
    "connectedlinename" => "104",
    "connectedlinenum" => "104",
    "context" => "org_all",
    "exten" => "102",
    "language" => "en",
    "linkedid" => "1744303449.297",
    "priority" => "1",
    "privilege" => "call,all",
    "uniqueid" => "1744303449.298"
  },
  variables: %{}
}
[2025-04-10 16:44:14.385412Z] %ElixirAmi.Event{
  event: "varset",
  source: :asterisk_connection,
  action_id: nil,
  keys: %{
    "accountcode" => "",
    "calleridname" => "104",
    "calleridnum" => "104",
    "channel" => "PJSIP/104-000000c6",
    "channelstate" => "4",
    "channelstatedesc" => "Ring",
    "connectedlinename" => "102",
    "connectedlinenum" => "102",
    "context" => "org_all",
    "exten" => "102",
    "language" => "en",
    "linkedid" => "1744303449.297",
    "priority" => "2",
    "privilege" => "dialplan,all",
    "uniqueid" => "1744303449.297",
    "value" => "ANSWER",
    "variable" => "DIALSTATUS"
  },
  variables: %{}
}
[2025-04-10 16:44:14.385575Z] %ElixirAmi.Event{
  event: "varset",
  source: :asterisk_connection,
  action_id: nil,
  keys: %{
    "accountcode" => "",
    "calleridname" => "104",
    "calleridnum" => "104",
    "channel" => "PJSIP/104-000000c6",
    "channelstate" => "4",
    "channelstatedesc" => "Ring",
    "connectedlinename" => "102",
    "connectedlinenum" => "102",
    "context" => "org_all",
    "exten" => "102",
    "language" => "en",
    "linkedid" => "1744303449.297",
    "priority" => "2",
    "privilege" => "dialplan,all",
    "uniqueid" => "1744303449.297",
    "value" => "PJSIP/102-000000c7",
    "variable" => "DIALEDPEERNAME"
  },
  variables: %{}
}
[2025-04-10 16:44:14.385737Z] %ElixirAmi.Event{
  event: "varset",
  source: :asterisk_connection,
  action_id: nil,
  keys: %{
    "accountcode" => "",
    "calleridname" => "104",
    "calleridnum" => "104",
    "channel" => "PJSIP/104-000000c6",
    "channelstate" => "4",
    "channelstatedesc" => "Ring",
    "connectedlinename" => "102",
    "connectedlinenum" => "102",
    "context" => "org_all",
    "exten" => "102",
    "language" => "en",
    "linkedid" => "1744303449.297",
    "priority" => "2",
    "privilege" => "dialplan,all",
    "uniqueid" => "1744303449.297",
    "value" => "102",
    "variable" => "DIALEDPEERNUMBER"
  },
  variables: %{}
}
[2025-04-10 16:44:14.386035Z] %ElixirAmi.Event{
  event: "dialend",
  source: :asterisk_connection,
  action_id: nil,
  keys: %{
    "accountcode" => "",
    "calleridname" => "104",
    "calleridnum" => "104",
    "channel" => "PJSIP/104-000000c6",
    "channelstate" => "4",
    "channelstatedesc" => "Ring",
    "connectedlinename" => "102",
    "connectedlinenum" => "102",
    "context" => "org_all",
    "destaccountcode" => "",
    "destcalleridname" => "102",
    "destcalleridnum" => "102",
    "destchannel" => "PJSIP/102-000000c7",
    "destchannelstate" => "6",
    "destchannelstatedesc" => "Up",
    "destconnectedlinename" => "104",
    "destconnectedlinenum" => "104",
    "destcontext" => "org_all",
    "destexten" => "",
    "destlanguage" => "en",
    "destlinkedid" => "1744303449.297",
    "destpriority" => "1",
    "destuniqueid" => "1744303449.298",
    "dialstatus" => "ANSWER",
    "exten" => "102",
    "language" => "en",
    "linkedid" => "1744303449.297",
    "priority" => "2",
    "privilege" => "call,all",
    "uniqueid" => "1744303449.297"
  },
  variables: %{}
}
[2025-04-10 16:44:14.386186Z] %ElixirAmi.Event{
  event: "newstate",
  source: :asterisk_connection,
  action_id: nil,
  keys: %{
    "accountcode" => "",
    "calleridname" => "104",
    "calleridnum" => "104",
    "channel" => "PJSIP/104-000000c6",
    "channelstate" => "6",
    "channelstatedesc" => "Up",
    "connectedlinename" => "102",
    "connectedlinenum" => "102",
    "context" => "org_all",
    "exten" => "102",
    "language" => "en",
    "linkedid" => "1744303449.297",
    "priority" => "2",
    "privilege" => "call,all",
    "uniqueid" => "1744303449.297"
  },
  variables: %{}
}
[2025-04-10 16:44:14.386496Z] %ElixirAmi.Event{
  event: "newexten",
  source: :asterisk_connection,
  action_id: nil,
  keys: %{
    "accountcode" => "",
    "appdata" => "(Outgoing Line)",
    "application" => "AppDial",
    "calleridname" => "102",
    "calleridnum" => "102",
    "channel" => "PJSIP/102-000000c7",
    "channelstate" => "6",
    "channelstatedesc" => "Up",
    "connectedlinename" => "104",
    "connectedlinenum" => "104",
    "context" => "org_all",
    "exten" => "",
    "extension" => "",
    "language" => "en",
    "linkedid" => "1744303449.297",
    "priority" => "1",
    "privilege" => "dialplan,all",
    "uniqueid" => "1744303449.298"
  },
  variables: %{}
}
[2025-04-10 16:44:14.386772Z] %ElixirAmi.Event{
  event: "bridgeenter",
  source: :asterisk_connection,
  action_id: nil,
  keys: %{
    "accountcode" => "",
    "bridgecreator" => "<unknown>",
    "bridgename" => "<unknown>",
    "bridgenumchannels" => "1",
    "bridgetechnology" => "simple_bridge",
    "bridgetype" => "basic",
    "bridgeuniqueid" => "818392e2-fd05-4ff9-8f6d-ff75e30f3a71",
    "bridgevideosourcemode" => "none",
    "calleridname" => "102",
    "calleridnum" => "102",
    "channel" => "PJSIP/102-000000c7",
    "channelstate" => "6",
    "channelstatedesc" => "Up",
    "connectedlinename" => "104",
    "connectedlinenum" => "104",
    "context" => "org_all",
    "exten" => "",
    "language" => "en",
    "linkedid" => "1744303449.297",
    "priority" => "1",
    "privilege" => "call,all",
    "uniqueid" => "1744303449.298"
  },
  variables: %{}
}
[2025-04-10 16:44:14.387136Z] %ElixirAmi.Event{
  event: "bridgeenter",
  source: :asterisk_connection,
  action_id: nil,
  keys: %{
    "accountcode" => "",
    "bridgecreator" => "<unknown>",
    "bridgename" => "<unknown>",
    "bridgenumchannels" => "2",
    "bridgetechnology" => "simple_bridge",
    "bridgetype" => "basic",
    "bridgeuniqueid" => "818392e2-fd05-4ff9-8f6d-ff75e30f3a71",
    "bridgevideosourcemode" => "none",
    "calleridname" => "104",
    "calleridnum" => "104",
    "channel" => "PJSIP/104-000000c6",
    "channelstate" => "6",
    "channelstatedesc" => "Up",
    "connectedlinename" => "102",
    "connectedlinenum" => "102",
    "context" => "org_all",
    "exten" => "102",
    "language" => "en",
    "linkedid" => "1744303449.297",
    "priority" => "2",
    "privilege" => "call,all",
    "uniqueid" => "1744303449.297"
  },
  variables: %{}
}
[2025-04-10 16:44:14.388028Z] %ElixirAmi.Event{
  event: "varset",
  source: :asterisk_connection,
  action_id: nil,
  keys: %{
    "accountcode" => "",
    "calleridname" => "104",
    "calleridnum" => "104",
    "channel" => "PJSIP/104-000000c6",
    "channelstate" => "6",
    "channelstatedesc" => "Up",
    "connectedlinename" => "102",
    "connectedlinenum" => "102",
    "context" => "org_all",
    "exten" => "102",
    "language" => "en",
    "linkedid" => "1744303449.297",
    "priority" => "2",
    "privilege" => "dialplan,all",
    "uniqueid" => "1744303449.297",
    "value" => "PJSIP/102-000000c7",
    "variable" => "BRIDGEPEER"
  },
  variables: %{}
}
[2025-04-10 16:44:14.388176Z] %ElixirAmi.Event{
  event: "varset",
  source: :asterisk_connection,
  action_id: nil,
  keys: %{
    "accountcode" => "",
    "calleridname" => "104",
    "calleridnum" => "104",
    "channel" => "PJSIP/104-000000c6",
    "channelstate" => "6",
    "channelstatedesc" => "Up",
    "connectedlinename" => "102",
    "connectedlinenum" => "102",
    "context" => "org_all",
    "exten" => "102",
    "language" => "en",
    "linkedid" => "1744303449.297",
    "priority" => "2",
    "privilege" => "dialplan,all",
    "uniqueid" => "1744303449.297",
    "value" => "8e056092-b96a-4774-b399-9c981579823f",
    "variable" => "BRIDGEPVTCALLID"
  },
  variables: %{}
}
[2025-04-10 16:44:14.388265Z] %ElixirAmi.Event{
  event: "varset",
  source: :asterisk_connection,
  action_id: nil,
  keys: %{
    "accountcode" => "",
    "calleridname" => "102",
    "calleridnum" => "102",
    "channel" => "PJSIP/102-000000c7",
    "channelstate" => "6",
    "channelstatedesc" => "Up",
    "connectedlinename" => "104",
    "connectedlinenum" => "104",
    "context" => "org_all",
    "exten" => "",
    "language" => "en",
    "linkedid" => "1744303449.297",
    "priority" => "1",
    "privilege" => "dialplan,all",
    "uniqueid" => "1744303449.298",
    "value" => "PJSIP/104-000000c6",
    "variable" => "BRIDGEPEER"
  },
  variables: %{}
}
[2025-04-10 16:44:14.388423Z] %ElixirAmi.Event{
  event: "varset",
  source: :asterisk_connection,
  action_id: nil,
  keys: %{
    "accountcode" => "",
    "calleridname" => "102",
    "calleridnum" => "102",
    "channel" => "PJSIP/102-000000c7",
    "channelstate" => "6",
    "channelstatedesc" => "Up",
    "connectedlinename" => "104",
    "connectedlinenum" => "104",
    "context" => "org_all",
    "exten" => "",
    "language" => "en",
    "linkedid" => "1744303449.297",
    "priority" => "1",
    "privilege" => "dialplan,all",
    "uniqueid" => "1744303449.298",
    "value" => "69f7c4db7b354825a5c3d3bbcbd826bf",
    "variable" => "BRIDGEPVTCALLID"
  },
  variables: %{}
}
[2025-04-10 16:44:14.389100Z] %ElixirAmi.Event{
  event: "varset",
  source: :asterisk_connection,
  action_id: nil,
  keys: %{
    "accountcode" => "",
    "calleridname" => "102",
    "calleridnum" => "102",
    "channel" => "PJSIP/102-000000c7",
    "channelstate" => "6",
    "channelstatedesc" => "Up",
    "connectedlinename" => "104",
    "connectedlinenum" => "104",
    "context" => "org_all",
    "exten" => "",
    "language" => "en",
    "linkedid" => "1744303449.297",
    "priority" => "1",
    "privilege" => "dialplan,all",
    "uniqueid" => "1744303449.298",
    "value" => "PJSIP/104-000000c6",
    "variable" => "BRIDGEPEER"
  },
  variables: %{}
}
[2025-04-10 16:44:14.389062Z] %ElixirAmi.Event{
  event: "varset",
  source: :asterisk_connection,
  action_id: nil,
  keys: %{
    "accountcode" => "",
    "calleridname" => "104",
    "calleridnum" => "104",
    "channel" => "PJSIP/104-000000c6",
    "channelstate" => "6",
    "channelstatedesc" => "Up",
    "connectedlinename" => "102",
    "connectedlinenum" => "102",
    "context" => "org_all",
    "exten" => "102",
    "language" => "en",
    "linkedid" => "1744303449.297",
    "priority" => "2",
    "privilege" => "dialplan,all",
    "uniqueid" => "1744303449.297",
    "value" => "PJSIP/102-000000c7",
    "variable" => "BRIDGEPEER"
  },
  variables: %{}
}
[2025-04-10 16:44:14.389120Z] %ElixirAmi.Event{
  event: "varset",
  source: :asterisk_connection,
  action_id: nil,
  keys: %{
    "accountcode" => "",
    "calleridname" => "104",
    "calleridnum" => "104",
    "channel" => "PJSIP/104-000000c6",
    "channelstate" => "6",
    "channelstatedesc" => "Up",
    "connectedlinename" => "102",
    "connectedlinenum" => "102",
    "context" => "org_all",
    "exten" => "102",
    "language" => "en",
    "linkedid" => "1744303449.297",
    "priority" => "2",
    "privilege" => "dialplan,all",
    "uniqueid" => "1744303449.297",
    "value" => "8e056092-b96a-4774-b399-9c981579823f",
    "variable" => "BRIDGEPVTCALLID"
  },
  variables: %{}
}
[2025-04-10 16:44:14.390442Z] %ElixirAmi.Event{
  event: "varset",
  source: :asterisk_connection,
  action_id: nil,
  keys: %{
    "accountcode" => "",
    "calleridname" => "104",
    "calleridnum" => "104",
    "channel" => "PJSIP/104-000000c6",
    "channelstate" => "6",
    "channelstatedesc" => "Up",
    "connectedlinename" => "102",
    "connectedlinenum" => "102",
    "context" => "org_all",
    "exten" => "102",
    "language" => "en",
    "linkedid" => "1744303449.297",
    "priority" => "2",
    "privilege" => "dialplan,all",
    "uniqueid" => "1744303449.297",
    "value" => "PJSIP/102-000000c7",
    "variable" => "BRIDGEPEER"
  },
  variables: %{}
}
[2025-04-10 16:44:14.390487Z] %ElixirAmi.Event{
  event: "varset",
  source: :asterisk_connection,
  action_id: nil,
  keys: %{
    "accountcode" => "",
    "calleridname" => "102",
    "calleridnum" => "102",
    "channel" => "PJSIP/102-000000c7",
    "channelstate" => "6",
    "channelstatedesc" => "Up",
    "connectedlinename" => "104",
    "connectedlinenum" => "104",
    "context" => "org_all",
    "exten" => "",
    "language" => "en",
    "linkedid" => "1744303449.297",
    "priority" => "1",
    "privilege" => "dialplan,all",
    "uniqueid" => "1744303449.298",
    "value" => "69f7c4db7b354825a5c3d3bbcbd826bf",
    "variable" => "BRIDGEPVTCALLID"
  },
  variables: %{}
}
[2025-04-10 16:44:14.390615Z] %ElixirAmi.Event{
  event: "varset",
  source: :asterisk_connection,
  action_id: nil,
  keys: %{
    "accountcode" => "",
    "calleridname" => "104",
    "calleridnum" => "104",
    "channel" => "PJSIP/104-000000c6",
    "channelstate" => "6",
    "channelstatedesc" => "Up",
    "connectedlinename" => "102",
    "connectedlinenum" => "102",
    "context" => "org_all",
    "exten" => "102",
    "language" => "en",
    "linkedid" => "1744303449.297",
    "priority" => "2",
    "privilege" => "dialplan,all",
    "uniqueid" => "1744303449.297",
    "value" => "8e056092-b96a-4774-b399-9c981579823f",
    "variable" => "BRIDGEPVTCALLID"
  },
  variables: %{}
}
[2025-04-10 16:44:14.390666Z] %ElixirAmi.Event{
  event: "varset",
  source: :asterisk_connection,
  action_id: nil,
  keys: %{
    "accountcode" => "",
    "calleridname" => "102",
    "calleridnum" => "102",
    "channel" => "PJSIP/102-000000c7",
    "channelstate" => "6",
    "channelstatedesc" => "Up",
    "connectedlinename" => "104",
    "connectedlinenum" => "104",
    "context" => "org_all",
    "exten" => "",
    "language" => "en",
    "linkedid" => "1744303449.297",
    "priority" => "1",
    "privilege" => "dialplan,all",
    "uniqueid" => "1744303449.298",
    "value" => "PJSIP/104-000000c6",
    "variable" => "BRIDGEPEER"
  },
  variables: %{}
}
[2025-04-10 16:44:14.390977Z] %ElixirAmi.Event{
  event: "varset",
  source: :asterisk_connection,
  action_id: nil,
  keys: %{
    "accountcode" => "",
    "calleridname" => "102",
    "calleridnum" => "102",
    "channel" => "PJSIP/102-000000c7",
    "channelstate" => "6",
    "channelstatedesc" => "Up",
    "connectedlinename" => "104",
    "connectedlinenum" => "104",
    "context" => "org_all",
    "exten" => "",
    "language" => "en",
    "linkedid" => "1744303449.297",
    "priority" => "1",
    "privilege" => "dialplan,all",
    "uniqueid" => "1744303449.298",
    "value" => "69f7c4db7b354825a5c3d3bbcbd826bf",
    "variable" => "BRIDGEPVTCALLID"
  },
  variables: %{}
}
[2025-04-10 16:44:14.391226Z] %ElixirAmi.Event{
  event: "rtcpreceived",
  source: :asterisk_connection,
  action_id: nil,
  keys: %{
    "accountcode" => "",
    "calleridname" => "104",
    "calleridnum" => "104",
    "channel" => "PJSIP/104-000000c6",
    "channelstate" => "6",
    "channelstatedesc" => "Up",
    "connectedlinename" => "102",
    "connectedlinenum" => "102",
    "context" => "org_all",
    "exten" => "102",
    "from" => "192.168.0.16:4025",
    "language" => "en",
    "linkedid" => "1744303449.297",
    "mes" => "85.4",
    "priority" => "2",
    "privilege" => "reporting,all",
    "pt" => "201(RR)",
    "report0cumulativelost" => "0",
    "report0dlsr" => "0.0000",
    "report0fractionlost" => "0",
    "report0highestsequence" => "0",
    "report0iajitter" => "0",
    "report0lsr" => "0",
    "report0sequencenumbercycles" => "0",
    "report0sourcessrc" => "0x00000000",
    "reportcount" => "1",
    "rtt" => "0.0000",
    "ssrc" => "0x00000000",
    "to" => "192.168.0.16:10255",
    "uniqueid" => "1744303449.297"
  },
  variables: %{}
}
[2025-04-10 16:44:14.391353Z] %ElixirAmi.Event{
  event: "rtcpreceived",
  source: :asterisk_connection,
  action_id: nil,
  keys: %{
    "accountcode" => "",
    "calleridname" => "104",
    "calleridnum" => "104",
    "channel" => "PJSIP/104-000000c6",
    "channelstate" => "6",
    "channelstatedesc" => "Up",
    "connectedlinename" => "102",
    "connectedlinenum" => "102",
    "context" => "org_all",
    "exten" => "102",
    "from" => "192.168.0.16:4025",
    "language" => "en",
    "linkedid" => "1744303449.297",
    "mes" => "85.4",
    "priority" => "2",
    "privilege" => "reporting,all",
    "pt" => "201(RR)",
    "report0cumulativelost" => "0",
    "report0dlsr" => "0.0000",
    "report0fractionlost" => "0",
    "report0highestsequence" => "0",
    "report0iajitter" => "0",
    "report0lsr" => "0",
    "report0sequencenumbercycles" => "0",
    "report0sourcessrc" => "0x00000000",
    "reportcount" => "1",
    "rtt" => "0.0000",
    "ssrc" => "0x00000000",
    "to" => "192.168.0.16:10255",
    "uniqueid" => "1744303449.297"
  },
  variables: %{}
}
[2025-04-10 16:44:14.392252Z] %ElixirAmi.Event{
  event: "varset",
  source: :asterisk_connection,
  action_id: nil,
  keys: %{
    "accountcode" => "",
    "calleridname" => "104",
    "calleridnum" => "104",
    "channel" => "PJSIP/104-000000c6",
    "channelstate" => "6",
    "channelstatedesc" => "Up",
    "connectedlinename" => "102",
    "connectedlinenum" => "102",
    "context" => "org_all",
    "exten" => "102",
    "language" => "en",
    "linkedid" => "1744303449.297",
    "priority" => "2",
    "privilege" => "dialplan,all",
    "uniqueid" => "1744303449.297",
    "value" => "/home/rawmn/AsteriskConnector/priv/recordings/104_102_2025-04-101744303449.297.wav",
    "variable" => "MIXMONITOR_FILENAME"
  },
  variables: %{}
}
[2025-04-10 16:44:14.392482Z] %ElixirAmi.Event{
  event: "mixmonitorstart",
  source: :asterisk_connection,
  action_id: nil,
  keys: %{
    "accountcode" => "",
    "calleridname" => "104",
    "calleridnum" => "104",
    "channel" => "PJSIP/104-000000c6",
    "channelstate" => "6",
    "channelstatedesc" => "Up",
    "connectedlinename" => "102",
    "connectedlinenum" => "102",
    "context" => "org_all",
    "exten" => "102",
    "language" => "en",
    "linkedid" => "1744303449.297",
    "priority" => "2",
    "privilege" => "call,all",
    "uniqueid" => "1744303449.297"
  },
  variables: %{}
}
[2025-04-10 16:44:14.392788Z] %ElixirAmi.Event{
  event: "varset",
  source: :asterisk_connection,
  action_id: nil,
  keys: %{
    "accountcode" => "",
    "calleridname" => "104",
    "calleridnum" => "104",
    "channel" => "PJSIP/104-000000c6",
    "channelstate" => "6",
    "channelstatedesc" => "Up",
    "connectedlinename" => "102",
    "connectedlinenum" => "102",
    "context" => "org_all",
    "exten" => "102",
    "language" => "en",
    "linkedid" => "1744303449.297",
    "priority" => "2",
    "privilege" => "dialplan,all",
    "uniqueid" => "1744303449.297",
    "value" => "PJSIP/102-000000c7",
    "variable" => "BRIDGEPEER"
  },
  variables: %{}
}
[2025-04-10 16:44:14.393108Z] %ElixirAmi.Event{
  event: "varset",
  source: :asterisk_connection,
  action_id: nil,
  keys: %{
    "accountcode" => "",
    "calleridname" => "104",
    "calleridnum" => "104",
    "channel" => "PJSIP/104-000000c6",
    "channelstate" => "6",
    "channelstatedesc" => "Up",
    "connectedlinename" => "102",
    "connectedlinenum" => "102",
    "context" => "org_all",
    "exten" => "102",
    "language" => "en",
    "linkedid" => "1744303449.297",
    "priority" => "2",
    "privilege" => "dialplan,all",
    "uniqueid" => "1744303449.297",
    "value" => "8e056092-b96a-4774-b399-9c981579823f",
    "variable" => "BRIDGEPVTCALLID"
  },
  variables: %{}
}
[2025-04-10 16:44:14.393293Z] %ElixirAmi.Event{
  event: "varset",
  source: :asterisk_connection,
  action_id: nil,
  keys: %{
    "accountcode" => "",
    "calleridname" => "102",
    "calleridnum" => "102",
    "channel" => "PJSIP/102-000000c7",
    "channelstate" => "6",
    "channelstatedesc" => "Up",
    "connectedlinename" => "104",
    "connectedlinenum" => "104",
    "context" => "org_all",
    "exten" => "",
    "language" => "en",
    "linkedid" => "1744303449.297",
    "priority" => "1",
    "privilege" => "dialplan,all",
    "uniqueid" => "1744303449.298",
    "value" => "PJSIP/104-000000c6",
    "variable" => "BRIDGEPEER"
  },
  variables: %{}
}
[2025-04-10 16:44:14.393462Z] %ElixirAmi.Event{
  event: "varset",
  source: :asterisk_connection,
  action_id: nil,
  keys: %{
    "accountcode" => "",
    "calleridname" => "102",
    "calleridnum" => "102",
    "channel" => "PJSIP/102-000000c7",
    "channelstate" => "6",
    "channelstatedesc" => "Up",
    "connectedlinename" => "104",
    "connectedlinenum" => "104",
    "context" => "org_all",
    "exten" => "",
    "language" => "en",
    "linkedid" => "1744303449.297",
    "priority" => "1",
    "privilege" => "dialplan,all",
    "uniqueid" => "1744303449.298",
    "value" => "69f7c4db7b354825a5c3d3bbcbd826bf",
    "variable" => "BRIDGEPVTCALLID"
  },
  variables: %{}
}
[2025-04-10 16:44:14.393601Z] %ElixirAmi.Event{
  event: "varset",
  source: :asterisk_connection,
  action_id: nil,
  keys: %{
    "accountcode" => "",
    "calleridname" => "104",
    "calleridnum" => "104",
    "channel" => "PJSIP/104-000000c6",
    "channelstate" => "6",
    "channelstatedesc" => "Up",
    "connectedlinename" => "102",
    "connectedlinenum" => "102",
    "context" => "org_all",
    "exten" => "102",
    "language" => "en",
    "linkedid" => "1744303449.297",
    "priority" => "2",
    "privilege" => "dialplan,all",
    "uniqueid" => "1744303449.297",
    "value" => "PJSIP/102-000000c7",
    "variable" => "BRIDGEPEER"
  },
  variables: %{}
}
[2025-04-10 16:44:14.393783Z] %ElixirAmi.Event{
  event: "varset",
  source: :asterisk_connection,
  action_id: nil,
  keys: %{
    "accountcode" => "",
    "calleridname" => "104",
    "calleridnum" => "104",
    "channel" => "PJSIP/104-000000c6",
    "channelstate" => "6",
    "channelstatedesc" => "Up",
    "connectedlinename" => "102",
    "connectedlinenum" => "102",
    "context" => "org_all",
    "exten" => "102",
    "language" => "en",
    "linkedid" => "1744303449.297",
    "priority" => "2",
    "privilege" => "dialplan,all",
    "uniqueid" => "1744303449.297",
    "value" => "8e056092-b96a-4774-b399-9c981579823f",
    "variable" => "BRIDGEPVTCALLID"
  },
  variables: %{}
}
[2025-04-10 16:44:14.393927Z] %ElixirAmi.Event{
  event: "varset",
  source: :asterisk_connection,
  action_id: nil,
  keys: %{
    "accountcode" => "",
    "calleridname" => "102",
    "calleridnum" => "102",
    "channel" => "PJSIP/102-000000c7",
    "channelstate" => "6",
    "channelstatedesc" => "Up",
    "connectedlinename" => "104",
    "connectedlinenum" => "104",
    "context" => "org_all",
    "exten" => "",
    "language" => "en",
    "linkedid" => "1744303449.297",
    "priority" => "1",
    "privilege" => "dialplan,all",
    "uniqueid" => "1744303449.298",
    "value" => "PJSIP/104-000000c6",
    "variable" => "BRIDGEPEER"
  },
  variables: %{}
}
[2025-04-10 16:44:14.394088Z] %ElixirAmi.Event{
  event: "varset",
  source: :asterisk_connection,
  action_id: nil,
  keys: %{
    "accountcode" => "",
    "calleridname" => "102",
    "calleridnum" => "102",
    "channel" => "PJSIP/102-000000c7",
    "channelstate" => "6",
    "channelstatedesc" => "Up",
    "connectedlinename" => "104",
    "connectedlinenum" => "104",
    "context" => "org_all",
    "exten" => "",
    "language" => "en",
    "linkedid" => "1744303449.297",
    "priority" => "1",
    "privilege" => "dialplan,all",
    "uniqueid" => "1744303449.298",
    "value" => "69f7c4db7b354825a5c3d3bbcbd826bf",
    "variable" => "BRIDGEPVTCALLID"
  },
  variables: %{}
}
[2025-04-10 16:44:14.394263Z] %ElixirAmi.Event{
  event: "varset",
  source: :asterisk_connection,
  action_id: nil,
  keys: %{
    "accountcode" => "",
    "calleridname" => "104",
    "calleridnum" => "104",
    "channel" => "PJSIP/104-000000c6",
    "channelstate" => "6",
    "channelstatedesc" => "Up",
    "connectedlinename" => "102",
    "connectedlinenum" => "102",
    "context" => "org_all",
    "exten" => "102",
    "language" => "en",
    "linkedid" => "1744303449.297",
    "priority" => "2",
    "privilege" => "dialplan,all",
    "uniqueid" => "1744303449.297",
    "value" => "PJSIP/102-000000c7",
    "variable" => "BRIDGEPEER"
  },
  variables: %{}
}
[2025-04-10 16:44:14.394427Z] %ElixirAmi.Event{
  event: "varset",
  source: :asterisk_connection,
  action_id: nil,
  keys: %{
    "accountcode" => "",
    "calleridname" => "104",
    "calleridnum" => "104",
    "channel" => "PJSIP/104-000000c6",
    "channelstate" => "6",
    "channelstatedesc" => "Up",
    "connectedlinename" => "102",
    "connectedlinenum" => "102",
    "context" => "org_all",
    "exten" => "102",
    "language" => "en",
    "linkedid" => "1744303449.297",
    "priority" => "2",
    "privilege" => "dialplan,all",
    "uniqueid" => "1744303449.297",
    "value" => "8e056092-b96a-4774-b399-9c981579823f",
    "variable" => "BRIDGEPVTCALLID"
  },
  variables: %{}
}
[2025-04-10 16:44:14.394590Z] %ElixirAmi.Event{
  event: "varset",
  source: :asterisk_connection,
  action_id: nil,
  keys: %{
    "accountcode" => "",
    "calleridname" => "102",
    "calleridnum" => "102",
    "channel" => "PJSIP/102-000000c7",
    "channelstate" => "6",
    "channelstatedesc" => "Up",
    "connectedlinename" => "104",
    "connectedlinenum" => "104",
    "context" => "org_all",
    "exten" => "",
    "language" => "en",
    "linkedid" => "1744303449.297",
    "priority" => "1",
    "privilege" => "dialplan,all",
    "uniqueid" => "1744303449.298",
    "value" => "PJSIP/104-000000c6",
    "variable" => "BRIDGEPEER"
  },
  variables: %{}
}
[2025-04-10 16:44:14.394763Z] %ElixirAmi.Event{
  event: "varset",
  source: :asterisk_connection,
  action_id: nil,
  keys: %{
    "accountcode" => "",
    "calleridname" => "102",
    "calleridnum" => "102",
    "channel" => "PJSIP/102-000000c7",
    "channelstate" => "6",
    "channelstatedesc" => "Up",
    "connectedlinename" => "104",
    "connectedlinenum" => "104",
    "context" => "org_all",
    "exten" => "",
    "language" => "en",
    "linkedid" => "1744303449.297",
    "priority" => "1",
    "privilege" => "dialplan,all",
    "uniqueid" => "1744303449.298",
    "value" => "69f7c4db7b354825a5c3d3bbcbd826bf",
    "variable" => "BRIDGEPVTCALLID"
  },
  variables: %{}
}
[2025-04-10 16:44:14.401237Z] %ElixirAmi.Event{
  event: "varset",
  source: :asterisk_connection,
  action_id: nil,
  keys: %{
    "accountcode" => "",
    "calleridname" => "104",
    "calleridnum" => "104",
    "channel" => "PJSIP/104-000000c6",
    "channelstate" => "6",
    "channelstatedesc" => "Up",
    "connectedlinename" => "102",
    "connectedlinenum" => "102",
    "context" => "org_all",
    "exten" => "102",
    "language" => "en",
    "linkedid" => "1744303449.297",
    "priority" => "2",
    "privilege" => "dialplan,all",
    "uniqueid" => "1744303449.297",
    "value" => "PJSIP/102-000000c7",
    "variable" => "BRIDGEPEER"
  },
  variables: %{}
}
[2025-04-10 16:44:14.401487Z] %ElixirAmi.Event{
  event: "varset",
  source: :asterisk_connection,
  action_id: nil,
  keys: %{
    "accountcode" => "",
    "calleridname" => "104",
    "calleridnum" => "104",
    "channel" => "PJSIP/104-000000c6",
    "channelstate" => "6",
    "channelstatedesc" => "Up",
    "connectedlinename" => "102",
    "connectedlinenum" => "102",
    "context" => "org_all",
    "exten" => "102",
    "language" => "en",
    "linkedid" => "1744303449.297",
    "priority" => "2",
    "privilege" => "dialplan,all",
    "uniqueid" => "1744303449.297",
    "value" => "8e056092-b96a-4774-b399-9c981579823f",
    "variable" => "BRIDGEPVTCALLID"
  },
  variables: %{}
}
[2025-04-10 16:44:14.401697Z] %ElixirAmi.Event{
  event: "varset",
  source: :asterisk_connection,
  action_id: nil,
  keys: %{
    "accountcode" => "",
    "calleridname" => "102",
    "calleridnum" => "102",
    "channel" => "PJSIP/102-000000c7",
    "channelstate" => "6",
    "channelstatedesc" => "Up",
    "connectedlinename" => "104",
    "connectedlinenum" => "104",
    "context" => "org_all",
    "exten" => "",
    "language" => "en",
    "linkedid" => "1744303449.297",
    "priority" => "1",
    "privilege" => "dialplan,all",
    "uniqueid" => "1744303449.298",
    "value" => "PJSIP/104-000000c6",
    "variable" => "BRIDGEPEER"
  },
  variables: %{}
}
[2025-04-10 16:44:14.401916Z] %ElixirAmi.Event{
  event: "varset",
  source: :asterisk_connection,
  action_id: nil,
  keys: %{
    "accountcode" => "",
    "calleridname" => "102",
    "calleridnum" => "102",
    "channel" => "PJSIP/102-000000c7",
    "channelstate" => "6",
    "channelstatedesc" => "Up",
    "connectedlinename" => "104",
    "connectedlinenum" => "104",
    "context" => "org_all",
    "exten" => "",
    "language" => "en",
    "linkedid" => "1744303449.297",
    "priority" => "1",
    "privilege" => "dialplan,all",
    "uniqueid" => "1744303449.298",
    "value" => "69f7c4db7b354825a5c3d3bbcbd826bf",
    "variable" => "BRIDGEPVTCALLID"
  },
  variables: %{}
}
[2025-04-10 16:44:14.574121Z] %ElixirAmi.Event{
  event: "rtcpreceived",
  source: :asterisk_connection,
  action_id: nil,
  keys: %{
    "pt" => "200(SR)",
    "report0highestsequence" => "4660",
    "mes" => "85.4",
    "privilege" => "reporting,all",
    "channelstatedesc" => "Up",
    "uniqueid" => "1744303449.297",
    "sentntp" => "1744328654.188730",
    "report0fractionlost" => "0",
    "sentpackets" => "9",
    "report0lsr" => "0",
    "linkedid" => "1744303449.297",
    "ssrc" => "0xeba2d64e",
    "exten" => "102",
    "channel" => "PJSIP/104-000000c6",
    "report0iajitter" => "0",
    "sentrtp" => "1504",
    "context" => "org_all",
    "connectedlinename" => "102",
    "priority" => "2",
    "rtt" => "0.0000",
    "to" => "192.168.0.16:10255",
    "reportcount" => "1",
    "language" => "en",
    "sentoctets" => "1440",
    "calleridname" => "104",
    "from" => "192.168.0.16:4025",
    "report0cumulativelost" => "0",
    "report0sequencenumbercycles" => "0",
    "calleridnum" => "104",
    "channelstate" => "6",
    "accountcode" => "",
    "report0dlsr" => "0.0000",
    "report0sourcessrc" => "0x600ee7d6",
    "connectedlinenum" => "102"
  },
  variables: %{}
}
[2025-04-10 16:44:14.582610Z] %ElixirAmi.Event{
  event: "rtcpreceived",
  source: :asterisk_connection,
  action_id: nil,
  keys: %{
    "pt" => "200(SR)",
    "report0highestsequence" => "22888",
    "mes" => "85.4",
    "privilege" => "reporting,all",
    "channelstatedesc" => "Up",
    "uniqueid" => "1744303449.298",
    "sentntp" => "1744328654.198950",
    "report0fractionlost" => "0",
    "sentpackets" => "10",
    "report0lsr" => "0",
    "linkedid" => "1744303449.297",
    "ssrc" => "0xeba2d64e",
    "exten" => "",
    "channel" => "PJSIP/102-000000c7",
    "report0iajitter" => "0",
    "sentrtp" => "1584",
    "context" => "org_all",
    "connectedlinename" => "104",
    "priority" => "1",
    "rtt" => "0.0000",
    "to" => "192.168.0.16:11771",
    "reportcount" => "1",
    "language" => "en",
    "sentoctets" => "1600",
    "calleridname" => "102",
    "from" => "192.168.0.16:4205",
    "report0cumulativelost" => "0",
    "report0sequencenumbercycles" => "0",
    "calleridnum" => "102",
    "channelstate" => "6",
    "accountcode" => "",
    "report0dlsr" => "0.0000",
    "report0sourcessrc" => "0x2ee064aa",
    "connectedlinenum" => "104"
  },
  variables: %{}
}
[2025-04-10 16:44:18.498823Z] %ElixirAmi.Event{
  event: "rtcpreceived",
  source: :asterisk_connection,
  action_id: nil,
  keys: %{
    "pt" => "200(SR)",
    "report0highestsequence" => "23083",
    "mes" => "85.4",
    "privilege" => "reporting,all",
    "channelstatedesc" => "Up",
    "uniqueid" => "1744303449.298",
    "sentntp" => "1744328658.114897",
    "report0fractionlost" => "0",
    "sentpackets" => "206",
    "report0lsr" => "0",
    "linkedid" => "1744303449.297",
    "ssrc" => "0xeba2d652",
    "exten" => "",
    "channel" => "PJSIP/102-000000c7",
    "report0iajitter" => "7",
    "sentrtp" => "32912",
    "context" => "org_all",
    "connectedlinename" => "104",
    "priority" => "1",
    "rtt" => "0.0000",
    "to" => "192.168.0.16:11771",
    "reportcount" => "1",
    "language" => "en",
    "sentoctets" => "32960",
    "calleridname" => "102",
    "from" => "192.168.0.16:4205",
    "report0cumulativelost" => "0",
    "report0sequencenumbercycles" => "0",
    "calleridnum" => "102",
    "channelstate" => "6",
    "accountcode" => "",
    "report0dlsr" => "0.0000",
    "report0sourcessrc" => "0x2ee064aa",
    "connectedlinenum" => "104"
  },
  variables: %{}
}
[2025-04-10 16:44:18.499423Z] %ElixirAmi.Event{
  event: "rtcpreceived",
  source: :asterisk_connection,
  action_id: nil,
  keys: %{
    "accountcode" => "",
    "calleridname" => "102",
    "calleridnum" => "102",
    "channel" => "PJSIP/102-000000c7",
    "channelstate" => "6",
    "channelstatedesc" => "Up",
    "connectedlinename" => "104",
    "connectedlinenum" => "104",
    "context" => "org_all",
    "exten" => "",
    "from" => "192.168.0.16:4205",
    "language" => "en",
    "linkedid" => "1744303449.297",
    "mes" => "85.4",
    "priority" => "1",
    "privilege" => "reporting,all",
    "pt" => "201(RR)",
    "report0cumulativelost" => "0",
    "report0dlsr" => "0.0000",
    "report0fractionlost" => "0",
    "report0highestsequence" => "23083",
    "report0iajitter" => "7",
    "report0lsr" => "0",
    "report0sequencenumbercycles" => "0",
    "report0sourcessrc" => "0x2ee064aa",
    "reportcount" => "1",
    "rtt" => "0.0000",
    "ssrc" => "0x2ee064aa",
    "to" => "192.168.0.16:11771",
    "uniqueid" => "1744303449.298"
  },
  variables: %{}
}
[2025-04-10 16:44:18.499848Z] %ElixirAmi.Event{
  event: "varset",
  source: :asterisk_connection,
  action_id: nil,
  keys: %{
    "accountcode" => "",
    "calleridname" => "102",
    "calleridnum" => "102",
    "channel" => "PJSIP/102-000000c7",
    "channelstate" => "6",
    "channelstatedesc" => "Up",
    "connectedlinename" => "104",
    "connectedlinenum" => "104",
    "context" => "org_all",
    "exten" => "",
    "language" => "en",
    "linkedid" => "1744303449.297",
    "priority" => "1",
    "privilege" => "dialplan,all",
    "uniqueid" => "1744303449.298",
    "value" => "ssrc=786457770;themssrc=271677667;lp=0;rxjitter=0.000875;rxcount=206;txjitter=0.000875;txcount=205;rlp=0;rtt=0.000000;rxmes=85.367289;txmes=0.000000",
    "variable" => "RTPAUDIOQOS"
  },
  variables: %{}
}
[2025-04-10 16:44:18.500131Z] %ElixirAmi.Event{
  event: "varset",
  source: :asterisk_connection,
  action_id: nil,
  keys: %{
    "accountcode" => "",
    "calleridname" => "104",
    "calleridnum" => "104",
    "channel" => "PJSIP/104-000000c6",
    "channelstate" => "6",
    "channelstatedesc" => "Up",
    "connectedlinename" => "102",
    "connectedlinenum" => "102",
    "context" => "org_all",
    "exten" => "102",
    "language" => "en",
    "linkedid" => "1744303449.297",
    "priority" => "2",
    "privilege" => "dialplan,all",
    "uniqueid" => "1744303449.297",
    "value" => "ssrc=786457770;themssrc=271677667;lp=0;rxjitter=0.000875;rxcount=206;txjitter=0.000875;txcount=205;rlp=0;rtt=0.000000;rxmes=85.367289;txmes=0.000000",
    "variable" => "RTPAUDIOQOSBRIDGED"
  },
  variables: %{}
}
[2025-04-10 16:44:18.500424Z] %ElixirAmi.Event{
  event: "varset",
  source: :asterisk_connection,
  action_id: nil,
  keys: %{
    "accountcode" => "",
    "calleridname" => "102",
    "calleridnum" => "102",
    "channel" => "PJSIP/102-000000c7",
    "channelstate" => "6",
    "channelstatedesc" => "Up",
    "connectedlinename" => "104",
    "connectedlinenum" => "104",
    "context" => "org_all",
    "exten" => "",
    "language" => "en",
    "linkedid" => "1744303449.297",
    "priority" => "1",
    "privilege" => "dialplan,all",
    "uniqueid" => "1744303449.298",
    "value" => "minrxjitter=000.000125;maxrxjitter=000.000875;avgrxjitter=000.000754;stdevrxjitter=000.000157;mintxjitter=000.000000;maxtxjitter=000.000875;avgtxjitter=000.000350;stdevtxjitter=000.000429;",
    "variable" => "RTPAUDIOQOSJITTER"
  },
  variables: %{}
}
[2025-04-10 16:44:18.500734Z] %ElixirAmi.Event{
  event: "varset",
  source: :asterisk_connection,
  action_id: nil,
  keys: %{
    "accountcode" => "",
    "calleridname" => "104",
    "calleridnum" => "104",
    "channel" => "PJSIP/104-000000c6",
    "channelstate" => "6",
    "channelstatedesc" => "Up",
    "connectedlinename" => "102",
    "connectedlinenum" => "102",
    "context" => "org_all",
    "exten" => "102",
    "language" => "en",
    "linkedid" => "1744303449.297",
    "priority" => "2",
    "privilege" => "dialplan,all",
    "uniqueid" => "1744303449.297",
    "value" => "minrxjitter=000.000125;maxrxjitter=000.000875;avgrxjitter=000.000754;stdevrxjitter=000.000157;mintxjitter=000.000000;maxtxjitter=000.000875;avgtxjitter=000.000350;stdevtxjitter=000.000429;",
    "variable" => "RTPAUDIOQOSJITTERBRIDGED"
  },
  variables: %{}
}
[2025-04-10 16:44:18.501034Z] %ElixirAmi.Event{
  event: "varset",
  source: :asterisk_connection,
  action_id: nil,
  keys: %{
    "accountcode" => "",
    "calleridname" => "102",
    "calleridnum" => "102",
    "channel" => "PJSIP/102-000000c7",
    "channelstate" => "6",
    "channelstatedesc" => "Up",
    "connectedlinename" => "104",
    "connectedlinenum" => "104",
    "context" => "org_all",
    "exten" => "",
    "language" => "en",
    "linkedid" => "1744303449.297",
    "priority" => "1",
    "privilege" => "dialplan,all",
    "uniqueid" => "1744303449.298",
    "value" => "minrxlost=000.000000;  maxrxlost=000.000000;  avgrxlost=000.000000;  stdevrxlost=000.000000;  mintxlost=000.000000;  maxtxlost=000.000000;  avgtxlost=000.000000;  stdevtxlost=000.000000;",
    "variable" => "RTPAUDIOQOSLOSS"
  },
  variables: %{}
}
[2025-04-10 16:44:18.501327Z] %ElixirAmi.Event{
  event: "varset",
  source: :asterisk_connection,
  action_id: nil,
  keys: %{
    "accountcode" => "",
    "calleridname" => "104",
    "calleridnum" => "104",
    "channel" => "PJSIP/104-000000c6",
    "channelstate" => "6",
    "channelstatedesc" => "Up",
    "connectedlinename" => "102",
    "connectedlinenum" => "102",
    "context" => "org_all",
    "exten" => "102",
    "language" => "en",
    "linkedid" => "1744303449.297",
    "priority" => "2",
    "privilege" => "dialplan,all",
    "uniqueid" => "1744303449.297",
    "value" => "minrxlost=000.000000;  maxrxlost=000.000000;  avgrxlost=000.000000;  stdevrxlost=000.000000;  mintxlost=000.000000;  maxtxlost=000.000000;  avgtxlost=000.000000;  stdevtxlost=000.000000;",
    "variable" => "RTPAUDIOQOSLOSSBRIDGED"
  },
  variables: %{}
}
[2025-04-10 16:44:18.501791Z] %ElixirAmi.Event{
  event: "varset",
  source: :asterisk_connection,
  action_id: nil,
  keys: %{
    "accountcode" => "",
    "calleridname" => "102",
    "calleridnum" => "102",
    "channel" => "PJSIP/102-000000c7",
    "channelstate" => "6",
    "channelstatedesc" => "Up",
    "connectedlinename" => "104",
    "connectedlinenum" => "104",
    "context" => "org_all",
    "exten" => "",
    "language" => "en",
    "linkedid" => "1744303449.297",
    "priority" => "1",
    "privilege" => "dialplan,all",
    "uniqueid" => "1744303449.298",
    "value" => "minrtt=000.000000;     maxrtt=000.000000;     avgrtt=000.000000;     stdevrtt=000.000000;",
    "variable" => "RTPAUDIOQOSRTT"
  },
  variables: %{}
}
[2025-04-10 16:44:18.502059Z] %ElixirAmi.Event{
  event: "varset",
  source: :asterisk_connection,
  action_id: nil,
  keys: %{
    "accountcode" => "",
    "calleridname" => "104",
    "calleridnum" => "104",
    "channel" => "PJSIP/104-000000c6",
    "channelstate" => "6",
    "channelstatedesc" => "Up",
    "connectedlinename" => "102",
    "connectedlinenum" => "102",
    "context" => "org_all",
    "exten" => "102",
    "language" => "en",
    "linkedid" => "1744303449.297",
    "priority" => "2",
    "privilege" => "dialplan,all",
    "uniqueid" => "1744303449.297",
    "value" => "minrtt=000.000000;     maxrtt=000.000000;     avgrtt=000.000000;     stdevrtt=000.000000;",
    "variable" => "RTPAUDIOQOSRTTBRIDGED"
  },
  variables: %{}
}
[2025-04-10 16:44:18.502392Z] %ElixirAmi.Event{
  event: "varset",
  source: :asterisk_connection,
  action_id: nil,
  keys: %{
    "accountcode" => "",
    "calleridname" => "102",
    "calleridnum" => "102",
    "channel" => "PJSIP/102-000000c7",
    "channelstate" => "6",
    "channelstatedesc" => "Up",
    "connectedlinename" => "104",
    "connectedlinenum" => "104",
    "context" => "org_all",
    "exten" => "",
    "language" => "en",
    "linkedid" => "1744303449.297",
    "priority" => "1",
    "privilege" => "dialplan,all",
    "uniqueid" => "1744303449.298",
    "value" => "minrxmes=000.000000;   maxrxmes=000.000000;   avgrxmes=000.000000;   stdevrxmes=000.000157;   mintxmes=085.367289;   maxtxmes=085.367289;   avgtxmes=085.367289;   stdevtxmes=000.000000;",
    "variable" => "RTPAUDIOQOSMES"
  },
  variables: %{}
}
[2025-04-10 16:44:18.502923Z] %ElixirAmi.Event{
  event: "varset",
  source: :asterisk_connection,
  action_id: nil,
  keys: %{
    "accountcode" => "",
    "calleridname" => "104",
    "calleridnum" => "104",
    "channel" => "PJSIP/104-000000c6",
    "channelstate" => "6",
    "channelstatedesc" => "Up",
    "connectedlinename" => "102",
    "connectedlinenum" => "102",
    "context" => "org_all",
    "exten" => "102",
    "language" => "en",
    "linkedid" => "1744303449.297",
    "priority" => "2",
    "privilege" => "dialplan,all",
    "uniqueid" => "1744303449.297",
    "value" => "minrxmes=000.000000;   maxrxmes=000.000000;   avgrxmes=000.000000;   stdevrxmes=000.000157;   mintxmes=085.367289;   maxtxmes=085.367289;   avgtxmes=085.367289;   stdevtxmes=000.000000;",
    "variable" => "RTPAUDIOQOSMESBRIDGED"
  },
  variables: %{}
}
[2025-04-10 16:44:18.503329Z] %ElixirAmi.Event{
  event: "hanguprequest",
  source: :asterisk_connection,
  action_id: nil,
  keys: %{
    "accountcode" => "",
    "calleridname" => "102",
    "calleridnum" => "102",
    "channel" => "PJSIP/102-000000c7",
    "channelstate" => "6",
    "channelstatedesc" => "Up",
    "connectedlinename" => "104",
    "connectedlinenum" => "104",
    "context" => "org_all",
    "exten" => "",
    "language" => "en",
    "linkedid" => "1744303449.297",
    "priority" => "1",
    "privilege" => "call,all",
    "uniqueid" => "1744303449.298"
  },
  variables: %{}
}
[2025-04-10 16:44:18.503520Z] %ElixirAmi.Event{
  event: "varset",
  source: :asterisk_connection,
  action_id: nil,
  keys: %{
    "accountcode" => "",
    "calleridname" => "102",
    "calleridnum" => "102",
    "channel" => "PJSIP/102-000000c7",
    "channelstate" => "6",
    "channelstatedesc" => "Up",
    "connectedlinename" => "104",
    "connectedlinenum" => "104",
    "context" => "org_all",
    "exten" => "",
    "language" => "en",
    "linkedid" => "1744303449.297",
    "priority" => "1",
    "privilege" => "dialplan,all",
    "uniqueid" => "1744303449.298",
    "value" => "",
    "variable" => "BRIDGEPEER"
  },
  variables: %{}
}
[2025-04-10 16:44:18.503678Z] %ElixirAmi.Event{
  event: "varset",
  source: :asterisk_connection,
  action_id: nil,
  keys: %{
    "accountcode" => "",
    "calleridname" => "102",
    "calleridnum" => "102",
    "channel" => "PJSIP/102-000000c7",
    "channelstate" => "6",
    "channelstatedesc" => "Up",
    "connectedlinename" => "104",
    "connectedlinenum" => "104",
    "context" => "org_all",
    "exten" => "",
    "language" => "en",
    "linkedid" => "1744303449.297",
    "priority" => "1",
    "privilege" => "dialplan,all",
    "uniqueid" => "1744303449.298",
    "value" => "",
    "variable" => "BRIDGEPVTCALLID"
  },
  variables: %{}
}
[2025-04-10 16:44:18.503861Z] %ElixirAmi.Event{
  event: "varset",
  source: :asterisk_connection,
  action_id: nil,
  keys: %{
    "accountcode" => "",
    "calleridname" => "104",
    "calleridnum" => "104",
    "channel" => "PJSIP/104-000000c6",
    "channelstate" => "6",
    "channelstatedesc" => "Up",
    "connectedlinename" => "102",
    "connectedlinenum" => "102",
    "context" => "org_all",
    "exten" => "102",
    "language" => "en",
    "linkedid" => "1744303449.297",
    "priority" => "2",
    "privilege" => "dialplan,all",
    "uniqueid" => "1744303449.297",
    "value" => "",
    "variable" => "BRIDGEPEER"
  },
  variables: %{}
}
[2025-04-10 16:44:18.504058Z] %ElixirAmi.Event{
  event: "varset",
  source: :asterisk_connection,
  action_id: nil,
  keys: %{
    "accountcode" => "",
    "calleridname" => "104",
    "calleridnum" => "104",
    "channel" => "PJSIP/104-000000c6",
    "channelstate" => "6",
    "channelstatedesc" => "Up",
    "connectedlinename" => "102",
    "connectedlinenum" => "102",
    "context" => "org_all",
    "exten" => "102",
    "language" => "en",
    "linkedid" => "1744303449.297",
    "priority" => "2",
    "privilege" => "dialplan,all",
    "uniqueid" => "1744303449.297",
    "value" => "",
    "variable" => "BRIDGEPVTCALLID"
  },
  variables: %{}
}
[2025-04-10 16:44:18.504428Z] %ElixirAmi.Event{
  event: "bridgeleave",
  source: :asterisk_connection,
  action_id: nil,
  keys: %{
    "accountcode" => "",
    "bridgecreator" => "<unknown>",
    "bridgename" => "<unknown>",
    "bridgenumchannels" => "1",
    "bridgetechnology" => "simple_bridge",
    "bridgetype" => "basic",
    "bridgeuniqueid" => "818392e2-fd05-4ff9-8f6d-ff75e30f3a71",
    "bridgevideosourcemode" => "none",
    "calleridname" => "102",
    "calleridnum" => "102",
    "channel" => "PJSIP/102-000000c7",
    "channelstate" => "6",
    "channelstatedesc" => "Up",
    "connectedlinename" => "104",
    "connectedlinenum" => "104",
    "context" => "org_all",
    "exten" => "",
    "language" => "en",
    "linkedid" => "1744303449.297",
    "priority" => "1",
    "privilege" => "call,all",
    "uniqueid" => "1744303449.298"
  },
  variables: %{}
}
[2025-04-10 16:44:18.504837Z] %ElixirAmi.Event{
  event: "bridgeleave",
  source: :asterisk_connection,
  action_id: nil,
  keys: %{
    "accountcode" => "",
    "bridgecreator" => "<unknown>",
    "bridgename" => "<unknown>",
    "bridgenumchannels" => "0",
    "bridgetechnology" => "simple_bridge",
    "bridgetype" => "basic",
    "bridgeuniqueid" => "818392e2-fd05-4ff9-8f6d-ff75e30f3a71",
    "bridgevideosourcemode" => "none",
    "calleridname" => "104",
    "calleridnum" => "104",
    "channel" => "PJSIP/104-000000c6",
    "channelstate" => "6",
    "channelstatedesc" => "Up",
    "connectedlinename" => "102",
    "connectedlinenum" => "102",
    "context" => "org_all",
    "exten" => "102",
    "language" => "en",
    "linkedid" => "1744303449.297",
    "priority" => "2",
    "privilege" => "call,all",
    "uniqueid" => "1744303449.297"
  },
  variables: %{}
}
[2025-04-10 16:44:18.505255Z] %ElixirAmi.Event{
  event: "varset",
  source: :asterisk_connection,
  action_id: nil,
  keys: %{
    "accountcode" => "",
    "calleridname" => "102",
    "calleridnum" => "102",
    "channel" => "PJSIP/102-000000c7",
    "channelstate" => "6",
    "channelstatedesc" => "Up",
    "connectedlinename" => "104",
    "connectedlinenum" => "104",
    "context" => "org_all",
    "exten" => "",
    "language" => "en",
    "linkedid" => "1744303449.297",
    "priority" => "1",
    "privilege" => "dialplan,all",
    "uniqueid" => "1744303449.298",
    "value" => "ssrc=786457770;themssrc=271677667;lp=0;rxjitter=0.000875;rxcount=206;txjitter=0.000875;txcount=205;rlp=0;rtt=0.000000;rxmes=85.367289;txmes=0.000000",
    "variable" => "RTPAUDIOQOS"
  },
  variables: %{}
}
[2025-04-10 16:44:18.505474Z] %ElixirAmi.Event{
  event: "varset",
  source: :asterisk_connection,
  action_id: nil,
  keys: %{
    "accountcode" => "",
    "calleridname" => "104",
    "calleridnum" => "104",
    "channel" => "PJSIP/104-000000c6",
    "channelstate" => "6",
    "channelstatedesc" => "Up",
    "connectedlinename" => "102",
    "connectedlinenum" => "102",
    "context" => "org_all",
    "exten" => "102",
    "language" => "en",
    "linkedid" => "1744303449.297",
    "priority" => "2",
    "privilege" => "dialplan,all",
    "uniqueid" => "1744303449.297",
    "value" => "4",
    "variable" => "ANSWEREDTIME"
  },
  variables: %{}
}
[2025-04-10 16:44:18.505885Z] %ElixirAmi.Event{
  event: "varset",
  source: :asterisk_connection,
  action_id: nil,
  keys: %{
    "accountcode" => "",
    "calleridname" => "104",
    "calleridnum" => "104",
    "channel" => "PJSIP/104-000000c6",
    "channelstate" => "6",
    "channelstatedesc" => "Up",
    "connectedlinename" => "102",
    "connectedlinenum" => "102",
    "context" => "org_all",
    "exten" => "102",
    "language" => "en",
    "linkedid" => "1744303449.297",
    "priority" => "2",
    "privilege" => "dialplan,all",
    "uniqueid" => "1744303449.297",
    "value" => "4114",
    "variable" => "ANSWEREDTIME_MS"
  },
  variables: %{}
}
[2025-04-10 16:44:18.506149Z] %ElixirAmi.Event{
  event: "varset",
  source: :asterisk_connection,
  action_id: nil,
  keys: %{
    "accountcode" => "",
    "calleridname" => "104",
    "calleridnum" => "104",
    "channel" => "PJSIP/104-000000c6",
    "channelstate" => "6",
    "channelstatedesc" => "Up",
    "connectedlinename" => "102",
    "connectedlinenum" => "102",
    "context" => "org_all",
    "exten" => "102",
    "language" => "en",
    "linkedid" => "1744303449.297",
    "priority" => "2",
    "privilege" => "dialplan,all",
    "uniqueid" => "1744303449.297",
    "value" => "9",
    "variable" => "DIALEDTIME"
  },
  variables: %{}
}
[2025-04-10 16:44:18.506573Z] %ElixirAmi.Event{
  event: "varset",
  source: :asterisk_connection,
  action_id: nil,
  keys: %{
    "accountcode" => "",
    "calleridname" => "102",
    "calleridnum" => "102",
    "channel" => "PJSIP/102-000000c7",
    "channelstate" => "6",
    "channelstatedesc" => "Up",
    "connectedlinename" => "104",
    "connectedlinenum" => "104",
    "context" => "org_all",
    "exten" => "",
    "language" => "en",
    "linkedid" => "1744303449.297",
    "priority" => "1",
    "privilege" => "dialplan,all",
    "uniqueid" => "1744303449.298",
    "value" => "minrxjitter=000.000125;maxrxjitter=000.000875;avgrxjitter=000.000754;stdevrxjitter=000.000157;mintxjitter=000.000000;maxtxjitter=000.000875;avgtxjitter=000.000350;stdevtxjitter=000.000429;",
    "variable" => "RTPAUDIOQOSJITTER"
  },
  variables: %{}
}
[2025-04-10 16:44:18.506768Z] %ElixirAmi.Event{
  event: "varset",
  source: :asterisk_connection,
  action_id: nil,
  keys: %{
    "accountcode" => "",
    "calleridname" => "104",
    "calleridnum" => "104",
    "channel" => "PJSIP/104-000000c6",
    "channelstate" => "6",
    "channelstatedesc" => "Up",
    "connectedlinename" => "102",
    "connectedlinenum" => "102",
    "context" => "org_all",
    "exten" => "102",
    "language" => "en",
    "linkedid" => "1744303449.297",
    "priority" => "2",
    "privilege" => "dialplan,all",
    "uniqueid" => "1744303449.297",
    "value" => "9244",
    "variable" => "DIALEDTIME_MS"
  },
  variables: %{}
}
[2025-04-10 16:44:18.507057Z] %ElixirAmi.Event{
  event: "varset",
  source: :asterisk_connection,
  action_id: nil,
  keys: %{
    "accountcode" => "",
    "calleridname" => "102",
    "calleridnum" => "102",
    "channel" => "PJSIP/102-000000c7",
    "channelstate" => "6",
    "channelstatedesc" => "Up",
    "connectedlinename" => "104",
    "connectedlinenum" => "104",
    "context" => "org_all",
    "exten" => "",
    "language" => "en",
    "linkedid" => "1744303449.297",
    "priority" => "1",
    "privilege" => "dialplan,all",
    "uniqueid" => "1744303449.298",
    "value" => "minrxlost=000.000000;  maxrxlost=000.000000;  avgrxlost=000.000000;  stdevrxlost=000.000000;  mintxlost=000.000000;  maxtxlost=000.000000;  avgtxlost=000.000000;  stdevtxlost=000.000000;",
    "variable" => "RTPAUDIOQOSLOSS"
  },
  variables: %{}
}
[2025-04-10 16:44:18.507363Z] %ElixirAmi.Event{
  event: "varset",
  source: :asterisk_connection,
  action_id: nil,
  keys: %{
    "accountcode" => "",
    "calleridname" => "102",
    "calleridnum" => "102",
    "channel" => "PJSIP/102-000000c7",
    "channelstate" => "6",
    "channelstatedesc" => "Up",
    "connectedlinename" => "104",
    "connectedlinenum" => "104",
    "context" => "org_all",
    "exten" => "",
    "language" => "en",
    "linkedid" => "1744303449.297",
    "priority" => "1",
    "privilege" => "dialplan,all",
    "uniqueid" => "1744303449.298",
    "value" => "minrtt=000.000000;     maxrtt=000.000000;     avgrtt=000.000000;     stdevrtt=000.000000;",
    "variable" => "RTPAUDIOQOSRTT"
  },
  variables: %{}
}
[2025-04-10 16:44:18.507612Z] %ElixirAmi.Event{
  event: "varset",
  source: :asterisk_connection,
  action_id: nil,
  keys: %{
    "accountcode" => "",
    "calleridname" => "104",
    "calleridnum" => "104",
    "channel" => "PJSIP/104-000000c6",
    "channelstate" => "6",
    "channelstatedesc" => "Up",
    "connectedlinename" => "102",
    "connectedlinenum" => "102",
    "context" => "org_all",
    "exten" => "102",
    "language" => "en",
    "linkedid" => "1744303449.297",
    "priority" => "2",
    "privilege" => "dialplan,all",
    "uniqueid" => "1744303449.297",
    "value" => "ANSWER",
    "variable" => "DIALSTATUS"
  },
  variables: %{}
}
[2025-04-10 16:44:18.507870Z] %ElixirAmi.Event{
  event: "varset",
  source: :asterisk_connection,
  action_id: nil,
  keys: %{
    "accountcode" => "",
    "calleridname" => "102",
    "calleridnum" => "102",
    "channel" => "PJSIP/102-000000c7",
    "channelstate" => "6",
    "channelstatedesc" => "Up",
    "connectedlinename" => "104",
    "connectedlinenum" => "104",
    "context" => "org_all",
    "exten" => "",
    "language" => "en",
    "linkedid" => "1744303449.297",
    "priority" => "1",
    "privilege" => "dialplan,all",
    "uniqueid" => "1744303449.298",
    "value" => "minrxmes=000.000000;   maxrxmes=000.000000;   avgrxmes=000.000000;   stdevrxmes=000.000157;   mintxmes=085.367289;   maxtxmes=085.367289;   avgtxmes=085.367289;   stdevtxmes=000.000000;",
    "variable" => "RTPAUDIOQOSMES"
  },
  variables: %{}
}
[2025-04-10 16:44:18.508072Z] %ElixirAmi.Event{
  event: "softhanguprequest",
  source: :asterisk_connection,
  action_id: nil,
  keys: %{
    "accountcode" => "",
    "calleridname" => "104",
    "calleridnum" => "104",
    "cause" => "16",
    "channel" => "PJSIP/104-000000c6",
    "channelstate" => "6",
    "channelstatedesc" => "Up",
    "connectedlinename" => "102",
    "connectedlinenum" => "102",
    "context" => "org_all",
    "exten" => "102",
    "language" => "en",
    "linkedid" => "1744303449.297",
    "priority" => "2",
    "privilege" => "call,all",
    "uniqueid" => "1744303449.297"
  },
  variables: %{}
}
[2025-04-10 16:44:18.508240Z] %ElixirAmi.Event{
  event: "hangup",
  source: :asterisk_connection,
  action_id: nil,
  keys: %{
    "accountcode" => "",
    "calleridname" => "102",
    "calleridnum" => "102",
    "cause" => "16",
    "cause-txt" => "Normal Clearing",
    "channel" => "PJSIP/102-000000c7",
    "channelstate" => "6",
    "channelstatedesc" => "Up",
    "connectedlinename" => "104",
    "connectedlinenum" => "104",
    "context" => "org_all",
    "exten" => "",
    "language" => "en",
    "linkedid" => "1744303449.297",
    "priority" => "1",
    "privilege" => "call,all",
    "uniqueid" => "1744303449.298"
  },
  variables: %{}
}
[2025-04-10 16:44:18.508390Z] %ElixirAmi.Event{
  event: "varset",
  source: :asterisk_connection,
  action_id: nil,
  keys: %{
    "accountcode" => "",
    "calleridname" => "104",
    "calleridnum" => "104",
    "channel" => "PJSIP/104-000000c6",
    "channelstate" => "6",
    "channelstatedesc" => "Up",
    "connectedlinename" => "102",
    "connectedlinenum" => "102",
    "context" => "org_all",
    "exten" => "102",
    "language" => "en",
    "linkedid" => "1744303449.297",
    "priority" => "2",
    "privilege" => "dialplan,all",
    "uniqueid" => "1744303449.297",
    "value" => "ssrc=1611589590;themssrc=1339953777;lp=0;rxjitter=0.000000;rxcount=205;txjitter=0.000875;txcount=206;rlp=0;rtt=0.000000;rxmes=85.367289;txmes=0.000000",
    "variable" => "RTPAUDIOQOS"
  },
  variables: %{}
}
[2025-04-10 16:44:18.508708Z] %ElixirAmi.Event{
  event: "varset",
  source: :asterisk_connection,
  action_id: nil,
  keys: %{
    "accountcode" => "",
    "calleridname" => "104",
    "calleridnum" => "104",
    "channel" => "PJSIP/104-000000c6",
    "channelstate" => "6",
    "channelstatedesc" => "Up",
    "connectedlinename" => "102",
    "connectedlinenum" => "102",
    "context" => "org_all",
    "exten" => "102",
    "language" => "en",
    "linkedid" => "1744303449.297",
    "priority" => "2",
    "privilege" => "dialplan,all",
    "uniqueid" => "1744303449.297",
    "value" => "minrxjitter=000.000125;maxrxjitter=000.000875;avgrxjitter=000.000756;stdevrxjitter=000.000160;mintxjitter=000.000000;maxtxjitter=000.000000;avgtxjitter=000.000000;stdevtxjitter=000.000000;",
    "variable" => "RTPAUDIOQOSJITTER"
  },
  variables: %{}
}
[2025-04-10 16:44:18.509033Z] %ElixirAmi.Event{
  event: "varset",
  source: :asterisk_connection,
  action_id: nil,
  keys: %{
    "accountcode" => "",
    "calleridname" => "104",
    "calleridnum" => "104",
    "channel" => "PJSIP/104-000000c6",
    "channelstate" => "6",
    "channelstatedesc" => "Up",
    "connectedlinename" => "102",
    "connectedlinenum" => "102",
    "context" => "org_all",
    "exten" => "102",
    "language" => "en",
    "linkedid" => "1744303449.297",
    "priority" => "2",
    "privilege" => "dialplan,all",
    "uniqueid" => "1744303449.297",
    "value" => "minrxlost=000.000000;  maxrxlost=000.000000;  avgrxlost=000.000000;  stdevrxlost=000.000000;  mintxlost=000.000000;  maxtxlost=000.000000;  avgtxlost=000.000000;  stdevtxlost=000.000000;",
    "variable" => "RTPAUDIOQOSLOSS"
  },
  variables: %{}
}
[2025-04-10 16:44:18.509337Z] %ElixirAmi.Event{
  event: "varset",
  source: :asterisk_connection,
  action_id: nil,
  keys: %{
    "accountcode" => "",
    "calleridname" => "104",
    "calleridnum" => "104",
    "channel" => "PJSIP/104-000000c6",
    "channelstate" => "6",
    "channelstatedesc" => "Up",
    "connectedlinename" => "102",
    "connectedlinenum" => "102",
    "context" => "org_all",
    "exten" => "102",
    "language" => "en",
    "linkedid" => "1744303449.297",
    "priority" => "2",
    "privilege" => "dialplan,all",
    "uniqueid" => "1744303449.297",
    "value" => "minrtt=000.000000;     maxrtt=000.000000;     avgrtt=000.000000;     stdevrtt=000.000000;",
    "variable" => "RTPAUDIOQOSRTT"
  },
  variables: %{}
}
[2025-04-10 16:44:18.509579Z] %ElixirAmi.Event{
  event: "varset",
  source: :asterisk_connection,
  action_id: nil,
  keys: %{
    "accountcode" => "",
    "calleridname" => "104",
    "calleridnum" => "104",
    "channel" => "PJSIP/104-000000c6",
    "channelstate" => "6",
    "channelstatedesc" => "Up",
    "connectedlinename" => "102",
    "connectedlinenum" => "102",
    "context" => "org_all",
    "exten" => "102",
    "language" => "en",
    "linkedid" => "1744303449.297",
    "priority" => "2",
    "privilege" => "dialplan,all",
    "uniqueid" => "1744303449.297",
    "value" => "minrxmes=000.000000;   maxrxmes=000.000000;   avgrxmes=000.000000;   stdevrxmes=000.000160;   mintxmes=085.367289;   maxtxmes=085.367289;   avgtxmes=085.367289;   stdevtxmes=000.000000;",
    "variable" => "RTPAUDIOQOSMES"
  },
  variables: %{}
}
[2025-04-10 16:44:18.509904Z] %ElixirAmi.Event{
  event: "hangup",
  source: :asterisk_connection,
  action_id: nil,
  keys: %{
    "accountcode" => "",
    "calleridname" => "104",
    "calleridnum" => "104",
    "cause" => "16",
    "cause-txt" => "Normal Clearing",
    "channel" => "PJSIP/104-000000c6",
    "channelstate" => "6",
    "channelstatedesc" => "Up",
    "connectedlinename" => "102",
    "connectedlinenum" => "102",
    "context" => "org_all",
    "exten" => "102",
    "language" => "en",
    "linkedid" => "1744303449.297",
    "priority" => "2",
    "privilege" => "call,all",
    "uniqueid" => "1744303449.297"
  },
  variables: %{}
}
