[2025-04-15 13:38:21.476194Z] %ElixirAmi.Event{
  event: "newchannel",
  source: :asterisk_connection,
  action_id: nil,
  keys: %{
    "accountcode" => "",
    "calleridname" => "102",
    "calleridnum" => "102",
    "channel" => "PJSIP/102-0000001b",
    "channelstate" => "0",
    "channelstatedesc" => "Down",
    "connectedlinename" => "<unknown>",
    "connectedlinenum" => "<unknown>",
    "context" => "org_all",
    "exten" => "s",
    "language" => "en",
    "linkedid" => "1744724299.45",
    "priority" => "1",
    "privilege" => "call,all",
    "uniqueid" => "1744724299.45"
  },
  variables: %{}
}
[2025-04-15 13:38:21.476399Z] %ElixirAmi.Event{
  event: "newexten",
  source: :asterisk_connection,
  action_id: nil,
  keys: %{
    "accountcode" => "",
    "appdata" => "(Outgoing Line)",
    "application" => "AppDial2",
    "calleridname" => "102",
    "calleridnum" => "102",
    "channel" => "PJSIP/102-0000001b",
    "channelstate" => "0",
    "channelstatedesc" => "Down",
    "connectedlinename" => "<unknown>",
    "connectedlinenum" => "<unknown>",
    "context" => "org_all",
    "exten" => "s",
    "extension" => "s",
    "language" => "en",
    "linkedid" => "1744724299.45",
    "priority" => "1",
    "privilege" => "dialplan,all",
    "uniqueid" => "1744724299.45"
  },
  variables: %{}
}
[2025-04-15 13:38:21.477060Z] %ElixirAmi.Event{
  event: "newstate",
  source: :asterisk_connection,
  action_id: nil,
  keys: %{
    "accountcode" => "",
    "calleridname" => "102",
    "calleridnum" => "102",
    "channel" => "PJSIP/102-0000001b",
    "channelstate" => "5",
    "channelstatedesc" => "Ringing",
    "connectedlinename" => "<unknown>",
    "connectedlinenum" => "<unknown>",
    "context" => "org_all",
    "exten" => "s",
    "language" => "en",
    "linkedid" => "1744724299.45",
    "priority" => "1",
    "privilege" => "call,all",
    "uniqueid" => "1744724299.45"
  },
  variables: %{}
}
[2025-04-15 13:38:21.477636Z] %ElixirAmi.Event{
  event: "rtcpreceived",
  source: :asterisk_connection,
  action_id: nil,
  keys: %{
    "accountcode" => "",
    "calleridname" => "102",
    "calleridnum" => "102",
    "channel" => "PJSIP/102-0000001b",
    "channelstate" => "5",
    "channelstatedesc" => "Ringing",
    "connectedlinename" => "<unknown>",
    "connectedlinenum" => "<unknown>",
    "context" => "org_all",
    "exten" => "s",
    "from" => "192.168.0.16:4039",
    "language" => "en",
    "linkedid" => "1744724299.45",
    "mes" => "85.4",
    "priority" => "1",
    "privilege" => "reporting,all",
    "pt" => "201(RR)",
    "report0cumulativelost" => "0",
    "report0dlsr" => "0.0000",
    "report0fractionlost" => "0",
    "report0highestsequence" => "0",
    "report0iajitter" => "0",
    "report0lsr" => "0",
    "report0sequencenumbercycles" => "0",
    "report0sourcessrc" => "0x00000000",
    "reportcount" => "1",
    "rtt" => "0.0000",
    "ssrc" => "0x00000000",
    "to" => "192.168.0.16:10861",
    "uniqueid" => "1744724299.45"
  },
  variables: %{}
}
[2025-04-15 13:38:21.478043Z] %ElixirAmi.Event{
  event: "rtcpreceived",
  source: :asterisk_connection,
  action_id: nil,
  keys: %{
    "accountcode" => "",
    "calleridname" => "102",
    "calleridnum" => "102",
    "channel" => "PJSIP/102-0000001b",
    "channelstate" => "5",
    "channelstatedesc" => "Ringing",
    "connectedlinename" => "<unknown>",
    "connectedlinenum" => "<unknown>",
    "context" => "org_all",
    "exten" => "s",
    "from" => "192.168.0.16:4039",
    "language" => "en",
    "linkedid" => "1744724299.45",
    "mes" => "85.4",
    "priority" => "1",
    "privilege" => "reporting,all",
    "pt" => "201(RR)",
    "report0cumulativelost" => "0",
    "report0dlsr" => "0.0000",
    "report0fractionlost" => "0",
    "report0highestsequence" => "0",
    "report0iajitter" => "0",
    "report0lsr" => "0",
    "report0sequencenumbercycles" => "0",
    "report0sourcessrc" => "0x00000000",
    "reportcount" => "1",
    "rtt" => "0.0000",
    "ssrc" => "0x00000000",
    "to" => "192.168.0.16:10861",
    "uniqueid" => "1744724299.45"
  },
  variables: %{}
}
[2025-04-15 13:38:21.478382Z] %ElixirAmi.Event{
  event: "newstate",
  source: :asterisk_connection,
  action_id: nil,
  keys: %{
    "accountcode" => "",
    "calleridname" => "102",
    "calleridnum" => "102",
    "channel" => "PJSIP/102-0000001b",
    "channelstate" => "6",
    "channelstatedesc" => "Up",
    "connectedlinename" => "<unknown>",
    "connectedlinenum" => "<unknown>",
    "context" => "org_all",
    "exten" => "s",
    "language" => "en",
    "linkedid" => "1744724299.45",
    "priority" => "1",
    "privilege" => "call,all",
    "uniqueid" => "1744724299.45"
  },
  variables: %{}
}
[2025-04-15 13:38:21.478934Z] %ElixirAmi.Event{
  event: "newexten",
  source: :asterisk_connection,
  action_id: nil,
  keys: %{
    "accountcode" => "",
    "appdata" => "",
    "application" => "NoOp",
    "calleridname" => "102",
    "calleridnum" => "102",
    "channel" => "PJSIP/102-0000001b",
    "channelstate" => "6",
    "channelstatedesc" => "Up",
    "connectedlinename" => "<unknown>",
    "connectedlinenum" => "<unknown>",
    "context" => "org_all",
    "exten" => "101",
    "extension" => "101",
    "language" => "en",
    "linkedid" => "1744724299.45",
    "priority" => "1",
    "privilege" => "dialplan,all",
    "uniqueid" => "1744724299.45"
  },
  variables: %{}
}
[2025-04-15 13:38:21.479074Z] %ElixirAmi.Event{
  event: "newexten",
  source: :asterisk_connection,
  action_id: nil,
  keys: %{
    "accountcode" => "",
    "appdata" => "PJSIP/101,20,",
    "application" => "Dial",
    "calleridname" => "102",
    "calleridnum" => "102",
    "channel" => "PJSIP/102-0000001b",
    "channelstate" => "6",
    "channelstatedesc" => "Up",
    "connectedlinename" => "<unknown>",
    "connectedlinenum" => "<unknown>",
    "context" => "org_all",
    "exten" => "101",
    "extension" => "101",
    "language" => "en",
    "linkedid" => "1744724299.45",
    "priority" => "2",
    "privilege" => "dialplan,all",
    "uniqueid" => "1744724299.45"
  },
  variables: %{}
}
[2025-04-15 13:38:21.479278Z] %ElixirAmi.Event{
  event: "varset",
  source: :asterisk_connection,
  action_id: nil,
  keys: %{
    "accountcode" => "",
    "calleridname" => "102",
    "calleridnum" => "102",
    "channel" => "PJSIP/102-0000001b",
    "channelstate" => "6",
    "channelstatedesc" => "Up",
    "connectedlinename" => "<unknown>",
    "connectedlinenum" => "<unknown>",
    "context" => "org_all",
    "exten" => "101",
    "language" => "en",
    "linkedid" => "1744724299.45",
    "priority" => "2",
    "privilege" => "dialplan,all",
    "uniqueid" => "1744724299.45",
    "value" => "",
    "variable" => "DIALSTATUS"
  },
  variables: %{}
}
[2025-04-15 13:38:21.479520Z] %ElixirAmi.Event{
  event: "varset",
  source: :asterisk_connection,
  action_id: nil,
  keys: %{
    "accountcode" => "",
    "calleridname" => "102",
    "calleridnum" => "102",
    "channel" => "PJSIP/102-0000001b",
    "channelstate" => "6",
    "channelstatedesc" => "Up",
    "connectedlinename" => "<unknown>",
    "connectedlinenum" => "<unknown>",
    "context" => "org_all",
    "exten" => "101",
    "language" => "en",
    "linkedid" => "1744724299.45",
    "priority" => "2",
    "privilege" => "dialplan,all",
    "uniqueid" => "1744724299.45",
    "value" => "",
    "variable" => "DIALEDPEERNUMBER"
  },
  variables: %{}
}
[2025-04-15 13:38:21.479760Z] %ElixirAmi.Event{
  event: "varset",
  source: :asterisk_connection,
  action_id: nil,
  keys: %{
    "accountcode" => "",
    "calleridname" => "102",
    "calleridnum" => "102",
    "channel" => "PJSIP/102-0000001b",
    "channelstate" => "6",
    "channelstatedesc" => "Up",
    "connectedlinename" => "<unknown>",
    "connectedlinenum" => "<unknown>",
    "context" => "org_all",
    "exten" => "101",
    "language" => "en",
    "linkedid" => "1744724299.45",
    "priority" => "2",
    "privilege" => "dialplan,all",
    "uniqueid" => "1744724299.45",
    "value" => "",
    "variable" => "DIALEDPEERNAME"
  },
  variables: %{}
}
[2025-04-15 13:38:21.479993Z] %ElixirAmi.Event{
  event: "varset",
  source: :asterisk_connection,
  action_id: nil,
  keys: %{
    "accountcode" => "",
    "calleridname" => "102",
    "calleridnum" => "102",
    "channel" => "PJSIP/102-0000001b",
    "channelstate" => "6",
    "channelstatedesc" => "Up",
    "connectedlinename" => "<unknown>",
    "connectedlinenum" => "<unknown>",
    "context" => "org_all",
    "exten" => "101",
    "language" => "en",
    "linkedid" => "1744724299.45",
    "priority" => "2",
    "privilege" => "dialplan,all",
    "uniqueid" => "1744724299.45",
    "value" => "",
    "variable" => "ANSWEREDTIME"
  },
  variables: %{}
}
[2025-04-15 13:38:21.480208Z] %ElixirAmi.Event{
  event: "varset",
  source: :asterisk_connection,
  action_id: nil,
  keys: %{
    "accountcode" => "",
    "calleridname" => "102",
    "calleridnum" => "102",
    "channel" => "PJSIP/102-0000001b",
    "channelstate" => "6",
    "channelstatedesc" => "Up",
    "connectedlinename" => "<unknown>",
    "connectedlinenum" => "<unknown>",
    "context" => "org_all",
    "exten" => "101",
    "language" => "en",
    "linkedid" => "1744724299.45",
    "priority" => "2",
    "privilege" => "dialplan,all",
    "uniqueid" => "1744724299.45",
    "value" => "",
    "variable" => "ANSWEREDTIME_MS"
  },
  variables: %{}
}
[2025-04-15 13:38:21.480459Z] %ElixirAmi.Event{
  event: "varset",
  source: :asterisk_connection,
  action_id: nil,
  keys: %{
    "accountcode" => "",
    "calleridname" => "102",
    "calleridnum" => "102",
    "channel" => "PJSIP/102-0000001b",
    "channelstate" => "6",
    "channelstatedesc" => "Up",
    "connectedlinename" => "<unknown>",
    "connectedlinenum" => "<unknown>",
    "context" => "org_all",
    "exten" => "101",
    "language" => "en",
    "linkedid" => "1744724299.45",
    "priority" => "2",
    "privilege" => "dialplan,all",
    "uniqueid" => "1744724299.45",
    "value" => "",
    "variable" => "DIALEDTIME"
  },
  variables: %{}
}
[2025-04-15 13:38:21.480734Z] %ElixirAmi.Event{
  event: "varset",
  source: :asterisk_connection,
  action_id: nil,
  keys: %{
    "accountcode" => "",
    "calleridname" => "102",
    "calleridnum" => "102",
    "channel" => "PJSIP/102-0000001b",
    "channelstate" => "6",
    "channelstatedesc" => "Up",
    "connectedlinename" => "<unknown>",
    "connectedlinenum" => "<unknown>",
    "context" => "org_all",
    "exten" => "101",
    "language" => "en",
    "linkedid" => "1744724299.45",
    "priority" => "2",
    "privilege" => "dialplan,all",
    "uniqueid" => "1744724299.45",
    "value" => "",
    "variable" => "DIALEDTIME_MS"
  },
  variables: %{}
}
[2025-04-15 13:38:21.480973Z] %ElixirAmi.Event{
  event: "varset",
  source: :asterisk_connection,
  action_id: nil,
  keys: %{
    "accountcode" => "",
    "calleridname" => "102",
    "calleridnum" => "102",
    "channel" => "PJSIP/102-0000001b",
    "channelstate" => "6",
    "channelstatedesc" => "Up",
    "connectedlinename" => "<unknown>",
    "connectedlinenum" => "<unknown>",
    "context" => "org_all",
    "exten" => "101",
    "language" => "en",
    "linkedid" => "1744724299.45",
    "priority" => "2",
    "privilege" => "dialplan,all",
    "uniqueid" => "1744724299.45",
    "value" => "",
    "variable" => "RINGTIME"
  },
  variables: %{}
}
[2025-04-15 13:38:21.481147Z] %ElixirAmi.Event{
  event: "varset",
  source: :asterisk_connection,
  action_id: nil,
  keys: %{
    "accountcode" => "",
    "calleridname" => "102",
    "calleridnum" => "102",
    "channel" => "PJSIP/102-0000001b",
    "channelstate" => "6",
    "channelstatedesc" => "Up",
    "connectedlinename" => "<unknown>",
    "connectedlinenum" => "<unknown>",
    "context" => "org_all",
    "exten" => "101",
    "language" => "en",
    "linkedid" => "1744724299.45",
    "priority" => "2",
    "privilege" => "dialplan,all",
    "uniqueid" => "1744724299.45",
    "value" => "",
    "variable" => "RINGTIME_MS"
  },
  variables: %{}
}
[2025-04-15 13:38:21.481383Z] %ElixirAmi.Event{
  event: "varset",
  source: :asterisk_connection,
  action_id: nil,
  keys: %{
    "accountcode" => "",
    "calleridname" => "102",
    "calleridnum" => "102",
    "channel" => "PJSIP/102-0000001b",
    "channelstate" => "6",
    "channelstatedesc" => "Up",
    "connectedlinename" => "<unknown>",
    "connectedlinenum" => "<unknown>",
    "context" => "org_all",
    "exten" => "101",
    "language" => "en",
    "linkedid" => "1744724299.45",
    "priority" => "2",
    "privilege" => "dialplan,all",
    "uniqueid" => "1744724299.45",
    "value" => "",
    "variable" => "PROGRESSTIME"
  },
  variables: %{}
}
[2025-04-15 13:38:21.481657Z] %ElixirAmi.Event{
  event: "varset",
  source: :asterisk_connection,
  action_id: nil,
  keys: %{
    "accountcode" => "",
    "calleridname" => "102",
    "calleridnum" => "102",
    "channel" => "PJSIP/102-0000001b",
    "channelstate" => "6",
    "channelstatedesc" => "Up",
    "connectedlinename" => "<unknown>",
    "connectedlinenum" => "<unknown>",
    "context" => "org_all",
    "exten" => "101",
    "language" => "en",
    "linkedid" => "1744724299.45",
    "priority" => "2",
    "privilege" => "dialplan,all",
    "uniqueid" => "1744724299.45",
    "value" => "",
    "variable" => "PROGRESSTIME_MS"
  },
  variables: %{}
}
[2025-04-15 13:38:21.481848Z] %ElixirAmi.Event{
  event: "newchannel",
  source: :asterisk_connection,
  action_id: nil,
  keys: %{
    "accountcode" => "",
    "calleridname" => "101",
    "calleridnum" => "101",
    "channel" => "PJSIP/101-0000001c",
    "channelstate" => "0",
    "channelstatedesc" => "Down",
    "connectedlinename" => "<unknown>",
    "connectedlinenum" => "<unknown>",
    "context" => "org_all",
    "exten" => "s",
    "language" => "en",
    "linkedid" => "1744724299.45",
    "priority" => "1",
    "privilege" => "call,all",
    "uniqueid" => "1744724301.46"
  },
  variables: %{}
}
[2025-04-15 13:38:21.482213Z] %ElixirAmi.Event{
  event: "varset",
  source: :asterisk_connection,
  action_id: nil,
  keys: %{
    "accountcode" => "",
    "calleridname" => "101",
    "calleridnum" => "101",
    "channel" => "PJSIP/101-0000001c",
    "channelstate" => "0",
    "channelstatedesc" => "Down",
    "connectedlinename" => "<unknown>",
    "connectedlinenum" => "<unknown>",
    "context" => "org_all",
    "exten" => "s",
    "language" => "en",
    "linkedid" => "1744724299.45",
    "priority" => "1",
    "privilege" => "dialplan,all",
    "uniqueid" => "1744724301.46",
    "value" => "101",
    "variable" => "DIALEDPEERNUMBER"
  },
  variables: %{}
}
[2025-04-15 13:38:21.482480Z] %ElixirAmi.Event{
  event: "newexten",
  source: :asterisk_connection,
  action_id: nil,
  keys: %{
    "accountcode" => "",
    "appdata" => "(Outgoing Line)",
    "application" => "AppDial",
    "calleridname" => "101",
    "calleridnum" => "101",
    "channel" => "PJSIP/101-0000001c",
    "channelstate" => "0",
    "channelstatedesc" => "Down",
    "connectedlinename" => "102",
    "connectedlinenum" => "102",
    "context" => "org_all",
    "exten" => "101",
    "extension" => "101",
    "language" => "en",
    "linkedid" => "1744724299.45",
    "priority" => "1",
    "privilege" => "dialplan,all",
    "uniqueid" => "1744724301.46"
  },
  variables: %{}
}
[2025-04-15 13:38:21.482682Z] %ElixirAmi.Event{
  event: "newconnectedline",
  source: :asterisk_connection,
  action_id: nil,
  keys: %{
    "accountcode" => "",
    "calleridname" => "101",
    "calleridnum" => "101",
    "channel" => "PJSIP/101-0000001c",
    "channelstate" => "0",
    "channelstatedesc" => "Down",
    "connectedlinename" => "102",
    "connectedlinenum" => "102",
    "context" => "org_all",
    "exten" => "101",
    "language" => "en",
    "linkedid" => "1744724299.45",
    "priority" => "1",
    "privilege" => "call,all",
    "uniqueid" => "1744724301.46"
  },
  variables: %{}
}
[2025-04-15 13:38:21.483126Z] %ElixirAmi.Event{
  event: "dialbegin",
  source: :asterisk_connection,
  action_id: nil,
  keys: %{
    "accountcode" => "",
    "calleridname" => "102",
    "calleridnum" => "102",
    "channel" => "PJSIP/102-0000001b",
    "channelstate" => "6",
    "channelstatedesc" => "Up",
    "connectedlinename" => "<unknown>",
    "connectedlinenum" => "<unknown>",
    "context" => "org_all",
    "destaccountcode" => "",
    "destcalleridname" => "101",
    "destcalleridnum" => "101",
    "destchannel" => "PJSIP/101-0000001c",
    "destchannelstate" => "0",
    "destchannelstatedesc" => "Down",
    "destconnectedlinename" => "102",
    "destconnectedlinenum" => "102",
    "destcontext" => "org_all",
    "destexten" => "101",
    "destlanguage" => "en",
    "destlinkedid" => "1744724299.45",
    "destpriority" => "1",
    "destuniqueid" => "1744724301.46",
    "dialstring" => "101",
    "exten" => "101",
    "language" => "en",
    "linkedid" => "1744724299.45",
    "priority" => "2",
    "privilege" => "call,all",
    "uniqueid" => "1744724299.45"
  },
  variables: %{}
}
[2025-04-15 13:38:21.483298Z] %ElixirAmi.Event{
  event: "newconnectedline",
  source: :asterisk_connection,
  action_id: nil,
  keys: %{
    "accountcode" => "",
    "calleridname" => "102",
    "calleridnum" => "102",
    "channel" => "PJSIP/102-0000001b",
    "channelstate" => "6",
    "channelstatedesc" => "Up",
    "connectedlinename" => "101",
    "connectedlinenum" => "101",
    "context" => "org_all",
    "exten" => "101",
    "language" => "en",
    "linkedid" => "1744724299.45",
    "priority" => "2",
    "privilege" => "call,all",
    "uniqueid" => "1744724299.45"
  },
  variables: %{}
}
[2025-04-15 13:38:21.483703Z] %ElixirAmi.Event{
  event: "newstate",
  source: :asterisk_connection,
  action_id: nil,
  keys: %{
    "accountcode" => "",
    "calleridname" => "101",
    "calleridnum" => "101",
    "channel" => "PJSIP/101-0000001c",
    "channelstate" => "5",
    "channelstatedesc" => "Ringing",
    "connectedlinename" => "102",
    "connectedlinenum" => "102",
    "context" => "org_all",
    "exten" => "101",
    "language" => "en",
    "linkedid" => "1744724299.45",
    "priority" => "1",
    "privilege" => "call,all",
    "uniqueid" => "1744724301.46"
  },
  variables: %{}
}
[2025-04-15 13:38:21.484070Z] %ElixirAmi.Event{
  event: "varset",
  source: :asterisk_connection,
  action_id: nil,
  keys: %{
    "accountcode" => "",
    "calleridname" => "102",
    "calleridnum" => "102",
    "channel" => "PJSIP/102-0000001b",
    "channelstate" => "6",
    "channelstatedesc" => "Up",
    "connectedlinename" => "101",
    "connectedlinenum" => "101",
    "context" => "org_all",
    "exten" => "101",
    "language" => "en",
    "linkedid" => "1744724299.45",
    "priority" => "2",
    "privilege" => "dialplan,all",
    "uniqueid" => "1744724299.45",
    "value" => "0",
    "variable" => "RINGTIME"
  },
  variables: %{}
}
[2025-04-15 13:38:21.484234Z] %ElixirAmi.Event{
  event: "varset",
  source: :asterisk_connection,
  action_id: nil,
  keys: %{
    "accountcode" => "",
    "calleridname" => "102",
    "calleridnum" => "102",
    "channel" => "PJSIP/102-0000001b",
    "channelstate" => "6",
    "channelstatedesc" => "Up",
    "connectedlinename" => "101",
    "connectedlinenum" => "101",
    "context" => "org_all",
    "exten" => "101",
    "language" => "en",
    "linkedid" => "1744724299.45",
    "priority" => "2",
    "privilege" => "dialplan,all",
    "uniqueid" => "1744724299.45",
    "value" => "5",
    "variable" => "RINGTIME_MS"
  },
  variables: %{}
}
[2025-04-15 13:38:21.484550Z] %ElixirAmi.Event{
  event: "dialstate",
  source: :asterisk_connection,
  action_id: nil,
  keys: %{
    "accountcode" => "",
    "calleridname" => "102",
    "calleridnum" => "102",
    "channel" => "PJSIP/102-0000001b",
    "channelstate" => "6",
    "channelstatedesc" => "Up",
    "connectedlinename" => "101",
    "connectedlinenum" => "101",
    "context" => "org_all",
    "destaccountcode" => "",
    "destcalleridname" => "101",
    "destcalleridnum" => "101",
    "destchannel" => "PJSIP/101-0000001c",
    "destchannelstate" => "5",
    "destchannelstatedesc" => "Ringing",
    "destconnectedlinename" => "102",
    "destconnectedlinenum" => "102",
    "destcontext" => "org_all",
    "destexten" => "101",
    "destlanguage" => "en",
    "destlinkedid" => "1744724299.45",
    "destpriority" => "1",
    "destuniqueid" => "1744724301.46",
    "dialstatus" => "RINGING",
    "exten" => "101",
    "language" => "en",
    "linkedid" => "1744724299.45",
    "priority" => "2",
    "privilege" => "call,all",
    "uniqueid" => "1744724299.45"
  },
  variables: %{}
}
[2025-04-15 13:38:21.681877Z] %ElixirAmi.Event{
  event: "rtcpreceived",
  source: :asterisk_connection,
  action_id: nil,
  keys: %{
    "pt" => "200(SR)",
    "report0highestsequence" => "5288",
    "mes" => "85.4",
    "privilege" => "reporting,all",
    "channelstatedesc" => "Up",
    "uniqueid" => "1744724299.45",
    "sentntp" => "1744749501.206652",
    "report0fractionlost" => "0",
    "sentpackets" => "11",
    "report0lsr" => "0",
    "linkedid" => "1744724299.45",
    "ssrc" => "0xeba9423d",
    "exten" => "101",
    "channel" => "PJSIP/102-0000001b",
    "report0iajitter" => "0",
    "sentrtp" => "1648",
    "context" => "org_all",
    "connectedlinename" => "101",
    "priority" => "2",
    "rtt" => "0.0000",
    "to" => "192.168.0.16:10861",
    "reportcount" => "1",
    "language" => "en",
    "sentoctets" => "1760",
    "calleridname" => "102",
    "from" => "192.168.0.16:4039",
    "report0cumulativelost" => "0",
    "report0sequencenumbercycles" => "0",
    "calleridnum" => "102",
    "channelstate" => "6",
    "accountcode" => "",
    "report0dlsr" => "0.0000",
    "report0sourcessrc" => "0x348b7b09",
    "connectedlinenum" => "101"
  },
  variables: %{}
}
[2025-04-15 13:38:23.134866Z] %ElixirAmi.Event{
  event: "rtcpreceived",
  source: :asterisk_connection,
  action_id: nil,
  keys: %{
    "accountcode" => "",
    "calleridname" => "101",
    "calleridnum" => "101",
    "channel" => "PJSIP/101-0000001c",
    "channelstate" => "5",
    "channelstatedesc" => "Ringing",
    "connectedlinename" => "102",
    "connectedlinenum" => "102",
    "context" => "org_all",
    "exten" => "101",
    "from" => "192.168.0.16:4017",
    "language" => "en",
    "linkedid" => "1744724299.45",
    "mes" => "85.4",
    "priority" => "1",
    "privilege" => "reporting,all",
    "pt" => "201(RR)",
    "report0cumulativelost" => "0",
    "report0dlsr" => "0.0000",
    "report0fractionlost" => "0",
    "report0highestsequence" => "0",
    "report0iajitter" => "0",
    "report0lsr" => "0",
    "report0sequencenumbercycles" => "0",
    "report0sourcessrc" => "0x00000000",
    "reportcount" => "1",
    "rtt" => "0.0000",
    "ssrc" => "0x00000000",
    "to" => "192.168.0.16:17175",
    "uniqueid" => "1744724301.46"
  },
  variables: %{}
}
[2025-04-15 13:38:23.135252Z] %ElixirAmi.Event{
  event: "rtcpreceived",
  source: :asterisk_connection,
  action_id: nil,
  keys: %{
    "accountcode" => "",
    "calleridname" => "101",
    "calleridnum" => "101",
    "channel" => "PJSIP/101-0000001c",
    "channelstate" => "5",
    "channelstatedesc" => "Ringing",
    "connectedlinename" => "102",
    "connectedlinenum" => "102",
    "context" => "org_all",
    "exten" => "101",
    "from" => "192.168.0.16:4017",
    "language" => "en",
    "linkedid" => "1744724299.45",
    "mes" => "85.4",
    "priority" => "1",
    "privilege" => "reporting,all",
    "pt" => "201(RR)",
    "report0cumulativelost" => "0",
    "report0dlsr" => "0.0000",
    "report0fractionlost" => "0",
    "report0highestsequence" => "0",
    "report0iajitter" => "0",
    "report0lsr" => "0",
    "report0sequencenumbercycles" => "0",
    "report0sourcessrc" => "0x00000000",
    "reportcount" => "1",
    "rtt" => "0.0000",
    "ssrc" => "0x00000000",
    "to" => "192.168.0.16:17175",
    "uniqueid" => "1744724301.46"
  },
  variables: %{}
}
[2025-04-15 13:38:23.135572Z] %ElixirAmi.Event{
  event: "newstate",
  source: :asterisk_connection,
  action_id: nil,
  keys: %{
    "accountcode" => "",
    "calleridname" => "101",
    "calleridnum" => "101",
    "channel" => "PJSIP/101-0000001c",
    "channelstate" => "6",
    "channelstatedesc" => "Up",
    "connectedlinename" => "102",
    "connectedlinenum" => "102",
    "context" => "org_all",
    "exten" => "101",
    "language" => "en",
    "linkedid" => "1744724299.45",
    "priority" => "1",
    "privilege" => "call,all",
    "uniqueid" => "1744724301.46"
  },
  variables: %{}
}
[2025-04-15 13:38:23.135785Z] %ElixirAmi.Event{
  event: "varset",
  source: :asterisk_connection,
  action_id: nil,
  keys: %{
    "accountcode" => "",
    "calleridname" => "102",
    "calleridnum" => "102",
    "channel" => "PJSIP/102-0000001b",
    "channelstate" => "6",
    "channelstatedesc" => "Up",
    "connectedlinename" => "101",
    "connectedlinenum" => "101",
    "context" => "org_all",
    "exten" => "101",
    "language" => "en",
    "linkedid" => "1744724299.45",
    "priority" => "2",
    "privilege" => "dialplan,all",
    "uniqueid" => "1744724299.45",
    "value" => "ANSWER",
    "variable" => "DIALSTATUS"
  },
  variables: %{}
}
[2025-04-15 13:38:23.135921Z] %ElixirAmi.Event{
  event: "varset",
  source: :asterisk_connection,
  action_id: nil,
  keys: %{
    "accountcode" => "",
    "calleridname" => "102",
    "calleridnum" => "102",
    "channel" => "PJSIP/102-0000001b",
    "channelstate" => "6",
    "channelstatedesc" => "Up",
    "connectedlinename" => "101",
    "connectedlinenum" => "101",
    "context" => "org_all",
    "exten" => "101",
    "language" => "en",
    "linkedid" => "1744724299.45",
    "priority" => "2",
    "privilege" => "dialplan,all",
    "uniqueid" => "1744724299.45",
    "value" => "PJSIP/101-0000001c",
    "variable" => "DIALEDPEERNAME"
  },
  variables: %{}
}
[2025-04-15 13:38:23.136120Z] %ElixirAmi.Event{
  event: "varset",
  source: :asterisk_connection,
  action_id: nil,
  keys: %{
    "accountcode" => "",
    "calleridname" => "102",
    "calleridnum" => "102",
    "channel" => "PJSIP/102-0000001b",
    "channelstate" => "6",
    "channelstatedesc" => "Up",
    "connectedlinename" => "101",
    "connectedlinenum" => "101",
    "context" => "org_all",
    "exten" => "101",
    "language" => "en",
    "linkedid" => "1744724299.45",
    "priority" => "2",
    "privilege" => "dialplan,all",
    "uniqueid" => "1744724299.45",
    "value" => "101",
    "variable" => "DIALEDPEERNUMBER"
  },
  variables: %{}
}
[2025-04-15 13:38:23.136394Z] %ElixirAmi.Event{
  event: "dialend",
  source: :asterisk_connection,
  action_id: nil,
  keys: %{
    "accountcode" => "",
    "calleridname" => "102",
    "calleridnum" => "102",
    "channel" => "PJSIP/102-0000001b",
    "channelstate" => "6",
    "channelstatedesc" => "Up",
    "connectedlinename" => "101",
    "connectedlinenum" => "101",
    "context" => "org_all",
    "destaccountcode" => "",
    "destcalleridname" => "101",
    "destcalleridnum" => "101",
    "destchannel" => "PJSIP/101-0000001c",
    "destchannelstate" => "6",
    "destchannelstatedesc" => "Up",
    "destconnectedlinename" => "102",
    "destconnectedlinenum" => "102",
    "destcontext" => "org_all",
    "destexten" => "",
    "destlanguage" => "en",
    "destlinkedid" => "1744724299.45",
    "destpriority" => "1",
    "destuniqueid" => "1744724301.46",
    "dialstatus" => "ANSWER",
    "exten" => "101",
    "language" => "en",
    "linkedid" => "1744724299.45",
    "priority" => "2",
    "privilege" => "call,all",
    "uniqueid" => "1744724299.45"
  },
  variables: %{}
}
[2025-04-15 13:38:23.136692Z] %ElixirAmi.Event{
  event: "newexten",
  source: :asterisk_connection,
  action_id: nil,
  keys: %{
    "accountcode" => "",
    "appdata" => "(Outgoing Line)",
    "application" => "AppDial",
    "calleridname" => "101",
    "calleridnum" => "101",
    "channel" => "PJSIP/101-0000001c",
    "channelstate" => "6",
    "channelstatedesc" => "Up",
    "connectedlinename" => "102",
    "connectedlinenum" => "102",
    "context" => "org_all",
    "exten" => "",
    "extension" => "",
    "language" => "en",
    "linkedid" => "1744724299.45",
    "priority" => "1",
    "privilege" => "dialplan,all",
    "uniqueid" => "1744724301.46"
  },
  variables: %{}
}
[2025-04-15 13:38:23.136990Z] %ElixirAmi.Event{
  event: "bridgeenter",
  source: :asterisk_connection,
  action_id: nil,
  keys: %{
    "accountcode" => "",
    "bridgecreator" => "<unknown>",
    "bridgename" => "<unknown>",
    "bridgenumchannels" => "1",
    "bridgetechnology" => "simple_bridge",
    "bridgetype" => "basic",
    "bridgeuniqueid" => "9c1b9bb5-23fb-4ff7-ab5c-663e2c10be49",
    "bridgevideosourcemode" => "none",
    "calleridname" => "101",
    "calleridnum" => "101",
    "channel" => "PJSIP/101-0000001c",
    "channelstate" => "6",
    "channelstatedesc" => "Up",
    "connectedlinename" => "102",
    "connectedlinenum" => "102",
    "context" => "org_all",
    "exten" => "",
    "language" => "en",
    "linkedid" => "1744724299.45",
    "priority" => "1",
    "privilege" => "call,all",
    "uniqueid" => "1744724301.46"
  },
  variables: %{}
}
[2025-04-15 13:38:23.137204Z] %ElixirAmi.Event{
  event: "bridgeenter",
  source: :asterisk_connection,
  action_id: nil,
  keys: %{
    "accountcode" => "",
    "bridgecreator" => "<unknown>",
    "bridgename" => "<unknown>",
    "bridgenumchannels" => "2",
    "bridgetechnology" => "simple_bridge",
    "bridgetype" => "basic",
    "bridgeuniqueid" => "9c1b9bb5-23fb-4ff7-ab5c-663e2c10be49",
    "bridgevideosourcemode" => "none",
    "calleridname" => "102",
    "calleridnum" => "102",
    "channel" => "PJSIP/102-0000001b",
    "channelstate" => "6",
    "channelstatedesc" => "Up",
    "connectedlinename" => "101",
    "connectedlinenum" => "101",
    "context" => "org_all",
    "exten" => "101",
    "language" => "en",
    "linkedid" => "1744724299.45",
    "priority" => "2",
    "privilege" => "call,all",
    "uniqueid" => "1744724299.45"
  },
  variables: %{}
}
[2025-04-15 13:38:23.137355Z] %ElixirAmi.Event{
  event: "varset",
  source: :asterisk_connection,
  action_id: nil,
  keys: %{
    "accountcode" => "",
    "calleridname" => "102",
    "calleridnum" => "102",
    "channel" => "PJSIP/102-0000001b",
    "channelstate" => "6",
    "channelstatedesc" => "Up",
    "connectedlinename" => "101",
    "connectedlinenum" => "101",
    "context" => "org_all",
    "exten" => "101",
    "language" => "en",
    "linkedid" => "1744724299.45",
    "priority" => "2",
    "privilege" => "dialplan,all",
    "uniqueid" => "1744724299.45",
    "value" => "PJSIP/101-0000001c",
    "variable" => "BRIDGEPEER"
  },
  variables: %{}
}
[2025-04-15 13:38:23.137675Z] %ElixirAmi.Event{
  event: "varset",
  source: :asterisk_connection,
  action_id: nil,
  keys: %{
    "accountcode" => "",
    "calleridname" => "102",
    "calleridnum" => "102",
    "channel" => "PJSIP/102-0000001b",
    "channelstate" => "6",
    "channelstatedesc" => "Up",
    "connectedlinename" => "101",
    "connectedlinenum" => "101",
    "context" => "org_all",
    "exten" => "101",
    "language" => "en",
    "linkedid" => "1744724299.45",
    "priority" => "2",
    "privilege" => "dialplan,all",
    "uniqueid" => "1744724299.45",
    "value" => "bd76453a-4411-4429-b978-26fadff8a4d6",
    "variable" => "BRIDGEPVTCALLID"
  },
  variables: %{}
}
[2025-04-15 13:38:23.137914Z] %ElixirAmi.Event{
  event: "varset",
  source: :asterisk_connection,
  action_id: nil,
  keys: %{
    "accountcode" => "",
    "calleridname" => "101",
    "calleridnum" => "101",
    "channel" => "PJSIP/101-0000001c",
    "channelstate" => "6",
    "channelstatedesc" => "Up",
    "connectedlinename" => "102",
    "connectedlinenum" => "102",
    "context" => "org_all",
    "exten" => "",
    "language" => "en",
    "linkedid" => "1744724299.45",
    "priority" => "1",
    "privilege" => "dialplan,all",
    "uniqueid" => "1744724301.46",
    "value" => "PJSIP/102-0000001b",
    "variable" => "BRIDGEPEER"
  },
  variables: %{}
}
[2025-04-15 13:38:23.138084Z] %ElixirAmi.Event{
  event: "varset",
  source: :asterisk_connection,
  action_id: nil,
  keys: %{
    "accountcode" => "",
    "calleridname" => "101",
    "calleridnum" => "101",
    "channel" => "PJSIP/101-0000001c",
    "channelstate" => "6",
    "channelstatedesc" => "Up",
    "connectedlinename" => "102",
    "connectedlinenum" => "102",
    "context" => "org_all",
    "exten" => "",
    "language" => "en",
    "linkedid" => "1744724299.45",
    "priority" => "1",
    "privilege" => "dialplan,all",
    "uniqueid" => "1744724301.46",
    "value" => "ea26f151-524b-44c3-96eb-f8e91e0ac2ba",
    "variable" => "BRIDGEPVTCALLID"
  },
  variables: %{}
}
[2025-04-15 13:38:23.138291Z] %ElixirAmi.Event{
  event: "varset",
  source: :asterisk_connection,
  action_id: nil,
  keys: %{
    "accountcode" => "",
    "calleridname" => "102",
    "calleridnum" => "102",
    "channel" => "PJSIP/102-0000001b",
    "channelstate" => "6",
    "channelstatedesc" => "Up",
    "connectedlinename" => "101",
    "connectedlinenum" => "101",
    "context" => "org_all",
    "exten" => "101",
    "language" => "en",
    "linkedid" => "1744724299.45",
    "priority" => "2",
    "privilege" => "dialplan,all",
    "uniqueid" => "1744724299.45",
    "value" => "PJSIP/101-0000001c",
    "variable" => "BRIDGEPEER"
  },
  variables: %{}
}
[2025-04-15 13:38:23.138713Z] %ElixirAmi.Event{
  event: "varset",
  source: :asterisk_connection,
  action_id: nil,
  keys: %{
    "accountcode" => "",
    "calleridname" => "102",
    "calleridnum" => "102",
    "channel" => "PJSIP/102-0000001b",
    "channelstate" => "6",
    "channelstatedesc" => "Up",
    "connectedlinename" => "101",
    "connectedlinenum" => "101",
    "context" => "org_all",
    "exten" => "101",
    "language" => "en",
    "linkedid" => "1744724299.45",
    "priority" => "2",
    "privilege" => "dialplan,all",
    "uniqueid" => "1744724299.45",
    "value" => "bd76453a-4411-4429-b978-26fadff8a4d6",
    "variable" => "BRIDGEPVTCALLID"
  },
  variables: %{}
}
[2025-04-15 13:38:23.138937Z] %ElixirAmi.Event{
  event: "varset",
  source: :asterisk_connection,
  action_id: nil,
  keys: %{
    "accountcode" => "",
    "calleridname" => "101",
    "calleridnum" => "101",
    "channel" => "PJSIP/101-0000001c",
    "channelstate" => "6",
    "channelstatedesc" => "Up",
    "connectedlinename" => "102",
    "connectedlinenum" => "102",
    "context" => "org_all",
    "exten" => "",
    "language" => "en",
    "linkedid" => "1744724299.45",
    "priority" => "1",
    "privilege" => "dialplan,all",
    "uniqueid" => "1744724301.46",
    "value" => "PJSIP/102-0000001b",
    "variable" => "BRIDGEPEER"
  },
  variables: %{}
}
[2025-04-15 13:38:23.139100Z] %ElixirAmi.Event{
  event: "varset",
  source: :asterisk_connection,
  action_id: nil,
  keys: %{
    "accountcode" => "",
    "calleridname" => "101",
    "calleridnum" => "101",
    "channel" => "PJSIP/101-0000001c",
    "channelstate" => "6",
    "channelstatedesc" => "Up",
    "connectedlinename" => "102",
    "connectedlinenum" => "102",
    "context" => "org_all",
    "exten" => "",
    "language" => "en",
    "linkedid" => "1744724299.45",
    "priority" => "1",
    "privilege" => "dialplan,all",
    "uniqueid" => "1744724301.46",
    "value" => "ea26f151-524b-44c3-96eb-f8e91e0ac2ba",
    "variable" => "BRIDGEPVTCALLID"
  },
  variables: %{}
}
[2025-04-15 13:38:23.139312Z] %ElixirAmi.Event{
  event: "varset",
  source: :asterisk_connection,
  action_id: nil,
  keys: %{
    "accountcode" => "",
    "calleridname" => "102",
    "calleridnum" => "102",
    "channel" => "PJSIP/102-0000001b",
    "channelstate" => "6",
    "channelstatedesc" => "Up",
    "connectedlinename" => "101",
    "connectedlinenum" => "101",
    "context" => "org_all",
    "exten" => "101",
    "language" => "en",
    "linkedid" => "1744724299.45",
    "priority" => "2",
    "privilege" => "dialplan,all",
    "uniqueid" => "1744724299.45",
    "value" => "PJSIP/101-0000001c",
    "variable" => "BRIDGEPEER"
  },
  variables: %{}
}
[2025-04-15 13:38:23.139478Z] %ElixirAmi.Event{
  event: "varset",
  source: :asterisk_connection,
  action_id: nil,
  keys: %{
    "accountcode" => "",
    "calleridname" => "102",
    "calleridnum" => "102",
    "channel" => "PJSIP/102-0000001b",
    "channelstate" => "6",
    "channelstatedesc" => "Up",
    "connectedlinename" => "101",
    "connectedlinenum" => "101",
    "context" => "org_all",
    "exten" => "101",
    "language" => "en",
    "linkedid" => "1744724299.45",
    "priority" => "2",
    "privilege" => "dialplan,all",
    "uniqueid" => "1744724299.45",
    "value" => "bd76453a-4411-4429-b978-26fadff8a4d6",
    "variable" => "BRIDGEPVTCALLID"
  },
  variables: %{}
}
[2025-04-15 13:38:23.139636Z] %ElixirAmi.Event{
  event: "varset",
  source: :asterisk_connection,
  action_id: nil,
  keys: %{
    "accountcode" => "",
    "calleridname" => "101",
    "calleridnum" => "101",
    "channel" => "PJSIP/101-0000001c",
    "channelstate" => "6",
    "channelstatedesc" => "Up",
    "connectedlinename" => "102",
    "connectedlinenum" => "102",
    "context" => "org_all",
    "exten" => "",
    "language" => "en",
    "linkedid" => "1744724299.45",
    "priority" => "1",
    "privilege" => "dialplan,all",
    "uniqueid" => "1744724301.46",
    "value" => "PJSIP/102-0000001b",
    "variable" => "BRIDGEPEER"
  },
  variables: %{}
}
[2025-04-15 13:38:23.139839Z] %ElixirAmi.Event{
  event: "varset",
  source: :asterisk_connection,
  action_id: nil,
  keys: %{
    "accountcode" => "",
    "calleridname" => "101",
    "calleridnum" => "101",
    "channel" => "PJSIP/101-0000001c",
    "channelstate" => "6",
    "channelstatedesc" => "Up",
    "connectedlinename" => "102",
    "connectedlinenum" => "102",
    "context" => "org_all",
    "exten" => "",
    "language" => "en",
    "linkedid" => "1744724299.45",
    "priority" => "1",
    "privilege" => "dialplan,all",
    "uniqueid" => "1744724301.46",
    "value" => "ea26f151-524b-44c3-96eb-f8e91e0ac2ba",
    "variable" => "BRIDGEPVTCALLID"
  },
  variables: %{}
}
[2025-04-15 13:38:23.140194Z] %ElixirAmi.Event{
  event: "varset",
  source: :asterisk_connection,
  action_id: nil,
  keys: %{
    "accountcode" => "",
    "calleridname" => "102",
    "calleridnum" => "102",
    "channel" => "PJSIP/102-0000001b",
    "channelstate" => "6",
    "channelstatedesc" => "Up",
    "connectedlinename" => "101",
    "connectedlinenum" => "101",
    "context" => "org_all",
    "exten" => "101",
    "language" => "en",
    "linkedid" => "1744724299.45",
    "priority" => "2",
    "privilege" => "dialplan,all",
    "uniqueid" => "1744724299.45",
    "value" => "/home/rawmn/AsteriskConnector/priv/recordings/102_101_2025-04-151744724299.45.wav",
    "variable" => "MIXMONITOR_FILENAME"
  },
  variables: %{}
}
[2025-04-15 13:38:23.140325Z] %ElixirAmi.Event{
  event: "mixmonitorstart",
  source: :asterisk_connection,
  action_id: nil,
  keys: %{
    "accountcode" => "",
    "calleridname" => "102",
    "calleridnum" => "102",
    "channel" => "PJSIP/102-0000001b",
    "channelstate" => "6",
    "channelstatedesc" => "Up",
    "connectedlinename" => "101",
    "connectedlinenum" => "101",
    "context" => "org_all",
    "exten" => "101",
    "language" => "en",
    "linkedid" => "1744724299.45",
    "priority" => "2",
    "privilege" => "call,all",
    "uniqueid" => "1744724299.45"
  },
  variables: %{}
}
[2025-04-15 13:38:23.140476Z] %ElixirAmi.Event{
  event: "varset",
  source: :asterisk_connection,
  action_id: nil,
  keys: %{
    "accountcode" => "",
    "calleridname" => "102",
    "calleridnum" => "102",
    "channel" => "PJSIP/102-0000001b",
    "channelstate" => "6",
    "channelstatedesc" => "Up",
    "connectedlinename" => "101",
    "connectedlinenum" => "101",
    "context" => "org_all",
    "exten" => "101",
    "language" => "en",
    "linkedid" => "1744724299.45",
    "priority" => "2",
    "privilege" => "dialplan,all",
    "uniqueid" => "1744724299.45",
    "value" => "PJSIP/101-0000001c",
    "variable" => "BRIDGEPEER"
  },
  variables: %{}
}
[2025-04-15 13:38:23.140665Z] %ElixirAmi.Event{
  event: "varset",
  source: :asterisk_connection,
  action_id: nil,
  keys: %{
    "accountcode" => "",
    "calleridname" => "102",
    "calleridnum" => "102",
    "channel" => "PJSIP/102-0000001b",
    "channelstate" => "6",
    "channelstatedesc" => "Up",
    "connectedlinename" => "101",
    "connectedlinenum" => "101",
    "context" => "org_all",
    "exten" => "101",
    "language" => "en",
    "linkedid" => "1744724299.45",
    "priority" => "2",
    "privilege" => "dialplan,all",
    "uniqueid" => "1744724299.45",
    "value" => "bd76453a-4411-4429-b978-26fadff8a4d6",
    "variable" => "BRIDGEPVTCALLID"
  },
  variables: %{}
}
[2025-04-15 13:38:23.140847Z] %ElixirAmi.Event{
  event: "varset",
  source: :asterisk_connection,
  action_id: nil,
  keys: %{
    "accountcode" => "",
    "calleridname" => "101",
    "calleridnum" => "101",
    "channel" => "PJSIP/101-0000001c",
    "channelstate" => "6",
    "channelstatedesc" => "Up",
    "connectedlinename" => "102",
    "connectedlinenum" => "102",
    "context" => "org_all",
    "exten" => "",
    "language" => "en",
    "linkedid" => "1744724299.45",
    "priority" => "1",
    "privilege" => "dialplan,all",
    "uniqueid" => "1744724301.46",
    "value" => "PJSIP/102-0000001b",
    "variable" => "BRIDGEPEER"
  },
  variables: %{}
}
[2025-04-15 13:38:23.141058Z] %ElixirAmi.Event{
  event: "varset",
  source: :asterisk_connection,
  action_id: nil,
  keys: %{
    "accountcode" => "",
    "calleridname" => "101",
    "calleridnum" => "101",
    "channel" => "PJSIP/101-0000001c",
    "channelstate" => "6",
    "channelstatedesc" => "Up",
    "connectedlinename" => "102",
    "connectedlinenum" => "102",
    "context" => "org_all",
    "exten" => "",
    "language" => "en",
    "linkedid" => "1744724299.45",
    "priority" => "1",
    "privilege" => "dialplan,all",
    "uniqueid" => "1744724301.46",
    "value" => "ea26f151-524b-44c3-96eb-f8e91e0ac2ba",
    "variable" => "BRIDGEPVTCALLID"
  },
  variables: %{}
}
[2025-04-15 13:38:23.141252Z] %ElixirAmi.Event{
  event: "varset",
  source: :asterisk_connection,
  action_id: nil,
  keys: %{
    "accountcode" => "",
    "calleridname" => "102",
    "calleridnum" => "102",
    "channel" => "PJSIP/102-0000001b",
    "channelstate" => "6",
    "channelstatedesc" => "Up",
    "connectedlinename" => "101",
    "connectedlinenum" => "101",
    "context" => "org_all",
    "exten" => "101",
    "language" => "en",
    "linkedid" => "1744724299.45",
    "priority" => "2",
    "privilege" => "dialplan,all",
    "uniqueid" => "1744724299.45",
    "value" => "PJSIP/101-0000001c",
    "variable" => "BRIDGEPEER"
  },
  variables: %{}
}
[2025-04-15 13:38:23.141449Z] %ElixirAmi.Event{
  event: "varset",
  source: :asterisk_connection,
  action_id: nil,
  keys: %{
    "accountcode" => "",
    "calleridname" => "102",
    "calleridnum" => "102",
    "channel" => "PJSIP/102-0000001b",
    "channelstate" => "6",
    "channelstatedesc" => "Up",
    "connectedlinename" => "101",
    "connectedlinenum" => "101",
    "context" => "org_all",
    "exten" => "101",
    "language" => "en",
    "linkedid" => "1744724299.45",
    "priority" => "2",
    "privilege" => "dialplan,all",
    "uniqueid" => "1744724299.45",
    "value" => "bd76453a-4411-4429-b978-26fadff8a4d6",
    "variable" => "BRIDGEPVTCALLID"
  },
  variables: %{}
}
[2025-04-15 13:38:23.141637Z] %ElixirAmi.Event{
  event: "varset",
  source: :asterisk_connection,
  action_id: nil,
  keys: %{
    "accountcode" => "",
    "calleridname" => "101",
    "calleridnum" => "101",
    "channel" => "PJSIP/101-0000001c",
    "channelstate" => "6",
    "channelstatedesc" => "Up",
    "connectedlinename" => "102",
    "connectedlinenum" => "102",
    "context" => "org_all",
    "exten" => "",
    "language" => "en",
    "linkedid" => "1744724299.45",
    "priority" => "1",
    "privilege" => "dialplan,all",
    "uniqueid" => "1744724301.46",
    "value" => "PJSIP/102-0000001b",
    "variable" => "BRIDGEPEER"
  },
  variables: %{}
}
[2025-04-15 13:38:23.141804Z] %ElixirAmi.Event{
  event: "varset",
  source: :asterisk_connection,
  action_id: nil,
  keys: %{
    "accountcode" => "",
    "calleridname" => "101",
    "calleridnum" => "101",
    "channel" => "PJSIP/101-0000001c",
    "channelstate" => "6",
    "channelstatedesc" => "Up",
    "connectedlinename" => "102",
    "connectedlinenum" => "102",
    "context" => "org_all",
    "exten" => "",
    "language" => "en",
    "linkedid" => "1744724299.45",
    "priority" => "1",
    "privilege" => "dialplan,all",
    "uniqueid" => "1744724301.46",
    "value" => "ea26f151-524b-44c3-96eb-f8e91e0ac2ba",
    "variable" => "BRIDGEPVTCALLID"
  },
  variables: %{}
}
[2025-04-15 13:38:23.141966Z] %ElixirAmi.Event{
  event: "varset",
  source: :asterisk_connection,
  action_id: nil,
  keys: %{
    "accountcode" => "",
    "calleridname" => "102",
    "calleridnum" => "102",
    "channel" => "PJSIP/102-0000001b",
    "channelstate" => "6",
    "channelstatedesc" => "Up",
    "connectedlinename" => "101",
    "connectedlinenum" => "101",
    "context" => "org_all",
    "exten" => "101",
    "language" => "en",
    "linkedid" => "1744724299.45",
    "priority" => "2",
    "privilege" => "dialplan,all",
    "uniqueid" => "1744724299.45",
    "value" => "PJSIP/101-0000001c",
    "variable" => "BRIDGEPEER"
  },
  variables: %{}
}
[2025-04-15 13:38:23.142143Z] %ElixirAmi.Event{
  event: "varset",
  source: :asterisk_connection,
  action_id: nil,
  keys: %{
    "accountcode" => "",
    "calleridname" => "102",
    "calleridnum" => "102",
    "channel" => "PJSIP/102-0000001b",
    "channelstate" => "6",
    "channelstatedesc" => "Up",
    "connectedlinename" => "101",
    "connectedlinenum" => "101",
    "context" => "org_all",
    "exten" => "101",
    "language" => "en",
    "linkedid" => "1744724299.45",
    "priority" => "2",
    "privilege" => "dialplan,all",
    "uniqueid" => "1744724299.45",
    "value" => "bd76453a-4411-4429-b978-26fadff8a4d6",
    "variable" => "BRIDGEPVTCALLID"
  },
  variables: %{}
}
[2025-04-15 13:38:23.142308Z] %ElixirAmi.Event{
  event: "varset",
  source: :asterisk_connection,
  action_id: nil,
  keys: %{
    "accountcode" => "",
    "calleridname" => "101",
    "calleridnum" => "101",
    "channel" => "PJSIP/101-0000001c",
    "channelstate" => "6",
    "channelstatedesc" => "Up",
    "connectedlinename" => "102",
    "connectedlinenum" => "102",
    "context" => "org_all",
    "exten" => "",
    "language" => "en",
    "linkedid" => "1744724299.45",
    "priority" => "1",
    "privilege" => "dialplan,all",
    "uniqueid" => "1744724301.46",
    "value" => "PJSIP/102-0000001b",
    "variable" => "BRIDGEPEER"
  },
  variables: %{}
}
[2025-04-15 13:38:23.142486Z] %ElixirAmi.Event{
  event: "varset",
  source: :asterisk_connection,
  action_id: nil,
  keys: %{
    "accountcode" => "",
    "calleridname" => "101",
    "calleridnum" => "101",
    "channel" => "PJSIP/101-0000001c",
    "channelstate" => "6",
    "channelstatedesc" => "Up",
    "connectedlinename" => "102",
    "connectedlinenum" => "102",
    "context" => "org_all",
    "exten" => "",
    "language" => "en",
    "linkedid" => "1744724299.45",
    "priority" => "1",
    "privilege" => "dialplan,all",
    "uniqueid" => "1744724301.46",
    "value" => "ea26f151-524b-44c3-96eb-f8e91e0ac2ba",
    "variable" => "BRIDGEPVTCALLID"
  },
  variables: %{}
}
[2025-04-15 13:38:23.336033Z] %ElixirAmi.Event{
  event: "rtcpreceived",
  source: :asterisk_connection,
  action_id: nil,
  keys: %{
    "pt" => "200(SR)",
    "report0highestsequence" => "1139",
    "mes" => "85.4",
    "privilege" => "reporting,all",
    "channelstatedesc" => "Up",
    "uniqueid" => "1744724301.46",
    "sentntp" => "1744749503.201846",
    "report0fractionlost" => "0",
    "sentpackets" => "11",
    "report0lsr" => "0",
    "linkedid" => "1744724299.45",
    "ssrc" => "0xeba9423f",
    "exten" => "",
    "channel" => "PJSIP/101-0000001c",
    "report0iajitter" => "0",
    "sentrtp" => "1608",
    "context" => "org_all",
    "connectedlinename" => "102",
    "priority" => "1",
    "rtt" => "0.0000",
    "to" => "192.168.0.16:17175",
    "reportcount" => "1",
    "language" => "en",
    "sentoctets" => "1760",
    "calleridname" => "101",
    "from" => "192.168.0.16:4017",
    "report0cumulativelost" => "0",
    "report0sequencenumbercycles" => "0",
    "calleridnum" => "101",
    "channelstate" => "6",
    "accountcode" => "",
    "report0dlsr" => "0.0000",
    "report0sourcessrc" => "0x0d482b96",
    "connectedlinenum" => "102"
  },
  variables: %{}
}
[2025-04-15 13:38:26.475539Z] %ElixirAmi.Event{
  event: "rtcpsent",
  source: :asterisk_connection,
  action_id: nil,
  keys: %{
    "pt" => "200(SR)",
    "report0highestsequence" => "28852",
    "mes" => "85.4",
    "privilege" => "reporting,all",
    "channelstatedesc" => "Up",
    "uniqueid" => "1744724299.45",
    "sentntp" => "1744724306.474886",
    "report0fractionlost" => "0",
    "sentpackets" => "250",
    "report0lsr" => "1111307495",
    "linkedid" => "1744724299.45",
    "ssrc" => "0x348b7b09",
    "exten" => "101",
    "channel" => "PJSIP/102-0000001b",
    "report0iajitter" => "7",
    "sentrtp" => "26880",
    "context" => "org_all",
    "connectedlinename" => "101",
    "priority" => "2",
    "to" => "192.168.0.16:4039",
    "reportcount" => "1",
    "language" => "en",
    "sentoctets" => "40000",
    "calleridname" => "102",
    "from" => "192.168.0.16:10861",
    "report0cumulativelost" => "0",
    "report0sequencenumbercycles" => "0",
    "calleridnum" => "102",
    "channelstate" => "6",
    "accountcode" => "",
    "report0dlsr" => "4.7930",
    "report0sourcessrc" => "0x0d482b96",
    "connectedlinenum" => "101"
  },
  variables: %{}
}
[2025-04-15 13:38:26.757385Z] %ElixirAmi.Event{
  event: "rtcpreceived",
  source: :asterisk_connection,
  action_id: nil,
  keys: %{
    "pt" => "200(SR)",
    "report0highestsequence" => "5541",
    "mes" => "85.4",
    "privilege" => "reporting,all",
    "channelstatedesc" => "Up",
    "uniqueid" => "1744724299.45",
    "sentntp" => "1744749506.282058",
    "report0fractionlost" => "0",
    "sentpackets" => "264",
    "report0lsr" => "3755112850",
    "linkedid" => "1744724299.45",
    "ssrc" => "0xeba94242",
    "exten" => "101",
    "channel" => "PJSIP/102-0000001b",
    "report0iajitter" => "6",
    "sentrtp" => "42256",
    "context" => "org_all",
    "connectedlinename" => "101",
    "priority" => "2",
    "rtt" => "0.0001",
    "to" => "192.168.0.16:10861",
    "reportcount" => "1",
    "language" => "en",
    "sentoctets" => "42240",
    "calleridname" => "102",
    "from" => "192.168.0.16:4039",
    "report0cumulativelost" => "0",
    "report0sequencenumbercycles" => "0",
    "calleridnum" => "102",
    "channelstate" => "6",
    "accountcode" => "",
    "report0dlsr" => "0.2819",
    "report0sourcessrc" => "0x348b7b09",
    "connectedlinenum" => "101"
  },
  variables: %{}
}
[2025-04-15 13:38:27.316317Z] %ElixirAmi.Event{
  event: "rtcpreceived",
  source: :asterisk_connection,
  action_id: nil,
  keys: %{
    "pt" => "200(SR)",
    "report0highestsequence" => "5568",
    "mes" => "85.4",
    "privilege" => "reporting,all",
    "channelstatedesc" => "Up",
    "uniqueid" => "1744724299.45",
    "sentntp" => "1744749506.841031",
    "report0fractionlost" => "0",
    "sentpackets" => "292",
    "report0lsr" => "3755112850",
    "linkedid" => "1744724299.45",
    "ssrc" => "0xeba94242",
    "exten" => "101",
    "channel" => "PJSIP/102-0000001b",
    "report0iajitter" => "7",
    "sentrtp" => "46728",
    "context" => "org_all",
    "connectedlinename" => "101",
    "priority" => "2",
    "rtt" => "0.0001",
    "to" => "192.168.0.16:10861",
    "reportcount" => "1",
    "language" => "en",
    "sentoctets" => "46720",
    "calleridname" => "102",
    "from" => "192.168.0.16:4039",
    "report0cumulativelost" => "0",
    "report0sequencenumbercycles" => "0",
    "calleridnum" => "102",
    "channelstate" => "6",
    "accountcode" => "",
    "report0dlsr" => "0.8409",
    "report0sourcessrc" => "0x348b7b09",
    "connectedlinenum" => "101"
  },
  variables: %{}
}
[2025-04-15 13:38:27.316729Z] %ElixirAmi.Event{
  event: "rtcpreceived",
  source: :asterisk_connection,
  action_id: nil,
  keys: %{
    "accountcode" => "",
    "calleridname" => "102",
    "calleridnum" => "102",
    "channel" => "PJSIP/102-0000001b",
    "channelstate" => "6",
    "channelstatedesc" => "Up",
    "connectedlinename" => "101",
    "connectedlinenum" => "101",
    "context" => "org_all",
    "exten" => "101",
    "from" => "192.168.0.16:4039",
    "language" => "en",
    "linkedid" => "1744724299.45",
    "mes" => "85.4",
    "priority" => "2",
    "privilege" => "reporting,all",
    "pt" => "201(RR)",
    "report0cumulativelost" => "0",
    "report0dlsr" => "0.8409",
    "report0fractionlost" => "0",
    "report0highestsequence" => "5568",
    "report0iajitter" => "7",
    "report0lsr" => "3755112850",
    "report0sequencenumbercycles" => "0",
    "report0sourcessrc" => "0x348b7b09",
    "reportcount" => "1",
    "rtt" => "0.0001",
    "ssrc" => "0x348b7b09",
    "to" => "192.168.0.16:10861",
    "uniqueid" => "1744724299.45"
  },
  variables: %{}
}
[2025-04-15 13:38:27.316996Z] %ElixirAmi.Event{
  event: "varset",
  source: :asterisk_connection,
  action_id: nil,
  keys: %{
    "accountcode" => "",
    "calleridname" => "102",
    "calleridnum" => "102",
    "channel" => "PJSIP/102-0000001b",
    "channelstate" => "6",
    "channelstatedesc" => "Up",
    "connectedlinename" => "101",
    "connectedlinenum" => "101",
    "context" => "org_all",
    "exten" => "101",
    "language" => "en",
    "linkedid" => "1744724299.45",
    "priority" => "2",
    "privilege" => "dialplan,all",
    "uniqueid" => "1744724299.45",
    "value" => "ssrc=881556233;themssrc=222833558;lp=0;rxjitter=0.000875;rxcount=292;txjitter=0.000875;txcount=292;rlp=0;rtt=0.000076;rxmes=85.366100;txmes=85.367289",
    "variable" => "RTPAUDIOQOS"
  },
  variables: %{}
}
[2025-04-15 13:38:27.317286Z] %ElixirAmi.Event{
  event: "varset",
  source: :asterisk_connection,
  action_id: nil,
  keys: %{
    "accountcode" => "",
    "calleridname" => "101",
    "calleridnum" => "101",
    "channel" => "PJSIP/101-0000001c",
    "channelstate" => "6",
    "channelstatedesc" => "Up",
    "connectedlinename" => "102",
    "connectedlinenum" => "102",
    "context" => "org_all",
    "exten" => "",
    "language" => "en",
    "linkedid" => "1744724299.45",
    "priority" => "1",
    "privilege" => "dialplan,all",
    "uniqueid" => "1744724301.46",
    "value" => "ssrc=881556233;themssrc=222833558;lp=0;rxjitter=0.000875;rxcount=292;txjitter=0.000875;txcount=292;rlp=0;rtt=0.000076;rxmes=85.366100;txmes=85.367289",
    "variable" => "RTPAUDIOQOSBRIDGED"
  },
  variables: %{}
}
[2025-04-15 13:38:27.317564Z] %ElixirAmi.Event{
  event: "varset",
  source: :asterisk_connection,
  action_id: nil,
  keys: %{
    "accountcode" => "",
    "calleridname" => "102",
    "calleridnum" => "102",
    "channel" => "PJSIP/102-0000001b",
    "channelstate" => "6",
    "channelstatedesc" => "Up",
    "connectedlinename" => "101",
    "connectedlinenum" => "101",
    "context" => "org_all",
    "exten" => "101",
    "language" => "en",
    "linkedid" => "1744724299.45",
    "priority" => "2",
    "privilege" => "dialplan,all",
    "uniqueid" => "1744724299.45",
    "value" => "minrxjitter=000.000000;maxrxjitter=000.000875;avgrxjitter=000.000778;stdevrxjitter=000.000153;mintxjitter=000.000000;maxtxjitter=000.000875;avgtxjitter=000.000417;stdevtxjitter=000.000419;",
    "variable" => "RTPAUDIOQOSJITTER"
  },
  variables: %{}
}
[2025-04-15 13:38:27.317899Z] %ElixirAmi.Event{
  event: "varset",
  source: :asterisk_connection,
  action_id: nil,
  keys: %{
    "accountcode" => "",
    "calleridname" => "101",
    "calleridnum" => "101",
    "channel" => "PJSIP/101-0000001c",
    "channelstate" => "6",
    "channelstatedesc" => "Up",
    "connectedlinename" => "102",
    "connectedlinenum" => "102",
    "context" => "org_all",
    "exten" => "",
    "language" => "en",
    "linkedid" => "1744724299.45",
    "priority" => "1",
    "privilege" => "dialplan,all",
    "uniqueid" => "1744724301.46",
    "value" => "minrxjitter=000.000000;maxrxjitter=000.000875;avgrxjitter=000.000778;stdevrxjitter=000.000153;mintxjitter=000.000000;maxtxjitter=000.000875;avgtxjitter=000.000417;stdevtxjitter=000.000419;",
    "variable" => "RTPAUDIOQOSJITTERBRIDGED"
  },
  variables: %{}
}
[2025-04-15 13:38:27.318196Z] %ElixirAmi.Event{
  event: "varset",
  source: :asterisk_connection,
  action_id: nil,
  keys: %{
    "accountcode" => "",
    "calleridname" => "102",
    "calleridnum" => "102",
    "channel" => "PJSIP/102-0000001b",
    "channelstate" => "6",
    "channelstatedesc" => "Up",
    "connectedlinename" => "101",
    "connectedlinenum" => "101",
    "context" => "org_all",
    "exten" => "101",
    "language" => "en",
    "linkedid" => "1744724299.45",
    "priority" => "2",
    "privilege" => "dialplan,all",
    "uniqueid" => "1744724299.45",
    "value" => "minrxlost=000.000000;  maxrxlost=000.000000;  avgrxlost=000.000000;  stdevrxlost=000.000000;  mintxlost=000.000000;  maxtxlost=000.000000;  avgtxlost=000.000000;  stdevtxlost=000.000000;",
    "variable" => "RTPAUDIOQOSLOSS"
  },
  variables: %{}
}
[2025-04-15 13:38:27.318489Z] %ElixirAmi.Event{
  event: "varset",
  source: :asterisk_connection,
  action_id: nil,
  keys: %{
    "accountcode" => "",
    "calleridname" => "101",
    "calleridnum" => "101",
    "channel" => "PJSIP/101-0000001c",
    "channelstate" => "6",
    "channelstatedesc" => "Up",
    "connectedlinename" => "102",
    "connectedlinenum" => "102",
    "context" => "org_all",
    "exten" => "",
    "language" => "en",
    "linkedid" => "1744724299.45",
    "priority" => "1",
    "privilege" => "dialplan,all",
    "uniqueid" => "1744724301.46",
    "value" => "minrxlost=000.000000;  maxrxlost=000.000000;  avgrxlost=000.000000;  stdevrxlost=000.000000;  mintxlost=000.000000;  maxtxlost=000.000000;  avgtxlost=000.000000;  stdevtxlost=000.000000;",
    "variable" => "RTPAUDIOQOSLOSSBRIDGED"
  },
  variables: %{}
}
[2025-04-15 13:38:27.318754Z] %ElixirAmi.Event{
  event: "varset",
  source: :asterisk_connection,
  action_id: nil,
  keys: %{
    "accountcode" => "",
    "calleridname" => "102",
    "calleridnum" => "102",
    "channel" => "PJSIP/102-0000001b",
    "channelstate" => "6",
    "channelstatedesc" => "Up",
    "connectedlinename" => "101",
    "connectedlinenum" => "101",
    "context" => "org_all",
    "exten" => "101",
    "language" => "en",
    "linkedid" => "1744724299.45",
    "priority" => "2",
    "privilege" => "dialplan,all",
    "uniqueid" => "1744724299.45",
    "value" => "minrtt=000.000061;     maxrtt=000.000076;     avgrtt=000.000071;     stdevrtt=000.000007;",
    "variable" => "RTPAUDIOQOSRTT"
  },
  variables: %{}
}
[2025-04-15 13:38:27.319090Z] %ElixirAmi.Event{
  event: "varset",
  source: :asterisk_connection,
  action_id: nil,
  keys: %{
    "accountcode" => "",
    "calleridname" => "101",
    "calleridnum" => "101",
    "channel" => "PJSIP/101-0000001c",
    "channelstate" => "6",
    "channelstatedesc" => "Up",
    "connectedlinename" => "102",
    "connectedlinenum" => "102",
    "context" => "org_all",
    "exten" => "",
    "language" => "en",
    "linkedid" => "1744724299.45",
    "priority" => "1",
    "privilege" => "dialplan,all",
    "uniqueid" => "1744724301.46",
    "value" => "minrtt=000.000061;     maxrtt=000.000076;     avgrtt=000.000071;     stdevrtt=000.000007;",
    "variable" => "RTPAUDIOQOSRTTBRIDGED"
  },
  variables: %{}
}
[2025-04-15 13:38:27.319381Z] %ElixirAmi.Event{
  event: "varset",
  source: :asterisk_connection,
  action_id: nil,
  keys: %{
    "accountcode" => "",
    "calleridname" => "102",
    "calleridnum" => "102",
    "channel" => "PJSIP/102-0000001b",
    "channelstate" => "6",
    "channelstatedesc" => "Up",
    "connectedlinename" => "101",
    "connectedlinenum" => "101",
    "context" => "org_all",
    "exten" => "101",
    "language" => "en",
    "linkedid" => "1744724299.45",
    "priority" => "2",
    "privilege" => "dialplan,all",
    "uniqueid" => "1744724299.45",
    "value" => "minrxmes=085.367289;   maxrxmes=085.367289;   avgrxmes=085.367289;   stdevrxmes=000.000153;   mintxmes=085.366100;   maxtxmes=085.367289;   avgtxmes=085.366729;   stdevtxmes=000.000562;",
    "variable" => "RTPAUDIOQOSMES"
  },
  variables: %{}
}
[2025-04-15 13:38:27.319582Z] %ElixirAmi.Event{
  event: "varset",
  source: :asterisk_connection,
  action_id: nil,
  keys: %{
    "accountcode" => "",
    "calleridname" => "101",
    "calleridnum" => "101",
    "channel" => "PJSIP/101-0000001c",
    "channelstate" => "6",
    "channelstatedesc" => "Up",
    "connectedlinename" => "102",
    "connectedlinenum" => "102",
    "context" => "org_all",
    "exten" => "",
    "language" => "en",
    "linkedid" => "1744724299.45",
    "priority" => "1",
    "privilege" => "dialplan,all",
    "uniqueid" => "1744724301.46",
    "value" => "minrxmes=085.367289;   maxrxmes=085.367289;   avgrxmes=085.367289;   stdevrxmes=000.000153;   mintxmes=085.366100;   maxtxmes=085.367289;   avgtxmes=085.366729;   stdevtxmes=000.000562;",
    "variable" => "RTPAUDIOQOSMESBRIDGED"
  },
  variables: %{}
}
[2025-04-15 13:38:27.319801Z] %ElixirAmi.Event{
  event: "hanguprequest",
  source: :asterisk_connection,
  action_id: nil,
  keys: %{
    "accountcode" => "",
    "calleridname" => "102",
    "calleridnum" => "102",
    "channel" => "PJSIP/102-0000001b",
    "channelstate" => "6",
    "channelstatedesc" => "Up",
    "connectedlinename" => "101",
    "connectedlinenum" => "101",
    "context" => "org_all",
    "exten" => "101",
    "language" => "en",
    "linkedid" => "1744724299.45",
    "priority" => "2",
    "privilege" => "call,all",
    "uniqueid" => "1744724299.45"
  },
  variables: %{}
}
[2025-04-15 13:38:27.319972Z] %ElixirAmi.Event{
  event: "varset",
  source: :asterisk_connection,
  action_id: nil,
  keys: %{
    "accountcode" => "",
    "calleridname" => "102",
    "calleridnum" => "102",
    "channel" => "PJSIP/102-0000001b",
    "channelstate" => "6",
    "channelstatedesc" => "Up",
    "connectedlinename" => "101",
    "connectedlinenum" => "101",
    "context" => "org_all",
    "exten" => "101",
    "language" => "en",
    "linkedid" => "1744724299.45",
    "priority" => "2",
    "privilege" => "dialplan,all",
    "uniqueid" => "1744724299.45",
    "value" => "",
    "variable" => "BRIDGEPEER"
  },
  variables: %{}
}
[2025-04-15 13:38:27.320133Z] %ElixirAmi.Event{
  event: "varset",
  source: :asterisk_connection,
  action_id: nil,
  keys: %{
    "accountcode" => "",
    "calleridname" => "102",
    "calleridnum" => "102",
    "channel" => "PJSIP/102-0000001b",
    "channelstate" => "6",
    "channelstatedesc" => "Up",
    "connectedlinename" => "101",
    "connectedlinenum" => "101",
    "context" => "org_all",
    "exten" => "101",
    "language" => "en",
    "linkedid" => "1744724299.45",
    "priority" => "2",
    "privilege" => "dialplan,all",
    "uniqueid" => "1744724299.45",
    "value" => "",
    "variable" => "BRIDGEPVTCALLID"
  },
  variables: %{}
}
[2025-04-15 13:38:27.320319Z] %ElixirAmi.Event{
  event: "varset",
  source: :asterisk_connection,
  action_id: nil,
  keys: %{
    "accountcode" => "",
    "calleridname" => "101",
    "calleridnum" => "101",
    "channel" => "PJSIP/101-0000001c",
    "channelstate" => "6",
    "channelstatedesc" => "Up",
    "connectedlinename" => "102",
    "connectedlinenum" => "102",
    "context" => "org_all",
    "exten" => "",
    "language" => "en",
    "linkedid" => "1744724299.45",
    "priority" => "1",
    "privilege" => "dialplan,all",
    "uniqueid" => "1744724301.46",
    "value" => "",
    "variable" => "BRIDGEPEER"
  },
  variables: %{}
}
[2025-04-15 13:38:27.320581Z] %ElixirAmi.Event{
  event: "varset",
  source: :asterisk_connection,
  action_id: nil,
  keys: %{
    "accountcode" => "",
    "calleridname" => "101",
    "calleridnum" => "101",
    "channel" => "PJSIP/101-0000001c",
    "channelstate" => "6",
    "channelstatedesc" => "Up",
    "connectedlinename" => "102",
    "connectedlinenum" => "102",
    "context" => "org_all",
    "exten" => "",
    "language" => "en",
    "linkedid" => "1744724299.45",
    "priority" => "1",
    "privilege" => "dialplan,all",
    "uniqueid" => "1744724301.46",
    "value" => "",
    "variable" => "BRIDGEPVTCALLID"
  },
  variables: %{}
}
[2025-04-15 13:38:27.320832Z] %ElixirAmi.Event{
  event: "bridgeleave",
  source: :asterisk_connection,
  action_id: nil,
  keys: %{
    "accountcode" => "",
    "bridgecreator" => "<unknown>",
    "bridgename" => "<unknown>",
    "bridgenumchannels" => "1",
    "bridgetechnology" => "simple_bridge",
    "bridgetype" => "basic",
    "bridgeuniqueid" => "9c1b9bb5-23fb-4ff7-ab5c-663e2c10be49",
    "bridgevideosourcemode" => "none",
    "calleridname" => "102",
    "calleridnum" => "102",
    "channel" => "PJSIP/102-0000001b",
    "channelstate" => "6",
    "channelstatedesc" => "Up",
    "connectedlinename" => "101",
    "connectedlinenum" => "101",
    "context" => "org_all",
    "exten" => "101",
    "language" => "en",
    "linkedid" => "1744724299.45",
    "priority" => "2",
    "privilege" => "call,all",
    "uniqueid" => "1744724299.45"
  },
  variables: %{}
}
[2025-04-15 13:38:27.321003Z] %ElixirAmi.Event{
  event: "varset",
  source: :asterisk_connection,
  action_id: nil,
  keys: %{
    "accountcode" => "",
    "calleridname" => "102",
    "calleridnum" => "102",
    "channel" => "PJSIP/102-0000001b",
    "channelstate" => "6",
    "channelstatedesc" => "Up",
    "connectedlinename" => "101",
    "connectedlinenum" => "101",
    "context" => "org_all",
    "exten" => "101",
    "language" => "en",
    "linkedid" => "1744724299.45",
    "priority" => "2",
    "privilege" => "dialplan,all",
    "uniqueid" => "1744724299.45",
    "value" => "5",
    "variable" => "ANSWEREDTIME"
  },
  variables: %{}
}
[2025-04-15 13:38:27.321184Z] %ElixirAmi.Event{
  event: "varset",
  source: :asterisk_connection,
  action_id: nil,
  keys: %{
    "accountcode" => "",
    "calleridname" => "102",
    "calleridnum" => "102",
    "channel" => "PJSIP/102-0000001b",
    "channelstate" => "6",
    "channelstatedesc" => "Up",
    "connectedlinename" => "101",
    "connectedlinenum" => "101",
    "context" => "org_all",
    "exten" => "101",
    "language" => "en",
    "linkedid" => "1744724299.45",
    "priority" => "2",
    "privilege" => "dialplan,all",
    "uniqueid" => "1744724299.45",
    "value" => "5841",
    "variable" => "ANSWEREDTIME_MS"
  },
  variables: %{}
}
[2025-04-15 13:38:27.321438Z] %ElixirAmi.Event{
  event: "bridgeleave",
  source: :asterisk_connection,
  action_id: nil,
  keys: %{
    "accountcode" => "",
    "bridgecreator" => "<unknown>",
    "bridgename" => "<unknown>",
    "bridgenumchannels" => "0",
    "bridgetechnology" => "simple_bridge",
    "bridgetype" => "basic",
    "bridgeuniqueid" => "9c1b9bb5-23fb-4ff7-ab5c-663e2c10be49",
    "bridgevideosourcemode" => "none",
    "calleridname" => "101",
    "calleridnum" => "101",
    "channel" => "PJSIP/101-0000001c",
    "channelstate" => "6",
    "channelstatedesc" => "Up",
    "connectedlinename" => "102",
    "connectedlinenum" => "102",
    "context" => "org_all",
    "exten" => "",
    "language" => "en",
    "linkedid" => "1744724299.45",
    "priority" => "1",
    "privilege" => "call,all",
    "uniqueid" => "1744724301.46"
  },
  variables: %{}
}
[2025-04-15 13:38:27.321606Z] %ElixirAmi.Event{
  event: "varset",
  source: :asterisk_connection,
  action_id: nil,
  keys: %{
    "accountcode" => "",
    "calleridname" => "102",
    "calleridnum" => "102",
    "channel" => "PJSIP/102-0000001b",
    "channelstate" => "6",
    "channelstatedesc" => "Up",
    "connectedlinename" => "101",
    "connectedlinenum" => "101",
    "context" => "org_all",
    "exten" => "101",
    "language" => "en",
    "linkedid" => "1744724299.45",
    "priority" => "2",
    "privilege" => "dialplan,all",
    "uniqueid" => "1744724299.45",
    "value" => "8",
    "variable" => "DIALEDTIME"
  },
  variables: %{}
}
[2025-04-15 13:38:27.321910Z] %ElixirAmi.Event{
  event: "varset",
  source: :asterisk_connection,
  action_id: nil,
  keys: %{
    "accountcode" => "",
    "calleridname" => "102",
    "calleridnum" => "102",
    "channel" => "PJSIP/102-0000001b",
    "channelstate" => "6",
    "channelstatedesc" => "Up",
    "connectedlinename" => "101",
    "connectedlinenum" => "101",
    "context" => "org_all",
    "exten" => "101",
    "language" => "en",
    "linkedid" => "1744724299.45",
    "priority" => "2",
    "privilege" => "dialplan,all",
    "uniqueid" => "1744724299.45",
    "value" => "8006",
    "variable" => "DIALEDTIME_MS"
  },
  variables: %{}
}
[2025-04-15 13:38:27.322053Z] %ElixirAmi.Event{
  event: "varset",
  source: :asterisk_connection,
  action_id: nil,
  keys: %{
    "accountcode" => "",
    "calleridname" => "102",
    "calleridnum" => "102",
    "channel" => "PJSIP/102-0000001b",
    "channelstate" => "6",
    "channelstatedesc" => "Up",
    "connectedlinename" => "101",
    "connectedlinenum" => "101",
    "context" => "org_all",
    "exten" => "101",
    "language" => "en",
    "linkedid" => "1744724299.45",
    "priority" => "2",
    "privilege" => "dialplan,all",
    "uniqueid" => "1744724299.45",
    "value" => "ANSWER",
    "variable" => "DIALSTATUS"
  },
  variables: %{}
}
[2025-04-15 13:38:27.322206Z] %ElixirAmi.Event{
  event: "softhanguprequest",
  source: :asterisk_connection,
  action_id: nil,
  keys: %{
    "accountcode" => "",
    "calleridname" => "102",
    "calleridnum" => "102",
    "cause" => "16",
    "channel" => "PJSIP/102-0000001b",
    "channelstate" => "6",
    "channelstatedesc" => "Up",
    "connectedlinename" => "101",
    "connectedlinenum" => "101",
    "context" => "org_all",
    "exten" => "101",
    "language" => "en",
    "linkedid" => "1744724299.45",
    "priority" => "2",
    "privilege" => "call,all",
    "uniqueid" => "1744724299.45"
  },
  variables: %{}
}
[2025-04-15 13:38:27.322722Z] %ElixirAmi.Event{
  event: "varset",
  source: :asterisk_connection,
  action_id: nil,
  keys: %{
    "accountcode" => "",
    "calleridname" => "101",
    "calleridnum" => "101",
    "channel" => "PJSIP/101-0000001c",
    "channelstate" => "6",
    "channelstatedesc" => "Up",
    "connectedlinename" => "102",
    "connectedlinenum" => "102",
    "context" => "org_all",
    "exten" => "",
    "language" => "en",
    "linkedid" => "1744724299.45",
    "priority" => "1",
    "privilege" => "dialplan,all",
    "uniqueid" => "1744724301.46",
    "value" => "ssrc=248629422;themssrc=1193885267;lp=0;rxjitter=0.000000;rxcount=210;txjitter=0.000750;txcount=209;rlp=0;rtt=0.000000;rxmes=85.367289;txmes=0.000000",
    "variable" => "RTPAUDIOQOS"
  },
  variables: %{}
}
[2025-04-15 13:38:27.323037Z] %ElixirAmi.Event{
  event: "varset",
  source: :asterisk_connection,
  action_id: nil,
  keys: %{
    "accountcode" => "",
    "calleridname" => "101",
    "calleridnum" => "101",
    "channel" => "PJSIP/101-0000001c",
    "channelstate" => "6",
    "channelstatedesc" => "Up",
    "connectedlinename" => "102",
    "connectedlinenum" => "102",
    "context" => "org_all",
    "exten" => "",
    "language" => "en",
    "linkedid" => "1744724299.45",
    "priority" => "1",
    "privilege" => "dialplan,all",
    "uniqueid" => "1744724301.46",
    "value" => "minrxjitter=000.000000;maxrxjitter=000.000875;avgrxjitter=000.000736;stdevrxjitter=000.000158;mintxjitter=000.000000;maxtxjitter=000.000000;avgtxjitter=000.000000;stdevtxjitter=000.000000;",
    "variable" => "RTPAUDIOQOSJITTER"
  },
  variables: %{}
}
[2025-04-15 13:38:27.323228Z] %ElixirAmi.Event{
  event: "varset",
  source: :asterisk_connection,
  action_id: nil,
  keys: %{
    "accountcode" => "",
    "calleridname" => "101",
    "calleridnum" => "101",
    "channel" => "PJSIP/101-0000001c",
    "channelstate" => "6",
    "channelstatedesc" => "Up",
    "connectedlinename" => "102",
    "connectedlinenum" => "102",
    "context" => "org_all",
    "exten" => "",
    "language" => "en",
    "linkedid" => "1744724299.45",
    "priority" => "1",
    "privilege" => "dialplan,all",
    "uniqueid" => "1744724301.46",
    "value" => "minrxlost=000.000000;  maxrxlost=000.000000;  avgrxlost=000.000000;  stdevrxlost=000.000000;  mintxlost=000.000000;  maxtxlost=000.000000;  avgtxlost=000.000000;  stdevtxlost=000.000000;",
    "variable" => "RTPAUDIOQOSLOSS"
  },
  variables: %{}
}
[2025-04-15 13:38:27.323502Z] %ElixirAmi.Event{
  event: "varset",
  source: :asterisk_connection,
  action_id: nil,
  keys: %{
    "accountcode" => "",
    "calleridname" => "101",
    "calleridnum" => "101",
    "channel" => "PJSIP/101-0000001c",
    "channelstate" => "6",
    "channelstatedesc" => "Up",
    "connectedlinename" => "102",
    "connectedlinenum" => "102",
    "context" => "org_all",
    "exten" => "",
    "language" => "en",
    "linkedid" => "1744724299.45",
    "priority" => "1",
    "privilege" => "dialplan,all",
    "uniqueid" => "1744724301.46",
    "value" => "minrtt=000.000000;     maxrtt=000.000000;     avgrtt=000.000000;     stdevrtt=000.000000;",
    "variable" => "RTPAUDIOQOSRTT"
  },
  variables: %{}
}
[2025-04-15 13:38:27.323785Z] %ElixirAmi.Event{
  event: "varset",
  source: :asterisk_connection,
  action_id: nil,
  keys: %{
    "accountcode" => "",
    "calleridname" => "101",
    "calleridnum" => "101",
    "channel" => "PJSIP/101-0000001c",
    "channelstate" => "6",
    "channelstatedesc" => "Up",
    "connectedlinename" => "102",
    "connectedlinenum" => "102",
    "context" => "org_all",
    "exten" => "",
    "language" => "en",
    "linkedid" => "1744724299.45",
    "priority" => "1",
    "privilege" => "dialplan,all",
    "uniqueid" => "1744724301.46",
    "value" => "minrxmes=000.000000;   maxrxmes=000.000000;   avgrxmes=000.000000;   stdevrxmes=000.000158;   mintxmes=085.367289;   maxtxmes=085.367289;   avgtxmes=085.367289;   stdevtxmes=000.000000;",
    "variable" => "RTPAUDIOQOSMES"
  },
  variables: %{}
}
[2025-04-15 13:38:27.324029Z] %ElixirAmi.Event{
  event: "hangup",
  source: :asterisk_connection,
  action_id: nil,
  keys: %{
    "accountcode" => "",
    "calleridname" => "101",
    "calleridnum" => "101",
    "cause" => "16",
    "cause-txt" => "Normal Clearing",
    "channel" => "PJSIP/101-0000001c",
    "channelstate" => "6",
    "channelstatedesc" => "Up",
    "connectedlinename" => "102",
    "connectedlinenum" => "102",
    "context" => "org_all",
    "exten" => "",
    "language" => "en",
    "linkedid" => "1744724299.45",
    "priority" => "1",
    "privilege" => "call,all",
    "uniqueid" => "1744724301.46"
  },
  variables: %{}
}
[2025-04-15 13:38:27.324315Z] %ElixirAmi.Event{
  event: "varset",
  source: :asterisk_connection,
  action_id: nil,
  keys: %{
    "accountcode" => "",
    "calleridname" => "102",
    "calleridnum" => "102",
    "channel" => "PJSIP/102-0000001b",
    "channelstate" => "6",
    "channelstatedesc" => "Up",
    "connectedlinename" => "101",
    "connectedlinenum" => "101",
    "context" => "org_all",
    "exten" => "101",
    "language" => "en",
    "linkedid" => "1744724299.45",
    "priority" => "2",
    "privilege" => "dialplan,all",
    "uniqueid" => "1744724299.45",
    "value" => "ssrc=881556233;themssrc=222833558;lp=0;rxjitter=0.000875;rxcount=292;txjitter=0.000875;txcount=292;rlp=0;rtt=0.000076;rxmes=85.366100;txmes=85.367289",
    "variable" => "RTPAUDIOQOS"
  },
  variables: %{}
}
[2025-04-15 13:38:27.324651Z] %ElixirAmi.Event{
  event: "varset",
  source: :asterisk_connection,
  action_id: nil,
  keys: %{
    "accountcode" => "",
    "calleridname" => "102",
    "calleridnum" => "102",
    "channel" => "PJSIP/102-0000001b",
    "channelstate" => "6",
    "channelstatedesc" => "Up",
    "connectedlinename" => "101",
    "connectedlinenum" => "101",
    "context" => "org_all",
    "exten" => "101",
    "language" => "en",
    "linkedid" => "1744724299.45",
    "priority" => "2",
    "privilege" => "dialplan,all",
    "uniqueid" => "1744724299.45",
    "value" => "minrxjitter=000.000000;maxrxjitter=000.000875;avgrxjitter=000.000778;stdevrxjitter=000.000153;mintxjitter=000.000000;maxtxjitter=000.000875;avgtxjitter=000.000417;stdevtxjitter=000.000419;",
    "variable" => "RTPAUDIOQOSJITTER"
  },
  variables: %{}
}
[2025-04-15 13:38:27.324826Z] %ElixirAmi.Event{
  event: "varset",
  source: :asterisk_connection,
  action_id: nil,
  keys: %{
    "accountcode" => "",
    "calleridname" => "102",
    "calleridnum" => "102",
    "channel" => "PJSIP/102-0000001b",
    "channelstate" => "6",
    "channelstatedesc" => "Up",
    "connectedlinename" => "101",
    "connectedlinenum" => "101",
    "context" => "org_all",
    "exten" => "101",
    "language" => "en",
    "linkedid" => "1744724299.45",
    "priority" => "2",
    "privilege" => "dialplan,all",
    "uniqueid" => "1744724299.45",
    "value" => "minrxlost=000.000000;  maxrxlost=000.000000;  avgrxlost=000.000000;  stdevrxlost=000.000000;  mintxlost=000.000000;  maxtxlost=000.000000;  avgtxlost=000.000000;  stdevtxlost=000.000000;",
    "variable" => "RTPAUDIOQOSLOSS"
  },
  variables: %{}
}
[2025-04-15 13:38:27.325132Z] %ElixirAmi.Event{
  event: "varset",
  source: :asterisk_connection,
  action_id: nil,
  keys: %{
    "accountcode" => "",
    "calleridname" => "102",
    "calleridnum" => "102",
    "channel" => "PJSIP/102-0000001b",
    "channelstate" => "6",
    "channelstatedesc" => "Up",
    "connectedlinename" => "101",
    "connectedlinenum" => "101",
    "context" => "org_all",
    "exten" => "101",
    "language" => "en",
    "linkedid" => "1744724299.45",
    "priority" => "2",
    "privilege" => "dialplan,all",
    "uniqueid" => "1744724299.45",
    "value" => "minrtt=000.000061;     maxrtt=000.000076;     avgrtt=000.000071;     stdevrtt=000.000007;",
    "variable" => "RTPAUDIOQOSRTT"
  },
  variables: %{}
}
[2025-04-15 13:38:27.325408Z] %ElixirAmi.Event{
  event: "varset",
  source: :asterisk_connection,
  action_id: nil,
  keys: %{
    "accountcode" => "",
    "calleridname" => "102",
    "calleridnum" => "102",
    "channel" => "PJSIP/102-0000001b",
    "channelstate" => "6",
    "channelstatedesc" => "Up",
    "connectedlinename" => "101",
    "connectedlinenum" => "101",
    "context" => "org_all",
    "exten" => "101",
    "language" => "en",
    "linkedid" => "1744724299.45",
    "priority" => "2",
    "privilege" => "dialplan,all",
    "uniqueid" => "1744724299.45",
    "value" => "minrxmes=085.367289;   maxrxmes=085.367289;   avgrxmes=085.367289;   stdevrxmes=000.000153;   mintxmes=085.366100;   maxtxmes=085.367289;   avgtxmes=085.366729;   stdevtxmes=000.000562;",
    "variable" => "RTPAUDIOQOSMES"
  },
  variables: %{}
}
[2025-04-15 13:38:27.325732Z] %ElixirAmi.Event{
  event: "hangup",
  source: :asterisk_connection,
  action_id: nil,
  keys: %{
    "accountcode" => "",
    "calleridname" => "102",
    "calleridnum" => "102",
    "cause" => "16",
    "cause-txt" => "Normal Clearing",
    "channel" => "PJSIP/102-0000001b",
    "channelstate" => "6",
    "channelstatedesc" => "Up",
    "connectedlinename" => "101",
    "connectedlinenum" => "101",
    "context" => "org_all",
    "exten" => "101",
    "language" => "en",
    "linkedid" => "1744724299.45",
    "priority" => "2",
    "privilege" => "call,all",
    "uniqueid" => "1744724299.45"
  },
  variables: %{}
}
