[2025-04-15 12:01:38.541966Z] %ElixirAmi.Event{
  event: "newchannel",
  source: :asterisk_connection,
  action_id: nil,
  keys: %{
    "accountcode" => "",
    "calleridname" => "102",
    "calleridnum" => "102",
    "channel" => "PJSIP/102-00000005",
    "channelstate" => "0",
    "channelstatedesc" => "Down",
    "connectedlinename" => "<unknown>",
    "connectedlinenum" => "<unknown>",
    "context" => "org_all",
    "exten" => "s",
    "language" => "en",
    "linkedid" => "1744718484.7",
    "priority" => "1",
    "privilege" => "call,all",
    "uniqueid" => "1744718484.7"
  },
  variables: %{}
}
[2025-04-15 12:01:38.542335Z] %ElixirAmi.Event{
  event: "newexten",
  source: :asterisk_connection,
  action_id: nil,
  keys: %{
    "accountcode" => "",
    "appdata" => "(Outgoing Line)",
    "application" => "AppDial2",
    "calleridname" => "102",
    "calleridnum" => "102",
    "channel" => "PJSIP/102-00000005",
    "channelstate" => "0",
    "channelstatedesc" => "Down",
    "connectedlinename" => "<unknown>",
    "connectedlinenum" => "<unknown>",
    "context" => "org_all",
    "exten" => "s",
    "extension" => "s",
    "language" => "en",
    "linkedid" => "1744718484.7",
    "priority" => "1",
    "privilege" => "dialplan,all",
    "uniqueid" => "1744718484.7"
  },
  variables: %{}
}
[2025-04-15 12:01:38.543201Z] %ElixirAmi.Event{
  event: "newstate",
  source: :asterisk_connection,
  action_id: nil,
  keys: %{
    "accountcode" => "",
    "calleridname" => "102",
    "calleridnum" => "102",
    "channel" => "PJSIP/102-00000005",
    "channelstate" => "5",
    "channelstatedesc" => "Ringing",
    "connectedlinename" => "<unknown>",
    "connectedlinenum" => "<unknown>",
    "context" => "org_all",
    "exten" => "s",
    "language" => "en",
    "linkedid" => "1744718484.7",
    "priority" => "1",
    "privilege" => "call,all",
    "uniqueid" => "1744718484.7"
  },
  variables: %{}
}
[2025-04-15 12:01:38.543860Z] %ElixirAmi.Event{
  event: "rtcpreceived",
  source: :asterisk_connection,
  action_id: nil,
  keys: %{
    "accountcode" => "",
    "calleridname" => "102",
    "calleridnum" => "102",
    "channel" => "PJSIP/102-00000005",
    "channelstate" => "5",
    "channelstatedesc" => "Ringing",
    "connectedlinename" => "<unknown>",
    "connectedlinenum" => "<unknown>",
    "context" => "org_all",
    "exten" => "s",
    "from" => "192.168.0.16:4007",
    "language" => "en",
    "linkedid" => "1744718484.7",
    "mes" => "85.4",
    "priority" => "1",
    "privilege" => "reporting,all",
    "pt" => "201(RR)",
    "report0cumulativelost" => "0",
    "report0dlsr" => "0.0000",
    "report0fractionlost" => "0",
    "report0highestsequence" => "0",
    "report0iajitter" => "0",
    "report0lsr" => "0",
    "report0sequencenumbercycles" => "0",
    "report0sourcessrc" => "0x00000000",
    "reportcount" => "1",
    "rtt" => "0.0000",
    "ssrc" => "0x00000000",
    "to" => "192.168.0.16:17333",
    "uniqueid" => "1744718484.7"
  },
  variables: %{}
}
[2025-04-15 12:01:38.544280Z] %ElixirAmi.Event{
  event: "rtcpreceived",
  source: :asterisk_connection,
  action_id: nil,
  keys: %{
    "accountcode" => "",
    "calleridname" => "102",
    "calleridnum" => "102",
    "channel" => "PJSIP/102-00000005",
    "channelstate" => "5",
    "channelstatedesc" => "Ringing",
    "connectedlinename" => "<unknown>",
    "connectedlinenum" => "<unknown>",
    "context" => "org_all",
    "exten" => "s",
    "from" => "192.168.0.16:4007",
    "language" => "en",
    "linkedid" => "1744718484.7",
    "mes" => "85.4",
    "priority" => "1",
    "privilege" => "reporting,all",
    "pt" => "201(RR)",
    "report0cumulativelost" => "0",
    "report0dlsr" => "0.0000",
    "report0fractionlost" => "0",
    "report0highestsequence" => "0",
    "report0iajitter" => "0",
    "report0lsr" => "0",
    "report0sequencenumbercycles" => "0",
    "report0sourcessrc" => "0x00000000",
    "reportcount" => "1",
    "rtt" => "0.0000",
    "ssrc" => "0x00000000",
    "to" => "192.168.0.16:17333",
    "uniqueid" => "1744718484.7"
  },
  variables: %{}
}
[2025-04-15 12:01:38.544624Z] %ElixirAmi.Event{
  event: "newstate",
  source: :asterisk_connection,
  action_id: nil,
  keys: %{
    "accountcode" => "",
    "calleridname" => "102",
    "calleridnum" => "102",
    "channel" => "PJSIP/102-00000005",
    "channelstate" => "6",
    "channelstatedesc" => "Up",
    "connectedlinename" => "<unknown>",
    "connectedlinenum" => "<unknown>",
    "context" => "org_all",
    "exten" => "s",
    "language" => "en",
    "linkedid" => "1744718484.7",
    "priority" => "1",
    "privilege" => "call,all",
    "uniqueid" => "1744718484.7"
  },
  variables: %{}
}
[2025-04-15 12:01:38.545050Z] %ElixirAmi.Event{
  event: "varset",
  source: :asterisk_connection,
  action_id: nil,
  keys: %{
    "accountcode" => "",
    "calleridname" => "102",
    "calleridnum" => "102",
    "channel" => "PJSIP/102-00000005",
    "channelstate" => "6",
    "channelstatedesc" => "Up",
    "connectedlinename" => "<unknown>",
    "connectedlinenum" => "<unknown>",
    "context" => "org_all",
    "exten" => "s",
    "language" => "en",
    "linkedid" => "1744718484.7",
    "priority" => "1",
    "privilege" => "dialplan,all",
    "uniqueid" => "1744718484.7",
    "value" => "",
    "variable" => "DIALSTATUS"
  },
  variables: %{}
}
[2025-04-15 12:01:38.545303Z] %ElixirAmi.Event{
  event: "varset",
  source: :asterisk_connection,
  action_id: nil,
  keys: %{
    "accountcode" => "",
    "calleridname" => "102",
    "calleridnum" => "102",
    "channel" => "PJSIP/102-00000005",
    "channelstate" => "6",
    "channelstatedesc" => "Up",
    "connectedlinename" => "<unknown>",
    "connectedlinenum" => "<unknown>",
    "context" => "org_all",
    "exten" => "s",
    "language" => "en",
    "linkedid" => "1744718484.7",
    "priority" => "1",
    "privilege" => "dialplan,all",
    "uniqueid" => "1744718484.7",
    "value" => "",
    "variable" => "DIALEDPEERNUMBER"
  },
  variables: %{}
}
[2025-04-15 12:01:38.545420Z] %ElixirAmi.Event{
  event: "varset",
  source: :asterisk_connection,
  action_id: nil,
  keys: %{
    "accountcode" => "",
    "calleridname" => "102",
    "calleridnum" => "102",
    "channel" => "PJSIP/102-00000005",
    "channelstate" => "6",
    "channelstatedesc" => "Up",
    "connectedlinename" => "<unknown>",
    "connectedlinenum" => "<unknown>",
    "context" => "org_all",
    "exten" => "s",
    "language" => "en",
    "linkedid" => "1744718484.7",
    "priority" => "1",
    "privilege" => "dialplan,all",
    "uniqueid" => "1744718484.7",
    "value" => "",
    "variable" => "DIALEDPEERNAME"
  },
  variables: %{}
}
[2025-04-15 12:01:38.545574Z] %ElixirAmi.Event{
  event: "varset",
  source: :asterisk_connection,
  action_id: nil,
  keys: %{
    "accountcode" => "",
    "calleridname" => "102",
    "calleridnum" => "102",
    "channel" => "PJSIP/102-00000005",
    "channelstate" => "6",
    "channelstatedesc" => "Up",
    "connectedlinename" => "<unknown>",
    "connectedlinenum" => "<unknown>",
    "context" => "org_all",
    "exten" => "s",
    "language" => "en",
    "linkedid" => "1744718484.7",
    "priority" => "1",
    "privilege" => "dialplan,all",
    "uniqueid" => "1744718484.7",
    "value" => "",
    "variable" => "ANSWEREDTIME"
  },
  variables: %{}
}
[2025-04-15 12:01:38.545738Z] %ElixirAmi.Event{
  event: "varset",
  source: :asterisk_connection,
  action_id: nil,
  keys: %{
    "accountcode" => "",
    "calleridname" => "102",
    "calleridnum" => "102",
    "channel" => "PJSIP/102-00000005",
    "channelstate" => "6",
    "channelstatedesc" => "Up",
    "connectedlinename" => "<unknown>",
    "connectedlinenum" => "<unknown>",
    "context" => "org_all",
    "exten" => "s",
    "language" => "en",
    "linkedid" => "1744718484.7",
    "priority" => "1",
    "privilege" => "dialplan,all",
    "uniqueid" => "1744718484.7",
    "value" => "",
    "variable" => "ANSWEREDTIME_MS"
  },
  variables: %{}
}
[2025-04-15 12:01:38.545873Z] %ElixirAmi.Event{
  event: "varset",
  source: :asterisk_connection,
  action_id: nil,
  keys: %{
    "accountcode" => "",
    "calleridname" => "102",
    "calleridnum" => "102",
    "channel" => "PJSIP/102-00000005",
    "channelstate" => "6",
    "channelstatedesc" => "Up",
    "connectedlinename" => "<unknown>",
    "connectedlinenum" => "<unknown>",
    "context" => "org_all",
    "exten" => "s",
    "language" => "en",
    "linkedid" => "1744718484.7",
    "priority" => "1",
    "privilege" => "dialplan,all",
    "uniqueid" => "1744718484.7",
    "value" => "",
    "variable" => "DIALEDTIME"
  },
  variables: %{}
}
[2025-04-15 12:01:38.546021Z] %ElixirAmi.Event{
  event: "varset",
  source: :asterisk_connection,
  action_id: nil,
  keys: %{
    "accountcode" => "",
    "calleridname" => "102",
    "calleridnum" => "102",
    "channel" => "PJSIP/102-00000005",
    "channelstate" => "6",
    "channelstatedesc" => "Up",
    "connectedlinename" => "<unknown>",
    "connectedlinenum" => "<unknown>",
    "context" => "org_all",
    "exten" => "s",
    "language" => "en",
    "linkedid" => "1744718484.7",
    "priority" => "1",
    "privilege" => "dialplan,all",
    "uniqueid" => "1744718484.7",
    "value" => "",
    "variable" => "DIALEDTIME_MS"
  },
  variables: %{}
}
[2025-04-15 12:01:38.546175Z] %ElixirAmi.Event{
  event: "varset",
  source: :asterisk_connection,
  action_id: nil,
  keys: %{
    "accountcode" => "",
    "calleridname" => "102",
    "calleridnum" => "102",
    "channel" => "PJSIP/102-00000005",
    "channelstate" => "6",
    "channelstatedesc" => "Up",
    "connectedlinename" => "<unknown>",
    "connectedlinenum" => "<unknown>",
    "context" => "org_all",
    "exten" => "s",
    "language" => "en",
    "linkedid" => "1744718484.7",
    "priority" => "1",
    "privilege" => "dialplan,all",
    "uniqueid" => "1744718484.7",
    "value" => "",
    "variable" => "RINGTIME"
  },
  variables: %{}
}
[2025-04-15 12:01:38.546339Z] %ElixirAmi.Event{
  event: "varset",
  source: :asterisk_connection,
  action_id: nil,
  keys: %{
    "accountcode" => "",
    "calleridname" => "102",
    "calleridnum" => "102",
    "channel" => "PJSIP/102-00000005",
    "channelstate" => "6",
    "channelstatedesc" => "Up",
    "connectedlinename" => "<unknown>",
    "connectedlinenum" => "<unknown>",
    "context" => "org_all",
    "exten" => "s",
    "language" => "en",
    "linkedid" => "1744718484.7",
    "priority" => "1",
    "privilege" => "dialplan,all",
    "uniqueid" => "1744718484.7",
    "value" => "",
    "variable" => "RINGTIME_MS"
  },
  variables: %{}
}
[2025-04-15 12:01:38.546491Z] %ElixirAmi.Event{
  event: "varset",
  source: :asterisk_connection,
  action_id: nil,
  keys: %{
    "accountcode" => "",
    "calleridname" => "102",
    "calleridnum" => "102",
    "channel" => "PJSIP/102-00000005",
    "channelstate" => "6",
    "channelstatedesc" => "Up",
    "connectedlinename" => "<unknown>",
    "connectedlinenum" => "<unknown>",
    "context" => "org_all",
    "exten" => "s",
    "language" => "en",
    "linkedid" => "1744718484.7",
    "priority" => "1",
    "privilege" => "dialplan,all",
    "uniqueid" => "1744718484.7",
    "value" => "",
    "variable" => "PROGRESSTIME"
  },
  variables: %{}
}
[2025-04-15 12:01:38.546658Z] %ElixirAmi.Event{
  event: "varset",
  source: :asterisk_connection,
  action_id: nil,
  keys: %{
    "accountcode" => "",
    "calleridname" => "102",
    "calleridnum" => "102",
    "channel" => "PJSIP/102-00000005",
    "channelstate" => "6",
    "channelstatedesc" => "Up",
    "connectedlinename" => "<unknown>",
    "connectedlinenum" => "<unknown>",
    "context" => "org_all",
    "exten" => "s",
    "language" => "en",
    "linkedid" => "1744718484.7",
    "priority" => "1",
    "privilege" => "dialplan,all",
    "uniqueid" => "1744718484.7",
    "value" => "",
    "variable" => "PROGRESSTIME_MS"
  },
  variables: %{}
}
[2025-04-15 12:01:38.546810Z] %ElixirAmi.Event{
  event: "varset",
  source: :asterisk_connection,
  action_id: nil,
  keys: %{
    "accountcode" => "",
    "calleridname" => "102",
    "calleridnum" => "102",
    "channel" => "PJSIP/102-00000005",
    "channelstate" => "6",
    "channelstatedesc" => "Up",
    "connectedlinename" => "<unknown>",
    "connectedlinenum" => "<unknown>",
    "context" => "org_all",
    "exten" => "s",
    "language" => "en",
    "linkedid" => "1744718484.7",
    "priority" => "1",
    "privilege" => "dialplan,all",
    "uniqueid" => "1744718484.7",
    "value" => "CHANUNAVAIL",
    "variable" => "DIALSTATUS"
  },
  variables: %{}
}
[2025-04-15 12:01:38.547066Z] %ElixirAmi.Event{
  event: "varset",
  source: :asterisk_connection,
  action_id: nil,
  keys: %{
    "accountcode" => "",
    "calleridname" => "102",
    "calleridnum" => "102",
    "channel" => "PJSIP/102-00000005",
    "channelstate" => "6",
    "channelstatedesc" => "Up",
    "connectedlinename" => "<unknown>",
    "connectedlinenum" => "<unknown>",
    "context" => "org_all",
    "exten" => "s",
    "language" => "en",
    "linkedid" => "1744718484.7",
    "priority" => "1",
    "privilege" => "dialplan,all",
    "uniqueid" => "1744718484.7",
    "value" => "ssrc=978991444;themssrc=0;lp=0;rxjitter=0.000000;rxcount=0;txjitter=0.000000;txcount=0;rlp=0;rtt=0.000000;rxmes=85.367289;txmes=0.000000",
    "variable" => "RTPAUDIOQOS"
  },
  variables: %{}
}
[2025-04-15 12:01:38.547230Z] %ElixirAmi.Event{
  event: "varset",
  source: :asterisk_connection,
  action_id: nil,
  keys: %{
    "accountcode" => "",
    "calleridname" => "102",
    "calleridnum" => "102",
    "channel" => "PJSIP/102-00000005",
    "channelstate" => "6",
    "channelstatedesc" => "Up",
    "connectedlinename" => "<unknown>",
    "connectedlinenum" => "<unknown>",
    "context" => "org_all",
    "exten" => "s",
    "language" => "en",
    "linkedid" => "1744718484.7",
    "priority" => "1",
    "privilege" => "dialplan,all",
    "uniqueid" => "1744718484.7",
    "value" => "minrxjitter=000.000000;maxrxjitter=000.000000;avgrxjitter=000.000000;stdevrxjitter=000.000000;mintxjitter=000.000000;maxtxjitter=000.000000;avgtxjitter=000.000000;stdevtxjitter=000.000000;",
    "variable" => "RTPAUDIOQOSJITTER"
  },
  variables: %{}
}
[2025-04-15 12:01:38.547406Z] %ElixirAmi.Event{
  event: "varset",
  source: :asterisk_connection,
  action_id: nil,
  keys: %{
    "accountcode" => "",
    "calleridname" => "102",
    "calleridnum" => "102",
    "channel" => "PJSIP/102-00000005",
    "channelstate" => "6",
    "channelstatedesc" => "Up",
    "connectedlinename" => "<unknown>",
    "connectedlinenum" => "<unknown>",
    "context" => "org_all",
    "exten" => "s",
    "language" => "en",
    "linkedid" => "1744718484.7",
    "priority" => "1",
    "privilege" => "dialplan,all",
    "uniqueid" => "1744718484.7",
    "value" => "minrxlost=000.000000;  maxrxlost=000.000000;  avgrxlost=000.000000;  stdevrxlost=000.000000;  mintxlost=000.000000;  maxtxlost=000.000000;  avgtxlost=000.000000;  stdevtxlost=000.000000;",
    "variable" => "RTPAUDIOQOSLOSS"
  },
  variables: %{}
}
[2025-04-15 12:01:38.547565Z] %ElixirAmi.Event{
  event: "varset",
  source: :asterisk_connection,
  action_id: nil,
  keys: %{
    "accountcode" => "",
    "calleridname" => "102",
    "calleridnum" => "102",
    "channel" => "PJSIP/102-00000005",
    "channelstate" => "6",
    "channelstatedesc" => "Up",
    "connectedlinename" => "<unknown>",
    "connectedlinenum" => "<unknown>",
    "context" => "org_all",
    "exten" => "s",
    "language" => "en",
    "linkedid" => "1744718484.7",
    "priority" => "1",
    "privilege" => "dialplan,all",
    "uniqueid" => "1744718484.7",
    "value" => "minrtt=000.000000;     maxrtt=000.000000;     avgrtt=000.000000;     stdevrtt=000.000000;",
    "variable" => "RTPAUDIOQOSRTT"
  },
  variables: %{}
}
[2025-04-15 12:01:38.547766Z] %ElixirAmi.Event{
  event: "varset",
  source: :asterisk_connection,
  action_id: nil,
  keys: %{
    "accountcode" => "",
    "calleridname" => "102",
    "calleridnum" => "102",
    "channel" => "PJSIP/102-00000005",
    "channelstate" => "6",
    "channelstatedesc" => "Up",
    "connectedlinename" => "<unknown>",
    "connectedlinenum" => "<unknown>",
    "context" => "org_all",
    "exten" => "s",
    "language" => "en",
    "linkedid" => "1744718484.7",
    "priority" => "1",
    "privilege" => "dialplan,all",
    "uniqueid" => "1744718484.7",
    "value" => "minrxmes=000.000000;   maxrxmes=000.000000;   avgrxmes=000.000000;   stdevrxmes=000.000000;   mintxmes=085.367289;   maxtxmes=085.367289;   avgtxmes=085.367289;   stdevtxmes=000.000000;",
    "variable" => "RTPAUDIOQOSMES"
  },
  variables: %{}
}
[2025-04-15 12:01:38.547915Z] %ElixirAmi.Event{
  event: "hangup",
  source: :asterisk_connection,
  action_id: nil,
  keys: %{
    "accountcode" => "",
    "calleridname" => "102",
    "calleridnum" => "102",
    "cause" => "0",
    "cause-txt" => "Unknown",
    "channel" => "PJSIP/102-00000005",
    "channelstate" => "6",
    "channelstatedesc" => "Up",
    "connectedlinename" => "<unknown>",
    "connectedlinenum" => "<unknown>",
    "context" => "org_all",
    "exten" => "s",
    "language" => "en",
    "linkedid" => "1744718484.7",
    "priority" => "1",
    "privilege" => "call,all",
    "uniqueid" => "1744718484.7"
  },
  variables: %{}
}
