[2025-04-15 15:19:34.320515Z] %ElixirAmi.Event{
  event: "newchannel",
  source: :asterisk_connection,
  action_id: nil,
  keys: %{
    "accountcode" => "",
    "calleridname" => "102",
    "calleridnum" => "102",
    "channel" => "PJSIP/102-00000052",
    "channelstate" => "0",
    "channelstatedesc" => "Down",
    "connectedlinename" => "<unknown>",
    "connectedlinenum" => "<unknown>",
    "context" => "org_all",
    "exten" => "s",
    "language" => "en",
    "linkedid" => "1744730372.125",
    "priority" => "1",
    "privilege" => "call,all",
    "uniqueid" => "1744730372.125"
  },
  variables: %{}
}
[2025-04-15 15:19:34.320742Z] %ElixirAmi.Event{
  event: "newexten",
  source: :asterisk_connection,
  action_id: nil,
  keys: %{
    "accountcode" => "",
    "appdata" => "(Outgoing Line)",
    "application" => "AppDial2",
    "calleridname" => "102",
    "calleridnum" => "102",
    "channel" => "PJSIP/102-00000052",
    "channelstate" => "0",
    "channelstatedesc" => "Down",
    "connectedlinename" => "<unknown>",
    "connectedlinenum" => "<unknown>",
    "context" => "org_all",
    "exten" => "s",
    "extension" => "s",
    "language" => "en",
    "linkedid" => "1744730372.125",
    "priority" => "1",
    "privilege" => "dialplan,all",
    "uniqueid" => "1744730372.125"
  },
  variables: %{}
}
[2025-04-15 15:19:34.321073Z] %ElixirAmi.Event{
  event: "newcallerid",
  source: :asterisk_connection,
  action_id: nil,
  keys: %{
    "accountcode" => "",
    "calleridname" => "Ivan102",
    "calleridnum" => "102",
    "channel" => "PJSIP/102-00000052",
    "channelstate" => "0",
    "channelstatedesc" => "Down",
    "cid-callingpres" => "0 (Presentation Allowed, Not Screened)",
    "connectedlinename" => "<unknown>",
    "connectedlinenum" => "<unknown>",
    "context" => "org_all",
    "exten" => "s",
    "language" => "en",
    "linkedid" => "1744730372.125",
    "priority" => "1",
    "privilege" => "call,all",
    "uniqueid" => "1744730372.125"
  },
  variables: %{}
}
[2025-04-15 15:19:34.321282Z] %ElixirAmi.Event{
  event: "newconnectedline",
  source: :asterisk_connection,
  action_id: nil,
  keys: %{
    "accountcode" => "",
    "calleridname" => "Ivan102",
    "calleridnum" => "102",
    "channel" => "PJSIP/102-00000052",
    "channelstate" => "0",
    "channelstatedesc" => "Down",
    "connectedlinename" => "Ivan102",
    "connectedlinenum" => "<unknown>",
    "context" => "org_all",
    "exten" => "s",
    "language" => "en",
    "linkedid" => "1744730372.125",
    "priority" => "1",
    "privilege" => "call,all",
    "uniqueid" => "1744730372.125"
  },
  variables: %{}
}
[2025-04-15 15:19:34.322048Z] %ElixirAmi.Event{
  event: "newstate",
  source: :asterisk_connection,
  action_id: nil,
  keys: %{
    "accountcode" => "",
    "calleridname" => "Ivan102",
    "calleridnum" => "102",
    "channel" => "PJSIP/102-00000052",
    "channelstate" => "5",
    "channelstatedesc" => "Ringing",
    "connectedlinename" => "Ivan102",
    "connectedlinenum" => "<unknown>",
    "context" => "org_all",
    "exten" => "s",
    "language" => "en",
    "linkedid" => "1744730372.125",
    "priority" => "1",
    "privilege" => "call,all",
    "uniqueid" => "1744730372.125"
  },
  variables: %{}
}
[2025-04-15 15:19:34.322911Z] %ElixirAmi.Event{
  event: "rtcpreceived",
  source: :asterisk_connection,
  action_id: nil,
  keys: %{
    "accountcode" => "",
    "calleridname" => "Ivan102",
    "calleridnum" => "102",
    "channel" => "PJSIP/102-00000052",
    "channelstate" => "5",
    "channelstatedesc" => "Ringing",
    "connectedlinename" => "Ivan102",
    "connectedlinenum" => "<unknown>",
    "context" => "org_all",
    "exten" => "s",
    "from" => "192.168.0.16:4099",
    "language" => "en",
    "linkedid" => "1744730372.125",
    "mes" => "85.4",
    "priority" => "1",
    "privilege" => "reporting,all",
    "pt" => "201(RR)",
    "report0cumulativelost" => "0",
    "report0dlsr" => "0.0000",
    "report0fractionlost" => "0",
    "report0highestsequence" => "0",
    "report0iajitter" => "0",
    "report0lsr" => "0",
    "report0sequencenumbercycles" => "0",
    "report0sourcessrc" => "0x00000000",
    "reportcount" => "1",
    "rtt" => "0.0000",
    "ssrc" => "0x00000000",
    "to" => "192.168.0.16:12309",
    "uniqueid" => "1744730372.125"
  },
  variables: %{}
}
[2025-04-15 15:19:34.323552Z] %ElixirAmi.Event{
  event: "rtcpreceived",
  source: :asterisk_connection,
  action_id: nil,
  keys: %{
    "accountcode" => "",
    "calleridname" => "Ivan102",
    "calleridnum" => "102",
    "channel" => "PJSIP/102-00000052",
    "channelstate" => "5",
    "channelstatedesc" => "Ringing",
    "connectedlinename" => "Ivan102",
    "connectedlinenum" => "<unknown>",
    "context" => "org_all",
    "exten" => "s",
    "from" => "192.168.0.16:4099",
    "language" => "en",
    "linkedid" => "1744730372.125",
    "mes" => "85.4",
    "priority" => "1",
    "privilege" => "reporting,all",
    "pt" => "201(RR)",
    "report0cumulativelost" => "0",
    "report0dlsr" => "0.0000",
    "report0fractionlost" => "0",
    "report0highestsequence" => "0",
    "report0iajitter" => "0",
    "report0lsr" => "0",
    "report0sequencenumbercycles" => "0",
    "report0sourcessrc" => "0x00000000",
    "reportcount" => "1",
    "rtt" => "0.0000",
    "ssrc" => "0x00000000",
    "to" => "192.168.0.16:12309",
    "uniqueid" => "1744730372.125"
  },
  variables: %{}
}
[2025-04-15 15:19:34.323726Z] %ElixirAmi.Event{
  event: "newstate",
  source: :asterisk_connection,
  action_id: nil,
  keys: %{
    "accountcode" => "",
    "calleridname" => "Ivan102",
    "calleridnum" => "102",
    "channel" => "PJSIP/102-00000052",
    "channelstate" => "6",
    "channelstatedesc" => "Up",
    "connectedlinename" => "Ivan102",
    "connectedlinenum" => "<unknown>",
    "context" => "org_all",
    "exten" => "s",
    "language" => "en",
    "linkedid" => "1744730372.125",
    "priority" => "1",
    "privilege" => "call,all",
    "uniqueid" => "1744730372.125"
  },
  variables: %{}
}
[2025-04-15 15:19:34.324128Z] %ElixirAmi.Event{
  event: "varset",
  source: :asterisk_connection,
  action_id: nil,
  keys: %{
    "accountcode" => "",
    "calleridname" => "Ivan102",
    "calleridnum" => "102",
    "channel" => "PJSIP/102-00000052",
    "channelstate" => "6",
    "channelstatedesc" => "Up",
    "connectedlinename" => "Ivan102",
    "connectedlinenum" => "<unknown>",
    "context" => "org_all",
    "exten" => "s",
    "language" => "en",
    "linkedid" => "1744730372.125",
    "priority" => "1",
    "privilege" => "dialplan,all",
    "uniqueid" => "1744730372.125",
    "value" => "ssrc=2024326481;themssrc=0;lp=0;rxjitter=0.000000;rxcount=0;txjitter=0.000000;txcount=0;rlp=0;rtt=0.000000;rxmes=85.367289;txmes=0.000000",
    "variable" => "RTPAUDIOQOS"
  },
  variables: %{}
}
[2025-04-15 15:19:34.324389Z] %ElixirAmi.Event{
  event: "varset",
  source: :asterisk_connection,
  action_id: nil,
  keys: %{
    "accountcode" => "",
    "calleridname" => "Ivan102",
    "calleridnum" => "102",
    "channel" => "PJSIP/102-00000052",
    "channelstate" => "6",
    "channelstatedesc" => "Up",
    "connectedlinename" => "Ivan102",
    "connectedlinenum" => "<unknown>",
    "context" => "org_all",
    "exten" => "s",
    "language" => "en",
    "linkedid" => "1744730372.125",
    "priority" => "1",
    "privilege" => "dialplan,all",
    "uniqueid" => "1744730372.125",
    "value" => "minrxjitter=000.000000;maxrxjitter=000.000000;avgrxjitter=000.000000;stdevrxjitter=000.000000;mintxjitter=000.000000;maxtxjitter=000.000000;avgtxjitter=000.000000;stdevtxjitter=000.000000;",
    "variable" => "RTPAUDIOQOSJITTER"
  },
  variables: %{}
}
[2025-04-15 15:19:34.324594Z] %ElixirAmi.Event{
  event: "varset",
  source: :asterisk_connection,
  action_id: nil,
  keys: %{
    "accountcode" => "",
    "calleridname" => "Ivan102",
    "calleridnum" => "102",
    "channel" => "PJSIP/102-00000052",
    "channelstate" => "6",
    "channelstatedesc" => "Up",
    "connectedlinename" => "Ivan102",
    "connectedlinenum" => "<unknown>",
    "context" => "org_all",
    "exten" => "s",
    "language" => "en",
    "linkedid" => "1744730372.125",
    "priority" => "1",
    "privilege" => "dialplan,all",
    "uniqueid" => "1744730372.125",
    "value" => "minrxlost=000.000000;  maxrxlost=000.000000;  avgrxlost=000.000000;  stdevrxlost=000.000000;  mintxlost=000.000000;  maxtxlost=000.000000;  avgtxlost=000.000000;  stdevtxlost=000.000000;",
    "variable" => "RTPAUDIOQOSLOSS"
  },
  variables: %{}
}
[2025-04-15 15:19:34.324775Z] %ElixirAmi.Event{
  event: "varset",
  source: :asterisk_connection,
  action_id: nil,
  keys: %{
    "accountcode" => "",
    "calleridname" => "Ivan102",
    "calleridnum" => "102",
    "channel" => "PJSIP/102-00000052",
    "channelstate" => "6",
    "channelstatedesc" => "Up",
    "connectedlinename" => "Ivan102",
    "connectedlinenum" => "<unknown>",
    "context" => "org_all",
    "exten" => "s",
    "language" => "en",
    "linkedid" => "1744730372.125",
    "priority" => "1",
    "privilege" => "dialplan,all",
    "uniqueid" => "1744730372.125",
    "value" => "minrtt=000.000000;     maxrtt=000.000000;     avgrtt=000.000000;     stdevrtt=000.000000;",
    "variable" => "RTPAUDIOQOSRTT"
  },
  variables: %{}
}
[2025-04-15 15:19:34.325001Z] %ElixirAmi.Event{
  event: "varset",
  source: :asterisk_connection,
  action_id: nil,
  keys: %{
    "accountcode" => "",
    "calleridname" => "Ivan102",
    "calleridnum" => "102",
    "channel" => "PJSIP/102-00000052",
    "channelstate" => "6",
    "channelstatedesc" => "Up",
    "connectedlinename" => "Ivan102",
    "connectedlinenum" => "<unknown>",
    "context" => "org_all",
    "exten" => "s",
    "language" => "en",
    "linkedid" => "1744730372.125",
    "priority" => "1",
    "privilege" => "dialplan,all",
    "uniqueid" => "1744730372.125",
    "value" => "minrxmes=000.000000;   maxrxmes=000.000000;   avgrxmes=000.000000;   stdevrxmes=000.000000;   mintxmes=085.367289;   maxtxmes=085.367289;   avgtxmes=085.367289;   stdevtxmes=000.000000;",
    "variable" => "RTPAUDIOQOSMES"
  },
  variables: %{}
}
[2025-04-15 15:19:34.325187Z] %ElixirAmi.Event{
  event: "hangup",
  source: :asterisk_connection,
  action_id: nil,
  keys: %{
    "accountcode" => "",
    "calleridname" => "Ivan102",
    "calleridnum" => "102",
    "cause" => "0",
    "cause-txt" => "Unknown",
    "channel" => "PJSIP/102-00000052",
    "channelstate" => "6",
    "channelstatedesc" => "Up",
    "connectedlinename" => "Ivan102",
    "connectedlinenum" => "<unknown>",
    "context" => "org_all",
    "exten" => "s",
    "language" => "en",
    "linkedid" => "1744730372.125",
    "priority" => "1",
    "privilege" => "call,all",
    "uniqueid" => "1744730372.125"
  },
  variables: %{}
}
