[2025-04-10 16:31:21.448836Z] %ElixirAmi.Event{
  event: "varset",
  source: :asterisk_connection,
  action_id: nil,
  keys: %{
    "accountcode" => "",
    "calleridname" => "104",
    "calleridnum" => "104",
    "channel" => "PJSIP/104-000000bc",
    "channelstate" => "4",
    "channelstatedesc" => "Ring",
    "connectedlinename" => "<unknown>",
    "connectedlinenum" => "<unknown>",
    "context" => "org_all",
    "exten" => "102",
    "language" => "en",
    "linkedid" => "1744302681.282",
    "priority" => "2",
    "privilege" => "dialplan,all",
    "uniqueid" => "1744302681.282",
    "value" => "",
    "variable" => "ANSWEREDTIME_MS"
  },
  variables: %{}
}
[2025-04-10 16:31:21.448784Z] %ElixirAmi.Event{
  event: "varset",
  source: :asterisk_connection,
  action_id: nil,
  keys: %{
    "accountcode" => "",
    "calleridname" => "104",
    "calleridnum" => "104",
    "channel" => "PJSIP/104-000000bc",
    "channelstate" => "4",
    "channelstatedesc" => "Ring",
    "connectedlinename" => "<unknown>",
    "connectedlinenum" => "<unknown>",
    "context" => "org_all",
    "exten" => "102",
    "language" => "en",
    "linkedid" => "1744302681.282",
    "priority" => "2",
    "privilege" => "dialplan,all",
    "uniqueid" => "1744302681.282",
    "value" => "",
    "variable" => "DIALEDPEERNUMBER"
  },
  variables: %{}
}
[2025-04-10 16:31:21.448856Z] %ElixirAmi.Event{
  event: "varset",
  source: :asterisk_connection,
  action_id: nil,
  keys: %{
    "accountcode" => "",
    "calleridname" => "104",
    "calleridnum" => "104",
    "channel" => "PJSIP/104-000000bc",
    "channelstate" => "4",
    "channelstatedesc" => "Ring",
    "connectedlinename" => "<unknown>",
    "connectedlinenum" => "<unknown>",
    "context" => "org_all",
    "exten" => "102",
    "language" => "en",
    "linkedid" => "1744302681.282",
    "priority" => "2",
    "privilege" => "dialplan,all",
    "uniqueid" => "1744302681.282",
    "value" => "",
    "variable" => "DIALEDTIME_MS"
  },
  variables: %{}
}
[2025-04-10 16:31:21.448883Z] %ElixirAmi.Event{
  event: "varset",
  source: :asterisk_connection,
  action_id: nil,
  keys: %{
    "accountcode" => "",
    "calleridname" => "104",
    "calleridnum" => "104",
    "channel" => "PJSIP/104-000000bc",
    "channelstate" => "4",
    "channelstatedesc" => "Ring",
    "connectedlinename" => "<unknown>",
    "connectedlinenum" => "<unknown>",
    "context" => "org_all",
    "exten" => "102",
    "language" => "en",
    "linkedid" => "1744302681.282",
    "priority" => "2",
    "privilege" => "dialplan,all",
    "uniqueid" => "1744302681.282",
    "value" => "",
    "variable" => "RINGTIME_MS"
  },
  variables: %{}
}
[2025-04-10 16:31:21.448889Z] %ElixirAmi.Event{
  event: "varset",
  source: :asterisk_connection,
  action_id: nil,
  keys: %{
    "accountcode" => "",
    "calleridname" => "104",
    "calleridnum" => "104",
    "channel" => "PJSIP/104-000000bc",
    "channelstate" => "4",
    "channelstatedesc" => "Ring",
    "connectedlinename" => "<unknown>",
    "connectedlinenum" => "<unknown>",
    "context" => "org_all",
    "exten" => "102",
    "language" => "en",
    "linkedid" => "1744302681.282",
    "priority" => "2",
    "privilege" => "dialplan,all",
    "uniqueid" => "1744302681.282",
    "value" => "",
    "variable" => "PROGRESSTIME"
  },
  variables: %{}
}
[2025-04-10 16:31:21.448877Z] %ElixirAmi.Event{
  event: "varset",
  source: :asterisk_connection,
  action_id: nil,
  keys: %{
    "accountcode" => "",
    "calleridname" => "104",
    "calleridnum" => "104",
    "channel" => "PJSIP/104-000000bc",
    "channelstate" => "4",
    "channelstatedesc" => "Ring",
    "connectedlinename" => "<unknown>",
    "connectedlinenum" => "<unknown>",
    "context" => "org_all",
    "exten" => "102",
    "language" => "en",
    "linkedid" => "1744302681.282",
    "priority" => "2",
    "privilege" => "dialplan,all",
    "uniqueid" => "1744302681.282",
    "value" => "",
    "variable" => "RINGTIME"
  },
  variables: %{}
}
[2025-04-10 16:31:21.449126Z] %ElixirAmi.Event{
  event: "varset",
  source: :asterisk_connection,
  action_id: nil,
  keys: %{
    "accountcode" => "",
    "calleridname" => "104",
    "calleridnum" => "104",
    "channel" => "PJSIP/104-000000bc",
    "channelstate" => "4",
    "channelstatedesc" => "Ring",
    "connectedlinename" => "<unknown>",
    "connectedlinenum" => "<unknown>",
    "context" => "org_all",
    "exten" => "102",
    "language" => "en",
    "linkedid" => "1744302681.282",
    "priority" => "2",
    "privilege" => "dialplan,all",
    "uniqueid" => "1744302681.282",
    "value" => "",
    "variable" => "PROGRESSTIME_MS"
  },
  variables: %{}
}
[2025-04-10 16:31:21.448785Z] %ElixirAmi.Event{
  event: "varset",
  source: :asterisk_connection,
  action_id: nil,
  keys: %{
    "accountcode" => "",
    "calleridname" => "104",
    "calleridnum" => "104",
    "channel" => "PJSIP/104-000000bc",
    "channelstate" => "4",
    "channelstatedesc" => "Ring",
    "connectedlinename" => "<unknown>",
    "connectedlinenum" => "<unknown>",
    "context" => "org_all",
    "exten" => "102",
    "language" => "en",
    "linkedid" => "1744302681.282",
    "priority" => "2",
    "privilege" => "dialplan,all",
    "uniqueid" => "1744302681.282",
    "value" => "",
    "variable" => "DIALEDPEERNAME"
  },
  variables: %{}
}
[2025-04-10 16:31:21.449328Z] %ElixirAmi.Event{
  event: "newchannel",
  source: :asterisk_connection,
  action_id: nil,
  keys: %{
    "accountcode" => "",
    "calleridname" => "102",
    "calleridnum" => "102",
    "channel" => "PJSIP/102-000000bd",
    "channelstate" => "0",
    "channelstatedesc" => "Down",
    "connectedlinename" => "<unknown>",
    "connectedlinenum" => "<unknown>",
    "context" => "org_all",
    "exten" => "s",
    "language" => "en",
    "linkedid" => "1744302681.282",
    "priority" => "1",
    "privilege" => "call,all",
    "uniqueid" => "1744302681.283"
  },
  variables: %{}
}
[2025-04-10 16:31:21.450277Z] %ElixirAmi.Event{
  event: "newconnectedline",
  source: :asterisk_connection,
  action_id: nil,
  keys: %{
    "accountcode" => "",
    "calleridname" => "104",
    "calleridnum" => "104",
    "channel" => "PJSIP/104-000000bc",
    "channelstate" => "4",
    "channelstatedesc" => "Ring",
    "connectedlinename" => "102",
    "connectedlinenum" => "102",
    "context" => "org_all",
    "exten" => "102",
    "language" => "en",
    "linkedid" => "1744302681.282",
    "priority" => "2",
    "privilege" => "call,all",
    "uniqueid" => "1744302681.282"
  },
  variables: %{}
}
[2025-04-10 16:31:21.448828Z] %ElixirAmi.Event{
  event: "varset",
  source: :asterisk_connection,
  action_id: nil,
  keys: %{
    "accountcode" => "",
    "calleridname" => "104",
    "calleridnum" => "104",
    "channel" => "PJSIP/104-000000bc",
    "channelstate" => "4",
    "channelstatedesc" => "Ring",
    "connectedlinename" => "<unknown>",
    "connectedlinenum" => "<unknown>",
    "context" => "org_all",
    "exten" => "102",
    "language" => "en",
    "linkedid" => "1744302681.282",
    "priority" => "2",
    "privilege" => "dialplan,all",
    "uniqueid" => "1744302681.282",
    "value" => "",
    "variable" => "ANSWEREDTIME"
  },
  variables: %{}
}
[2025-04-10 16:31:21.448849Z] %ElixirAmi.Event{
  event: "varset",
  source: :asterisk_connection,
  action_id: nil,
  keys: %{
    "accountcode" => "",
    "calleridname" => "104",
    "calleridnum" => "104",
    "channel" => "PJSIP/104-000000bc",
    "channelstate" => "4",
    "channelstatedesc" => "Ring",
    "connectedlinename" => "<unknown>",
    "connectedlinenum" => "<unknown>",
    "context" => "org_all",
    "exten" => "102",
    "language" => "en",
    "linkedid" => "1744302681.282",
    "priority" => "2",
    "privilege" => "dialplan,all",
    "uniqueid" => "1744302681.282",
    "value" => "",
    "variable" => "DIALEDTIME"
  },
  variables: %{}
}
[2025-04-10 16:31:21.449558Z] %ElixirAmi.Event{
  event: "varset",
  source: :asterisk_connection,
  action_id: nil,
  keys: %{
    "accountcode" => "",
    "calleridname" => "102",
    "calleridnum" => "102",
    "channel" => "PJSIP/102-000000bd",
    "channelstate" => "0",
    "channelstatedesc" => "Down",
    "connectedlinename" => "<unknown>",
    "connectedlinenum" => "<unknown>",
    "context" => "org_all",
    "exten" => "s",
    "language" => "en",
    "linkedid" => "1744302681.282",
    "priority" => "1",
    "privilege" => "dialplan,all",
    "uniqueid" => "1744302681.283",
    "value" => "102",
    "variable" => "DIALEDPEERNUMBER"
  },
  variables: %{}
}
[2025-04-10 16:31:21.448778Z] %ElixirAmi.Event{
  event: "varset",
  source: :asterisk_connection,
  action_id: nil,
  keys: %{
    "accountcode" => "",
    "calleridname" => "104",
    "calleridnum" => "104",
    "channel" => "PJSIP/104-000000bc",
    "channelstate" => "4",
    "channelstatedesc" => "Ring",
    "connectedlinename" => "<unknown>",
    "connectedlinenum" => "<unknown>",
    "context" => "org_all",
    "exten" => "102",
    "language" => "en",
    "linkedid" => "1744302681.282",
    "priority" => "2",
    "privilege" => "dialplan,all",
    "uniqueid" => "1744302681.282",
    "value" => "",
    "variable" => "DIALSTATUS"
  },
  variables: %{}
}
[2025-04-10 16:31:21.448776Z] %ElixirAmi.Event{
  event: "newexten",
  source: :asterisk_connection,
  action_id: nil,
  keys: %{
    "accountcode" => "",
    "appdata" => "PJSIP/102,20,",
    "application" => "Dial",
    "calleridname" => "104",
    "calleridnum" => "104",
    "channel" => "PJSIP/104-000000bc",
    "channelstate" => "4",
    "channelstatedesc" => "Ring",
    "connectedlinename" => "<unknown>",
    "connectedlinenum" => "<unknown>",
    "context" => "org_all",
    "exten" => "102",
    "extension" => "102",
    "language" => "en",
    "linkedid" => "1744302681.282",
    "priority" => "2",
    "privilege" => "dialplan,all",
    "uniqueid" => "1744302681.282"
  },
  variables: %{}
}
[2025-04-10 16:31:21.448781Z] %ElixirAmi.Event{
  event: "varset",
  source: :asterisk_connection,
  action_id: nil,
  keys: %{
    "accountcode" => "",
    "calleridname" => "104",
    "calleridnum" => "104",
    "channel" => "PJSIP/104-000000bc",
    "channelstate" => "4",
    "channelstatedesc" => "Ring",
    "connectedlinename" => "<unknown>",
    "connectedlinenum" => "<unknown>",
    "context" => "org_all",
    "exten" => "102",
    "language" => "en",
    "linkedid" => "1744302681.282",
    "priority" => "1",
    "privilege" => "dialplan,all",
    "uniqueid" => "1744302681.282",
    "value" => "192.168.0.16",
    "variable" => "SIPDOMAIN"
  },
  variables: %{}
}
[2025-04-10 16:31:21.449874Z] %ElixirAmi.Event{
  event: "newconnectedline",
  source: :asterisk_connection,
  action_id: nil,
  keys: %{
    "accountcode" => "",
    "calleridname" => "102",
    "calleridnum" => "102",
    "channel" => "PJSIP/102-000000bd",
    "channelstate" => "0",
    "channelstatedesc" => "Down",
    "connectedlinename" => "104",
    "connectedlinenum" => "104",
    "context" => "org_all",
    "exten" => "102",
    "language" => "en",
    "linkedid" => "1744302681.282",
    "priority" => "1",
    "privilege" => "call,all",
    "uniqueid" => "1744302681.283"
  },
  variables: %{}
}
[2025-04-10 16:31:21.448779Z] %ElixirAmi.Event{
  event: "newexten",
  source: :asterisk_connection,
  action_id: nil,
  keys: %{
    "accountcode" => "",
    "appdata" => "",
    "application" => "NoOp",
    "calleridname" => "104",
    "calleridnum" => "104",
    "channel" => "PJSIP/104-000000bc",
    "channelstate" => "4",
    "channelstatedesc" => "Ring",
    "connectedlinename" => "<unknown>",
    "connectedlinenum" => "<unknown>",
    "context" => "org_all",
    "exten" => "102",
    "extension" => "102",
    "language" => "en",
    "linkedid" => "1744302681.282",
    "priority" => "1",
    "privilege" => "dialplan,all",
    "uniqueid" => "1744302681.282"
  },
  variables: %{}
}
[2025-04-10 16:31:21.449738Z] %ElixirAmi.Event{
  event: "newexten",
  source: :asterisk_connection,
  action_id: nil,
  keys: %{
    "accountcode" => "",
    "appdata" => "(Outgoing Line)",
    "application" => "AppDial",
    "calleridname" => "102",
    "calleridnum" => "102",
    "channel" => "PJSIP/102-000000bd",
    "channelstate" => "0",
    "channelstatedesc" => "Down",
    "connectedlinename" => "104",
    "connectedlinenum" => "104",
    "context" => "org_all",
    "exten" => "102",
    "extension" => "102",
    "language" => "en",
    "linkedid" => "1744302681.282",
    "priority" => "1",
    "privilege" => "dialplan,all",
    "uniqueid" => "1744302681.283"
  },
  variables: %{}
}
[2025-04-10 16:31:21.450119Z] %ElixirAmi.Event{
  event: "dialbegin",
  source: :asterisk_connection,
  action_id: nil,
  keys: %{
    "accountcode" => "",
    "calleridname" => "104",
    "calleridnum" => "104",
    "channel" => "PJSIP/104-000000bc",
    "channelstate" => "4",
    "channelstatedesc" => "Ring",
    "connectedlinename" => "<unknown>",
    "connectedlinenum" => "<unknown>",
    "context" => "org_all",
    "destaccountcode" => "",
    "destcalleridname" => "102",
    "destcalleridnum" => "102",
    "destchannel" => "PJSIP/102-000000bd",
    "destchannelstate" => "0",
    "destchannelstatedesc" => "Down",
    "destconnectedlinename" => "104",
    "destconnectedlinenum" => "104",
    "destcontext" => "org_all",
    "destexten" => "102",
    "destlanguage" => "en",
    "destlinkedid" => "1744302681.282",
    "destpriority" => "1",
    "destuniqueid" => "1744302681.283",
    "dialstring" => "102",
    "exten" => "102",
    "language" => "en",
    "linkedid" => "1744302681.282",
    "priority" => "2",
    "privilege" => "call,all",
    "uniqueid" => "1744302681.282"
  },
  variables: %{}
}
[2025-04-10 16:31:21.448782Z] %ElixirAmi.Event{
  event: "newchannel",
  source: :asterisk_connection,
  action_id: nil,
  keys: %{
    "accountcode" => "",
    "calleridname" => "104",
    "calleridnum" => "104",
    "channel" => "PJSIP/104-000000bc",
    "channelstate" => "4",
    "channelstatedesc" => "Ring",
    "connectedlinename" => "<unknown>",
    "connectedlinenum" => "<unknown>",
    "context" => "org_all",
    "exten" => "102",
    "language" => "en",
    "linkedid" => "1744302681.282",
    "priority" => "1",
    "privilege" => "call,all",
    "uniqueid" => "1744302681.282"
  },
  variables: %{}
}
[2025-04-10 16:31:21.452629Z] %ElixirAmi.Event{
  event: "newstate",
  source: :asterisk_connection,
  action_id: nil,
  keys: %{
    "accountcode" => "",
    "calleridname" => "102",
    "calleridnum" => "102",
    "channel" => "PJSIP/102-000000bd",
    "channelstate" => "5",
    "channelstatedesc" => "Ringing",
    "connectedlinename" => "104",
    "connectedlinenum" => "104",
    "context" => "org_all",
    "exten" => "102",
    "language" => "en",
    "linkedid" => "1744302681.282",
    "priority" => "1",
    "privilege" => "call,all",
    "uniqueid" => "1744302681.283"
  },
  variables: %{}
}
[2025-04-10 16:31:21.452795Z] %ElixirAmi.Event{
  event: "varset",
  source: :asterisk_connection,
  action_id: nil,
  keys: %{
    "accountcode" => "",
    "calleridname" => "104",
    "calleridnum" => "104",
    "channel" => "PJSIP/104-000000bc",
    "channelstate" => "4",
    "channelstatedesc" => "Ring",
    "connectedlinename" => "102",
    "connectedlinenum" => "102",
    "context" => "org_all",
    "exten" => "102",
    "language" => "en",
    "linkedid" => "1744302681.282",
    "priority" => "2",
    "privilege" => "dialplan,all",
    "uniqueid" => "1744302681.282",
    "value" => "0",
    "variable" => "RINGTIME"
  },
  variables: %{}
}
[2025-04-10 16:31:21.453042Z] %ElixirAmi.Event{
  event: "varset",
  source: :asterisk_connection,
  action_id: nil,
  keys: %{
    "accountcode" => "",
    "calleridname" => "104",
    "calleridnum" => "104",
    "channel" => "PJSIP/104-000000bc",
    "channelstate" => "4",
    "channelstatedesc" => "Ring",
    "connectedlinename" => "102",
    "connectedlinenum" => "102",
    "context" => "org_all",
    "exten" => "102",
    "language" => "en",
    "linkedid" => "1744302681.282",
    "priority" => "2",
    "privilege" => "dialplan,all",
    "uniqueid" => "1744302681.282",
    "value" => "6",
    "variable" => "RINGTIME_MS"
  },
  variables: %{}
}
[2025-04-10 16:31:21.453376Z] %ElixirAmi.Event{
  event: "dialstate",
  source: :asterisk_connection,
  action_id: nil,
  keys: %{
    "accountcode" => "",
    "calleridname" => "104",
    "calleridnum" => "104",
    "channel" => "PJSIP/104-000000bc",
    "channelstate" => "4",
    "channelstatedesc" => "Ring",
    "connectedlinename" => "102",
    "connectedlinenum" => "102",
    "context" => "org_all",
    "destaccountcode" => "",
    "destcalleridname" => "102",
    "destcalleridnum" => "102",
    "destchannel" => "PJSIP/102-000000bd",
    "destchannelstate" => "5",
    "destchannelstatedesc" => "Ringing",
    "destconnectedlinename" => "104",
    "destconnectedlinenum" => "104",
    "destcontext" => "org_all",
    "destexten" => "102",
    "destlanguage" => "en",
    "destlinkedid" => "1744302681.282",
    "destpriority" => "1",
    "destuniqueid" => "1744302681.283",
    "dialstatus" => "RINGING",
    "exten" => "102",
    "language" => "en",
    "linkedid" => "1744302681.282",
    "priority" => "2",
    "privilege" => "call,all",
    "uniqueid" => "1744302681.282"
  },
  variables: %{}
}
[2025-04-10 16:31:29.593354Z] %ElixirAmi.Event{
  event: "rtcpreceived",
  source: :asterisk_connection,
  action_id: nil,
  keys: %{
    "accountcode" => "",
    "calleridname" => "102",
    "calleridnum" => "102",
    "channel" => "PJSIP/102-000000bd",
    "channelstate" => "5",
    "channelstatedesc" => "Ringing",
    "connectedlinename" => "104",
    "connectedlinenum" => "104",
    "context" => "org_all",
    "exten" => "102",
    "from" => "192.168.0.16:4195",
    "language" => "en",
    "linkedid" => "1744302681.282",
    "mes" => "85.4",
    "priority" => "1",
    "privilege" => "reporting,all",
    "pt" => "201(RR)",
    "report0cumulativelost" => "0",
    "report0dlsr" => "0.0000",
    "report0fractionlost" => "0",
    "report0highestsequence" => "0",
    "report0iajitter" => "0",
    "report0lsr" => "0",
    "report0sequencenumbercycles" => "0",
    "report0sourcessrc" => "0x00000000",
    "reportcount" => "1",
    "rtt" => "0.0000",
    "ssrc" => "0x00000000",
    "to" => "192.168.0.16:16529",
    "uniqueid" => "1744302681.283"
  },
  variables: %{}
}
[2025-04-10 16:31:29.593898Z] %ElixirAmi.Event{
  event: "rtcpreceived",
  source: :asterisk_connection,
  action_id: nil,
  keys: %{
    "accountcode" => "",
    "calleridname" => "102",
    "calleridnum" => "102",
    "channel" => "PJSIP/102-000000bd",
    "channelstate" => "5",
    "channelstatedesc" => "Ringing",
    "connectedlinename" => "104",
    "connectedlinenum" => "104",
    "context" => "org_all",
    "exten" => "102",
    "from" => "192.168.0.16:4195",
    "language" => "en",
    "linkedid" => "1744302681.282",
    "mes" => "85.4",
    "priority" => "1",
    "privilege" => "reporting,all",
    "pt" => "201(RR)",
    "report0cumulativelost" => "0",
    "report0dlsr" => "0.0000",
    "report0fractionlost" => "0",
    "report0highestsequence" => "0",
    "report0iajitter" => "0",
    "report0lsr" => "0",
    "report0sequencenumbercycles" => "0",
    "report0sourcessrc" => "0x00000000",
    "reportcount" => "1",
    "rtt" => "0.0000",
    "ssrc" => "0x00000000",
    "to" => "192.168.0.16:16529",
    "uniqueid" => "1744302681.283"
  },
  variables: %{}
}
[2025-04-10 16:31:29.594161Z] %ElixirAmi.Event{
  event: "newstate",
  source: :asterisk_connection,
  action_id: nil,
  keys: %{
    "accountcode" => "",
    "calleridname" => "102",
    "calleridnum" => "102",
    "channel" => "PJSIP/102-000000bd",
    "channelstate" => "6",
    "channelstatedesc" => "Up",
    "connectedlinename" => "104",
    "connectedlinenum" => "104",
    "context" => "org_all",
    "exten" => "102",
    "language" => "en",
    "linkedid" => "1744302681.282",
    "priority" => "1",
    "privilege" => "call,all",
    "uniqueid" => "1744302681.283"
  },
  variables: %{}
}
[2025-04-10 16:31:29.594354Z] %ElixirAmi.Event{
  event: "varset",
  source: :asterisk_connection,
  action_id: nil,
  keys: %{
    "accountcode" => "",
    "calleridname" => "104",
    "calleridnum" => "104",
    "channel" => "PJSIP/104-000000bc",
    "channelstate" => "4",
    "channelstatedesc" => "Ring",
    "connectedlinename" => "102",
    "connectedlinenum" => "102",
    "context" => "org_all",
    "exten" => "102",
    "language" => "en",
    "linkedid" => "1744302681.282",
    "priority" => "2",
    "privilege" => "dialplan,all",
    "uniqueid" => "1744302681.282",
    "value" => "ANSWER",
    "variable" => "DIALSTATUS"
  },
  variables: %{}
}
[2025-04-10 16:31:29.594509Z] %ElixirAmi.Event{
  event: "varset",
  source: :asterisk_connection,
  action_id: nil,
  keys: %{
    "accountcode" => "",
    "calleridname" => "104",
    "calleridnum" => "104",
    "channel" => "PJSIP/104-000000bc",
    "channelstate" => "4",
    "channelstatedesc" => "Ring",
    "connectedlinename" => "102",
    "connectedlinenum" => "102",
    "context" => "org_all",
    "exten" => "102",
    "language" => "en",
    "linkedid" => "1744302681.282",
    "priority" => "2",
    "privilege" => "dialplan,all",
    "uniqueid" => "1744302681.282",
    "value" => "PJSIP/102-000000bd",
    "variable" => "DIALEDPEERNAME"
  },
  variables: %{}
}
[2025-04-10 16:31:29.594738Z] %ElixirAmi.Event{
  event: "varset",
  source: :asterisk_connection,
  action_id: nil,
  keys: %{
    "accountcode" => "",
    "calleridname" => "104",
    "calleridnum" => "104",
    "channel" => "PJSIP/104-000000bc",
    "channelstate" => "4",
    "channelstatedesc" => "Ring",
    "connectedlinename" => "102",
    "connectedlinenum" => "102",
    "context" => "org_all",
    "exten" => "102",
    "language" => "en",
    "linkedid" => "1744302681.282",
    "priority" => "2",
    "privilege" => "dialplan,all",
    "uniqueid" => "1744302681.282",
    "value" => "102",
    "variable" => "DIALEDPEERNUMBER"
  },
  variables: %{}
}
[2025-04-10 16:31:29.595067Z] %ElixirAmi.Event{
  event: "dialend",
  source: :asterisk_connection,
  action_id: nil,
  keys: %{
    "accountcode" => "",
    "calleridname" => "104",
    "calleridnum" => "104",
    "channel" => "PJSIP/104-000000bc",
    "channelstate" => "4",
    "channelstatedesc" => "Ring",
    "connectedlinename" => "102",
    "connectedlinenum" => "102",
    "context" => "org_all",
    "destaccountcode" => "",
    "destcalleridname" => "102",
    "destcalleridnum" => "102",
    "destchannel" => "PJSIP/102-000000bd",
    "destchannelstate" => "6",
    "destchannelstatedesc" => "Up",
    "destconnectedlinename" => "104",
    "destconnectedlinenum" => "104",
    "destcontext" => "org_all",
    "destexten" => "",
    "destlanguage" => "en",
    "destlinkedid" => "1744302681.282",
    "destpriority" => "1",
    "destuniqueid" => "1744302681.283",
    "dialstatus" => "ANSWER",
    "exten" => "102",
    "language" => "en",
    "linkedid" => "1744302681.282",
    "priority" => "2",
    "privilege" => "call,all",
    "uniqueid" => "1744302681.282"
  },
  variables: %{}
}
[2025-04-10 16:31:29.595209Z] %ElixirAmi.Event{
  event: "newstate",
  source: :asterisk_connection,
  action_id: nil,
  keys: %{
    "accountcode" => "",
    "calleridname" => "104",
    "calleridnum" => "104",
    "channel" => "PJSIP/104-000000bc",
    "channelstate" => "6",
    "channelstatedesc" => "Up",
    "connectedlinename" => "102",
    "connectedlinenum" => "102",
    "context" => "org_all",
    "exten" => "102",
    "language" => "en",
    "linkedid" => "1744302681.282",
    "priority" => "2",
    "privilege" => "call,all",
    "uniqueid" => "1744302681.282"
  },
  variables: %{}
}
[2025-04-10 16:31:29.595539Z] %ElixirAmi.Event{
  event: "newexten",
  source: :asterisk_connection,
  action_id: nil,
  keys: %{
    "accountcode" => "",
    "appdata" => "(Outgoing Line)",
    "application" => "AppDial",
    "calleridname" => "102",
    "calleridnum" => "102",
    "channel" => "PJSIP/102-000000bd",
    "channelstate" => "6",
    "channelstatedesc" => "Up",
    "connectedlinename" => "104",
    "connectedlinenum" => "104",
    "context" => "org_all",
    "exten" => "",
    "extension" => "",
    "language" => "en",
    "linkedid" => "1744302681.282",
    "priority" => "1",
    "privilege" => "dialplan,all",
    "uniqueid" => "1744302681.283"
  },
  variables: %{}
}
[2025-04-10 16:31:29.595856Z] %ElixirAmi.Event{
  event: "bridgeenter",
  source: :asterisk_connection,
  action_id: nil,
  keys: %{
    "accountcode" => "",
    "bridgecreator" => "<unknown>",
    "bridgename" => "<unknown>",
    "bridgenumchannels" => "1",
    "bridgetechnology" => "simple_bridge",
    "bridgetype" => "basic",
    "bridgeuniqueid" => "cdbb0fb6-303c-42be-869f-9b28bf9cb83a",
    "bridgevideosourcemode" => "none",
    "calleridname" => "102",
    "calleridnum" => "102",
    "channel" => "PJSIP/102-000000bd",
    "channelstate" => "6",
    "channelstatedesc" => "Up",
    "connectedlinename" => "104",
    "connectedlinenum" => "104",
    "context" => "org_all",
    "exten" => "",
    "language" => "en",
    "linkedid" => "1744302681.282",
    "priority" => "1",
    "privilege" => "call,all",
    "uniqueid" => "1744302681.283"
  },
  variables: %{}
}
[2025-04-10 16:31:29.596167Z] %ElixirAmi.Event{
  event: "bridgeenter",
  source: :asterisk_connection,
  action_id: nil,
  keys: %{
    "accountcode" => "",
    "bridgecreator" => "<unknown>",
    "bridgename" => "<unknown>",
    "bridgenumchannels" => "2",
    "bridgetechnology" => "simple_bridge",
    "bridgetype" => "basic",
    "bridgeuniqueid" => "cdbb0fb6-303c-42be-869f-9b28bf9cb83a",
    "bridgevideosourcemode" => "none",
    "calleridname" => "104",
    "calleridnum" => "104",
    "channel" => "PJSIP/104-000000bc",
    "channelstate" => "6",
    "channelstatedesc" => "Up",
    "connectedlinename" => "102",
    "connectedlinenum" => "102",
    "context" => "org_all",
    "exten" => "102",
    "language" => "en",
    "linkedid" => "1744302681.282",
    "priority" => "2",
    "privilege" => "call,all",
    "uniqueid" => "1744302681.282"
  },
  variables: %{}
}
[2025-04-10 16:31:29.596410Z] %ElixirAmi.Event{
  event: "varset",
  source: :asterisk_connection,
  action_id: nil,
  keys: %{
    "accountcode" => "",
    "calleridname" => "104",
    "calleridnum" => "104",
    "channel" => "PJSIP/104-000000bc",
    "channelstate" => "6",
    "channelstatedesc" => "Up",
    "connectedlinename" => "102",
    "connectedlinenum" => "102",
    "context" => "org_all",
    "exten" => "102",
    "language" => "en",
    "linkedid" => "1744302681.282",
    "priority" => "2",
    "privilege" => "dialplan,all",
    "uniqueid" => "1744302681.282",
    "value" => "PJSIP/102-000000bd",
    "variable" => "BRIDGEPEER"
  },
  variables: %{}
}
[2025-04-10 16:31:29.596546Z] %ElixirAmi.Event{
  event: "varset",
  source: :asterisk_connection,
  action_id: nil,
  keys: %{
    "accountcode" => "",
    "calleridname" => "104",
    "calleridnum" => "104",
    "channel" => "PJSIP/104-000000bc",
    "channelstate" => "6",
    "channelstatedesc" => "Up",
    "connectedlinename" => "102",
    "connectedlinenum" => "102",
    "context" => "org_all",
    "exten" => "102",
    "language" => "en",
    "linkedid" => "1744302681.282",
    "priority" => "2",
    "privilege" => "dialplan,all",
    "uniqueid" => "1744302681.282",
    "value" => "170d2bb2-5d21-4d32-b697-9df0e6003f98",
    "variable" => "BRIDGEPVTCALLID"
  },
  variables: %{}
}
[2025-04-10 16:31:29.596792Z] %ElixirAmi.Event{
  event: "varset",
  source: :asterisk_connection,
  action_id: nil,
  keys: %{
    "accountcode" => "",
    "calleridname" => "102",
    "calleridnum" => "102",
    "channel" => "PJSIP/102-000000bd",
    "channelstate" => "6",
    "channelstatedesc" => "Up",
    "connectedlinename" => "104",
    "connectedlinenum" => "104",
    "context" => "org_all",
    "exten" => "",
    "language" => "en",
    "linkedid" => "1744302681.282",
    "priority" => "1",
    "privilege" => "dialplan,all",
    "uniqueid" => "1744302681.283",
    "value" => "PJSIP/104-000000bc",
    "variable" => "BRIDGEPEER"
  },
  variables: %{}
}
[2025-04-10 16:31:29.596925Z] %ElixirAmi.Event{
  event: "varset",
  source: :asterisk_connection,
  action_id: nil,
  keys: %{
    "accountcode" => "",
    "calleridname" => "102",
    "calleridnum" => "102",
    "channel" => "PJSIP/102-000000bd",
    "channelstate" => "6",
    "channelstatedesc" => "Up",
    "connectedlinename" => "104",
    "connectedlinenum" => "104",
    "context" => "org_all",
    "exten" => "",
    "language" => "en",
    "linkedid" => "1744302681.282",
    "priority" => "1",
    "privilege" => "dialplan,all",
    "uniqueid" => "1744302681.283",
    "value" => "e38c2a37dd8b4f7ab6e1621c95194656",
    "variable" => "BRIDGEPVTCALLID"
  },
  variables: %{}
}
[2025-04-10 16:31:29.597205Z] %ElixirAmi.Event{
  event: "varset",
  source: :asterisk_connection,
  action_id: nil,
  keys: %{
    "accountcode" => "",
    "calleridname" => "104",
    "calleridnum" => "104",
    "channel" => "PJSIP/104-000000bc",
    "channelstate" => "6",
    "channelstatedesc" => "Up",
    "connectedlinename" => "102",
    "connectedlinenum" => "102",
    "context" => "org_all",
    "exten" => "102",
    "language" => "en",
    "linkedid" => "1744302681.282",
    "priority" => "2",
    "privilege" => "dialplan,all",
    "uniqueid" => "1744302681.282",
    "value" => "PJSIP/102-000000bd",
    "variable" => "BRIDGEPEER"
  },
  variables: %{}
}
[2025-04-10 16:31:29.597367Z] %ElixirAmi.Event{
  event: "varset",
  source: :asterisk_connection,
  action_id: nil,
  keys: %{
    "accountcode" => "",
    "calleridname" => "104",
    "calleridnum" => "104",
    "channel" => "PJSIP/104-000000bc",
    "channelstate" => "6",
    "channelstatedesc" => "Up",
    "connectedlinename" => "102",
    "connectedlinenum" => "102",
    "context" => "org_all",
    "exten" => "102",
    "language" => "en",
    "linkedid" => "1744302681.282",
    "priority" => "2",
    "privilege" => "dialplan,all",
    "uniqueid" => "1744302681.282",
    "value" => "170d2bb2-5d21-4d32-b697-9df0e6003f98",
    "variable" => "BRIDGEPVTCALLID"
  },
  variables: %{}
}
[2025-04-10 16:31:29.597498Z] %ElixirAmi.Event{
  event: "varset",
  source: :asterisk_connection,
  action_id: nil,
  keys: %{
    "accountcode" => "",
    "calleridname" => "102",
    "calleridnum" => "102",
    "channel" => "PJSIP/102-000000bd",
    "channelstate" => "6",
    "channelstatedesc" => "Up",
    "connectedlinename" => "104",
    "connectedlinenum" => "104",
    "context" => "org_all",
    "exten" => "",
    "language" => "en",
    "linkedid" => "1744302681.282",
    "priority" => "1",
    "privilege" => "dialplan,all",
    "uniqueid" => "1744302681.283",
    "value" => "PJSIP/104-000000bc",
    "variable" => "BRIDGEPEER"
  },
  variables: %{}
}
[2025-04-10 16:31:29.597767Z] %ElixirAmi.Event{
  event: "varset",
  source: :asterisk_connection,
  action_id: nil,
  keys: %{
    "accountcode" => "",
    "calleridname" => "102",
    "calleridnum" => "102",
    "channel" => "PJSIP/102-000000bd",
    "channelstate" => "6",
    "channelstatedesc" => "Up",
    "connectedlinename" => "104",
    "connectedlinenum" => "104",
    "context" => "org_all",
    "exten" => "",
    "language" => "en",
    "linkedid" => "1744302681.282",
    "priority" => "1",
    "privilege" => "dialplan,all",
    "uniqueid" => "1744302681.283",
    "value" => "e38c2a37dd8b4f7ab6e1621c95194656",
    "variable" => "BRIDGEPVTCALLID"
  },
  variables: %{}
}
[2025-04-10 16:31:29.597912Z] %ElixirAmi.Event{
  event: "varset",
  source: :asterisk_connection,
  action_id: nil,
  keys: %{
    "accountcode" => "",
    "calleridname" => "104",
    "calleridnum" => "104",
    "channel" => "PJSIP/104-000000bc",
    "channelstate" => "6",
    "channelstatedesc" => "Up",
    "connectedlinename" => "102",
    "connectedlinenum" => "102",
    "context" => "org_all",
    "exten" => "102",
    "language" => "en",
    "linkedid" => "1744302681.282",
    "priority" => "2",
    "privilege" => "dialplan,all",
    "uniqueid" => "1744302681.282",
    "value" => "PJSIP/102-000000bd",
    "variable" => "BRIDGEPEER"
  },
  variables: %{}
}
[2025-04-10 16:31:29.598182Z] %ElixirAmi.Event{
  event: "varset",
  source: :asterisk_connection,
  action_id: nil,
  keys: %{
    "accountcode" => "",
    "calleridname" => "104",
    "calleridnum" => "104",
    "channel" => "PJSIP/104-000000bc",
    "channelstate" => "6",
    "channelstatedesc" => "Up",
    "connectedlinename" => "102",
    "connectedlinenum" => "102",
    "context" => "org_all",
    "exten" => "102",
    "language" => "en",
    "linkedid" => "1744302681.282",
    "priority" => "2",
    "privilege" => "dialplan,all",
    "uniqueid" => "1744302681.282",
    "value" => "170d2bb2-5d21-4d32-b697-9df0e6003f98",
    "variable" => "BRIDGEPVTCALLID"
  },
  variables: %{}
}
[2025-04-10 16:31:29.598325Z] %ElixirAmi.Event{
  event: "varset",
  source: :asterisk_connection,
  action_id: nil,
  keys: %{
    "accountcode" => "",
    "calleridname" => "102",
    "calleridnum" => "102",
    "channel" => "PJSIP/102-000000bd",
    "channelstate" => "6",
    "channelstatedesc" => "Up",
    "connectedlinename" => "104",
    "connectedlinenum" => "104",
    "context" => "org_all",
    "exten" => "",
    "language" => "en",
    "linkedid" => "1744302681.282",
    "priority" => "1",
    "privilege" => "dialplan,all",
    "uniqueid" => "1744302681.283",
    "value" => "PJSIP/104-000000bc",
    "variable" => "BRIDGEPEER"
  },
  variables: %{}
}
[2025-04-10 16:31:29.598554Z] %ElixirAmi.Event{
  event: "varset",
  source: :asterisk_connection,
  action_id: nil,
  keys: %{
    "accountcode" => "",
    "calleridname" => "102",
    "calleridnum" => "102",
    "channel" => "PJSIP/102-000000bd",
    "channelstate" => "6",
    "channelstatedesc" => "Up",
    "connectedlinename" => "104",
    "connectedlinenum" => "104",
    "context" => "org_all",
    "exten" => "",
    "language" => "en",
    "linkedid" => "1744302681.282",
    "priority" => "1",
    "privilege" => "dialplan,all",
    "uniqueid" => "1744302681.283",
    "value" => "e38c2a37dd8b4f7ab6e1621c95194656",
    "variable" => "BRIDGEPVTCALLID"
  },
  variables: %{}
}
[2025-04-10 16:31:29.598954Z] %ElixirAmi.Event{
  event: "rtcpreceived",
  source: :asterisk_connection,
  action_id: nil,
  keys: %{
    "accountcode" => "",
    "calleridname" => "104",
    "calleridnum" => "104",
    "channel" => "PJSIP/104-000000bc",
    "channelstate" => "6",
    "channelstatedesc" => "Up",
    "connectedlinename" => "102",
    "connectedlinenum" => "102",
    "context" => "org_all",
    "exten" => "102",
    "from" => "192.168.0.16:4017",
    "language" => "en",
    "linkedid" => "1744302681.282",
    "mes" => "85.4",
    "priority" => "2",
    "privilege" => "reporting,all",
    "pt" => "201(RR)",
    "report0cumulativelost" => "0",
    "report0dlsr" => "0.0000",
    "report0fractionlost" => "0",
    "report0highestsequence" => "0",
    "report0iajitter" => "0",
    "report0lsr" => "0",
    "report0sequencenumbercycles" => "0",
    "report0sourcessrc" => "0x00000000",
    "reportcount" => "1",
    "rtt" => "0.0000",
    "ssrc" => "0x00000000",
    "to" => "192.168.0.16:14405",
    "uniqueid" => "1744302681.282"
  },
  variables: %{}
}
[2025-04-10 16:31:29.599218Z] %ElixirAmi.Event{
  event: "rtcpreceived",
  source: :asterisk_connection,
  action_id: nil,
  keys: %{
    "accountcode" => "",
    "calleridname" => "104",
    "calleridnum" => "104",
    "channel" => "PJSIP/104-000000bc",
    "channelstate" => "6",
    "channelstatedesc" => "Up",
    "connectedlinename" => "102",
    "connectedlinenum" => "102",
    "context" => "org_all",
    "exten" => "102",
    "from" => "192.168.0.16:4017",
    "language" => "en",
    "linkedid" => "1744302681.282",
    "mes" => "85.4",
    "priority" => "2",
    "privilege" => "reporting,all",
    "pt" => "201(RR)",
    "report0cumulativelost" => "0",
    "report0dlsr" => "0.0000",
    "report0fractionlost" => "0",
    "report0highestsequence" => "0",
    "report0iajitter" => "0",
    "report0lsr" => "0",
    "report0sequencenumbercycles" => "0",
    "report0sourcessrc" => "0x00000000",
    "reportcount" => "1",
    "rtt" => "0.0000",
    "ssrc" => "0x00000000",
    "to" => "192.168.0.16:14405",
    "uniqueid" => "1744302681.282"
  },
  variables: %{}
}
[2025-04-10 16:31:29.608881Z] %ElixirAmi.Event{
  event: "varset",
  source: :asterisk_connection,
  action_id: nil,
  keys: %{
    "accountcode" => "",
    "calleridname" => "104",
    "calleridnum" => "104",
    "channel" => "PJSIP/104-000000bc",
    "channelstate" => "6",
    "channelstatedesc" => "Up",
    "connectedlinename" => "102",
    "connectedlinenum" => "102",
    "context" => "org_all",
    "exten" => "102",
    "language" => "en",
    "linkedid" => "1744302681.282",
    "priority" => "2",
    "privilege" => "dialplan,all",
    "uniqueid" => "1744302681.282",
    "value" => "PJSIP/102-000000bd",
    "variable" => "BRIDGEPEER"
  },
  variables: %{}
}
[2025-04-10 16:31:29.609049Z] %ElixirAmi.Event{
  event: "varset",
  source: :asterisk_connection,
  action_id: nil,
  keys: %{
    "accountcode" => "",
    "calleridname" => "104",
    "calleridnum" => "104",
    "channel" => "PJSIP/104-000000bc",
    "channelstate" => "6",
    "channelstatedesc" => "Up",
    "connectedlinename" => "102",
    "connectedlinenum" => "102",
    "context" => "org_all",
    "exten" => "102",
    "language" => "en",
    "linkedid" => "1744302681.282",
    "priority" => "2",
    "privilege" => "dialplan,all",
    "uniqueid" => "1744302681.282",
    "value" => "170d2bb2-5d21-4d32-b697-9df0e6003f98",
    "variable" => "BRIDGEPVTCALLID"
  },
  variables: %{}
}
[2025-04-10 16:31:29.609222Z] %ElixirAmi.Event{
  event: "varset",
  source: :asterisk_connection,
  action_id: nil,
  keys: %{
    "accountcode" => "",
    "calleridname" => "102",
    "calleridnum" => "102",
    "channel" => "PJSIP/102-000000bd",
    "channelstate" => "6",
    "channelstatedesc" => "Up",
    "connectedlinename" => "104",
    "connectedlinenum" => "104",
    "context" => "org_all",
    "exten" => "",
    "language" => "en",
    "linkedid" => "1744302681.282",
    "priority" => "1",
    "privilege" => "dialplan,all",
    "uniqueid" => "1744302681.283",
    "value" => "PJSIP/104-000000bc",
    "variable" => "BRIDGEPEER"
  },
  variables: %{}
}
[2025-04-10 16:31:29.609514Z] %ElixirAmi.Event{
  event: "varset",
  source: :asterisk_connection,
  action_id: nil,
  keys: %{
    "accountcode" => "",
    "calleridname" => "102",
    "calleridnum" => "102",
    "channel" => "PJSIP/102-000000bd",
    "channelstate" => "6",
    "channelstatedesc" => "Up",
    "connectedlinename" => "104",
    "connectedlinenum" => "104",
    "context" => "org_all",
    "exten" => "",
    "language" => "en",
    "linkedid" => "1744302681.282",
    "priority" => "1",
    "privilege" => "dialplan,all",
    "uniqueid" => "1744302681.283",
    "value" => "e38c2a37dd8b4f7ab6e1621c95194656",
    "variable" => "BRIDGEPVTCALLID"
  },
  variables: %{}
}
[2025-04-10 16:31:29.782643Z] %ElixirAmi.Event{
  event: "rtcpreceived",
  source: :asterisk_connection,
  action_id: nil,
  keys: %{
    "pt" => "200(SR)",
    "report0highestsequence" => "9249",
    "mes" => "85.4",
    "privilege" => "reporting,all",
    "channelstatedesc" => "Up",
    "uniqueid" => "1744302681.282",
    "sentntp" => "1744327889.188102",
    "report0fractionlost" => "0",
    "sentpackets" => "9",
    "report0lsr" => "0",
    "linkedid" => "1744302681.282",
    "ssrc" => "0xeba2d351",
    "exten" => "102",
    "channel" => "PJSIP/104-000000bc",
    "report0iajitter" => "0",
    "sentrtp" => "1504",
    "context" => "org_all",
    "connectedlinename" => "102",
    "priority" => "2",
    "rtt" => "0.0000",
    "to" => "192.168.0.16:14405",
    "reportcount" => "1",
    "language" => "en",
    "sentoctets" => "1440",
    "calleridname" => "104",
    "from" => "192.168.0.16:4017",
    "report0cumulativelost" => "0",
    "report0sequencenumbercycles" => "0",
    "calleridnum" => "104",
    "channelstate" => "6",
    "accountcode" => "",
    "report0dlsr" => "0.0000",
    "report0sourcessrc" => "0x28ae38f1",
    "connectedlinenum" => "102"
  },
  variables: %{}
}
[2025-04-10 16:31:29.787851Z] %ElixirAmi.Event{
  event: "rtcpreceived",
  source: :asterisk_connection,
  action_id: nil,
  keys: %{
    "pt" => "200(SR)",
    "report0highestsequence" => "2624",
    "mes" => "85.4",
    "privilege" => "reporting,all",
    "channelstatedesc" => "Up",
    "uniqueid" => "1744302681.283",
    "sentntp" => "1744327889.195545",
    "report0fractionlost" => "0",
    "sentpackets" => "10",
    "report0lsr" => "0",
    "linkedid" => "1744302681.282",
    "ssrc" => "0xeba2d351",
    "exten" => "",
    "channel" => "PJSIP/102-000000bd",
    "report0iajitter" => "0",
    "sentrtp" => "1560",
    "context" => "org_all",
    "connectedlinename" => "104",
    "priority" => "1",
    "rtt" => "0.0000",
    "to" => "192.168.0.16:16529",
    "reportcount" => "1",
    "language" => "en",
    "sentoctets" => "1600",
    "calleridname" => "102",
    "from" => "192.168.0.16:4195",
    "report0cumulativelost" => "0",
    "report0sequencenumbercycles" => "0",
    "calleridnum" => "102",
    "channelstate" => "6",
    "accountcode" => "",
    "report0dlsr" => "0.0000",
    "report0sourcessrc" => "0x04c8553d",
    "connectedlinenum" => "104"
  },
  variables: %{}
}
[2025-04-10 16:31:34.604128Z] %ElixirAmi.Event{
  event: "rtcpsent",
  source: :asterisk_connection,
  action_id: nil,
  keys: %{
    "pt" => "200(SR)",
    "report0highestsequence" => "9489",
    "mes" => "85.4",
    "privilege" => "reporting,all",
    "channelstatedesc" => "Up",
    "uniqueid" => "1744302681.283",
    "sentntp" => "1744302694.603638",
    "report0fractionlost" => "0",
    "sentpackets" => "250",
    "report0lsr" => "3545313807",
    "linkedid" => "1744302681.282",
    "ssrc" => "0x04c8553d",
    "exten" => "",
    "channel" => "PJSIP/102-000000bd",
    "report0iajitter" => "6",
    "sentrtp" => "0",
    "context" => "org_all",
    "connectedlinename" => "104",
    "priority" => "1",
    "to" => "192.168.0.16:4195",
    "reportcount" => "1",
    "language" => "en",
    "sentoctets" => "40000",
    "calleridname" => "102",
    "from" => "192.168.0.16:16529",
    "report0cumulativelost" => "0",
    "report0sequencenumbercycles" => "0",
    "calleridnum" => "102",
    "channelstate" => "6",
    "accountcode" => "",
    "report0dlsr" => "4.8160",
    "report0sourcessrc" => "0x28ae38f1",
    "connectedlinenum" => "104"
  },
  variables: %{}
}
[2025-04-10 16:31:34.609128Z] %ElixirAmi.Event{
  event: "rtcpsent",
  source: :asterisk_connection,
  action_id: nil,
  keys: %{
    "pt" => "200(SR)",
    "report0highestsequence" => "2865",
    "mes" => "85.4",
    "privilege" => "reporting,all",
    "channelstatedesc" => "Up",
    "uniqueid" => "1744302681.282",
    "sentntp" => "1744302694.608719",
    "report0fractionlost" => "0",
    "sentpackets" => "251",
    "report0lsr" => "3545313319",
    "linkedid" => "1744302681.282",
    "ssrc" => "0x28ae38f1",
    "exten" => "102",
    "channel" => "PJSIP/104-000000bc",
    "report0iajitter" => "7",
    "sentrtp" => "0",
    "context" => "org_all",
    "connectedlinename" => "102",
    "priority" => "2",
    "to" => "192.168.0.16:4017",
    "reportcount" => "1",
    "language" => "en",
    "sentoctets" => "40160",
    "calleridname" => "104",
    "from" => "192.168.0.16:14405",
    "report0cumulativelost" => "0",
    "report0sequencenumbercycles" => "0",
    "calleridnum" => "104",
    "channelstate" => "6",
    "accountcode" => "",
    "report0dlsr" => "4.8260",
    "report0sourcessrc" => "0x04c8553d",
    "connectedlinenum" => "102"
  },
  variables: %{}
}
[2025-04-10 16:31:34.782344Z] %ElixirAmi.Event{
  event: "rtcpreceived",
  source: :asterisk_connection,
  action_id: nil,
  keys: %{
    "pt" => "200(SR)",
    "report0highestsequence" => "2873",
    "mes" => "85.4",
    "privilege" => "reporting,all",
    "channelstatedesc" => "Up",
    "uniqueid" => "1744302681.283",
    "sentntp" => "1744327894.189848",
    "report0fractionlost" => "0",
    "sentpackets" => "259",
    "report0lsr" => "1894161032",
    "linkedid" => "1744302681.282",
    "ssrc" => "0xeba2d356",
    "exten" => "",
    "channel" => "PJSIP/102-000000bd",
    "report0iajitter" => "7",
    "sentrtp" => "41512",
    "context" => "org_all",
    "connectedlinename" => "104",
    "priority" => "1",
    "rtt" => "0.0001",
    "to" => "192.168.0.16:16529",
    "reportcount" => "1",
    "language" => "en",
    "sentoctets" => "41440",
    "calleridname" => "102",
    "from" => "192.168.0.16:4195",
    "report0cumulativelost" => "0",
    "report0sequencenumbercycles" => "0",
    "calleridnum" => "102",
    "channelstate" => "6",
    "accountcode" => "",
    "report0dlsr" => "0.1781",
    "report0sourcessrc" => "0x04c8553d",
    "connectedlinenum" => "104"
  },
  variables: %{}
}
[2025-04-10 16:31:35.047548Z] %ElixirAmi.Event{
  event: "rtcpreceived",
  source: :asterisk_connection,
  action_id: nil,
  keys: %{
    "pt" => "200(SR)",
    "report0highestsequence" => "9512",
    "mes" => "85.4",
    "privilege" => "reporting,all",
    "channelstatedesc" => "Up",
    "uniqueid" => "1744302681.282",
    "sentntp" => "1744327894.453013",
    "report0fractionlost" => "0",
    "sentpackets" => "272",
    "report0lsr" => "1894161365",
    "linkedid" => "1744302681.282",
    "ssrc" => "0xeba2d356",
    "exten" => "102",
    "channel" => "PJSIP/104-000000bc",
    "report0iajitter" => "6",
    "sentrtp" => "43624",
    "context" => "org_all",
    "connectedlinename" => "102",
    "priority" => "2",
    "rtt" => "0.0001",
    "to" => "192.168.0.16:14405",
    "reportcount" => "1",
    "language" => "en",
    "sentoctets" => "43520",
    "calleridname" => "104",
    "from" => "192.168.0.16:4017",
    "report0cumulativelost" => "0",
    "report0sequencenumbercycles" => "0",
    "calleridnum" => "104",
    "channelstate" => "6",
    "accountcode" => "",
    "report0dlsr" => "0.4383",
    "report0sourcessrc" => "0x28ae38f1",
    "connectedlinenum" => "102"
  },
  variables: %{}
}
[2025-04-10 16:31:39.604251Z] %ElixirAmi.Event{
  event: "rtcpsent",
  source: :asterisk_connection,
  action_id: nil,
  keys: %{
    "pt" => "200(SR)",
    "report0highestsequence" => "9739",
    "mes" => "85.4",
    "privilege" => "reporting,all",
    "channelstatedesc" => "Up",
    "uniqueid" => "1744302681.283",
    "sentntp" => "1744302699.603790",
    "report0fractionlost" => "0",
    "sentpackets" => "500",
    "report0lsr" => "3545641113",
    "linkedid" => "1744302681.282",
    "ssrc" => "0x04c8553d",
    "exten" => "",
    "channel" => "PJSIP/102-000000bd",
    "report0iajitter" => "6",
    "sentrtp" => "0",
    "context" => "org_all",
    "connectedlinename" => "104",
    "priority" => "1",
    "to" => "192.168.0.16:4195",
    "reportcount" => "1",
    "language" => "en",
    "sentoctets" => "80000",
    "calleridname" => "102",
    "from" => "192.168.0.16:16529",
    "report0cumulativelost" => "0",
    "report0sequencenumbercycles" => "0",
    "calleridnum" => "102",
    "channelstate" => "6",
    "accountcode" => "",
    "report0dlsr" => "4.8210",
    "report0sourcessrc" => "0x28ae38f1",
    "connectedlinenum" => "104"
  },
  variables: %{}
}
[2025-04-10 16:31:39.609223Z] %ElixirAmi.Event{
  event: "rtcpsent",
  source: :asterisk_connection,
  action_id: nil,
  keys: %{
    "pt" => "200(SR)",
    "report0highestsequence" => "3114",
    "mes" => "85.4",
    "privilege" => "reporting,all",
    "channelstatedesc" => "Up",
    "uniqueid" => "1744302681.282",
    "sentntp" => "1744302699.608869",
    "report0fractionlost" => "0",
    "sentpackets" => "501",
    "report0lsr" => "3545658360",
    "linkedid" => "1744302681.282",
    "ssrc" => "0x28ae38f1",
    "exten" => "102",
    "channel" => "PJSIP/104-000000bc",
    "report0iajitter" => "7",
    "sentrtp" => "0",
    "context" => "org_all",
    "connectedlinename" => "102",
    "priority" => "2",
    "to" => "192.168.0.16:4017",
    "reportcount" => "1",
    "language" => "en",
    "sentoctets" => "80160",
    "calleridname" => "104",
    "from" => "192.168.0.16:14405",
    "report0cumulativelost" => "0",
    "report0sequencenumbercycles" => "0",
    "calleridnum" => "104",
    "channelstate" => "6",
    "accountcode" => "",
    "report0dlsr" => "4.5610",
    "report0sourcessrc" => "0x04c8553d",
    "connectedlinenum" => "102"
  },
  variables: %{}
}
[2025-04-10 16:31:39.962797Z] %ElixirAmi.Event{
  event: "rtcpreceived",
  source: :asterisk_connection,
  action_id: nil,
  keys: %{
    "pt" => "200(SR)",
    "report0highestsequence" => "3132",
    "mes" => "85.4",
    "privilege" => "reporting,all",
    "channelstatedesc" => "Up",
    "uniqueid" => "1744302681.283",
    "sentntp" => "1744327899.370269",
    "report0fractionlost" => "0",
    "sentpackets" => "518",
    "report0lsr" => "1894488721",
    "linkedid" => "1744302681.282",
    "ssrc" => "0xeba2d35b",
    "exten" => "",
    "channel" => "PJSIP/102-000000bd",
    "report0iajitter" => "6",
    "sentrtp" => "82960",
    "context" => "org_all",
    "connectedlinename" => "104",
    "priority" => "1",
    "rtt" => "0.0001",
    "to" => "192.168.0.16:16529",
    "reportcount" => "1",
    "language" => "en",
    "sentoctets" => "82880",
    "calleridname" => "102",
    "from" => "192.168.0.16:4195",
    "report0cumulativelost" => "0",
    "report0sequencenumbercycles" => "0",
    "calleridnum" => "102",
    "channelstate" => "6",
    "accountcode" => "",
    "report0dlsr" => "0.3585",
    "report0sourcessrc" => "0x04c8553d",
    "connectedlinenum" => "104"
  },
  variables: %{}
}
[2025-04-10 16:31:40.050539Z] %ElixirAmi.Event{
  event: "rtcpreceived",
  source: :asterisk_connection,
  action_id: nil,
  keys: %{
    "pt" => "200(SR)",
    "report0highestsequence" => "3137",
    "mes" => "85.4",
    "privilege" => "reporting,all",
    "channelstatedesc" => "Up",
    "uniqueid" => "1744302681.283",
    "sentntp" => "1744327899.457972",
    "report0fractionlost" => "0",
    "sentpackets" => "523",
    "report0lsr" => "1894488721",
    "linkedid" => "1744302681.282",
    "ssrc" => "0xeba2d35b",
    "exten" => "",
    "channel" => "PJSIP/102-000000bd",
    "report0iajitter" => "6",
    "sentrtp" => "83656",
    "context" => "org_all",
    "connectedlinename" => "104",
    "priority" => "1",
    "rtt" => "0.0001",
    "to" => "192.168.0.16:16529",
    "reportcount" => "1",
    "language" => "en",
    "sentoctets" => "83680",
    "calleridname" => "102",
    "from" => "192.168.0.16:4195",
    "report0cumulativelost" => "0",
    "report0sequencenumbercycles" => "0",
    "calleridnum" => "102",
    "channelstate" => "6",
    "accountcode" => "",
    "report0dlsr" => "0.4462",
    "report0sourcessrc" => "0x04c8553d",
    "connectedlinenum" => "104"
  },
  variables: %{}
}
[2025-04-10 16:31:40.051160Z] %ElixirAmi.Event{
  event: "rtcpreceived",
  source: :asterisk_connection,
  action_id: nil,
  keys: %{
    "accountcode" => "",
    "calleridname" => "102",
    "calleridnum" => "102",
    "channel" => "PJSIP/102-000000bd",
    "channelstate" => "6",
    "channelstatedesc" => "Up",
    "connectedlinename" => "104",
    "connectedlinenum" => "104",
    "context" => "org_all",
    "exten" => "",
    "from" => "192.168.0.16:4195",
    "language" => "en",
    "linkedid" => "1744302681.282",
    "mes" => "85.4",
    "priority" => "1",
    "privilege" => "reporting,all",
    "pt" => "201(RR)",
    "report0cumulativelost" => "0",
    "report0dlsr" => "0.4462",
    "report0fractionlost" => "0",
    "report0highestsequence" => "3137",
    "report0iajitter" => "6",
    "report0lsr" => "1894488721",
    "report0sequencenumbercycles" => "0",
    "report0sourcessrc" => "0x04c8553d",
    "reportcount" => "1",
    "rtt" => "0.0001",
    "ssrc" => "0x04c8553d",
    "to" => "192.168.0.16:16529",
    "uniqueid" => "1744302681.283"
  },
  variables: %{}
}
[2025-04-10 16:31:40.051408Z] %ElixirAmi.Event{
  event: "varset",
  source: :asterisk_connection,
  action_id: nil,
  keys: %{
    "accountcode" => "",
    "calleridname" => "102",
    "calleridnum" => "102",
    "channel" => "PJSIP/102-000000bd",
    "channelstate" => "6",
    "channelstatedesc" => "Up",
    "connectedlinename" => "104",
    "connectedlinenum" => "104",
    "context" => "org_all",
    "exten" => "",
    "language" => "en",
    "linkedid" => "1744302681.282",
    "priority" => "1",
    "privilege" => "dialplan,all",
    "uniqueid" => "1744302681.283",
    "value" => "ssrc=80237885;themssrc=682506481;lp=0;rxjitter=0.000750;rxcount=523;txjitter=0.000875;txcount=523;rlp=0;rtt=0.000091;rxmes=85.365766;txmes=85.366017",
    "variable" => "RTPAUDIOQOS"
  },
  variables: %{}
}
[2025-04-10 16:31:40.051582Z] %ElixirAmi.Event{
  event: "varset",
  source: :asterisk_connection,
  action_id: nil,
  keys: %{
    "accountcode" => "",
    "calleridname" => "104",
    "calleridnum" => "104",
    "channel" => "PJSIP/104-000000bc",
    "channelstate" => "6",
    "channelstatedesc" => "Up",
    "connectedlinename" => "102",
    "connectedlinenum" => "102",
    "context" => "org_all",
    "exten" => "102",
    "language" => "en",
    "linkedid" => "1744302681.282",
    "priority" => "2",
    "privilege" => "dialplan,all",
    "uniqueid" => "1744302681.282",
    "value" => "ssrc=80237885;themssrc=682506481;lp=0;rxjitter=0.000750;rxcount=523;txjitter=0.000875;txcount=523;rlp=0;rtt=0.000091;rxmes=85.365766;txmes=85.366017",
    "variable" => "RTPAUDIOQOSBRIDGED"
  },
  variables: %{}
}
[2025-04-10 16:31:40.051778Z] %ElixirAmi.Event{
  event: "varset",
  source: :asterisk_connection,
  action_id: nil,
  keys: %{
    "accountcode" => "",
    "calleridname" => "102",
    "calleridnum" => "102",
    "channel" => "PJSIP/102-000000bd",
    "channelstate" => "6",
    "channelstatedesc" => "Up",
    "connectedlinename" => "104",
    "connectedlinenum" => "104",
    "context" => "org_all",
    "exten" => "",
    "language" => "en",
    "linkedid" => "1744302681.282",
    "priority" => "1",
    "privilege" => "dialplan,all",
    "uniqueid" => "1744302681.283",
    "value" => "minrxjitter=000.000125;maxrxjitter=000.000875;avgrxjitter=000.000789;stdevrxjitter=000.000113;mintxjitter=000.000000;maxtxjitter=000.000875;avgtxjitter=000.000446;stdevtxjitter=000.000389;",
    "variable" => "RTPAUDIOQOSJITTER"
  },
  variables: %{}
}
[2025-04-10 16:31:40.051999Z] %ElixirAmi.Event{
  event: "varset",
  source: :asterisk_connection,
  action_id: nil,
  keys: %{
    "accountcode" => "",
    "calleridname" => "104",
    "calleridnum" => "104",
    "channel" => "PJSIP/104-000000bc",
    "channelstate" => "6",
    "channelstatedesc" => "Up",
    "connectedlinename" => "102",
    "connectedlinenum" => "102",
    "context" => "org_all",
    "exten" => "102",
    "language" => "en",
    "linkedid" => "1744302681.282",
    "priority" => "2",
    "privilege" => "dialplan,all",
    "uniqueid" => "1744302681.282",
    "value" => "minrxjitter=000.000125;maxrxjitter=000.000875;avgrxjitter=000.000789;stdevrxjitter=000.000113;mintxjitter=000.000000;maxtxjitter=000.000875;avgtxjitter=000.000446;stdevtxjitter=000.000389;",
    "variable" => "RTPAUDIOQOSJITTERBRIDGED"
  },
  variables: %{}
}
[2025-04-10 16:31:40.052245Z] %ElixirAmi.Event{
  event: "varset",
  source: :asterisk_connection,
  action_id: nil,
  keys: %{
    "accountcode" => "",
    "calleridname" => "102",
    "calleridnum" => "102",
    "channel" => "PJSIP/102-000000bd",
    "channelstate" => "6",
    "channelstatedesc" => "Up",
    "connectedlinename" => "104",
    "connectedlinenum" => "104",
    "context" => "org_all",
    "exten" => "",
    "language" => "en",
    "linkedid" => "1744302681.282",
    "priority" => "1",
    "privilege" => "dialplan,all",
    "uniqueid" => "1744302681.283",
    "value" => "minrxlost=000.000000;  maxrxlost=000.000000;  avgrxlost=000.000000;  stdevrxlost=000.000000;  mintxlost=000.000000;  maxtxlost=000.000000;  avgtxlost=000.000000;  stdevtxlost=000.000000;",
    "variable" => "RTPAUDIOQOSLOSS"
  },
  variables: %{}
}
[2025-04-10 16:31:40.052484Z] %ElixirAmi.Event{
  event: "varset",
  source: :asterisk_connection,
  action_id: nil,
  keys: %{
    "accountcode" => "",
    "calleridname" => "104",
    "calleridnum" => "104",
    "channel" => "PJSIP/104-000000bc",
    "channelstate" => "6",
    "channelstatedesc" => "Up",
    "connectedlinename" => "102",
    "connectedlinenum" => "102",
    "context" => "org_all",
    "exten" => "102",
    "language" => "en",
    "linkedid" => "1744302681.282",
    "priority" => "2",
    "privilege" => "dialplan,all",
    "uniqueid" => "1744302681.282",
    "value" => "minrxlost=000.000000;  maxrxlost=000.000000;  avgrxlost=000.000000;  stdevrxlost=000.000000;  mintxlost=000.000000;  maxtxlost=000.000000;  avgtxlost=000.000000;  stdevtxlost=000.000000;",
    "variable" => "RTPAUDIOQOSLOSSBRIDGED"
  },
  variables: %{}
}
[2025-04-10 16:31:40.052751Z] %ElixirAmi.Event{
  event: "varset",
  source: :asterisk_connection,
  action_id: nil,
  keys: %{
    "accountcode" => "",
    "calleridname" => "102",
    "calleridnum" => "102",
    "channel" => "PJSIP/102-000000bd",
    "channelstate" => "6",
    "channelstatedesc" => "Up",
    "connectedlinename" => "104",
    "connectedlinenum" => "104",
    "context" => "org_all",
    "exten" => "",
    "language" => "en",
    "linkedid" => "1744302681.282",
    "priority" => "1",
    "privilege" => "dialplan,all",
    "uniqueid" => "1744302681.283",
    "value" => "minrtt=000.000076;     maxrtt=000.000106;     avgrtt=000.000091;     stdevrtt=000.000011;",
    "variable" => "RTPAUDIOQOSRTT"
  },
  variables: %{}
}
[2025-04-10 16:31:40.052919Z] %ElixirAmi.Event{
  event: "varset",
  source: :asterisk_connection,
  action_id: nil,
  keys: %{
    "accountcode" => "",
    "calleridname" => "104",
    "calleridnum" => "104",
    "channel" => "PJSIP/104-000000bc",
    "channelstate" => "6",
    "channelstatedesc" => "Up",
    "connectedlinename" => "102",
    "connectedlinenum" => "102",
    "context" => "org_all",
    "exten" => "102",
    "language" => "en",
    "linkedid" => "1744302681.282",
    "priority" => "2",
    "privilege" => "dialplan,all",
    "uniqueid" => "1744302681.282",
    "value" => "minrtt=000.000076;     maxrtt=000.000106;     avgrtt=000.000091;     stdevrtt=000.000011;",
    "variable" => "RTPAUDIOQOSRTTBRIDGED"
  },
  variables: %{}
}
[2025-04-10 16:31:40.053162Z] %ElixirAmi.Event{
  event: "varset",
  source: :asterisk_connection,
  action_id: nil,
  keys: %{
    "accountcode" => "",
    "calleridname" => "102",
    "calleridnum" => "102",
    "channel" => "PJSIP/102-000000bd",
    "channelstate" => "6",
    "channelstatedesc" => "Up",
    "connectedlinename" => "104",
    "connectedlinenum" => "104",
    "context" => "org_all",
    "exten" => "",
    "language" => "en",
    "linkedid" => "1744302681.282",
    "priority" => "1",
    "privilege" => "dialplan,all",
    "uniqueid" => "1744302681.283",
    "value" => "minrxmes=085.366017;   maxrxmes=085.367289;   avgrxmes=085.366653;   stdevrxmes=000.000113;   mintxmes=085.365766;   maxtxmes=085.367289;   avgtxmes=085.366454;   stdevtxmes=000.000727;",
    "variable" => "RTPAUDIOQOSMES"
  },
  variables: %{}
}
[2025-04-10 16:31:40.053437Z] %ElixirAmi.Event{
  event: "varset",
  source: :asterisk_connection,
  action_id: nil,
  keys: %{
    "accountcode" => "",
    "calleridname" => "104",
    "calleridnum" => "104",
    "channel" => "PJSIP/104-000000bc",
    "channelstate" => "6",
    "channelstatedesc" => "Up",
    "connectedlinename" => "102",
    "connectedlinenum" => "102",
    "context" => "org_all",
    "exten" => "102",
    "language" => "en",
    "linkedid" => "1744302681.282",
    "priority" => "2",
    "privilege" => "dialplan,all",
    "uniqueid" => "1744302681.282",
    "value" => "minrxmes=085.366017;   maxrxmes=085.367289;   avgrxmes=085.366653;   stdevrxmes=000.000113;   mintxmes=085.365766;   maxtxmes=085.367289;   avgtxmes=085.366454;   stdevtxmes=000.000727;",
    "variable" => "RTPAUDIOQOSMESBRIDGED"
  },
  variables: %{}
}
[2025-04-10 16:31:40.053818Z] %ElixirAmi.Event{
  event: "hanguprequest",
  source: :asterisk_connection,
  action_id: nil,
  keys: %{
    "accountcode" => "",
    "calleridname" => "102",
    "calleridnum" => "102",
    "channel" => "PJSIP/102-000000bd",
    "channelstate" => "6",
    "channelstatedesc" => "Up",
    "connectedlinename" => "104",
    "connectedlinenum" => "104",
    "context" => "org_all",
    "exten" => "",
    "language" => "en",
    "linkedid" => "1744302681.282",
    "priority" => "1",
    "privilege" => "call,all",
    "uniqueid" => "1744302681.283"
  },
  variables: %{}
}
[2025-04-10 16:31:40.054054Z] %ElixirAmi.Event{
  event: "varset",
  source: :asterisk_connection,
  action_id: nil,
  keys: %{
    "accountcode" => "",
    "calleridname" => "102",
    "calleridnum" => "102",
    "channel" => "PJSIP/102-000000bd",
    "channelstate" => "6",
    "channelstatedesc" => "Up",
    "connectedlinename" => "104",
    "connectedlinenum" => "104",
    "context" => "org_all",
    "exten" => "",
    "language" => "en",
    "linkedid" => "1744302681.282",
    "priority" => "1",
    "privilege" => "dialplan,all",
    "uniqueid" => "1744302681.283",
    "value" => "",
    "variable" => "BRIDGEPEER"
  },
  variables: %{}
}
[2025-04-10 16:31:40.054232Z] %ElixirAmi.Event{
  event: "varset",
  source: :asterisk_connection,
  action_id: nil,
  keys: %{
    "accountcode" => "",
    "calleridname" => "102",
    "calleridnum" => "102",
    "channel" => "PJSIP/102-000000bd",
    "channelstate" => "6",
    "channelstatedesc" => "Up",
    "connectedlinename" => "104",
    "connectedlinenum" => "104",
    "context" => "org_all",
    "exten" => "",
    "language" => "en",
    "linkedid" => "1744302681.282",
    "priority" => "1",
    "privilege" => "dialplan,all",
    "uniqueid" => "1744302681.283",
    "value" => "",
    "variable" => "BRIDGEPVTCALLID"
  },
  variables: %{}
}
[2025-04-10 16:31:40.054420Z] %ElixirAmi.Event{
  event: "varset",
  source: :asterisk_connection,
  action_id: nil,
  keys: %{
    "accountcode" => "",
    "calleridname" => "104",
    "calleridnum" => "104",
    "channel" => "PJSIP/104-000000bc",
    "channelstate" => "6",
    "channelstatedesc" => "Up",
    "connectedlinename" => "102",
    "connectedlinenum" => "102",
    "context" => "org_all",
    "exten" => "102",
    "language" => "en",
    "linkedid" => "1744302681.282",
    "priority" => "2",
    "privilege" => "dialplan,all",
    "uniqueid" => "1744302681.282",
    "value" => "",
    "variable" => "BRIDGEPEER"
  },
  variables: %{}
}
[2025-04-10 16:31:40.054607Z] %ElixirAmi.Event{
  event: "varset",
  source: :asterisk_connection,
  action_id: nil,
  keys: %{
    "accountcode" => "",
    "calleridname" => "104",
    "calleridnum" => "104",
    "channel" => "PJSIP/104-000000bc",
    "channelstate" => "6",
    "channelstatedesc" => "Up",
    "connectedlinename" => "102",
    "connectedlinenum" => "102",
    "context" => "org_all",
    "exten" => "102",
    "language" => "en",
    "linkedid" => "1744302681.282",
    "priority" => "2",
    "privilege" => "dialplan,all",
    "uniqueid" => "1744302681.282",
    "value" => "",
    "variable" => "BRIDGEPVTCALLID"
  },
  variables: %{}
}
[2025-04-10 16:31:40.054916Z] %ElixirAmi.Event{
  event: "bridgeleave",
  source: :asterisk_connection,
  action_id: nil,
  keys: %{
    "accountcode" => "",
    "bridgecreator" => "<unknown>",
    "bridgename" => "<unknown>",
    "bridgenumchannels" => "1",
    "bridgetechnology" => "native_rtp",
    "bridgetype" => "basic",
    "bridgeuniqueid" => "cdbb0fb6-303c-42be-869f-9b28bf9cb83a",
    "bridgevideosourcemode" => "none",
    "calleridname" => "102",
    "calleridnum" => "102",
    "channel" => "PJSIP/102-000000bd",
    "channelstate" => "6",
    "channelstatedesc" => "Up",
    "connectedlinename" => "104",
    "connectedlinenum" => "104",
    "context" => "org_all",
    "exten" => "",
    "language" => "en",
    "linkedid" => "1744302681.282",
    "priority" => "1",
    "privilege" => "call,all",
    "uniqueid" => "1744302681.283"
  },
  variables: %{}
}
[2025-04-10 16:31:40.055295Z] %ElixirAmi.Event{
  event: "bridgeleave",
  source: :asterisk_connection,
  action_id: nil,
  keys: %{
    "accountcode" => "",
    "bridgecreator" => "<unknown>",
    "bridgename" => "<unknown>",
    "bridgenumchannels" => "0",
    "bridgetechnology" => "native_rtp",
    "bridgetype" => "basic",
    "bridgeuniqueid" => "cdbb0fb6-303c-42be-869f-9b28bf9cb83a",
    "bridgevideosourcemode" => "none",
    "calleridname" => "104",
    "calleridnum" => "104",
    "channel" => "PJSIP/104-000000bc",
    "channelstate" => "6",
    "channelstatedesc" => "Up",
    "connectedlinename" => "102",
    "connectedlinenum" => "102",
    "context" => "org_all",
    "exten" => "102",
    "language" => "en",
    "linkedid" => "1744302681.282",
    "priority" => "2",
    "privilege" => "call,all",
    "uniqueid" => "1744302681.282"
  },
  variables: %{}
}
[2025-04-10 16:31:40.055767Z] %ElixirAmi.Event{
  event: "varset",
  source: :asterisk_connection,
  action_id: nil,
  keys: %{
    "accountcode" => "",
    "calleridname" => "104",
    "calleridnum" => "104",
    "channel" => "PJSIP/104-000000bc",
    "channelstate" => "6",
    "channelstatedesc" => "Up",
    "connectedlinename" => "102",
    "connectedlinenum" => "102",
    "context" => "org_all",
    "exten" => "102",
    "language" => "en",
    "linkedid" => "1744302681.282",
    "priority" => "2",
    "privilege" => "dialplan,all",
    "uniqueid" => "1744302681.282",
    "value" => "10",
    "variable" => "ANSWEREDTIME"
  },
  variables: %{}
}
[2025-04-10 16:31:40.056036Z] %ElixirAmi.Event{
  event: "varset",
  source: :asterisk_connection,
  action_id: nil,
  keys: %{
    "accountcode" => "",
    "calleridname" => "104",
    "calleridnum" => "104",
    "channel" => "PJSIP/104-000000bc",
    "channelstate" => "6",
    "channelstatedesc" => "Up",
    "connectedlinename" => "102",
    "connectedlinenum" => "102",
    "context" => "org_all",
    "exten" => "102",
    "language" => "en",
    "linkedid" => "1744302681.282",
    "priority" => "2",
    "privilege" => "dialplan,all",
    "uniqueid" => "1744302681.282",
    "value" => "10457",
    "variable" => "ANSWEREDTIME_MS"
  },
  variables: %{}
}
[2025-04-10 16:31:40.056357Z] %ElixirAmi.Event{
  event: "varset",
  source: :asterisk_connection,
  action_id: nil,
  keys: %{
    "accountcode" => "",
    "calleridname" => "102",
    "calleridnum" => "102",
    "channel" => "PJSIP/102-000000bd",
    "channelstate" => "6",
    "channelstatedesc" => "Up",
    "connectedlinename" => "104",
    "connectedlinenum" => "104",
    "context" => "org_all",
    "exten" => "",
    "language" => "en",
    "linkedid" => "1744302681.282",
    "priority" => "1",
    "privilege" => "dialplan,all",
    "uniqueid" => "1744302681.283",
    "value" => "ssrc=603882667;themssrc=682506481;lp=0;rxjitter=0.000750;rxcount=523;txjitter=0.000875;txcount=523;rlp=0;rtt=0.000091;rxmes=85.365766;txmes=85.366017",
    "variable" => "RTPAUDIOQOS"
  },
  variables: %{}
}
[2025-04-10 16:31:40.056504Z] %ElixirAmi.Event{
  event: "varset",
  source: :asterisk_connection,
  action_id: nil,
  keys: %{
    "accountcode" => "",
    "calleridname" => "104",
    "calleridnum" => "104",
    "channel" => "PJSIP/104-000000bc",
    "channelstate" => "6",
    "channelstatedesc" => "Up",
    "connectedlinename" => "102",
    "connectedlinenum" => "102",
    "context" => "org_all",
    "exten" => "102",
    "language" => "en",
    "linkedid" => "1744302681.282",
    "priority" => "2",
    "privilege" => "dialplan,all",
    "uniqueid" => "1744302681.282",
    "value" => "18",
    "variable" => "DIALEDTIME"
  },
  variables: %{}
}
[2025-04-10 16:31:40.056741Z] %ElixirAmi.Event{
  event: "varset",
  source: :asterisk_connection,
  action_id: nil,
  keys: %{
    "accountcode" => "",
    "calleridname" => "104",
    "calleridnum" => "104",
    "channel" => "PJSIP/104-000000bc",
    "channelstate" => "6",
    "channelstatedesc" => "Up",
    "connectedlinename" => "102",
    "connectedlinenum" => "102",
    "context" => "org_all",
    "exten" => "102",
    "language" => "en",
    "linkedid" => "1744302681.282",
    "priority" => "2",
    "privilege" => "dialplan,all",
    "uniqueid" => "1744302681.282",
    "value" => "18604",
    "variable" => "DIALEDTIME_MS"
  },
  variables: %{}
}
[2025-04-10 16:31:40.056895Z] %ElixirAmi.Event{
  event: "varset",
  source: :asterisk_connection,
  action_id: nil,
  keys: %{
    "accountcode" => "",
    "calleridname" => "102",
    "calleridnum" => "102",
    "channel" => "PJSIP/102-000000bd",
    "channelstate" => "6",
    "channelstatedesc" => "Up",
    "connectedlinename" => "104",
    "connectedlinenum" => "104",
    "context" => "org_all",
    "exten" => "",
    "language" => "en",
    "linkedid" => "1744302681.282",
    "priority" => "1",
    "privilege" => "dialplan,all",
    "uniqueid" => "1744302681.283",
    "value" => "minrxjitter=000.000125;maxrxjitter=000.000875;avgrxjitter=000.000789;stdevrxjitter=000.000113;mintxjitter=000.000000;maxtxjitter=000.000875;avgtxjitter=000.000446;stdevtxjitter=000.000389;",
    "variable" => "RTPAUDIOQOSJITTER"
  },
  variables: %{}
}
[2025-04-10 16:31:40.057158Z] %ElixirAmi.Event{
  event: "varset",
  source: :asterisk_connection,
  action_id: nil,
  keys: %{
    "accountcode" => "",
    "calleridname" => "104",
    "calleridnum" => "104",
    "channel" => "PJSIP/104-000000bc",
    "channelstate" => "6",
    "channelstatedesc" => "Up",
    "connectedlinename" => "102",
    "connectedlinenum" => "102",
    "context" => "org_all",
    "exten" => "102",
    "language" => "en",
    "linkedid" => "1744302681.282",
    "priority" => "2",
    "privilege" => "dialplan,all",
    "uniqueid" => "1744302681.282",
    "value" => "ANSWER",
    "variable" => "DIALSTATUS"
  },
  variables: %{}
}
[2025-04-10 16:31:40.057326Z] %ElixirAmi.Event{
  event: "varset",
  source: :asterisk_connection,
  action_id: nil,
  keys: %{
    "accountcode" => "",
    "calleridname" => "102",
    "calleridnum" => "102",
    "channel" => "PJSIP/102-000000bd",
    "channelstate" => "6",
    "channelstatedesc" => "Up",
    "connectedlinename" => "104",
    "connectedlinenum" => "104",
    "context" => "org_all",
    "exten" => "",
    "language" => "en",
    "linkedid" => "1744302681.282",
    "priority" => "1",
    "privilege" => "dialplan,all",
    "uniqueid" => "1744302681.283",
    "value" => "minrxlost=000.000000;  maxrxlost=000.000000;  avgrxlost=000.000000;  stdevrxlost=000.000000;  mintxlost=000.000000;  maxtxlost=000.000000;  avgtxlost=000.000000;  stdevtxlost=000.000000;",
    "variable" => "RTPAUDIOQOSLOSS"
  },
  variables: %{}
}
[2025-04-10 16:31:40.057587Z] %ElixirAmi.Event{
  event: "varset",
  source: :asterisk_connection,
  action_id: nil,
  keys: %{
    "accountcode" => "",
    "calleridname" => "102",
    "calleridnum" => "102",
    "channel" => "PJSIP/102-000000bd",
    "channelstate" => "6",
    "channelstatedesc" => "Up",
    "connectedlinename" => "104",
    "connectedlinenum" => "104",
    "context" => "org_all",
    "exten" => "",
    "language" => "en",
    "linkedid" => "1744302681.282",
    "priority" => "1",
    "privilege" => "dialplan,all",
    "uniqueid" => "1744302681.283",
    "value" => "minrtt=000.000076;     maxrtt=000.000106;     avgrtt=000.000091;     stdevrtt=000.000011;",
    "variable" => "RTPAUDIOQOSRTT"
  },
  variables: %{}
}
[2025-04-10 16:31:40.057804Z] %ElixirAmi.Event{
  event: "softhanguprequest",
  source: :asterisk_connection,
  action_id: nil,
  keys: %{
    "accountcode" => "",
    "calleridname" => "104",
    "calleridnum" => "104",
    "cause" => "16",
    "channel" => "PJSIP/104-000000bc",
    "channelstate" => "6",
    "channelstatedesc" => "Up",
    "connectedlinename" => "102",
    "connectedlinenum" => "102",
    "context" => "org_all",
    "exten" => "102",
    "language" => "en",
    "linkedid" => "1744302681.282",
    "priority" => "2",
    "privilege" => "call,all",
    "uniqueid" => "1744302681.282"
  },
  variables: %{}
}
[2025-04-10 16:31:40.057960Z] %ElixirAmi.Event{
  event: "varset",
  source: :asterisk_connection,
  action_id: nil,
  keys: %{
    "accountcode" => "",
    "calleridname" => "102",
    "calleridnum" => "102",
    "channel" => "PJSIP/102-000000bd",
    "channelstate" => "6",
    "channelstatedesc" => "Up",
    "connectedlinename" => "104",
    "connectedlinenum" => "104",
    "context" => "org_all",
    "exten" => "",
    "language" => "en",
    "linkedid" => "1744302681.282",
    "priority" => "1",
    "privilege" => "dialplan,all",
    "uniqueid" => "1744302681.283",
    "value" => "minrxmes=085.366017;   maxrxmes=085.367289;   avgrxmes=085.366653;   stdevrxmes=000.000113;   mintxmes=085.365766;   maxtxmes=085.367289;   avgtxmes=085.366454;   stdevtxmes=000.000727;",
    "variable" => "RTPAUDIOQOSMES"
  },
  variables: %{}
}
[2025-04-10 16:31:40.058123Z] %ElixirAmi.Event{
  event: "varset",
  source: :asterisk_connection,
  action_id: nil,
  keys: %{
    "accountcode" => "",
    "calleridname" => "104",
    "calleridnum" => "104",
    "channel" => "PJSIP/104-000000bc",
    "channelstate" => "6",
    "channelstatedesc" => "Up",
    "connectedlinename" => "102",
    "connectedlinenum" => "102",
    "context" => "org_all",
    "exten" => "102",
    "language" => "en",
    "linkedid" => "1744302681.282",
    "priority" => "2",
    "privilege" => "dialplan,all",
    "uniqueid" => "1744302681.282",
    "value" => "ssrc=1417291618;themssrc=80237885;lp=0;rxjitter=0.000750;rxcount=523;txjitter=0.000750;txcount=523;rlp=0;rtt=0.000091;rxmes=85.365766;txmes=85.365766",
    "variable" => "RTPAUDIOQOS"
  },
  variables: %{}
}
[2025-04-10 16:31:40.058280Z] %ElixirAmi.Event{
  event: "varset",
  source: :asterisk_connection,
  action_id: nil,
  keys: %{
    "accountcode" => "",
    "calleridname" => "104",
    "calleridnum" => "104",
    "channel" => "PJSIP/104-000000bc",
    "channelstate" => "6",
    "channelstatedesc" => "Up",
    "connectedlinename" => "102",
    "connectedlinenum" => "102",
    "context" => "org_all",
    "exten" => "102",
    "language" => "en",
    "linkedid" => "1744302681.282",
    "priority" => "2",
    "privilege" => "dialplan,all",
    "uniqueid" => "1744302681.282",
    "value" => "minrxjitter=000.000125;maxrxjitter=000.000875;avgrxjitter=000.000784;stdevrxjitter=000.000112;mintxjitter=000.000000;maxtxjitter=000.000750;avgtxjitter=000.000188;stdevtxjitter=000.000325;",
    "variable" => "RTPAUDIOQOSJITTER"
  },
  variables: %{}
}
[2025-04-10 16:31:40.058533Z] %ElixirAmi.Event{
  event: "hangup",
  source: :asterisk_connection,
  action_id: nil,
  keys: %{
    "accountcode" => "",
    "calleridname" => "102",
    "calleridnum" => "102",
    "cause" => "16",
    "cause-txt" => "Normal Clearing",
    "channel" => "PJSIP/102-000000bd",
    "channelstate" => "6",
    "channelstatedesc" => "Up",
    "connectedlinename" => "104",
    "connectedlinenum" => "104",
    "context" => "org_all",
    "exten" => "",
    "language" => "en",
    "linkedid" => "1744302681.282",
    "priority" => "1",
    "privilege" => "call,all",
    "uniqueid" => "1744302681.283"
  },
  variables: %{}
}
[2025-04-10 16:31:40.058787Z] %ElixirAmi.Event{
  event: "varset",
  source: :asterisk_connection,
  action_id: nil,
  keys: %{
    "accountcode" => "",
    "calleridname" => "104",
    "calleridnum" => "104",
    "channel" => "PJSIP/104-000000bc",
    "channelstate" => "6",
    "channelstatedesc" => "Up",
    "connectedlinename" => "102",
    "connectedlinenum" => "102",
    "context" => "org_all",
    "exten" => "102",
    "language" => "en",
    "linkedid" => "1744302681.282",
    "priority" => "2",
    "privilege" => "dialplan,all",
    "uniqueid" => "1744302681.282",
    "value" => "minrxlost=000.000000;  maxrxlost=000.000000;  avgrxlost=000.000000;  stdevrxlost=000.000000;  mintxlost=000.000000;  maxtxlost=000.000000;  avgtxlost=000.000000;  stdevtxlost=000.000000;",
    "variable" => "RTPAUDIOQOSLOSS"
  },
  variables: %{}
}
[2025-04-10 16:31:40.059070Z] %ElixirAmi.Event{
  event: "varset",
  source: :asterisk_connection,
  action_id: nil,
  keys: %{
    "accountcode" => "",
    "calleridname" => "104",
    "calleridnum" => "104",
    "channel" => "PJSIP/104-000000bc",
    "channelstate" => "6",
    "channelstatedesc" => "Up",
    "connectedlinename" => "102",
    "connectedlinenum" => "102",
    "context" => "org_all",
    "exten" => "102",
    "language" => "en",
    "linkedid" => "1744302681.282",
    "priority" => "2",
    "privilege" => "dialplan,all",
    "uniqueid" => "1744302681.282",
    "value" => "minrtt=000.000091;     maxrtt=000.000091;     avgrtt=000.000091;     stdevrtt=000.000000;",
    "variable" => "RTPAUDIOQOSRTT"
  },
  variables: %{}
}
[2025-04-10 16:31:40.059245Z] %ElixirAmi.Event{
  event: "varset",
  source: :asterisk_connection,
  action_id: nil,
  keys: %{
    "accountcode" => "",
    "calleridname" => "104",
    "calleridnum" => "104",
    "channel" => "PJSIP/104-000000bc",
    "channelstate" => "6",
    "channelstatedesc" => "Up",
    "connectedlinename" => "102",
    "connectedlinenum" => "102",
    "context" => "org_all",
    "exten" => "102",
    "language" => "en",
    "linkedid" => "1744302681.282",
    "priority" => "2",
    "privilege" => "dialplan,all",
    "uniqueid" => "1744302681.282",
    "value" => "minrxmes=085.365766;   maxrxmes=085.367289;   avgrxmes=085.366527;   stdevrxmes=000.000112;   mintxmes=085.365766;   maxtxmes=085.367289;   avgtxmes=085.366908;   stdevtxmes=000.000660;",
    "variable" => "RTPAUDIOQOSMES"
  },
  variables: %{}
}
[2025-04-10 16:31:40.059534Z] %ElixirAmi.Event{
  event: "hangup",
  source: :asterisk_connection,
  action_id: nil,
  keys: %{
    "accountcode" => "",
    "calleridname" => "104",
    "calleridnum" => "104",
    "cause" => "16",
    "cause-txt" => "Normal Clearing",
    "channel" => "PJSIP/104-000000bc",
    "channelstate" => "6",
    "channelstatedesc" => "Up",
    "connectedlinename" => "102",
    "connectedlinenum" => "102",
    "context" => "org_all",
    "exten" => "102",
    "language" => "en",
    "linkedid" => "1744302681.282",
    "priority" => "2",
    "privilege" => "call,all",
    "uniqueid" => "1744302681.282"
  },
  variables: %{}
}
