[2025-04-16 02:11:59.593719Z] %ElixirAmi.Event{
  event: "varset",
  source: :asterisk_connection,
  action_id: nil,
  keys: %{
    "accountcode" => "",
    "calleridname" => "IVAN",
    "calleridnum" => "101",
    "channel" => "PJSIP/101-00000073",
    "channelstate" => "6",
    "channelstatedesc" => "Up",
    "connectedlinename" => "IVAN",
    "connectedlinenum" => "101",
    "context" => "org_all",
    "exten" => "102",
    "language" => "en",
    "linkedid" => "1744769512.173",
    "priority" => "2",
    "privilege" => "dialplan,all",
    "uniqueid" => "1744769512.173",
    "value" => "",
    "variable" => "DIALEDPEERNUMBER"
  },
  variables: %{}
}
[2025-04-16 02:11:59.593769Z] %ElixirAmi.Event{
  event: "varset",
  source: :asterisk_connection,
  action_id: nil,
  keys: %{
    "accountcode" => "",
    "calleridname" => "IVAN",
    "calleridnum" => "101",
    "channel" => "PJSIP/101-00000073",
    "channelstate" => "6",
    "channelstatedesc" => "Up",
    "connectedlinename" => "IVAN",
    "connectedlinenum" => "101",
    "context" => "org_all",
    "exten" => "102",
    "language" => "en",
    "linkedid" => "1744769512.173",
    "priority" => "2",
    "privilege" => "dialplan,all",
    "uniqueid" => "1744769512.173",
    "value" => "",
    "variable" => "ANSWEREDTIME_MS"
  },
  variables: %{}
}
[2025-04-16 02:11:59.594040Z] %ElixirAmi.Event{
  event: "varset",
  source: :asterisk_connection,
  action_id: nil,
  keys: %{
    "accountcode" => "",
    "calleridname" => "IVAN",
    "calleridnum" => "101",
    "channel" => "PJSIP/101-00000073",
    "channelstate" => "6",
    "channelstatedesc" => "Up",
    "connectedlinename" => "IVAN",
    "connectedlinenum" => "101",
    "context" => "org_all",
    "exten" => "102",
    "language" => "en",
    "linkedid" => "1744769512.173",
    "priority" => "2",
    "privilege" => "dialplan,all",
    "uniqueid" => "1744769512.173",
    "value" => "",
    "variable" => "RINGTIME_MS"
  },
  variables: %{}
}
[2025-04-16 02:11:59.596347Z] %ElixirAmi.Event{
  event: "varset",
  source: :asterisk_connection,
  action_id: nil,
  keys: %{
    "accountcode" => "",
    "calleridname" => "IVAN",
    "calleridnum" => "101",
    "channel" => "PJSIP/101-00000073",
    "channelstate" => "6",
    "channelstatedesc" => "Up",
    "connectedlinename" => "IVAN",
    "connectedlinenum" => "101",
    "context" => "org_all",
    "exten" => "102",
    "language" => "en",
    "linkedid" => "1744769512.173",
    "priority" => "2",
    "privilege" => "dialplan,all",
    "uniqueid" => "1744769512.173",
    "value" => "",
    "variable" => "RINGTIME"
  },
  variables: %{}
}
[2025-04-16 02:11:59.596414Z] %ElixirAmi.Event{
  event: "newconnectedline",
  source: :asterisk_connection,
  action_id: nil,
  keys: %{
    "accountcode" => "",
    "calleridname" => "102",
    "calleridnum" => "102",
    "channel" => "PJSIP/102-00000074",
    "channelstate" => "0",
    "channelstatedesc" => "Down",
    "connectedlinename" => "IVAN",
    "connectedlinenum" => "101",
    "context" => "org_all",
    "exten" => "102",
    "language" => "en",
    "linkedid" => "1744769512.173",
    "priority" => "1",
    "privilege" => "call,all",
    "uniqueid" => "1744769519.174"
  },
  variables: %{}
}
[2025-04-16 02:11:59.593477Z] %ElixirAmi.Event{
  event: "newchannel",
  source: :asterisk_connection,
  action_id: nil,
  keys: %{
    "accountcode" => "",
    "calleridname" => "101",
    "calleridnum" => "101",
    "channel" => "PJSIP/101-00000073",
    "channelstate" => "0",
    "channelstatedesc" => "Down",
    "connectedlinename" => "<unknown>",
    "connectedlinenum" => "<unknown>",
    "context" => "org_all",
    "exten" => "s",
    "language" => "en",
    "linkedid" => "1744769512.173",
    "priority" => "1",
    "privilege" => "call,all",
    "uniqueid" => "1744769512.173"
  },
  variables: %{}
}
[2025-04-16 02:11:59.593473Z] %ElixirAmi.Event{
  event: "newconnectedline",
  source: :asterisk_connection,
  action_id: nil,
  keys: %{
    "accountcode" => "",
    "calleridname" => "IVAN",
    "calleridnum" => "101",
    "channel" => "PJSIP/101-00000073",
    "channelstate" => "0",
    "channelstatedesc" => "Down",
    "connectedlinename" => "IVAN",
    "connectedlinenum" => "101",
    "context" => "org_all",
    "exten" => "s",
    "language" => "en",
    "linkedid" => "1744769512.173",
    "priority" => "1",
    "privilege" => "call,all",
    "uniqueid" => "1744769512.173"
  },
  variables: %{}
}
[2025-04-16 02:11:59.593478Z] %ElixirAmi.Event{
  event: "newcallerid",
  source: :asterisk_connection,
  action_id: nil,
  keys: %{
    "accountcode" => "",
    "calleridname" => "IVAN",
    "calleridnum" => "101",
    "channel" => "PJSIP/101-00000073",
    "channelstate" => "0",
    "channelstatedesc" => "Down",
    "cid-callingpres" => "0 (Presentation Allowed, Not Screened)",
    "connectedlinename" => "<unknown>",
    "connectedlinenum" => "<unknown>",
    "context" => "org_all",
    "exten" => "s",
    "language" => "en",
    "linkedid" => "1744769512.173",
    "priority" => "1",
    "privilege" => "call,all",
    "uniqueid" => "1744769512.173"
  },
  variables: %{}
}
[2025-04-16 02:11:59.593480Z] %ElixirAmi.Event{
  event: "newexten",
  source: :asterisk_connection,
  action_id: nil,
  keys: %{
    "accountcode" => "",
    "appdata" => "(Outgoing Line)",
    "application" => "AppDial2",
    "calleridname" => "101",
    "calleridnum" => "101",
    "channel" => "PJSIP/101-00000073",
    "channelstate" => "0",
    "channelstatedesc" => "Down",
    "connectedlinename" => "<unknown>",
    "connectedlinenum" => "<unknown>",
    "context" => "org_all",
    "exten" => "s",
    "extension" => "s",
    "language" => "en",
    "linkedid" => "1744769512.173",
    "priority" => "1",
    "privilege" => "dialplan,all",
    "uniqueid" => "1744769512.173"
  },
  variables: %{}
}
[2025-04-16 02:11:59.593653Z] %ElixirAmi.Event{
  event: "newstate",
  source: :asterisk_connection,
  action_id: nil,
  keys: %{
    "accountcode" => "",
    "calleridname" => "IVAN",
    "calleridnum" => "101",
    "channel" => "PJSIP/101-00000073",
    "channelstate" => "6",
    "channelstatedesc" => "Up",
    "connectedlinename" => "IVAN",
    "connectedlinenum" => "101",
    "context" => "org_all",
    "exten" => "s",
    "language" => "en",
    "linkedid" => "1744769512.173",
    "priority" => "1",
    "privilege" => "call,all",
    "uniqueid" => "1744769512.173"
  },
  variables: %{}
}
[2025-04-16 02:11:59.596470Z] %ElixirAmi.Event{
  event: "newstate",
  source: :asterisk_connection,
  action_id: nil,
  keys: %{
    "accountcode" => "",
    "calleridname" => "102",
    "calleridnum" => "102",
    "channel" => "PJSIP/102-00000074",
    "channelstate" => "5",
    "channelstatedesc" => "Ringing",
    "connectedlinename" => "IVAN",
    "connectedlinenum" => "101",
    "context" => "org_all",
    "exten" => "102",
    "language" => "en",
    "linkedid" => "1744769512.173",
    "priority" => "1",
    "privilege" => "call,all",
    "uniqueid" => "1744769519.174"
  },
  variables: %{}
}
[2025-04-16 02:11:59.595215Z] %ElixirAmi.Event{
  event: "varset",
  source: :asterisk_connection,
  action_id: nil,
  keys: %{
    "accountcode" => "",
    "calleridname" => "IVAN",
    "calleridnum" => "101",
    "channel" => "PJSIP/101-00000073",
    "channelstate" => "6",
    "channelstatedesc" => "Up",
    "connectedlinename" => "IVAN",
    "connectedlinenum" => "101",
    "context" => "org_all",
    "exten" => "102",
    "language" => "en",
    "linkedid" => "1744769512.173",
    "priority" => "2",
    "privilege" => "dialplan,all",
    "uniqueid" => "1744769512.173",
    "value" => "",
    "variable" => "DIALEDTIME_MS"
  },
  variables: %{}
}
[2025-04-16 02:11:59.593736Z] %ElixirAmi.Event{
  event: "varset",
  source: :asterisk_connection,
  action_id: nil,
  keys: %{
    "accountcode" => "",
    "calleridname" => "IVAN",
    "calleridnum" => "101",
    "channel" => "PJSIP/101-00000073",
    "channelstate" => "6",
    "channelstatedesc" => "Up",
    "connectedlinename" => "IVAN",
    "connectedlinenum" => "101",
    "context" => "org_all",
    "exten" => "102",
    "language" => "en",
    "linkedid" => "1744769512.173",
    "priority" => "2",
    "privilege" => "dialplan,all",
    "uniqueid" => "1744769512.173",
    "value" => "",
    "variable" => "DIALEDPEERNAME"
  },
  variables: %{}
}
[2025-04-16 02:11:59.593690Z] %ElixirAmi.Event{
  event: "newexten",
  source: :asterisk_connection,
  action_id: nil,
  keys: %{
    "accountcode" => "",
    "appdata" => "PJSIP/102,20,",
    "application" => "Dial",
    "calleridname" => "IVAN",
    "calleridnum" => "101",
    "channel" => "PJSIP/101-00000073",
    "channelstate" => "6",
    "channelstatedesc" => "Up",
    "connectedlinename" => "IVAN",
    "connectedlinenum" => "101",
    "context" => "org_all",
    "exten" => "102",
    "extension" => "102",
    "language" => "en",
    "linkedid" => "1744769512.173",
    "priority" => "2",
    "privilege" => "dialplan,all",
    "uniqueid" => "1744769512.173"
  },
  variables: %{}
}
[2025-04-16 02:11:59.593475Z] %ElixirAmi.Event{
  event: "newstate",
  source: :asterisk_connection,
  action_id: nil,
  keys: %{
    "accountcode" => "",
    "calleridname" => "IVAN",
    "calleridnum" => "101",
    "channel" => "PJSIP/101-00000073",
    "channelstate" => "5",
    "channelstatedesc" => "Ringing",
    "connectedlinename" => "IVAN",
    "connectedlinenum" => "101",
    "context" => "org_all",
    "exten" => "s",
    "language" => "en",
    "linkedid" => "1744769512.173",
    "priority" => "1",
    "privilege" => "call,all",
    "uniqueid" => "1744769512.173"
  },
  variables: %{}
}
[2025-04-16 02:11:59.596434Z] %ElixirAmi.Event{
  event: "newconnectedline",
  source: :asterisk_connection,
  action_id: nil,
  keys: %{
    "accountcode" => "",
    "calleridname" => "IVAN",
    "calleridnum" => "101",
    "channel" => "PJSIP/101-00000073",
    "channelstate" => "6",
    "channelstatedesc" => "Up",
    "connectedlinename" => "102",
    "connectedlinenum" => "102",
    "context" => "org_all",
    "exten" => "102",
    "language" => "en",
    "linkedid" => "1744769512.173",
    "priority" => "2",
    "privilege" => "call,all",
    "uniqueid" => "1744769512.173"
  },
  variables: %{}
}
[2025-04-16 02:11:59.593683Z] %ElixirAmi.Event{
  event: "newexten",
  source: :asterisk_connection,
  action_id: nil,
  keys: %{
    "accountcode" => "",
    "appdata" => "",
    "application" => "NoOp",
    "calleridname" => "IVAN",
    "calleridnum" => "101",
    "channel" => "PJSIP/101-00000073",
    "channelstate" => "6",
    "channelstatedesc" => "Up",
    "connectedlinename" => "IVAN",
    "connectedlinenum" => "101",
    "context" => "org_all",
    "exten" => "102",
    "extension" => "102",
    "language" => "en",
    "linkedid" => "1744769512.173",
    "priority" => "1",
    "privilege" => "dialplan,all",
    "uniqueid" => "1744769512.173"
  },
  variables: %{}
}
[2025-04-16 02:11:59.593481Z] %ElixirAmi.Event{
  event: "rtcpreceived",
  source: :asterisk_connection,
  action_id: nil,
  keys: %{
    "accountcode" => "",
    "calleridname" => "IVAN",
    "calleridnum" => "101",
    "channel" => "PJSIP/101-00000073",
    "channelstate" => "5",
    "channelstatedesc" => "Ringing",
    "connectedlinename" => "IVAN",
    "connectedlinenum" => "101",
    "context" => "org_all",
    "exten" => "s",
    "from" => "192.168.0.16:4099",
    "language" => "en",
    "linkedid" => "1744769512.173",
    "mes" => "85.4",
    "priority" => "1",
    "privilege" => "reporting,all",
    "pt" => "201(RR)",
    "report0cumulativelost" => "0",
    "report0dlsr" => "0.0000",
    "report0fractionlost" => "0",
    "report0highestsequence" => "0",
    "report0iajitter" => "0",
    "report0lsr" => "0",
    "report0sequencenumbercycles" => "0",
    "report0sourcessrc" => "0x00000000",
    "reportcount" => "1",
    "rtt" => "0.0000",
    "ssrc" => "0x00000000",
    "to" => "192.168.0.16:14547",
    "uniqueid" => "1744769512.173"
  },
  variables: %{}
}
[2025-04-16 02:11:59.593482Z] %ElixirAmi.Event{
  event: "rtcpreceived",
  source: :asterisk_connection,
  action_id: nil,
  keys: %{
    "accountcode" => "",
    "calleridname" => "IVAN",
    "calleridnum" => "101",
    "channel" => "PJSIP/101-00000073",
    "channelstate" => "5",
    "channelstatedesc" => "Ringing",
    "connectedlinename" => "IVAN",
    "connectedlinenum" => "101",
    "context" => "org_all",
    "exten" => "s",
    "from" => "192.168.0.16:4099",
    "language" => "en",
    "linkedid" => "1744769512.173",
    "mes" => "85.4",
    "priority" => "1",
    "privilege" => "reporting,all",
    "pt" => "201(RR)",
    "report0cumulativelost" => "0",
    "report0dlsr" => "0.0000",
    "report0fractionlost" => "0",
    "report0highestsequence" => "0",
    "report0iajitter" => "0",
    "report0lsr" => "0",
    "report0sequencenumbercycles" => "0",
    "report0sourcessrc" => "0x00000000",
    "reportcount" => "1",
    "rtt" => "0.0000",
    "ssrc" => "0x00000000",
    "to" => "192.168.0.16:14547",
    "uniqueid" => "1744769512.173"
  },
  variables: %{}
}
[2025-04-16 02:11:59.593763Z] %ElixirAmi.Event{
  event: "varset",
  source: :asterisk_connection,
  action_id: nil,
  keys: %{
    "accountcode" => "",
    "calleridname" => "IVAN",
    "calleridnum" => "101",
    "channel" => "PJSIP/101-00000073",
    "channelstate" => "6",
    "channelstatedesc" => "Up",
    "connectedlinename" => "IVAN",
    "connectedlinenum" => "101",
    "context" => "org_all",
    "exten" => "102",
    "language" => "en",
    "linkedid" => "1744769512.173",
    "priority" => "2",
    "privilege" => "dialplan,all",
    "uniqueid" => "1744769512.173",
    "value" => "",
    "variable" => "ANSWEREDTIME"
  },
  variables: %{}
}
[2025-04-16 02:11:59.593698Z] %ElixirAmi.Event{
  event: "varset",
  source: :asterisk_connection,
  action_id: nil,
  keys: %{
    "accountcode" => "",
    "calleridname" => "IVAN",
    "calleridnum" => "101",
    "channel" => "PJSIP/101-00000073",
    "channelstate" => "6",
    "channelstatedesc" => "Up",
    "connectedlinename" => "IVAN",
    "connectedlinenum" => "101",
    "context" => "org_all",
    "exten" => "102",
    "language" => "en",
    "linkedid" => "1744769512.173",
    "priority" => "2",
    "privilege" => "dialplan,all",
    "uniqueid" => "1744769512.173",
    "value" => "",
    "variable" => "DIALSTATUS"
  },
  variables: %{}
}
[2025-04-16 02:11:59.596421Z] %ElixirAmi.Event{
  event: "dialbegin",
  source: :asterisk_connection,
  action_id: nil,
  keys: %{
    "accountcode" => "",
    "calleridname" => "IVAN",
    "calleridnum" => "101",
    "channel" => "PJSIP/101-00000073",
    "channelstate" => "6",
    "channelstatedesc" => "Up",
    "connectedlinename" => "IVAN",
    "connectedlinenum" => "101",
    "context" => "org_all",
    "destaccountcode" => "",
    "destcalleridname" => "102",
    "destcalleridnum" => "102",
    "destchannel" => "PJSIP/102-00000074",
    "destchannelstate" => "0",
    "destchannelstatedesc" => "Down",
    "destconnectedlinename" => "IVAN",
    "destconnectedlinenum" => "101",
    "destcontext" => "org_all",
    "destexten" => "102",
    "destlanguage" => "en",
    "destlinkedid" => "1744769512.173",
    "destpriority" => "1",
    "destuniqueid" => "1744769519.174",
    "dialstring" => "102",
    "exten" => "102",
    "language" => "en",
    "linkedid" => "1744769512.173",
    "priority" => "2",
    "privilege" => "call,all",
    "uniqueid" => "1744769512.173"
  },
  variables: %{}
}
[2025-04-16 02:11:59.593774Z] %ElixirAmi.Event{
  event: "varset",
  source: :asterisk_connection,
  action_id: nil,
  keys: %{
    "accountcode" => "",
    "calleridname" => "IVAN",
    "calleridnum" => "101",
    "channel" => "PJSIP/101-00000073",
    "channelstate" => "6",
    "channelstatedesc" => "Up",
    "connectedlinename" => "IVAN",
    "connectedlinenum" => "101",
    "context" => "org_all",
    "exten" => "102",
    "language" => "en",
    "linkedid" => "1744769512.173",
    "priority" => "2",
    "privilege" => "dialplan,all",
    "uniqueid" => "1744769512.173",
    "value" => "",
    "variable" => "DIALEDTIME"
  },
  variables: %{}
}
[2025-04-16 02:11:59.594229Z] %ElixirAmi.Event{
  event: "varset",
  source: :asterisk_connection,
  action_id: nil,
  keys: %{
    "accountcode" => "",
    "calleridname" => "IVAN",
    "calleridnum" => "101",
    "channel" => "PJSIP/101-00000073",
    "channelstate" => "6",
    "channelstatedesc" => "Up",
    "connectedlinename" => "IVAN",
    "connectedlinenum" => "101",
    "context" => "org_all",
    "exten" => "102",
    "language" => "en",
    "linkedid" => "1744769512.173",
    "priority" => "2",
    "privilege" => "dialplan,all",
    "uniqueid" => "1744769512.173",
    "value" => "",
    "variable" => "PROGRESSTIME"
  },
  variables: %{}
}
[2025-04-16 02:11:59.597438Z] %ElixirAmi.Event{
  event: "varset",
  source: :asterisk_connection,
  action_id: nil,
  keys: %{
    "accountcode" => "",
    "calleridname" => "IVAN",
    "calleridnum" => "101",
    "channel" => "PJSIP/101-00000073",
    "channelstate" => "6",
    "channelstatedesc" => "Up",
    "connectedlinename" => "102",
    "connectedlinenum" => "102",
    "context" => "org_all",
    "exten" => "102",
    "language" => "en",
    "linkedid" => "1744769512.173",
    "priority" => "2",
    "privilege" => "dialplan,all",
    "uniqueid" => "1744769512.173",
    "value" => "0",
    "variable" => "RINGTIME"
  },
  variables: %{}
}
[2025-04-16 02:11:59.594626Z] %ElixirAmi.Event{
  event: "newchannel",
  source: :asterisk_connection,
  action_id: nil,
  keys: %{
    "accountcode" => "",
    "calleridname" => "102",
    "calleridnum" => "102",
    "channel" => "PJSIP/102-00000074",
    "channelstate" => "0",
    "channelstatedesc" => "Down",
    "connectedlinename" => "<unknown>",
    "connectedlinenum" => "<unknown>",
    "context" => "org_all",
    "exten" => "s",
    "language" => "en",
    "linkedid" => "1744769512.173",
    "priority" => "1",
    "privilege" => "call,all",
    "uniqueid" => "1744769519.174"
  },
  variables: %{}
}
[2025-04-16 02:11:59.594431Z] %ElixirAmi.Event{
  event: "varset",
  source: :asterisk_connection,
  action_id: nil,
  keys: %{
    "accountcode" => "",
    "calleridname" => "IVAN",
    "calleridnum" => "101",
    "channel" => "PJSIP/101-00000073",
    "channelstate" => "6",
    "channelstatedesc" => "Up",
    "connectedlinename" => "IVAN",
    "connectedlinenum" => "101",
    "context" => "org_all",
    "exten" => "102",
    "language" => "en",
    "linkedid" => "1744769512.173",
    "priority" => "2",
    "privilege" => "dialplan,all",
    "uniqueid" => "1744769512.173",
    "value" => "",
    "variable" => "PROGRESSTIME_MS"
  },
  variables: %{}
}
[2025-04-16 02:11:59.594948Z] %ElixirAmi.Event{
  event: "varset",
  source: :asterisk_connection,
  action_id: nil,
  keys: %{
    "accountcode" => "",
    "calleridname" => "102",
    "calleridnum" => "102",
    "channel" => "PJSIP/102-00000074",
    "channelstate" => "0",
    "channelstatedesc" => "Down",
    "connectedlinename" => "<unknown>",
    "connectedlinenum" => "<unknown>",
    "context" => "org_all",
    "exten" => "s",
    "language" => "en",
    "linkedid" => "1744769512.173",
    "priority" => "1",
    "privilege" => "dialplan,all",
    "uniqueid" => "1744769519.174",
    "value" => "102",
    "variable" => "DIALEDPEERNUMBER"
  },
  variables: %{}
}
[2025-04-16 02:11:59.595171Z] %ElixirAmi.Event{
  event: "newexten",
  source: :asterisk_connection,
  action_id: nil,
  keys: %{
    "accountcode" => "",
    "appdata" => "(Outgoing Line)",
    "application" => "AppDial",
    "calleridname" => "102",
    "calleridnum" => "102",
    "channel" => "PJSIP/102-00000074",
    "channelstate" => "0",
    "channelstatedesc" => "Down",
    "connectedlinename" => "IVAN",
    "connectedlinenum" => "101",
    "context" => "org_all",
    "exten" => "102",
    "extension" => "102",
    "language" => "en",
    "linkedid" => "1744769512.173",
    "priority" => "1",
    "privilege" => "dialplan,all",
    "uniqueid" => "1744769519.174"
  },
  variables: %{}
}
[2025-04-16 02:11:59.597454Z] %ElixirAmi.Event{
  event: "dialstate",
  source: :asterisk_connection,
  action_id: nil,
  keys: %{
    "accountcode" => "",
    "calleridname" => "IVAN",
    "calleridnum" => "101",
    "channel" => "PJSIP/101-00000073",
    "channelstate" => "6",
    "channelstatedesc" => "Up",
    "connectedlinename" => "102",
    "connectedlinenum" => "102",
    "context" => "org_all",
    "destaccountcode" => "",
    "destcalleridname" => "102",
    "destcalleridnum" => "102",
    "destchannel" => "PJSIP/102-00000074",
    "destchannelstate" => "5",
    "destchannelstatedesc" => "Ringing",
    "destconnectedlinename" => "IVAN",
    "destconnectedlinenum" => "101",
    "destcontext" => "org_all",
    "destexten" => "102",
    "destlanguage" => "en",
    "destlinkedid" => "1744769512.173",
    "destpriority" => "1",
    "destuniqueid" => "1744769519.174",
    "dialstatus" => "RINGING",
    "exten" => "102",
    "language" => "en",
    "linkedid" => "1744769512.173",
    "priority" => "2",
    "privilege" => "call,all",
    "uniqueid" => "1744769512.173"
  },
  variables: %{}
}
[2025-04-16 02:11:59.597449Z] %ElixirAmi.Event{
  event: "varset",
  source: :asterisk_connection,
  action_id: nil,
  keys: %{
    "accountcode" => "",
    "calleridname" => "IVAN",
    "calleridnum" => "101",
    "channel" => "PJSIP/101-00000073",
    "channelstate" => "6",
    "channelstatedesc" => "Up",
    "connectedlinename" => "102",
    "connectedlinenum" => "102",
    "context" => "org_all",
    "exten" => "102",
    "language" => "en",
    "linkedid" => "1744769512.173",
    "priority" => "2",
    "privilege" => "dialplan,all",
    "uniqueid" => "1744769512.173",
    "value" => "6",
    "variable" => "RINGTIME_MS"
  },
  variables: %{}
}
[2025-04-16 02:11:59.795967Z] %ElixirAmi.Event{
  event: "rtcpreceived",
  source: :asterisk_connection,
  action_id: nil,
  keys: %{
    "pt" => "200(SR)",
    "report0highestsequence" => "20685",
    "mes" => "85.4",
    "privilege" => "reporting,all",
    "channelstatedesc" => "Up",
    "uniqueid" => "1744769512.173",
    "sentntp" => "1744794719.207660",
    "report0fractionlost" => "0",
    "sentpackets" => "11",
    "report0lsr" => "0",
    "linkedid" => "1744769512.173",
    "ssrc" => "0xeba9f2df",
    "exten" => "102",
    "channel" => "PJSIP/101-00000073",
    "report0iajitter" => "0",
    "sentrtp" => "1656",
    "context" => "org_all",
    "connectedlinename" => "102",
    "priority" => "2",
    "rtt" => "0.0000",
    "to" => "192.168.0.16:14547",
    "reportcount" => "1",
    "language" => "en",
    "sentoctets" => "1760",
    "calleridname" => "IVAN",
    "from" => "192.168.0.16:4099",
    "report0cumulativelost" => "0",
    "report0sequencenumbercycles" => "0",
    "calleridnum" => "101",
    "channelstate" => "6",
    "accountcode" => "",
    "report0dlsr" => "0.0000",
    "report0sourcessrc" => "0x43ddac1c",
    "connectedlinenum" => "102"
  },
  variables: %{}
}
[2025-04-16 02:12:00.805929Z] %ElixirAmi.Event{
  event: "rtcpreceived",
  source: :asterisk_connection,
  action_id: nil,
  keys: %{
    "accountcode" => "",
    "calleridname" => "102",
    "calleridnum" => "102",
    "channel" => "PJSIP/102-00000074",
    "channelstate" => "5",
    "channelstatedesc" => "Ringing",
    "connectedlinename" => "IVAN",
    "connectedlinenum" => "101",
    "context" => "org_all",
    "exten" => "102",
    "from" => "192.168.0.16:4133",
    "language" => "en",
    "linkedid" => "1744769512.173",
    "mes" => "85.4",
    "priority" => "1",
    "privilege" => "reporting,all",
    "pt" => "201(RR)",
    "report0cumulativelost" => "0",
    "report0dlsr" => "0.0000",
    "report0fractionlost" => "0",
    "report0highestsequence" => "0",
    "report0iajitter" => "0",
    "report0lsr" => "0",
    "report0sequencenumbercycles" => "0",
    "report0sourcessrc" => "0x00000000",
    "reportcount" => "1",
    "rtt" => "0.0000",
    "ssrc" => "0x00000000",
    "to" => "192.168.0.16:15703",
    "uniqueid" => "1744769519.174"
  },
  variables: %{}
}
[2025-04-16 02:12:00.806554Z] %ElixirAmi.Event{
  event: "rtcpreceived",
  source: :asterisk_connection,
  action_id: nil,
  keys: %{
    "accountcode" => "",
    "calleridname" => "102",
    "calleridnum" => "102",
    "channel" => "PJSIP/102-00000074",
    "channelstate" => "5",
    "channelstatedesc" => "Ringing",
    "connectedlinename" => "IVAN",
    "connectedlinenum" => "101",
    "context" => "org_all",
    "exten" => "102",
    "from" => "192.168.0.16:4133",
    "language" => "en",
    "linkedid" => "1744769512.173",
    "mes" => "85.4",
    "priority" => "1",
    "privilege" => "reporting,all",
    "pt" => "201(RR)",
    "report0cumulativelost" => "0",
    "report0dlsr" => "0.0000",
    "report0fractionlost" => "0",
    "report0highestsequence" => "0",
    "report0iajitter" => "0",
    "report0lsr" => "0",
    "report0sequencenumbercycles" => "0",
    "report0sourcessrc" => "0x00000000",
    "reportcount" => "1",
    "rtt" => "0.0000",
    "ssrc" => "0x00000000",
    "to" => "192.168.0.16:15703",
    "uniqueid" => "1744769519.174"
  },
  variables: %{}
}
[2025-04-16 02:12:00.806958Z] %ElixirAmi.Event{
  event: "newstate",
  source: :asterisk_connection,
  action_id: nil,
  keys: %{
    "accountcode" => "",
    "calleridname" => "102",
    "calleridnum" => "102",
    "channel" => "PJSIP/102-00000074",
    "channelstate" => "6",
    "channelstatedesc" => "Up",
    "connectedlinename" => "IVAN",
    "connectedlinenum" => "101",
    "context" => "org_all",
    "exten" => "102",
    "language" => "en",
    "linkedid" => "1744769512.173",
    "priority" => "1",
    "privilege" => "call,all",
    "uniqueid" => "1744769519.174"
  },
  variables: %{}
}
[2025-04-16 02:12:00.807144Z] %ElixirAmi.Event{
  event: "varset",
  source: :asterisk_connection,
  action_id: nil,
  keys: %{
    "accountcode" => "",
    "calleridname" => "IVAN",
    "calleridnum" => "101",
    "channel" => "PJSIP/101-00000073",
    "channelstate" => "6",
    "channelstatedesc" => "Up",
    "connectedlinename" => "102",
    "connectedlinenum" => "102",
    "context" => "org_all",
    "exten" => "102",
    "language" => "en",
    "linkedid" => "1744769512.173",
    "priority" => "2",
    "privilege" => "dialplan,all",
    "uniqueid" => "1744769512.173",
    "value" => "ANSWER",
    "variable" => "DIALSTATUS"
  },
  variables: %{}
}
[2025-04-16 02:12:00.807367Z] %ElixirAmi.Event{
  event: "varset",
  source: :asterisk_connection,
  action_id: nil,
  keys: %{
    "accountcode" => "",
    "calleridname" => "IVAN",
    "calleridnum" => "101",
    "channel" => "PJSIP/101-00000073",
    "channelstate" => "6",
    "channelstatedesc" => "Up",
    "connectedlinename" => "102",
    "connectedlinenum" => "102",
    "context" => "org_all",
    "exten" => "102",
    "language" => "en",
    "linkedid" => "1744769512.173",
    "priority" => "2",
    "privilege" => "dialplan,all",
    "uniqueid" => "1744769512.173",
    "value" => "PJSIP/102-00000074",
    "variable" => "DIALEDPEERNAME"
  },
  variables: %{}
}
[2025-04-16 02:12:00.807602Z] %ElixirAmi.Event{
  event: "varset",
  source: :asterisk_connection,
  action_id: nil,
  keys: %{
    "accountcode" => "",
    "calleridname" => "IVAN",
    "calleridnum" => "101",
    "channel" => "PJSIP/101-00000073",
    "channelstate" => "6",
    "channelstatedesc" => "Up",
    "connectedlinename" => "102",
    "connectedlinenum" => "102",
    "context" => "org_all",
    "exten" => "102",
    "language" => "en",
    "linkedid" => "1744769512.173",
    "priority" => "2",
    "privilege" => "dialplan,all",
    "uniqueid" => "1744769512.173",
    "value" => "102",
    "variable" => "DIALEDPEERNUMBER"
  },
  variables: %{}
}
[2025-04-16 02:12:00.808016Z] %ElixirAmi.Event{
  event: "dialend",
  source: :asterisk_connection,
  action_id: nil,
  keys: %{
    "accountcode" => "",
    "calleridname" => "IVAN",
    "calleridnum" => "101",
    "channel" => "PJSIP/101-00000073",
    "channelstate" => "6",
    "channelstatedesc" => "Up",
    "connectedlinename" => "102",
    "connectedlinenum" => "102",
    "context" => "org_all",
    "destaccountcode" => "",
    "destcalleridname" => "102",
    "destcalleridnum" => "102",
    "destchannel" => "PJSIP/102-00000074",
    "destchannelstate" => "6",
    "destchannelstatedesc" => "Up",
    "destconnectedlinename" => "IVAN",
    "destconnectedlinenum" => "101",
    "destcontext" => "org_all",
    "destexten" => "",
    "destlanguage" => "en",
    "destlinkedid" => "1744769512.173",
    "destpriority" => "1",
    "destuniqueid" => "1744769519.174",
    "dialstatus" => "ANSWER",
    "exten" => "102",
    "language" => "en",
    "linkedid" => "1744769512.173",
    "priority" => "2",
    "privilege" => "call,all",
    "uniqueid" => "1744769512.173"
  },
  variables: %{}
}
[2025-04-16 02:12:00.808328Z] %ElixirAmi.Event{
  event: "newexten",
  source: :asterisk_connection,
  action_id: nil,
  keys: %{
    "accountcode" => "",
    "appdata" => "(Outgoing Line)",
    "application" => "AppDial",
    "calleridname" => "102",
    "calleridnum" => "102",
    "channel" => "PJSIP/102-00000074",
    "channelstate" => "6",
    "channelstatedesc" => "Up",
    "connectedlinename" => "IVAN",
    "connectedlinenum" => "101",
    "context" => "org_all",
    "exten" => "",
    "extension" => "",
    "language" => "en",
    "linkedid" => "1744769512.173",
    "priority" => "1",
    "privilege" => "dialplan,all",
    "uniqueid" => "1744769519.174"
  },
  variables: %{}
}
[2025-04-16 02:12:00.808589Z] %ElixirAmi.Event{
  event: "bridgeenter",
  source: :asterisk_connection,
  action_id: nil,
  keys: %{
    "accountcode" => "",
    "bridgecreator" => "<unknown>",
    "bridgename" => "<unknown>",
    "bridgenumchannels" => "1",
    "bridgetechnology" => "simple_bridge",
    "bridgetype" => "basic",
    "bridgeuniqueid" => "f267e007-8403-4559-97cb-0a91714d9e4e",
    "bridgevideosourcemode" => "none",
    "calleridname" => "102",
    "calleridnum" => "102",
    "channel" => "PJSIP/102-00000074",
    "channelstate" => "6",
    "channelstatedesc" => "Up",
    "connectedlinename" => "IVAN",
    "connectedlinenum" => "101",
    "context" => "org_all",
    "exten" => "",
    "language" => "en",
    "linkedid" => "1744769512.173",
    "priority" => "1",
    "privilege" => "call,all",
    "uniqueid" => "1744769519.174"
  },
  variables: %{}
}
[2025-04-16 02:12:00.808882Z] %ElixirAmi.Event{
  event: "bridgeenter",
  source: :asterisk_connection,
  action_id: nil,
  keys: %{
    "accountcode" => "",
    "bridgecreator" => "<unknown>",
    "bridgename" => "<unknown>",
    "bridgenumchannels" => "2",
    "bridgetechnology" => "simple_bridge",
    "bridgetype" => "basic",
    "bridgeuniqueid" => "f267e007-8403-4559-97cb-0a91714d9e4e",
    "bridgevideosourcemode" => "none",
    "calleridname" => "IVAN",
    "calleridnum" => "101",
    "channel" => "PJSIP/101-00000073",
    "channelstate" => "6",
    "channelstatedesc" => "Up",
    "connectedlinename" => "102",
    "connectedlinenum" => "102",
    "context" => "org_all",
    "exten" => "102",
    "language" => "en",
    "linkedid" => "1744769512.173",
    "priority" => "2",
    "privilege" => "call,all",
    "uniqueid" => "1744769512.173"
  },
  variables: %{}
}
[2025-04-16 02:12:00.810450Z] %ElixirAmi.Event{
  event: "varset",
  source: :asterisk_connection,
  action_id: nil,
  keys: %{
    "accountcode" => "",
    "calleridname" => "IVAN",
    "calleridnum" => "101",
    "channel" => "PJSIP/101-00000073",
    "channelstate" => "6",
    "channelstatedesc" => "Up",
    "connectedlinename" => "102",
    "connectedlinenum" => "102",
    "context" => "org_all",
    "exten" => "102",
    "language" => "en",
    "linkedid" => "1744769512.173",
    "priority" => "2",
    "privilege" => "dialplan,all",
    "uniqueid" => "1744769512.173",
    "value" => "PJSIP/102-00000074",
    "variable" => "BRIDGEPEER"
  },
  variables: %{}
}
[2025-04-16 02:12:00.810999Z] %ElixirAmi.Event{
  event: "varset",
  source: :asterisk_connection,
  action_id: nil,
  keys: %{
    "accountcode" => "",
    "calleridname" => "IVAN",
    "calleridnum" => "101",
    "channel" => "PJSIP/101-00000073",
    "channelstate" => "6",
    "channelstatedesc" => "Up",
    "connectedlinename" => "102",
    "connectedlinenum" => "102",
    "context" => "org_all",
    "exten" => "102",
    "language" => "en",
    "linkedid" => "1744769512.173",
    "priority" => "2",
    "privilege" => "dialplan,all",
    "uniqueid" => "1744769512.173",
    "value" => "0ecdea90-58a8-40ba-8e4c-fa9353856b21",
    "variable" => "BRIDGEPVTCALLID"
  },
  variables: %{}
}
[2025-04-16 02:12:00.811110Z] %ElixirAmi.Event{
  event: "varset",
  source: :asterisk_connection,
  action_id: nil,
  keys: %{
    "accountcode" => "",
    "calleridname" => "102",
    "calleridnum" => "102",
    "channel" => "PJSIP/102-00000074",
    "channelstate" => "6",
    "channelstatedesc" => "Up",
    "connectedlinename" => "IVAN",
    "connectedlinenum" => "101",
    "context" => "org_all",
    "exten" => "",
    "language" => "en",
    "linkedid" => "1744769512.173",
    "priority" => "1",
    "privilege" => "dialplan,all",
    "uniqueid" => "1744769519.174",
    "value" => "PJSIP/101-00000073",
    "variable" => "BRIDGEPEER"
  },
  variables: %{}
}
[2025-04-16 02:12:00.811212Z] %ElixirAmi.Event{
  event: "varset",
  source: :asterisk_connection,
  action_id: nil,
  keys: %{
    "accountcode" => "",
    "calleridname" => "IVAN",
    "calleridnum" => "101",
    "channel" => "PJSIP/101-00000073",
    "channelstate" => "6",
    "channelstatedesc" => "Up",
    "connectedlinename" => "102",
    "connectedlinenum" => "102",
    "context" => "org_all",
    "exten" => "102",
    "language" => "en",
    "linkedid" => "1744769512.173",
    "priority" => "2",
    "privilege" => "dialplan,all",
    "uniqueid" => "1744769512.173",
    "value" => "PJSIP/102-00000074",
    "variable" => "BRIDGEPEER"
  },
  variables: %{}
}
[2025-04-16 02:12:00.811190Z] %ElixirAmi.Event{
  event: "varset",
  source: :asterisk_connection,
  action_id: nil,
  keys: %{
    "accountcode" => "",
    "calleridname" => "102",
    "calleridnum" => "102",
    "channel" => "PJSIP/102-00000074",
    "channelstate" => "6",
    "channelstatedesc" => "Up",
    "connectedlinename" => "IVAN",
    "connectedlinenum" => "101",
    "context" => "org_all",
    "exten" => "",
    "language" => "en",
    "linkedid" => "1744769512.173",
    "priority" => "1",
    "privilege" => "dialplan,all",
    "uniqueid" => "1744769519.174",
    "value" => "8e21fd0c-0a11-4371-bca5-6c25bcdabe15",
    "variable" => "BRIDGEPVTCALLID"
  },
  variables: %{}
}
[2025-04-16 02:12:00.811240Z] %ElixirAmi.Event{
  event: "varset",
  source: :asterisk_connection,
  action_id: nil,
  keys: %{
    "accountcode" => "",
    "calleridname" => "IVAN",
    "calleridnum" => "101",
    "channel" => "PJSIP/101-00000073",
    "channelstate" => "6",
    "channelstatedesc" => "Up",
    "connectedlinename" => "102",
    "connectedlinenum" => "102",
    "context" => "org_all",
    "exten" => "102",
    "language" => "en",
    "linkedid" => "1744769512.173",
    "priority" => "2",
    "privilege" => "dialplan,all",
    "uniqueid" => "1744769512.173",
    "value" => "0ecdea90-58a8-40ba-8e4c-fa9353856b21",
    "variable" => "BRIDGEPVTCALLID"
  },
  variables: %{}
}
[2025-04-16 02:12:00.811310Z] %ElixirAmi.Event{
  event: "varset",
  source: :asterisk_connection,
  action_id: nil,
  keys: %{
    "accountcode" => "",
    "calleridname" => "102",
    "calleridnum" => "102",
    "channel" => "PJSIP/102-00000074",
    "channelstate" => "6",
    "channelstatedesc" => "Up",
    "connectedlinename" => "IVAN",
    "connectedlinenum" => "101",
    "context" => "org_all",
    "exten" => "",
    "language" => "en",
    "linkedid" => "1744769512.173",
    "priority" => "1",
    "privilege" => "dialplan,all",
    "uniqueid" => "1744769519.174",
    "value" => "8e21fd0c-0a11-4371-bca5-6c25bcdabe15",
    "variable" => "BRIDGEPVTCALLID"
  },
  variables: %{}
}
[2025-04-16 02:12:00.811286Z] %ElixirAmi.Event{
  event: "varset",
  source: :asterisk_connection,
  action_id: nil,
  keys: %{
    "accountcode" => "",
    "calleridname" => "102",
    "calleridnum" => "102",
    "channel" => "PJSIP/102-00000074",
    "channelstate" => "6",
    "channelstatedesc" => "Up",
    "connectedlinename" => "IVAN",
    "connectedlinenum" => "101",
    "context" => "org_all",
    "exten" => "",
    "language" => "en",
    "linkedid" => "1744769512.173",
    "priority" => "1",
    "privilege" => "dialplan,all",
    "uniqueid" => "1744769519.174",
    "value" => "PJSIP/101-00000073",
    "variable" => "BRIDGEPEER"
  },
  variables: %{}
}
[2025-04-16 02:12:00.811345Z] %ElixirAmi.Event{
  event: "varset",
  source: :asterisk_connection,
  action_id: nil,
  keys: %{
    "accountcode" => "",
    "calleridname" => "IVAN",
    "calleridnum" => "101",
    "channel" => "PJSIP/101-00000073",
    "channelstate" => "6",
    "channelstatedesc" => "Up",
    "connectedlinename" => "102",
    "connectedlinenum" => "102",
    "context" => "org_all",
    "exten" => "102",
    "language" => "en",
    "linkedid" => "1744769512.173",
    "priority" => "2",
    "privilege" => "dialplan,all",
    "uniqueid" => "1744769512.173",
    "value" => "PJSIP/102-00000074",
    "variable" => "BRIDGEPEER"
  },
  variables: %{}
}
[2025-04-16 02:12:00.811389Z] %ElixirAmi.Event{
  event: "varset",
  source: :asterisk_connection,
  action_id: nil,
  keys: %{
    "accountcode" => "",
    "calleridname" => "IVAN",
    "calleridnum" => "101",
    "channel" => "PJSIP/101-00000073",
    "channelstate" => "6",
    "channelstatedesc" => "Up",
    "connectedlinename" => "102",
    "connectedlinenum" => "102",
    "context" => "org_all",
    "exten" => "102",
    "language" => "en",
    "linkedid" => "1744769512.173",
    "priority" => "2",
    "privilege" => "dialplan,all",
    "uniqueid" => "1744769512.173",
    "value" => "0ecdea90-58a8-40ba-8e4c-fa9353856b21",
    "variable" => "BRIDGEPVTCALLID"
  },
  variables: %{}
}
[2025-04-16 02:12:00.811448Z] %ElixirAmi.Event{
  event: "varset",
  source: :asterisk_connection,
  action_id: nil,
  keys: %{
    "accountcode" => "",
    "calleridname" => "102",
    "calleridnum" => "102",
    "channel" => "PJSIP/102-00000074",
    "channelstate" => "6",
    "channelstatedesc" => "Up",
    "connectedlinename" => "IVAN",
    "connectedlinenum" => "101",
    "context" => "org_all",
    "exten" => "",
    "language" => "en",
    "linkedid" => "1744769512.173",
    "priority" => "1",
    "privilege" => "dialplan,all",
    "uniqueid" => "1744769519.174",
    "value" => "PJSIP/101-00000073",
    "variable" => "BRIDGEPEER"
  },
  variables: %{}
}
[2025-04-16 02:12:00.811593Z] %ElixirAmi.Event{
  event: "varset",
  source: :asterisk_connection,
  action_id: nil,
  keys: %{
    "accountcode" => "",
    "calleridname" => "102",
    "calleridnum" => "102",
    "channel" => "PJSIP/102-00000074",
    "channelstate" => "6",
    "channelstatedesc" => "Up",
    "connectedlinename" => "IVAN",
    "connectedlinenum" => "101",
    "context" => "org_all",
    "exten" => "",
    "language" => "en",
    "linkedid" => "1744769512.173",
    "priority" => "1",
    "privilege" => "dialplan,all",
    "uniqueid" => "1744769519.174",
    "value" => "8e21fd0c-0a11-4371-bca5-6c25bcdabe15",
    "variable" => "BRIDGEPVTCALLID"
  },
  variables: %{}
}
[2025-04-16 02:12:00.812797Z] %ElixirAmi.Event{
  event: "varset",
  source: :asterisk_connection,
  action_id: nil,
  keys: %{
    "accountcode" => "",
    "calleridname" => "IVAN",
    "calleridnum" => "101",
    "channel" => "PJSIP/101-00000073",
    "channelstate" => "6",
    "channelstatedesc" => "Up",
    "connectedlinename" => "102",
    "connectedlinenum" => "102",
    "context" => "org_all",
    "exten" => "102",
    "language" => "en",
    "linkedid" => "1744769512.173",
    "priority" => "2",
    "privilege" => "dialplan,all",
    "uniqueid" => "1744769512.173",
    "value" => "/home/rawmn/AsteriskConnector/priv/recordings/101_102_2025-04-161744769512.173.wav",
    "variable" => "MIXMONITOR_FILENAME"
  },
  variables: %{}
}
[2025-04-16 02:12:00.813130Z] %ElixirAmi.Event{
  event: "mixmonitorstart",
  source: :asterisk_connection,
  action_id: nil,
  keys: %{
    "accountcode" => "",
    "calleridname" => "IVAN",
    "calleridnum" => "101",
    "channel" => "PJSIP/101-00000073",
    "channelstate" => "6",
    "channelstatedesc" => "Up",
    "connectedlinename" => "102",
    "connectedlinenum" => "102",
    "context" => "org_all",
    "exten" => "102",
    "language" => "en",
    "linkedid" => "1744769512.173",
    "priority" => "2",
    "privilege" => "call,all",
    "uniqueid" => "1744769512.173"
  },
  variables: %{}
}
[2025-04-16 02:12:00.813365Z] %ElixirAmi.Event{
  event: "varset",
  source: :asterisk_connection,
  action_id: nil,
  keys: %{
    "accountcode" => "",
    "calleridname" => "IVAN",
    "calleridnum" => "101",
    "channel" => "PJSIP/101-00000073",
    "channelstate" => "6",
    "channelstatedesc" => "Up",
    "connectedlinename" => "102",
    "connectedlinenum" => "102",
    "context" => "org_all",
    "exten" => "102",
    "language" => "en",
    "linkedid" => "1744769512.173",
    "priority" => "2",
    "privilege" => "dialplan,all",
    "uniqueid" => "1744769512.173",
    "value" => "PJSIP/102-00000074",
    "variable" => "BRIDGEPEER"
  },
  variables: %{}
}
[2025-04-16 02:12:00.813598Z] %ElixirAmi.Event{
  event: "varset",
  source: :asterisk_connection,
  action_id: nil,
  keys: %{
    "accountcode" => "",
    "calleridname" => "IVAN",
    "calleridnum" => "101",
    "channel" => "PJSIP/101-00000073",
    "channelstate" => "6",
    "channelstatedesc" => "Up",
    "connectedlinename" => "102",
    "connectedlinenum" => "102",
    "context" => "org_all",
    "exten" => "102",
    "language" => "en",
    "linkedid" => "1744769512.173",
    "priority" => "2",
    "privilege" => "dialplan,all",
    "uniqueid" => "1744769512.173",
    "value" => "0ecdea90-58a8-40ba-8e4c-fa9353856b21",
    "variable" => "BRIDGEPVTCALLID"
  },
  variables: %{}
}
[2025-04-16 02:12:00.813825Z] %ElixirAmi.Event{
  event: "varset",
  source: :asterisk_connection,
  action_id: nil,
  keys: %{
    "accountcode" => "",
    "calleridname" => "102",
    "calleridnum" => "102",
    "channel" => "PJSIP/102-00000074",
    "channelstate" => "6",
    "channelstatedesc" => "Up",
    "connectedlinename" => "IVAN",
    "connectedlinenum" => "101",
    "context" => "org_all",
    "exten" => "",
    "language" => "en",
    "linkedid" => "1744769512.173",
    "priority" => "1",
    "privilege" => "dialplan,all",
    "uniqueid" => "1744769519.174",
    "value" => "PJSIP/101-00000073",
    "variable" => "BRIDGEPEER"
  },
  variables: %{}
}
[2025-04-16 02:12:00.814013Z] %ElixirAmi.Event{
  event: "varset",
  source: :asterisk_connection,
  action_id: nil,
  keys: %{
    "accountcode" => "",
    "calleridname" => "102",
    "calleridnum" => "102",
    "channel" => "PJSIP/102-00000074",
    "channelstate" => "6",
    "channelstatedesc" => "Up",
    "connectedlinename" => "IVAN",
    "connectedlinenum" => "101",
    "context" => "org_all",
    "exten" => "",
    "language" => "en",
    "linkedid" => "1744769512.173",
    "priority" => "1",
    "privilege" => "dialplan,all",
    "uniqueid" => "1744769519.174",
    "value" => "8e21fd0c-0a11-4371-bca5-6c25bcdabe15",
    "variable" => "BRIDGEPVTCALLID"
  },
  variables: %{}
}
[2025-04-16 02:12:00.814195Z] %ElixirAmi.Event{
  event: "varset",
  source: :asterisk_connection,
  action_id: nil,
  keys: %{
    "accountcode" => "",
    "calleridname" => "IVAN",
    "calleridnum" => "101",
    "channel" => "PJSIP/101-00000073",
    "channelstate" => "6",
    "channelstatedesc" => "Up",
    "connectedlinename" => "102",
    "connectedlinenum" => "102",
    "context" => "org_all",
    "exten" => "102",
    "language" => "en",
    "linkedid" => "1744769512.173",
    "priority" => "2",
    "privilege" => "dialplan,all",
    "uniqueid" => "1744769512.173",
    "value" => "PJSIP/102-00000074",
    "variable" => "BRIDGEPEER"
  },
  variables: %{}
}
[2025-04-16 02:12:00.814393Z] %ElixirAmi.Event{
  event: "varset",
  source: :asterisk_connection,
  action_id: nil,
  keys: %{
    "accountcode" => "",
    "calleridname" => "IVAN",
    "calleridnum" => "101",
    "channel" => "PJSIP/101-00000073",
    "channelstate" => "6",
    "channelstatedesc" => "Up",
    "connectedlinename" => "102",
    "connectedlinenum" => "102",
    "context" => "org_all",
    "exten" => "102",
    "language" => "en",
    "linkedid" => "1744769512.173",
    "priority" => "2",
    "privilege" => "dialplan,all",
    "uniqueid" => "1744769512.173",
    "value" => "0ecdea90-58a8-40ba-8e4c-fa9353856b21",
    "variable" => "BRIDGEPVTCALLID"
  },
  variables: %{}
}
[2025-04-16 02:12:00.814573Z] %ElixirAmi.Event{
  event: "varset",
  source: :asterisk_connection,
  action_id: nil,
  keys: %{
    "accountcode" => "",
    "calleridname" => "102",
    "calleridnum" => "102",
    "channel" => "PJSIP/102-00000074",
    "channelstate" => "6",
    "channelstatedesc" => "Up",
    "connectedlinename" => "IVAN",
    "connectedlinenum" => "101",
    "context" => "org_all",
    "exten" => "",
    "language" => "en",
    "linkedid" => "1744769512.173",
    "priority" => "1",
    "privilege" => "dialplan,all",
    "uniqueid" => "1744769519.174",
    "value" => "PJSIP/101-00000073",
    "variable" => "BRIDGEPEER"
  },
  variables: %{}
}
[2025-04-16 02:12:00.814769Z] %ElixirAmi.Event{
  event: "varset",
  source: :asterisk_connection,
  action_id: nil,
  keys: %{
    "accountcode" => "",
    "calleridname" => "102",
    "calleridnum" => "102",
    "channel" => "PJSIP/102-00000074",
    "channelstate" => "6",
    "channelstatedesc" => "Up",
    "connectedlinename" => "IVAN",
    "connectedlinenum" => "101",
    "context" => "org_all",
    "exten" => "",
    "language" => "en",
    "linkedid" => "1744769512.173",
    "priority" => "1",
    "privilege" => "dialplan,all",
    "uniqueid" => "1744769519.174",
    "value" => "8e21fd0c-0a11-4371-bca5-6c25bcdabe15",
    "variable" => "BRIDGEPVTCALLID"
  },
  variables: %{}
}
[2025-04-16 02:12:00.814953Z] %ElixirAmi.Event{
  event: "varset",
  source: :asterisk_connection,
  action_id: nil,
  keys: %{
    "accountcode" => "",
    "calleridname" => "IVAN",
    "calleridnum" => "101",
    "channel" => "PJSIP/101-00000073",
    "channelstate" => "6",
    "channelstatedesc" => "Up",
    "connectedlinename" => "102",
    "connectedlinenum" => "102",
    "context" => "org_all",
    "exten" => "102",
    "language" => "en",
    "linkedid" => "1744769512.173",
    "priority" => "2",
    "privilege" => "dialplan,all",
    "uniqueid" => "1744769512.173",
    "value" => "PJSIP/102-00000074",
    "variable" => "BRIDGEPEER"
  },
  variables: %{}
}
[2025-04-16 02:12:00.815132Z] %ElixirAmi.Event{
  event: "varset",
  source: :asterisk_connection,
  action_id: nil,
  keys: %{
    "accountcode" => "",
    "calleridname" => "IVAN",
    "calleridnum" => "101",
    "channel" => "PJSIP/101-00000073",
    "channelstate" => "6",
    "channelstatedesc" => "Up",
    "connectedlinename" => "102",
    "connectedlinenum" => "102",
    "context" => "org_all",
    "exten" => "102",
    "language" => "en",
    "linkedid" => "1744769512.173",
    "priority" => "2",
    "privilege" => "dialplan,all",
    "uniqueid" => "1744769512.173",
    "value" => "0ecdea90-58a8-40ba-8e4c-fa9353856b21",
    "variable" => "BRIDGEPVTCALLID"
  },
  variables: %{}
}
[2025-04-16 02:12:00.815350Z] %ElixirAmi.Event{
  event: "varset",
  source: :asterisk_connection,
  action_id: nil,
  keys: %{
    "accountcode" => "",
    "calleridname" => "102",
    "calleridnum" => "102",
    "channel" => "PJSIP/102-00000074",
    "channelstate" => "6",
    "channelstatedesc" => "Up",
    "connectedlinename" => "IVAN",
    "connectedlinenum" => "101",
    "context" => "org_all",
    "exten" => "",
    "language" => "en",
    "linkedid" => "1744769512.173",
    "priority" => "1",
    "privilege" => "dialplan,all",
    "uniqueid" => "1744769519.174",
    "value" => "PJSIP/101-00000073",
    "variable" => "BRIDGEPEER"
  },
  variables: %{}
}
[2025-04-16 02:12:00.815496Z] %ElixirAmi.Event{
  event: "varset",
  source: :asterisk_connection,
  action_id: nil,
  keys: %{
    "accountcode" => "",
    "calleridname" => "102",
    "calleridnum" => "102",
    "channel" => "PJSIP/102-00000074",
    "channelstate" => "6",
    "channelstatedesc" => "Up",
    "connectedlinename" => "IVAN",
    "connectedlinenum" => "101",
    "context" => "org_all",
    "exten" => "",
    "language" => "en",
    "linkedid" => "1744769512.173",
    "priority" => "1",
    "privilege" => "dialplan,all",
    "uniqueid" => "1744769519.174",
    "value" => "8e21fd0c-0a11-4371-bca5-6c25bcdabe15",
    "variable" => "BRIDGEPVTCALLID"
  },
  variables: %{}
}
[2025-04-16 02:12:00.994886Z] %ElixirAmi.Event{
  event: "rtcpreceived",
  source: :asterisk_connection,
  action_id: nil,
  keys: %{
    "pt" => "200(SR)",
    "report0highestsequence" => "24586",
    "mes" => "85.4",
    "privilege" => "reporting,all",
    "channelstatedesc" => "Up",
    "uniqueid" => "1744769519.174",
    "sentntp" => "1744794720.189645",
    "report0fractionlost" => "0",
    "sentpackets" => "10",
    "report0lsr" => "0",
    "linkedid" => "1744769512.173",
    "ssrc" => "0xeba9f2e0",
    "exten" => "",
    "channel" => "PJSIP/102-00000074",
    "report0iajitter" => "0",
    "sentrtp" => "1512",
    "context" => "org_all",
    "connectedlinename" => "IVAN",
    "priority" => "1",
    "rtt" => "0.0000",
    "to" => "192.168.0.16:15703",
    "reportcount" => "1",
    "language" => "en",
    "sentoctets" => "1600",
    "calleridname" => "102",
    "from" => "192.168.0.16:4133",
    "report0cumulativelost" => "0",
    "report0sequencenumbercycles" => "0",
    "calleridnum" => "102",
    "channelstate" => "6",
    "accountcode" => "",
    "report0dlsr" => "0.0000",
    "report0sourcessrc" => "0x56bfb97e",
    "connectedlinenum" => "101"
  },
  variables: %{}
}
[2025-04-16 02:12:01.979788Z] %ElixirAmi.Event{
  event: "rtcpreceived",
  source: :asterisk_connection,
  action_id: nil,
  keys: %{
    "pt" => "200(SR)",
    "report0highestsequence" => "20793",
    "mes" => "85.4",
    "privilege" => "reporting,all",
    "channelstatedesc" => "Up",
    "uniqueid" => "1744769512.173",
    "sentntp" => "1744794721.391438",
    "report0fractionlost" => "0",
    "sentpackets" => "120",
    "report0lsr" => "0",
    "linkedid" => "1744769512.173",
    "ssrc" => "0xeba9f2e1",
    "exten" => "102",
    "channel" => "PJSIP/101-00000073",
    "report0iajitter" => "16",
    "sentrtp" => "19128",
    "context" => "org_all",
    "connectedlinename" => "102",
    "priority" => "2",
    "rtt" => "0.0000",
    "to" => "192.168.0.16:14547",
    "reportcount" => "1",
    "language" => "en",
    "sentoctets" => "19200",
    "calleridname" => "IVAN",
    "from" => "192.168.0.16:4099",
    "report0cumulativelost" => "0",
    "report0sequencenumbercycles" => "0",
    "calleridnum" => "101",
    "channelstate" => "6",
    "accountcode" => "",
    "report0dlsr" => "0.0000",
    "report0sourcessrc" => "0x43ddac1c",
    "connectedlinenum" => "102"
  },
  variables: %{}
}
[2025-04-16 02:12:01.980395Z] %ElixirAmi.Event{
  event: "rtcpreceived",
  source: :asterisk_connection,
  action_id: nil,
  keys: %{
    "accountcode" => "",
    "calleridname" => "IVAN",
    "calleridnum" => "101",
    "channel" => "PJSIP/101-00000073",
    "channelstate" => "6",
    "channelstatedesc" => "Up",
    "connectedlinename" => "102",
    "connectedlinenum" => "102",
    "context" => "org_all",
    "exten" => "102",
    "from" => "192.168.0.16:4099",
    "language" => "en",
    "linkedid" => "1744769512.173",
    "mes" => "85.4",
    "priority" => "2",
    "privilege" => "reporting,all",
    "pt" => "201(RR)",
    "report0cumulativelost" => "0",
    "report0dlsr" => "0.0000",
    "report0fractionlost" => "0",
    "report0highestsequence" => "20793",
    "report0iajitter" => "16",
    "report0lsr" => "0",
    "report0sequencenumbercycles" => "0",
    "report0sourcessrc" => "0x43ddac1c",
    "reportcount" => "1",
    "rtt" => "0.0000",
    "ssrc" => "0x43ddac1c",
    "to" => "192.168.0.16:14547",
    "uniqueid" => "1744769512.173"
  },
  variables: %{}
}
[2025-04-16 02:12:01.980649Z] %ElixirAmi.Event{
  event: "varset",
  source: :asterisk_connection,
  action_id: nil,
  keys: %{
    "accountcode" => "",
    "calleridname" => "IVAN",
    "calleridnum" => "101",
    "channel" => "PJSIP/101-00000073",
    "channelstate" => "6",
    "channelstatedesc" => "Up",
    "connectedlinename" => "102",
    "connectedlinenum" => "102",
    "context" => "org_all",
    "exten" => "102",
    "language" => "en",
    "linkedid" => "1744769512.173",
    "priority" => "2",
    "privilege" => "dialplan,all",
    "uniqueid" => "1744769512.173",
    "value" => "ssrc=1138600988;themssrc=2059761499;lp=0;rxjitter=0.002000;rxcount=120;txjitter=0.000750;txcount=119;rlp=0;rtt=0.000000;rxmes=85.367289;txmes=0.000000",
    "variable" => "RTPAUDIOQOS"
  },
  variables: %{}
}
[2025-04-16 02:12:01.980855Z] %ElixirAmi.Event{
  event: "varset",
  source: :asterisk_connection,
  action_id: nil,
  keys: %{
    "accountcode" => "",
    "calleridname" => "102",
    "calleridnum" => "102",
    "channel" => "PJSIP/102-00000074",
    "channelstate" => "6",
    "channelstatedesc" => "Up",
    "connectedlinename" => "IVAN",
    "connectedlinenum" => "101",
    "context" => "org_all",
    "exten" => "",
    "language" => "en",
    "linkedid" => "1744769512.173",
    "priority" => "1",
    "privilege" => "dialplan,all",
    "uniqueid" => "1744769519.174",
    "value" => "ssrc=1138600988;themssrc=2059761499;lp=0;rxjitter=0.002000;rxcount=120;txjitter=0.000750;txcount=119;rlp=0;rtt=0.000000;rxmes=85.367289;txmes=0.000000",
    "variable" => "RTPAUDIOQOSBRIDGED"
  },
  variables: %{}
}
[2025-04-16 02:12:01.981135Z] %ElixirAmi.Event{
  event: "varset",
  source: :asterisk_connection,
  action_id: nil,
  keys: %{
    "accountcode" => "",
    "calleridname" => "IVAN",
    "calleridnum" => "101",
    "channel" => "PJSIP/101-00000073",
    "channelstate" => "6",
    "channelstatedesc" => "Up",
    "connectedlinename" => "102",
    "connectedlinenum" => "102",
    "context" => "org_all",
    "exten" => "102",
    "language" => "en",
    "linkedid" => "1744769512.173",
    "priority" => "2",
    "privilege" => "dialplan,all",
    "uniqueid" => "1744769512.173",
    "value" => "minrxjitter=000.000125;maxrxjitter=000.000875;avgrxjitter=000.000690;stdevrxjitter=000.000188;mintxjitter=000.000000;maxtxjitter=000.002000;avgtxjitter=000.000800;stdevtxjitter=000.000980;",
    "variable" => "RTPAUDIOQOSJITTER"
  },
  variables: %{}
}
[2025-04-16 02:12:01.981360Z] %ElixirAmi.Event{
  event: "varset",
  source: :asterisk_connection,
  action_id: nil,
  keys: %{
    "accountcode" => "",
    "calleridname" => "102",
    "calleridnum" => "102",
    "channel" => "PJSIP/102-00000074",
    "channelstate" => "6",
    "channelstatedesc" => "Up",
    "connectedlinename" => "IVAN",
    "connectedlinenum" => "101",
    "context" => "org_all",
    "exten" => "",
    "language" => "en",
    "linkedid" => "1744769512.173",
    "priority" => "1",
    "privilege" => "dialplan,all",
    "uniqueid" => "1744769519.174",
    "value" => "minrxjitter=000.000125;maxrxjitter=000.000875;avgrxjitter=000.000690;stdevrxjitter=000.000188;mintxjitter=000.000000;maxtxjitter=000.002000;avgtxjitter=000.000800;stdevtxjitter=000.000980;",
    "variable" => "RTPAUDIOQOSJITTERBRIDGED"
  },
  variables: %{}
}
[2025-04-16 02:12:01.981584Z] %ElixirAmi.Event{
  event: "varset",
  source: :asterisk_connection,
  action_id: nil,
  keys: %{
    "accountcode" => "",
    "calleridname" => "IVAN",
    "calleridnum" => "101",
    "channel" => "PJSIP/101-00000073",
    "channelstate" => "6",
    "channelstatedesc" => "Up",
    "connectedlinename" => "102",
    "connectedlinenum" => "102",
    "context" => "org_all",
    "exten" => "102",
    "language" => "en",
    "linkedid" => "1744769512.173",
    "priority" => "2",
    "privilege" => "dialplan,all",
    "uniqueid" => "1744769512.173",
    "value" => "minrxlost=000.000000;  maxrxlost=000.000000;  avgrxlost=000.000000;  stdevrxlost=000.000000;  mintxlost=000.000000;  maxtxlost=000.000000;  avgtxlost=000.000000;  stdevtxlost=000.000000;",
    "variable" => "RTPAUDIOQOSLOSS"
  },
  variables: %{}
}
[2025-04-16 02:12:01.981834Z] %ElixirAmi.Event{
  event: "varset",
  source: :asterisk_connection,
  action_id: nil,
  keys: %{
    "accountcode" => "",
    "calleridname" => "102",
    "calleridnum" => "102",
    "channel" => "PJSIP/102-00000074",
    "channelstate" => "6",
    "channelstatedesc" => "Up",
    "connectedlinename" => "IVAN",
    "connectedlinenum" => "101",
    "context" => "org_all",
    "exten" => "",
    "language" => "en",
    "linkedid" => "1744769512.173",
    "priority" => "1",
    "privilege" => "dialplan,all",
    "uniqueid" => "1744769519.174",
    "value" => "minrxlost=000.000000;  maxrxlost=000.000000;  avgrxlost=000.000000;  stdevrxlost=000.000000;  mintxlost=000.000000;  maxtxlost=000.000000;  avgtxlost=000.000000;  stdevtxlost=000.000000;",
    "variable" => "RTPAUDIOQOSLOSSBRIDGED"
  },
  variables: %{}
}
[2025-04-16 02:12:01.981981Z] %ElixirAmi.Event{
  event: "varset",
  source: :asterisk_connection,
  action_id: nil,
  keys: %{
    "accountcode" => "",
    "calleridname" => "IVAN",
    "calleridnum" => "101",
    "channel" => "PJSIP/101-00000073",
    "channelstate" => "6",
    "channelstatedesc" => "Up",
    "connectedlinename" => "102",
    "connectedlinenum" => "102",
    "context" => "org_all",
    "exten" => "102",
    "language" => "en",
    "linkedid" => "1744769512.173",
    "priority" => "2",
    "privilege" => "dialplan,all",
    "uniqueid" => "1744769512.173",
    "value" => "minrtt=000.000000;     maxrtt=000.000000;     avgrtt=000.000000;     stdevrtt=000.000000;",
    "variable" => "RTPAUDIOQOSRTT"
  },
  variables: %{}
}
[2025-04-16 02:12:01.982158Z] %ElixirAmi.Event{
  event: "varset",
  source: :asterisk_connection,
  action_id: nil,
  keys: %{
    "accountcode" => "",
    "calleridname" => "102",
    "calleridnum" => "102",
    "channel" => "PJSIP/102-00000074",
    "channelstate" => "6",
    "channelstatedesc" => "Up",
    "connectedlinename" => "IVAN",
    "connectedlinenum" => "101",
    "context" => "org_all",
    "exten" => "",
    "language" => "en",
    "linkedid" => "1744769512.173",
    "priority" => "1",
    "privilege" => "dialplan,all",
    "uniqueid" => "1744769519.174",
    "value" => "minrtt=000.000000;     maxrtt=000.000000;     avgrtt=000.000000;     stdevrtt=000.000000;",
    "variable" => "RTPAUDIOQOSRTTBRIDGED"
  },
  variables: %{}
}
[2025-04-16 02:12:01.982334Z] %ElixirAmi.Event{
  event: "varset",
  source: :asterisk_connection,
  action_id: nil,
  keys: %{
    "accountcode" => "",
    "calleridname" => "IVAN",
    "calleridnum" => "101",
    "channel" => "PJSIP/101-00000073",
    "channelstate" => "6",
    "channelstatedesc" => "Up",
    "connectedlinename" => "102",
    "connectedlinenum" => "102",
    "context" => "org_all",
    "exten" => "102",
    "language" => "en",
    "linkedid" => "1744769512.173",
    "priority" => "2",
    "privilege" => "dialplan,all",
    "uniqueid" => "1744769512.173",
    "value" => "minrxmes=000.000000;   maxrxmes=000.000000;   avgrxmes=000.000000;   stdevrxmes=000.000188;   mintxmes=085.367289;   maxtxmes=085.367289;   avgtxmes=085.367289;   stdevtxmes=000.000000;",
    "variable" => "RTPAUDIOQOSMES"
  },
  variables: %{}
}
[2025-04-16 02:12:01.982496Z] %ElixirAmi.Event{
  event: "varset",
  source: :asterisk_connection,
  action_id: nil,
  keys: %{
    "accountcode" => "",
    "calleridname" => "102",
    "calleridnum" => "102",
    "channel" => "PJSIP/102-00000074",
    "channelstate" => "6",
    "channelstatedesc" => "Up",
    "connectedlinename" => "IVAN",
    "connectedlinenum" => "101",
    "context" => "org_all",
    "exten" => "",
    "language" => "en",
    "linkedid" => "1744769512.173",
    "priority" => "1",
    "privilege" => "dialplan,all",
    "uniqueid" => "1744769519.174",
    "value" => "minrxmes=000.000000;   maxrxmes=000.000000;   avgrxmes=000.000000;   stdevrxmes=000.000188;   mintxmes=085.367289;   maxtxmes=085.367289;   avgtxmes=085.367289;   stdevtxmes=000.000000;",
    "variable" => "RTPAUDIOQOSMESBRIDGED"
  },
  variables: %{}
}
[2025-04-16 02:12:01.982650Z] %ElixirAmi.Event{
  event: "hanguprequest",
  source: :asterisk_connection,
  action_id: nil,
  keys: %{
    "accountcode" => "",
    "calleridname" => "IVAN",
    "calleridnum" => "101",
    "channel" => "PJSIP/101-00000073",
    "channelstate" => "6",
    "channelstatedesc" => "Up",
    "connectedlinename" => "102",
    "connectedlinenum" => "102",
    "context" => "org_all",
    "exten" => "102",
    "language" => "en",
    "linkedid" => "1744769512.173",
    "priority" => "2",
    "privilege" => "call,all",
    "uniqueid" => "1744769512.173"
  },
  variables: %{}
}
[2025-04-16 02:12:01.982775Z] %ElixirAmi.Event{
  event: "varset",
  source: :asterisk_connection,
  action_id: nil,
  keys: %{
    "accountcode" => "",
    "calleridname" => "IVAN",
    "calleridnum" => "101",
    "channel" => "PJSIP/101-00000073",
    "channelstate" => "6",
    "channelstatedesc" => "Up",
    "connectedlinename" => "102",
    "connectedlinenum" => "102",
    "context" => "org_all",
    "exten" => "102",
    "language" => "en",
    "linkedid" => "1744769512.173",
    "priority" => "2",
    "privilege" => "dialplan,all",
    "uniqueid" => "1744769512.173",
    "value" => "",
    "variable" => "BRIDGEPEER"
  },
  variables: %{}
}
[2025-04-16 02:12:01.982921Z] %ElixirAmi.Event{
  event: "varset",
  source: :asterisk_connection,
  action_id: nil,
  keys: %{
    "accountcode" => "",
    "calleridname" => "IVAN",
    "calleridnum" => "101",
    "channel" => "PJSIP/101-00000073",
    "channelstate" => "6",
    "channelstatedesc" => "Up",
    "connectedlinename" => "102",
    "connectedlinenum" => "102",
    "context" => "org_all",
    "exten" => "102",
    "language" => "en",
    "linkedid" => "1744769512.173",
    "priority" => "2",
    "privilege" => "dialplan,all",
    "uniqueid" => "1744769512.173",
    "value" => "",
    "variable" => "BRIDGEPVTCALLID"
  },
  variables: %{}
}
[2025-04-16 02:12:01.983051Z] %ElixirAmi.Event{
  event: "varset",
  source: :asterisk_connection,
  action_id: nil,
  keys: %{
    "accountcode" => "",
    "calleridname" => "102",
    "calleridnum" => "102",
    "channel" => "PJSIP/102-00000074",
    "channelstate" => "6",
    "channelstatedesc" => "Up",
    "connectedlinename" => "IVAN",
    "connectedlinenum" => "101",
    "context" => "org_all",
    "exten" => "",
    "language" => "en",
    "linkedid" => "1744769512.173",
    "priority" => "1",
    "privilege" => "dialplan,all",
    "uniqueid" => "1744769519.174",
    "value" => "",
    "variable" => "BRIDGEPEER"
  },
  variables: %{}
}
[2025-04-16 02:12:01.983206Z] %ElixirAmi.Event{
  event: "varset",
  source: :asterisk_connection,
  action_id: nil,
  keys: %{
    "accountcode" => "",
    "calleridname" => "102",
    "calleridnum" => "102",
    "channel" => "PJSIP/102-00000074",
    "channelstate" => "6",
    "channelstatedesc" => "Up",
    "connectedlinename" => "IVAN",
    "connectedlinenum" => "101",
    "context" => "org_all",
    "exten" => "",
    "language" => "en",
    "linkedid" => "1744769512.173",
    "priority" => "1",
    "privilege" => "dialplan,all",
    "uniqueid" => "1744769519.174",
    "value" => "",
    "variable" => "BRIDGEPVTCALLID"
  },
  variables: %{}
}
[2025-04-16 02:12:01.983443Z] %ElixirAmi.Event{
  event: "bridgeleave",
  source: :asterisk_connection,
  action_id: nil,
  keys: %{
    "accountcode" => "",
    "bridgecreator" => "<unknown>",
    "bridgename" => "<unknown>",
    "bridgenumchannels" => "1",
    "bridgetechnology" => "simple_bridge",
    "bridgetype" => "basic",
    "bridgeuniqueid" => "f267e007-8403-4559-97cb-0a91714d9e4e",
    "bridgevideosourcemode" => "none",
    "calleridname" => "IVAN",
    "calleridnum" => "101",
    "channel" => "PJSIP/101-00000073",
    "channelstate" => "6",
    "channelstatedesc" => "Up",
    "connectedlinename" => "102",
    "connectedlinenum" => "102",
    "context" => "org_all",
    "exten" => "102",
    "language" => "en",
    "linkedid" => "1744769512.173",
    "priority" => "2",
    "privilege" => "call,all",
    "uniqueid" => "1744769512.173"
  },
  variables: %{}
}
[2025-04-16 02:12:01.983611Z] %ElixirAmi.Event{
  event: "varset",
  source: :asterisk_connection,
  action_id: nil,
  keys: %{
    "accountcode" => "",
    "calleridname" => "IVAN",
    "calleridnum" => "101",
    "channel" => "PJSIP/101-00000073",
    "channelstate" => "6",
    "channelstatedesc" => "Up",
    "connectedlinename" => "102",
    "connectedlinenum" => "102",
    "context" => "org_all",
    "exten" => "102",
    "language" => "en",
    "linkedid" => "1744769512.173",
    "priority" => "2",
    "privilege" => "dialplan,all",
    "uniqueid" => "1744769512.173",
    "value" => "2",
    "variable" => "ANSWEREDTIME"
  },
  variables: %{}
}
[2025-04-16 02:12:01.983796Z] %ElixirAmi.Event{
  event: "varset",
  source: :asterisk_connection,
  action_id: nil,
  keys: %{
    "accountcode" => "",
    "calleridname" => "IVAN",
    "calleridnum" => "101",
    "channel" => "PJSIP/101-00000073",
    "channelstate" => "6",
    "channelstatedesc" => "Up",
    "connectedlinename" => "102",
    "connectedlinenum" => "102",
    "context" => "org_all",
    "exten" => "102",
    "language" => "en",
    "linkedid" => "1744769512.173",
    "priority" => "2",
    "privilege" => "dialplan,all",
    "uniqueid" => "1744769512.173",
    "value" => "2391",
    "variable" => "ANSWEREDTIME_MS"
  },
  variables: %{}
}
[2025-04-16 02:12:01.983987Z] %ElixirAmi.Event{
  event: "bridgeleave",
  source: :asterisk_connection,
  action_id: nil,
  keys: %{
    "accountcode" => "",
    "bridgecreator" => "<unknown>",
    "bridgename" => "<unknown>",
    "bridgenumchannels" => "0",
    "bridgetechnology" => "simple_bridge",
    "bridgetype" => "basic",
    "bridgeuniqueid" => "f267e007-8403-4559-97cb-0a91714d9e4e",
    "bridgevideosourcemode" => "none",
    "calleridname" => "102",
    "calleridnum" => "102",
    "channel" => "PJSIP/102-00000074",
    "channelstate" => "6",
    "channelstatedesc" => "Up",
    "connectedlinename" => "IVAN",
    "connectedlinenum" => "101",
    "context" => "org_all",
    "exten" => "",
    "language" => "en",
    "linkedid" => "1744769512.173",
    "priority" => "1",
    "privilege" => "call,all",
    "uniqueid" => "1744769519.174"
  },
  variables: %{}
}
[2025-04-16 02:12:01.984129Z] %ElixirAmi.Event{
  event: "varset",
  source: :asterisk_connection,
  action_id: nil,
  keys: %{
    "accountcode" => "",
    "calleridname" => "IVAN",
    "calleridnum" => "101",
    "channel" => "PJSIP/101-00000073",
    "channelstate" => "6",
    "channelstatedesc" => "Up",
    "connectedlinename" => "102",
    "connectedlinenum" => "102",
    "context" => "org_all",
    "exten" => "102",
    "language" => "en",
    "linkedid" => "1744769512.173",
    "priority" => "2",
    "privilege" => "dialplan,all",
    "uniqueid" => "1744769512.173",
    "value" => "9",
    "variable" => "DIALEDTIME"
  },
  variables: %{}
}
[2025-04-16 02:12:01.984354Z] %ElixirAmi.Event{
  event: "varset",
  source: :asterisk_connection,
  action_id: nil,
  keys: %{
    "accountcode" => "",
    "calleridname" => "IVAN",
    "calleridnum" => "101",
    "channel" => "PJSIP/101-00000073",
    "channelstate" => "6",
    "channelstatedesc" => "Up",
    "connectedlinename" => "102",
    "connectedlinenum" => "102",
    "context" => "org_all",
    "exten" => "102",
    "language" => "en",
    "linkedid" => "1744769512.173",
    "priority" => "2",
    "privilege" => "dialplan,all",
    "uniqueid" => "1744769512.173",
    "value" => "9672",
    "variable" => "DIALEDTIME_MS"
  },
  variables: %{}
}
[2025-04-16 02:12:01.984682Z] %ElixirAmi.Event{
  event: "varset",
  source: :asterisk_connection,
  action_id: nil,
  keys: %{
    "accountcode" => "",
    "calleridname" => "IVAN",
    "calleridnum" => "101",
    "channel" => "PJSIP/101-00000073",
    "channelstate" => "6",
    "channelstatedesc" => "Up",
    "connectedlinename" => "102",
    "connectedlinenum" => "102",
    "context" => "org_all",
    "exten" => "102",
    "language" => "en",
    "linkedid" => "1744769512.173",
    "priority" => "2",
    "privilege" => "dialplan,all",
    "uniqueid" => "1744769512.173",
    "value" => "ANSWER",
    "variable" => "DIALSTATUS"
  },
  variables: %{}
}
[2025-04-16 02:12:01.984976Z] %ElixirAmi.Event{
  event: "softhanguprequest",
  source: :asterisk_connection,
  action_id: nil,
  keys: %{
    "accountcode" => "",
    "calleridname" => "IVAN",
    "calleridnum" => "101",
    "cause" => "16",
    "channel" => "PJSIP/101-00000073",
    "channelstate" => "6",
    "channelstatedesc" => "Up",
    "connectedlinename" => "102",
    "connectedlinenum" => "102",
    "context" => "org_all",
    "exten" => "102",
    "language" => "en",
    "linkedid" => "1744769512.173",
    "priority" => "2",
    "privilege" => "call,all",
    "uniqueid" => "1744769512.173"
  },
  variables: %{}
}
[2025-04-16 02:12:01.985176Z] %ElixirAmi.Event{
  event: "varset",
  source: :asterisk_connection,
  action_id: nil,
  keys: %{
    "accountcode" => "",
    "calleridname" => "102",
    "calleridnum" => "102",
    "channel" => "PJSIP/102-00000074",
    "channelstate" => "6",
    "channelstatedesc" => "Up",
    "connectedlinename" => "IVAN",
    "connectedlinenum" => "101",
    "context" => "org_all",
    "exten" => "",
    "language" => "en",
    "linkedid" => "1744769512.173",
    "priority" => "1",
    "privilege" => "dialplan,all",
    "uniqueid" => "1744769519.174",
    "value" => "ssrc=1455405438;themssrc=531322981;lp=0;rxjitter=0.000000;rxcount=59;txjitter=0.000125;txcount=59;rlp=0;rtt=0.000000;rxmes=85.367289;txmes=0.000000",
    "variable" => "RTPAUDIOQOS"
  },
  variables: %{}
}
[2025-04-16 02:12:01.985371Z] %ElixirAmi.Event{
  event: "varset",
  source: :asterisk_connection,
  action_id: nil,
  keys: %{
    "accountcode" => "",
    "calleridname" => "102",
    "calleridnum" => "102",
    "channel" => "PJSIP/102-00000074",
    "channelstate" => "6",
    "channelstatedesc" => "Up",
    "connectedlinename" => "IVAN",
    "connectedlinenum" => "101",
    "context" => "org_all",
    "exten" => "",
    "language" => "en",
    "linkedid" => "1744769512.173",
    "priority" => "1",
    "privilege" => "dialplan,all",
    "uniqueid" => "1744769519.174",
    "value" => "minrxjitter=000.000000;maxrxjitter=000.000125;avgrxjitter=000.000063;stdevrxjitter=000.000062;mintxjitter=000.000000;maxtxjitter=000.000000;avgtxjitter=000.000000;stdevtxjitter=000.000000;",
    "variable" => "RTPAUDIOQOSJITTER"
  },
  variables: %{}
}
[2025-04-16 02:12:01.985604Z] %ElixirAmi.Event{
  event: "varset",
  source: :asterisk_connection,
  action_id: nil,
  keys: %{
    "accountcode" => "",
    "calleridname" => "IVAN",
    "calleridnum" => "101",
    "channel" => "PJSIP/101-00000073",
    "channelstate" => "6",
    "channelstatedesc" => "Up",
    "connectedlinename" => "102",
    "connectedlinenum" => "102",
    "context" => "org_all",
    "exten" => "102",
    "language" => "en",
    "linkedid" => "1744769512.173",
    "priority" => "2",
    "privilege" => "dialplan,all",
    "uniqueid" => "1744769512.173",
    "value" => "ssrc=1138600988;themssrc=2059761499;lp=0;rxjitter=0.002000;rxcount=120;txjitter=0.000750;txcount=119;rlp=0;rtt=0.000000;rxmes=85.367289;txmes=0.000000",
    "variable" => "RTPAUDIOQOS"
  },
  variables: %{}
}
[2025-04-16 02:12:01.985789Z] %ElixirAmi.Event{
  event: "varset",
  source: :asterisk_connection,
  action_id: nil,
  keys: %{
    "accountcode" => "",
    "calleridname" => "102",
    "calleridnum" => "102",
    "channel" => "PJSIP/102-00000074",
    "channelstate" => "6",
    "channelstatedesc" => "Up",
    "connectedlinename" => "IVAN",
    "connectedlinenum" => "101",
    "context" => "org_all",
    "exten" => "",
    "language" => "en",
    "linkedid" => "1744769512.173",
    "priority" => "1",
    "privilege" => "dialplan,all",
    "uniqueid" => "1744769519.174",
    "value" => "minrxlost=000.000000;  maxrxlost=000.000000;  avgrxlost=000.000000;  stdevrxlost=000.000000;  mintxlost=000.000000;  maxtxlost=000.000000;  avgtxlost=000.000000;  stdevtxlost=000.000000;",
    "variable" => "RTPAUDIOQOSLOSS"
  },
  variables: %{}
}
[2025-04-16 02:12:01.985952Z] %ElixirAmi.Event{
  event: "varset",
  source: :asterisk_connection,
  action_id: nil,
  keys: %{
    "accountcode" => "",
    "calleridname" => "IVAN",
    "calleridnum" => "101",
    "channel" => "PJSIP/101-00000073",
    "channelstate" => "6",
    "channelstatedesc" => "Up",
    "connectedlinename" => "102",
    "connectedlinenum" => "102",
    "context" => "org_all",
    "exten" => "102",
    "language" => "en",
    "linkedid" => "1744769512.173",
    "priority" => "2",
    "privilege" => "dialplan,all",
    "uniqueid" => "1744769512.173",
    "value" => "minrxjitter=000.000125;maxrxjitter=000.000875;avgrxjitter=000.000690;stdevrxjitter=000.000188;mintxjitter=000.000000;maxtxjitter=000.002000;avgtxjitter=000.000800;stdevtxjitter=000.000980;",
    "variable" => "RTPAUDIOQOSJITTER"
  },
  variables: %{}
}
[2025-04-16 02:12:01.986116Z] %ElixirAmi.Event{
  event: "varset",
  source: :asterisk_connection,
  action_id: nil,
  keys: %{
    "accountcode" => "",
    "calleridname" => "102",
    "calleridnum" => "102",
    "channel" => "PJSIP/102-00000074",
    "channelstate" => "6",
    "channelstatedesc" => "Up",
    "connectedlinename" => "IVAN",
    "connectedlinenum" => "101",
    "context" => "org_all",
    "exten" => "",
    "language" => "en",
    "linkedid" => "1744769512.173",
    "priority" => "1",
    "privilege" => "dialplan,all",
    "uniqueid" => "1744769519.174",
    "value" => "minrtt=000.000000;     maxrtt=000.000000;     avgrtt=000.000000;     stdevrtt=000.000000;",
    "variable" => "RTPAUDIOQOSRTT"
  },
  variables: %{}
}
[2025-04-16 02:12:01.986281Z] %ElixirAmi.Event{
  event: "varset",
  source: :asterisk_connection,
  action_id: nil,
  keys: %{
    "accountcode" => "",
    "calleridname" => "IVAN",
    "calleridnum" => "101",
    "channel" => "PJSIP/101-00000073",
    "channelstate" => "6",
    "channelstatedesc" => "Up",
    "connectedlinename" => "102",
    "connectedlinenum" => "102",
    "context" => "org_all",
    "exten" => "102",
    "language" => "en",
    "linkedid" => "1744769512.173",
    "priority" => "2",
    "privilege" => "dialplan,all",
    "uniqueid" => "1744769512.173",
    "value" => "minrxlost=000.000000;  maxrxlost=000.000000;  avgrxlost=000.000000;  stdevrxlost=000.000000;  mintxlost=000.000000;  maxtxlost=000.000000;  avgtxlost=000.000000;  stdevtxlost=000.000000;",
    "variable" => "RTPAUDIOQOSLOSS"
  },
  variables: %{}
}
[2025-04-16 02:12:01.986459Z] %ElixirAmi.Event{
  event: "varset",
  source: :asterisk_connection,
  action_id: nil,
  keys: %{
    "accountcode" => "",
    "calleridname" => "102",
    "calleridnum" => "102",
    "channel" => "PJSIP/102-00000074",
    "channelstate" => "6",
    "channelstatedesc" => "Up",
    "connectedlinename" => "IVAN",
    "connectedlinenum" => "101",
    "context" => "org_all",
    "exten" => "",
    "language" => "en",
    "linkedid" => "1744769512.173",
    "priority" => "1",
    "privilege" => "dialplan,all",
    "uniqueid" => "1744769519.174",
    "value" => "minrxmes=000.000000;   maxrxmes=000.000000;   avgrxmes=000.000000;   stdevrxmes=000.000062;   mintxmes=085.367289;   maxtxmes=085.367289;   avgtxmes=085.367289;   stdevtxmes=000.000000;",
    "variable" => "RTPAUDIOQOSMES"
  },
  variables: %{}
}
[2025-04-16 02:12:01.986677Z] %ElixirAmi.Event{
  event: "varset",
  source: :asterisk_connection,
  action_id: nil,
  keys: %{
    "accountcode" => "",
    "calleridname" => "IVAN",
    "calleridnum" => "101",
    "channel" => "PJSIP/101-00000073",
    "channelstate" => "6",
    "channelstatedesc" => "Up",
    "connectedlinename" => "102",
    "connectedlinenum" => "102",
    "context" => "org_all",
    "exten" => "102",
    "language" => "en",
    "linkedid" => "1744769512.173",
    "priority" => "2",
    "privilege" => "dialplan,all",
    "uniqueid" => "1744769512.173",
    "value" => "minrtt=000.000000;     maxrtt=000.000000;     avgrtt=000.000000;     stdevrtt=000.000000;",
    "variable" => "RTPAUDIOQOSRTT"
  },
  variables: %{}
}
[2025-04-16 02:12:01.986910Z] %ElixirAmi.Event{
  event: "varset",
  source: :asterisk_connection,
  action_id: nil,
  keys: %{
    "accountcode" => "",
    "calleridname" => "IVAN",
    "calleridnum" => "101",
    "channel" => "PJSIP/101-00000073",
    "channelstate" => "6",
    "channelstatedesc" => "Up",
    "connectedlinename" => "102",
    "connectedlinenum" => "102",
    "context" => "org_all",
    "exten" => "102",
    "language" => "en",
    "linkedid" => "1744769512.173",
    "priority" => "2",
    "privilege" => "dialplan,all",
    "uniqueid" => "1744769512.173",
    "value" => "minrxmes=000.000000;   maxrxmes=000.000000;   avgrxmes=000.000000;   stdevrxmes=000.000188;   mintxmes=085.367289;   maxtxmes=085.367289;   avgtxmes=085.367289;   stdevtxmes=000.000000;",
    "variable" => "RTPAUDIOQOSMES"
  },
  variables: %{}
}
[2025-04-16 02:12:01.987131Z] %ElixirAmi.Event{
  event: "hangup",
  source: :asterisk_connection,
  action_id: nil,
  keys: %{
    "accountcode" => "",
    "calleridname" => "IVAN",
    "calleridnum" => "101",
    "cause" => "16",
    "cause-txt" => "Normal Clearing",
    "channel" => "PJSIP/101-00000073",
    "channelstate" => "6",
    "channelstatedesc" => "Up",
    "connectedlinename" => "102",
    "connectedlinenum" => "102",
    "context" => "org_all",
    "exten" => "102",
    "language" => "en",
    "linkedid" => "1744769512.173",
    "priority" => "2",
    "privilege" => "call,all",
    "uniqueid" => "1744769512.173"
  },
  variables: %{}
}
[2025-04-16 02:12:01.987472Z] %ElixirAmi.Event{
  event: "hangup",
  source: :asterisk_connection,
  action_id: nil,
  keys: %{
    "accountcode" => "",
    "calleridname" => "102",
    "calleridnum" => "102",
    "cause" => "16",
    "cause-txt" => "Normal Clearing",
    "channel" => "PJSIP/102-00000074",
    "channelstate" => "6",
    "channelstatedesc" => "Up",
    "connectedlinename" => "IVAN",
    "connectedlinenum" => "101",
    "context" => "org_all",
    "exten" => "",
    "language" => "en",
    "linkedid" => "1744769512.173",
    "priority" => "1",
    "privilege" => "call,all",
    "uniqueid" => "1744769519.174"
  },
  variables: %{}
}
