[2025-04-10 16:39:44.185802Z] %ElixirAmi.Event{
  event: "rtcpreceived",
  source: :asterisk_connection,
  action_id: nil,
  keys: %{
    "pt" => "200(SR)",
    "report0highestsequence" => "26302",
    "mes" => "85.4",
    "privilege" => "reporting,all",
    "channelstatedesc" => "Up",
    "uniqueid" => "1744303154.291",
    "sentntp" => "1744328383.416829",
    "report0fractionlost" => "0",
    "sentpackets" => "1320",
    "report0lsr" => "1926154218",
    "linkedid" => "1744303154.291",
    "ssrc" => "0xeba2d53f",
    "exten" => "102",
    "channel" => "PJSIP/104-000000c2",
    "report0iajitter" => "5",
    "sentrtp" => "211328",
    "context" => "org_all",
    "connectedlinename" => "102",
    "priority" => "2",
    "rtt" => "0.0001",
    "to" => "192.168.0.16:18863",
    "reportcount" => "1",
    "language" => "en",
    "sentoctets" => "211200",
    "calleridname" => "104",
    "from" => "192.168.0.16:4021",
    "report0cumulativelost" => "0",
    "report0sequencenumbercycles" => "0",
    "calleridnum" => "104",
    "channelstate" => "6",
    "accountcode" => "",
    "report0dlsr" => "1.4022",
    "report0sourcessrc" => "0x10795e93",
    "connectedlinenum" => "102"
  },
  variables: %{}
}
[2025-04-10 16:39:46.457041Z] %ElixirAmi.Event{
  event: "rtcpreceived",
  source: :asterisk_connection,
  action_id: nil,
  keys: %{
    "pt" => "200(SR)",
    "report0highestsequence" => "11221",
    "mes" => "85.4",
    "privilege" => "reporting,all",
    "channelstatedesc" => "Up",
    "uniqueid" => "1744303154.292",
    "sentntp" => "1744328385.691639",
    "report0fractionlost" => "0",
    "sentpackets" => "1434",
    "report0lsr" => "1926153820",
    "linkedid" => "1744303154.291",
    "ssrc" => "0xeba2d541",
    "exten" => "",
    "channel" => "PJSIP/102-000000c3",
    "report0iajitter" => "7",
    "sentrtp" => "229528",
    "context" => "org_all",
    "connectedlinename" => "104",
    "priority" => "1",
    "rtt" => "0.0002",
    "to" => "192.168.0.16:14453",
    "reportcount" => "1",
    "language" => "en",
    "sentoctets" => "229440",
    "calleridname" => "102",
    "from" => "192.168.0.16:4201",
    "report0cumulativelost" => "0",
    "report0sequencenumbercycles" => "0",
    "calleridnum" => "102",
    "channelstate" => "6",
    "accountcode" => "",
    "report0dlsr" => "3.6816",
    "report0sourcessrc" => "0x01f554d7",
    "connectedlinenum" => "104"
  },
  variables: %{}
}
[2025-04-10 16:39:47.482975Z] %ElixirAmi.Event{
  event: "rtcpreceived",
  source: :asterisk_connection,
  action_id: nil,
  keys: %{
    "pt" => "200(SR)",
    "report0highestsequence" => "26467",
    "mes" => "85.4",
    "privilege" => "reporting,all",
    "channelstatedesc" => "Up",
    "uniqueid" => "1744303154.291",
    "sentntp" => "1744328386.716058",
    "report0fractionlost" => "0",
    "sentpackets" => "1486",
    "report0lsr" => "1926154218",
    "linkedid" => "1744303154.291",
    "ssrc" => "0xeba2d542",
    "exten" => "102",
    "channel" => "PJSIP/104-000000c2",
    "report0iajitter" => "5",
    "sentrtp" => "237728",
    "context" => "org_all",
    "connectedlinename" => "102",
    "priority" => "2",
    "rtt" => "0.0002",
    "to" => "192.168.0.16:18863",
    "reportcount" => "1",
    "language" => "en",
    "sentoctets" => "237760",
    "calleridname" => "104",
    "from" => "192.168.0.16:4021",
    "report0cumulativelost" => "0",
    "report0sequencenumbercycles" => "0",
    "calleridnum" => "104",
    "channelstate" => "6",
    "accountcode" => "",
    "report0dlsr" => "4.7014",
    "report0sourcessrc" => "0x10795e93",
    "connectedlinenum" => "102"
  },
  variables: %{}
}
[2025-04-10 16:39:47.483655Z] %ElixirAmi.Event{
  event: "rtcpreceived",
  source: :asterisk_connection,
  action_id: nil,
  keys: %{
    "accountcode" => "",
    "calleridname" => "104",
    "calleridnum" => "104",
    "channel" => "PJSIP/104-000000c2",
    "channelstate" => "6",
    "channelstatedesc" => "Up",
    "connectedlinename" => "102",
    "connectedlinenum" => "102",
    "context" => "org_all",
    "exten" => "102",
    "from" => "192.168.0.16:4021",
    "language" => "en",
    "linkedid" => "1744303154.291",
    "mes" => "85.4",
    "priority" => "2",
    "privilege" => "reporting,all",
    "pt" => "201(RR)",
    "report0cumulativelost" => "0",
    "report0dlsr" => "4.7014",
    "report0fractionlost" => "0",
    "report0highestsequence" => "26467",
    "report0iajitter" => "5",
    "report0lsr" => "1926154218",
    "report0sequencenumbercycles" => "0",
    "report0sourcessrc" => "0x10795e93",
    "reportcount" => "1",
    "rtt" => "0.0001",
    "ssrc" => "0x10795e93",
    "to" => "192.168.0.16:18863",
    "uniqueid" => "1744303154.291"
  },
  variables: %{}
}
[2025-04-10 16:39:47.483926Z] %ElixirAmi.Event{
  event: "varset",
  source: :asterisk_connection,
  action_id: nil,
  keys: %{
    "accountcode" => "",
    "calleridname" => "104",
    "calleridnum" => "104",
    "channel" => "PJSIP/104-000000c2",
    "channelstate" => "6",
    "channelstatedesc" => "Up",
    "connectedlinename" => "102",
    "connectedlinenum" => "102",
    "context" => "org_all",
    "exten" => "102",
    "language" => "en",
    "linkedid" => "1744303154.291",
    "priority" => "2",
    "privilege" => "dialplan,all",
    "uniqueid" => "1744303154.291",
    "value" => "ssrc=276389523;themssrc=32855255;lp=0;rxjitter=0.000625;rxcount=1486;txjitter=0.000750;txcount=1486;rlp=0;rtt=0.000137;rxmes=85.365182;txmes=85.365255",
    "variable" => "RTPAUDIOQOS"
  },
  variables: %{}
}
[2025-04-10 16:39:47.484217Z] %ElixirAmi.Event{
  event: "varset",
  source: :asterisk_connection,
  action_id: nil,
  keys: %{
    "accountcode" => "",
    "calleridname" => "102",
    "calleridnum" => "102",
    "channel" => "PJSIP/102-000000c3",
    "channelstate" => "6",
    "channelstatedesc" => "Up",
    "connectedlinename" => "104",
    "connectedlinenum" => "104",
    "context" => "org_all",
    "exten" => "",
    "language" => "en",
    "linkedid" => "1744303154.291",
    "priority" => "1",
    "privilege" => "dialplan,all",
    "uniqueid" => "1744303154.292",
    "value" => "ssrc=276389523;themssrc=32855255;lp=0;rxjitter=0.000625;rxcount=1486;txjitter=0.000750;txcount=1486;rlp=0;rtt=0.000137;rxmes=85.365182;txmes=85.365255",
    "variable" => "RTPAUDIOQOSBRIDGED"
  },
  variables: %{}
}
[2025-04-10 16:39:47.484576Z] %ElixirAmi.Event{
  event: "varset",
  source: :asterisk_connection,
  action_id: nil,
  keys: %{
    "accountcode" => "",
    "calleridname" => "104",
    "calleridnum" => "104",
    "channel" => "PJSIP/104-000000c2",
    "channelstate" => "6",
    "channelstatedesc" => "Up",
    "connectedlinename" => "102",
    "connectedlinenum" => "102",
    "context" => "org_all",
    "exten" => "102",
    "language" => "en",
    "linkedid" => "1744303154.291",
    "priority" => "2",
    "privilege" => "dialplan,all",
    "uniqueid" => "1744303154.291",
    "value" => "minrxjitter=000.000000;maxrxjitter=000.000875;avgrxjitter=000.000813;stdevrxjitter=000.000085;mintxjitter=000.000000;maxtxjitter=000.000750;avgtxjitter=000.000463;stdevtxjitter=000.000306;",
    "variable" => "RTPAUDIOQOSJITTER"
  },
  variables: %{}
}
[2025-04-10 16:39:47.484902Z] %ElixirAmi.Event{
  event: "varset",
  source: :asterisk_connection,
  action_id: nil,
  keys: %{
    "accountcode" => "",
    "calleridname" => "102",
    "calleridnum" => "102",
    "channel" => "PJSIP/102-000000c3",
    "channelstate" => "6",
    "channelstatedesc" => "Up",
    "connectedlinename" => "104",
    "connectedlinenum" => "104",
    "context" => "org_all",
    "exten" => "",
    "language" => "en",
    "linkedid" => "1744303154.291",
    "priority" => "1",
    "privilege" => "dialplan,all",
    "uniqueid" => "1744303154.292",
    "value" => "minrxjitter=000.000000;maxrxjitter=000.000875;avgrxjitter=000.000813;stdevrxjitter=000.000085;mintxjitter=000.000000;maxtxjitter=000.000750;avgtxjitter=000.000463;stdevtxjitter=000.000306;",
    "variable" => "RTPAUDIOQOSJITTERBRIDGED"
  },
  variables: %{}
}
[2025-04-10 16:39:47.485207Z] %ElixirAmi.Event{
  event: "varset",
  source: :asterisk_connection,
  action_id: nil,
  keys: %{
    "accountcode" => "",
    "calleridname" => "104",
    "calleridnum" => "104",
    "channel" => "PJSIP/104-000000c2",
    "channelstate" => "6",
    "channelstatedesc" => "Up",
    "connectedlinename" => "102",
    "connectedlinenum" => "102",
    "context" => "org_all",
    "exten" => "102",
    "language" => "en",
    "linkedid" => "1744303154.291",
    "priority" => "2",
    "privilege" => "dialplan,all",
    "uniqueid" => "1744303154.291",
    "value" => "minrxlost=000.000000;  maxrxlost=000.000000;  avgrxlost=000.000000;  stdevrxlost=000.000000;  mintxlost=000.000000;  maxtxlost=000.000000;  avgtxlost=000.000000;  stdevtxlost=000.000000;",
    "variable" => "RTPAUDIOQOSLOSS"
  },
  variables: %{}
}
[2025-04-10 16:39:47.485489Z] %ElixirAmi.Event{
  event: "varset",
  source: :asterisk_connection,
  action_id: nil,
  keys: %{
    "accountcode" => "",
    "calleridname" => "102",
    "calleridnum" => "102",
    "channel" => "PJSIP/102-000000c3",
    "channelstate" => "6",
    "channelstatedesc" => "Up",
    "connectedlinename" => "104",
    "connectedlinenum" => "104",
    "context" => "org_all",
    "exten" => "",
    "language" => "en",
    "linkedid" => "1744303154.291",
    "priority" => "1",
    "privilege" => "dialplan,all",
    "uniqueid" => "1744303154.292",
    "value" => "minrxlost=000.000000;  maxrxlost=000.000000;  avgrxlost=000.000000;  stdevrxlost=000.000000;  mintxlost=000.000000;  maxtxlost=000.000000;  avgtxlost=000.000000;  stdevtxlost=000.000000;",
    "variable" => "RTPAUDIOQOSLOSSBRIDGED"
  },
  variables: %{}
}
[2025-04-10 16:39:47.485721Z] %ElixirAmi.Event{
  event: "varset",
  source: :asterisk_connection,
  action_id: nil,
  keys: %{
    "accountcode" => "",
    "calleridname" => "104",
    "calleridnum" => "104",
    "channel" => "PJSIP/104-000000c2",
    "channelstate" => "6",
    "channelstatedesc" => "Up",
    "connectedlinename" => "102",
    "connectedlinenum" => "102",
    "context" => "org_all",
    "exten" => "102",
    "language" => "en",
    "linkedid" => "1744303154.291",
    "priority" => "2",
    "privilege" => "dialplan,all",
    "uniqueid" => "1744303154.291",
    "value" => "minrtt=000.000106;     maxrtt=000.000152;     avgrtt=000.000126;     stdevrtt=000.000020;",
    "variable" => "RTPAUDIOQOSRTT"
  },
  variables: %{}
}
[2025-04-10 16:39:47.485980Z] %ElixirAmi.Event{
  event: "varset",
  source: :asterisk_connection,
  action_id: nil,
  keys: %{
    "accountcode" => "",
    "calleridname" => "102",
    "calleridnum" => "102",
    "channel" => "PJSIP/102-000000c3",
    "channelstate" => "6",
    "channelstatedesc" => "Up",
    "connectedlinename" => "104",
    "connectedlinenum" => "104",
    "context" => "org_all",
    "exten" => "",
    "language" => "en",
    "linkedid" => "1744303154.291",
    "priority" => "1",
    "privilege" => "dialplan,all",
    "uniqueid" => "1744303154.292",
    "value" => "minrtt=000.000106;     maxrtt=000.000152;     avgrtt=000.000126;     stdevrtt=000.000020;",
    "variable" => "RTPAUDIOQOSRTTBRIDGED"
  },
  variables: %{}
}
[2025-04-10 16:39:47.486261Z] %ElixirAmi.Event{
  event: "varset",
  source: :asterisk_connection,
  action_id: nil,
  keys: %{
    "accountcode" => "",
    "calleridname" => "104",
    "calleridnum" => "104",
    "channel" => "PJSIP/104-000000c2",
    "channelstate" => "6",
    "channelstatedesc" => "Up",
    "connectedlinename" => "102",
    "connectedlinenum" => "102",
    "context" => "org_all",
    "exten" => "102",
    "language" => "en",
    "linkedid" => "1744303154.291",
    "priority" => "2",
    "privilege" => "dialplan,all",
    "uniqueid" => "1744303154.291",
    "value" => "minrxmes=085.364996;   maxrxmes=085.367289;   avgrxmes=085.365591;   stdevrxmes=000.000085;   mintxmes=085.364996;   maxtxmes=085.367289;   avgtxmes=085.365823;   stdevtxmes=000.000962;",
    "variable" => "RTPAUDIOQOSMES"
  },
  variables: %{}
}
[2025-04-10 16:39:47.486519Z] %ElixirAmi.Event{
  event: "varset",
  source: :asterisk_connection,
  action_id: nil,
  keys: %{
    "accountcode" => "",
    "calleridname" => "102",
    "calleridnum" => "102",
    "channel" => "PJSIP/102-000000c3",
    "channelstate" => "6",
    "channelstatedesc" => "Up",
    "connectedlinename" => "104",
    "connectedlinenum" => "104",
    "context" => "org_all",
    "exten" => "",
    "language" => "en",
    "linkedid" => "1744303154.291",
    "priority" => "1",
    "privilege" => "dialplan,all",
    "uniqueid" => "1744303154.292",
    "value" => "minrxmes=085.364996;   maxrxmes=085.367289;   avgrxmes=085.365591;   stdevrxmes=000.000085;   mintxmes=085.364996;   maxtxmes=085.367289;   avgtxmes=085.365823;   stdevtxmes=000.000962;",
    "variable" => "RTPAUDIOQOSMESBRIDGED"
  },
  variables: %{}
}
[2025-04-10 16:39:47.486664Z] %ElixirAmi.Event{
  event: "hanguprequest",
  source: :asterisk_connection,
  action_id: nil,
  keys: %{
    "accountcode" => "",
    "calleridname" => "104",
    "calleridnum" => "104",
    "channel" => "PJSIP/104-000000c2",
    "channelstate" => "6",
    "channelstatedesc" => "Up",
    "connectedlinename" => "102",
    "connectedlinenum" => "102",
    "context" => "org_all",
    "exten" => "102",
    "language" => "en",
    "linkedid" => "1744303154.291",
    "priority" => "2",
    "privilege" => "call,all",
    "uniqueid" => "1744303154.291"
  },
  variables: %{}
}
[2025-04-10 16:39:47.486824Z] %ElixirAmi.Event{
  event: "varset",
  source: :asterisk_connection,
  action_id: nil,
  keys: %{
    "accountcode" => "",
    "calleridname" => "104",
    "calleridnum" => "104",
    "channel" => "PJSIP/104-000000c2",
    "channelstate" => "6",
    "channelstatedesc" => "Up",
    "connectedlinename" => "102",
    "connectedlinenum" => "102",
    "context" => "org_all",
    "exten" => "102",
    "language" => "en",
    "linkedid" => "1744303154.291",
    "priority" => "2",
    "privilege" => "dialplan,all",
    "uniqueid" => "1744303154.291",
    "value" => "",
    "variable" => "BRIDGEPEER"
  },
  variables: %{}
}
[2025-04-10 16:39:47.487019Z] %ElixirAmi.Event{
  event: "varset",
  source: :asterisk_connection,
  action_id: nil,
  keys: %{
    "accountcode" => "",
    "calleridname" => "104",
    "calleridnum" => "104",
    "channel" => "PJSIP/104-000000c2",
    "channelstate" => "6",
    "channelstatedesc" => "Up",
    "connectedlinename" => "102",
    "connectedlinenum" => "102",
    "context" => "org_all",
    "exten" => "102",
    "language" => "en",
    "linkedid" => "1744303154.291",
    "priority" => "2",
    "privilege" => "dialplan,all",
    "uniqueid" => "1744303154.291",
    "value" => "",
    "variable" => "BRIDGEPVTCALLID"
  },
  variables: %{}
}
[2025-04-10 16:39:47.487199Z] %ElixirAmi.Event{
  event: "varset",
  source: :asterisk_connection,
  action_id: nil,
  keys: %{
    "accountcode" => "",
    "calleridname" => "102",
    "calleridnum" => "102",
    "channel" => "PJSIP/102-000000c3",
    "channelstate" => "6",
    "channelstatedesc" => "Up",
    "connectedlinename" => "104",
    "connectedlinenum" => "104",
    "context" => "org_all",
    "exten" => "",
    "language" => "en",
    "linkedid" => "1744303154.291",
    "priority" => "1",
    "privilege" => "dialplan,all",
    "uniqueid" => "1744303154.292",
    "value" => "",
    "variable" => "BRIDGEPEER"
  },
  variables: %{}
}
[2025-04-10 16:39:47.487369Z] %ElixirAmi.Event{
  event: "varset",
  source: :asterisk_connection,
  action_id: nil,
  keys: %{
    "accountcode" => "",
    "calleridname" => "102",
    "calleridnum" => "102",
    "channel" => "PJSIP/102-000000c3",
    "channelstate" => "6",
    "channelstatedesc" => "Up",
    "connectedlinename" => "104",
    "connectedlinenum" => "104",
    "context" => "org_all",
    "exten" => "",
    "language" => "en",
    "linkedid" => "1744303154.291",
    "priority" => "1",
    "privilege" => "dialplan,all",
    "uniqueid" => "1744303154.292",
    "value" => "",
    "variable" => "BRIDGEPVTCALLID"
  },
  variables: %{}
}
[2025-04-10 16:39:47.487791Z] %ElixirAmi.Event{
  event: "bridgeleave",
  source: :asterisk_connection,
  action_id: nil,
  keys: %{
    "accountcode" => "",
    "bridgecreator" => "<unknown>",
    "bridgename" => "<unknown>",
    "bridgenumchannels" => "1",
    "bridgetechnology" => "native_rtp",
    "bridgetype" => "basic",
    "bridgeuniqueid" => "3d2b61c2-ec07-4ce2-8948-d8df59d5702f",
    "bridgevideosourcemode" => "none",
    "calleridname" => "104",
    "calleridnum" => "104",
    "channel" => "PJSIP/104-000000c2",
    "channelstate" => "6",
    "channelstatedesc" => "Up",
    "connectedlinename" => "102",
    "connectedlinenum" => "102",
    "context" => "org_all",
    "exten" => "102",
    "language" => "en",
    "linkedid" => "1744303154.291",
    "priority" => "2",
    "privilege" => "call,all",
    "uniqueid" => "1744303154.291"
  },
  variables: %{}
}
[2025-04-10 16:39:47.488101Z] %ElixirAmi.Event{
  event: "bridgeleave",
  source: :asterisk_connection,
  action_id: nil,
  keys: %{
    "accountcode" => "",
    "bridgecreator" => "<unknown>",
    "bridgename" => "<unknown>",
    "bridgenumchannels" => "0",
    "bridgetechnology" => "native_rtp",
    "bridgetype" => "basic",
    "bridgeuniqueid" => "3d2b61c2-ec07-4ce2-8948-d8df59d5702f",
    "bridgevideosourcemode" => "none",
    "calleridname" => "102",
    "calleridnum" => "102",
    "channel" => "PJSIP/102-000000c3",
    "channelstate" => "6",
    "channelstatedesc" => "Up",
    "connectedlinename" => "104",
    "connectedlinenum" => "104",
    "context" => "org_all",
    "exten" => "",
    "language" => "en",
    "linkedid" => "1744303154.291",
    "priority" => "1",
    "privilege" => "call,all",
    "uniqueid" => "1744303154.292"
  },
  variables: %{}
}
[2025-04-10 16:39:47.488378Z] %ElixirAmi.Event{
  event: "varset",
  source: :asterisk_connection,
  action_id: nil,
  keys: %{
    "accountcode" => "",
    "calleridname" => "104",
    "calleridnum" => "104",
    "channel" => "PJSIP/104-000000c2",
    "channelstate" => "6",
    "channelstatedesc" => "Up",
    "connectedlinename" => "102",
    "connectedlinenum" => "102",
    "context" => "org_all",
    "exten" => "102",
    "language" => "en",
    "linkedid" => "1744303154.291",
    "priority" => "2",
    "privilege" => "dialplan,all",
    "uniqueid" => "1744303154.291",
    "value" => "29",
    "variable" => "ANSWEREDTIME"
  },
  variables: %{}
}
[2025-04-10 16:39:47.488654Z] %ElixirAmi.Event{
  event: "varset",
  source: :asterisk_connection,
  action_id: nil,
  keys: %{
    "accountcode" => "",
    "calleridname" => "104",
    "calleridnum" => "104",
    "channel" => "PJSIP/104-000000c2",
    "channelstate" => "6",
    "channelstatedesc" => "Up",
    "connectedlinename" => "102",
    "connectedlinenum" => "102",
    "context" => "org_all",
    "exten" => "102",
    "language" => "en",
    "linkedid" => "1744303154.291",
    "priority" => "2",
    "privilege" => "dialplan,all",
    "uniqueid" => "1744303154.291",
    "value" => "29717",
    "variable" => "ANSWEREDTIME_MS"
  },
  variables: %{}
}
[2025-04-10 16:39:47.488969Z] %ElixirAmi.Event{
  event: "varset",
  source: :asterisk_connection,
  action_id: nil,
  keys: %{
    "accountcode" => "",
    "calleridname" => "104",
    "calleridnum" => "104",
    "channel" => "PJSIP/104-000000c2",
    "channelstate" => "6",
    "channelstatedesc" => "Up",
    "connectedlinename" => "102",
    "connectedlinenum" => "102",
    "context" => "org_all",
    "exten" => "102",
    "language" => "en",
    "linkedid" => "1744303154.291",
    "priority" => "2",
    "privilege" => "dialplan,all",
    "uniqueid" => "1744303154.291",
    "value" => "33",
    "variable" => "DIALEDTIME"
  },
  variables: %{}
}
[2025-04-10 16:39:47.489264Z] %ElixirAmi.Event{
  event: "varset",
  source: :asterisk_connection,
  action_id: nil,
  keys: %{
    "accountcode" => "",
    "calleridname" => "104",
    "calleridnum" => "104",
    "channel" => "PJSIP/104-000000c2",
    "channelstate" => "6",
    "channelstatedesc" => "Up",
    "connectedlinename" => "102",
    "connectedlinenum" => "102",
    "context" => "org_all",
    "exten" => "102",
    "language" => "en",
    "linkedid" => "1744303154.291",
    "priority" => "2",
    "privilege" => "dialplan,all",
    "uniqueid" => "1744303154.291",
    "value" => "33441",
    "variable" => "DIALEDTIME_MS"
  },
  variables: %{}
}
[2025-04-10 16:39:47.489538Z] %ElixirAmi.Event{
  event: "varset",
  source: :asterisk_connection,
  action_id: nil,
  keys: %{
    "accountcode" => "",
    "calleridname" => "104",
    "calleridnum" => "104",
    "channel" => "PJSIP/104-000000c2",
    "channelstate" => "6",
    "channelstatedesc" => "Up",
    "connectedlinename" => "102",
    "connectedlinenum" => "102",
    "context" => "org_all",
    "exten" => "102",
    "language" => "en",
    "linkedid" => "1744303154.291",
    "priority" => "2",
    "privilege" => "dialplan,all",
    "uniqueid" => "1744303154.291",
    "value" => "ANSWER",
    "variable" => "DIALSTATUS"
  },
  variables: %{}
}
[2025-04-10 16:39:47.489706Z] %ElixirAmi.Event{
  event: "softhanguprequest",
  source: :asterisk_connection,
  action_id: nil,
  keys: %{
    "accountcode" => "",
    "calleridname" => "104",
    "calleridnum" => "104",
    "cause" => "16",
    "channel" => "PJSIP/104-000000c2",
    "channelstate" => "6",
    "channelstatedesc" => "Up",
    "connectedlinename" => "102",
    "connectedlinenum" => "102",
    "context" => "org_all",
    "exten" => "102",
    "language" => "en",
    "linkedid" => "1744303154.291",
    "priority" => "2",
    "privilege" => "call,all",
    "uniqueid" => "1744303154.291"
  },
  variables: %{}
}
[2025-04-10 16:39:47.489993Z] %ElixirAmi.Event{
  event: "varset",
  source: :asterisk_connection,
  action_id: nil,
  keys: %{
    "accountcode" => "",
    "calleridname" => "102",
    "calleridnum" => "102",
    "channel" => "PJSIP/102-000000c3",
    "channelstate" => "6",
    "channelstatedesc" => "Up",
    "connectedlinename" => "104",
    "connectedlinenum" => "104",
    "context" => "org_all",
    "exten" => "",
    "language" => "en",
    "linkedid" => "1744303154.291",
    "priority" => "1",
    "privilege" => "dialplan,all",
    "uniqueid" => "1744303154.292",
    "value" => "ssrc=963482582;themssrc=276389523;lp=0;rxjitter=0.000875;rxcount=1486;txjitter=0.000625;txcount=1486;rlp=0;rtt=0.000152;rxmes=85.364537;txmes=85.364485",
    "variable" => "RTPAUDIOQOS"
  },
  variables: %{}
}
[2025-04-10 16:39:47.490445Z] %ElixirAmi.Event{
  event: "varset",
  source: :asterisk_connection,
  action_id: nil,
  keys: %{
    "accountcode" => "",
    "calleridname" => "102",
    "calleridnum" => "102",
    "channel" => "PJSIP/102-000000c3",
    "channelstate" => "6",
    "channelstatedesc" => "Up",
    "connectedlinename" => "104",
    "connectedlinenum" => "104",
    "context" => "org_all",
    "exten" => "",
    "language" => "en",
    "linkedid" => "1744303154.291",
    "priority" => "1",
    "privilege" => "dialplan,all",
    "uniqueid" => "1744303154.292",
    "value" => "minrxjitter=000.000000;maxrxjitter=000.000875;avgrxjitter=000.000675;stdevrxjitter=000.000080;mintxjitter=000.000000;maxtxjitter=000.000875;avgtxjitter=000.000583;stdevtxjitter=000.000412;",
    "variable" => "RTPAUDIOQOSJITTER"
  },
  variables: %{}
}
[2025-04-10 16:39:47.490763Z] %ElixirAmi.Event{
  event: "varset",
  source: :asterisk_connection,
  action_id: nil,
  keys: %{
    "accountcode" => "",
    "calleridname" => "102",
    "calleridnum" => "102",
    "channel" => "PJSIP/102-000000c3",
    "channelstate" => "6",
    "channelstatedesc" => "Up",
    "connectedlinename" => "104",
    "connectedlinenum" => "104",
    "context" => "org_all",
    "exten" => "",
    "language" => "en",
    "linkedid" => "1744303154.291",
    "priority" => "1",
    "privilege" => "dialplan,all",
    "uniqueid" => "1744303154.292",
    "value" => "minrxlost=000.000000;  maxrxlost=000.000000;  avgrxlost=000.000000;  stdevrxlost=000.000000;  mintxlost=000.000000;  maxtxlost=000.000000;  avgtxlost=000.000000;  stdevtxlost=000.000000;",
    "variable" => "RTPAUDIOQOSLOSS"
  },
  variables: %{}
}
[2025-04-10 16:39:47.491168Z] %ElixirAmi.Event{
  event: "varset",
  source: :asterisk_connection,
  action_id: nil,
  keys: %{
    "accountcode" => "",
    "calleridname" => "102",
    "calleridnum" => "102",
    "channel" => "PJSIP/102-000000c3",
    "channelstate" => "6",
    "channelstatedesc" => "Up",
    "connectedlinename" => "104",
    "connectedlinenum" => "104",
    "context" => "org_all",
    "exten" => "",
    "language" => "en",
    "linkedid" => "1744303154.291",
    "priority" => "1",
    "privilege" => "dialplan,all",
    "uniqueid" => "1744303154.292",
    "value" => "minrtt=000.000137;     maxrtt=000.000213;     avgrtt=000.000164;     stdevrtt=000.000030;",
    "variable" => "RTPAUDIOQOSRTT"
  },
  variables: %{}
}
[2025-04-10 16:39:47.491340Z] %ElixirAmi.Event{
  event: "varset",
  source: :asterisk_connection,
  action_id: nil,
  keys: %{
    "accountcode" => "",
    "calleridname" => "102",
    "calleridnum" => "102",
    "channel" => "PJSIP/102-000000c3",
    "channelstate" => "6",
    "channelstatedesc" => "Up",
    "connectedlinename" => "104",
    "connectedlinenum" => "104",
    "context" => "org_all",
    "exten" => "",
    "language" => "en",
    "linkedid" => "1744303154.291",
    "priority" => "1",
    "privilege" => "dialplan,all",
    "uniqueid" => "1744303154.292",
    "value" => "minrxmes=085.363723;   maxrxmes=085.367289;   avgrxmes=085.364757;   stdevrxmes=000.000080;   mintxmes=085.363723;   maxtxmes=085.367289;   avgtxmes=085.365577;   stdevtxmes=000.001549;",
    "variable" => "RTPAUDIOQOSMES"
  },
  variables: %{}
}
[2025-04-10 16:39:47.491502Z] %ElixirAmi.Event{
  event: "varset",
  source: :asterisk_connection,
  action_id: nil,
  keys: %{
    "accountcode" => "",
    "calleridname" => "104",
    "calleridnum" => "104",
    "channel" => "PJSIP/104-000000c2",
    "channelstate" => "6",
    "channelstatedesc" => "Up",
    "connectedlinename" => "102",
    "connectedlinenum" => "102",
    "context" => "org_all",
    "exten" => "102",
    "language" => "en",
    "linkedid" => "1744303154.291",
    "priority" => "2",
    "privilege" => "dialplan,all",
    "uniqueid" => "1744303154.291",
    "value" => "ssrc=1833868606;themssrc=32855255;lp=0;rxjitter=0.000625;rxcount=1486;txjitter=0.000750;txcount=1486;rlp=0;rtt=0.000137;rxmes=85.365182;txmes=85.365255",
    "variable" => "RTPAUDIOQOS"
  },
  variables: %{}
}
[2025-04-10 16:39:47.491779Z] %ElixirAmi.Event{
  event: "varset",
  source: :asterisk_connection,
  action_id: nil,
  keys: %{
    "accountcode" => "",
    "calleridname" => "104",
    "calleridnum" => "104",
    "channel" => "PJSIP/104-000000c2",
    "channelstate" => "6",
    "channelstatedesc" => "Up",
    "connectedlinename" => "102",
    "connectedlinenum" => "102",
    "context" => "org_all",
    "exten" => "102",
    "language" => "en",
    "linkedid" => "1744303154.291",
    "priority" => "2",
    "privilege" => "dialplan,all",
    "uniqueid" => "1744303154.291",
    "value" => "minrxjitter=000.000000;maxrxjitter=000.000875;avgrxjitter=000.000813;stdevrxjitter=000.000085;mintxjitter=000.000000;maxtxjitter=000.000750;avgtxjitter=000.000463;stdevtxjitter=000.000306;",
    "variable" => "RTPAUDIOQOSJITTER"
  },
  variables: %{}
}
[2025-04-10 16:39:47.492063Z] %ElixirAmi.Event{
  event: "varset",
  source: :asterisk_connection,
  action_id: nil,
  keys: %{
    "accountcode" => "",
    "calleridname" => "104",
    "calleridnum" => "104",
    "channel" => "PJSIP/104-000000c2",
    "channelstate" => "6",
    "channelstatedesc" => "Up",
    "connectedlinename" => "102",
    "connectedlinenum" => "102",
    "context" => "org_all",
    "exten" => "102",
    "language" => "en",
    "linkedid" => "1744303154.291",
    "priority" => "2",
    "privilege" => "dialplan,all",
    "uniqueid" => "1744303154.291",
    "value" => "minrxlost=000.000000;  maxrxlost=000.000000;  avgrxlost=000.000000;  stdevrxlost=000.000000;  mintxlost=000.000000;  maxtxlost=000.000000;  avgtxlost=000.000000;  stdevtxlost=000.000000;",
    "variable" => "RTPAUDIOQOSLOSS"
  },
  variables: %{}
}
[2025-04-10 16:39:47.492312Z] %ElixirAmi.Event{
  event: "varset",
  source: :asterisk_connection,
  action_id: nil,
  keys: %{
    "accountcode" => "",
    "calleridname" => "104",
    "calleridnum" => "104",
    "channel" => "PJSIP/104-000000c2",
    "channelstate" => "6",
    "channelstatedesc" => "Up",
    "connectedlinename" => "102",
    "connectedlinenum" => "102",
    "context" => "org_all",
    "exten" => "102",
    "language" => "en",
    "linkedid" => "1744303154.291",
    "priority" => "2",
    "privilege" => "dialplan,all",
    "uniqueid" => "1744303154.291",
    "value" => "minrtt=000.000106;     maxrtt=000.000152;     avgrtt=000.000126;     stdevrtt=000.000020;",
    "variable" => "RTPAUDIOQOSRTT"
  },
  variables: %{}
}
[2025-04-10 16:39:47.492566Z] %ElixirAmi.Event{
  event: "varset",
  source: :asterisk_connection,
  action_id: nil,
  keys: %{
    "accountcode" => "",
    "calleridname" => "104",
    "calleridnum" => "104",
    "channel" => "PJSIP/104-000000c2",
    "channelstate" => "6",
    "channelstatedesc" => "Up",
    "connectedlinename" => "102",
    "connectedlinenum" => "102",
    "context" => "org_all",
    "exten" => "102",
    "language" => "en",
    "linkedid" => "1744303154.291",
    "priority" => "2",
    "privilege" => "dialplan,all",
    "uniqueid" => "1744303154.291",
    "value" => "minrxmes=085.364996;   maxrxmes=085.367289;   avgrxmes=085.365591;   stdevrxmes=000.000085;   mintxmes=085.364996;   maxtxmes=085.367289;   avgtxmes=085.365823;   stdevtxmes=000.000962;",
    "variable" => "RTPAUDIOQOSMES"
  },
  variables: %{}
}
[2025-04-10 16:39:47.492879Z] %ElixirAmi.Event{
  event: "hangup",
  source: :asterisk_connection,
  action_id: nil,
  keys: %{
    "accountcode" => "",
    "calleridname" => "102",
    "calleridnum" => "102",
    "cause" => "16",
    "cause-txt" => "Normal Clearing",
    "channel" => "PJSIP/102-000000c3",
    "channelstate" => "6",
    "channelstatedesc" => "Up",
    "connectedlinename" => "104",
    "connectedlinenum" => "104",
    "context" => "org_all",
    "exten" => "",
    "language" => "en",
    "linkedid" => "1744303154.291",
    "priority" => "1",
    "privilege" => "call,all",
    "uniqueid" => "1744303154.292"
  },
  variables: %{}
}
[2025-04-10 16:39:47.493042Z] %ElixirAmi.Event{
  event: "hangup",
  source: :asterisk_connection,
  action_id: nil,
  keys: %{
    "accountcode" => "",
    "calleridname" => "104",
    "calleridnum" => "104",
    "cause" => "16",
    "cause-txt" => "Normal Clearing",
    "channel" => "PJSIP/104-000000c2",
    "channelstate" => "6",
    "channelstatedesc" => "Up",
    "connectedlinename" => "102",
    "connectedlinenum" => "102",
    "context" => "org_all",
    "exten" => "102",
    "language" => "en",
    "linkedid" => "1744303154.291",
    "priority" => "2",
    "privilege" => "call,all",
    "uniqueid" => "1744303154.291"
  },
  variables: %{}
}
