[2025-04-16 02:43:20.389806Z] %ElixirAmi.Event{
  event: "varset",
  source: :asterisk_connection,
  action_id: nil,
  keys: %{
    "accountcode" => "",
    "calleridname" => "IVAN",
    "calleridnum" => "101",
    "channel" => "PJSIP/101-0000007b",
    "channelstate" => "6",
    "channelstatedesc" => "Up",
    "connectedlinename" => "IVAN",
    "connectedlinenum" => "101",
    "context" => "org_all",
    "exten" => "102",
    "language" => "en",
    "linkedid" => "1744771398.185",
    "priority" => "2",
    "privilege" => "dialplan,all",
    "uniqueid" => "1744771398.185",
    "value" => "",
    "variable" => "PROGRESSTIME_MS"
  },
  variables: %{}
}
[2025-04-16 02:43:20.386860Z] %ElixirAmi.Event{
  event: "newstate",
  source: :asterisk_connection,
  action_id: nil,
  keys: %{
    "accountcode" => "",
    "calleridname" => "IVAN",
    "calleridnum" => "101",
    "channel" => "PJSIP/101-0000007b",
    "channelstate" => "6",
    "channelstatedesc" => "Up",
    "connectedlinename" => "IVAN",
    "connectedlinenum" => "101",
    "context" => "org_all",
    "exten" => "s",
    "language" => "en",
    "linkedid" => "1744771398.185",
    "priority" => "1",
    "privilege" => "call,all",
    "uniqueid" => "1744771398.185"
  },
  variables: %{}
}
[2025-04-16 02:43:20.386855Z] %ElixirAmi.Event{
  event: "rtcpreceived",
  source: :asterisk_connection,
  action_id: nil,
  keys: %{
    "accountcode" => "",
    "calleridname" => "IVAN",
    "calleridnum" => "101",
    "channel" => "PJSIP/101-0000007b",
    "channelstate" => "5",
    "channelstatedesc" => "Ringing",
    "connectedlinename" => "IVAN",
    "connectedlinenum" => "101",
    "context" => "org_all",
    "exten" => "s",
    "from" => "192.168.0.16:4109",
    "language" => "en",
    "linkedid" => "1744771398.185",
    "mes" => "85.4",
    "priority" => "1",
    "privilege" => "reporting,all",
    "pt" => "201(RR)",
    "report0cumulativelost" => "0",
    "report0dlsr" => "0.0000",
    "report0fractionlost" => "0",
    "report0highestsequence" => "0",
    "report0iajitter" => "0",
    "report0lsr" => "0",
    "report0sequencenumbercycles" => "0",
    "report0sourcessrc" => "0x00000000",
    "reportcount" => "1",
    "rtt" => "0.0000",
    "ssrc" => "0x00000000",
    "to" => "192.168.0.16:18623",
    "uniqueid" => "1744771398.185"
  },
  variables: %{}
}
[2025-04-16 02:43:20.386929Z] %ElixirAmi.Event{
  event: "newexten",
  source: :asterisk_connection,
  action_id: nil,
  keys: %{
    "accountcode" => "",
    "appdata" => "PJSIP/102,20,",
    "application" => "Dial",
    "calleridname" => "IVAN",
    "calleridnum" => "101",
    "channel" => "PJSIP/101-0000007b",
    "channelstate" => "6",
    "channelstatedesc" => "Up",
    "connectedlinename" => "IVAN",
    "connectedlinenum" => "101",
    "context" => "org_all",
    "exten" => "102",
    "extension" => "102",
    "language" => "en",
    "linkedid" => "1744771398.185",
    "priority" => "2",
    "privilege" => "dialplan,all",
    "uniqueid" => "1744771398.185"
  },
  variables: %{}
}
[2025-04-16 02:43:20.386847Z] %ElixirAmi.Event{
  event: "newstate",
  source: :asterisk_connection,
  action_id: nil,
  keys: %{
    "accountcode" => "",
    "calleridname" => "IVAN",
    "calleridnum" => "101",
    "channel" => "PJSIP/101-0000007b",
    "channelstate" => "5",
    "channelstatedesc" => "Ringing",
    "connectedlinename" => "IVAN",
    "connectedlinenum" => "101",
    "context" => "org_all",
    "exten" => "s",
    "language" => "en",
    "linkedid" => "1744771398.185",
    "priority" => "1",
    "privilege" => "call,all",
    "uniqueid" => "1744771398.185"
  },
  variables: %{}
}
[2025-04-16 02:43:20.386850Z] %ElixirAmi.Event{
  event: "newcallerid",
  source: :asterisk_connection,
  action_id: nil,
  keys: %{
    "accountcode" => "",
    "calleridname" => "IVAN",
    "calleridnum" => "101",
    "channel" => "PJSIP/101-0000007b",
    "channelstate" => "0",
    "channelstatedesc" => "Down",
    "cid-callingpres" => "0 (Presentation Allowed, Not Screened)",
    "connectedlinename" => "<unknown>",
    "connectedlinenum" => "<unknown>",
    "context" => "org_all",
    "exten" => "s",
    "language" => "en",
    "linkedid" => "1744771398.185",
    "priority" => "1",
    "privilege" => "call,all",
    "uniqueid" => "1744771398.185"
  },
  variables: %{}
}
[2025-04-16 02:43:20.386935Z] %ElixirAmi.Event{
  event: "varset",
  source: :asterisk_connection,
  action_id: nil,
  keys: %{
    "accountcode" => "",
    "calleridname" => "IVAN",
    "calleridnum" => "101",
    "channel" => "PJSIP/101-0000007b",
    "channelstate" => "6",
    "channelstatedesc" => "Up",
    "connectedlinename" => "IVAN",
    "connectedlinenum" => "101",
    "context" => "org_all",
    "exten" => "102",
    "language" => "en",
    "linkedid" => "1744771398.185",
    "priority" => "2",
    "privilege" => "dialplan,all",
    "uniqueid" => "1744771398.185",
    "value" => "",
    "variable" => "DIALEDPEERNAME"
  },
  variables: %{}
}
[2025-04-16 02:43:20.389936Z] %ElixirAmi.Event{
  event: "newchannel",
  source: :asterisk_connection,
  action_id: nil,
  keys: %{
    "accountcode" => "",
    "calleridname" => "102",
    "calleridnum" => "102",
    "channel" => "PJSIP/102-0000007c",
    "channelstate" => "0",
    "channelstatedesc" => "Down",
    "connectedlinename" => "<unknown>",
    "connectedlinenum" => "<unknown>",
    "context" => "org_all",
    "exten" => "s",
    "language" => "en",
    "linkedid" => "1744771398.185",
    "priority" => "1",
    "privilege" => "call,all",
    "uniqueid" => "1744771400.186"
  },
  variables: %{}
}
[2025-04-16 02:43:20.386852Z] %ElixirAmi.Event{
  event: "newexten",
  source: :asterisk_connection,
  action_id: nil,
  keys: %{
    "accountcode" => "",
    "appdata" => "(Outgoing Line)",
    "application" => "AppDial2",
    "calleridname" => "101",
    "calleridnum" => "101",
    "channel" => "PJSIP/101-0000007b",
    "channelstate" => "0",
    "channelstatedesc" => "Down",
    "connectedlinename" => "<unknown>",
    "connectedlinenum" => "<unknown>",
    "context" => "org_all",
    "exten" => "s",
    "extension" => "s",
    "language" => "en",
    "linkedid" => "1744771398.185",
    "priority" => "1",
    "privilege" => "dialplan,all",
    "uniqueid" => "1744771398.185"
  },
  variables: %{}
}
[2025-04-16 02:43:20.390952Z] %ElixirAmi.Event{
  event: "newexten",
  source: :asterisk_connection,
  action_id: nil,
  keys: %{
    "accountcode" => "",
    "appdata" => "(Outgoing Line)",
    "application" => "AppDial",
    "calleridname" => "102",
    "calleridnum" => "102",
    "channel" => "PJSIP/102-0000007c",
    "channelstate" => "0",
    "channelstatedesc" => "Down",
    "connectedlinename" => "IVAN",
    "connectedlinenum" => "101",
    "context" => "org_all",
    "exten" => "102",
    "extension" => "102",
    "language" => "en",
    "linkedid" => "1744771398.185",
    "priority" => "1",
    "privilege" => "dialplan,all",
    "uniqueid" => "1744771400.186"
  },
  variables: %{}
}
[2025-04-16 02:43:20.386849Z] %ElixirAmi.Event{
  event: "newconnectedline",
  source: :asterisk_connection,
  action_id: nil,
  keys: %{
    "accountcode" => "",
    "calleridname" => "IVAN",
    "calleridnum" => "101",
    "channel" => "PJSIP/101-0000007b",
    "channelstate" => "0",
    "channelstatedesc" => "Down",
    "connectedlinename" => "IVAN",
    "connectedlinenum" => "101",
    "context" => "org_all",
    "exten" => "s",
    "language" => "en",
    "linkedid" => "1744771398.185",
    "priority" => "1",
    "privilege" => "call,all",
    "uniqueid" => "1744771398.185"
  },
  variables: %{}
}
[2025-04-16 02:43:20.386845Z] %ElixirAmi.Event{
  event: "newchannel",
  source: :asterisk_connection,
  action_id: nil,
  keys: %{
    "accountcode" => "",
    "calleridname" => "101",
    "calleridnum" => "101",
    "channel" => "PJSIP/101-0000007b",
    "channelstate" => "0",
    "channelstatedesc" => "Down",
    "connectedlinename" => "<unknown>",
    "connectedlinenum" => "<unknown>",
    "context" => "org_all",
    "exten" => "s",
    "language" => "en",
    "linkedid" => "1744771398.185",
    "priority" => "1",
    "privilege" => "call,all",
    "uniqueid" => "1744771398.185"
  },
  variables: %{}
}
[2025-04-16 02:43:20.386931Z] %ElixirAmi.Event{
  event: "varset",
  source: :asterisk_connection,
  action_id: nil,
  keys: %{
    "accountcode" => "",
    "calleridname" => "IVAN",
    "calleridnum" => "101",
    "channel" => "PJSIP/101-0000007b",
    "channelstate" => "6",
    "channelstatedesc" => "Up",
    "connectedlinename" => "IVAN",
    "connectedlinenum" => "101",
    "context" => "org_all",
    "exten" => "102",
    "language" => "en",
    "linkedid" => "1744771398.185",
    "priority" => "2",
    "privilege" => "dialplan,all",
    "uniqueid" => "1744771398.185",
    "value" => "",
    "variable" => "DIALSTATUS"
  },
  variables: %{}
}
[2025-04-16 02:43:20.386860Z] %ElixirAmi.Event{
  event: "newexten",
  source: :asterisk_connection,
  action_id: nil,
  keys: %{
    "accountcode" => "",
    "appdata" => "",
    "application" => "NoOp",
    "calleridname" => "IVAN",
    "calleridnum" => "101",
    "channel" => "PJSIP/101-0000007b",
    "channelstate" => "6",
    "channelstatedesc" => "Up",
    "connectedlinename" => "IVAN",
    "connectedlinenum" => "101",
    "context" => "org_all",
    "exten" => "102",
    "extension" => "102",
    "language" => "en",
    "linkedid" => "1744771398.185",
    "priority" => "1",
    "privilege" => "dialplan,all",
    "uniqueid" => "1744771398.185"
  },
  variables: %{}
}
[2025-04-16 02:43:20.386933Z] %ElixirAmi.Event{
  event: "varset",
  source: :asterisk_connection,
  action_id: nil,
  keys: %{
    "accountcode" => "",
    "calleridname" => "IVAN",
    "calleridnum" => "101",
    "channel" => "PJSIP/101-0000007b",
    "channelstate" => "6",
    "channelstatedesc" => "Up",
    "connectedlinename" => "IVAN",
    "connectedlinenum" => "101",
    "context" => "org_all",
    "exten" => "102",
    "language" => "en",
    "linkedid" => "1744771398.185",
    "priority" => "2",
    "privilege" => "dialplan,all",
    "uniqueid" => "1744771398.185",
    "value" => "",
    "variable" => "DIALEDPEERNUMBER"
  },
  variables: %{}
}
[2025-04-16 02:43:20.386937Z] %ElixirAmi.Event{
  event: "varset",
  source: :asterisk_connection,
  action_id: nil,
  keys: %{
    "accountcode" => "",
    "calleridname" => "IVAN",
    "calleridnum" => "101",
    "channel" => "PJSIP/101-0000007b",
    "channelstate" => "6",
    "channelstatedesc" => "Up",
    "connectedlinename" => "IVAN",
    "connectedlinenum" => "101",
    "context" => "org_all",
    "exten" => "102",
    "language" => "en",
    "linkedid" => "1744771398.185",
    "priority" => "2",
    "privilege" => "dialplan,all",
    "uniqueid" => "1744771398.185",
    "value" => "",
    "variable" => "ANSWEREDTIME"
  },
  variables: %{}
}
[2025-04-16 02:43:20.390959Z] %ElixirAmi.Event{
  event: "newconnectedline",
  source: :asterisk_connection,
  action_id: nil,
  keys: %{
    "accountcode" => "",
    "calleridname" => "102",
    "calleridnum" => "102",
    "channel" => "PJSIP/102-0000007c",
    "channelstate" => "0",
    "channelstatedesc" => "Down",
    "connectedlinename" => "IVAN",
    "connectedlinenum" => "101",
    "context" => "org_all",
    "exten" => "102",
    "language" => "en",
    "linkedid" => "1744771398.185",
    "priority" => "1",
    "privilege" => "call,all",
    "uniqueid" => "1744771400.186"
  },
  variables: %{}
}
[2025-04-16 02:43:20.390938Z] %ElixirAmi.Event{
  event: "varset",
  source: :asterisk_connection,
  action_id: nil,
  keys: %{
    "accountcode" => "",
    "calleridname" => "102",
    "calleridnum" => "102",
    "channel" => "PJSIP/102-0000007c",
    "channelstate" => "0",
    "channelstatedesc" => "Down",
    "connectedlinename" => "<unknown>",
    "connectedlinenum" => "<unknown>",
    "context" => "org_all",
    "exten" => "s",
    "language" => "en",
    "linkedid" => "1744771398.185",
    "priority" => "1",
    "privilege" => "dialplan,all",
    "uniqueid" => "1744771400.186",
    "value" => "102",
    "variable" => "DIALEDPEERNUMBER"
  },
  variables: %{}
}
[2025-04-16 02:43:20.390964Z] %ElixirAmi.Event{
  event: "dialbegin",
  source: :asterisk_connection,
  action_id: nil,
  keys: %{
    "accountcode" => "",
    "calleridname" => "IVAN",
    "calleridnum" => "101",
    "channel" => "PJSIP/101-0000007b",
    "channelstate" => "6",
    "channelstatedesc" => "Up",
    "connectedlinename" => "IVAN",
    "connectedlinenum" => "101",
    "context" => "org_all",
    "destaccountcode" => "",
    "destcalleridname" => "102",
    "destcalleridnum" => "102",
    "destchannel" => "PJSIP/102-0000007c",
    "destchannelstate" => "0",
    "destchannelstatedesc" => "Down",
    "destconnectedlinename" => "IVAN",
    "destconnectedlinenum" => "101",
    "destcontext" => "org_all",
    "destexten" => "102",
    "destlanguage" => "en",
    "destlinkedid" => "1744771398.185",
    "destpriority" => "1",
    "destuniqueid" => "1744771400.186",
    "dialstring" => "102",
    "exten" => "102",
    "language" => "en",
    "linkedid" => "1744771398.185",
    "priority" => "2",
    "privilege" => "call,all",
    "uniqueid" => "1744771398.185"
  },
  variables: %{}
}
[2025-04-16 02:43:20.387725Z] %ElixirAmi.Event{
  event: "varset",
  source: :asterisk_connection,
  action_id: nil,
  keys: %{
    "accountcode" => "",
    "calleridname" => "IVAN",
    "calleridnum" => "101",
    "channel" => "PJSIP/101-0000007b",
    "channelstate" => "6",
    "channelstatedesc" => "Up",
    "connectedlinename" => "IVAN",
    "connectedlinenum" => "101",
    "context" => "org_all",
    "exten" => "102",
    "language" => "en",
    "linkedid" => "1744771398.185",
    "priority" => "2",
    "privilege" => "dialplan,all",
    "uniqueid" => "1744771398.185",
    "value" => "",
    "variable" => "RINGTIME"
  },
  variables: %{}
}
[2025-04-16 02:43:20.387977Z] %ElixirAmi.Event{
  event: "varset",
  source: :asterisk_connection,
  action_id: nil,
  keys: %{
    "accountcode" => "",
    "calleridname" => "IVAN",
    "calleridnum" => "101",
    "channel" => "PJSIP/101-0000007b",
    "channelstate" => "6",
    "channelstatedesc" => "Up",
    "connectedlinename" => "IVAN",
    "connectedlinenum" => "101",
    "context" => "org_all",
    "exten" => "102",
    "language" => "en",
    "linkedid" => "1744771398.185",
    "priority" => "2",
    "privilege" => "dialplan,all",
    "uniqueid" => "1744771398.185",
    "value" => "",
    "variable" => "RINGTIME_MS"
  },
  variables: %{}
}
[2025-04-16 02:43:20.387513Z] %ElixirAmi.Event{
  event: "varset",
  source: :asterisk_connection,
  action_id: nil,
  keys: %{
    "accountcode" => "",
    "calleridname" => "IVAN",
    "calleridnum" => "101",
    "channel" => "PJSIP/101-0000007b",
    "channelstate" => "6",
    "channelstatedesc" => "Up",
    "connectedlinename" => "IVAN",
    "connectedlinenum" => "101",
    "context" => "org_all",
    "exten" => "102",
    "language" => "en",
    "linkedid" => "1744771398.185",
    "priority" => "2",
    "privilege" => "dialplan,all",
    "uniqueid" => "1744771398.185",
    "value" => "",
    "variable" => "DIALEDTIME_MS"
  },
  variables: %{}
}
[2025-04-16 02:43:20.387293Z] %ElixirAmi.Event{
  event: "varset",
  source: :asterisk_connection,
  action_id: nil,
  keys: %{
    "accountcode" => "",
    "calleridname" => "IVAN",
    "calleridnum" => "101",
    "channel" => "PJSIP/101-0000007b",
    "channelstate" => "6",
    "channelstatedesc" => "Up",
    "connectedlinename" => "IVAN",
    "connectedlinenum" => "101",
    "context" => "org_all",
    "exten" => "102",
    "language" => "en",
    "linkedid" => "1744771398.185",
    "priority" => "2",
    "privilege" => "dialplan,all",
    "uniqueid" => "1744771398.185",
    "value" => "",
    "variable" => "DIALEDTIME"
  },
  variables: %{}
}
[2025-04-16 02:43:20.388162Z] %ElixirAmi.Event{
  event: "varset",
  source: :asterisk_connection,
  action_id: nil,
  keys: %{
    "accountcode" => "",
    "calleridname" => "IVAN",
    "calleridnum" => "101",
    "channel" => "PJSIP/101-0000007b",
    "channelstate" => "6",
    "channelstatedesc" => "Up",
    "connectedlinename" => "IVAN",
    "connectedlinenum" => "101",
    "context" => "org_all",
    "exten" => "102",
    "language" => "en",
    "linkedid" => "1744771398.185",
    "priority" => "2",
    "privilege" => "dialplan,all",
    "uniqueid" => "1744771398.185",
    "value" => "",
    "variable" => "PROGRESSTIME"
  },
  variables: %{}
}
[2025-04-16 02:43:20.386858Z] %ElixirAmi.Event{
  event: "rtcpreceived",
  source: :asterisk_connection,
  action_id: nil,
  keys: %{
    "accountcode" => "",
    "calleridname" => "IVAN",
    "calleridnum" => "101",
    "channel" => "PJSIP/101-0000007b",
    "channelstate" => "5",
    "channelstatedesc" => "Ringing",
    "connectedlinename" => "IVAN",
    "connectedlinenum" => "101",
    "context" => "org_all",
    "exten" => "s",
    "from" => "192.168.0.16:4109",
    "language" => "en",
    "linkedid" => "1744771398.185",
    "mes" => "85.4",
    "priority" => "1",
    "privilege" => "reporting,all",
    "pt" => "201(RR)",
    "report0cumulativelost" => "0",
    "report0dlsr" => "0.0000",
    "report0fractionlost" => "0",
    "report0highestsequence" => "0",
    "report0iajitter" => "0",
    "report0lsr" => "0",
    "report0sequencenumbercycles" => "0",
    "report0sourcessrc" => "0x00000000",
    "reportcount" => "1",
    "rtt" => "0.0000",
    "ssrc" => "0x00000000",
    "to" => "192.168.0.16:18623",
    "uniqueid" => "1744771398.185"
  },
  variables: %{}
}
[2025-04-16 02:43:20.392037Z] %ElixirAmi.Event{
  event: "newconnectedline",
  source: :asterisk_connection,
  action_id: nil,
  keys: %{
    "accountcode" => "",
    "calleridname" => "IVAN",
    "calleridnum" => "101",
    "channel" => "PJSIP/101-0000007b",
    "channelstate" => "6",
    "channelstatedesc" => "Up",
    "connectedlinename" => "102",
    "connectedlinenum" => "102",
    "context" => "org_all",
    "exten" => "102",
    "language" => "en",
    "linkedid" => "1744771398.185",
    "priority" => "2",
    "privilege" => "call,all",
    "uniqueid" => "1744771398.185"
  },
  variables: %{}
}
[2025-04-16 02:43:20.387062Z] %ElixirAmi.Event{
  event: "varset",
  source: :asterisk_connection,
  action_id: nil,
  keys: %{
    "accountcode" => "",
    "calleridname" => "IVAN",
    "calleridnum" => "101",
    "channel" => "PJSIP/101-0000007b",
    "channelstate" => "6",
    "channelstatedesc" => "Up",
    "connectedlinename" => "IVAN",
    "connectedlinenum" => "101",
    "context" => "org_all",
    "exten" => "102",
    "language" => "en",
    "linkedid" => "1744771398.185",
    "priority" => "2",
    "privilege" => "dialplan,all",
    "uniqueid" => "1744771398.185",
    "value" => "",
    "variable" => "ANSWEREDTIME_MS"
  },
  variables: %{}
}
[2025-04-16 02:43:20.393193Z] %ElixirAmi.Event{
  event: "varset",
  source: :asterisk_connection,
  action_id: nil,
  keys: %{
    "accountcode" => "",
    "calleridname" => "IVAN",
    "calleridnum" => "101",
    "channel" => "PJSIP/101-0000007b",
    "channelstate" => "6",
    "channelstatedesc" => "Up",
    "connectedlinename" => "102",
    "connectedlinenum" => "102",
    "context" => "org_all",
    "exten" => "102",
    "language" => "en",
    "linkedid" => "1744771398.185",
    "priority" => "2",
    "privilege" => "dialplan,all",
    "uniqueid" => "1744771398.185",
    "value" => "0",
    "variable" => "RINGTIME"
  },
  variables: %{}
}
[2025-04-16 02:43:20.393191Z] %ElixirAmi.Event{
  event: "newstate",
  source: :asterisk_connection,
  action_id: nil,
  keys: %{
    "accountcode" => "",
    "calleridname" => "102",
    "calleridnum" => "102",
    "channel" => "PJSIP/102-0000007c",
    "channelstate" => "5",
    "channelstatedesc" => "Ringing",
    "connectedlinename" => "IVAN",
    "connectedlinenum" => "101",
    "context" => "org_all",
    "exten" => "102",
    "language" => "en",
    "linkedid" => "1744771398.185",
    "priority" => "1",
    "privilege" => "call,all",
    "uniqueid" => "1744771400.186"
  },
  variables: %{}
}
[2025-04-16 02:43:20.393333Z] %ElixirAmi.Event{
  event: "varset",
  source: :asterisk_connection,
  action_id: nil,
  keys: %{
    "accountcode" => "",
    "calleridname" => "IVAN",
    "calleridnum" => "101",
    "channel" => "PJSIP/101-0000007b",
    "channelstate" => "6",
    "channelstatedesc" => "Up",
    "connectedlinename" => "102",
    "connectedlinenum" => "102",
    "context" => "org_all",
    "exten" => "102",
    "language" => "en",
    "linkedid" => "1744771398.185",
    "priority" => "2",
    "privilege" => "dialplan,all",
    "uniqueid" => "1744771398.185",
    "value" => "6",
    "variable" => "RINGTIME_MS"
  },
  variables: %{}
}
[2025-04-16 02:43:20.393704Z] %ElixirAmi.Event{
  event: "dialstate",
  source: :asterisk_connection,
  action_id: nil,
  keys: %{
    "accountcode" => "",
    "calleridname" => "IVAN",
    "calleridnum" => "101",
    "channel" => "PJSIP/101-0000007b",
    "channelstate" => "6",
    "channelstatedesc" => "Up",
    "connectedlinename" => "102",
    "connectedlinenum" => "102",
    "context" => "org_all",
    "destaccountcode" => "",
    "destcalleridname" => "102",
    "destcalleridnum" => "102",
    "destchannel" => "PJSIP/102-0000007c",
    "destchannelstate" => "5",
    "destchannelstatedesc" => "Ringing",
    "destconnectedlinename" => "IVAN",
    "destconnectedlinenum" => "101",
    "destcontext" => "org_all",
    "destexten" => "102",
    "destlanguage" => "en",
    "destlinkedid" => "1744771398.185",
    "destpriority" => "1",
    "destuniqueid" => "1744771400.186",
    "dialstatus" => "RINGING",
    "exten" => "102",
    "language" => "en",
    "linkedid" => "1744771398.185",
    "priority" => "2",
    "privilege" => "call,all",
    "uniqueid" => "1744771398.185"
  },
  variables: %{}
}
[2025-04-16 02:43:20.589515Z] %ElixirAmi.Event{
  event: "rtcpreceived",
  source: :asterisk_connection,
  action_id: nil,
  keys: %{
    "pt" => "200(SR)",
    "report0highestsequence" => "21710",
    "mes" => "85.4",
    "privilege" => "reporting,all",
    "channelstatedesc" => "Up",
    "uniqueid" => "1744771398.185",
    "sentntp" => "1744796600.207808",
    "report0fractionlost" => "0",
    "sentpackets" => "10",
    "report0lsr" => "0",
    "linkedid" => "1744771398.185",
    "ssrc" => "0xeba9fa38",
    "exten" => "102",
    "channel" => "PJSIP/101-0000007b",
    "report0iajitter" => "0",
    "sentrtp" => "1656",
    "context" => "org_all",
    "connectedlinename" => "102",
    "priority" => "2",
    "rtt" => "0.0000",
    "to" => "192.168.0.16:18623",
    "reportcount" => "1",
    "language" => "en",
    "sentoctets" => "1600",
    "calleridname" => "IVAN",
    "from" => "192.168.0.16:4109",
    "report0cumulativelost" => "0",
    "report0sequencenumbercycles" => "0",
    "calleridnum" => "101",
    "channelstate" => "6",
    "accountcode" => "",
    "report0dlsr" => "0.0000",
    "report0sourcessrc" => "0x489b3ff6",
    "connectedlinenum" => "102"
  },
  variables: %{}
}
[2025-04-16 02:43:21.400427Z] %ElixirAmi.Event{
  event: "rtcpreceived",
  source: :asterisk_connection,
  action_id: nil,
  keys: %{
    "accountcode" => "",
    "calleridname" => "102",
    "calleridnum" => "102",
    "channel" => "PJSIP/102-0000007c",
    "channelstate" => "5",
    "channelstatedesc" => "Ringing",
    "connectedlinename" => "IVAN",
    "connectedlinenum" => "101",
    "context" => "org_all",
    "exten" => "102",
    "from" => "192.168.0.16:4139",
    "language" => "en",
    "linkedid" => "1744771398.185",
    "mes" => "85.4",
    "priority" => "1",
    "privilege" => "reporting,all",
    "pt" => "201(RR)",
    "report0cumulativelost" => "0",
    "report0dlsr" => "0.0000",
    "report0fractionlost" => "0",
    "report0highestsequence" => "0",
    "report0iajitter" => "0",
    "report0lsr" => "0",
    "report0sequencenumbercycles" => "0",
    "report0sourcessrc" => "0x00000000",
    "reportcount" => "1",
    "rtt" => "0.0000",
    "ssrc" => "0x00000000",
    "to" => "192.168.0.16:17513",
    "uniqueid" => "1744771400.186"
  },
  variables: %{}
}
[2025-04-16 02:43:21.401121Z] %ElixirAmi.Event{
  event: "rtcpreceived",
  source: :asterisk_connection,
  action_id: nil,
  keys: %{
    "accountcode" => "",
    "calleridname" => "102",
    "calleridnum" => "102",
    "channel" => "PJSIP/102-0000007c",
    "channelstate" => "5",
    "channelstatedesc" => "Ringing",
    "connectedlinename" => "IVAN",
    "connectedlinenum" => "101",
    "context" => "org_all",
    "exten" => "102",
    "from" => "192.168.0.16:4139",
    "language" => "en",
    "linkedid" => "1744771398.185",
    "mes" => "85.4",
    "priority" => "1",
    "privilege" => "reporting,all",
    "pt" => "201(RR)",
    "report0cumulativelost" => "0",
    "report0dlsr" => "0.0000",
    "report0fractionlost" => "0",
    "report0highestsequence" => "0",
    "report0iajitter" => "0",
    "report0lsr" => "0",
    "report0sequencenumbercycles" => "0",
    "report0sourcessrc" => "0x00000000",
    "reportcount" => "1",
    "rtt" => "0.0000",
    "ssrc" => "0x00000000",
    "to" => "192.168.0.16:17513",
    "uniqueid" => "1744771400.186"
  },
  variables: %{}
}
[2025-04-16 02:43:21.401450Z] %ElixirAmi.Event{
  event: "newstate",
  source: :asterisk_connection,
  action_id: nil,
  keys: %{
    "accountcode" => "",
    "calleridname" => "102",
    "calleridnum" => "102",
    "channel" => "PJSIP/102-0000007c",
    "channelstate" => "6",
    "channelstatedesc" => "Up",
    "connectedlinename" => "IVAN",
    "connectedlinenum" => "101",
    "context" => "org_all",
    "exten" => "102",
    "language" => "en",
    "linkedid" => "1744771398.185",
    "priority" => "1",
    "privilege" => "call,all",
    "uniqueid" => "1744771400.186"
  },
  variables: %{}
}
[2025-04-16 02:43:21.401767Z] %ElixirAmi.Event{
  event: "varset",
  source: :asterisk_connection,
  action_id: nil,
  keys: %{
    "accountcode" => "",
    "calleridname" => "IVAN",
    "calleridnum" => "101",
    "channel" => "PJSIP/101-0000007b",
    "channelstate" => "6",
    "channelstatedesc" => "Up",
    "connectedlinename" => "102",
    "connectedlinenum" => "102",
    "context" => "org_all",
    "exten" => "102",
    "language" => "en",
    "linkedid" => "1744771398.185",
    "priority" => "2",
    "privilege" => "dialplan,all",
    "uniqueid" => "1744771398.185",
    "value" => "ANSWER",
    "variable" => "DIALSTATUS"
  },
  variables: %{}
}
[2025-04-16 02:43:21.402007Z] %ElixirAmi.Event{
  event: "varset",
  source: :asterisk_connection,
  action_id: nil,
  keys: %{
    "accountcode" => "",
    "calleridname" => "IVAN",
    "calleridnum" => "101",
    "channel" => "PJSIP/101-0000007b",
    "channelstate" => "6",
    "channelstatedesc" => "Up",
    "connectedlinename" => "102",
    "connectedlinenum" => "102",
    "context" => "org_all",
    "exten" => "102",
    "language" => "en",
    "linkedid" => "1744771398.185",
    "priority" => "2",
    "privilege" => "dialplan,all",
    "uniqueid" => "1744771398.185",
    "value" => "PJSIP/102-0000007c",
    "variable" => "DIALEDPEERNAME"
  },
  variables: %{}
}
[2025-04-16 02:43:21.402236Z] %ElixirAmi.Event{
  event: "varset",
  source: :asterisk_connection,
  action_id: nil,
  keys: %{
    "accountcode" => "",
    "calleridname" => "IVAN",
    "calleridnum" => "101",
    "channel" => "PJSIP/101-0000007b",
    "channelstate" => "6",
    "channelstatedesc" => "Up",
    "connectedlinename" => "102",
    "connectedlinenum" => "102",
    "context" => "org_all",
    "exten" => "102",
    "language" => "en",
    "linkedid" => "1744771398.185",
    "priority" => "2",
    "privilege" => "dialplan,all",
    "uniqueid" => "1744771398.185",
    "value" => "102",
    "variable" => "DIALEDPEERNUMBER"
  },
  variables: %{}
}
[2025-04-16 02:43:21.402759Z] %ElixirAmi.Event{
  event: "dialend",
  source: :asterisk_connection,
  action_id: nil,
  keys: %{
    "accountcode" => "",
    "calleridname" => "IVAN",
    "calleridnum" => "101",
    "channel" => "PJSIP/101-0000007b",
    "channelstate" => "6",
    "channelstatedesc" => "Up",
    "connectedlinename" => "102",
    "connectedlinenum" => "102",
    "context" => "org_all",
    "destaccountcode" => "",
    "destcalleridname" => "102",
    "destcalleridnum" => "102",
    "destchannel" => "PJSIP/102-0000007c",
    "destchannelstate" => "6",
    "destchannelstatedesc" => "Up",
    "destconnectedlinename" => "IVAN",
    "destconnectedlinenum" => "101",
    "destcontext" => "org_all",
    "destexten" => "",
    "destlanguage" => "en",
    "destlinkedid" => "1744771398.185",
    "destpriority" => "1",
    "destuniqueid" => "1744771400.186",
    "dialstatus" => "ANSWER",
    "exten" => "102",
    "language" => "en",
    "linkedid" => "1744771398.185",
    "priority" => "2",
    "privilege" => "call,all",
    "uniqueid" => "1744771398.185"
  },
  variables: %{}
}
[2025-04-16 02:43:21.403267Z] %ElixirAmi.Event{
  event: "newexten",
  source: :asterisk_connection,
  action_id: nil,
  keys: %{
    "accountcode" => "",
    "appdata" => "(Outgoing Line)",
    "application" => "AppDial",
    "calleridname" => "102",
    "calleridnum" => "102",
    "channel" => "PJSIP/102-0000007c",
    "channelstate" => "6",
    "channelstatedesc" => "Up",
    "connectedlinename" => "IVAN",
    "connectedlinenum" => "101",
    "context" => "org_all",
    "exten" => "",
    "extension" => "",
    "language" => "en",
    "linkedid" => "1744771398.185",
    "priority" => "1",
    "privilege" => "dialplan,all",
    "uniqueid" => "1744771400.186"
  },
  variables: %{}
}
[2025-04-16 02:43:21.403595Z] %ElixirAmi.Event{
  event: "bridgeenter",
  source: :asterisk_connection,
  action_id: nil,
  keys: %{
    "accountcode" => "",
    "bridgecreator" => "<unknown>",
    "bridgename" => "<unknown>",
    "bridgenumchannels" => "1",
    "bridgetechnology" => "simple_bridge",
    "bridgetype" => "basic",
    "bridgeuniqueid" => "bbd24218-fa80-4c5f-b762-a356ae17d0cd",
    "bridgevideosourcemode" => "none",
    "calleridname" => "102",
    "calleridnum" => "102",
    "channel" => "PJSIP/102-0000007c",
    "channelstate" => "6",
    "channelstatedesc" => "Up",
    "connectedlinename" => "IVAN",
    "connectedlinenum" => "101",
    "context" => "org_all",
    "exten" => "",
    "language" => "en",
    "linkedid" => "1744771398.185",
    "priority" => "1",
    "privilege" => "call,all",
    "uniqueid" => "1744771400.186"
  },
  variables: %{}
}
[2025-04-16 02:43:21.403838Z] %ElixirAmi.Event{
  event: "bridgeenter",
  source: :asterisk_connection,
  action_id: nil,
  keys: %{
    "accountcode" => "",
    "bridgecreator" => "<unknown>",
    "bridgename" => "<unknown>",
    "bridgenumchannels" => "2",
    "bridgetechnology" => "simple_bridge",
    "bridgetype" => "basic",
    "bridgeuniqueid" => "bbd24218-fa80-4c5f-b762-a356ae17d0cd",
    "bridgevideosourcemode" => "none",
    "calleridname" => "IVAN",
    "calleridnum" => "101",
    "channel" => "PJSIP/101-0000007b",
    "channelstate" => "6",
    "channelstatedesc" => "Up",
    "connectedlinename" => "102",
    "connectedlinenum" => "102",
    "context" => "org_all",
    "exten" => "102",
    "language" => "en",
    "linkedid" => "1744771398.185",
    "priority" => "2",
    "privilege" => "call,all",
    "uniqueid" => "1744771398.185"
  },
  variables: %{}
}
[2025-04-16 02:43:21.404168Z] %ElixirAmi.Event{
  event: "varset",
  source: :asterisk_connection,
  action_id: nil,
  keys: %{
    "accountcode" => "",
    "calleridname" => "IVAN",
    "calleridnum" => "101",
    "channel" => "PJSIP/101-0000007b",
    "channelstate" => "6",
    "channelstatedesc" => "Up",
    "connectedlinename" => "102",
    "connectedlinenum" => "102",
    "context" => "org_all",
    "exten" => "102",
    "language" => "en",
    "linkedid" => "1744771398.185",
    "priority" => "2",
    "privilege" => "dialplan,all",
    "uniqueid" => "1744771398.185",
    "value" => "PJSIP/102-0000007c",
    "variable" => "BRIDGEPEER"
  },
  variables: %{}
}
[2025-04-16 02:43:21.404385Z] %ElixirAmi.Event{
  event: "varset",
  source: :asterisk_connection,
  action_id: nil,
  keys: %{
    "accountcode" => "",
    "calleridname" => "IVAN",
    "calleridnum" => "101",
    "channel" => "PJSIP/101-0000007b",
    "channelstate" => "6",
    "channelstatedesc" => "Up",
    "connectedlinename" => "102",
    "connectedlinenum" => "102",
    "context" => "org_all",
    "exten" => "102",
    "language" => "en",
    "linkedid" => "1744771398.185",
    "priority" => "2",
    "privilege" => "dialplan,all",
    "uniqueid" => "1744771398.185",
    "value" => "b25fb907-4a4b-46cb-a4cd-63bf576e7b8a",
    "variable" => "BRIDGEPVTCALLID"
  },
  variables: %{}
}
[2025-04-16 02:43:21.404622Z] %ElixirAmi.Event{
  event: "varset",
  source: :asterisk_connection,
  action_id: nil,
  keys: %{
    "accountcode" => "",
    "calleridname" => "102",
    "calleridnum" => "102",
    "channel" => "PJSIP/102-0000007c",
    "channelstate" => "6",
    "channelstatedesc" => "Up",
    "connectedlinename" => "IVAN",
    "connectedlinenum" => "101",
    "context" => "org_all",
    "exten" => "",
    "language" => "en",
    "linkedid" => "1744771398.185",
    "priority" => "1",
    "privilege" => "dialplan,all",
    "uniqueid" => "1744771400.186",
    "value" => "PJSIP/101-0000007b",
    "variable" => "BRIDGEPEER"
  },
  variables: %{}
}
[2025-04-16 02:43:21.404872Z] %ElixirAmi.Event{
  event: "varset",
  source: :asterisk_connection,
  action_id: nil,
  keys: %{
    "accountcode" => "",
    "calleridname" => "102",
    "calleridnum" => "102",
    "channel" => "PJSIP/102-0000007c",
    "channelstate" => "6",
    "channelstatedesc" => "Up",
    "connectedlinename" => "IVAN",
    "connectedlinenum" => "101",
    "context" => "org_all",
    "exten" => "",
    "language" => "en",
    "linkedid" => "1744771398.185",
    "priority" => "1",
    "privilege" => "dialplan,all",
    "uniqueid" => "1744771400.186",
    "value" => "d8241720-ce39-42de-822c-94dadeb705be",
    "variable" => "BRIDGEPVTCALLID"
  },
  variables: %{}
}
[2025-04-16 02:43:21.405139Z] %ElixirAmi.Event{
  event: "varset",
  source: :asterisk_connection,
  action_id: nil,
  keys: %{
    "accountcode" => "",
    "calleridname" => "IVAN",
    "calleridnum" => "101",
    "channel" => "PJSIP/101-0000007b",
    "channelstate" => "6",
    "channelstatedesc" => "Up",
    "connectedlinename" => "102",
    "connectedlinenum" => "102",
    "context" => "org_all",
    "exten" => "102",
    "language" => "en",
    "linkedid" => "1744771398.185",
    "priority" => "2",
    "privilege" => "dialplan,all",
    "uniqueid" => "1744771398.185",
    "value" => "PJSIP/102-0000007c",
    "variable" => "BRIDGEPEER"
  },
  variables: %{}
}
[2025-04-16 02:43:21.406021Z] %ElixirAmi.Event{
  event: "varset",
  source: :asterisk_connection,
  action_id: nil,
  keys: %{
    "accountcode" => "",
    "calleridname" => "IVAN",
    "calleridnum" => "101",
    "channel" => "PJSIP/101-0000007b",
    "channelstate" => "6",
    "channelstatedesc" => "Up",
    "connectedlinename" => "102",
    "connectedlinenum" => "102",
    "context" => "org_all",
    "exten" => "102",
    "language" => "en",
    "linkedid" => "1744771398.185",
    "priority" => "2",
    "privilege" => "dialplan,all",
    "uniqueid" => "1744771398.185",
    "value" => "b25fb907-4a4b-46cb-a4cd-63bf576e7b8a",
    "variable" => "BRIDGEPVTCALLID"
  },
  variables: %{}
}
[2025-04-16 02:43:21.406030Z] %ElixirAmi.Event{
  event: "varset",
  source: :asterisk_connection,
  action_id: nil,
  keys: %{
    "accountcode" => "",
    "calleridname" => "102",
    "calleridnum" => "102",
    "channel" => "PJSIP/102-0000007c",
    "channelstate" => "6",
    "channelstatedesc" => "Up",
    "connectedlinename" => "IVAN",
    "connectedlinenum" => "101",
    "context" => "org_all",
    "exten" => "",
    "language" => "en",
    "linkedid" => "1744771398.185",
    "priority" => "1",
    "privilege" => "dialplan,all",
    "uniqueid" => "1744771400.186",
    "value" => "PJSIP/101-0000007b",
    "variable" => "BRIDGEPEER"
  },
  variables: %{}
}
[2025-04-16 02:43:21.406112Z] %ElixirAmi.Event{
  event: "varset",
  source: :asterisk_connection,
  action_id: nil,
  keys: %{
    "accountcode" => "",
    "calleridname" => "102",
    "calleridnum" => "102",
    "channel" => "PJSIP/102-0000007c",
    "channelstate" => "6",
    "channelstatedesc" => "Up",
    "connectedlinename" => "IVAN",
    "connectedlinenum" => "101",
    "context" => "org_all",
    "exten" => "",
    "language" => "en",
    "linkedid" => "1744771398.185",
    "priority" => "1",
    "privilege" => "dialplan,all",
    "uniqueid" => "1744771400.186",
    "value" => "d8241720-ce39-42de-822c-94dadeb705be",
    "variable" => "BRIDGEPVTCALLID"
  },
  variables: %{}
}
[2025-04-16 02:43:21.406161Z] %ElixirAmi.Event{
  event: "varset",
  source: :asterisk_connection,
  action_id: nil,
  keys: %{
    "accountcode" => "",
    "calleridname" => "IVAN",
    "calleridnum" => "101",
    "channel" => "PJSIP/101-0000007b",
    "channelstate" => "6",
    "channelstatedesc" => "Up",
    "connectedlinename" => "102",
    "connectedlinenum" => "102",
    "context" => "org_all",
    "exten" => "102",
    "language" => "en",
    "linkedid" => "1744771398.185",
    "priority" => "2",
    "privilege" => "dialplan,all",
    "uniqueid" => "1744771398.185",
    "value" => "PJSIP/102-0000007c",
    "variable" => "BRIDGEPEER"
  },
  variables: %{}
}
[2025-04-16 02:43:21.406369Z] %ElixirAmi.Event{
  event: "varset",
  source: :asterisk_connection,
  action_id: nil,
  keys: %{
    "accountcode" => "",
    "calleridname" => "IVAN",
    "calleridnum" => "101",
    "channel" => "PJSIP/101-0000007b",
    "channelstate" => "6",
    "channelstatedesc" => "Up",
    "connectedlinename" => "102",
    "connectedlinenum" => "102",
    "context" => "org_all",
    "exten" => "102",
    "language" => "en",
    "linkedid" => "1744771398.185",
    "priority" => "2",
    "privilege" => "dialplan,all",
    "uniqueid" => "1744771398.185",
    "value" => "b25fb907-4a4b-46cb-a4cd-63bf576e7b8a",
    "variable" => "BRIDGEPVTCALLID"
  },
  variables: %{}
}
[2025-04-16 02:43:21.406445Z] %ElixirAmi.Event{
  event: "varset",
  source: :asterisk_connection,
  action_id: nil,
  keys: %{
    "accountcode" => "",
    "calleridname" => "102",
    "calleridnum" => "102",
    "channel" => "PJSIP/102-0000007c",
    "channelstate" => "6",
    "channelstatedesc" => "Up",
    "connectedlinename" => "IVAN",
    "connectedlinenum" => "101",
    "context" => "org_all",
    "exten" => "",
    "language" => "en",
    "linkedid" => "1744771398.185",
    "priority" => "1",
    "privilege" => "dialplan,all",
    "uniqueid" => "1744771400.186",
    "value" => "PJSIP/101-0000007b",
    "variable" => "BRIDGEPEER"
  },
  variables: %{}
}
[2025-04-16 02:43:21.406672Z] %ElixirAmi.Event{
  event: "varset",
  source: :asterisk_connection,
  action_id: nil,
  keys: %{
    "accountcode" => "",
    "calleridname" => "102",
    "calleridnum" => "102",
    "channel" => "PJSIP/102-0000007c",
    "channelstate" => "6",
    "channelstatedesc" => "Up",
    "connectedlinename" => "IVAN",
    "connectedlinenum" => "101",
    "context" => "org_all",
    "exten" => "",
    "language" => "en",
    "linkedid" => "1744771398.185",
    "priority" => "1",
    "privilege" => "dialplan,all",
    "uniqueid" => "1744771400.186",
    "value" => "d8241720-ce39-42de-822c-94dadeb705be",
    "variable" => "BRIDGEPVTCALLID"
  },
  variables: %{}
}
[2025-04-16 02:43:21.407941Z] %ElixirAmi.Event{
  event: "varset",
  source: :asterisk_connection,
  action_id: nil,
  keys: %{
    "accountcode" => "",
    "calleridname" => "IVAN",
    "calleridnum" => "101",
    "channel" => "PJSIP/101-0000007b",
    "channelstate" => "6",
    "channelstatedesc" => "Up",
    "connectedlinename" => "102",
    "connectedlinenum" => "102",
    "context" => "org_all",
    "exten" => "102",
    "language" => "en",
    "linkedid" => "1744771398.185",
    "priority" => "2",
    "privilege" => "dialplan,all",
    "uniqueid" => "1744771398.185",
    "value" => "/home/rawmn/AsteriskConnector/priv/recordings/__2025-04-16.wav",
    "variable" => "MIXMONITOR_FILENAME"
  },
  variables: %{}
}
[2025-04-16 02:43:21.408090Z] %ElixirAmi.Event{
  event: "mixmonitorstart",
  source: :asterisk_connection,
  action_id: nil,
  keys: %{
    "accountcode" => "",
    "calleridname" => "IVAN",
    "calleridnum" => "101",
    "channel" => "PJSIP/101-0000007b",
    "channelstate" => "6",
    "channelstatedesc" => "Up",
    "connectedlinename" => "102",
    "connectedlinenum" => "102",
    "context" => "org_all",
    "exten" => "102",
    "language" => "en",
    "linkedid" => "1744771398.185",
    "priority" => "2",
    "privilege" => "call,all",
    "uniqueid" => "1744771398.185"
  },
  variables: %{}
}
[2025-04-16 02:43:21.408312Z] %ElixirAmi.Event{
  event: "varset",
  source: :asterisk_connection,
  action_id: nil,
  keys: %{
    "accountcode" => "",
    "calleridname" => "IVAN",
    "calleridnum" => "101",
    "channel" => "PJSIP/101-0000007b",
    "channelstate" => "6",
    "channelstatedesc" => "Up",
    "connectedlinename" => "102",
    "connectedlinenum" => "102",
    "context" => "org_all",
    "exten" => "102",
    "language" => "en",
    "linkedid" => "1744771398.185",
    "priority" => "2",
    "privilege" => "dialplan,all",
    "uniqueid" => "1744771398.185",
    "value" => "PJSIP/102-0000007c",
    "variable" => "BRIDGEPEER"
  },
  variables: %{}
}
[2025-04-16 02:43:21.408510Z] %ElixirAmi.Event{
  event: "varset",
  source: :asterisk_connection,
  action_id: nil,
  keys: %{
    "accountcode" => "",
    "calleridname" => "IVAN",
    "calleridnum" => "101",
    "channel" => "PJSIP/101-0000007b",
    "channelstate" => "6",
    "channelstatedesc" => "Up",
    "connectedlinename" => "102",
    "connectedlinenum" => "102",
    "context" => "org_all",
    "exten" => "102",
    "language" => "en",
    "linkedid" => "1744771398.185",
    "priority" => "2",
    "privilege" => "dialplan,all",
    "uniqueid" => "1744771398.185",
    "value" => "b25fb907-4a4b-46cb-a4cd-63bf576e7b8a",
    "variable" => "BRIDGEPVTCALLID"
  },
  variables: %{}
}
[2025-04-16 02:43:21.408701Z] %ElixirAmi.Event{
  event: "varset",
  source: :asterisk_connection,
  action_id: nil,
  keys: %{
    "accountcode" => "",
    "calleridname" => "102",
    "calleridnum" => "102",
    "channel" => "PJSIP/102-0000007c",
    "channelstate" => "6",
    "channelstatedesc" => "Up",
    "connectedlinename" => "IVAN",
    "connectedlinenum" => "101",
    "context" => "org_all",
    "exten" => "",
    "language" => "en",
    "linkedid" => "1744771398.185",
    "priority" => "1",
    "privilege" => "dialplan,all",
    "uniqueid" => "1744771400.186",
    "value" => "PJSIP/101-0000007b",
    "variable" => "BRIDGEPEER"
  },
  variables: %{}
}
[2025-04-16 02:43:21.408927Z] %ElixirAmi.Event{
  event: "varset",
  source: :asterisk_connection,
  action_id: nil,
  keys: %{
    "accountcode" => "",
    "calleridname" => "102",
    "calleridnum" => "102",
    "channel" => "PJSIP/102-0000007c",
    "channelstate" => "6",
    "channelstatedesc" => "Up",
    "connectedlinename" => "IVAN",
    "connectedlinenum" => "101",
    "context" => "org_all",
    "exten" => "",
    "language" => "en",
    "linkedid" => "1744771398.185",
    "priority" => "1",
    "privilege" => "dialplan,all",
    "uniqueid" => "1744771400.186",
    "value" => "d8241720-ce39-42de-822c-94dadeb705be",
    "variable" => "BRIDGEPVTCALLID"
  },
  variables: %{}
}
[2025-04-16 02:43:21.409191Z] %ElixirAmi.Event{
  event: "varset",
  source: :asterisk_connection,
  action_id: nil,
  keys: %{
    "accountcode" => "",
    "calleridname" => "IVAN",
    "calleridnum" => "101",
    "channel" => "PJSIP/101-0000007b",
    "channelstate" => "6",
    "channelstatedesc" => "Up",
    "connectedlinename" => "102",
    "connectedlinenum" => "102",
    "context" => "org_all",
    "exten" => "102",
    "language" => "en",
    "linkedid" => "1744771398.185",
    "priority" => "2",
    "privilege" => "dialplan,all",
    "uniqueid" => "1744771398.185",
    "value" => "PJSIP/102-0000007c",
    "variable" => "BRIDGEPEER"
  },
  variables: %{}
}
[2025-04-16 02:43:21.409490Z] %ElixirAmi.Event{
  event: "varset",
  source: :asterisk_connection,
  action_id: nil,
  keys: %{
    "accountcode" => "",
    "calleridname" => "IVAN",
    "calleridnum" => "101",
    "channel" => "PJSIP/101-0000007b",
    "channelstate" => "6",
    "channelstatedesc" => "Up",
    "connectedlinename" => "102",
    "connectedlinenum" => "102",
    "context" => "org_all",
    "exten" => "102",
    "language" => "en",
    "linkedid" => "1744771398.185",
    "priority" => "2",
    "privilege" => "dialplan,all",
    "uniqueid" => "1744771398.185",
    "value" => "b25fb907-4a4b-46cb-a4cd-63bf576e7b8a",
    "variable" => "BRIDGEPVTCALLID"
  },
  variables: %{}
}
[2025-04-16 02:43:21.409701Z] %ElixirAmi.Event{
  event: "varset",
  source: :asterisk_connection,
  action_id: nil,
  keys: %{
    "accountcode" => "",
    "calleridname" => "102",
    "calleridnum" => "102",
    "channel" => "PJSIP/102-0000007c",
    "channelstate" => "6",
    "channelstatedesc" => "Up",
    "connectedlinename" => "IVAN",
    "connectedlinenum" => "101",
    "context" => "org_all",
    "exten" => "",
    "language" => "en",
    "linkedid" => "1744771398.185",
    "priority" => "1",
    "privilege" => "dialplan,all",
    "uniqueid" => "1744771400.186",
    "value" => "PJSIP/101-0000007b",
    "variable" => "BRIDGEPEER"
  },
  variables: %{}
}
[2025-04-16 02:43:21.409913Z] %ElixirAmi.Event{
  event: "varset",
  source: :asterisk_connection,
  action_id: nil,
  keys: %{
    "accountcode" => "",
    "calleridname" => "102",
    "calleridnum" => "102",
    "channel" => "PJSIP/102-0000007c",
    "channelstate" => "6",
    "channelstatedesc" => "Up",
    "connectedlinename" => "IVAN",
    "connectedlinenum" => "101",
    "context" => "org_all",
    "exten" => "",
    "language" => "en",
    "linkedid" => "1744771398.185",
    "priority" => "1",
    "privilege" => "dialplan,all",
    "uniqueid" => "1744771400.186",
    "value" => "d8241720-ce39-42de-822c-94dadeb705be",
    "variable" => "BRIDGEPVTCALLID"
  },
  variables: %{}
}
[2025-04-16 02:43:21.410090Z] %ElixirAmi.Event{
  event: "varset",
  source: :asterisk_connection,
  action_id: nil,
  keys: %{
    "accountcode" => "",
    "calleridname" => "IVAN",
    "calleridnum" => "101",
    "channel" => "PJSIP/101-0000007b",
    "channelstate" => "6",
    "channelstatedesc" => "Up",
    "connectedlinename" => "102",
    "connectedlinenum" => "102",
    "context" => "org_all",
    "exten" => "102",
    "language" => "en",
    "linkedid" => "1744771398.185",
    "priority" => "2",
    "privilege" => "dialplan,all",
    "uniqueid" => "1744771398.185",
    "value" => "PJSIP/102-0000007c",
    "variable" => "BRIDGEPEER"
  },
  variables: %{}
}
[2025-04-16 02:43:21.410366Z] %ElixirAmi.Event{
  event: "varset",
  source: :asterisk_connection,
  action_id: nil,
  keys: %{
    "accountcode" => "",
    "calleridname" => "IVAN",
    "calleridnum" => "101",
    "channel" => "PJSIP/101-0000007b",
    "channelstate" => "6",
    "channelstatedesc" => "Up",
    "connectedlinename" => "102",
    "connectedlinenum" => "102",
    "context" => "org_all",
    "exten" => "102",
    "language" => "en",
    "linkedid" => "1744771398.185",
    "priority" => "2",
    "privilege" => "dialplan,all",
    "uniqueid" => "1744771398.185",
    "value" => "b25fb907-4a4b-46cb-a4cd-63bf576e7b8a",
    "variable" => "BRIDGEPVTCALLID"
  },
  variables: %{}
}
[2025-04-16 02:43:21.410639Z] %ElixirAmi.Event{
  event: "varset",
  source: :asterisk_connection,
  action_id: nil,
  keys: %{
    "accountcode" => "",
    "calleridname" => "102",
    "calleridnum" => "102",
    "channel" => "PJSIP/102-0000007c",
    "channelstate" => "6",
    "channelstatedesc" => "Up",
    "connectedlinename" => "IVAN",
    "connectedlinenum" => "101",
    "context" => "org_all",
    "exten" => "",
    "language" => "en",
    "linkedid" => "1744771398.185",
    "priority" => "1",
    "privilege" => "dialplan,all",
    "uniqueid" => "1744771400.186",
    "value" => "PJSIP/101-0000007b",
    "variable" => "BRIDGEPEER"
  },
  variables: %{}
}
[2025-04-16 02:43:21.410882Z] %ElixirAmi.Event{
  event: "varset",
  source: :asterisk_connection,
  action_id: nil,
  keys: %{
    "accountcode" => "",
    "calleridname" => "102",
    "calleridnum" => "102",
    "channel" => "PJSIP/102-0000007c",
    "channelstate" => "6",
    "channelstatedesc" => "Up",
    "connectedlinename" => "IVAN",
    "connectedlinenum" => "101",
    "context" => "org_all",
    "exten" => "",
    "language" => "en",
    "linkedid" => "1744771398.185",
    "priority" => "1",
    "privilege" => "dialplan,all",
    "uniqueid" => "1744771400.186",
    "value" => "d8241720-ce39-42de-822c-94dadeb705be",
    "variable" => "BRIDGEPVTCALLID"
  },
  variables: %{}
}
[2025-04-16 02:43:21.592072Z] %ElixirAmi.Event{
  event: "rtcpreceived",
  source: :asterisk_connection,
  action_id: nil,
  keys: %{
    "pt" => "200(SR)",
    "report0highestsequence" => "30065",
    "mes" => "85.4",
    "privilege" => "reporting,all",
    "channelstatedesc" => "Up",
    "uniqueid" => "1744771400.186",
    "sentntp" => "1744796601.192435",
    "report0fractionlost" => "0",
    "sentpackets" => "10",
    "report0lsr" => "0",
    "linkedid" => "1744771398.185",
    "ssrc" => "0xeba9fa39",
    "exten" => "",
    "channel" => "PJSIP/102-0000007c",
    "report0iajitter" => "0",
    "sentrtp" => "1536",
    "context" => "org_all",
    "connectedlinename" => "IVAN",
    "priority" => "1",
    "rtt" => "0.0000",
    "to" => "192.168.0.16:17513",
    "reportcount" => "1",
    "language" => "en",
    "sentoctets" => "1600",
    "calleridname" => "102",
    "from" => "192.168.0.16:4139",
    "report0cumulativelost" => "0",
    "report0sequencenumbercycles" => "0",
    "calleridnum" => "102",
    "channelstate" => "6",
    "accountcode" => "",
    "report0dlsr" => "0.0000",
    "report0sourcessrc" => "0x2bdafe69",
    "connectedlinenum" => "101"
  },
  variables: %{}
}
[2025-04-16 02:43:22.296543Z] %ElixirAmi.Event{
  event: "rtcpreceived",
  source: :asterisk_connection,
  action_id: nil,
  keys: %{
    "pt" => "200(SR)",
    "report0highestsequence" => "21794",
    "mes" => "85.4",
    "privilege" => "reporting,all",
    "channelstatedesc" => "Up",
    "uniqueid" => "1744771398.185",
    "sentntp" => "1744796601.914790",
    "report0fractionlost" => "0",
    "sentpackets" => "96",
    "report0lsr" => "0",
    "linkedid" => "1744771398.185",
    "ssrc" => "0xeba9fa39",
    "exten" => "102",
    "channel" => "PJSIP/101-0000007b",
    "report0iajitter" => "37",
    "sentrtp" => "15312",
    "context" => "org_all",
    "connectedlinename" => "102",
    "priority" => "2",
    "rtt" => "0.0000",
    "to" => "192.168.0.16:18623",
    "reportcount" => "1",
    "language" => "en",
    "sentoctets" => "15360",
    "calleridname" => "IVAN",
    "from" => "192.168.0.16:4109",
    "report0cumulativelost" => "0",
    "report0sequencenumbercycles" => "0",
    "calleridnum" => "101",
    "channelstate" => "6",
    "accountcode" => "",
    "report0dlsr" => "0.0000",
    "report0sourcessrc" => "0x489b3ff6",
    "connectedlinenum" => "102"
  },
  variables: %{}
}
[2025-04-16 02:43:22.296990Z] %ElixirAmi.Event{
  event: "rtcpreceived",
  source: :asterisk_connection,
  action_id: nil,
  keys: %{
    "accountcode" => "",
    "calleridname" => "IVAN",
    "calleridnum" => "101",
    "channel" => "PJSIP/101-0000007b",
    "channelstate" => "6",
    "channelstatedesc" => "Up",
    "connectedlinename" => "102",
    "connectedlinenum" => "102",
    "context" => "org_all",
    "exten" => "102",
    "from" => "192.168.0.16:4109",
    "language" => "en",
    "linkedid" => "1744771398.185",
    "mes" => "85.4",
    "priority" => "2",
    "privilege" => "reporting,all",
    "pt" => "201(RR)",
    "report0cumulativelost" => "0",
    "report0dlsr" => "0.0000",
    "report0fractionlost" => "0",
    "report0highestsequence" => "21794",
    "report0iajitter" => "37",
    "report0lsr" => "0",
    "report0sequencenumbercycles" => "0",
    "report0sourcessrc" => "0x489b3ff6",
    "reportcount" => "1",
    "rtt" => "0.0000",
    "ssrc" => "0x489b3ff6",
    "to" => "192.168.0.16:18623",
    "uniqueid" => "1744771398.185"
  },
  variables: %{}
}
[2025-04-16 02:43:22.297288Z] %ElixirAmi.Event{
  event: "varset",
  source: :asterisk_connection,
  action_id: nil,
  keys: %{
    "accountcode" => "",
    "calleridname" => "IVAN",
    "calleridnum" => "101",
    "channel" => "PJSIP/101-0000007b",
    "channelstate" => "6",
    "channelstatedesc" => "Up",
    "connectedlinename" => "102",
    "connectedlinenum" => "102",
    "context" => "org_all",
    "exten" => "102",
    "language" => "en",
    "linkedid" => "1744771398.185",
    "priority" => "2",
    "privilege" => "dialplan,all",
    "uniqueid" => "1744771398.185",
    "value" => "ssrc=1218134006;themssrc=2106540564;lp=0;rxjitter=0.004625;rxcount=96;txjitter=0.000750;txcount=95;rlp=0;rtt=0.000000;rxmes=85.367289;txmes=0.000000",
    "variable" => "RTPAUDIOQOS"
  },
  variables: %{}
}
[2025-04-16 02:43:22.297527Z] %ElixirAmi.Event{
  event: "varset",
  source: :asterisk_connection,
  action_id: nil,
  keys: %{
    "accountcode" => "",
    "calleridname" => "102",
    "calleridnum" => "102",
    "channel" => "PJSIP/102-0000007c",
    "channelstate" => "6",
    "channelstatedesc" => "Up",
    "connectedlinename" => "IVAN",
    "connectedlinenum" => "101",
    "context" => "org_all",
    "exten" => "",
    "language" => "en",
    "linkedid" => "1744771398.185",
    "priority" => "1",
    "privilege" => "dialplan,all",
    "uniqueid" => "1744771400.186",
    "value" => "ssrc=1218134006;themssrc=2106540564;lp=0;rxjitter=0.004625;rxcount=96;txjitter=0.000750;txcount=95;rlp=0;rtt=0.000000;rxmes=85.367289;txmes=0.000000",
    "variable" => "RTPAUDIOQOSBRIDGED"
  },
  variables: %{}
}
[2025-04-16 02:43:22.297819Z] %ElixirAmi.Event{
  event: "varset",
  source: :asterisk_connection,
  action_id: nil,
  keys: %{
    "accountcode" => "",
    "calleridname" => "IVAN",
    "calleridnum" => "101",
    "channel" => "PJSIP/101-0000007b",
    "channelstate" => "6",
    "channelstatedesc" => "Up",
    "connectedlinename" => "102",
    "connectedlinenum" => "102",
    "context" => "org_all",
    "exten" => "102",
    "language" => "en",
    "linkedid" => "1744771398.185",
    "priority" => "2",
    "privilege" => "dialplan,all",
    "uniqueid" => "1744771398.185",
    "value" => "minrxjitter=000.000000;maxrxjitter=000.000875;avgrxjitter=000.000620;stdevrxjitter=000.000212;mintxjitter=000.000000;maxtxjitter=000.004625;avgtxjitter=000.001850;stdevtxjitter=000.002266;",
    "variable" => "RTPAUDIOQOSJITTER"
  },
  variables: %{}
}
[2025-04-16 02:43:22.298149Z] %ElixirAmi.Event{
  event: "varset",
  source: :asterisk_connection,
  action_id: nil,
  keys: %{
    "accountcode" => "",
    "calleridname" => "102",
    "calleridnum" => "102",
    "channel" => "PJSIP/102-0000007c",
    "channelstate" => "6",
    "channelstatedesc" => "Up",
    "connectedlinename" => "IVAN",
    "connectedlinenum" => "101",
    "context" => "org_all",
    "exten" => "",
    "language" => "en",
    "linkedid" => "1744771398.185",
    "priority" => "1",
    "privilege" => "dialplan,all",
    "uniqueid" => "1744771400.186",
    "value" => "minrxjitter=000.000000;maxrxjitter=000.000875;avgrxjitter=000.000620;stdevrxjitter=000.000212;mintxjitter=000.000000;maxtxjitter=000.004625;avgtxjitter=000.001850;stdevtxjitter=000.002266;",
    "variable" => "RTPAUDIOQOSJITTERBRIDGED"
  },
  variables: %{}
}
[2025-04-16 02:43:22.298420Z] %ElixirAmi.Event{
  event: "varset",
  source: :asterisk_connection,
  action_id: nil,
  keys: %{
    "accountcode" => "",
    "calleridname" => "IVAN",
    "calleridnum" => "101",
    "channel" => "PJSIP/101-0000007b",
    "channelstate" => "6",
    "channelstatedesc" => "Up",
    "connectedlinename" => "102",
    "connectedlinenum" => "102",
    "context" => "org_all",
    "exten" => "102",
    "language" => "en",
    "linkedid" => "1744771398.185",
    "priority" => "2",
    "privilege" => "dialplan,all",
    "uniqueid" => "1744771398.185",
    "value" => "minrxlost=000.000000;  maxrxlost=000.000000;  avgrxlost=000.000000;  stdevrxlost=000.000000;  mintxlost=000.000000;  maxtxlost=000.000000;  avgtxlost=000.000000;  stdevtxlost=000.000000;",
    "variable" => "RTPAUDIOQOSLOSS"
  },
  variables: %{}
}
[2025-04-16 02:43:22.298886Z] %ElixirAmi.Event{
  event: "varset",
  source: :asterisk_connection,
  action_id: nil,
  keys: %{
    "accountcode" => "",
    "calleridname" => "102",
    "calleridnum" => "102",
    "channel" => "PJSIP/102-0000007c",
    "channelstate" => "6",
    "channelstatedesc" => "Up",
    "connectedlinename" => "IVAN",
    "connectedlinenum" => "101",
    "context" => "org_all",
    "exten" => "",
    "language" => "en",
    "linkedid" => "1744771398.185",
    "priority" => "1",
    "privilege" => "dialplan,all",
    "uniqueid" => "1744771400.186",
    "value" => "minrxlost=000.000000;  maxrxlost=000.000000;  avgrxlost=000.000000;  stdevrxlost=000.000000;  mintxlost=000.000000;  maxtxlost=000.000000;  avgtxlost=000.000000;  stdevtxlost=000.000000;",
    "variable" => "RTPAUDIOQOSLOSSBRIDGED"
  },
  variables: %{}
}
[2025-04-16 02:43:22.299117Z] %ElixirAmi.Event{
  event: "varset",
  source: :asterisk_connection,
  action_id: nil,
  keys: %{
    "accountcode" => "",
    "calleridname" => "IVAN",
    "calleridnum" => "101",
    "channel" => "PJSIP/101-0000007b",
    "channelstate" => "6",
    "channelstatedesc" => "Up",
    "connectedlinename" => "102",
    "connectedlinenum" => "102",
    "context" => "org_all",
    "exten" => "102",
    "language" => "en",
    "linkedid" => "1744771398.185",
    "priority" => "2",
    "privilege" => "dialplan,all",
    "uniqueid" => "1744771398.185",
    "value" => "minrtt=000.000000;     maxrtt=000.000000;     avgrtt=000.000000;     stdevrtt=000.000000;",
    "variable" => "RTPAUDIOQOSRTT"
  },
  variables: %{}
}
[2025-04-16 02:43:22.299400Z] %ElixirAmi.Event{
  event: "varset",
  source: :asterisk_connection,
  action_id: nil,
  keys: %{
    "accountcode" => "",
    "calleridname" => "102",
    "calleridnum" => "102",
    "channel" => "PJSIP/102-0000007c",
    "channelstate" => "6",
    "channelstatedesc" => "Up",
    "connectedlinename" => "IVAN",
    "connectedlinenum" => "101",
    "context" => "org_all",
    "exten" => "",
    "language" => "en",
    "linkedid" => "1744771398.185",
    "priority" => "1",
    "privilege" => "dialplan,all",
    "uniqueid" => "1744771400.186",
    "value" => "minrtt=000.000000;     maxrtt=000.000000;     avgrtt=000.000000;     stdevrtt=000.000000;",
    "variable" => "RTPAUDIOQOSRTTBRIDGED"
  },
  variables: %{}
}
[2025-04-16 02:43:22.299724Z] %ElixirAmi.Event{
  event: "varset",
  source: :asterisk_connection,
  action_id: nil,
  keys: %{
    "accountcode" => "",
    "calleridname" => "IVAN",
    "calleridnum" => "101",
    "channel" => "PJSIP/101-0000007b",
    "channelstate" => "6",
    "channelstatedesc" => "Up",
    "connectedlinename" => "102",
    "connectedlinenum" => "102",
    "context" => "org_all",
    "exten" => "102",
    "language" => "en",
    "linkedid" => "1744771398.185",
    "priority" => "2",
    "privilege" => "dialplan,all",
    "uniqueid" => "1744771398.185",
    "value" => "minrxmes=000.000000;   maxrxmes=000.000000;   avgrxmes=000.000000;   stdevrxmes=000.000212;   mintxmes=085.367289;   maxtxmes=085.367289;   avgtxmes=085.367289;   stdevtxmes=000.000000;",
    "variable" => "RTPAUDIOQOSMES"
  },
  variables: %{}
}
[2025-04-16 02:43:22.299907Z] %ElixirAmi.Event{
  event: "varset",
  source: :asterisk_connection,
  action_id: nil,
  keys: %{
    "accountcode" => "",
    "calleridname" => "102",
    "calleridnum" => "102",
    "channel" => "PJSIP/102-0000007c",
    "channelstate" => "6",
    "channelstatedesc" => "Up",
    "connectedlinename" => "IVAN",
    "connectedlinenum" => "101",
    "context" => "org_all",
    "exten" => "",
    "language" => "en",
    "linkedid" => "1744771398.185",
    "priority" => "1",
    "privilege" => "dialplan,all",
    "uniqueid" => "1744771400.186",
    "value" => "minrxmes=000.000000;   maxrxmes=000.000000;   avgrxmes=000.000000;   stdevrxmes=000.000212;   mintxmes=085.367289;   maxtxmes=085.367289;   avgtxmes=085.367289;   stdevtxmes=000.000000;",
    "variable" => "RTPAUDIOQOSMESBRIDGED"
  },
  variables: %{}
}
[2025-04-16 02:43:22.300111Z] %ElixirAmi.Event{
  event: "hanguprequest",
  source: :asterisk_connection,
  action_id: nil,
  keys: %{
    "accountcode" => "",
    "calleridname" => "IVAN",
    "calleridnum" => "101",
    "channel" => "PJSIP/101-0000007b",
    "channelstate" => "6",
    "channelstatedesc" => "Up",
    "connectedlinename" => "102",
    "connectedlinenum" => "102",
    "context" => "org_all",
    "exten" => "102",
    "language" => "en",
    "linkedid" => "1744771398.185",
    "priority" => "2",
    "privilege" => "call,all",
    "uniqueid" => "1744771398.185"
  },
  variables: %{}
}
[2025-04-16 02:43:22.300342Z] %ElixirAmi.Event{
  event: "varset",
  source: :asterisk_connection,
  action_id: nil,
  keys: %{
    "accountcode" => "",
    "calleridname" => "IVAN",
    "calleridnum" => "101",
    "channel" => "PJSIP/101-0000007b",
    "channelstate" => "6",
    "channelstatedesc" => "Up",
    "connectedlinename" => "102",
    "connectedlinenum" => "102",
    "context" => "org_all",
    "exten" => "102",
    "language" => "en",
    "linkedid" => "1744771398.185",
    "priority" => "2",
    "privilege" => "dialplan,all",
    "uniqueid" => "1744771398.185",
    "value" => "",
    "variable" => "BRIDGEPEER"
  },
  variables: %{}
}
[2025-04-16 02:43:22.300520Z] %ElixirAmi.Event{
  event: "varset",
  source: :asterisk_connection,
  action_id: nil,
  keys: %{
    "accountcode" => "",
    "calleridname" => "IVAN",
    "calleridnum" => "101",
    "channel" => "PJSIP/101-0000007b",
    "channelstate" => "6",
    "channelstatedesc" => "Up",
    "connectedlinename" => "102",
    "connectedlinenum" => "102",
    "context" => "org_all",
    "exten" => "102",
    "language" => "en",
    "linkedid" => "1744771398.185",
    "priority" => "2",
    "privilege" => "dialplan,all",
    "uniqueid" => "1744771398.185",
    "value" => "",
    "variable" => "BRIDGEPVTCALLID"
  },
  variables: %{}
}
[2025-04-16 02:43:22.300739Z] %ElixirAmi.Event{
  event: "varset",
  source: :asterisk_connection,
  action_id: nil,
  keys: %{
    "accountcode" => "",
    "calleridname" => "102",
    "calleridnum" => "102",
    "channel" => "PJSIP/102-0000007c",
    "channelstate" => "6",
    "channelstatedesc" => "Up",
    "connectedlinename" => "IVAN",
    "connectedlinenum" => "101",
    "context" => "org_all",
    "exten" => "",
    "language" => "en",
    "linkedid" => "1744771398.185",
    "priority" => "1",
    "privilege" => "dialplan,all",
    "uniqueid" => "1744771400.186",
    "value" => "",
    "variable" => "BRIDGEPEER"
  },
  variables: %{}
}
[2025-04-16 02:43:22.300908Z] %ElixirAmi.Event{
  event: "varset",
  source: :asterisk_connection,
  action_id: nil,
  keys: %{
    "accountcode" => "",
    "calleridname" => "102",
    "calleridnum" => "102",
    "channel" => "PJSIP/102-0000007c",
    "channelstate" => "6",
    "channelstatedesc" => "Up",
    "connectedlinename" => "IVAN",
    "connectedlinenum" => "101",
    "context" => "org_all",
    "exten" => "",
    "language" => "en",
    "linkedid" => "1744771398.185",
    "priority" => "1",
    "privilege" => "dialplan,all",
    "uniqueid" => "1744771400.186",
    "value" => "",
    "variable" => "BRIDGEPVTCALLID"
  },
  variables: %{}
}
[2025-04-16 02:43:22.301187Z] %ElixirAmi.Event{
  event: "bridgeleave",
  source: :asterisk_connection,
  action_id: nil,
  keys: %{
    "accountcode" => "",
    "bridgecreator" => "<unknown>",
    "bridgename" => "<unknown>",
    "bridgenumchannels" => "1",
    "bridgetechnology" => "simple_bridge",
    "bridgetype" => "basic",
    "bridgeuniqueid" => "bbd24218-fa80-4c5f-b762-a356ae17d0cd",
    "bridgevideosourcemode" => "none",
    "calleridname" => "IVAN",
    "calleridnum" => "101",
    "channel" => "PJSIP/101-0000007b",
    "channelstate" => "6",
    "channelstatedesc" => "Up",
    "connectedlinename" => "102",
    "connectedlinenum" => "102",
    "context" => "org_all",
    "exten" => "102",
    "language" => "en",
    "linkedid" => "1744771398.185",
    "priority" => "2",
    "privilege" => "call,all",
    "uniqueid" => "1744771398.185"
  },
  variables: %{}
}
[2025-04-16 02:43:22.301392Z] %ElixirAmi.Event{
  event: "varset",
  source: :asterisk_connection,
  action_id: nil,
  keys: %{
    "accountcode" => "",
    "calleridname" => "IVAN",
    "calleridnum" => "101",
    "channel" => "PJSIP/101-0000007b",
    "channelstate" => "6",
    "channelstatedesc" => "Up",
    "connectedlinename" => "102",
    "connectedlinenum" => "102",
    "context" => "org_all",
    "exten" => "102",
    "language" => "en",
    "linkedid" => "1744771398.185",
    "priority" => "2",
    "privilege" => "dialplan,all",
    "uniqueid" => "1744771398.185",
    "value" => "1",
    "variable" => "ANSWEREDTIME"
  },
  variables: %{}
}
[2025-04-16 02:43:22.301612Z] %ElixirAmi.Event{
  event: "varset",
  source: :asterisk_connection,
  action_id: nil,
  keys: %{
    "accountcode" => "",
    "calleridname" => "IVAN",
    "calleridnum" => "101",
    "channel" => "PJSIP/101-0000007b",
    "channelstate" => "6",
    "channelstatedesc" => "Up",
    "connectedlinename" => "102",
    "connectedlinenum" => "102",
    "context" => "org_all",
    "exten" => "102",
    "language" => "en",
    "linkedid" => "1744771398.185",
    "priority" => "2",
    "privilege" => "dialplan,all",
    "uniqueid" => "1744771398.185",
    "value" => "1914",
    "variable" => "ANSWEREDTIME_MS"
  },
  variables: %{}
}
[2025-04-16 02:43:22.301850Z] %ElixirAmi.Event{
  event: "varset",
  source: :asterisk_connection,
  action_id: nil,
  keys: %{
    "accountcode" => "",
    "calleridname" => "IVAN",
    "calleridnum" => "101",
    "channel" => "PJSIP/101-0000007b",
    "channelstate" => "6",
    "channelstatedesc" => "Up",
    "connectedlinename" => "102",
    "connectedlinenum" => "102",
    "context" => "org_all",
    "exten" => "102",
    "language" => "en",
    "linkedid" => "1744771398.185",
    "priority" => "2",
    "privilege" => "dialplan,all",
    "uniqueid" => "1744771398.185",
    "value" => "3",
    "variable" => "DIALEDTIME"
  },
  variables: %{}
}
[2025-04-16 02:43:22.301997Z] %ElixirAmi.Event{
  event: "varset",
  source: :asterisk_connection,
  action_id: nil,
  keys: %{
    "accountcode" => "",
    "calleridname" => "IVAN",
    "calleridnum" => "101",
    "channel" => "PJSIP/101-0000007b",
    "channelstate" => "6",
    "channelstatedesc" => "Up",
    "connectedlinename" => "102",
    "connectedlinenum" => "102",
    "context" => "org_all",
    "exten" => "102",
    "language" => "en",
    "linkedid" => "1744771398.185",
    "priority" => "2",
    "privilege" => "dialplan,all",
    "uniqueid" => "1744771398.185",
    "value" => "3430",
    "variable" => "DIALEDTIME_MS"
  },
  variables: %{}
}
[2025-04-16 02:43:22.302256Z] %ElixirAmi.Event{
  event: "bridgeleave",
  source: :asterisk_connection,
  action_id: nil,
  keys: %{
    "accountcode" => "",
    "bridgecreator" => "<unknown>",
    "bridgename" => "<unknown>",
    "bridgenumchannels" => "0",
    "bridgetechnology" => "simple_bridge",
    "bridgetype" => "basic",
    "bridgeuniqueid" => "bbd24218-fa80-4c5f-b762-a356ae17d0cd",
    "bridgevideosourcemode" => "none",
    "calleridname" => "102",
    "calleridnum" => "102",
    "channel" => "PJSIP/102-0000007c",
    "channelstate" => "6",
    "channelstatedesc" => "Up",
    "connectedlinename" => "IVAN",
    "connectedlinenum" => "101",
    "context" => "org_all",
    "exten" => "",
    "language" => "en",
    "linkedid" => "1744771398.185",
    "priority" => "1",
    "privilege" => "call,all",
    "uniqueid" => "1744771400.186"
  },
  variables: %{}
}
[2025-04-16 02:43:22.302511Z] %ElixirAmi.Event{
  event: "varset",
  source: :asterisk_connection,
  action_id: nil,
  keys: %{
    "accountcode" => "",
    "calleridname" => "IVAN",
    "calleridnum" => "101",
    "channel" => "PJSIP/101-0000007b",
    "channelstate" => "6",
    "channelstatedesc" => "Up",
    "connectedlinename" => "102",
    "connectedlinenum" => "102",
    "context" => "org_all",
    "exten" => "102",
    "language" => "en",
    "linkedid" => "1744771398.185",
    "priority" => "2",
    "privilege" => "dialplan,all",
    "uniqueid" => "1744771398.185",
    "value" => "ANSWER",
    "variable" => "DIALSTATUS"
  },
  variables: %{}
}
[2025-04-16 02:43:22.302694Z] %ElixirAmi.Event{
  event: "softhanguprequest",
  source: :asterisk_connection,
  action_id: nil,
  keys: %{
    "accountcode" => "",
    "calleridname" => "IVAN",
    "calleridnum" => "101",
    "cause" => "16",
    "channel" => "PJSIP/101-0000007b",
    "channelstate" => "6",
    "channelstatedesc" => "Up",
    "connectedlinename" => "102",
    "connectedlinenum" => "102",
    "context" => "org_all",
    "exten" => "102",
    "language" => "en",
    "linkedid" => "1744771398.185",
    "priority" => "2",
    "privilege" => "call,all",
    "uniqueid" => "1744771398.185"
  },
  variables: %{}
}
[2025-04-16 02:43:22.303050Z] %ElixirAmi.Event{
  event: "varset",
  source: :asterisk_connection,
  action_id: nil,
  keys: %{
    "accountcode" => "",
    "calleridname" => "IVAN",
    "calleridnum" => "101",
    "channel" => "PJSIP/101-0000007b",
    "channelstate" => "6",
    "channelstatedesc" => "Up",
    "connectedlinename" => "102",
    "connectedlinenum" => "102",
    "context" => "org_all",
    "exten" => "102",
    "language" => "en",
    "linkedid" => "1744771398.185",
    "priority" => "2",
    "privilege" => "dialplan,all",
    "uniqueid" => "1744771398.185",
    "value" => "ssrc=1218134006;themssrc=2106540564;lp=0;rxjitter=0.004625;rxcount=96;txjitter=0.000750;txcount=95;rlp=0;rtt=0.000000;rxmes=85.367289;txmes=0.000000",
    "variable" => "RTPAUDIOQOS"
  },
  variables: %{}
}
[2025-04-16 02:43:22.303319Z] %ElixirAmi.Event{
  event: "varset",
  source: :asterisk_connection,
  action_id: nil,
  keys: %{
    "accountcode" => "",
    "calleridname" => "IVAN",
    "calleridnum" => "101",
    "channel" => "PJSIP/101-0000007b",
    "channelstate" => "6",
    "channelstatedesc" => "Up",
    "connectedlinename" => "102",
    "connectedlinenum" => "102",
    "context" => "org_all",
    "exten" => "102",
    "language" => "en",
    "linkedid" => "1744771398.185",
    "priority" => "2",
    "privilege" => "dialplan,all",
    "uniqueid" => "1744771398.185",
    "value" => "minrxjitter=000.000000;maxrxjitter=000.000875;avgrxjitter=000.000620;stdevrxjitter=000.000212;mintxjitter=000.000000;maxtxjitter=000.004625;avgtxjitter=000.001850;stdevtxjitter=000.002266;",
    "variable" => "RTPAUDIOQOSJITTER"
  },
  variables: %{}
}
[2025-04-16 02:43:22.303503Z] %ElixirAmi.Event{
  event: "varset",
  source: :asterisk_connection,
  action_id: nil,
  keys: %{
    "accountcode" => "",
    "calleridname" => "IVAN",
    "calleridnum" => "101",
    "channel" => "PJSIP/101-0000007b",
    "channelstate" => "6",
    "channelstatedesc" => "Up",
    "connectedlinename" => "102",
    "connectedlinenum" => "102",
    "context" => "org_all",
    "exten" => "102",
    "language" => "en",
    "linkedid" => "1744771398.185",
    "priority" => "2",
    "privilege" => "dialplan,all",
    "uniqueid" => "1744771398.185",
    "value" => "minrxlost=000.000000;  maxrxlost=000.000000;  avgrxlost=000.000000;  stdevrxlost=000.000000;  mintxlost=000.000000;  maxtxlost=000.000000;  avgtxlost=000.000000;  stdevtxlost=000.000000;",
    "variable" => "RTPAUDIOQOSLOSS"
  },
  variables: %{}
}
[2025-04-16 02:43:22.303685Z] %ElixirAmi.Event{
  event: "varset",
  source: :asterisk_connection,
  action_id: nil,
  keys: %{
    "accountcode" => "",
    "calleridname" => "IVAN",
    "calleridnum" => "101",
    "channel" => "PJSIP/101-0000007b",
    "channelstate" => "6",
    "channelstatedesc" => "Up",
    "connectedlinename" => "102",
    "connectedlinenum" => "102",
    "context" => "org_all",
    "exten" => "102",
    "language" => "en",
    "linkedid" => "1744771398.185",
    "priority" => "2",
    "privilege" => "dialplan,all",
    "uniqueid" => "1744771398.185",
    "value" => "minrtt=000.000000;     maxrtt=000.000000;     avgrtt=000.000000;     stdevrtt=000.000000;",
    "variable" => "RTPAUDIOQOSRTT"
  },
  variables: %{}
}
[2025-04-16 02:43:22.303899Z] %ElixirAmi.Event{
  event: "varset",
  source: :asterisk_connection,
  action_id: nil,
  keys: %{
    "accountcode" => "",
    "calleridname" => "IVAN",
    "calleridnum" => "101",
    "channel" => "PJSIP/101-0000007b",
    "channelstate" => "6",
    "channelstatedesc" => "Up",
    "connectedlinename" => "102",
    "connectedlinenum" => "102",
    "context" => "org_all",
    "exten" => "102",
    "language" => "en",
    "linkedid" => "1744771398.185",
    "priority" => "2",
    "privilege" => "dialplan,all",
    "uniqueid" => "1744771398.185",
    "value" => "minrxmes=000.000000;   maxrxmes=000.000000;   avgrxmes=000.000000;   stdevrxmes=000.000212;   mintxmes=085.367289;   maxtxmes=085.367289;   avgtxmes=085.367289;   stdevtxmes=000.000000;",
    "variable" => "RTPAUDIOQOSMES"
  },
  variables: %{}
}
[2025-04-16 02:43:22.304076Z] %ElixirAmi.Event{
  event: "hangup",
  source: :asterisk_connection,
  action_id: nil,
  keys: %{
    "accountcode" => "",
    "calleridname" => "IVAN",
    "calleridnum" => "101",
    "cause" => "16",
    "cause-txt" => "Normal Clearing",
    "channel" => "PJSIP/101-0000007b",
    "channelstate" => "6",
    "channelstatedesc" => "Up",
    "connectedlinename" => "102",
    "connectedlinenum" => "102",
    "context" => "org_all",
    "exten" => "102",
    "language" => "en",
    "linkedid" => "1744771398.185",
    "priority" => "2",
    "privilege" => "call,all",
    "uniqueid" => "1744771398.185"
  },
  variables: %{}
}
[2025-04-16 02:43:22.304271Z] %ElixirAmi.Event{
  event: "varset",
  source: :asterisk_connection,
  action_id: nil,
  keys: %{
    "accountcode" => "",
    "calleridname" => "102",
    "calleridnum" => "102",
    "channel" => "PJSIP/102-0000007c",
    "channelstate" => "6",
    "channelstatedesc" => "Up",
    "connectedlinename" => "IVAN",
    "connectedlinenum" => "101",
    "context" => "org_all",
    "exten" => "",
    "language" => "en",
    "linkedid" => "1744771398.185",
    "priority" => "1",
    "privilege" => "dialplan,all",
    "uniqueid" => "1744771400.186",
    "value" => "ssrc=735772265;themssrc=100882885;lp=0;rxjitter=0.000000;rxcount=45;txjitter=0.000625;txcount=45;rlp=0;rtt=0.000000;rxmes=85.367289;txmes=0.000000",
    "variable" => "RTPAUDIOQOS"
  },
  variables: %{}
}
[2025-04-16 02:43:22.304544Z] %ElixirAmi.Event{
  event: "varset",
  source: :asterisk_connection,
  action_id: nil,
  keys: %{
    "accountcode" => "",
    "calleridname" => "102",
    "calleridnum" => "102",
    "channel" => "PJSIP/102-0000007c",
    "channelstate" => "6",
    "channelstatedesc" => "Up",
    "connectedlinename" => "IVAN",
    "connectedlinenum" => "101",
    "context" => "org_all",
    "exten" => "",
    "language" => "en",
    "linkedid" => "1744771398.185",
    "priority" => "1",
    "privilege" => "dialplan,all",
    "uniqueid" => "1744771400.186",
    "value" => "minrxjitter=000.000000;maxrxjitter=000.000625;avgrxjitter=000.000413;stdevrxjitter=000.000189;mintxjitter=000.000000;maxtxjitter=000.000000;avgtxjitter=000.000000;stdevtxjitter=000.000000;",
    "variable" => "RTPAUDIOQOSJITTER"
  },
  variables: %{}
}
[2025-04-16 02:43:22.304810Z] %ElixirAmi.Event{
  event: "varset",
  source: :asterisk_connection,
  action_id: nil,
  keys: %{
    "accountcode" => "",
    "calleridname" => "102",
    "calleridnum" => "102",
    "channel" => "PJSIP/102-0000007c",
    "channelstate" => "6",
    "channelstatedesc" => "Up",
    "connectedlinename" => "IVAN",
    "connectedlinenum" => "101",
    "context" => "org_all",
    "exten" => "",
    "language" => "en",
    "linkedid" => "1744771398.185",
    "priority" => "1",
    "privilege" => "dialplan,all",
    "uniqueid" => "1744771400.186",
    "value" => "minrxlost=000.000000;  maxrxlost=000.000000;  avgrxlost=000.000000;  stdevrxlost=000.000000;  mintxlost=000.000000;  maxtxlost=000.000000;  avgtxlost=000.000000;  stdevtxlost=000.000000;",
    "variable" => "RTPAUDIOQOSLOSS"
  },
  variables: %{}
}
[2025-04-16 02:43:22.305052Z] %ElixirAmi.Event{
  event: "varset",
  source: :asterisk_connection,
  action_id: nil,
  keys: %{
    "accountcode" => "",
    "calleridname" => "102",
    "calleridnum" => "102",
    "channel" => "PJSIP/102-0000007c",
    "channelstate" => "6",
    "channelstatedesc" => "Up",
    "connectedlinename" => "IVAN",
    "connectedlinenum" => "101",
    "context" => "org_all",
    "exten" => "",
    "language" => "en",
    "linkedid" => "1744771398.185",
    "priority" => "1",
    "privilege" => "dialplan,all",
    "uniqueid" => "1744771400.186",
    "value" => "minrtt=000.000000;     maxrtt=000.000000;     avgrtt=000.000000;     stdevrtt=000.000000;",
    "variable" => "RTPAUDIOQOSRTT"
  },
  variables: %{}
}
[2025-04-16 02:43:22.306845Z] %ElixirAmi.Event{
  event: "varset",
  source: :asterisk_connection,
  action_id: nil,
  keys: %{
    "accountcode" => "",
    "calleridname" => "102",
    "calleridnum" => "102",
    "channel" => "PJSIP/102-0000007c",
    "channelstate" => "6",
    "channelstatedesc" => "Up",
    "connectedlinename" => "IVAN",
    "connectedlinenum" => "101",
    "context" => "org_all",
    "exten" => "",
    "language" => "en",
    "linkedid" => "1744771398.185",
    "priority" => "1",
    "privilege" => "dialplan,all",
    "uniqueid" => "1744771400.186",
    "value" => "minrxmes=000.000000;   maxrxmes=000.000000;   avgrxmes=000.000000;   stdevrxmes=000.000189;   mintxmes=085.367289;   maxtxmes=085.367289;   avgtxmes=085.367289;   stdevtxmes=000.000000;",
    "variable" => "RTPAUDIOQOSMES"
  },
  variables: %{}
}
[2025-04-16 02:43:22.307002Z] %ElixirAmi.Event{
  event: "hangup",
  source: :asterisk_connection,
  action_id: nil,
  keys: %{
    "accountcode" => "",
    "calleridname" => "102",
    "calleridnum" => "102",
    "cause" => "16",
    "cause-txt" => "Normal Clearing",
    "channel" => "PJSIP/102-0000007c",
    "channelstate" => "6",
    "channelstatedesc" => "Up",
    "connectedlinename" => "IVAN",
    "connectedlinenum" => "101",
    "context" => "org_all",
    "exten" => "",
    "language" => "en",
    "linkedid" => "1744771398.185",
    "priority" => "1",
    "privilege" => "call,all",
    "uniqueid" => "1744771400.186"
  },
  variables: %{}
}
