[2025-04-15 14:22:21.665060Z] %ElixirAmi.Event{
  event: "newchannel",
  source: :asterisk_connection,
  action_id: nil,
  keys: %{
    "accountcode" => "",
    "calleridname" => "102",
    "calleridnum" => "102",
    "channel" => "PJSIP/102-00000031",
    "channelstate" => "0",
    "channelstatedesc" => "Down",
    "connectedlinename" => "<unknown>",
    "connectedlinenum" => "<unknown>",
    "context" => "org_all",
    "exten" => "s",
    "language" => "en",
    "linkedid" => "1744726931.76",
    "priority" => "1",
    "privilege" => "call,all",
    "uniqueid" => "1744726931.76"
  },
  variables: %{}
}
[2025-04-15 14:22:21.665065Z] %ElixirAmi.Event{
  event: "newconnectedline",
  source: :asterisk_connection,
  action_id: nil,
  keys: %{
    "accountcode" => "",
    "calleridname" => "asd",
    "calleridnum" => "102",
    "channel" => "PJSIP/102-00000031",
    "channelstate" => "0",
    "channelstatedesc" => "Down",
    "connectedlinename" => "asd",
    "connectedlinenum" => "<unknown>",
    "context" => "org_all",
    "exten" => "s",
    "language" => "en",
    "linkedid" => "1744726931.76",
    "priority" => "1",
    "privilege" => "call,all",
    "uniqueid" => "1744726931.76"
  },
  variables: %{}
}
[2025-04-15 14:22:21.665062Z] %ElixirAmi.Event{
  event: "hangup",
  source: :asterisk_connection,
  action_id: nil,
  keys: %{
    "accountcode" => "",
    "calleridname" => "asd",
    "calleridnum" => "102",
    "cause" => "17",
    "cause-txt" => "User busy",
    "channel" => "PJSIP/102-00000031",
    "channelstate" => "5",
    "channelstatedesc" => "Ringing",
    "connectedlinename" => "asd",
    "connectedlinenum" => "<unknown>",
    "context" => "org_all",
    "exten" => "s",
    "language" => "en",
    "linkedid" => "1744726931.76",
    "priority" => "1",
    "privilege" => "call,all",
    "uniqueid" => "1744726931.76"
  },
  variables: %{}
}
[2025-04-15 14:22:21.665067Z] %ElixirAmi.Event{
  event: "newcallerid",
  source: :asterisk_connection,
  action_id: nil,
  keys: %{
    "accountcode" => "",
    "calleridname" => "asd",
    "calleridnum" => "102",
    "channel" => "PJSIP/102-00000031",
    "channelstate" => "0",
    "channelstatedesc" => "Down",
    "cid-callingpres" => "0 (Presentation Allowed, Not Screened)",
    "connectedlinename" => "<unknown>",
    "connectedlinenum" => "<unknown>",
    "context" => "org_all",
    "exten" => "s",
    "language" => "en",
    "linkedid" => "1744726931.76",
    "priority" => "1",
    "privilege" => "call,all",
    "uniqueid" => "1744726931.76"
  },
  variables: %{}
}
[2025-04-15 14:22:21.665065Z] %ElixirAmi.Event{
  event: "hanguprequest",
  source: :asterisk_connection,
  action_id: nil,
  keys: %{
    "accountcode" => "",
    "calleridname" => "asd",
    "calleridnum" => "102",
    "cause" => "17",
    "channel" => "PJSIP/102-00000031",
    "channelstate" => "5",
    "channelstatedesc" => "Ringing",
    "connectedlinename" => "asd",
    "connectedlinenum" => "<unknown>",
    "context" => "org_all",
    "exten" => "s",
    "language" => "en",
    "linkedid" => "1744726931.76",
    "priority" => "1",
    "privilege" => "call,all",
    "uniqueid" => "1744726931.76"
  },
  variables: %{}
}
[2025-04-15 14:22:21.665068Z] %ElixirAmi.Event{
  event: "newstate",
  source: :asterisk_connection,
  action_id: nil,
  keys: %{
    "accountcode" => "",
    "calleridname" => "asd",
    "calleridnum" => "102",
    "channel" => "PJSIP/102-00000031",
    "channelstate" => "5",
    "channelstatedesc" => "Ringing",
    "connectedlinename" => "asd",
    "connectedlinenum" => "<unknown>",
    "context" => "org_all",
    "exten" => "s",
    "language" => "en",
    "linkedid" => "1744726931.76",
    "priority" => "1",
    "privilege" => "call,all",
    "uniqueid" => "1744726931.76"
  },
  variables: %{}
}
[2025-04-15 14:22:21.665070Z] %ElixirAmi.Event{
  event: "newexten",
  source: :asterisk_connection,
  action_id: nil,
  keys: %{
    "accountcode" => "",
    "appdata" => "(Outgoing Line)",
    "application" => "AppDial2",
    "calleridname" => "102",
    "calleridnum" => "102",
    "channel" => "PJSIP/102-00000031",
    "channelstate" => "0",
    "channelstatedesc" => "Down",
    "connectedlinename" => "<unknown>",
    "connectedlinenum" => "<unknown>",
    "context" => "org_all",
    "exten" => "s",
    "extension" => "s",
    "language" => "en",
    "linkedid" => "1744726931.76",
    "priority" => "1",
    "privilege" => "dialplan,all",
    "uniqueid" => "1744726931.76"
  },
  variables: %{}
}
