[2025-04-11 09:14:52.059262Z] %ElixirAmi.Event{
  event: "newchannel",
  source: :asterisk_connection,
  action_id: nil,
  keys: %{
    "accountcode" => "",
    "calleridname" => "102",
    "calleridnum" => "102",
    "channel" => "PJSIP/102-00000005",
    "channelstate" => "4",
    "channelstatedesc" => "Ring",
    "connectedlinename" => "<unknown>",
    "connectedlinenum" => "<unknown>",
    "context" => "org_all",
    "exten" => "101",
    "language" => "en",
    "linkedid" => "1744362892.7",
    "priority" => "1",
    "privilege" => "call,all",
    "uniqueid" => "1744362892.7"
  },
  variables: %{}
}
[2025-04-11 09:14:52.059476Z] %ElixirAmi.Event{
  event: "varset",
  source: :asterisk_connection,
  action_id: nil,
  keys: %{
    "accountcode" => "",
    "calleridname" => "102",
    "calleridnum" => "102",
    "channel" => "PJSIP/102-00000005",
    "channelstate" => "4",
    "channelstatedesc" => "Ring",
    "connectedlinename" => "<unknown>",
    "connectedlinenum" => "<unknown>",
    "context" => "org_all",
    "exten" => "101",
    "language" => "en",
    "linkedid" => "1744362892.7",
    "priority" => "1",
    "privilege" => "dialplan,all",
    "uniqueid" => "1744362892.7",
    "value" => "192.168.0.16",
    "variable" => "SIPDOMAIN"
  },
  variables: %{}
}
[2025-04-11 09:14:52.059912Z] %ElixirAmi.Event{
  event: "newexten",
  source: :asterisk_connection,
  action_id: nil,
  keys: %{
    "accountcode" => "",
    "appdata" => "",
    "application" => "NoOp",
    "calleridname" => "102",
    "calleridnum" => "102",
    "channel" => "PJSIP/102-00000005",
    "channelstate" => "4",
    "channelstatedesc" => "Ring",
    "connectedlinename" => "<unknown>",
    "connectedlinenum" => "<unknown>",
    "context" => "org_all",
    "exten" => "101",
    "extension" => "101",
    "language" => "en",
    "linkedid" => "1744362892.7",
    "priority" => "1",
    "privilege" => "dialplan,all",
    "uniqueid" => "1744362892.7"
  },
  variables: %{}
}
[2025-04-11 09:14:52.060363Z] %ElixirAmi.Event{
  event: "newexten",
  source: :asterisk_connection,
  action_id: nil,
  keys: %{
    "accountcode" => "",
    "appdata" => "PJSIP/101,20,",
    "application" => "Dial",
    "calleridname" => "102",
    "calleridnum" => "102",
    "channel" => "PJSIP/102-00000005",
    "channelstate" => "4",
    "channelstatedesc" => "Ring",
    "connectedlinename" => "<unknown>",
    "connectedlinenum" => "<unknown>",
    "context" => "org_all",
    "exten" => "101",
    "extension" => "101",
    "language" => "en",
    "linkedid" => "1744362892.7",
    "priority" => "2",
    "privilege" => "dialplan,all",
    "uniqueid" => "1744362892.7"
  },
  variables: %{}
}
[2025-04-11 09:14:52.060553Z] %ElixirAmi.Event{
  event: "varset",
  source: :asterisk_connection,
  action_id: nil,
  keys: %{
    "accountcode" => "",
    "calleridname" => "102",
    "calleridnum" => "102",
    "channel" => "PJSIP/102-00000005",
    "channelstate" => "4",
    "channelstatedesc" => "Ring",
    "connectedlinename" => "<unknown>",
    "connectedlinenum" => "<unknown>",
    "context" => "org_all",
    "exten" => "101",
    "language" => "en",
    "linkedid" => "1744362892.7",
    "priority" => "2",
    "privilege" => "dialplan,all",
    "uniqueid" => "1744362892.7",
    "value" => "",
    "variable" => "DIALSTATUS"
  },
  variables: %{}
}
[2025-04-11 09:14:52.060721Z] %ElixirAmi.Event{
  event: "varset",
  source: :asterisk_connection,
  action_id: nil,
  keys: %{
    "accountcode" => "",
    "calleridname" => "102",
    "calleridnum" => "102",
    "channel" => "PJSIP/102-00000005",
    "channelstate" => "4",
    "channelstatedesc" => "Ring",
    "connectedlinename" => "<unknown>",
    "connectedlinenum" => "<unknown>",
    "context" => "org_all",
    "exten" => "101",
    "language" => "en",
    "linkedid" => "1744362892.7",
    "priority" => "2",
    "privilege" => "dialplan,all",
    "uniqueid" => "1744362892.7",
    "value" => "",
    "variable" => "DIALEDPEERNUMBER"
  },
  variables: %{}
}
[2025-04-11 09:14:52.060928Z] %ElixirAmi.Event{
  event: "varset",
  source: :asterisk_connection,
  action_id: nil,
  keys: %{
    "accountcode" => "",
    "calleridname" => "102",
    "calleridnum" => "102",
    "channel" => "PJSIP/102-00000005",
    "channelstate" => "4",
    "channelstatedesc" => "Ring",
    "connectedlinename" => "<unknown>",
    "connectedlinenum" => "<unknown>",
    "context" => "org_all",
    "exten" => "101",
    "language" => "en",
    "linkedid" => "1744362892.7",
    "priority" => "2",
    "privilege" => "dialplan,all",
    "uniqueid" => "1744362892.7",
    "value" => "",
    "variable" => "DIALEDPEERNAME"
  },
  variables: %{}
}
[2025-04-11 09:14:52.061448Z] %ElixirAmi.Event{
  event: "varset",
  source: :asterisk_connection,
  action_id: nil,
  keys: %{
    "accountcode" => "",
    "calleridname" => "102",
    "calleridnum" => "102",
    "channel" => "PJSIP/102-00000005",
    "channelstate" => "4",
    "channelstatedesc" => "Ring",
    "connectedlinename" => "<unknown>",
    "connectedlinenum" => "<unknown>",
    "context" => "org_all",
    "exten" => "101",
    "language" => "en",
    "linkedid" => "1744362892.7",
    "priority" => "2",
    "privilege" => "dialplan,all",
    "uniqueid" => "1744362892.7",
    "value" => "",
    "variable" => "ANSWEREDTIME"
  },
  variables: %{}
}
[2025-04-11 09:14:52.061559Z] %ElixirAmi.Event{
  event: "varset",
  source: :asterisk_connection,
  action_id: nil,
  keys: %{
    "accountcode" => "",
    "calleridname" => "102",
    "calleridnum" => "102",
    "channel" => "PJSIP/102-00000005",
    "channelstate" => "4",
    "channelstatedesc" => "Ring",
    "connectedlinename" => "<unknown>",
    "connectedlinenum" => "<unknown>",
    "context" => "org_all",
    "exten" => "101",
    "language" => "en",
    "linkedid" => "1744362892.7",
    "priority" => "2",
    "privilege" => "dialplan,all",
    "uniqueid" => "1744362892.7",
    "value" => "",
    "variable" => "ANSWEREDTIME_MS"
  },
  variables: %{}
}
[2025-04-11 09:14:52.061614Z] %ElixirAmi.Event{
  event: "varset",
  source: :asterisk_connection,
  action_id: nil,
  keys: %{
    "accountcode" => "",
    "calleridname" => "102",
    "calleridnum" => "102",
    "channel" => "PJSIP/102-00000005",
    "channelstate" => "4",
    "channelstatedesc" => "Ring",
    "connectedlinename" => "<unknown>",
    "connectedlinenum" => "<unknown>",
    "context" => "org_all",
    "exten" => "101",
    "language" => "en",
    "linkedid" => "1744362892.7",
    "priority" => "2",
    "privilege" => "dialplan,all",
    "uniqueid" => "1744362892.7",
    "value" => "",
    "variable" => "DIALEDTIME"
  },
  variables: %{}
}
[2025-04-11 09:14:52.061793Z] %ElixirAmi.Event{
  event: "varset",
  source: :asterisk_connection,
  action_id: nil,
  keys: %{
    "accountcode" => "",
    "calleridname" => "102",
    "calleridnum" => "102",
    "channel" => "PJSIP/102-00000005",
    "channelstate" => "4",
    "channelstatedesc" => "Ring",
    "connectedlinename" => "<unknown>",
    "connectedlinenum" => "<unknown>",
    "context" => "org_all",
    "exten" => "101",
    "language" => "en",
    "linkedid" => "1744362892.7",
    "priority" => "2",
    "privilege" => "dialplan,all",
    "uniqueid" => "1744362892.7",
    "value" => "",
    "variable" => "DIALEDTIME_MS"
  },
  variables: %{}
}
[2025-04-11 09:14:52.062030Z] %ElixirAmi.Event{
  event: "varset",
  source: :asterisk_connection,
  action_id: nil,
  keys: %{
    "accountcode" => "",
    "calleridname" => "102",
    "calleridnum" => "102",
    "channel" => "PJSIP/102-00000005",
    "channelstate" => "4",
    "channelstatedesc" => "Ring",
    "connectedlinename" => "<unknown>",
    "connectedlinenum" => "<unknown>",
    "context" => "org_all",
    "exten" => "101",
    "language" => "en",
    "linkedid" => "1744362892.7",
    "priority" => "2",
    "privilege" => "dialplan,all",
    "uniqueid" => "1744362892.7",
    "value" => "",
    "variable" => "RINGTIME"
  },
  variables: %{}
}
[2025-04-11 09:14:52.062284Z] %ElixirAmi.Event{
  event: "varset",
  source: :asterisk_connection,
  action_id: nil,
  keys: %{
    "accountcode" => "",
    "calleridname" => "102",
    "calleridnum" => "102",
    "channel" => "PJSIP/102-00000005",
    "channelstate" => "4",
    "channelstatedesc" => "Ring",
    "connectedlinename" => "<unknown>",
    "connectedlinenum" => "<unknown>",
    "context" => "org_all",
    "exten" => "101",
    "language" => "en",
    "linkedid" => "1744362892.7",
    "priority" => "2",
    "privilege" => "dialplan,all",
    "uniqueid" => "1744362892.7",
    "value" => "",
    "variable" => "RINGTIME_MS"
  },
  variables: %{}
}
[2025-04-11 09:14:52.062440Z] %ElixirAmi.Event{
  event: "varset",
  source: :asterisk_connection,
  action_id: nil,
  keys: %{
    "accountcode" => "",
    "calleridname" => "102",
    "calleridnum" => "102",
    "channel" => "PJSIP/102-00000005",
    "channelstate" => "4",
    "channelstatedesc" => "Ring",
    "connectedlinename" => "<unknown>",
    "connectedlinenum" => "<unknown>",
    "context" => "org_all",
    "exten" => "101",
    "language" => "en",
    "linkedid" => "1744362892.7",
    "priority" => "2",
    "privilege" => "dialplan,all",
    "uniqueid" => "1744362892.7",
    "value" => "",
    "variable" => "PROGRESSTIME"
  },
  variables: %{}
}
[2025-04-11 09:14:52.062607Z] %ElixirAmi.Event{
  event: "varset",
  source: :asterisk_connection,
  action_id: nil,
  keys: %{
    "accountcode" => "",
    "calleridname" => "102",
    "calleridnum" => "102",
    "channel" => "PJSIP/102-00000005",
    "channelstate" => "4",
    "channelstatedesc" => "Ring",
    "connectedlinename" => "<unknown>",
    "connectedlinenum" => "<unknown>",
    "context" => "org_all",
    "exten" => "101",
    "language" => "en",
    "linkedid" => "1744362892.7",
    "priority" => "2",
    "privilege" => "dialplan,all",
    "uniqueid" => "1744362892.7",
    "value" => "",
    "variable" => "PROGRESSTIME_MS"
  },
  variables: %{}
}
[2025-04-11 09:14:52.062919Z] %ElixirAmi.Event{
  event: "newchannel",
  source: :asterisk_connection,
  action_id: nil,
  keys: %{
    "accountcode" => "",
    "calleridname" => "101",
    "calleridnum" => "101",
    "channel" => "PJSIP/101-00000006",
    "channelstate" => "0",
    "channelstatedesc" => "Down",
    "connectedlinename" => "<unknown>",
    "connectedlinenum" => "<unknown>",
    "context" => "org_all",
    "exten" => "s",
    "language" => "en",
    "linkedid" => "1744362892.7",
    "priority" => "1",
    "privilege" => "call,all",
    "uniqueid" => "1744362892.8"
  },
  variables: %{}
}
[2025-04-11 09:14:52.063170Z] %ElixirAmi.Event{
  event: "varset",
  source: :asterisk_connection,
  action_id: nil,
  keys: %{
    "accountcode" => "",
    "calleridname" => "101",
    "calleridnum" => "101",
    "channel" => "PJSIP/101-00000006",
    "channelstate" => "0",
    "channelstatedesc" => "Down",
    "connectedlinename" => "<unknown>",
    "connectedlinenum" => "<unknown>",
    "context" => "org_all",
    "exten" => "s",
    "language" => "en",
    "linkedid" => "1744362892.7",
    "priority" => "1",
    "privilege" => "dialplan,all",
    "uniqueid" => "1744362892.8",
    "value" => "101",
    "variable" => "DIALEDPEERNUMBER"
  },
  variables: %{}
}
[2025-04-11 09:14:52.063354Z] %ElixirAmi.Event{
  event: "newexten",
  source: :asterisk_connection,
  action_id: nil,
  keys: %{
    "accountcode" => "",
    "appdata" => "(Outgoing Line)",
    "application" => "AppDial",
    "calleridname" => "101",
    "calleridnum" => "101",
    "channel" => "PJSIP/101-00000006",
    "channelstate" => "0",
    "channelstatedesc" => "Down",
    "connectedlinename" => "102",
    "connectedlinenum" => "102",
    "context" => "org_all",
    "exten" => "101",
    "extension" => "101",
    "language" => "en",
    "linkedid" => "1744362892.7",
    "priority" => "1",
    "privilege" => "dialplan,all",
    "uniqueid" => "1744362892.8"
  },
  variables: %{}
}
[2025-04-11 09:14:52.063581Z] %ElixirAmi.Event{
  event: "newconnectedline",
  source: :asterisk_connection,
  action_id: nil,
  keys: %{
    "accountcode" => "",
    "calleridname" => "101",
    "calleridnum" => "101",
    "channel" => "PJSIP/101-00000006",
    "channelstate" => "0",
    "channelstatedesc" => "Down",
    "connectedlinename" => "102",
    "connectedlinenum" => "102",
    "context" => "org_all",
    "exten" => "101",
    "language" => "en",
    "linkedid" => "1744362892.7",
    "priority" => "1",
    "privilege" => "call,all",
    "uniqueid" => "1744362892.8"
  },
  variables: %{}
}
[2025-04-11 09:14:52.063920Z] %ElixirAmi.Event{
  event: "dialbegin",
  source: :asterisk_connection,
  action_id: nil,
  keys: %{
    "accountcode" => "",
    "calleridname" => "102",
    "calleridnum" => "102",
    "channel" => "PJSIP/102-00000005",
    "channelstate" => "4",
    "channelstatedesc" => "Ring",
    "connectedlinename" => "<unknown>",
    "connectedlinenum" => "<unknown>",
    "context" => "org_all",
    "destaccountcode" => "",
    "destcalleridname" => "101",
    "destcalleridnum" => "101",
    "destchannel" => "PJSIP/101-00000006",
    "destchannelstate" => "0",
    "destchannelstatedesc" => "Down",
    "destconnectedlinename" => "102",
    "destconnectedlinenum" => "102",
    "destcontext" => "org_all",
    "destexten" => "101",
    "destlanguage" => "en",
    "destlinkedid" => "1744362892.7",
    "destpriority" => "1",
    "destuniqueid" => "1744362892.8",
    "dialstring" => "101",
    "exten" => "101",
    "language" => "en",
    "linkedid" => "1744362892.7",
    "priority" => "2",
    "privilege" => "call,all",
    "uniqueid" => "1744362892.7"
  },
  variables: %{}
}
[2025-04-11 09:14:52.064187Z] %ElixirAmi.Event{
  event: "newconnectedline",
  source: :asterisk_connection,
  action_id: nil,
  keys: %{
    "accountcode" => "",
    "calleridname" => "102",
    "calleridnum" => "102",
    "channel" => "PJSIP/102-00000005",
    "channelstate" => "4",
    "channelstatedesc" => "Ring",
    "connectedlinename" => "101",
    "connectedlinenum" => "101",
    "context" => "org_all",
    "exten" => "101",
    "language" => "en",
    "linkedid" => "1744362892.7",
    "priority" => "2",
    "privilege" => "call,all",
    "uniqueid" => "1744362892.7"
  },
  variables: %{}
}
[2025-04-11 09:14:52.066846Z] %ElixirAmi.Event{
  event: "newstate",
  source: :asterisk_connection,
  action_id: nil,
  keys: %{
    "accountcode" => "",
    "calleridname" => "101",
    "calleridnum" => "101",
    "channel" => "PJSIP/101-00000006",
    "channelstate" => "5",
    "channelstatedesc" => "Ringing",
    "connectedlinename" => "102",
    "connectedlinenum" => "102",
    "context" => "org_all",
    "exten" => "101",
    "language" => "en",
    "linkedid" => "1744362892.7",
    "priority" => "1",
    "privilege" => "call,all",
    "uniqueid" => "1744362892.8"
  },
  variables: %{}
}
[2025-04-11 09:14:52.067793Z] %ElixirAmi.Event{
  event: "varset",
  source: :asterisk_connection,
  action_id: nil,
  keys: %{
    "accountcode" => "",
    "calleridname" => "102",
    "calleridnum" => "102",
    "channel" => "PJSIP/102-00000005",
    "channelstate" => "4",
    "channelstatedesc" => "Ring",
    "connectedlinename" => "101",
    "connectedlinenum" => "101",
    "context" => "org_all",
    "exten" => "101",
    "language" => "en",
    "linkedid" => "1744362892.7",
    "priority" => "2",
    "privilege" => "dialplan,all",
    "uniqueid" => "1744362892.7",
    "value" => "7",
    "variable" => "RINGTIME_MS"
  },
  variables: %{}
}
[2025-04-11 09:14:52.067970Z] %ElixirAmi.Event{
  event: "varset",
  source: :asterisk_connection,
  action_id: nil,
  keys: %{
    "accountcode" => "",
    "calleridname" => "102",
    "calleridnum" => "102",
    "channel" => "PJSIP/102-00000005",
    "channelstate" => "4",
    "channelstatedesc" => "Ring",
    "connectedlinename" => "101",
    "connectedlinenum" => "101",
    "context" => "org_all",
    "exten" => "101",
    "language" => "en",
    "linkedid" => "1744362892.7",
    "priority" => "2",
    "privilege" => "dialplan,all",
    "uniqueid" => "1744362892.7",
    "value" => "0",
    "variable" => "RINGTIME"
  },
  variables: %{}
}
[2025-04-11 09:14:52.067963Z] %ElixirAmi.Event{
  event: "dialstate",
  source: :asterisk_connection,
  action_id: nil,
  keys: %{
    "accountcode" => "",
    "calleridname" => "102",
    "calleridnum" => "102",
    "channel" => "PJSIP/102-00000005",
    "channelstate" => "4",
    "channelstatedesc" => "Ring",
    "connectedlinename" => "101",
    "connectedlinenum" => "101",
    "context" => "org_all",
    "destaccountcode" => "",
    "destcalleridname" => "101",
    "destcalleridnum" => "101",
    "destchannel" => "PJSIP/101-00000006",
    "destchannelstate" => "5",
    "destchannelstatedesc" => "Ringing",
    "destconnectedlinename" => "102",
    "destconnectedlinenum" => "102",
    "destcontext" => "org_all",
    "destexten" => "101",
    "destlanguage" => "en",
    "destlinkedid" => "1744362892.7",
    "destpriority" => "1",
    "destuniqueid" => "1744362892.8",
    "dialstatus" => "RINGING",
    "exten" => "101",
    "language" => "en",
    "linkedid" => "1744362892.7",
    "priority" => "2",
    "privilege" => "call,all",
    "uniqueid" => "1744362892.7"
  },
  variables: %{}
}
[2025-04-11 09:14:54.991374Z] %ElixirAmi.Event{
  event: "rtcpreceived",
  source: :asterisk_connection,
  action_id: nil,
  keys: %{
    "accountcode" => "",
    "calleridname" => "101",
    "calleridnum" => "101",
    "channel" => "PJSIP/101-00000006",
    "channelstate" => "5",
    "channelstatedesc" => "Ringing",
    "connectedlinename" => "102",
    "connectedlinenum" => "102",
    "context" => "org_all",
    "exten" => "101",
    "from" => "192.168.0.16:4007",
    "language" => "en",
    "linkedid" => "1744362892.7",
    "mes" => "85.4",
    "priority" => "1",
    "privilege" => "reporting,all",
    "pt" => "201(RR)",
    "report0cumulativelost" => "0",
    "report0dlsr" => "0.0000",
    "report0fractionlost" => "0",
    "report0highestsequence" => "0",
    "report0iajitter" => "0",
    "report0lsr" => "0",
    "report0sequencenumbercycles" => "0",
    "report0sourcessrc" => "0x00000000",
    "reportcount" => "1",
    "rtt" => "0.0000",
    "ssrc" => "0x00000000",
    "to" => "192.168.0.16:16545",
    "uniqueid" => "1744362892.8"
  },
  variables: %{}
}
[2025-04-11 09:14:54.991621Z] %ElixirAmi.Event{
  event: "rtcpreceived",
  source: :asterisk_connection,
  action_id: nil,
  keys: %{
    "accountcode" => "",
    "calleridname" => "101",
    "calleridnum" => "101",
    "channel" => "PJSIP/101-00000006",
    "channelstate" => "5",
    "channelstatedesc" => "Ringing",
    "connectedlinename" => "102",
    "connectedlinenum" => "102",
    "context" => "org_all",
    "exten" => "101",
    "from" => "192.168.0.16:4007",
    "language" => "en",
    "linkedid" => "1744362892.7",
    "mes" => "85.4",
    "priority" => "1",
    "privilege" => "reporting,all",
    "pt" => "201(RR)",
    "report0cumulativelost" => "0",
    "report0dlsr" => "0.0000",
    "report0fractionlost" => "0",
    "report0highestsequence" => "0",
    "report0iajitter" => "0",
    "report0lsr" => "0",
    "report0sequencenumbercycles" => "0",
    "report0sourcessrc" => "0x00000000",
    "reportcount" => "1",
    "rtt" => "0.0000",
    "ssrc" => "0x00000000",
    "to" => "192.168.0.16:16545",
    "uniqueid" => "1744362892.8"
  },
  variables: %{}
}
[2025-04-11 09:14:54.991908Z] %ElixirAmi.Event{
  event: "newstate",
  source: :asterisk_connection,
  action_id: nil,
  keys: %{
    "accountcode" => "",
    "calleridname" => "101",
    "calleridnum" => "101",
    "channel" => "PJSIP/101-00000006",
    "channelstate" => "6",
    "channelstatedesc" => "Up",
    "connectedlinename" => "102",
    "connectedlinenum" => "102",
    "context" => "org_all",
    "exten" => "101",
    "language" => "en",
    "linkedid" => "1744362892.7",
    "priority" => "1",
    "privilege" => "call,all",
    "uniqueid" => "1744362892.8"
  },
  variables: %{}
}
[2025-04-11 09:14:54.992181Z] %ElixirAmi.Event{
  event: "varset",
  source: :asterisk_connection,
  action_id: nil,
  keys: %{
    "accountcode" => "",
    "calleridname" => "102",
    "calleridnum" => "102",
    "channel" => "PJSIP/102-00000005",
    "channelstate" => "4",
    "channelstatedesc" => "Ring",
    "connectedlinename" => "101",
    "connectedlinenum" => "101",
    "context" => "org_all",
    "exten" => "101",
    "language" => "en",
    "linkedid" => "1744362892.7",
    "priority" => "2",
    "privilege" => "dialplan,all",
    "uniqueid" => "1744362892.7",
    "value" => "ANSWER",
    "variable" => "DIALSTATUS"
  },
  variables: %{}
}
[2025-04-11 09:14:54.992422Z] %ElixirAmi.Event{
  event: "varset",
  source: :asterisk_connection,
  action_id: nil,
  keys: %{
    "accountcode" => "",
    "calleridname" => "102",
    "calleridnum" => "102",
    "channel" => "PJSIP/102-00000005",
    "channelstate" => "4",
    "channelstatedesc" => "Ring",
    "connectedlinename" => "101",
    "connectedlinenum" => "101",
    "context" => "org_all",
    "exten" => "101",
    "language" => "en",
    "linkedid" => "1744362892.7",
    "priority" => "2",
    "privilege" => "dialplan,all",
    "uniqueid" => "1744362892.7",
    "value" => "PJSIP/101-00000006",
    "variable" => "DIALEDPEERNAME"
  },
  variables: %{}
}
[2025-04-11 09:14:54.992611Z] %ElixirAmi.Event{
  event: "varset",
  source: :asterisk_connection,
  action_id: nil,
  keys: %{
    "accountcode" => "",
    "calleridname" => "102",
    "calleridnum" => "102",
    "channel" => "PJSIP/102-00000005",
    "channelstate" => "4",
    "channelstatedesc" => "Ring",
    "connectedlinename" => "101",
    "connectedlinenum" => "101",
    "context" => "org_all",
    "exten" => "101",
    "language" => "en",
    "linkedid" => "1744362892.7",
    "priority" => "2",
    "privilege" => "dialplan,all",
    "uniqueid" => "1744362892.7",
    "value" => "101",
    "variable" => "DIALEDPEERNUMBER"
  },
  variables: %{}
}
[2025-04-11 09:14:54.993098Z] %ElixirAmi.Event{
  event: "dialend",
  source: :asterisk_connection,
  action_id: nil,
  keys: %{
    "accountcode" => "",
    "calleridname" => "102",
    "calleridnum" => "102",
    "channel" => "PJSIP/102-00000005",
    "channelstate" => "4",
    "channelstatedesc" => "Ring",
    "connectedlinename" => "101",
    "connectedlinenum" => "101",
    "context" => "org_all",
    "destaccountcode" => "",
    "destcalleridname" => "101",
    "destcalleridnum" => "101",
    "destchannel" => "PJSIP/101-00000006",
    "destchannelstate" => "6",
    "destchannelstatedesc" => "Up",
    "destconnectedlinename" => "102",
    "destconnectedlinenum" => "102",
    "destcontext" => "org_all",
    "destexten" => "",
    "destlanguage" => "en",
    "destlinkedid" => "1744362892.7",
    "destpriority" => "1",
    "destuniqueid" => "1744362892.8",
    "dialstatus" => "ANSWER",
    "exten" => "101",
    "language" => "en",
    "linkedid" => "1744362892.7",
    "priority" => "2",
    "privilege" => "call,all",
    "uniqueid" => "1744362892.7"
  },
  variables: %{}
}
[2025-04-11 09:14:54.993313Z] %ElixirAmi.Event{
  event: "newstate",
  source: :asterisk_connection,
  action_id: nil,
  keys: %{
    "accountcode" => "",
    "calleridname" => "102",
    "calleridnum" => "102",
    "channel" => "PJSIP/102-00000005",
    "channelstate" => "6",
    "channelstatedesc" => "Up",
    "connectedlinename" => "101",
    "connectedlinenum" => "101",
    "context" => "org_all",
    "exten" => "101",
    "language" => "en",
    "linkedid" => "1744362892.7",
    "priority" => "2",
    "privilege" => "call,all",
    "uniqueid" => "1744362892.7"
  },
  variables: %{}
}
[2025-04-11 09:14:54.993671Z] %ElixirAmi.Event{
  event: "newexten",
  source: :asterisk_connection,
  action_id: nil,
  keys: %{
    "accountcode" => "",
    "appdata" => "(Outgoing Line)",
    "application" => "AppDial",
    "calleridname" => "101",
    "calleridnum" => "101",
    "channel" => "PJSIP/101-00000006",
    "channelstate" => "6",
    "channelstatedesc" => "Up",
    "connectedlinename" => "102",
    "connectedlinenum" => "102",
    "context" => "org_all",
    "exten" => "",
    "extension" => "",
    "language" => "en",
    "linkedid" => "1744362892.7",
    "priority" => "1",
    "privilege" => "dialplan,all",
    "uniqueid" => "1744362892.8"
  },
  variables: %{}
}
[2025-04-11 09:14:54.994035Z] %ElixirAmi.Event{
  event: "bridgeenter",
  source: :asterisk_connection,
  action_id: nil,
  keys: %{
    "accountcode" => "",
    "bridgecreator" => "<unknown>",
    "bridgename" => "<unknown>",
    "bridgenumchannels" => "1",
    "bridgetechnology" => "simple_bridge",
    "bridgetype" => "basic",
    "bridgeuniqueid" => "808e4999-031e-4976-99cb-89097957fcfa",
    "bridgevideosourcemode" => "none",
    "calleridname" => "101",
    "calleridnum" => "101",
    "channel" => "PJSIP/101-00000006",
    "channelstate" => "6",
    "channelstatedesc" => "Up",
    "connectedlinename" => "102",
    "connectedlinenum" => "102",
    "context" => "org_all",
    "exten" => "",
    "language" => "en",
    "linkedid" => "1744362892.7",
    "priority" => "1",
    "privilege" => "call,all",
    "uniqueid" => "1744362892.8"
  },
  variables: %{}
}
[2025-04-11 09:14:54.994334Z] %ElixirAmi.Event{
  event: "bridgeenter",
  source: :asterisk_connection,
  action_id: nil,
  keys: %{
    "accountcode" => "",
    "bridgecreator" => "<unknown>",
    "bridgename" => "<unknown>",
    "bridgenumchannels" => "2",
    "bridgetechnology" => "simple_bridge",
    "bridgetype" => "basic",
    "bridgeuniqueid" => "808e4999-031e-4976-99cb-89097957fcfa",
    "bridgevideosourcemode" => "none",
    "calleridname" => "102",
    "calleridnum" => "102",
    "channel" => "PJSIP/102-00000005",
    "channelstate" => "6",
    "channelstatedesc" => "Up",
    "connectedlinename" => "101",
    "connectedlinenum" => "101",
    "context" => "org_all",
    "exten" => "101",
    "language" => "en",
    "linkedid" => "1744362892.7",
    "priority" => "2",
    "privilege" => "call,all",
    "uniqueid" => "1744362892.7"
  },
  variables: %{}
}
[2025-04-11 09:14:54.995424Z] %ElixirAmi.Event{
  event: "varset",
  source: :asterisk_connection,
  action_id: nil,
  keys: %{
    "accountcode" => "",
    "calleridname" => "102",
    "calleridnum" => "102",
    "channel" => "PJSIP/102-00000005",
    "channelstate" => "6",
    "channelstatedesc" => "Up",
    "connectedlinename" => "101",
    "connectedlinenum" => "101",
    "context" => "org_all",
    "exten" => "101",
    "language" => "en",
    "linkedid" => "1744362892.7",
    "priority" => "2",
    "privilege" => "dialplan,all",
    "uniqueid" => "1744362892.7",
    "value" => "PJSIP/101-00000006",
    "variable" => "BRIDGEPEER"
  },
  variables: %{}
}
[2025-04-11 09:14:54.996342Z] %ElixirAmi.Event{
  event: "varset",
  source: :asterisk_connection,
  action_id: nil,
  keys: %{
    "accountcode" => "",
    "calleridname" => "101",
    "calleridnum" => "101",
    "channel" => "PJSIP/101-00000006",
    "channelstate" => "6",
    "channelstatedesc" => "Up",
    "connectedlinename" => "102",
    "connectedlinenum" => "102",
    "context" => "org_all",
    "exten" => "",
    "language" => "en",
    "linkedid" => "1744362892.7",
    "priority" => "1",
    "privilege" => "dialplan,all",
    "uniqueid" => "1744362892.8",
    "value" => "PJSIP/102-00000005",
    "variable" => "BRIDGEPEER"
  },
  variables: %{}
}
[2025-04-11 09:14:54.996269Z] %ElixirAmi.Event{
  event: "varset",
  source: :asterisk_connection,
  action_id: nil,
  keys: %{
    "accountcode" => "",
    "calleridname" => "102",
    "calleridnum" => "102",
    "channel" => "PJSIP/102-00000005",
    "channelstate" => "6",
    "channelstatedesc" => "Up",
    "connectedlinename" => "101",
    "connectedlinenum" => "101",
    "context" => "org_all",
    "exten" => "101",
    "language" => "en",
    "linkedid" => "1744362892.7",
    "priority" => "2",
    "privilege" => "dialplan,all",
    "uniqueid" => "1744362892.7",
    "value" => "c57a65a7-5256-4a83-84c8-5ceb87a8fe9d",
    "variable" => "BRIDGEPVTCALLID"
  },
  variables: %{}
}
[2025-04-11 09:14:54.996419Z] %ElixirAmi.Event{
  event: "varset",
  source: :asterisk_connection,
  action_id: nil,
  keys: %{
    "accountcode" => "",
    "calleridname" => "101",
    "calleridnum" => "101",
    "channel" => "PJSIP/101-00000006",
    "channelstate" => "6",
    "channelstatedesc" => "Up",
    "connectedlinename" => "102",
    "connectedlinenum" => "102",
    "context" => "org_all",
    "exten" => "",
    "language" => "en",
    "linkedid" => "1744362892.7",
    "priority" => "1",
    "privilege" => "dialplan,all",
    "uniqueid" => "1744362892.8",
    "value" => "1b9d9d2a88954117b9e5733f3b6f6ada",
    "variable" => "BRIDGEPVTCALLID"
  },
  variables: %{}
}
[2025-04-11 09:14:54.996554Z] %ElixirAmi.Event{
  event: "varset",
  source: :asterisk_connection,
  action_id: nil,
  keys: %{
    "accountcode" => "",
    "calleridname" => "101",
    "calleridnum" => "101",
    "channel" => "PJSIP/101-00000006",
    "channelstate" => "6",
    "channelstatedesc" => "Up",
    "connectedlinename" => "102",
    "connectedlinenum" => "102",
    "context" => "org_all",
    "exten" => "",
    "language" => "en",
    "linkedid" => "1744362892.7",
    "priority" => "1",
    "privilege" => "dialplan,all",
    "uniqueid" => "1744362892.8",
    "value" => "PJSIP/102-00000005",
    "variable" => "BRIDGEPEER"
  },
  variables: %{}
}
[2025-04-11 09:14:54.996517Z] %ElixirAmi.Event{
  event: "varset",
  source: :asterisk_connection,
  action_id: nil,
  keys: %{
    "accountcode" => "",
    "calleridname" => "102",
    "calleridnum" => "102",
    "channel" => "PJSIP/102-00000005",
    "channelstate" => "6",
    "channelstatedesc" => "Up",
    "connectedlinename" => "101",
    "connectedlinenum" => "101",
    "context" => "org_all",
    "exten" => "101",
    "language" => "en",
    "linkedid" => "1744362892.7",
    "priority" => "2",
    "privilege" => "dialplan,all",
    "uniqueid" => "1744362892.7",
    "value" => "c57a65a7-5256-4a83-84c8-5ceb87a8fe9d",
    "variable" => "BRIDGEPVTCALLID"
  },
  variables: %{}
}
[2025-04-11 09:14:54.996653Z] %ElixirAmi.Event{
  event: "varset",
  source: :asterisk_connection,
  action_id: nil,
  keys: %{
    "accountcode" => "",
    "calleridname" => "102",
    "calleridnum" => "102",
    "channel" => "PJSIP/102-00000005",
    "channelstate" => "6",
    "channelstatedesc" => "Up",
    "connectedlinename" => "101",
    "connectedlinenum" => "101",
    "context" => "org_all",
    "exten" => "101",
    "language" => "en",
    "linkedid" => "1744362892.7",
    "priority" => "2",
    "privilege" => "dialplan,all",
    "uniqueid" => "1744362892.7",
    "value" => "PJSIP/101-00000006",
    "variable" => "BRIDGEPEER"
  },
  variables: %{}
}
[2025-04-11 09:14:54.996617Z] %ElixirAmi.Event{
  event: "varset",
  source: :asterisk_connection,
  action_id: nil,
  keys: %{
    "accountcode" => "",
    "calleridname" => "101",
    "calleridnum" => "101",
    "channel" => "PJSIP/101-00000006",
    "channelstate" => "6",
    "channelstatedesc" => "Up",
    "connectedlinename" => "102",
    "connectedlinenum" => "102",
    "context" => "org_all",
    "exten" => "",
    "language" => "en",
    "linkedid" => "1744362892.7",
    "priority" => "1",
    "privilege" => "dialplan,all",
    "uniqueid" => "1744362892.8",
    "value" => "1b9d9d2a88954117b9e5733f3b6f6ada",
    "variable" => "BRIDGEPVTCALLID"
  },
  variables: %{}
}
[2025-04-11 09:14:54.996512Z] %ElixirAmi.Event{
  event: "varset",
  source: :asterisk_connection,
  action_id: nil,
  keys: %{
    "accountcode" => "",
    "calleridname" => "102",
    "calleridnum" => "102",
    "channel" => "PJSIP/102-00000005",
    "channelstate" => "6",
    "channelstatedesc" => "Up",
    "connectedlinename" => "101",
    "connectedlinenum" => "101",
    "context" => "org_all",
    "exten" => "101",
    "language" => "en",
    "linkedid" => "1744362892.7",
    "priority" => "2",
    "privilege" => "dialplan,all",
    "uniqueid" => "1744362892.7",
    "value" => "PJSIP/101-00000006",
    "variable" => "BRIDGEPEER"
  },
  variables: %{}
}
[2025-04-11 09:14:54.997034Z] %ElixirAmi.Event{
  event: "varset",
  source: :asterisk_connection,
  action_id: nil,
  keys: %{
    "accountcode" => "",
    "calleridname" => "102",
    "calleridnum" => "102",
    "channel" => "PJSIP/102-00000005",
    "channelstate" => "6",
    "channelstatedesc" => "Up",
    "connectedlinename" => "101",
    "connectedlinenum" => "101",
    "context" => "org_all",
    "exten" => "101",
    "language" => "en",
    "linkedid" => "1744362892.7",
    "priority" => "2",
    "privilege" => "dialplan,all",
    "uniqueid" => "1744362892.7",
    "value" => "c57a65a7-5256-4a83-84c8-5ceb87a8fe9d",
    "variable" => "BRIDGEPVTCALLID"
  },
  variables: %{}
}
[2025-04-11 09:14:54.997356Z] %ElixirAmi.Event{
  event: "varset",
  source: :asterisk_connection,
  action_id: nil,
  keys: %{
    "accountcode" => "",
    "calleridname" => "101",
    "calleridnum" => "101",
    "channel" => "PJSIP/101-00000006",
    "channelstate" => "6",
    "channelstatedesc" => "Up",
    "connectedlinename" => "102",
    "connectedlinenum" => "102",
    "context" => "org_all",
    "exten" => "",
    "language" => "en",
    "linkedid" => "1744362892.7",
    "priority" => "1",
    "privilege" => "dialplan,all",
    "uniqueid" => "1744362892.8",
    "value" => "PJSIP/102-00000005",
    "variable" => "BRIDGEPEER"
  },
  variables: %{}
}
[2025-04-11 09:14:54.997710Z] %ElixirAmi.Event{
  event: "varset",
  source: :asterisk_connection,
  action_id: nil,
  keys: %{
    "accountcode" => "",
    "calleridname" => "101",
    "calleridnum" => "101",
    "channel" => "PJSIP/101-00000006",
    "channelstate" => "6",
    "channelstatedesc" => "Up",
    "connectedlinename" => "102",
    "connectedlinenum" => "102",
    "context" => "org_all",
    "exten" => "",
    "language" => "en",
    "linkedid" => "1744362892.7",
    "priority" => "1",
    "privilege" => "dialplan,all",
    "uniqueid" => "1744362892.8",
    "value" => "1b9d9d2a88954117b9e5733f3b6f6ada",
    "variable" => "BRIDGEPVTCALLID"
  },
  variables: %{}
}
[2025-04-11 09:14:54.998094Z] %ElixirAmi.Event{
  event: "rtcpreceived",
  source: :asterisk_connection,
  action_id: nil,
  keys: %{
    "accountcode" => "",
    "calleridname" => "102",
    "calleridnum" => "102",
    "channel" => "PJSIP/102-00000005",
    "channelstate" => "6",
    "channelstatedesc" => "Up",
    "connectedlinename" => "101",
    "connectedlinenum" => "101",
    "context" => "org_all",
    "exten" => "101",
    "from" => "192.168.0.16:4005",
    "language" => "en",
    "linkedid" => "1744362892.7",
    "mes" => "85.4",
    "priority" => "2",
    "privilege" => "reporting,all",
    "pt" => "201(RR)",
    "report0cumulativelost" => "0",
    "report0dlsr" => "0.0000",
    "report0fractionlost" => "0",
    "report0highestsequence" => "0",
    "report0iajitter" => "0",
    "report0lsr" => "0",
    "report0sequencenumbercycles" => "0",
    "report0sourcessrc" => "0x00000000",
    "reportcount" => "1",
    "rtt" => "0.0000",
    "ssrc" => "0x00000000",
    "to" => "192.168.0.16:10067",
    "uniqueid" => "1744362892.7"
  },
  variables: %{}
}
[2025-04-11 09:14:54.998508Z] %ElixirAmi.Event{
  event: "rtcpreceived",
  source: :asterisk_connection,
  action_id: nil,
  keys: %{
    "accountcode" => "",
    "calleridname" => "102",
    "calleridnum" => "102",
    "channel" => "PJSIP/102-00000005",
    "channelstate" => "6",
    "channelstatedesc" => "Up",
    "connectedlinename" => "101",
    "connectedlinenum" => "101",
    "context" => "org_all",
    "exten" => "101",
    "from" => "192.168.0.16:4005",
    "language" => "en",
    "linkedid" => "1744362892.7",
    "mes" => "85.4",
    "priority" => "2",
    "privilege" => "reporting,all",
    "pt" => "201(RR)",
    "report0cumulativelost" => "0",
    "report0dlsr" => "0.0000",
    "report0fractionlost" => "0",
    "report0highestsequence" => "0",
    "report0iajitter" => "0",
    "report0lsr" => "0",
    "report0sequencenumbercycles" => "0",
    "report0sourcessrc" => "0x00000000",
    "reportcount" => "1",
    "rtt" => "0.0000",
    "ssrc" => "0x00000000",
    "to" => "192.168.0.16:10067",
    "uniqueid" => "1744362892.7"
  },
  variables: %{}
}
[2025-04-11 09:14:54.998816Z] %ElixirAmi.Event{
  event: "varset",
  source: :asterisk_connection,
  action_id: nil,
  keys: %{
    "accountcode" => "",
    "calleridname" => "102",
    "calleridnum" => "102",
    "channel" => "PJSIP/102-00000005",
    "channelstate" => "6",
    "channelstatedesc" => "Up",
    "connectedlinename" => "101",
    "connectedlinenum" => "101",
    "context" => "org_all",
    "exten" => "101",
    "language" => "en",
    "linkedid" => "1744362892.7",
    "priority" => "2",
    "privilege" => "dialplan,all",
    "uniqueid" => "1744362892.7",
    "value" => "/home/rawmn/AsteriskConnector/priv/recordings/102_101_2025-04-111744362892.7.wav",
    "variable" => "MIXMONITOR_FILENAME"
  },
  variables: %{}
}
[2025-04-11 09:14:54.998993Z] %ElixirAmi.Event{
  event: "mixmonitorstart",
  source: :asterisk_connection,
  action_id: nil,
  keys: %{
    "accountcode" => "",
    "calleridname" => "102",
    "calleridnum" => "102",
    "channel" => "PJSIP/102-00000005",
    "channelstate" => "6",
    "channelstatedesc" => "Up",
    "connectedlinename" => "101",
    "connectedlinenum" => "101",
    "context" => "org_all",
    "exten" => "101",
    "language" => "en",
    "linkedid" => "1744362892.7",
    "priority" => "2",
    "privilege" => "call,all",
    "uniqueid" => "1744362892.7"
  },
  variables: %{}
}
[2025-04-11 09:14:54.999193Z] %ElixirAmi.Event{
  event: "varset",
  source: :asterisk_connection,
  action_id: nil,
  keys: %{
    "accountcode" => "",
    "calleridname" => "102",
    "calleridnum" => "102",
    "channel" => "PJSIP/102-00000005",
    "channelstate" => "6",
    "channelstatedesc" => "Up",
    "connectedlinename" => "101",
    "connectedlinenum" => "101",
    "context" => "org_all",
    "exten" => "101",
    "language" => "en",
    "linkedid" => "1744362892.7",
    "priority" => "2",
    "privilege" => "dialplan,all",
    "uniqueid" => "1744362892.7",
    "value" => "PJSIP/101-00000006",
    "variable" => "BRIDGEPEER"
  },
  variables: %{}
}
[2025-04-11 09:14:54.999402Z] %ElixirAmi.Event{
  event: "varset",
  source: :asterisk_connection,
  action_id: nil,
  keys: %{
    "accountcode" => "",
    "calleridname" => "102",
    "calleridnum" => "102",
    "channel" => "PJSIP/102-00000005",
    "channelstate" => "6",
    "channelstatedesc" => "Up",
    "connectedlinename" => "101",
    "connectedlinenum" => "101",
    "context" => "org_all",
    "exten" => "101",
    "language" => "en",
    "linkedid" => "1744362892.7",
    "priority" => "2",
    "privilege" => "dialplan,all",
    "uniqueid" => "1744362892.7",
    "value" => "c57a65a7-5256-4a83-84c8-5ceb87a8fe9d",
    "variable" => "BRIDGEPVTCALLID"
  },
  variables: %{}
}
[2025-04-11 09:14:54.999596Z] %ElixirAmi.Event{
  event: "varset",
  source: :asterisk_connection,
  action_id: nil,
  keys: %{
    "accountcode" => "",
    "calleridname" => "101",
    "calleridnum" => "101",
    "channel" => "PJSIP/101-00000006",
    "channelstate" => "6",
    "channelstatedesc" => "Up",
    "connectedlinename" => "102",
    "connectedlinenum" => "102",
    "context" => "org_all",
    "exten" => "",
    "language" => "en",
    "linkedid" => "1744362892.7",
    "priority" => "1",
    "privilege" => "dialplan,all",
    "uniqueid" => "1744362892.8",
    "value" => "PJSIP/102-00000005",
    "variable" => "BRIDGEPEER"
  },
  variables: %{}
}
[2025-04-11 09:14:54.999861Z] %ElixirAmi.Event{
  event: "varset",
  source: :asterisk_connection,
  action_id: nil,
  keys: %{
    "accountcode" => "",
    "calleridname" => "101",
    "calleridnum" => "101",
    "channel" => "PJSIP/101-00000006",
    "channelstate" => "6",
    "channelstatedesc" => "Up",
    "connectedlinename" => "102",
    "connectedlinenum" => "102",
    "context" => "org_all",
    "exten" => "",
    "language" => "en",
    "linkedid" => "1744362892.7",
    "priority" => "1",
    "privilege" => "dialplan,all",
    "uniqueid" => "1744362892.8",
    "value" => "1b9d9d2a88954117b9e5733f3b6f6ada",
    "variable" => "BRIDGEPVTCALLID"
  },
  variables: %{}
}
[2025-04-11 09:14:55.000157Z] %ElixirAmi.Event{
  event: "varset",
  source: :asterisk_connection,
  action_id: nil,
  keys: %{
    "accountcode" => "",
    "calleridname" => "102",
    "calleridnum" => "102",
    "channel" => "PJSIP/102-00000005",
    "channelstate" => "6",
    "channelstatedesc" => "Up",
    "connectedlinename" => "101",
    "connectedlinenum" => "101",
    "context" => "org_all",
    "exten" => "101",
    "language" => "en",
    "linkedid" => "1744362892.7",
    "priority" => "2",
    "privilege" => "dialplan,all",
    "uniqueid" => "1744362892.7",
    "value" => "PJSIP/101-00000006",
    "variable" => "BRIDGEPEER"
  },
  variables: %{}
}
[2025-04-11 09:14:55.000308Z] %ElixirAmi.Event{
  event: "varset",
  source: :asterisk_connection,
  action_id: nil,
  keys: %{
    "accountcode" => "",
    "calleridname" => "102",
    "calleridnum" => "102",
    "channel" => "PJSIP/102-00000005",
    "channelstate" => "6",
    "channelstatedesc" => "Up",
    "connectedlinename" => "101",
    "connectedlinenum" => "101",
    "context" => "org_all",
    "exten" => "101",
    "language" => "en",
    "linkedid" => "1744362892.7",
    "priority" => "2",
    "privilege" => "dialplan,all",
    "uniqueid" => "1744362892.7",
    "value" => "c57a65a7-5256-4a83-84c8-5ceb87a8fe9d",
    "variable" => "BRIDGEPVTCALLID"
  },
  variables: %{}
}
[2025-04-11 09:14:55.000444Z] %ElixirAmi.Event{
  event: "varset",
  source: :asterisk_connection,
  action_id: nil,
  keys: %{
    "accountcode" => "",
    "calleridname" => "101",
    "calleridnum" => "101",
    "channel" => "PJSIP/101-00000006",
    "channelstate" => "6",
    "channelstatedesc" => "Up",
    "connectedlinename" => "102",
    "connectedlinenum" => "102",
    "context" => "org_all",
    "exten" => "",
    "language" => "en",
    "linkedid" => "1744362892.7",
    "priority" => "1",
    "privilege" => "dialplan,all",
    "uniqueid" => "1744362892.8",
    "value" => "PJSIP/102-00000005",
    "variable" => "BRIDGEPEER"
  },
  variables: %{}
}
[2025-04-11 09:14:55.000680Z] %ElixirAmi.Event{
  event: "varset",
  source: :asterisk_connection,
  action_id: nil,
  keys: %{
    "accountcode" => "",
    "calleridname" => "101",
    "calleridnum" => "101",
    "channel" => "PJSIP/101-00000006",
    "channelstate" => "6",
    "channelstatedesc" => "Up",
    "connectedlinename" => "102",
    "connectedlinenum" => "102",
    "context" => "org_all",
    "exten" => "",
    "language" => "en",
    "linkedid" => "1744362892.7",
    "priority" => "1",
    "privilege" => "dialplan,all",
    "uniqueid" => "1744362892.8",
    "value" => "1b9d9d2a88954117b9e5733f3b6f6ada",
    "variable" => "BRIDGEPVTCALLID"
  },
  variables: %{}
}
[2025-04-11 09:14:55.000875Z] %ElixirAmi.Event{
  event: "varset",
  source: :asterisk_connection,
  action_id: nil,
  keys: %{
    "accountcode" => "",
    "calleridname" => "102",
    "calleridnum" => "102",
    "channel" => "PJSIP/102-00000005",
    "channelstate" => "6",
    "channelstatedesc" => "Up",
    "connectedlinename" => "101",
    "connectedlinenum" => "101",
    "context" => "org_all",
    "exten" => "101",
    "language" => "en",
    "linkedid" => "1744362892.7",
    "priority" => "2",
    "privilege" => "dialplan,all",
    "uniqueid" => "1744362892.7",
    "value" => "PJSIP/101-00000006",
    "variable" => "BRIDGEPEER"
  },
  variables: %{}
}
[2025-04-11 09:14:55.001029Z] %ElixirAmi.Event{
  event: "varset",
  source: :asterisk_connection,
  action_id: nil,
  keys: %{
    "accountcode" => "",
    "calleridname" => "102",
    "calleridnum" => "102",
    "channel" => "PJSIP/102-00000005",
    "channelstate" => "6",
    "channelstatedesc" => "Up",
    "connectedlinename" => "101",
    "connectedlinenum" => "101",
    "context" => "org_all",
    "exten" => "101",
    "language" => "en",
    "linkedid" => "1744362892.7",
    "priority" => "2",
    "privilege" => "dialplan,all",
    "uniqueid" => "1744362892.7",
    "value" => "c57a65a7-5256-4a83-84c8-5ceb87a8fe9d",
    "variable" => "BRIDGEPVTCALLID"
  },
  variables: %{}
}
[2025-04-11 09:14:55.001174Z] %ElixirAmi.Event{
  event: "varset",
  source: :asterisk_connection,
  action_id: nil,
  keys: %{
    "accountcode" => "",
    "calleridname" => "101",
    "calleridnum" => "101",
    "channel" => "PJSIP/101-00000006",
    "channelstate" => "6",
    "channelstatedesc" => "Up",
    "connectedlinename" => "102",
    "connectedlinenum" => "102",
    "context" => "org_all",
    "exten" => "",
    "language" => "en",
    "linkedid" => "1744362892.7",
    "priority" => "1",
    "privilege" => "dialplan,all",
    "uniqueid" => "1744362892.8",
    "value" => "PJSIP/102-00000005",
    "variable" => "BRIDGEPEER"
  },
  variables: %{}
}
[2025-04-11 09:14:55.001330Z] %ElixirAmi.Event{
  event: "varset",
  source: :asterisk_connection,
  action_id: nil,
  keys: %{
    "accountcode" => "",
    "calleridname" => "101",
    "calleridnum" => "101",
    "channel" => "PJSIP/101-00000006",
    "channelstate" => "6",
    "channelstatedesc" => "Up",
    "connectedlinename" => "102",
    "connectedlinenum" => "102",
    "context" => "org_all",
    "exten" => "",
    "language" => "en",
    "linkedid" => "1744362892.7",
    "priority" => "1",
    "privilege" => "dialplan,all",
    "uniqueid" => "1744362892.8",
    "value" => "1b9d9d2a88954117b9e5733f3b6f6ada",
    "variable" => "BRIDGEPVTCALLID"
  },
  variables: %{}
}
[2025-04-11 09:14:55.006682Z] %ElixirAmi.Event{
  event: "varset",
  source: :asterisk_connection,
  action_id: nil,
  keys: %{
    "accountcode" => "",
    "calleridname" => "102",
    "calleridnum" => "102",
    "channel" => "PJSIP/102-00000005",
    "channelstate" => "6",
    "channelstatedesc" => "Up",
    "connectedlinename" => "101",
    "connectedlinenum" => "101",
    "context" => "org_all",
    "exten" => "101",
    "language" => "en",
    "linkedid" => "1744362892.7",
    "priority" => "2",
    "privilege" => "dialplan,all",
    "uniqueid" => "1744362892.7",
    "value" => "PJSIP/101-00000006",
    "variable" => "BRIDGEPEER"
  },
  variables: %{}
}
[2025-04-11 09:14:55.006858Z] %ElixirAmi.Event{
  event: "varset",
  source: :asterisk_connection,
  action_id: nil,
  keys: %{
    "accountcode" => "",
    "calleridname" => "102",
    "calleridnum" => "102",
    "channel" => "PJSIP/102-00000005",
    "channelstate" => "6",
    "channelstatedesc" => "Up",
    "connectedlinename" => "101",
    "connectedlinenum" => "101",
    "context" => "org_all",
    "exten" => "101",
    "language" => "en",
    "linkedid" => "1744362892.7",
    "priority" => "2",
    "privilege" => "dialplan,all",
    "uniqueid" => "1744362892.7",
    "value" => "c57a65a7-5256-4a83-84c8-5ceb87a8fe9d",
    "variable" => "BRIDGEPVTCALLID"
  },
  variables: %{}
}
[2025-04-11 09:14:55.007050Z] %ElixirAmi.Event{
  event: "varset",
  source: :asterisk_connection,
  action_id: nil,
  keys: %{
    "accountcode" => "",
    "calleridname" => "101",
    "calleridnum" => "101",
    "channel" => "PJSIP/101-00000006",
    "channelstate" => "6",
    "channelstatedesc" => "Up",
    "connectedlinename" => "102",
    "connectedlinenum" => "102",
    "context" => "org_all",
    "exten" => "",
    "language" => "en",
    "linkedid" => "1744362892.7",
    "priority" => "1",
    "privilege" => "dialplan,all",
    "uniqueid" => "1744362892.8",
    "value" => "PJSIP/102-00000005",
    "variable" => "BRIDGEPEER"
  },
  variables: %{}
}
[2025-04-11 09:14:55.007313Z] %ElixirAmi.Event{
  event: "varset",
  source: :asterisk_connection,
  action_id: nil,
  keys: %{
    "accountcode" => "",
    "calleridname" => "101",
    "calleridnum" => "101",
    "channel" => "PJSIP/101-00000006",
    "channelstate" => "6",
    "channelstatedesc" => "Up",
    "connectedlinename" => "102",
    "connectedlinenum" => "102",
    "context" => "org_all",
    "exten" => "",
    "language" => "en",
    "linkedid" => "1744362892.7",
    "priority" => "1",
    "privilege" => "dialplan,all",
    "uniqueid" => "1744362892.8",
    "value" => "1b9d9d2a88954117b9e5733f3b6f6ada",
    "variable" => "BRIDGEPVTCALLID"
  },
  variables: %{}
}
[2025-04-11 09:14:55.190404Z] %ElixirAmi.Event{
  event: "rtcpreceived",
  source: :asterisk_connection,
  action_id: nil,
  keys: %{
    "pt" => "200(SR)",
    "report0highestsequence" => "15678",
    "mes" => "85.4",
    "privilege" => "reporting,all",
    "channelstatedesc" => "Up",
    "uniqueid" => "1744362892.8",
    "sentntp" => "1744388094.199761",
    "report0fractionlost" => "0",
    "sentpackets" => "10",
    "report0lsr" => "0",
    "linkedid" => "1744362892.7",
    "ssrc" => "0xeba3be7e",
    "exten" => "",
    "channel" => "PJSIP/101-00000006",
    "report0iajitter" => "0",
    "sentrtp" => "1592",
    "context" => "org_all",
    "connectedlinename" => "102",
    "priority" => "1",
    "rtt" => "0.0000",
    "to" => "192.168.0.16:16545",
    "reportcount" => "1",
    "language" => "en",
    "sentoctets" => "1600",
    "calleridname" => "101",
    "from" => "192.168.0.16:4007",
    "report0cumulativelost" => "0",
    "report0sequencenumbercycles" => "0",
    "calleridnum" => "101",
    "channelstate" => "6",
    "accountcode" => "",
    "report0dlsr" => "0.0000",
    "report0sourcessrc" => "0x093d3873",
    "connectedlinenum" => "102"
  },
  variables: %{}
}
[2025-04-11 09:14:55.193243Z] %ElixirAmi.Event{
  event: "rtcpreceived",
  source: :asterisk_connection,
  action_id: nil,
  keys: %{
    "pt" => "200(SR)",
    "report0highestsequence" => "13493",
    "mes" => "85.4",
    "privilege" => "reporting,all",
    "channelstatedesc" => "Up",
    "uniqueid" => "1744362892.7",
    "sentntp" => "1744388094.201111",
    "report0fractionlost" => "0",
    "sentpackets" => "10",
    "report0lsr" => "0",
    "linkedid" => "1744362892.7",
    "ssrc" => "0xeba3be7e",
    "exten" => "101",
    "channel" => "PJSIP/102-00000005",
    "report0iajitter" => "0",
    "sentrtp" => "1608",
    "context" => "org_all",
    "connectedlinename" => "101",
    "priority" => "2",
    "rtt" => "0.0000",
    "to" => "192.168.0.16:10067",
    "reportcount" => "1",
    "language" => "en",
    "sentoctets" => "1600",
    "calleridname" => "102",
    "from" => "192.168.0.16:4005",
    "report0cumulativelost" => "0",
    "report0sequencenumbercycles" => "0",
    "calleridnum" => "102",
    "channelstate" => "6",
    "accountcode" => "",
    "report0dlsr" => "0.0000",
    "report0sourcessrc" => "0x1fe6490c",
    "connectedlinenum" => "101"
  },
  variables: %{}
}
[2025-04-11 09:14:57.877828Z] %ElixirAmi.Event{
  event: "rtcpreceived",
  source: :asterisk_connection,
  action_id: nil,
  keys: %{
    "pt" => "200(SR)",
    "report0highestsequence" => "13627",
    "mes" => "85.4",
    "privilege" => "reporting,all",
    "channelstatedesc" => "Up",
    "uniqueid" => "1744362892.7",
    "sentntp" => "1744388096.885496",
    "report0fractionlost" => "0",
    "sentpackets" => "144",
    "report0lsr" => "0",
    "linkedid" => "1744362892.7",
    "ssrc" => "0xeba3be80",
    "exten" => "101",
    "channel" => "PJSIP/102-00000005",
    "report0iajitter" => "7",
    "sentrtp" => "23080",
    "context" => "org_all",
    "connectedlinename" => "101",
    "priority" => "2",
    "rtt" => "0.0000",
    "to" => "192.168.0.16:10067",
    "reportcount" => "1",
    "language" => "en",
    "sentoctets" => "23040",
    "calleridname" => "102",
    "from" => "192.168.0.16:4005",
    "report0cumulativelost" => "0",
    "report0sequencenumbercycles" => "0",
    "calleridnum" => "102",
    "channelstate" => "6",
    "accountcode" => "",
    "report0dlsr" => "0.0000",
    "report0sourcessrc" => "0x1fe6490c",
    "connectedlinenum" => "101"
  },
  variables: %{}
}
[2025-04-11 09:14:57.878469Z] %ElixirAmi.Event{
  event: "rtcpreceived",
  source: :asterisk_connection,
  action_id: nil,
  keys: %{
    "accountcode" => "",
    "calleridname" => "102",
    "calleridnum" => "102",
    "channel" => "PJSIP/102-00000005",
    "channelstate" => "6",
    "channelstatedesc" => "Up",
    "connectedlinename" => "101",
    "connectedlinenum" => "101",
    "context" => "org_all",
    "exten" => "101",
    "from" => "192.168.0.16:4005",
    "language" => "en",
    "linkedid" => "1744362892.7",
    "mes" => "85.4",
    "priority" => "2",
    "privilege" => "reporting,all",
    "pt" => "201(RR)",
    "report0cumulativelost" => "0",
    "report0dlsr" => "0.0000",
    "report0fractionlost" => "0",
    "report0highestsequence" => "13627",
    "report0iajitter" => "7",
    "report0lsr" => "0",
    "report0sequencenumbercycles" => "0",
    "report0sourcessrc" => "0x1fe6490c",
    "reportcount" => "1",
    "rtt" => "0.0000",
    "ssrc" => "0x1fe6490c",
    "to" => "192.168.0.16:10067",
    "uniqueid" => "1744362892.7"
  },
  variables: %{}
}
[2025-04-11 09:14:57.878709Z] %ElixirAmi.Event{
  event: "varset",
  source: :asterisk_connection,
  action_id: nil,
  keys: %{
    "accountcode" => "",
    "calleridname" => "102",
    "calleridnum" => "102",
    "channel" => "PJSIP/102-00000005",
    "channelstate" => "6",
    "channelstatedesc" => "Up",
    "connectedlinename" => "101",
    "connectedlinenum" => "101",
    "context" => "org_all",
    "exten" => "101",
    "language" => "en",
    "linkedid" => "1744362892.7",
    "priority" => "2",
    "privilege" => "dialplan,all",
    "uniqueid" => "1744362892.7",
    "value" => "ssrc=1714893363;themssrc=27460319;lp=0;rxjitter=0.000875;rxcount=144;txjitter=0.000875;txcount=145;rlp=0;rtt=0.000000;rxmes=85.367289;txmes=0.000000",
    "variable" => "RTPAUDIOQOS"
  },
  variables: %{}
}
[2025-04-11 09:14:57.878916Z] %ElixirAmi.Event{
  event: "varset",
  source: :asterisk_connection,
  action_id: nil,
  keys: %{
    "accountcode" => "",
    "calleridname" => "101",
    "calleridnum" => "101",
    "channel" => "PJSIP/101-00000006",
    "channelstate" => "6",
    "channelstatedesc" => "Up",
    "connectedlinename" => "102",
    "connectedlinenum" => "102",
    "context" => "org_all",
    "exten" => "",
    "language" => "en",
    "linkedid" => "1744362892.7",
    "priority" => "1",
    "privilege" => "dialplan,all",
    "uniqueid" => "1744362892.8",
    "value" => "ssrc=1714893363;themssrc=27460319;lp=0;rxjitter=0.000875;rxcount=144;txjitter=0.000875;txcount=145;rlp=0;rtt=0.000000;rxmes=85.367289;txmes=0.000000",
    "variable" => "RTPAUDIOQOSBRIDGED"
  },
  variables: %{}
}
[2025-04-11 09:14:57.879188Z] %ElixirAmi.Event{
  event: "varset",
  source: :asterisk_connection,
  action_id: nil,
  keys: %{
    "accountcode" => "",
    "calleridname" => "102",
    "calleridnum" => "102",
    "channel" => "PJSIP/102-00000005",
    "channelstate" => "6",
    "channelstatedesc" => "Up",
    "connectedlinename" => "101",
    "connectedlinenum" => "101",
    "context" => "org_all",
    "exten" => "101",
    "language" => "en",
    "linkedid" => "1744362892.7",
    "priority" => "2",
    "privilege" => "dialplan,all",
    "uniqueid" => "1744362892.7",
    "value" => "minrxjitter=000.000000;maxrxjitter=000.000875;avgrxjitter=000.000710;stdevrxjitter=000.000204;mintxjitter=000.000000;maxtxjitter=000.000875;avgtxjitter=000.000350;stdevtxjitter=000.000429;",
    "variable" => "RTPAUDIOQOSJITTER"
  },
  variables: %{}
}
[2025-04-11 09:14:57.879420Z] %ElixirAmi.Event{
  event: "varset",
  source: :asterisk_connection,
  action_id: nil,
  keys: %{
    "accountcode" => "",
    "calleridname" => "101",
    "calleridnum" => "101",
    "channel" => "PJSIP/101-00000006",
    "channelstate" => "6",
    "channelstatedesc" => "Up",
    "connectedlinename" => "102",
    "connectedlinenum" => "102",
    "context" => "org_all",
    "exten" => "",
    "language" => "en",
    "linkedid" => "1744362892.7",
    "priority" => "1",
    "privilege" => "dialplan,all",
    "uniqueid" => "1744362892.8",
    "value" => "minrxjitter=000.000000;maxrxjitter=000.000875;avgrxjitter=000.000710;stdevrxjitter=000.000204;mintxjitter=000.000000;maxtxjitter=000.000875;avgtxjitter=000.000350;stdevtxjitter=000.000429;",
    "variable" => "RTPAUDIOQOSJITTERBRIDGED"
  },
  variables: %{}
}
[2025-04-11 09:14:57.879675Z] %ElixirAmi.Event{
  event: "varset",
  source: :asterisk_connection,
  action_id: nil,
  keys: %{
    "accountcode" => "",
    "calleridname" => "102",
    "calleridnum" => "102",
    "channel" => "PJSIP/102-00000005",
    "channelstate" => "6",
    "channelstatedesc" => "Up",
    "connectedlinename" => "101",
    "connectedlinenum" => "101",
    "context" => "org_all",
    "exten" => "101",
    "language" => "en",
    "linkedid" => "1744362892.7",
    "priority" => "2",
    "privilege" => "dialplan,all",
    "uniqueid" => "1744362892.7",
    "value" => "minrxlost=000.000000;  maxrxlost=000.000000;  avgrxlost=000.000000;  stdevrxlost=000.000000;  mintxlost=000.000000;  maxtxlost=000.000000;  avgtxlost=000.000000;  stdevtxlost=000.000000;",
    "variable" => "RTPAUDIOQOSLOSS"
  },
  variables: %{}
}
[2025-04-11 09:14:57.879862Z] %ElixirAmi.Event{
  event: "varset",
  source: :asterisk_connection,
  action_id: nil,
  keys: %{
    "accountcode" => "",
    "calleridname" => "101",
    "calleridnum" => "101",
    "channel" => "PJSIP/101-00000006",
    "channelstate" => "6",
    "channelstatedesc" => "Up",
    "connectedlinename" => "102",
    "connectedlinenum" => "102",
    "context" => "org_all",
    "exten" => "",
    "language" => "en",
    "linkedid" => "1744362892.7",
    "priority" => "1",
    "privilege" => "dialplan,all",
    "uniqueid" => "1744362892.8",
    "value" => "minrxlost=000.000000;  maxrxlost=000.000000;  avgrxlost=000.000000;  stdevrxlost=000.000000;  mintxlost=000.000000;  maxtxlost=000.000000;  avgtxlost=000.000000;  stdevtxlost=000.000000;",
    "variable" => "RTPAUDIOQOSLOSSBRIDGED"
  },
  variables: %{}
}
[2025-04-11 09:14:57.880046Z] %ElixirAmi.Event{
  event: "varset",
  source: :asterisk_connection,
  action_id: nil,
  keys: %{
    "accountcode" => "",
    "calleridname" => "102",
    "calleridnum" => "102",
    "channel" => "PJSIP/102-00000005",
    "channelstate" => "6",
    "channelstatedesc" => "Up",
    "connectedlinename" => "101",
    "connectedlinenum" => "101",
    "context" => "org_all",
    "exten" => "101",
    "language" => "en",
    "linkedid" => "1744362892.7",
    "priority" => "2",
    "privilege" => "dialplan,all",
    "uniqueid" => "1744362892.7",
    "value" => "minrtt=000.000000;     maxrtt=000.000000;     avgrtt=000.000000;     stdevrtt=000.000000;",
    "variable" => "RTPAUDIOQOSRTT"
  },
  variables: %{}
}
[2025-04-11 09:14:57.880245Z] %ElixirAmi.Event{
  event: "varset",
  source: :asterisk_connection,
  action_id: nil,
  keys: %{
    "accountcode" => "",
    "calleridname" => "101",
    "calleridnum" => "101",
    "channel" => "PJSIP/101-00000006",
    "channelstate" => "6",
    "channelstatedesc" => "Up",
    "connectedlinename" => "102",
    "connectedlinenum" => "102",
    "context" => "org_all",
    "exten" => "",
    "language" => "en",
    "linkedid" => "1744362892.7",
    "priority" => "1",
    "privilege" => "dialplan,all",
    "uniqueid" => "1744362892.8",
    "value" => "minrtt=000.000000;     maxrtt=000.000000;     avgrtt=000.000000;     stdevrtt=000.000000;",
    "variable" => "RTPAUDIOQOSRTTBRIDGED"
  },
  variables: %{}
}
[2025-04-11 09:14:57.880413Z] %ElixirAmi.Event{
  event: "varset",
  source: :asterisk_connection,
  action_id: nil,
  keys: %{
    "accountcode" => "",
    "calleridname" => "102",
    "calleridnum" => "102",
    "channel" => "PJSIP/102-00000005",
    "channelstate" => "6",
    "channelstatedesc" => "Up",
    "connectedlinename" => "101",
    "connectedlinenum" => "101",
    "context" => "org_all",
    "exten" => "101",
    "language" => "en",
    "linkedid" => "1744362892.7",
    "priority" => "2",
    "privilege" => "dialplan,all",
    "uniqueid" => "1744362892.7",
    "value" => "minrxmes=000.000000;   maxrxmes=000.000000;   avgrxmes=000.000000;   stdevrxmes=000.000204;   mintxmes=085.367289;   maxtxmes=085.367289;   avgtxmes=085.367289;   stdevtxmes=000.000000;",
    "variable" => "RTPAUDIOQOSMES"
  },
  variables: %{}
}
[2025-04-11 09:14:57.880587Z] %ElixirAmi.Event{
  event: "varset",
  source: :asterisk_connection,
  action_id: nil,
  keys: %{
    "accountcode" => "",
    "calleridname" => "101",
    "calleridnum" => "101",
    "channel" => "PJSIP/101-00000006",
    "channelstate" => "6",
    "channelstatedesc" => "Up",
    "connectedlinename" => "102",
    "connectedlinenum" => "102",
    "context" => "org_all",
    "exten" => "",
    "language" => "en",
    "linkedid" => "1744362892.7",
    "priority" => "1",
    "privilege" => "dialplan,all",
    "uniqueid" => "1744362892.8",
    "value" => "minrxmes=000.000000;   maxrxmes=000.000000;   avgrxmes=000.000000;   stdevrxmes=000.000204;   mintxmes=085.367289;   maxtxmes=085.367289;   avgtxmes=085.367289;   stdevtxmes=000.000000;",
    "variable" => "RTPAUDIOQOSMESBRIDGED"
  },
  variables: %{}
}
[2025-04-11 09:14:57.880747Z] %ElixirAmi.Event{
  event: "hanguprequest",
  source: :asterisk_connection,
  action_id: nil,
  keys: %{
    "accountcode" => "",
    "calleridname" => "102",
    "calleridnum" => "102",
    "channel" => "PJSIP/102-00000005",
    "channelstate" => "6",
    "channelstatedesc" => "Up",
    "connectedlinename" => "101",
    "connectedlinenum" => "101",
    "context" => "org_all",
    "exten" => "101",
    "language" => "en",
    "linkedid" => "1744362892.7",
    "priority" => "2",
    "privilege" => "call,all",
    "uniqueid" => "1744362892.7"
  },
  variables: %{}
}
[2025-04-11 09:14:57.880903Z] %ElixirAmi.Event{
  event: "varset",
  source: :asterisk_connection,
  action_id: nil,
  keys: %{
    "accountcode" => "",
    "calleridname" => "102",
    "calleridnum" => "102",
    "channel" => "PJSIP/102-00000005",
    "channelstate" => "6",
    "channelstatedesc" => "Up",
    "connectedlinename" => "101",
    "connectedlinenum" => "101",
    "context" => "org_all",
    "exten" => "101",
    "language" => "en",
    "linkedid" => "1744362892.7",
    "priority" => "2",
    "privilege" => "dialplan,all",
    "uniqueid" => "1744362892.7",
    "value" => "",
    "variable" => "BRIDGEPEER"
  },
  variables: %{}
}
[2025-04-11 09:14:57.881079Z] %ElixirAmi.Event{
  event: "varset",
  source: :asterisk_connection,
  action_id: nil,
  keys: %{
    "accountcode" => "",
    "calleridname" => "102",
    "calleridnum" => "102",
    "channel" => "PJSIP/102-00000005",
    "channelstate" => "6",
    "channelstatedesc" => "Up",
    "connectedlinename" => "101",
    "connectedlinenum" => "101",
    "context" => "org_all",
    "exten" => "101",
    "language" => "en",
    "linkedid" => "1744362892.7",
    "priority" => "2",
    "privilege" => "dialplan,all",
    "uniqueid" => "1744362892.7",
    "value" => "",
    "variable" => "BRIDGEPVTCALLID"
  },
  variables: %{}
}
[2025-04-11 09:14:57.881299Z] %ElixirAmi.Event{
  event: "varset",
  source: :asterisk_connection,
  action_id: nil,
  keys: %{
    "accountcode" => "",
    "calleridname" => "101",
    "calleridnum" => "101",
    "channel" => "PJSIP/101-00000006",
    "channelstate" => "6",
    "channelstatedesc" => "Up",
    "connectedlinename" => "102",
    "connectedlinenum" => "102",
    "context" => "org_all",
    "exten" => "",
    "language" => "en",
    "linkedid" => "1744362892.7",
    "priority" => "1",
    "privilege" => "dialplan,all",
    "uniqueid" => "1744362892.8",
    "value" => "",
    "variable" => "BRIDGEPEER"
  },
  variables: %{}
}
[2025-04-11 09:14:57.881433Z] %ElixirAmi.Event{
  event: "varset",
  source: :asterisk_connection,
  action_id: nil,
  keys: %{
    "accountcode" => "",
    "calleridname" => "101",
    "calleridnum" => "101",
    "channel" => "PJSIP/101-00000006",
    "channelstate" => "6",
    "channelstatedesc" => "Up",
    "connectedlinename" => "102",
    "connectedlinenum" => "102",
    "context" => "org_all",
    "exten" => "",
    "language" => "en",
    "linkedid" => "1744362892.7",
    "priority" => "1",
    "privilege" => "dialplan,all",
    "uniqueid" => "1744362892.8",
    "value" => "",
    "variable" => "BRIDGEPVTCALLID"
  },
  variables: %{}
}
[2025-04-11 09:14:57.881682Z] %ElixirAmi.Event{
  event: "bridgeleave",
  source: :asterisk_connection,
  action_id: nil,
  keys: %{
    "accountcode" => "",
    "bridgecreator" => "<unknown>",
    "bridgename" => "<unknown>",
    "bridgenumchannels" => "1",
    "bridgetechnology" => "simple_bridge",
    "bridgetype" => "basic",
    "bridgeuniqueid" => "808e4999-031e-4976-99cb-89097957fcfa",
    "bridgevideosourcemode" => "none",
    "calleridname" => "102",
    "calleridnum" => "102",
    "channel" => "PJSIP/102-00000005",
    "channelstate" => "6",
    "channelstatedesc" => "Up",
    "connectedlinename" => "101",
    "connectedlinenum" => "101",
    "context" => "org_all",
    "exten" => "101",
    "language" => "en",
    "linkedid" => "1744362892.7",
    "priority" => "2",
    "privilege" => "call,all",
    "uniqueid" => "1744362892.7"
  },
  variables: %{}
}
[2025-04-11 09:14:57.882079Z] %ElixirAmi.Event{
  event: "bridgeleave",
  source: :asterisk_connection,
  action_id: nil,
  keys: %{
    "accountcode" => "",
    "bridgecreator" => "<unknown>",
    "bridgename" => "<unknown>",
    "bridgenumchannels" => "0",
    "bridgetechnology" => "simple_bridge",
    "bridgetype" => "basic",
    "bridgeuniqueid" => "808e4999-031e-4976-99cb-89097957fcfa",
    "bridgevideosourcemode" => "none",
    "calleridname" => "101",
    "calleridnum" => "101",
    "channel" => "PJSIP/101-00000006",
    "channelstate" => "6",
    "channelstatedesc" => "Up",
    "connectedlinename" => "102",
    "connectedlinenum" => "102",
    "context" => "org_all",
    "exten" => "",
    "language" => "en",
    "linkedid" => "1744362892.7",
    "priority" => "1",
    "privilege" => "call,all",
    "uniqueid" => "1744362892.8"
  },
  variables: %{}
}
[2025-04-11 09:14:57.882281Z] %ElixirAmi.Event{
  event: "varset",
  source: :asterisk_connection,
  action_id: nil,
  keys: %{
    "accountcode" => "",
    "calleridname" => "102",
    "calleridnum" => "102",
    "channel" => "PJSIP/102-00000005",
    "channelstate" => "6",
    "channelstatedesc" => "Up",
    "connectedlinename" => "101",
    "connectedlinenum" => "101",
    "context" => "org_all",
    "exten" => "101",
    "language" => "en",
    "linkedid" => "1744362892.7",
    "priority" => "2",
    "privilege" => "dialplan,all",
    "uniqueid" => "1744362892.7",
    "value" => "2",
    "variable" => "ANSWEREDTIME"
  },
  variables: %{}
}
[2025-04-11 09:14:57.882498Z] %ElixirAmi.Event{
  event: "varset",
  source: :asterisk_connection,
  action_id: nil,
  keys: %{
    "accountcode" => "",
    "calleridname" => "102",
    "calleridnum" => "102",
    "channel" => "PJSIP/102-00000005",
    "channelstate" => "6",
    "channelstatedesc" => "Up",
    "connectedlinename" => "101",
    "connectedlinenum" => "101",
    "context" => "org_all",
    "exten" => "101",
    "language" => "en",
    "linkedid" => "1744362892.7",
    "priority" => "2",
    "privilege" => "dialplan,all",
    "uniqueid" => "1744362892.7",
    "value" => "2887",
    "variable" => "ANSWEREDTIME_MS"
  },
  variables: %{}
}
[2025-04-11 09:14:57.882694Z] %ElixirAmi.Event{
  event: "varset",
  source: :asterisk_connection,
  action_id: nil,
  keys: %{
    "accountcode" => "",
    "calleridname" => "102",
    "calleridnum" => "102",
    "channel" => "PJSIP/102-00000005",
    "channelstate" => "6",
    "channelstatedesc" => "Up",
    "connectedlinename" => "101",
    "connectedlinenum" => "101",
    "context" => "org_all",
    "exten" => "101",
    "language" => "en",
    "linkedid" => "1744362892.7",
    "priority" => "2",
    "privilege" => "dialplan,all",
    "uniqueid" => "1744362892.7",
    "value" => "5",
    "variable" => "DIALEDTIME"
  },
  variables: %{}
}
[2025-04-11 09:14:57.883013Z] %ElixirAmi.Event{
  event: "varset",
  source: :asterisk_connection,
  action_id: nil,
  keys: %{
    "accountcode" => "",
    "calleridname" => "102",
    "calleridnum" => "102",
    "channel" => "PJSIP/102-00000005",
    "channelstate" => "6",
    "channelstatedesc" => "Up",
    "connectedlinename" => "101",
    "connectedlinenum" => "101",
    "context" => "org_all",
    "exten" => "101",
    "language" => "en",
    "linkedid" => "1744362892.7",
    "priority" => "2",
    "privilege" => "dialplan,all",
    "uniqueid" => "1744362892.7",
    "value" => "5818",
    "variable" => "DIALEDTIME_MS"
  },
  variables: %{}
}
[2025-04-11 09:14:57.883215Z] %ElixirAmi.Event{
  event: "varset",
  source: :asterisk_connection,
  action_id: nil,
  keys: %{
    "accountcode" => "",
    "calleridname" => "102",
    "calleridnum" => "102",
    "channel" => "PJSIP/102-00000005",
    "channelstate" => "6",
    "channelstatedesc" => "Up",
    "connectedlinename" => "101",
    "connectedlinenum" => "101",
    "context" => "org_all",
    "exten" => "101",
    "language" => "en",
    "linkedid" => "1744362892.7",
    "priority" => "2",
    "privilege" => "dialplan,all",
    "uniqueid" => "1744362892.7",
    "value" => "ANSWER",
    "variable" => "DIALSTATUS"
  },
  variables: %{}
}
[2025-04-11 09:14:57.883522Z] %ElixirAmi.Event{
  event: "softhanguprequest",
  source: :asterisk_connection,
  action_id: nil,
  keys: %{
    "accountcode" => "",
    "calleridname" => "102",
    "calleridnum" => "102",
    "cause" => "16",
    "channel" => "PJSIP/102-00000005",
    "channelstate" => "6",
    "channelstatedesc" => "Up",
    "connectedlinename" => "101",
    "connectedlinenum" => "101",
    "context" => "org_all",
    "exten" => "101",
    "language" => "en",
    "linkedid" => "1744362892.7",
    "priority" => "2",
    "privilege" => "call,all",
    "uniqueid" => "1744362892.7"
  },
  variables: %{}
}
[2025-04-11 09:14:57.883707Z] %ElixirAmi.Event{
  event: "varset",
  source: :asterisk_connection,
  action_id: nil,
  keys: %{
    "accountcode" => "",
    "calleridname" => "101",
    "calleridnum" => "101",
    "channel" => "PJSIP/101-00000006",
    "channelstate" => "6",
    "channelstatedesc" => "Up",
    "connectedlinename" => "102",
    "connectedlinenum" => "102",
    "context" => "org_all",
    "exten" => "",
    "language" => "en",
    "linkedid" => "1744362892.7",
    "priority" => "1",
    "privilege" => "dialplan,all",
    "uniqueid" => "1744362892.8",
    "value" => "ssrc=155007091;themssrc=535185676;lp=0;rxjitter=0.000000;rxcount=145;txjitter=0.000750;txcount=144;rlp=0;rtt=0.000000;rxmes=85.367289;txmes=0.000000",
    "variable" => "RTPAUDIOQOS"
  },
  variables: %{}
}
[2025-04-11 09:14:57.883932Z] %ElixirAmi.Event{
  event: "varset",
  source: :asterisk_connection,
  action_id: nil,
  keys: %{
    "accountcode" => "",
    "calleridname" => "102",
    "calleridnum" => "102",
    "channel" => "PJSIP/102-00000005",
    "channelstate" => "6",
    "channelstatedesc" => "Up",
    "connectedlinename" => "101",
    "connectedlinenum" => "101",
    "context" => "org_all",
    "exten" => "101",
    "language" => "en",
    "linkedid" => "1744362892.7",
    "priority" => "2",
    "privilege" => "dialplan,all",
    "uniqueid" => "1744362892.7",
    "value" => "ssrc=1714893363;themssrc=27460319;lp=0;rxjitter=0.000875;rxcount=144;txjitter=0.000875;txcount=145;rlp=0;rtt=0.000000;rxmes=85.367289;txmes=0.000000",
    "variable" => "RTPAUDIOQOS"
  },
  variables: %{}
}
[2025-04-11 09:14:57.884362Z] %ElixirAmi.Event{
  event: "varset",
  source: :asterisk_connection,
  action_id: nil,
  keys: %{
    "accountcode" => "",
    "calleridname" => "101",
    "calleridnum" => "101",
    "channel" => "PJSIP/101-00000006",
    "channelstate" => "6",
    "channelstatedesc" => "Up",
    "connectedlinename" => "102",
    "connectedlinenum" => "102",
    "context" => "org_all",
    "exten" => "",
    "language" => "en",
    "linkedid" => "1744362892.7",
    "priority" => "1",
    "privilege" => "dialplan,all",
    "uniqueid" => "1744362892.8",
    "value" => "minrxjitter=000.000000;maxrxjitter=000.000875;avgrxjitter=000.000699;stdevrxjitter=000.000190;mintxjitter=000.000000;maxtxjitter=000.000000;avgtxjitter=000.000000;stdevtxjitter=000.000000;",
    "variable" => "RTPAUDIOQOSJITTER"
  },
  variables: %{}
}
[2025-04-11 09:14:57.884766Z] %ElixirAmi.Event{
  event: "varset",
  source: :asterisk_connection,
  action_id: nil,
  keys: %{
    "accountcode" => "",
    "calleridname" => "102",
    "calleridnum" => "102",
    "channel" => "PJSIP/102-00000005",
    "channelstate" => "6",
    "channelstatedesc" => "Up",
    "connectedlinename" => "101",
    "connectedlinenum" => "101",
    "context" => "org_all",
    "exten" => "101",
    "language" => "en",
    "linkedid" => "1744362892.7",
    "priority" => "2",
    "privilege" => "dialplan,all",
    "uniqueid" => "1744362892.7",
    "value" => "minrxjitter=000.000000;maxrxjitter=000.000875;avgrxjitter=000.000710;stdevrxjitter=000.000204;mintxjitter=000.000000;maxtxjitter=000.000875;avgtxjitter=000.000350;stdevtxjitter=000.000429;",
    "variable" => "RTPAUDIOQOSJITTER"
  },
  variables: %{}
}
[2025-04-11 09:14:57.885078Z] %ElixirAmi.Event{
  event: "varset",
  source: :asterisk_connection,
  action_id: nil,
  keys: %{
    "accountcode" => "",
    "calleridname" => "101",
    "calleridnum" => "101",
    "channel" => "PJSIP/101-00000006",
    "channelstate" => "6",
    "channelstatedesc" => "Up",
    "connectedlinename" => "102",
    "connectedlinenum" => "102",
    "context" => "org_all",
    "exten" => "",
    "language" => "en",
    "linkedid" => "1744362892.7",
    "priority" => "1",
    "privilege" => "dialplan,all",
    "uniqueid" => "1744362892.8",
    "value" => "minrxlost=000.000000;  maxrxlost=000.000000;  avgrxlost=000.000000;  stdevrxlost=000.000000;  mintxlost=000.000000;  maxtxlost=000.000000;  avgtxlost=000.000000;  stdevtxlost=000.000000;",
    "variable" => "RTPAUDIOQOSLOSS"
  },
  variables: %{}
}
[2025-04-11 09:14:57.885276Z] %ElixirAmi.Event{
  event: "varset",
  source: :asterisk_connection,
  action_id: nil,
  keys: %{
    "accountcode" => "",
    "calleridname" => "102",
    "calleridnum" => "102",
    "channel" => "PJSIP/102-00000005",
    "channelstate" => "6",
    "channelstatedesc" => "Up",
    "connectedlinename" => "101",
    "connectedlinenum" => "101",
    "context" => "org_all",
    "exten" => "101",
    "language" => "en",
    "linkedid" => "1744362892.7",
    "priority" => "2",
    "privilege" => "dialplan,all",
    "uniqueid" => "1744362892.7",
    "value" => "minrxlost=000.000000;  maxrxlost=000.000000;  avgrxlost=000.000000;  stdevrxlost=000.000000;  mintxlost=000.000000;  maxtxlost=000.000000;  avgtxlost=000.000000;  stdevtxlost=000.000000;",
    "variable" => "RTPAUDIOQOSLOSS"
  },
  variables: %{}
}
[2025-04-11 09:14:57.885442Z] %ElixirAmi.Event{
  event: "varset",
  source: :asterisk_connection,
  action_id: nil,
  keys: %{
    "accountcode" => "",
    "calleridname" => "101",
    "calleridnum" => "101",
    "channel" => "PJSIP/101-00000006",
    "channelstate" => "6",
    "channelstatedesc" => "Up",
    "connectedlinename" => "102",
    "connectedlinenum" => "102",
    "context" => "org_all",
    "exten" => "",
    "language" => "en",
    "linkedid" => "1744362892.7",
    "priority" => "1",
    "privilege" => "dialplan,all",
    "uniqueid" => "1744362892.8",
    "value" => "minrtt=000.000000;     maxrtt=000.000000;     avgrtt=000.000000;     stdevrtt=000.000000;",
    "variable" => "RTPAUDIOQOSRTT"
  },
  variables: %{}
}
[2025-04-11 09:14:57.885746Z] %ElixirAmi.Event{
  event: "varset",
  source: :asterisk_connection,
  action_id: nil,
  keys: %{
    "accountcode" => "",
    "calleridname" => "102",
    "calleridnum" => "102",
    "channel" => "PJSIP/102-00000005",
    "channelstate" => "6",
    "channelstatedesc" => "Up",
    "connectedlinename" => "101",
    "connectedlinenum" => "101",
    "context" => "org_all",
    "exten" => "101",
    "language" => "en",
    "linkedid" => "1744362892.7",
    "priority" => "2",
    "privilege" => "dialplan,all",
    "uniqueid" => "1744362892.7",
    "value" => "minrtt=000.000000;     maxrtt=000.000000;     avgrtt=000.000000;     stdevrtt=000.000000;",
    "variable" => "RTPAUDIOQOSRTT"
  },
  variables: %{}
}
[2025-04-11 09:14:57.885937Z] %ElixirAmi.Event{
  event: "varset",
  source: :asterisk_connection,
  action_id: nil,
  keys: %{
    "accountcode" => "",
    "calleridname" => "102",
    "calleridnum" => "102",
    "channel" => "PJSIP/102-00000005",
    "channelstate" => "6",
    "channelstatedesc" => "Up",
    "connectedlinename" => "101",
    "connectedlinenum" => "101",
    "context" => "org_all",
    "exten" => "101",
    "language" => "en",
    "linkedid" => "1744362892.7",
    "priority" => "2",
    "privilege" => "dialplan,all",
    "uniqueid" => "1744362892.7",
    "value" => "minrxmes=000.000000;   maxrxmes=000.000000;   avgrxmes=000.000000;   stdevrxmes=000.000204;   mintxmes=085.367289;   maxtxmes=085.367289;   avgtxmes=085.367289;   stdevtxmes=000.000000;",
    "variable" => "RTPAUDIOQOSMES"
  },
  variables: %{}
}
[2025-04-11 09:14:57.886256Z] %ElixirAmi.Event{
  event: "varset",
  source: :asterisk_connection,
  action_id: nil,
  keys: %{
    "accountcode" => "",
    "calleridname" => "101",
    "calleridnum" => "101",
    "channel" => "PJSIP/101-00000006",
    "channelstate" => "6",
    "channelstatedesc" => "Up",
    "connectedlinename" => "102",
    "connectedlinenum" => "102",
    "context" => "org_all",
    "exten" => "",
    "language" => "en",
    "linkedid" => "1744362892.7",
    "priority" => "1",
    "privilege" => "dialplan,all",
    "uniqueid" => "1744362892.8",
    "value" => "minrxmes=000.000000;   maxrxmes=000.000000;   avgrxmes=000.000000;   stdevrxmes=000.000190;   mintxmes=085.367289;   maxtxmes=085.367289;   avgtxmes=085.367289;   stdevtxmes=000.000000;",
    "variable" => "RTPAUDIOQOSMES"
  },
  variables: %{}
}
[2025-04-11 09:14:57.886423Z] %ElixirAmi.Event{
  event: "hangup",
  source: :asterisk_connection,
  action_id: nil,
  keys: %{
    "accountcode" => "",
    "calleridname" => "102",
    "calleridnum" => "102",
    "cause" => "16",
    "cause-txt" => "Normal Clearing",
    "channel" => "PJSIP/102-00000005",
    "channelstate" => "6",
    "channelstatedesc" => "Up",
    "connectedlinename" => "101",
    "connectedlinenum" => "101",
    "context" => "org_all",
    "exten" => "101",
    "language" => "en",
    "linkedid" => "1744362892.7",
    "priority" => "2",
    "privilege" => "call,all",
    "uniqueid" => "1744362892.7"
  },
  variables: %{}
}
[2025-04-11 09:14:57.886965Z] %ElixirAmi.Event{
  event: "hangup",
  source: :asterisk_connection,
  action_id: nil,
  keys: %{
    "accountcode" => "",
    "calleridname" => "101",
    "calleridnum" => "101",
    "cause" => "16",
    "cause-txt" => "Normal Clearing",
    "channel" => "PJSIP/101-00000006",
    "channelstate" => "6",
    "channelstatedesc" => "Up",
    "connectedlinename" => "102",
    "connectedlinenum" => "102",
    "context" => "org_all",
    "exten" => "",
    "language" => "en",
    "linkedid" => "1744362892.7",
    "priority" => "1",
    "privilege" => "call,all",
    "uniqueid" => "1744362892.8"
  },
  variables: %{}
}
