[2025-04-15 13:41:57.299492Z] %ElixirAmi.Event{
  event: "newchannel",
  source: :asterisk_connection,
  action_id: nil,
  keys: %{
    "accountcode" => "",
    "calleridname" => "102",
    "calleridnum" => "102",
    "channel" => "PJSIP/102-0000001d",
    "channelstate" => "0",
    "channelstatedesc" => "Down",
    "connectedlinename" => "<unknown>",
    "connectedlinenum" => "<unknown>",
    "context" => "org_all",
    "exten" => "s",
    "language" => "en",
    "linkedid" => "1744724515.48",
    "priority" => "1",
    "privilege" => "call,all",
    "uniqueid" => "1744724515.48"
  },
  variables: %{}
}
[2025-04-15 13:41:57.299833Z] %ElixirAmi.Event{
  event: "newexten",
  source: :asterisk_connection,
  action_id: nil,
  keys: %{
    "accountcode" => "",
    "appdata" => "(Outgoing Line)",
    "application" => "AppDial2",
    "calleridname" => "102",
    "calleridnum" => "102",
    "channel" => "PJSIP/102-0000001d",
    "channelstate" => "0",
    "channelstatedesc" => "Down",
    "connectedlinename" => "<unknown>",
    "connectedlinenum" => "<unknown>",
    "context" => "org_all",
    "exten" => "s",
    "extension" => "s",
    "language" => "en",
    "linkedid" => "1744724515.48",
    "priority" => "1",
    "privilege" => "dialplan,all",
    "uniqueid" => "1744724515.48"
  },
  variables: %{}
}
[2025-04-15 13:41:57.300386Z] %ElixirAmi.Event{
  event: "newstate",
  source: :asterisk_connection,
  action_id: nil,
  keys: %{
    "accountcode" => "",
    "calleridname" => "102",
    "calleridnum" => "102",
    "channel" => "PJSIP/102-0000001d",
    "channelstate" => "5",
    "channelstatedesc" => "Ringing",
    "connectedlinename" => "<unknown>",
    "connectedlinenum" => "<unknown>",
    "context" => "org_all",
    "exten" => "s",
    "language" => "en",
    "linkedid" => "1744724515.48",
    "priority" => "1",
    "privilege" => "call,all",
    "uniqueid" => "1744724515.48"
  },
  variables: %{}
}
[2025-04-15 13:41:57.301276Z] %ElixirAmi.Event{
  event: "rtcpreceived",
  source: :asterisk_connection,
  action_id: nil,
  keys: %{
    "accountcode" => "",
    "calleridname" => "102",
    "calleridnum" => "102",
    "channel" => "PJSIP/102-0000001d",
    "channelstate" => "5",
    "channelstatedesc" => "Ringing",
    "connectedlinename" => "<unknown>",
    "connectedlinenum" => "<unknown>",
    "context" => "org_all",
    "exten" => "s",
    "from" => "192.168.0.16:4041",
    "language" => "en",
    "linkedid" => "1744724515.48",
    "mes" => "85.4",
    "priority" => "1",
    "privilege" => "reporting,all",
    "pt" => "201(RR)",
    "report0cumulativelost" => "0",
    "report0dlsr" => "0.0000",
    "report0fractionlost" => "0",
    "report0highestsequence" => "0",
    "report0iajitter" => "0",
    "report0lsr" => "0",
    "report0sequencenumbercycles" => "0",
    "report0sourcessrc" => "0x00000000",
    "reportcount" => "1",
    "rtt" => "0.0000",
    "ssrc" => "0x00000000",
    "to" => "192.168.0.16:15513",
    "uniqueid" => "1744724515.48"
  },
  variables: %{}
}
[2025-04-15 13:41:57.301644Z] %ElixirAmi.Event{
  event: "newstate",
  source: :asterisk_connection,
  action_id: nil,
  keys: %{
    "accountcode" => "",
    "calleridname" => "102",
    "calleridnum" => "102",
    "channel" => "PJSIP/102-0000001d",
    "channelstate" => "6",
    "channelstatedesc" => "Up",
    "connectedlinename" => "<unknown>",
    "connectedlinenum" => "<unknown>",
    "context" => "org_all",
    "exten" => "s",
    "language" => "en",
    "linkedid" => "1744724515.48",
    "priority" => "1",
    "privilege" => "call,all",
    "uniqueid" => "1744724515.48"
  },
  variables: %{}
}
[2025-04-15 13:41:57.302488Z] %ElixirAmi.Event{
  event: "newexten",
  source: :asterisk_connection,
  action_id: nil,
  keys: %{
    "accountcode" => "",
    "appdata" => "",
    "application" => "NoOp",
    "calleridname" => "102",
    "calleridnum" => "102",
    "channel" => "PJSIP/102-0000001d",
    "channelstate" => "6",
    "channelstatedesc" => "Up",
    "connectedlinename" => "<unknown>",
    "connectedlinenum" => "<unknown>",
    "context" => "org_all",
    "exten" => "101",
    "extension" => "101",
    "language" => "en",
    "linkedid" => "1744724515.48",
    "priority" => "1",
    "privilege" => "dialplan,all",
    "uniqueid" => "1744724515.48"
  },
  variables: %{}
}
[2025-04-15 13:41:57.302754Z] %ElixirAmi.Event{
  event: "newexten",
  source: :asterisk_connection,
  action_id: nil,
  keys: %{
    "accountcode" => "",
    "appdata" => "PJSIP/101,20,",
    "application" => "Dial",
    "calleridname" => "102",
    "calleridnum" => "102",
    "channel" => "PJSIP/102-0000001d",
    "channelstate" => "6",
    "channelstatedesc" => "Up",
    "connectedlinename" => "<unknown>",
    "connectedlinenum" => "<unknown>",
    "context" => "org_all",
    "exten" => "101",
    "extension" => "101",
    "language" => "en",
    "linkedid" => "1744724515.48",
    "priority" => "2",
    "privilege" => "dialplan,all",
    "uniqueid" => "1744724515.48"
  },
  variables: %{}
}
[2025-04-15 13:41:57.302872Z] %ElixirAmi.Event{
  event: "varset",
  source: :asterisk_connection,
  action_id: nil,
  keys: %{
    "accountcode" => "",
    "calleridname" => "102",
    "calleridnum" => "102",
    "channel" => "PJSIP/102-0000001d",
    "channelstate" => "6",
    "channelstatedesc" => "Up",
    "connectedlinename" => "<unknown>",
    "connectedlinenum" => "<unknown>",
    "context" => "org_all",
    "exten" => "101",
    "language" => "en",
    "linkedid" => "1744724515.48",
    "priority" => "2",
    "privilege" => "dialplan,all",
    "uniqueid" => "1744724515.48",
    "value" => "",
    "variable" => "DIALSTATUS"
  },
  variables: %{}
}
[2025-04-15 13:41:57.303160Z] %ElixirAmi.Event{
  event: "varset",
  source: :asterisk_connection,
  action_id: nil,
  keys: %{
    "accountcode" => "",
    "calleridname" => "102",
    "calleridnum" => "102",
    "channel" => "PJSIP/102-0000001d",
    "channelstate" => "6",
    "channelstatedesc" => "Up",
    "connectedlinename" => "<unknown>",
    "connectedlinenum" => "<unknown>",
    "context" => "org_all",
    "exten" => "101",
    "language" => "en",
    "linkedid" => "1744724515.48",
    "priority" => "2",
    "privilege" => "dialplan,all",
    "uniqueid" => "1744724515.48",
    "value" => "",
    "variable" => "DIALEDPEERNUMBER"
  },
  variables: %{}
}
[2025-04-15 13:41:57.303536Z] %ElixirAmi.Event{
  event: "varset",
  source: :asterisk_connection,
  action_id: nil,
  keys: %{
    "accountcode" => "",
    "calleridname" => "102",
    "calleridnum" => "102",
    "channel" => "PJSIP/102-0000001d",
    "channelstate" => "6",
    "channelstatedesc" => "Up",
    "connectedlinename" => "<unknown>",
    "connectedlinenum" => "<unknown>",
    "context" => "org_all",
    "exten" => "101",
    "language" => "en",
    "linkedid" => "1744724515.48",
    "priority" => "2",
    "privilege" => "dialplan,all",
    "uniqueid" => "1744724515.48",
    "value" => "",
    "variable" => "DIALEDPEERNAME"
  },
  variables: %{}
}
[2025-04-15 13:41:57.303712Z] %ElixirAmi.Event{
  event: "varset",
  source: :asterisk_connection,
  action_id: nil,
  keys: %{
    "accountcode" => "",
    "calleridname" => "102",
    "calleridnum" => "102",
    "channel" => "PJSIP/102-0000001d",
    "channelstate" => "6",
    "channelstatedesc" => "Up",
    "connectedlinename" => "<unknown>",
    "connectedlinenum" => "<unknown>",
    "context" => "org_all",
    "exten" => "101",
    "language" => "en",
    "linkedid" => "1744724515.48",
    "priority" => "2",
    "privilege" => "dialplan,all",
    "uniqueid" => "1744724515.48",
    "value" => "",
    "variable" => "ANSWEREDTIME"
  },
  variables: %{}
}
[2025-04-15 13:41:57.303996Z] %ElixirAmi.Event{
  event: "varset",
  source: :asterisk_connection,
  action_id: nil,
  keys: %{
    "accountcode" => "",
    "calleridname" => "102",
    "calleridnum" => "102",
    "channel" => "PJSIP/102-0000001d",
    "channelstate" => "6",
    "channelstatedesc" => "Up",
    "connectedlinename" => "<unknown>",
    "connectedlinenum" => "<unknown>",
    "context" => "org_all",
    "exten" => "101",
    "language" => "en",
    "linkedid" => "1744724515.48",
    "priority" => "2",
    "privilege" => "dialplan,all",
    "uniqueid" => "1744724515.48",
    "value" => "",
    "variable" => "ANSWEREDTIME_MS"
  },
  variables: %{}
}
[2025-04-15 13:41:57.304231Z] %ElixirAmi.Event{
  event: "varset",
  source: :asterisk_connection,
  action_id: nil,
  keys: %{
    "accountcode" => "",
    "calleridname" => "102",
    "calleridnum" => "102",
    "channel" => "PJSIP/102-0000001d",
    "channelstate" => "6",
    "channelstatedesc" => "Up",
    "connectedlinename" => "<unknown>",
    "connectedlinenum" => "<unknown>",
    "context" => "org_all",
    "exten" => "101",
    "language" => "en",
    "linkedid" => "1744724515.48",
    "priority" => "2",
    "privilege" => "dialplan,all",
    "uniqueid" => "1744724515.48",
    "value" => "",
    "variable" => "DIALEDTIME"
  },
  variables: %{}
}
[2025-04-15 13:41:57.304391Z] %ElixirAmi.Event{
  event: "varset",
  source: :asterisk_connection,
  action_id: nil,
  keys: %{
    "accountcode" => "",
    "calleridname" => "102",
    "calleridnum" => "102",
    "channel" => "PJSIP/102-0000001d",
    "channelstate" => "6",
    "channelstatedesc" => "Up",
    "connectedlinename" => "<unknown>",
    "connectedlinenum" => "<unknown>",
    "context" => "org_all",
    "exten" => "101",
    "language" => "en",
    "linkedid" => "1744724515.48",
    "priority" => "2",
    "privilege" => "dialplan,all",
    "uniqueid" => "1744724515.48",
    "value" => "",
    "variable" => "DIALEDTIME_MS"
  },
  variables: %{}
}
[2025-04-15 13:41:57.304614Z] %ElixirAmi.Event{
  event: "varset",
  source: :asterisk_connection,
  action_id: nil,
  keys: %{
    "accountcode" => "",
    "calleridname" => "102",
    "calleridnum" => "102",
    "channel" => "PJSIP/102-0000001d",
    "channelstate" => "6",
    "channelstatedesc" => "Up",
    "connectedlinename" => "<unknown>",
    "connectedlinenum" => "<unknown>",
    "context" => "org_all",
    "exten" => "101",
    "language" => "en",
    "linkedid" => "1744724515.48",
    "priority" => "2",
    "privilege" => "dialplan,all",
    "uniqueid" => "1744724515.48",
    "value" => "",
    "variable" => "RINGTIME"
  },
  variables: %{}
}
[2025-04-15 13:41:57.304779Z] %ElixirAmi.Event{
  event: "varset",
  source: :asterisk_connection,
  action_id: nil,
  keys: %{
    "accountcode" => "",
    "calleridname" => "102",
    "calleridnum" => "102",
    "channel" => "PJSIP/102-0000001d",
    "channelstate" => "6",
    "channelstatedesc" => "Up",
    "connectedlinename" => "<unknown>",
    "connectedlinenum" => "<unknown>",
    "context" => "org_all",
    "exten" => "101",
    "language" => "en",
    "linkedid" => "1744724515.48",
    "priority" => "2",
    "privilege" => "dialplan,all",
    "uniqueid" => "1744724515.48",
    "value" => "",
    "variable" => "RINGTIME_MS"
  },
  variables: %{}
}
[2025-04-15 13:41:57.305022Z] %ElixirAmi.Event{
  event: "varset",
  source: :asterisk_connection,
  action_id: nil,
  keys: %{
    "accountcode" => "",
    "calleridname" => "102",
    "calleridnum" => "102",
    "channel" => "PJSIP/102-0000001d",
    "channelstate" => "6",
    "channelstatedesc" => "Up",
    "connectedlinename" => "<unknown>",
    "connectedlinenum" => "<unknown>",
    "context" => "org_all",
    "exten" => "101",
    "language" => "en",
    "linkedid" => "1744724515.48",
    "priority" => "2",
    "privilege" => "dialplan,all",
    "uniqueid" => "1744724515.48",
    "value" => "",
    "variable" => "PROGRESSTIME"
  },
  variables: %{}
}
[2025-04-15 13:41:57.305381Z] %ElixirAmi.Event{
  event: "varset",
  source: :asterisk_connection,
  action_id: nil,
  keys: %{
    "accountcode" => "",
    "calleridname" => "102",
    "calleridnum" => "102",
    "channel" => "PJSIP/102-0000001d",
    "channelstate" => "6",
    "channelstatedesc" => "Up",
    "connectedlinename" => "<unknown>",
    "connectedlinenum" => "<unknown>",
    "context" => "org_all",
    "exten" => "101",
    "language" => "en",
    "linkedid" => "1744724515.48",
    "priority" => "2",
    "privilege" => "dialplan,all",
    "uniqueid" => "1744724515.48",
    "value" => "",
    "variable" => "PROGRESSTIME_MS"
  },
  variables: %{}
}
[2025-04-15 13:41:57.305708Z] %ElixirAmi.Event{
  event: "newchannel",
  source: :asterisk_connection,
  action_id: nil,
  keys: %{
    "accountcode" => "",
    "calleridname" => "101",
    "calleridnum" => "101",
    "channel" => "PJSIP/101-0000001e",
    "channelstate" => "0",
    "channelstatedesc" => "Down",
    "connectedlinename" => "<unknown>",
    "connectedlinenum" => "<unknown>",
    "context" => "org_all",
    "exten" => "s",
    "language" => "en",
    "linkedid" => "1744724515.48",
    "priority" => "1",
    "privilege" => "call,all",
    "uniqueid" => "1744724517.49"
  },
  variables: %{}
}
[2025-04-15 13:41:57.306122Z] %ElixirAmi.Event{
  event: "varset",
  source: :asterisk_connection,
  action_id: nil,
  keys: %{
    "accountcode" => "",
    "calleridname" => "101",
    "calleridnum" => "101",
    "channel" => "PJSIP/101-0000001e",
    "channelstate" => "0",
    "channelstatedesc" => "Down",
    "connectedlinename" => "<unknown>",
    "connectedlinenum" => "<unknown>",
    "context" => "org_all",
    "exten" => "s",
    "language" => "en",
    "linkedid" => "1744724515.48",
    "priority" => "1",
    "privilege" => "dialplan,all",
    "uniqueid" => "1744724517.49",
    "value" => "101",
    "variable" => "DIALEDPEERNUMBER"
  },
  variables: %{}
}
[2025-04-15 13:41:57.306492Z] %ElixirAmi.Event{
  event: "newexten",
  source: :asterisk_connection,
  action_id: nil,
  keys: %{
    "accountcode" => "",
    "appdata" => "(Outgoing Line)",
    "application" => "AppDial",
    "calleridname" => "101",
    "calleridnum" => "101",
    "channel" => "PJSIP/101-0000001e",
    "channelstate" => "0",
    "channelstatedesc" => "Down",
    "connectedlinename" => "102",
    "connectedlinenum" => "102",
    "context" => "org_all",
    "exten" => "101",
    "extension" => "101",
    "language" => "en",
    "linkedid" => "1744724515.48",
    "priority" => "1",
    "privilege" => "dialplan,all",
    "uniqueid" => "1744724517.49"
  },
  variables: %{}
}
[2025-04-15 13:41:57.306664Z] %ElixirAmi.Event{
  event: "newconnectedline",
  source: :asterisk_connection,
  action_id: nil,
  keys: %{
    "accountcode" => "",
    "calleridname" => "101",
    "calleridnum" => "101",
    "channel" => "PJSIP/101-0000001e",
    "channelstate" => "0",
    "channelstatedesc" => "Down",
    "connectedlinename" => "102",
    "connectedlinenum" => "102",
    "context" => "org_all",
    "exten" => "101",
    "language" => "en",
    "linkedid" => "1744724515.48",
    "priority" => "1",
    "privilege" => "call,all",
    "uniqueid" => "1744724517.49"
  },
  variables: %{}
}
[2025-04-15 13:41:57.307060Z] %ElixirAmi.Event{
  event: "dialbegin",
  source: :asterisk_connection,
  action_id: nil,
  keys: %{
    "accountcode" => "",
    "calleridname" => "102",
    "calleridnum" => "102",
    "channel" => "PJSIP/102-0000001d",
    "channelstate" => "6",
    "channelstatedesc" => "Up",
    "connectedlinename" => "<unknown>",
    "connectedlinenum" => "<unknown>",
    "context" => "org_all",
    "destaccountcode" => "",
    "destcalleridname" => "101",
    "destcalleridnum" => "101",
    "destchannel" => "PJSIP/101-0000001e",
    "destchannelstate" => "0",
    "destchannelstatedesc" => "Down",
    "destconnectedlinename" => "102",
    "destconnectedlinenum" => "102",
    "destcontext" => "org_all",
    "destexten" => "101",
    "destlanguage" => "en",
    "destlinkedid" => "1744724515.48",
    "destpriority" => "1",
    "destuniqueid" => "1744724517.49",
    "dialstring" => "101",
    "exten" => "101",
    "language" => "en",
    "linkedid" => "1744724515.48",
    "priority" => "2",
    "privilege" => "call,all",
    "uniqueid" => "1744724515.48"
  },
  variables: %{}
}
[2025-04-15 13:41:57.307240Z] %ElixirAmi.Event{
  event: "newconnectedline",
  source: :asterisk_connection,
  action_id: nil,
  keys: %{
    "accountcode" => "",
    "calleridname" => "102",
    "calleridnum" => "102",
    "channel" => "PJSIP/102-0000001d",
    "channelstate" => "6",
    "channelstatedesc" => "Up",
    "connectedlinename" => "101",
    "connectedlinenum" => "101",
    "context" => "org_all",
    "exten" => "101",
    "language" => "en",
    "linkedid" => "1744724515.48",
    "priority" => "2",
    "privilege" => "call,all",
    "uniqueid" => "1744724515.48"
  },
  variables: %{}
}
[2025-04-15 13:41:57.307670Z] %ElixirAmi.Event{
  event: "rtcpreceived",
  source: :asterisk_connection,
  action_id: nil,
  keys: %{
    "accountcode" => "",
    "calleridname" => "102",
    "calleridnum" => "102",
    "channel" => "PJSIP/102-0000001d",
    "channelstate" => "6",
    "channelstatedesc" => "Up",
    "connectedlinename" => "101",
    "connectedlinenum" => "101",
    "context" => "org_all",
    "exten" => "101",
    "from" => "192.168.0.16:4041",
    "language" => "en",
    "linkedid" => "1744724515.48",
    "mes" => "85.4",
    "priority" => "2",
    "privilege" => "reporting,all",
    "pt" => "201(RR)",
    "report0cumulativelost" => "0",
    "report0dlsr" => "0.0000",
    "report0fractionlost" => "0",
    "report0highestsequence" => "0",
    "report0iajitter" => "0",
    "report0lsr" => "0",
    "report0sequencenumbercycles" => "0",
    "report0sourcessrc" => "0x00000000",
    "reportcount" => "1",
    "rtt" => "0.0000",
    "ssrc" => "0x00000000",
    "to" => "192.168.0.16:15513",
    "uniqueid" => "1744724515.48"
  },
  variables: %{}
}
[2025-04-15 13:41:57.308006Z] %ElixirAmi.Event{
  event: "newstate",
  source: :asterisk_connection,
  action_id: nil,
  keys: %{
    "accountcode" => "",
    "calleridname" => "101",
    "calleridnum" => "101",
    "channel" => "PJSIP/101-0000001e",
    "channelstate" => "5",
    "channelstatedesc" => "Ringing",
    "connectedlinename" => "102",
    "connectedlinenum" => "102",
    "context" => "org_all",
    "exten" => "101",
    "language" => "en",
    "linkedid" => "1744724515.48",
    "priority" => "1",
    "privilege" => "call,all",
    "uniqueid" => "1744724517.49"
  },
  variables: %{}
}
[2025-04-15 13:41:57.308434Z] %ElixirAmi.Event{
  event: "varset",
  source: :asterisk_connection,
  action_id: nil,
  keys: %{
    "accountcode" => "",
    "calleridname" => "102",
    "calleridnum" => "102",
    "channel" => "PJSIP/102-0000001d",
    "channelstate" => "6",
    "channelstatedesc" => "Up",
    "connectedlinename" => "101",
    "connectedlinenum" => "101",
    "context" => "org_all",
    "exten" => "101",
    "language" => "en",
    "linkedid" => "1744724515.48",
    "priority" => "2",
    "privilege" => "dialplan,all",
    "uniqueid" => "1744724515.48",
    "value" => "0",
    "variable" => "RINGTIME"
  },
  variables: %{}
}
[2025-04-15 13:41:57.308643Z] %ElixirAmi.Event{
  event: "varset",
  source: :asterisk_connection,
  action_id: nil,
  keys: %{
    "accountcode" => "",
    "calleridname" => "102",
    "calleridnum" => "102",
    "channel" => "PJSIP/102-0000001d",
    "channelstate" => "6",
    "channelstatedesc" => "Up",
    "connectedlinename" => "101",
    "connectedlinenum" => "101",
    "context" => "org_all",
    "exten" => "101",
    "language" => "en",
    "linkedid" => "1744724515.48",
    "priority" => "2",
    "privilege" => "dialplan,all",
    "uniqueid" => "1744724515.48",
    "value" => "5",
    "variable" => "RINGTIME_MS"
  },
  variables: %{}
}
[2025-04-15 13:41:57.309039Z] %ElixirAmi.Event{
  event: "dialstate",
  source: :asterisk_connection,
  action_id: nil,
  keys: %{
    "accountcode" => "",
    "calleridname" => "102",
    "calleridnum" => "102",
    "channel" => "PJSIP/102-0000001d",
    "channelstate" => "6",
    "channelstatedesc" => "Up",
    "connectedlinename" => "101",
    "connectedlinenum" => "101",
    "context" => "org_all",
    "destaccountcode" => "",
    "destcalleridname" => "101",
    "destcalleridnum" => "101",
    "destchannel" => "PJSIP/101-0000001e",
    "destchannelstate" => "5",
    "destchannelstatedesc" => "Ringing",
    "destconnectedlinename" => "102",
    "destconnectedlinenum" => "102",
    "destcontext" => "org_all",
    "destexten" => "101",
    "destlanguage" => "en",
    "destlinkedid" => "1744724515.48",
    "destpriority" => "1",
    "destuniqueid" => "1744724517.49",
    "dialstatus" => "RINGING",
    "exten" => "101",
    "language" => "en",
    "linkedid" => "1744724515.48",
    "priority" => "2",
    "privilege" => "call,all",
    "uniqueid" => "1744724515.48"
  },
  variables: %{}
}
[2025-04-15 13:41:57.505593Z] %ElixirAmi.Event{
  event: "rtcpreceived",
  source: :asterisk_connection,
  action_id: nil,
  keys: %{
    "pt" => "200(SR)",
    "report0highestsequence" => "16136",
    "mes" => "85.4",
    "privilege" => "reporting,all",
    "channelstatedesc" => "Up",
    "uniqueid" => "1744724515.48",
    "sentntp" => "1744749717.206883",
    "report0fractionlost" => "0",
    "sentpackets" => "10",
    "report0lsr" => "0",
    "linkedid" => "1744724515.48",
    "ssrc" => "0xeba94315",
    "exten" => "101",
    "channel" => "PJSIP/102-0000001d",
    "report0iajitter" => "0",
    "sentrtp" => "1648",
    "context" => "org_all",
    "connectedlinename" => "101",
    "priority" => "2",
    "rtt" => "0.0000",
    "to" => "192.168.0.16:15513",
    "reportcount" => "1",
    "language" => "en",
    "sentoctets" => "1600",
    "calleridname" => "102",
    "from" => "192.168.0.16:4041",
    "report0cumulativelost" => "0",
    "report0sequencenumbercycles" => "0",
    "calleridnum" => "102",
    "channelstate" => "6",
    "accountcode" => "",
    "report0dlsr" => "0.0000",
    "report0sourcessrc" => "0x63de3716",
    "connectedlinenum" => "101"
  },
  variables: %{}
}
[2025-04-15 13:41:58.428383Z] %ElixirAmi.Event{
  event: "rtcpreceived",
  source: :asterisk_connection,
  action_id: nil,
  keys: %{
    "accountcode" => "",
    "calleridname" => "101",
    "calleridnum" => "101",
    "channel" => "PJSIP/101-0000001e",
    "channelstate" => "5",
    "channelstatedesc" => "Ringing",
    "connectedlinename" => "102",
    "connectedlinenum" => "102",
    "context" => "org_all",
    "exten" => "101",
    "from" => "192.168.0.16:4019",
    "language" => "en",
    "linkedid" => "1744724515.48",
    "mes" => "85.4",
    "priority" => "1",
    "privilege" => "reporting,all",
    "pt" => "201(RR)",
    "report0cumulativelost" => "0",
    "report0dlsr" => "0.0000",
    "report0fractionlost" => "0",
    "report0highestsequence" => "0",
    "report0iajitter" => "0",
    "report0lsr" => "0",
    "report0sequencenumbercycles" => "0",
    "report0sourcessrc" => "0x00000000",
    "reportcount" => "1",
    "rtt" => "0.0000",
    "ssrc" => "0x00000000",
    "to" => "192.168.0.16:11981",
    "uniqueid" => "1744724517.49"
  },
  variables: %{}
}
[2025-04-15 13:41:58.428732Z] %ElixirAmi.Event{
  event: "rtcpreceived",
  source: :asterisk_connection,
  action_id: nil,
  keys: %{
    "accountcode" => "",
    "calleridname" => "101",
    "calleridnum" => "101",
    "channel" => "PJSIP/101-0000001e",
    "channelstate" => "5",
    "channelstatedesc" => "Ringing",
    "connectedlinename" => "102",
    "connectedlinenum" => "102",
    "context" => "org_all",
    "exten" => "101",
    "from" => "192.168.0.16:4019",
    "language" => "en",
    "linkedid" => "1744724515.48",
    "mes" => "85.4",
    "priority" => "1",
    "privilege" => "reporting,all",
    "pt" => "201(RR)",
    "report0cumulativelost" => "0",
    "report0dlsr" => "0.0000",
    "report0fractionlost" => "0",
    "report0highestsequence" => "0",
    "report0iajitter" => "0",
    "report0lsr" => "0",
    "report0sequencenumbercycles" => "0",
    "report0sourcessrc" => "0x00000000",
    "reportcount" => "1",
    "rtt" => "0.0000",
    "ssrc" => "0x00000000",
    "to" => "192.168.0.16:11981",
    "uniqueid" => "1744724517.49"
  },
  variables: %{}
}
[2025-04-15 13:41:58.429017Z] %ElixirAmi.Event{
  event: "newstate",
  source: :asterisk_connection,
  action_id: nil,
  keys: %{
    "accountcode" => "",
    "calleridname" => "101",
    "calleridnum" => "101",
    "channel" => "PJSIP/101-0000001e",
    "channelstate" => "6",
    "channelstatedesc" => "Up",
    "connectedlinename" => "102",
    "connectedlinenum" => "102",
    "context" => "org_all",
    "exten" => "101",
    "language" => "en",
    "linkedid" => "1744724515.48",
    "priority" => "1",
    "privilege" => "call,all",
    "uniqueid" => "1744724517.49"
  },
  variables: %{}
}
[2025-04-15 13:41:58.429220Z] %ElixirAmi.Event{
  event: "varset",
  source: :asterisk_connection,
  action_id: nil,
  keys: %{
    "accountcode" => "",
    "calleridname" => "102",
    "calleridnum" => "102",
    "channel" => "PJSIP/102-0000001d",
    "channelstate" => "6",
    "channelstatedesc" => "Up",
    "connectedlinename" => "101",
    "connectedlinenum" => "101",
    "context" => "org_all",
    "exten" => "101",
    "language" => "en",
    "linkedid" => "1744724515.48",
    "priority" => "2",
    "privilege" => "dialplan,all",
    "uniqueid" => "1744724515.48",
    "value" => "ANSWER",
    "variable" => "DIALSTATUS"
  },
  variables: %{}
}
[2025-04-15 13:41:58.429352Z] %ElixirAmi.Event{
  event: "varset",
  source: :asterisk_connection,
  action_id: nil,
  keys: %{
    "accountcode" => "",
    "calleridname" => "102",
    "calleridnum" => "102",
    "channel" => "PJSIP/102-0000001d",
    "channelstate" => "6",
    "channelstatedesc" => "Up",
    "connectedlinename" => "101",
    "connectedlinenum" => "101",
    "context" => "org_all",
    "exten" => "101",
    "language" => "en",
    "linkedid" => "1744724515.48",
    "priority" => "2",
    "privilege" => "dialplan,all",
    "uniqueid" => "1744724515.48",
    "value" => "PJSIP/101-0000001e",
    "variable" => "DIALEDPEERNAME"
  },
  variables: %{}
}
[2025-04-15 13:41:58.429552Z] %ElixirAmi.Event{
  event: "varset",
  source: :asterisk_connection,
  action_id: nil,
  keys: %{
    "accountcode" => "",
    "calleridname" => "102",
    "calleridnum" => "102",
    "channel" => "PJSIP/102-0000001d",
    "channelstate" => "6",
    "channelstatedesc" => "Up",
    "connectedlinename" => "101",
    "connectedlinenum" => "101",
    "context" => "org_all",
    "exten" => "101",
    "language" => "en",
    "linkedid" => "1744724515.48",
    "priority" => "2",
    "privilege" => "dialplan,all",
    "uniqueid" => "1744724515.48",
    "value" => "101",
    "variable" => "DIALEDPEERNUMBER"
  },
  variables: %{}
}
[2025-04-15 13:41:58.429912Z] %ElixirAmi.Event{
  event: "dialend",
  source: :asterisk_connection,
  action_id: nil,
  keys: %{
    "accountcode" => "",
    "calleridname" => "102",
    "calleridnum" => "102",
    "channel" => "PJSIP/102-0000001d",
    "channelstate" => "6",
    "channelstatedesc" => "Up",
    "connectedlinename" => "101",
    "connectedlinenum" => "101",
    "context" => "org_all",
    "destaccountcode" => "",
    "destcalleridname" => "101",
    "destcalleridnum" => "101",
    "destchannel" => "PJSIP/101-0000001e",
    "destchannelstate" => "6",
    "destchannelstatedesc" => "Up",
    "destconnectedlinename" => "102",
    "destconnectedlinenum" => "102",
    "destcontext" => "org_all",
    "destexten" => "",
    "destlanguage" => "en",
    "destlinkedid" => "1744724515.48",
    "destpriority" => "1",
    "destuniqueid" => "1744724517.49",
    "dialstatus" => "ANSWER",
    "exten" => "101",
    "language" => "en",
    "linkedid" => "1744724515.48",
    "priority" => "2",
    "privilege" => "call,all",
    "uniqueid" => "1744724515.48"
  },
  variables: %{}
}
[2025-04-15 13:41:58.430318Z] %ElixirAmi.Event{
  event: "newexten",
  source: :asterisk_connection,
  action_id: nil,
  keys: %{
    "accountcode" => "",
    "appdata" => "(Outgoing Line)",
    "application" => "AppDial",
    "calleridname" => "101",
    "calleridnum" => "101",
    "channel" => "PJSIP/101-0000001e",
    "channelstate" => "6",
    "channelstatedesc" => "Up",
    "connectedlinename" => "102",
    "connectedlinenum" => "102",
    "context" => "org_all",
    "exten" => "",
    "extension" => "",
    "language" => "en",
    "linkedid" => "1744724515.48",
    "priority" => "1",
    "privilege" => "dialplan,all",
    "uniqueid" => "1744724517.49"
  },
  variables: %{}
}
[2025-04-15 13:41:58.430675Z] %ElixirAmi.Event{
  event: "bridgeenter",
  source: :asterisk_connection,
  action_id: nil,
  keys: %{
    "accountcode" => "",
    "bridgecreator" => "<unknown>",
    "bridgename" => "<unknown>",
    "bridgenumchannels" => "1",
    "bridgetechnology" => "simple_bridge",
    "bridgetype" => "basic",
    "bridgeuniqueid" => "8cdae875-727c-4e71-9597-0cc1d1f7da19",
    "bridgevideosourcemode" => "none",
    "calleridname" => "101",
    "calleridnum" => "101",
    "channel" => "PJSIP/101-0000001e",
    "channelstate" => "6",
    "channelstatedesc" => "Up",
    "connectedlinename" => "102",
    "connectedlinenum" => "102",
    "context" => "org_all",
    "exten" => "",
    "language" => "en",
    "linkedid" => "1744724515.48",
    "priority" => "1",
    "privilege" => "call,all",
    "uniqueid" => "1744724517.49"
  },
  variables: %{}
}
[2025-04-15 13:41:58.430968Z] %ElixirAmi.Event{
  event: "bridgeenter",
  source: :asterisk_connection,
  action_id: nil,
  keys: %{
    "accountcode" => "",
    "bridgecreator" => "<unknown>",
    "bridgename" => "<unknown>",
    "bridgenumchannels" => "2",
    "bridgetechnology" => "simple_bridge",
    "bridgetype" => "basic",
    "bridgeuniqueid" => "8cdae875-727c-4e71-9597-0cc1d1f7da19",
    "bridgevideosourcemode" => "none",
    "calleridname" => "102",
    "calleridnum" => "102",
    "channel" => "PJSIP/102-0000001d",
    "channelstate" => "6",
    "channelstatedesc" => "Up",
    "connectedlinename" => "101",
    "connectedlinenum" => "101",
    "context" => "org_all",
    "exten" => "101",
    "language" => "en",
    "linkedid" => "1744724515.48",
    "priority" => "2",
    "privilege" => "call,all",
    "uniqueid" => "1744724515.48"
  },
  variables: %{}
}
[2025-04-15 13:41:58.431121Z] %ElixirAmi.Event{
  event: "varset",
  source: :asterisk_connection,
  action_id: nil,
  keys: %{
    "accountcode" => "",
    "calleridname" => "102",
    "calleridnum" => "102",
    "channel" => "PJSIP/102-0000001d",
    "channelstate" => "6",
    "channelstatedesc" => "Up",
    "connectedlinename" => "101",
    "connectedlinenum" => "101",
    "context" => "org_all",
    "exten" => "101",
    "language" => "en",
    "linkedid" => "1744724515.48",
    "priority" => "2",
    "privilege" => "dialplan,all",
    "uniqueid" => "1744724515.48",
    "value" => "PJSIP/101-0000001e",
    "variable" => "BRIDGEPEER"
  },
  variables: %{}
}
[2025-04-15 13:41:58.431512Z] %ElixirAmi.Event{
  event: "varset",
  source: :asterisk_connection,
  action_id: nil,
  keys: %{
    "accountcode" => "",
    "calleridname" => "102",
    "calleridnum" => "102",
    "channel" => "PJSIP/102-0000001d",
    "channelstate" => "6",
    "channelstatedesc" => "Up",
    "connectedlinename" => "101",
    "connectedlinenum" => "101",
    "context" => "org_all",
    "exten" => "101",
    "language" => "en",
    "linkedid" => "1744724515.48",
    "priority" => "2",
    "privilege" => "dialplan,all",
    "uniqueid" => "1744724515.48",
    "value" => "22748a10-4beb-4c46-a5ce-68f50a701a68",
    "variable" => "BRIDGEPVTCALLID"
  },
  variables: %{}
}
[2025-04-15 13:41:58.431775Z] %ElixirAmi.Event{
  event: "varset",
  source: :asterisk_connection,
  action_id: nil,
  keys: %{
    "accountcode" => "",
    "calleridname" => "101",
    "calleridnum" => "101",
    "channel" => "PJSIP/101-0000001e",
    "channelstate" => "6",
    "channelstatedesc" => "Up",
    "connectedlinename" => "102",
    "connectedlinenum" => "102",
    "context" => "org_all",
    "exten" => "",
    "language" => "en",
    "linkedid" => "1744724515.48",
    "priority" => "1",
    "privilege" => "dialplan,all",
    "uniqueid" => "1744724517.49",
    "value" => "PJSIP/102-0000001d",
    "variable" => "BRIDGEPEER"
  },
  variables: %{}
}
[2025-04-15 13:41:58.431934Z] %ElixirAmi.Event{
  event: "varset",
  source: :asterisk_connection,
  action_id: nil,
  keys: %{
    "accountcode" => "",
    "calleridname" => "101",
    "calleridnum" => "101",
    "channel" => "PJSIP/101-0000001e",
    "channelstate" => "6",
    "channelstatedesc" => "Up",
    "connectedlinename" => "102",
    "connectedlinenum" => "102",
    "context" => "org_all",
    "exten" => "",
    "language" => "en",
    "linkedid" => "1744724515.48",
    "priority" => "1",
    "privilege" => "dialplan,all",
    "uniqueid" => "1744724517.49",
    "value" => "c1a81d2c-0370-460b-9899-2600f7796656",
    "variable" => "BRIDGEPVTCALLID"
  },
  variables: %{}
}
[2025-04-15 13:41:58.432217Z] %ElixirAmi.Event{
  event: "varset",
  source: :asterisk_connection,
  action_id: nil,
  keys: %{
    "accountcode" => "",
    "calleridname" => "102",
    "calleridnum" => "102",
    "channel" => "PJSIP/102-0000001d",
    "channelstate" => "6",
    "channelstatedesc" => "Up",
    "connectedlinename" => "101",
    "connectedlinenum" => "101",
    "context" => "org_all",
    "exten" => "101",
    "language" => "en",
    "linkedid" => "1744724515.48",
    "priority" => "2",
    "privilege" => "dialplan,all",
    "uniqueid" => "1744724515.48",
    "value" => "PJSIP/101-0000001e",
    "variable" => "BRIDGEPEER"
  },
  variables: %{}
}
[2025-04-15 13:41:58.432407Z] %ElixirAmi.Event{
  event: "varset",
  source: :asterisk_connection,
  action_id: nil,
  keys: %{
    "accountcode" => "",
    "calleridname" => "102",
    "calleridnum" => "102",
    "channel" => "PJSIP/102-0000001d",
    "channelstate" => "6",
    "channelstatedesc" => "Up",
    "connectedlinename" => "101",
    "connectedlinenum" => "101",
    "context" => "org_all",
    "exten" => "101",
    "language" => "en",
    "linkedid" => "1744724515.48",
    "priority" => "2",
    "privilege" => "dialplan,all",
    "uniqueid" => "1744724515.48",
    "value" => "22748a10-4beb-4c46-a5ce-68f50a701a68",
    "variable" => "BRIDGEPVTCALLID"
  },
  variables: %{}
}
[2025-04-15 13:41:58.432749Z] %ElixirAmi.Event{
  event: "varset",
  source: :asterisk_connection,
  action_id: nil,
  keys: %{
    "accountcode" => "",
    "calleridname" => "101",
    "calleridnum" => "101",
    "channel" => "PJSIP/101-0000001e",
    "channelstate" => "6",
    "channelstatedesc" => "Up",
    "connectedlinename" => "102",
    "connectedlinenum" => "102",
    "context" => "org_all",
    "exten" => "",
    "language" => "en",
    "linkedid" => "1744724515.48",
    "priority" => "1",
    "privilege" => "dialplan,all",
    "uniqueid" => "1744724517.49",
    "value" => "PJSIP/102-0000001d",
    "variable" => "BRIDGEPEER"
  },
  variables: %{}
}
[2025-04-15 13:41:58.432999Z] %ElixirAmi.Event{
  event: "varset",
  source: :asterisk_connection,
  action_id: nil,
  keys: %{
    "accountcode" => "",
    "calleridname" => "101",
    "calleridnum" => "101",
    "channel" => "PJSIP/101-0000001e",
    "channelstate" => "6",
    "channelstatedesc" => "Up",
    "connectedlinename" => "102",
    "connectedlinenum" => "102",
    "context" => "org_all",
    "exten" => "",
    "language" => "en",
    "linkedid" => "1744724515.48",
    "priority" => "1",
    "privilege" => "dialplan,all",
    "uniqueid" => "1744724517.49",
    "value" => "c1a81d2c-0370-460b-9899-2600f7796656",
    "variable" => "BRIDGEPVTCALLID"
  },
  variables: %{}
}
[2025-04-15 13:41:58.433188Z] %ElixirAmi.Event{
  event: "varset",
  source: :asterisk_connection,
  action_id: nil,
  keys: %{
    "accountcode" => "",
    "calleridname" => "102",
    "calleridnum" => "102",
    "channel" => "PJSIP/102-0000001d",
    "channelstate" => "6",
    "channelstatedesc" => "Up",
    "connectedlinename" => "101",
    "connectedlinenum" => "101",
    "context" => "org_all",
    "exten" => "101",
    "language" => "en",
    "linkedid" => "1744724515.48",
    "priority" => "2",
    "privilege" => "dialplan,all",
    "uniqueid" => "1744724515.48",
    "value" => "PJSIP/101-0000001e",
    "variable" => "BRIDGEPEER"
  },
  variables: %{}
}
[2025-04-15 13:41:58.433390Z] %ElixirAmi.Event{
  event: "varset",
  source: :asterisk_connection,
  action_id: nil,
  keys: %{
    "accountcode" => "",
    "calleridname" => "102",
    "calleridnum" => "102",
    "channel" => "PJSIP/102-0000001d",
    "channelstate" => "6",
    "channelstatedesc" => "Up",
    "connectedlinename" => "101",
    "connectedlinenum" => "101",
    "context" => "org_all",
    "exten" => "101",
    "language" => "en",
    "linkedid" => "1744724515.48",
    "priority" => "2",
    "privilege" => "dialplan,all",
    "uniqueid" => "1744724515.48",
    "value" => "22748a10-4beb-4c46-a5ce-68f50a701a68",
    "variable" => "BRIDGEPVTCALLID"
  },
  variables: %{}
}
[2025-04-15 13:41:58.433611Z] %ElixirAmi.Event{
  event: "varset",
  source: :asterisk_connection,
  action_id: nil,
  keys: %{
    "accountcode" => "",
    "calleridname" => "101",
    "calleridnum" => "101",
    "channel" => "PJSIP/101-0000001e",
    "channelstate" => "6",
    "channelstatedesc" => "Up",
    "connectedlinename" => "102",
    "connectedlinenum" => "102",
    "context" => "org_all",
    "exten" => "",
    "language" => "en",
    "linkedid" => "1744724515.48",
    "priority" => "1",
    "privilege" => "dialplan,all",
    "uniqueid" => "1744724517.49",
    "value" => "PJSIP/102-0000001d",
    "variable" => "BRIDGEPEER"
  },
  variables: %{}
}
[2025-04-15 13:41:58.433769Z] %ElixirAmi.Event{
  event: "varset",
  source: :asterisk_connection,
  action_id: nil,
  keys: %{
    "accountcode" => "",
    "calleridname" => "101",
    "calleridnum" => "101",
    "channel" => "PJSIP/101-0000001e",
    "channelstate" => "6",
    "channelstatedesc" => "Up",
    "connectedlinename" => "102",
    "connectedlinenum" => "102",
    "context" => "org_all",
    "exten" => "",
    "language" => "en",
    "linkedid" => "1744724515.48",
    "priority" => "1",
    "privilege" => "dialplan,all",
    "uniqueid" => "1744724517.49",
    "value" => "c1a81d2c-0370-460b-9899-2600f7796656",
    "variable" => "BRIDGEPVTCALLID"
  },
  variables: %{}
}
[2025-04-15 13:41:58.434006Z] %ElixirAmi.Event{
  event: "varset",
  source: :asterisk_connection,
  action_id: nil,
  keys: %{
    "accountcode" => "",
    "calleridname" => "102",
    "calleridnum" => "102",
    "channel" => "PJSIP/102-0000001d",
    "channelstate" => "6",
    "channelstatedesc" => "Up",
    "connectedlinename" => "101",
    "connectedlinenum" => "101",
    "context" => "org_all",
    "exten" => "101",
    "language" => "en",
    "linkedid" => "1744724515.48",
    "priority" => "2",
    "privilege" => "dialplan,all",
    "uniqueid" => "1744724515.48",
    "value" => "/home/rawmn/AsteriskConnector/priv/recordings/102_101_2025-04-151744724515.48.wav",
    "variable" => "MIXMONITOR_FILENAME"
  },
  variables: %{}
}
[2025-04-15 13:41:58.434192Z] %ElixirAmi.Event{
  event: "mixmonitorstart",
  source: :asterisk_connection,
  action_id: nil,
  keys: %{
    "accountcode" => "",
    "calleridname" => "102",
    "calleridnum" => "102",
    "channel" => "PJSIP/102-0000001d",
    "channelstate" => "6",
    "channelstatedesc" => "Up",
    "connectedlinename" => "101",
    "connectedlinenum" => "101",
    "context" => "org_all",
    "exten" => "101",
    "language" => "en",
    "linkedid" => "1744724515.48",
    "priority" => "2",
    "privilege" => "call,all",
    "uniqueid" => "1744724515.48"
  },
  variables: %{}
}
[2025-04-15 13:41:58.434362Z] %ElixirAmi.Event{
  event: "varset",
  source: :asterisk_connection,
  action_id: nil,
  keys: %{
    "accountcode" => "",
    "calleridname" => "102",
    "calleridnum" => "102",
    "channel" => "PJSIP/102-0000001d",
    "channelstate" => "6",
    "channelstatedesc" => "Up",
    "connectedlinename" => "101",
    "connectedlinenum" => "101",
    "context" => "org_all",
    "exten" => "101",
    "language" => "en",
    "linkedid" => "1744724515.48",
    "priority" => "2",
    "privilege" => "dialplan,all",
    "uniqueid" => "1744724515.48",
    "value" => "PJSIP/101-0000001e",
    "variable" => "BRIDGEPEER"
  },
  variables: %{}
}
[2025-04-15 13:41:58.434556Z] %ElixirAmi.Event{
  event: "varset",
  source: :asterisk_connection,
  action_id: nil,
  keys: %{
    "accountcode" => "",
    "calleridname" => "102",
    "calleridnum" => "102",
    "channel" => "PJSIP/102-0000001d",
    "channelstate" => "6",
    "channelstatedesc" => "Up",
    "connectedlinename" => "101",
    "connectedlinenum" => "101",
    "context" => "org_all",
    "exten" => "101",
    "language" => "en",
    "linkedid" => "1744724515.48",
    "priority" => "2",
    "privilege" => "dialplan,all",
    "uniqueid" => "1744724515.48",
    "value" => "22748a10-4beb-4c46-a5ce-68f50a701a68",
    "variable" => "BRIDGEPVTCALLID"
  },
  variables: %{}
}
[2025-04-15 13:41:58.434784Z] %ElixirAmi.Event{
  event: "varset",
  source: :asterisk_connection,
  action_id: nil,
  keys: %{
    "accountcode" => "",
    "calleridname" => "101",
    "calleridnum" => "101",
    "channel" => "PJSIP/101-0000001e",
    "channelstate" => "6",
    "channelstatedesc" => "Up",
    "connectedlinename" => "102",
    "connectedlinenum" => "102",
    "context" => "org_all",
    "exten" => "",
    "language" => "en",
    "linkedid" => "1744724515.48",
    "priority" => "1",
    "privilege" => "dialplan,all",
    "uniqueid" => "1744724517.49",
    "value" => "PJSIP/102-0000001d",
    "variable" => "BRIDGEPEER"
  },
  variables: %{}
}
[2025-04-15 13:41:58.435029Z] %ElixirAmi.Event{
  event: "varset",
  source: :asterisk_connection,
  action_id: nil,
  keys: %{
    "accountcode" => "",
    "calleridname" => "101",
    "calleridnum" => "101",
    "channel" => "PJSIP/101-0000001e",
    "channelstate" => "6",
    "channelstatedesc" => "Up",
    "connectedlinename" => "102",
    "connectedlinenum" => "102",
    "context" => "org_all",
    "exten" => "",
    "language" => "en",
    "linkedid" => "1744724515.48",
    "priority" => "1",
    "privilege" => "dialplan,all",
    "uniqueid" => "1744724517.49",
    "value" => "c1a81d2c-0370-460b-9899-2600f7796656",
    "variable" => "BRIDGEPVTCALLID"
  },
  variables: %{}
}
[2025-04-15 13:41:58.435318Z] %ElixirAmi.Event{
  event: "varset",
  source: :asterisk_connection,
  action_id: nil,
  keys: %{
    "accountcode" => "",
    "calleridname" => "102",
    "calleridnum" => "102",
    "channel" => "PJSIP/102-0000001d",
    "channelstate" => "6",
    "channelstatedesc" => "Up",
    "connectedlinename" => "101",
    "connectedlinenum" => "101",
    "context" => "org_all",
    "exten" => "101",
    "language" => "en",
    "linkedid" => "1744724515.48",
    "priority" => "2",
    "privilege" => "dialplan,all",
    "uniqueid" => "1744724515.48",
    "value" => "PJSIP/101-0000001e",
    "variable" => "BRIDGEPEER"
  },
  variables: %{}
}
[2025-04-15 13:41:58.435496Z] %ElixirAmi.Event{
  event: "varset",
  source: :asterisk_connection,
  action_id: nil,
  keys: %{
    "accountcode" => "",
    "calleridname" => "102",
    "calleridnum" => "102",
    "channel" => "PJSIP/102-0000001d",
    "channelstate" => "6",
    "channelstatedesc" => "Up",
    "connectedlinename" => "101",
    "connectedlinenum" => "101",
    "context" => "org_all",
    "exten" => "101",
    "language" => "en",
    "linkedid" => "1744724515.48",
    "priority" => "2",
    "privilege" => "dialplan,all",
    "uniqueid" => "1744724515.48",
    "value" => "22748a10-4beb-4c46-a5ce-68f50a701a68",
    "variable" => "BRIDGEPVTCALLID"
  },
  variables: %{}
}
[2025-04-15 13:41:58.435891Z] %ElixirAmi.Event{
  event: "varset",
  source: :asterisk_connection,
  action_id: nil,
  keys: %{
    "accountcode" => "",
    "calleridname" => "101",
    "calleridnum" => "101",
    "channel" => "PJSIP/101-0000001e",
    "channelstate" => "6",
    "channelstatedesc" => "Up",
    "connectedlinename" => "102",
    "connectedlinenum" => "102",
    "context" => "org_all",
    "exten" => "",
    "language" => "en",
    "linkedid" => "1744724515.48",
    "priority" => "1",
    "privilege" => "dialplan,all",
    "uniqueid" => "1744724517.49",
    "value" => "PJSIP/102-0000001d",
    "variable" => "BRIDGEPEER"
  },
  variables: %{}
}
[2025-04-15 13:41:58.436224Z] %ElixirAmi.Event{
  event: "varset",
  source: :asterisk_connection,
  action_id: nil,
  keys: %{
    "accountcode" => "",
    "calleridname" => "101",
    "calleridnum" => "101",
    "channel" => "PJSIP/101-0000001e",
    "channelstate" => "6",
    "channelstatedesc" => "Up",
    "connectedlinename" => "102",
    "connectedlinenum" => "102",
    "context" => "org_all",
    "exten" => "",
    "language" => "en",
    "linkedid" => "1744724515.48",
    "priority" => "1",
    "privilege" => "dialplan,all",
    "uniqueid" => "1744724517.49",
    "value" => "c1a81d2c-0370-460b-9899-2600f7796656",
    "variable" => "BRIDGEPVTCALLID"
  },
  variables: %{}
}
[2025-04-15 13:41:58.436542Z] %ElixirAmi.Event{
  event: "varset",
  source: :asterisk_connection,
  action_id: nil,
  keys: %{
    "accountcode" => "",
    "calleridname" => "102",
    "calleridnum" => "102",
    "channel" => "PJSIP/102-0000001d",
    "channelstate" => "6",
    "channelstatedesc" => "Up",
    "connectedlinename" => "101",
    "connectedlinenum" => "101",
    "context" => "org_all",
    "exten" => "101",
    "language" => "en",
    "linkedid" => "1744724515.48",
    "priority" => "2",
    "privilege" => "dialplan,all",
    "uniqueid" => "1744724515.48",
    "value" => "PJSIP/101-0000001e",
    "variable" => "BRIDGEPEER"
  },
  variables: %{}
}
[2025-04-15 13:41:58.436846Z] %ElixirAmi.Event{
  event: "varset",
  source: :asterisk_connection,
  action_id: nil,
  keys: %{
    "accountcode" => "",
    "calleridname" => "102",
    "calleridnum" => "102",
    "channel" => "PJSIP/102-0000001d",
    "channelstate" => "6",
    "channelstatedesc" => "Up",
    "connectedlinename" => "101",
    "connectedlinenum" => "101",
    "context" => "org_all",
    "exten" => "101",
    "language" => "en",
    "linkedid" => "1744724515.48",
    "priority" => "2",
    "privilege" => "dialplan,all",
    "uniqueid" => "1744724515.48",
    "value" => "22748a10-4beb-4c46-a5ce-68f50a701a68",
    "variable" => "BRIDGEPVTCALLID"
  },
  variables: %{}
}
[2025-04-15 13:41:58.437097Z] %ElixirAmi.Event{
  event: "varset",
  source: :asterisk_connection,
  action_id: nil,
  keys: %{
    "accountcode" => "",
    "calleridname" => "101",
    "calleridnum" => "101",
    "channel" => "PJSIP/101-0000001e",
    "channelstate" => "6",
    "channelstatedesc" => "Up",
    "connectedlinename" => "102",
    "connectedlinenum" => "102",
    "context" => "org_all",
    "exten" => "",
    "language" => "en",
    "linkedid" => "1744724515.48",
    "priority" => "1",
    "privilege" => "dialplan,all",
    "uniqueid" => "1744724517.49",
    "value" => "PJSIP/102-0000001d",
    "variable" => "BRIDGEPEER"
  },
  variables: %{}
}
[2025-04-15 13:41:58.437338Z] %ElixirAmi.Event{
  event: "varset",
  source: :asterisk_connection,
  action_id: nil,
  keys: %{
    "accountcode" => "",
    "calleridname" => "101",
    "calleridnum" => "101",
    "channel" => "PJSIP/101-0000001e",
    "channelstate" => "6",
    "channelstatedesc" => "Up",
    "connectedlinename" => "102",
    "connectedlinenum" => "102",
    "context" => "org_all",
    "exten" => "",
    "language" => "en",
    "linkedid" => "1744724515.48",
    "priority" => "1",
    "privilege" => "dialplan,all",
    "uniqueid" => "1744724517.49",
    "value" => "c1a81d2c-0370-460b-9899-2600f7796656",
    "variable" => "BRIDGEPVTCALLID"
  },
  variables: %{}
}
[2025-04-15 13:41:58.625661Z] %ElixirAmi.Event{
  event: "rtcpreceived",
  source: :asterisk_connection,
  action_id: nil,
  keys: %{
    "pt" => "200(SR)",
    "report0highestsequence" => "28684",
    "mes" => "85.4",
    "privilege" => "reporting,all",
    "channelstatedesc" => "Up",
    "uniqueid" => "1744724517.49",
    "sentntp" => "1744749718.197969",
    "report0fractionlost" => "0",
    "sentpackets" => "10",
    "report0lsr" => "0",
    "linkedid" => "1744724515.48",
    "ssrc" => "0xeba94316",
    "exten" => "",
    "channel" => "PJSIP/101-0000001e",
    "report0iajitter" => "0",
    "sentrtp" => "1576",
    "context" => "org_all",
    "connectedlinename" => "102",
    "priority" => "1",
    "rtt" => "0.0000",
    "to" => "192.168.0.16:11981",
    "reportcount" => "1",
    "language" => "en",
    "sentoctets" => "1600",
    "calleridname" => "101",
    "from" => "192.168.0.16:4019",
    "report0cumulativelost" => "0",
    "report0sequencenumbercycles" => "0",
    "calleridnum" => "101",
    "channelstate" => "6",
    "accountcode" => "",
    "report0dlsr" => "0.0000",
    "report0sourcessrc" => "0x30ee0a59",
    "connectedlinenum" => "102"
  },
  variables: %{}
}
[2025-04-15 13:42:02.309352Z] %ElixirAmi.Event{
  event: "rtcpsent",
  source: :asterisk_connection,
  action_id: nil,
  keys: %{
    "pt" => "200(SR)",
    "report0highestsequence" => "22276",
    "mes" => "85.4",
    "privilege" => "reporting,all",
    "channelstatedesc" => "Up",
    "uniqueid" => "1744724515.48",
    "sentntp" => "1744724522.308824",
    "report0fractionlost" => "0",
    "sentpackets" => "250",
    "report0lsr" => "1125463286",
    "linkedid" => "1744724515.48",
    "ssrc" => "0x63de3716",
    "exten" => "101",
    "channel" => "PJSIP/102-0000001d",
    "report0iajitter" => "7",
    "sentrtp" => "31040",
    "context" => "org_all",
    "connectedlinename" => "101",
    "priority" => "2",
    "to" => "192.168.0.16:4041",
    "reportcount" => "1",
    "language" => "en",
    "sentoctets" => "40000",
    "calleridname" => "102",
    "from" => "192.168.0.16:15513",
    "report0cumulativelost" => "0",
    "report0sequencenumbercycles" => "0",
    "calleridnum" => "102",
    "channelstate" => "6",
    "accountcode" => "",
    "report0dlsr" => "4.8030",
    "report0sourcessrc" => "0x2c3c4d3d",
    "connectedlinenum" => "101"
  },
  variables: %{}
}
[2025-04-15 13:42:02.606844Z] %ElixirAmi.Event{
  event: "rtcpreceived",
  source: :asterisk_connection,
  action_id: nil,
  keys: %{
    "pt" => "200(SR)",
    "report0highestsequence" => "16391",
    "mes" => "85.4",
    "privilege" => "reporting,all",
    "channelstatedesc" => "Up",
    "uniqueid" => "1744724515.48",
    "sentntp" => "1744749722.307996",
    "report0fractionlost" => "0",
    "sentpackets" => "265",
    "report0lsr" => "3769257743",
    "linkedid" => "1744724515.48",
    "ssrc" => "0xeba9431a",
    "exten" => "101",
    "channel" => "PJSIP/102-0000001d",
    "report0iajitter" => "5",
    "sentrtp" => "42456",
    "context" => "org_all",
    "connectedlinename" => "101",
    "priority" => "2",
    "rtt" => "0.0001",
    "to" => "192.168.0.16:15513",
    "reportcount" => "1",
    "language" => "en",
    "sentoctets" => "42400",
    "calleridname" => "102",
    "from" => "192.168.0.16:4041",
    "report0cumulativelost" => "0",
    "report0sequencenumbercycles" => "0",
    "calleridnum" => "102",
    "channelstate" => "6",
    "accountcode" => "",
    "report0dlsr" => "0.2973",
    "report0sourcessrc" => "0x63de3716",
    "connectedlinenum" => "101"
  },
  variables: %{}
}
[2025-04-15 13:42:03.435380Z] %ElixirAmi.Event{
  event: "rtcpsent",
  source: :asterisk_connection,
  action_id: nil,
  keys: %{
    "pt" => "200(SR)",
    "report0highestsequence" => "30040",
    "mes" => "85.4",
    "privilege" => "reporting,all",
    "channelstatedesc" => "Up",
    "uniqueid" => "1744724517.49",
    "sentntp" => "1744724523.434902",
    "report0fractionlost" => "0",
    "sentpackets" => "250",
    "report0lsr" => "1125528238",
    "linkedid" => "1744724515.48",
    "ssrc" => "0x30ee0a59",
    "exten" => "",
    "channel" => "PJSIP/101-0000001e",
    "report0iajitter" => "6",
    "sentrtp" => "49120",
    "context" => "org_all",
    "connectedlinename" => "102",
    "priority" => "1",
    "to" => "192.168.0.16:4019",
    "reportcount" => "1",
    "language" => "en",
    "sentoctets" => "40000",
    "calleridname" => "101",
    "from" => "192.168.0.16:11981",
    "report0cumulativelost" => "0",
    "report0sequencenumbercycles" => "0",
    "calleridnum" => "101",
    "channelstate" => "6",
    "accountcode" => "",
    "report0dlsr" => "4.8090",
    "report0sourcessrc" => "0x1fec5930",
    "connectedlinenum" => "102"
  },
  variables: %{}
}
[2025-04-15 13:42:03.596450Z] %ElixirAmi.Event{
  event: "rtcpreceived",
  source: :asterisk_connection,
  action_id: nil,
  keys: %{
    "pt" => "200(SR)",
    "report0highestsequence" => "28932",
    "mes" => "85.4",
    "privilege" => "reporting,all",
    "channelstatedesc" => "Up",
    "uniqueid" => "1744724517.49",
    "sentntp" => "1744749723.168636",
    "report0fractionlost" => "0",
    "sentpackets" => "258",
    "report0lsr" => "3769331541",
    "linkedid" => "1744724515.48",
    "ssrc" => "0xeba9431b",
    "exten" => "",
    "channel" => "PJSIP/101-0000001e",
    "report0iajitter" => "6",
    "sentrtp" => "41344",
    "context" => "org_all",
    "connectedlinename" => "102",
    "priority" => "1",
    "rtt" => "0.0001",
    "to" => "192.168.0.16:11981",
    "reportcount" => "1",
    "language" => "en",
    "sentoctets" => "41280",
    "calleridname" => "101",
    "from" => "192.168.0.16:4019",
    "report0cumulativelost" => "0",
    "report0sequencenumbercycles" => "0",
    "calleridnum" => "101",
    "channelstate" => "6",
    "accountcode" => "",
    "report0dlsr" => "0.1609",
    "report0sourcessrc" => "0x30ee0a59",
    "connectedlinenum" => "102"
  },
  variables: %{}
}
[2025-04-15 13:42:07.308479Z] %ElixirAmi.Event{
  event: "rtcpsent",
  source: :asterisk_connection,
  action_id: nil,
  keys: %{
    "pt" => "200(SR)",
    "report0highestsequence" => "22526",
    "mes" => "85.4",
    "privilege" => "reporting,all",
    "channelstatedesc" => "Up",
    "uniqueid" => "1744724515.48",
    "sentntp" => "1744724527.307980",
    "report0fractionlost" => "0",
    "sentpackets" => "500",
    "report0lsr" => "1125797592",
    "linkedid" => "1744724515.48",
    "ssrc" => "0x63de3716",
    "exten" => "101",
    "channel" => "PJSIP/102-0000001d",
    "report0iajitter" => "6",
    "sentrtp" => "71040",
    "context" => "org_all",
    "connectedlinename" => "101",
    "priority" => "2",
    "to" => "192.168.0.16:4041",
    "reportcount" => "1",
    "language" => "en",
    "sentoctets" => "80000",
    "calleridname" => "102",
    "from" => "192.168.0.16:15513",
    "report0cumulativelost" => "0",
    "report0sequencenumbercycles" => "0",
    "calleridnum" => "102",
    "channelstate" => "6",
    "accountcode" => "",
    "report0dlsr" => "4.7010",
    "report0sourcessrc" => "0x2c3c4d3d",
    "connectedlinenum" => "101"
  },
  variables: %{}
}
[2025-04-15 13:42:07.909205Z] %ElixirAmi.Event{
  event: "rtcpreceived",
  source: :asterisk_connection,
  action_id: nil,
  keys: %{
    "pt" => "200(SR)",
    "report0highestsequence" => "16656",
    "mes" => "85.4",
    "privilege" => "reporting,all",
    "channelstatedesc" => "Up",
    "uniqueid" => "1744724515.48",
    "sentntp" => "1744749727.610386",
    "report0fractionlost" => "0",
    "sentpackets" => "530",
    "report0lsr" => "3769585367",
    "linkedid" => "1744724515.48",
    "ssrc" => "0xeba9431f",
    "exten" => "101",
    "channel" => "PJSIP/102-0000001d",
    "report0iajitter" => "6",
    "sentrtp" => "84880",
    "context" => "org_all",
    "connectedlinename" => "101",
    "priority" => "2",
    "rtt" => "0.0001",
    "to" => "192.168.0.16:15513",
    "reportcount" => "1",
    "language" => "en",
    "sentoctets" => "84800",
    "calleridname" => "102",
    "from" => "192.168.0.16:4041",
    "report0cumulativelost" => "0",
    "report0sequencenumbercycles" => "0",
    "calleridnum" => "102",
    "channelstate" => "6",
    "accountcode" => "",
    "report0dlsr" => "0.6006",
    "report0sourcessrc" => "0x63de3716",
    "connectedlinenum" => "101"
  },
  variables: %{}
}
[2025-04-15 13:42:08.435545Z] %ElixirAmi.Event{
  event: "rtcpsent",
  source: :asterisk_connection,
  action_id: nil,
  keys: %{
    "pt" => "200(SR)",
    "report0highestsequence" => "30290",
    "mes" => "85.4",
    "privilege" => "reporting,all",
    "channelstatedesc" => "Up",
    "uniqueid" => "1744724517.49",
    "sentntp" => "1744724528.435063",
    "report0fractionlost" => "0",
    "sentpackets" => "500",
    "report0lsr" => "1125853995",
    "linkedid" => "1744724515.48",
    "ssrc" => "0x30ee0a59",
    "exten" => "",
    "channel" => "PJSIP/101-0000001e",
    "report0iajitter" => "5",
    "sentrtp" => "89120",
    "context" => "org_all",
    "connectedlinename" => "102",
    "priority" => "1",
    "to" => "192.168.0.16:4019",
    "reportcount" => "1",
    "language" => "en",
    "sentoctets" => "80000",
    "calleridname" => "101",
    "from" => "192.168.0.16:11981",
    "report0cumulativelost" => "0",
    "report0sequencenumbercycles" => "0",
    "calleridnum" => "101",
    "channelstate" => "6",
    "accountcode" => "",
    "report0dlsr" => "4.8390",
    "report0sourcessrc" => "0x1fec5930",
    "connectedlinenum" => "102"
  },
  variables: %{}
}
[2025-04-15 13:42:08.757023Z] %ElixirAmi.Event{
  event: "rtcpreceived",
  source: :asterisk_connection,
  action_id: nil,
  keys: %{
    "pt" => "200(SR)",
    "report0highestsequence" => "29190",
    "mes" => "85.4",
    "privilege" => "reporting,all",
    "channelstatedesc" => "Up",
    "uniqueid" => "1744724517.49",
    "sentntp" => "1744749728.329251",
    "report0fractionlost" => "0",
    "sentpackets" => "516",
    "report0lsr" => "3769659232",
    "linkedid" => "1744724515.48",
    "ssrc" => "0xeba94320",
    "exten" => "",
    "channel" => "PJSIP/101-0000001e",
    "report0iajitter" => "6",
    "sentrtp" => "82632",
    "context" => "org_all",
    "connectedlinename" => "102",
    "priority" => "1",
    "rtt" => "0.0001",
    "to" => "192.168.0.16:11981",
    "reportcount" => "1",
    "language" => "en",
    "sentoctets" => "82560",
    "calleridname" => "101",
    "from" => "192.168.0.16:4019",
    "report0cumulativelost" => "0",
    "report0sequencenumbercycles" => "0",
    "calleridnum" => "101",
    "channelstate" => "6",
    "accountcode" => "",
    "report0dlsr" => "0.3214",
    "report0sourcessrc" => "0x30ee0a59",
    "connectedlinenum" => "102"
  },
  variables: %{}
}
[2025-04-15 13:42:12.308700Z] %ElixirAmi.Event{
  event: "rtcpsent",
  source: :asterisk_connection,
  action_id: nil,
  keys: %{
    "pt" => "200(SR)",
    "report0highestsequence" => "22776",
    "mes" => "85.4",
    "privilege" => "reporting,all",
    "channelstatedesc" => "Up",
    "uniqueid" => "1744724515.48",
    "sentntp" => "1744724532.308142",
    "report0fractionlost" => "0",
    "sentpackets" => "750",
    "report0lsr" => "1126145090",
    "linkedid" => "1744724515.48",
    "ssrc" => "0x63de3716",
    "exten" => "101",
    "channel" => "PJSIP/102-0000001d",
    "report0iajitter" => "6",
    "sentrtp" => "111040",
    "context" => "org_all",
    "connectedlinename" => "101",
    "priority" => "2",
    "to" => "192.168.0.16:4041",
    "reportcount" => "1",
    "language" => "en",
    "sentoctets" => "120000",
    "calleridname" => "102",
    "from" => "192.168.0.16:15513",
    "report0cumulativelost" => "0",
    "report0sequencenumbercycles" => "0",
    "calleridnum" => "102",
    "channelstate" => "6",
    "accountcode" => "",
    "report0dlsr" => "4.3990",
    "report0sourcessrc" => "0x2c3c4d3d",
    "connectedlinenum" => "101"
  },
  variables: %{}
}
[2025-04-15 13:42:13.207483Z] %ElixirAmi.Event{
  event: "rtcpreceived",
  source: :asterisk_connection,
  action_id: nil,
  keys: %{
    "pt" => "200(SR)",
    "report0highestsequence" => "16921",
    "mes" => "85.4",
    "privilege" => "reporting,all",
    "channelstatedesc" => "Up",
    "uniqueid" => "1744724515.48",
    "sentntp" => "1744749732.908618",
    "report0fractionlost" => "0",
    "sentpackets" => "795",
    "report0lsr" => "3769913058",
    "linkedid" => "1744724515.48",
    "ssrc" => "0xeba94324",
    "exten" => "101",
    "channel" => "PJSIP/102-0000001d",
    "report0iajitter" => "5",
    "sentrtp" => "127264",
    "context" => "org_all",
    "connectedlinename" => "101",
    "priority" => "2",
    "rtt" => "0.0001",
    "to" => "192.168.0.16:15513",
    "reportcount" => "1",
    "language" => "en",
    "sentoctets" => "127200",
    "calleridname" => "102",
    "from" => "192.168.0.16:4041",
    "report0cumulativelost" => "0",
    "report0sequencenumbercycles" => "0",
    "calleridnum" => "102",
    "channelstate" => "6",
    "accountcode" => "",
    "report0dlsr" => "0.8987",
    "report0sourcessrc" => "0x63de3716",
    "connectedlinenum" => "101"
  },
  variables: %{}
}
[2025-04-15 13:42:13.435697Z] %ElixirAmi.Event{
  event: "rtcpsent",
  source: :asterisk_connection,
  action_id: nil,
  keys: %{
    "pt" => "200(SR)",
    "report0highestsequence" => "30540",
    "mes" => "85.4",
    "privilege" => "reporting,all",
    "channelstatedesc" => "Up",
    "uniqueid" => "1744724517.49",
    "sentntp" => "1744724533.435218",
    "report0fractionlost" => "0",
    "sentpackets" => "750",
    "report0lsr" => "1126192201",
    "linkedid" => "1744724515.48",
    "ssrc" => "0x30ee0a59",
    "exten" => "",
    "channel" => "PJSIP/101-0000001e",
    "report0iajitter" => "5",
    "sentrtp" => "129120",
    "context" => "org_all",
    "connectedlinename" => "102",
    "priority" => "1",
    "to" => "192.168.0.16:4019",
    "reportcount" => "1",
    "language" => "en",
    "sentoctets" => "120000",
    "calleridname" => "101",
    "from" => "192.168.0.16:11981",
    "report0cumulativelost" => "0",
    "report0sequencenumbercycles" => "0",
    "calleridnum" => "101",
    "channelstate" => "6",
    "accountcode" => "",
    "report0dlsr" => "4.6780",
    "report0sourcessrc" => "0x1fec5930",
    "connectedlinenum" => "102"
  },
  variables: %{}
}
[2025-04-15 13:42:13.918336Z] %ElixirAmi.Event{
  event: "rtcpreceived",
  source: :asterisk_connection,
  action_id: nil,
  keys: %{
    "pt" => "200(SR)",
    "report0highestsequence" => "29448",
    "mes" => "85.4",
    "privilege" => "reporting,all",
    "channelstatedesc" => "Up",
    "uniqueid" => "1744724517.49",
    "sentntp" => "1744749733.490441",
    "report0fractionlost" => "0",
    "sentpackets" => "774",
    "report0lsr" => "3769986922",
    "linkedid" => "1744724515.48",
    "ssrc" => "0xeba94325",
    "exten" => "",
    "channel" => "PJSIP/101-0000001e",
    "report0iajitter" => "6",
    "sentrtp" => "123920",
    "context" => "org_all",
    "connectedlinename" => "102",
    "priority" => "1",
    "rtt" => "0.0001",
    "to" => "192.168.0.16:11981",
    "reportcount" => "1",
    "language" => "en",
    "sentoctets" => "123840",
    "calleridname" => "101",
    "from" => "192.168.0.16:4019",
    "report0cumulativelost" => "0",
    "report0sequencenumbercycles" => "0",
    "calleridnum" => "101",
    "channelstate" => "6",
    "accountcode" => "",
    "report0dlsr" => "0.4825",
    "report0sourcessrc" => "0x30ee0a59",
    "connectedlinenum" => "102"
  },
  variables: %{}
}
[2025-04-15 13:42:16.588170Z] %ElixirAmi.Event{
  event: "rtcpreceived",
  source: :asterisk_connection,
  action_id: nil,
  keys: %{
    "pt" => "200(SR)",
    "report0highestsequence" => "29581",
    "mes" => "85.4",
    "privilege" => "reporting,all",
    "channelstatedesc" => "Up",
    "uniqueid" => "1744724517.49",
    "sentntp" => "1744749736.160266",
    "report0fractionlost" => "0",
    "sentpackets" => "908",
    "report0lsr" => "3769986922",
    "linkedid" => "1744724515.48",
    "ssrc" => "0xeba94328",
    "exten" => "",
    "channel" => "PJSIP/101-0000001e",
    "report0iajitter" => "6",
    "sentrtp" => "145280",
    "context" => "org_all",
    "connectedlinename" => "102",
    "priority" => "1",
    "rtt" => "0.0001",
    "to" => "192.168.0.16:11981",
    "reportcount" => "1",
    "language" => "en",
    "sentoctets" => "145280",
    "calleridname" => "101",
    "from" => "192.168.0.16:4019",
    "report0cumulativelost" => "0",
    "report0sequencenumbercycles" => "0",
    "calleridnum" => "101",
    "channelstate" => "6",
    "accountcode" => "",
    "report0dlsr" => "3.1523",
    "report0sourcessrc" => "0x30ee0a59",
    "connectedlinenum" => "102"
  },
  variables: %{}
}
[2025-04-15 13:42:16.588816Z] %ElixirAmi.Event{
  event: "rtcpreceived",
  source: :asterisk_connection,
  action_id: nil,
  keys: %{
    "accountcode" => "",
    "calleridname" => "101",
    "calleridnum" => "101",
    "channel" => "PJSIP/101-0000001e",
    "channelstate" => "6",
    "channelstatedesc" => "Up",
    "connectedlinename" => "102",
    "connectedlinenum" => "102",
    "context" => "org_all",
    "exten" => "",
    "from" => "192.168.0.16:4019",
    "language" => "en",
    "linkedid" => "1744724515.48",
    "mes" => "85.4",
    "priority" => "1",
    "privilege" => "reporting,all",
    "pt" => "201(RR)",
    "report0cumulativelost" => "0",
    "report0dlsr" => "3.1523",
    "report0fractionlost" => "0",
    "report0highestsequence" => "29581",
    "report0iajitter" => "6",
    "report0lsr" => "3769986922",
    "report0sequencenumbercycles" => "0",
    "report0sourcessrc" => "0x30ee0a59",
    "reportcount" => "1",
    "rtt" => "0.0001",
    "ssrc" => "0x30ee0a59",
    "to" => "192.168.0.16:11981",
    "uniqueid" => "1744724517.49"
  },
  variables: %{}
}
[2025-04-15 13:42:16.589050Z] %ElixirAmi.Event{
  event: "varset",
  source: :asterisk_connection,
  action_id: nil,
  keys: %{
    "accountcode" => "",
    "calleridname" => "101",
    "calleridnum" => "101",
    "channel" => "PJSIP/101-0000001e",
    "channelstate" => "6",
    "channelstatedesc" => "Up",
    "connectedlinename" => "102",
    "connectedlinenum" => "102",
    "context" => "org_all",
    "exten" => "",
    "language" => "en",
    "linkedid" => "1744724515.48",
    "priority" => "1",
    "privilege" => "dialplan,all",
    "uniqueid" => "1744724517.49",
    "value" => "ssrc=820906585;themssrc=535583024;lp=0;rxjitter=0.000750;rxcount=908;txjitter=0.000625;txcount=907;rlp=0;rtt=0.000122;rxmes=85.365458;txmes=85.365766",
    "variable" => "RTPAUDIOQOS"
  },
  variables: %{}
}
[2025-04-15 13:42:16.589379Z] %ElixirAmi.Event{
  event: "varset",
  source: :asterisk_connection,
  action_id: nil,
  keys: %{
    "accountcode" => "",
    "calleridname" => "102",
    "calleridnum" => "102",
    "channel" => "PJSIP/102-0000001d",
    "channelstate" => "6",
    "channelstatedesc" => "Up",
    "connectedlinename" => "101",
    "connectedlinenum" => "101",
    "context" => "org_all",
    "exten" => "101",
    "language" => "en",
    "linkedid" => "1744724515.48",
    "priority" => "2",
    "privilege" => "dialplan,all",
    "uniqueid" => "1744724515.48",
    "value" => "ssrc=820906585;themssrc=535583024;lp=0;rxjitter=0.000750;rxcount=908;txjitter=0.000625;txcount=907;rlp=0;rtt=0.000122;rxmes=85.365458;txmes=85.365766",
    "variable" => "RTPAUDIOQOSBRIDGED"
  },
  variables: %{}
}
[2025-04-15 13:42:16.589666Z] %ElixirAmi.Event{
  event: "varset",
  source: :asterisk_connection,
  action_id: nil,
  keys: %{
    "accountcode" => "",
    "calleridname" => "101",
    "calleridnum" => "101",
    "channel" => "PJSIP/101-0000001e",
    "channelstate" => "6",
    "channelstatedesc" => "Up",
    "connectedlinename" => "102",
    "connectedlinenum" => "102",
    "context" => "org_all",
    "exten" => "",
    "language" => "en",
    "linkedid" => "1744724515.48",
    "priority" => "1",
    "privilege" => "dialplan,all",
    "uniqueid" => "1744724517.49",
    "value" => "minrxjitter=000.000125;maxrxjitter=000.000750;avgrxjitter=000.000702;stdevrxjitter=000.000089;mintxjitter=000.000000;maxtxjitter=000.000750;avgtxjitter=000.000469;stdevtxjitter=000.000363;",
    "variable" => "RTPAUDIOQOSJITTER"
  },
  variables: %{}
}
[2025-04-15 13:42:16.589853Z] %ElixirAmi.Event{
  event: "varset",
  source: :asterisk_connection,
  action_id: nil,
  keys: %{
    "accountcode" => "",
    "calleridname" => "102",
    "calleridnum" => "102",
    "channel" => "PJSIP/102-0000001d",
    "channelstate" => "6",
    "channelstatedesc" => "Up",
    "connectedlinename" => "101",
    "connectedlinenum" => "101",
    "context" => "org_all",
    "exten" => "101",
    "language" => "en",
    "linkedid" => "1744724515.48",
    "priority" => "2",
    "privilege" => "dialplan,all",
    "uniqueid" => "1744724515.48",
    "value" => "minrxjitter=000.000125;maxrxjitter=000.000750;avgrxjitter=000.000702;stdevrxjitter=000.000089;mintxjitter=000.000000;maxtxjitter=000.000750;avgtxjitter=000.000469;stdevtxjitter=000.000363;",
    "variable" => "RTPAUDIOQOSJITTERBRIDGED"
  },
  variables: %{}
}
[2025-04-15 13:42:16.590060Z] %ElixirAmi.Event{
  event: "varset",
  source: :asterisk_connection,
  action_id: nil,
  keys: %{
    "accountcode" => "",
    "calleridname" => "101",
    "calleridnum" => "101",
    "channel" => "PJSIP/101-0000001e",
    "channelstate" => "6",
    "channelstatedesc" => "Up",
    "connectedlinename" => "102",
    "connectedlinenum" => "102",
    "context" => "org_all",
    "exten" => "",
    "language" => "en",
    "linkedid" => "1744724515.48",
    "priority" => "1",
    "privilege" => "dialplan,all",
    "uniqueid" => "1744724517.49",
    "value" => "minrxlost=000.000000;  maxrxlost=000.000000;  avgrxlost=000.000000;  stdevrxlost=000.000000;  mintxlost=000.000000;  maxtxlost=000.000000;  avgtxlost=000.000000;  stdevtxlost=000.000000;",
    "variable" => "RTPAUDIOQOSLOSS"
  },
  variables: %{}
}
[2025-04-15 13:42:16.590268Z] %ElixirAmi.Event{
  event: "varset",
  source: :asterisk_connection,
  action_id: nil,
  keys: %{
    "accountcode" => "",
    "calleridname" => "102",
    "calleridnum" => "102",
    "channel" => "PJSIP/102-0000001d",
    "channelstate" => "6",
    "channelstatedesc" => "Up",
    "connectedlinename" => "101",
    "connectedlinenum" => "101",
    "context" => "org_all",
    "exten" => "101",
    "language" => "en",
    "linkedid" => "1744724515.48",
    "priority" => "2",
    "privilege" => "dialplan,all",
    "uniqueid" => "1744724515.48",
    "value" => "minrxlost=000.000000;  maxrxlost=000.000000;  avgrxlost=000.000000;  stdevrxlost=000.000000;  mintxlost=000.000000;  maxtxlost=000.000000;  avgtxlost=000.000000;  stdevtxlost=000.000000;",
    "variable" => "RTPAUDIOQOSLOSSBRIDGED"
  },
  variables: %{}
}
[2025-04-15 13:42:16.590449Z] %ElixirAmi.Event{
  event: "varset",
  source: :asterisk_connection,
  action_id: nil,
  keys: %{
    "accountcode" => "",
    "calleridname" => "101",
    "calleridnum" => "101",
    "channel" => "PJSIP/101-0000001e",
    "channelstate" => "6",
    "channelstatedesc" => "Up",
    "connectedlinename" => "102",
    "connectedlinenum" => "102",
    "context" => "org_all",
    "exten" => "",
    "language" => "en",
    "linkedid" => "1744724515.48",
    "priority" => "1",
    "privilege" => "dialplan,all",
    "uniqueid" => "1744724517.49",
    "value" => "minrtt=000.000091;     maxrtt=000.000137;     avgrtt=000.000109;     stdevrtt=000.000018;",
    "variable" => "RTPAUDIOQOSRTT"
  },
  variables: %{}
}
[2025-04-15 13:42:16.590651Z] %ElixirAmi.Event{
  event: "varset",
  source: :asterisk_connection,
  action_id: nil,
  keys: %{
    "accountcode" => "",
    "calleridname" => "102",
    "calleridnum" => "102",
    "channel" => "PJSIP/102-0000001d",
    "channelstate" => "6",
    "channelstatedesc" => "Up",
    "connectedlinename" => "101",
    "connectedlinenum" => "101",
    "context" => "org_all",
    "exten" => "101",
    "language" => "en",
    "linkedid" => "1744724515.48",
    "priority" => "2",
    "privilege" => "dialplan,all",
    "uniqueid" => "1744724515.48",
    "value" => "minrtt=000.000091;     maxrtt=000.000137;     avgrtt=000.000109;     stdevrtt=000.000018;",
    "variable" => "RTPAUDIOQOSRTTBRIDGED"
  },
  variables: %{}
}
[2025-04-15 13:42:16.590850Z] %ElixirAmi.Event{
  event: "varset",
  source: :asterisk_connection,
  action_id: nil,
  keys: %{
    "accountcode" => "",
    "calleridname" => "101",
    "calleridnum" => "101",
    "channel" => "PJSIP/101-0000001e",
    "channelstate" => "6",
    "channelstatedesc" => "Up",
    "connectedlinename" => "102",
    "connectedlinenum" => "102",
    "context" => "org_all",
    "exten" => "",
    "language" => "en",
    "linkedid" => "1744724515.48",
    "priority" => "1",
    "privilege" => "dialplan,all",
    "uniqueid" => "1744724517.49",
    "value" => "minrxmes=085.365766;   maxrxmes=085.367289;   avgrxmes=085.366273;   stdevrxmes=000.000089;   mintxmes=085.365458;   maxtxmes=085.367289;   avgtxmes=085.366256;   stdevtxmes=000.000807;",
    "variable" => "RTPAUDIOQOSMES"
  },
  variables: %{}
}
[2025-04-15 13:42:16.591049Z] %ElixirAmi.Event{
  event: "varset",
  source: :asterisk_connection,
  action_id: nil,
  keys: %{
    "accountcode" => "",
    "calleridname" => "102",
    "calleridnum" => "102",
    "channel" => "PJSIP/102-0000001d",
    "channelstate" => "6",
    "channelstatedesc" => "Up",
    "connectedlinename" => "101",
    "connectedlinenum" => "101",
    "context" => "org_all",
    "exten" => "101",
    "language" => "en",
    "linkedid" => "1744724515.48",
    "priority" => "2",
    "privilege" => "dialplan,all",
    "uniqueid" => "1744724515.48",
    "value" => "minrxmes=085.365766;   maxrxmes=085.367289;   avgrxmes=085.366273;   stdevrxmes=000.000089;   mintxmes=085.365458;   maxtxmes=085.367289;   avgtxmes=085.366256;   stdevtxmes=000.000807;",
    "variable" => "RTPAUDIOQOSMESBRIDGED"
  },
  variables: %{}
}
[2025-04-15 13:42:16.591193Z] %ElixirAmi.Event{
  event: "hanguprequest",
  source: :asterisk_connection,
  action_id: nil,
  keys: %{
    "accountcode" => "",
    "calleridname" => "101",
    "calleridnum" => "101",
    "channel" => "PJSIP/101-0000001e",
    "channelstate" => "6",
    "channelstatedesc" => "Up",
    "connectedlinename" => "102",
    "connectedlinenum" => "102",
    "context" => "org_all",
    "exten" => "",
    "language" => "en",
    "linkedid" => "1744724515.48",
    "priority" => "1",
    "privilege" => "call,all",
    "uniqueid" => "1744724517.49"
  },
  variables: %{}
}
[2025-04-15 13:42:16.591341Z] %ElixirAmi.Event{
  event: "varset",
  source: :asterisk_connection,
  action_id: nil,
  keys: %{
    "accountcode" => "",
    "calleridname" => "101",
    "calleridnum" => "101",
    "channel" => "PJSIP/101-0000001e",
    "channelstate" => "6",
    "channelstatedesc" => "Up",
    "connectedlinename" => "102",
    "connectedlinenum" => "102",
    "context" => "org_all",
    "exten" => "",
    "language" => "en",
    "linkedid" => "1744724515.48",
    "priority" => "1",
    "privilege" => "dialplan,all",
    "uniqueid" => "1744724517.49",
    "value" => "",
    "variable" => "BRIDGEPEER"
  },
  variables: %{}
}
[2025-04-15 13:42:16.591495Z] %ElixirAmi.Event{
  event: "varset",
  source: :asterisk_connection,
  action_id: nil,
  keys: %{
    "accountcode" => "",
    "calleridname" => "101",
    "calleridnum" => "101",
    "channel" => "PJSIP/101-0000001e",
    "channelstate" => "6",
    "channelstatedesc" => "Up",
    "connectedlinename" => "102",
    "connectedlinenum" => "102",
    "context" => "org_all",
    "exten" => "",
    "language" => "en",
    "linkedid" => "1744724515.48",
    "priority" => "1",
    "privilege" => "dialplan,all",
    "uniqueid" => "1744724517.49",
    "value" => "",
    "variable" => "BRIDGEPVTCALLID"
  },
  variables: %{}
}
[2025-04-15 13:42:16.591682Z] %ElixirAmi.Event{
  event: "varset",
  source: :asterisk_connection,
  action_id: nil,
  keys: %{
    "accountcode" => "",
    "calleridname" => "102",
    "calleridnum" => "102",
    "channel" => "PJSIP/102-0000001d",
    "channelstate" => "6",
    "channelstatedesc" => "Up",
    "connectedlinename" => "101",
    "connectedlinenum" => "101",
    "context" => "org_all",
    "exten" => "101",
    "language" => "en",
    "linkedid" => "1744724515.48",
    "priority" => "2",
    "privilege" => "dialplan,all",
    "uniqueid" => "1744724515.48",
    "value" => "",
    "variable" => "BRIDGEPEER"
  },
  variables: %{}
}
[2025-04-15 13:42:16.591864Z] %ElixirAmi.Event{
  event: "varset",
  source: :asterisk_connection,
  action_id: nil,
  keys: %{
    "accountcode" => "",
    "calleridname" => "102",
    "calleridnum" => "102",
    "channel" => "PJSIP/102-0000001d",
    "channelstate" => "6",
    "channelstatedesc" => "Up",
    "connectedlinename" => "101",
    "connectedlinenum" => "101",
    "context" => "org_all",
    "exten" => "101",
    "language" => "en",
    "linkedid" => "1744724515.48",
    "priority" => "2",
    "privilege" => "dialplan,all",
    "uniqueid" => "1744724515.48",
    "value" => "",
    "variable" => "BRIDGEPVTCALLID"
  },
  variables: %{}
}
[2025-04-15 13:42:16.592076Z] %ElixirAmi.Event{
  event: "bridgeleave",
  source: :asterisk_connection,
  action_id: nil,
  keys: %{
    "accountcode" => "",
    "bridgecreator" => "<unknown>",
    "bridgename" => "<unknown>",
    "bridgenumchannels" => "1",
    "bridgetechnology" => "simple_bridge",
    "bridgetype" => "basic",
    "bridgeuniqueid" => "8cdae875-727c-4e71-9597-0cc1d1f7da19",
    "bridgevideosourcemode" => "none",
    "calleridname" => "101",
    "calleridnum" => "101",
    "channel" => "PJSIP/101-0000001e",
    "channelstate" => "6",
    "channelstatedesc" => "Up",
    "connectedlinename" => "102",
    "connectedlinenum" => "102",
    "context" => "org_all",
    "exten" => "",
    "language" => "en",
    "linkedid" => "1744724515.48",
    "priority" => "1",
    "privilege" => "call,all",
    "uniqueid" => "1744724517.49"
  },
  variables: %{}
}
[2025-04-15 13:42:16.592327Z] %ElixirAmi.Event{
  event: "bridgeleave",
  source: :asterisk_connection,
  action_id: nil,
  keys: %{
    "accountcode" => "",
    "bridgecreator" => "<unknown>",
    "bridgename" => "<unknown>",
    "bridgenumchannels" => "0",
    "bridgetechnology" => "simple_bridge",
    "bridgetype" => "basic",
    "bridgeuniqueid" => "8cdae875-727c-4e71-9597-0cc1d1f7da19",
    "bridgevideosourcemode" => "none",
    "calleridname" => "102",
    "calleridnum" => "102",
    "channel" => "PJSIP/102-0000001d",
    "channelstate" => "6",
    "channelstatedesc" => "Up",
    "connectedlinename" => "101",
    "connectedlinenum" => "101",
    "context" => "org_all",
    "exten" => "101",
    "language" => "en",
    "linkedid" => "1744724515.48",
    "priority" => "2",
    "privilege" => "call,all",
    "uniqueid" => "1744724515.48"
  },
  variables: %{}
}
[2025-04-15 13:42:16.592481Z] %ElixirAmi.Event{
  event: "varset",
  source: :asterisk_connection,
  action_id: nil,
  keys: %{
    "accountcode" => "",
    "calleridname" => "102",
    "calleridnum" => "102",
    "channel" => "PJSIP/102-0000001d",
    "channelstate" => "6",
    "channelstatedesc" => "Up",
    "connectedlinename" => "101",
    "connectedlinenum" => "101",
    "context" => "org_all",
    "exten" => "101",
    "language" => "en",
    "linkedid" => "1744724515.48",
    "priority" => "2",
    "privilege" => "dialplan,all",
    "uniqueid" => "1744724515.48",
    "value" => "19",
    "variable" => "ANSWEREDTIME"
  },
  variables: %{}
}
[2025-04-15 13:42:16.592652Z] %ElixirAmi.Event{
  event: "varset",
  source: :asterisk_connection,
  action_id: nil,
  keys: %{
    "accountcode" => "",
    "calleridname" => "102",
    "calleridnum" => "102",
    "channel" => "PJSIP/102-0000001d",
    "channelstate" => "6",
    "channelstatedesc" => "Up",
    "connectedlinename" => "101",
    "connectedlinenum" => "101",
    "context" => "org_all",
    "exten" => "101",
    "language" => "en",
    "linkedid" => "1744724515.48",
    "priority" => "2",
    "privilege" => "dialplan,all",
    "uniqueid" => "1744724515.48",
    "value" => "19289",
    "variable" => "ANSWEREDTIME_MS"
  },
  variables: %{}
}
[2025-04-15 13:42:16.592807Z] %ElixirAmi.Event{
  event: "varset",
  source: :asterisk_connection,
  action_id: nil,
  keys: %{
    "accountcode" => "",
    "calleridname" => "102",
    "calleridnum" => "102",
    "channel" => "PJSIP/102-0000001d",
    "channelstate" => "6",
    "channelstatedesc" => "Up",
    "connectedlinename" => "101",
    "connectedlinenum" => "101",
    "context" => "org_all",
    "exten" => "101",
    "language" => "en",
    "linkedid" => "1744724515.48",
    "priority" => "2",
    "privilege" => "dialplan,all",
    "uniqueid" => "1744724515.48",
    "value" => "21",
    "variable" => "DIALEDTIME"
  },
  variables: %{}
}
[2025-04-15 13:42:16.593002Z] %ElixirAmi.Event{
  event: "varset",
  source: :asterisk_connection,
  action_id: nil,
  keys: %{
    "accountcode" => "",
    "calleridname" => "101",
    "calleridnum" => "101",
    "channel" => "PJSIP/101-0000001e",
    "channelstate" => "6",
    "channelstatedesc" => "Up",
    "connectedlinename" => "102",
    "connectedlinenum" => "102",
    "context" => "org_all",
    "exten" => "",
    "language" => "en",
    "linkedid" => "1744724515.48",
    "priority" => "1",
    "privilege" => "dialplan,all",
    "uniqueid" => "1744724517.49",
    "value" => "ssrc=820906585;themssrc=535583024;lp=0;rxjitter=0.000750;rxcount=908;txjitter=0.000625;txcount=907;rlp=0;rtt=0.000122;rxmes=85.365458;txmes=85.365766",
    "variable" => "RTPAUDIOQOS"
  },
  variables: %{}
}
[2025-04-15 13:42:16.593161Z] %ElixirAmi.Event{
  event: "varset",
  source: :asterisk_connection,
  action_id: nil,
  keys: %{
    "accountcode" => "",
    "calleridname" => "102",
    "calleridnum" => "102",
    "channel" => "PJSIP/102-0000001d",
    "channelstate" => "6",
    "channelstatedesc" => "Up",
    "connectedlinename" => "101",
    "connectedlinenum" => "101",
    "context" => "org_all",
    "exten" => "101",
    "language" => "en",
    "linkedid" => "1744724515.48",
    "priority" => "2",
    "privilege" => "dialplan,all",
    "uniqueid" => "1744724515.48",
    "value" => "21108",
    "variable" => "DIALEDTIME_MS"
  },
  variables: %{}
}
[2025-04-15 13:42:16.593362Z] %ElixirAmi.Event{
  event: "varset",
  source: :asterisk_connection,
  action_id: nil,
  keys: %{
    "accountcode" => "",
    "calleridname" => "101",
    "calleridnum" => "101",
    "channel" => "PJSIP/101-0000001e",
    "channelstate" => "6",
    "channelstatedesc" => "Up",
    "connectedlinename" => "102",
    "connectedlinenum" => "102",
    "context" => "org_all",
    "exten" => "",
    "language" => "en",
    "linkedid" => "1744724515.48",
    "priority" => "1",
    "privilege" => "dialplan,all",
    "uniqueid" => "1744724517.49",
    "value" => "minrxjitter=000.000125;maxrxjitter=000.000750;avgrxjitter=000.000702;stdevrxjitter=000.000089;mintxjitter=000.000000;maxtxjitter=000.000750;avgtxjitter=000.000469;stdevtxjitter=000.000363;",
    "variable" => "RTPAUDIOQOSJITTER"
  },
  variables: %{}
}
[2025-04-15 13:42:16.593531Z] %ElixirAmi.Event{
  event: "varset",
  source: :asterisk_connection,
  action_id: nil,
  keys: %{
    "accountcode" => "",
    "calleridname" => "102",
    "calleridnum" => "102",
    "channel" => "PJSIP/102-0000001d",
    "channelstate" => "6",
    "channelstatedesc" => "Up",
    "connectedlinename" => "101",
    "connectedlinenum" => "101",
    "context" => "org_all",
    "exten" => "101",
    "language" => "en",
    "linkedid" => "1744724515.48",
    "priority" => "2",
    "privilege" => "dialplan,all",
    "uniqueid" => "1744724515.48",
    "value" => "ANSWER",
    "variable" => "DIALSTATUS"
  },
  variables: %{}
}
[2025-04-15 13:42:16.593763Z] %ElixirAmi.Event{
  event: "varset",
  source: :asterisk_connection,
  action_id: nil,
  keys: %{
    "accountcode" => "",
    "calleridname" => "101",
    "calleridnum" => "101",
    "channel" => "PJSIP/101-0000001e",
    "channelstate" => "6",
    "channelstatedesc" => "Up",
    "connectedlinename" => "102",
    "connectedlinenum" => "102",
    "context" => "org_all",
    "exten" => "",
    "language" => "en",
    "linkedid" => "1744724515.48",
    "priority" => "1",
    "privilege" => "dialplan,all",
    "uniqueid" => "1744724517.49",
    "value" => "minrxlost=000.000000;  maxrxlost=000.000000;  avgrxlost=000.000000;  stdevrxlost=000.000000;  mintxlost=000.000000;  maxtxlost=000.000000;  avgtxlost=000.000000;  stdevtxlost=000.000000;",
    "variable" => "RTPAUDIOQOSLOSS"
  },
  variables: %{}
}
[2025-04-15 13:42:16.593991Z] %ElixirAmi.Event{
  event: "varset",
  source: :asterisk_connection,
  action_id: nil,
  keys: %{
    "accountcode" => "",
    "calleridname" => "101",
    "calleridnum" => "101",
    "channel" => "PJSIP/101-0000001e",
    "channelstate" => "6",
    "channelstatedesc" => "Up",
    "connectedlinename" => "102",
    "connectedlinenum" => "102",
    "context" => "org_all",
    "exten" => "",
    "language" => "en",
    "linkedid" => "1744724515.48",
    "priority" => "1",
    "privilege" => "dialplan,all",
    "uniqueid" => "1744724517.49",
    "value" => "minrtt=000.000091;     maxrtt=000.000137;     avgrtt=000.000109;     stdevrtt=000.000018;",
    "variable" => "RTPAUDIOQOSRTT"
  },
  variables: %{}
}
[2025-04-15 13:42:16.594127Z] %ElixirAmi.Event{
  event: "softhanguprequest",
  source: :asterisk_connection,
  action_id: nil,
  keys: %{
    "accountcode" => "",
    "calleridname" => "102",
    "calleridnum" => "102",
    "cause" => "16",
    "channel" => "PJSIP/102-0000001d",
    "channelstate" => "6",
    "channelstatedesc" => "Up",
    "connectedlinename" => "101",
    "connectedlinenum" => "101",
    "context" => "org_all",
    "exten" => "101",
    "language" => "en",
    "linkedid" => "1744724515.48",
    "priority" => "2",
    "privilege" => "call,all",
    "uniqueid" => "1744724515.48"
  },
  variables: %{}
}
[2025-04-15 13:42:16.594276Z] %ElixirAmi.Event{
  event: "varset",
  source: :asterisk_connection,
  action_id: nil,
  keys: %{
    "accountcode" => "",
    "calleridname" => "101",
    "calleridnum" => "101",
    "channel" => "PJSIP/101-0000001e",
    "channelstate" => "6",
    "channelstatedesc" => "Up",
    "connectedlinename" => "102",
    "connectedlinenum" => "102",
    "context" => "org_all",
    "exten" => "",
    "language" => "en",
    "linkedid" => "1744724515.48",
    "priority" => "1",
    "privilege" => "dialplan,all",
    "uniqueid" => "1744724517.49",
    "value" => "minrxmes=085.365766;   maxrxmes=085.367289;   avgrxmes=085.366273;   stdevrxmes=000.000089;   mintxmes=085.365458;   maxtxmes=085.367289;   avgtxmes=085.366256;   stdevtxmes=000.000807;",
    "variable" => "RTPAUDIOQOSMES"
  },
  variables: %{}
}
[2025-04-15 13:42:16.594423Z] %ElixirAmi.Event{
  event: "hangup",
  source: :asterisk_connection,
  action_id: nil,
  keys: %{
    "accountcode" => "",
    "calleridname" => "101",
    "calleridnum" => "101",
    "cause" => "16",
    "cause-txt" => "Normal Clearing",
    "channel" => "PJSIP/101-0000001e",
    "channelstate" => "6",
    "channelstatedesc" => "Up",
    "connectedlinename" => "102",
    "connectedlinenum" => "102",
    "context" => "org_all",
    "exten" => "",
    "language" => "en",
    "linkedid" => "1744724515.48",
    "priority" => "1",
    "privilege" => "call,all",
    "uniqueid" => "1744724517.49"
  },
  variables: %{}
}
[2025-04-15 13:42:16.594740Z] %ElixirAmi.Event{
  event: "varset",
  source: :asterisk_connection,
  action_id: nil,
  keys: %{
    "accountcode" => "",
    "calleridname" => "102",
    "calleridnum" => "102",
    "channel" => "PJSIP/102-0000001d",
    "channelstate" => "6",
    "channelstatedesc" => "Up",
    "connectedlinename" => "101",
    "connectedlinenum" => "101",
    "context" => "org_all",
    "exten" => "101",
    "language" => "en",
    "linkedid" => "1744724515.48",
    "priority" => "2",
    "privilege" => "dialplan,all",
    "uniqueid" => "1744724515.48",
    "value" => "ssrc=1675507478;themssrc=742149437;lp=0;rxjitter=0.000625;rxcount=964;txjitter=0.000750;txcount=964;rlp=0;rtt=0.000122;rxmes=85.365336;txmes=85.365381",
    "variable" => "RTPAUDIOQOS"
  },
  variables: %{}
}
[2025-04-15 13:42:16.594986Z] %ElixirAmi.Event{
  event: "varset",
  source: :asterisk_connection,
  action_id: nil,
  keys: %{
    "accountcode" => "",
    "calleridname" => "102",
    "calleridnum" => "102",
    "channel" => "PJSIP/102-0000001d",
    "channelstate" => "6",
    "channelstatedesc" => "Up",
    "connectedlinename" => "101",
    "connectedlinenum" => "101",
    "context" => "org_all",
    "exten" => "101",
    "language" => "en",
    "linkedid" => "1744724515.48",
    "priority" => "2",
    "privilege" => "dialplan,all",
    "uniqueid" => "1744724515.48",
    "value" => "minrxjitter=000.000125;maxrxjitter=000.001000;avgrxjitter=000.000799;stdevrxjitter=000.000097;mintxjitter=000.000000;maxtxjitter=000.000750;avgtxjitter=000.000333;stdevtxjitter=000.000336;",
    "variable" => "RTPAUDIOQOSJITTER"
  },
  variables: %{}
}
[2025-04-15 13:42:16.595224Z] %ElixirAmi.Event{
  event: "varset",
  source: :asterisk_connection,
  action_id: nil,
  keys: %{
    "accountcode" => "",
    "calleridname" => "102",
    "calleridnum" => "102",
    "channel" => "PJSIP/102-0000001d",
    "channelstate" => "6",
    "channelstatedesc" => "Up",
    "connectedlinename" => "101",
    "connectedlinenum" => "101",
    "context" => "org_all",
    "exten" => "101",
    "language" => "en",
    "linkedid" => "1744724515.48",
    "priority" => "2",
    "privilege" => "dialplan,all",
    "uniqueid" => "1744724515.48",
    "value" => "minrxlost=000.000000;  maxrxlost=000.000000;  avgrxlost=000.000000;  stdevrxlost=000.000000;  mintxlost=000.000000;  maxtxlost=000.000000;  avgtxlost=000.000000;  stdevtxlost=000.000000;",
    "variable" => "RTPAUDIOQOSLOSS"
  },
  variables: %{}
}
[2025-04-15 13:42:16.595427Z] %ElixirAmi.Event{
  event: "varset",
  source: :asterisk_connection,
  action_id: nil,
  keys: %{
    "accountcode" => "",
    "calleridname" => "102",
    "calleridnum" => "102",
    "channel" => "PJSIP/102-0000001d",
    "channelstate" => "6",
    "channelstatedesc" => "Up",
    "connectedlinename" => "101",
    "connectedlinenum" => "101",
    "context" => "org_all",
    "exten" => "101",
    "language" => "en",
    "linkedid" => "1744724515.48",
    "priority" => "2",
    "privilege" => "dialplan,all",
    "uniqueid" => "1744724515.48",
    "value" => "minrtt=000.000106;     maxrtt=000.000122;     avgrtt=000.000117;     stdevrtt=000.000008;",
    "variable" => "RTPAUDIOQOSRTT"
  },
  variables: %{}
}
[2025-04-15 13:42:16.595665Z] %ElixirAmi.Event{
  event: "varset",
  source: :asterisk_connection,
  action_id: nil,
  keys: %{
    "accountcode" => "",
    "calleridname" => "102",
    "calleridnum" => "102",
    "channel" => "PJSIP/102-0000001d",
    "channelstate" => "6",
    "channelstatedesc" => "Up",
    "connectedlinename" => "101",
    "connectedlinenum" => "101",
    "context" => "org_all",
    "exten" => "101",
    "language" => "en",
    "linkedid" => "1744724515.48",
    "priority" => "2",
    "privilege" => "dialplan,all",
    "uniqueid" => "1744724515.48",
    "value" => "minrxmes=085.365247;   maxrxmes=085.367289;   avgrxmes=085.365972;   stdevrxmes=000.000097;   mintxmes=085.365247;   maxtxmes=085.367289;   avgtxmes=085.366305;   stdevtxmes=000.000985;",
    "variable" => "RTPAUDIOQOSMES"
  },
  variables: %{}
}
[2025-04-15 13:42:16.595868Z] %ElixirAmi.Event{
  event: "hangup",
  source: :asterisk_connection,
  action_id: nil,
  keys: %{
    "accountcode" => "",
    "calleridname" => "102",
    "calleridnum" => "102",
    "cause" => "16",
    "cause-txt" => "Normal Clearing",
    "channel" => "PJSIP/102-0000001d",
    "channelstate" => "6",
    "channelstatedesc" => "Up",
    "connectedlinename" => "101",
    "connectedlinenum" => "101",
    "context" => "org_all",
    "exten" => "101",
    "language" => "en",
    "linkedid" => "1744724515.48",
    "priority" => "2",
    "privilege" => "call,all",
    "uniqueid" => "1744724515.48"
  },
  variables: %{}
}
