[2025-04-15 15:22:15.665976Z] %ElixirAmi.Event{
  event: "newchannel",
  source: :asterisk_connection,
  action_id: nil,
  keys: %{
    "accountcode" => "",
    "calleridname" => "102",
    "calleridnum" => "102",
    "channel" => "PJSIP/102-00000055",
    "channelstate" => "0",
    "channelstatedesc" => "Down",
    "connectedlinename" => "<unknown>",
    "connectedlinenum" => "<unknown>",
    "context" => "org_all",
    "exten" => "s",
    "language" => "en",
    "linkedid" => "1744730530.130",
    "priority" => "1",
    "privilege" => "call,all",
    "uniqueid" => "1744730530.130"
  },
  variables: %{}
}
[2025-04-15 15:22:15.666319Z] %ElixirAmi.Event{
  event: "newexten",
  source: :asterisk_connection,
  action_id: nil,
  keys: %{
    "accountcode" => "",
    "appdata" => "(Outgoing Line)",
    "application" => "AppDial2",
    "calleridname" => "102",
    "calleridnum" => "102",
    "channel" => "PJSIP/102-00000055",
    "channelstate" => "0",
    "channelstatedesc" => "Down",
    "connectedlinename" => "<unknown>",
    "connectedlinenum" => "<unknown>",
    "context" => "org_all",
    "exten" => "s",
    "extension" => "s",
    "language" => "en",
    "linkedid" => "1744730530.130",
    "priority" => "1",
    "privilege" => "dialplan,all",
    "uniqueid" => "1744730530.130"
  },
  variables: %{}
}
[2025-04-15 15:22:15.666647Z] %ElixirAmi.Event{
  event: "newcallerid",
  source: :asterisk_connection,
  action_id: nil,
  keys: %{
    "accountcode" => "",
    "calleridname" => "Ivan",
    "calleridnum" => "102",
    "channel" => "PJSIP/102-00000055",
    "channelstate" => "0",
    "channelstatedesc" => "Down",
    "cid-callingpres" => "0 (Presentation Allowed, Not Screened)",
    "connectedlinename" => "<unknown>",
    "connectedlinenum" => "<unknown>",
    "context" => "org_all",
    "exten" => "s",
    "language" => "en",
    "linkedid" => "1744730530.130",
    "priority" => "1",
    "privilege" => "call,all",
    "uniqueid" => "1744730530.130"
  },
  variables: %{}
}
[2025-04-15 15:22:15.666863Z] %ElixirAmi.Event{
  event: "newconnectedline",
  source: :asterisk_connection,
  action_id: nil,
  keys: %{
    "accountcode" => "",
    "calleridname" => "Ivan",
    "calleridnum" => "102",
    "channel" => "PJSIP/102-00000055",
    "channelstate" => "0",
    "channelstatedesc" => "Down",
    "connectedlinename" => "Ivan",
    "connectedlinenum" => "102",
    "context" => "org_all",
    "exten" => "s",
    "language" => "en",
    "linkedid" => "1744730530.130",
    "priority" => "1",
    "privilege" => "call,all",
    "uniqueid" => "1744730530.130"
  },
  variables: %{}
}
[2025-04-15 15:22:15.667528Z] %ElixirAmi.Event{
  event: "newstate",
  source: :asterisk_connection,
  action_id: nil,
  keys: %{
    "accountcode" => "",
    "calleridname" => "Ivan",
    "calleridnum" => "102",
    "channel" => "PJSIP/102-00000055",
    "channelstate" => "5",
    "channelstatedesc" => "Ringing",
    "connectedlinename" => "Ivan",
    "connectedlinenum" => "102",
    "context" => "org_all",
    "exten" => "s",
    "language" => "en",
    "linkedid" => "1744730530.130",
    "priority" => "1",
    "privilege" => "call,all",
    "uniqueid" => "1744730530.130"
  },
  variables: %{}
}
[2025-04-15 15:22:15.668250Z] %ElixirAmi.Event{
  event: "rtcpreceived",
  source: :asterisk_connection,
  action_id: nil,
  keys: %{
    "accountcode" => "",
    "calleridname" => "Ivan",
    "calleridnum" => "102",
    "channel" => "PJSIP/102-00000055",
    "channelstate" => "5",
    "channelstatedesc" => "Ringing",
    "connectedlinename" => "Ivan",
    "connectedlinenum" => "102",
    "context" => "org_all",
    "exten" => "s",
    "from" => "192.168.0.16:4103",
    "language" => "en",
    "linkedid" => "1744730530.130",
    "mes" => "85.4",
    "priority" => "1",
    "privilege" => "reporting,all",
    "pt" => "201(RR)",
    "report0cumulativelost" => "0",
    "report0dlsr" => "0.0000",
    "report0fractionlost" => "0",
    "report0highestsequence" => "0",
    "report0iajitter" => "0",
    "report0lsr" => "0",
    "report0sequencenumbercycles" => "0",
    "report0sourcessrc" => "0x00000000",
    "reportcount" => "1",
    "rtt" => "0.0000",
    "ssrc" => "0x00000000",
    "to" => "192.168.0.16:15485",
    "uniqueid" => "1744730530.130"
  },
  variables: %{}
}
[2025-04-15 15:22:15.668729Z] %ElixirAmi.Event{
  event: "rtcpreceived",
  source: :asterisk_connection,
  action_id: nil,
  keys: %{
    "accountcode" => "",
    "calleridname" => "Ivan",
    "calleridnum" => "102",
    "channel" => "PJSIP/102-00000055",
    "channelstate" => "5",
    "channelstatedesc" => "Ringing",
    "connectedlinename" => "Ivan",
    "connectedlinenum" => "102",
    "context" => "org_all",
    "exten" => "s",
    "from" => "192.168.0.16:4103",
    "language" => "en",
    "linkedid" => "1744730530.130",
    "mes" => "85.4",
    "priority" => "1",
    "privilege" => "reporting,all",
    "pt" => "201(RR)",
    "report0cumulativelost" => "0",
    "report0dlsr" => "0.0000",
    "report0fractionlost" => "0",
    "report0highestsequence" => "0",
    "report0iajitter" => "0",
    "report0lsr" => "0",
    "report0sequencenumbercycles" => "0",
    "report0sourcessrc" => "0x00000000",
    "reportcount" => "1",
    "rtt" => "0.0000",
    "ssrc" => "0x00000000",
    "to" => "192.168.0.16:15485",
    "uniqueid" => "1744730530.130"
  },
  variables: %{}
}
[2025-04-15 15:22:15.668942Z] %ElixirAmi.Event{
  event: "newstate",
  source: :asterisk_connection,
  action_id: nil,
  keys: %{
    "accountcode" => "",
    "calleridname" => "Ivan",
    "calleridnum" => "102",
    "channel" => "PJSIP/102-00000055",
    "channelstate" => "6",
    "channelstatedesc" => "Up",
    "connectedlinename" => "Ivan",
    "connectedlinenum" => "102",
    "context" => "org_all",
    "exten" => "s",
    "language" => "en",
    "linkedid" => "1744730530.130",
    "priority" => "1",
    "privilege" => "call,all",
    "uniqueid" => "1744730530.130"
  },
  variables: %{}
}
[2025-04-15 15:22:15.669707Z] %ElixirAmi.Event{
  event: "newexten",
  source: :asterisk_connection,
  action_id: nil,
  keys: %{
    "accountcode" => "",
    "appdata" => "",
    "application" => "NoOp",
    "calleridname" => "Ivan",
    "calleridnum" => "102",
    "channel" => "PJSIP/102-00000055",
    "channelstate" => "6",
    "channelstatedesc" => "Up",
    "connectedlinename" => "Ivan",
    "connectedlinenum" => "102",
    "context" => "org_all",
    "exten" => "101",
    "extension" => "101",
    "language" => "en",
    "linkedid" => "1744730530.130",
    "priority" => "1",
    "privilege" => "dialplan,all",
    "uniqueid" => "1744730530.130"
  },
  variables: %{}
}
[2025-04-15 15:22:15.669956Z] %ElixirAmi.Event{
  event: "newexten",
  source: :asterisk_connection,
  action_id: nil,
  keys: %{
    "accountcode" => "",
    "appdata" => "PJSIP/101,20,",
    "application" => "Dial",
    "calleridname" => "Ivan",
    "calleridnum" => "102",
    "channel" => "PJSIP/102-00000055",
    "channelstate" => "6",
    "channelstatedesc" => "Up",
    "connectedlinename" => "Ivan",
    "connectedlinenum" => "102",
    "context" => "org_all",
    "exten" => "101",
    "extension" => "101",
    "language" => "en",
    "linkedid" => "1744730530.130",
    "priority" => "2",
    "privilege" => "dialplan,all",
    "uniqueid" => "1744730530.130"
  },
  variables: %{}
}
[2025-04-15 15:22:15.670161Z] %ElixirAmi.Event{
  event: "varset",
  source: :asterisk_connection,
  action_id: nil,
  keys: %{
    "accountcode" => "",
    "calleridname" => "Ivan",
    "calleridnum" => "102",
    "channel" => "PJSIP/102-00000055",
    "channelstate" => "6",
    "channelstatedesc" => "Up",
    "connectedlinename" => "Ivan",
    "connectedlinenum" => "102",
    "context" => "org_all",
    "exten" => "101",
    "language" => "en",
    "linkedid" => "1744730530.130",
    "priority" => "2",
    "privilege" => "dialplan,all",
    "uniqueid" => "1744730530.130",
    "value" => "",
    "variable" => "DIALSTATUS"
  },
  variables: %{}
}
[2025-04-15 15:22:15.670358Z] %ElixirAmi.Event{
  event: "varset",
  source: :asterisk_connection,
  action_id: nil,
  keys: %{
    "accountcode" => "",
    "calleridname" => "Ivan",
    "calleridnum" => "102",
    "channel" => "PJSIP/102-00000055",
    "channelstate" => "6",
    "channelstatedesc" => "Up",
    "connectedlinename" => "Ivan",
    "connectedlinenum" => "102",
    "context" => "org_all",
    "exten" => "101",
    "language" => "en",
    "linkedid" => "1744730530.130",
    "priority" => "2",
    "privilege" => "dialplan,all",
    "uniqueid" => "1744730530.130",
    "value" => "",
    "variable" => "DIALEDPEERNUMBER"
  },
  variables: %{}
}
[2025-04-15 15:22:15.670568Z] %ElixirAmi.Event{
  event: "varset",
  source: :asterisk_connection,
  action_id: nil,
  keys: %{
    "accountcode" => "",
    "calleridname" => "Ivan",
    "calleridnum" => "102",
    "channel" => "PJSIP/102-00000055",
    "channelstate" => "6",
    "channelstatedesc" => "Up",
    "connectedlinename" => "Ivan",
    "connectedlinenum" => "102",
    "context" => "org_all",
    "exten" => "101",
    "language" => "en",
    "linkedid" => "1744730530.130",
    "priority" => "2",
    "privilege" => "dialplan,all",
    "uniqueid" => "1744730530.130",
    "value" => "",
    "variable" => "DIALEDPEERNAME"
  },
  variables: %{}
}
[2025-04-15 15:22:15.670832Z] %ElixirAmi.Event{
  event: "varset",
  source: :asterisk_connection,
  action_id: nil,
  keys: %{
    "accountcode" => "",
    "calleridname" => "Ivan",
    "calleridnum" => "102",
    "channel" => "PJSIP/102-00000055",
    "channelstate" => "6",
    "channelstatedesc" => "Up",
    "connectedlinename" => "Ivan",
    "connectedlinenum" => "102",
    "context" => "org_all",
    "exten" => "101",
    "language" => "en",
    "linkedid" => "1744730530.130",
    "priority" => "2",
    "privilege" => "dialplan,all",
    "uniqueid" => "1744730530.130",
    "value" => "",
    "variable" => "ANSWEREDTIME"
  },
  variables: %{}
}
[2025-04-15 15:22:15.671099Z] %ElixirAmi.Event{
  event: "varset",
  source: :asterisk_connection,
  action_id: nil,
  keys: %{
    "accountcode" => "",
    "calleridname" => "Ivan",
    "calleridnum" => "102",
    "channel" => "PJSIP/102-00000055",
    "channelstate" => "6",
    "channelstatedesc" => "Up",
    "connectedlinename" => "Ivan",
    "connectedlinenum" => "102",
    "context" => "org_all",
    "exten" => "101",
    "language" => "en",
    "linkedid" => "1744730530.130",
    "priority" => "2",
    "privilege" => "dialplan,all",
    "uniqueid" => "1744730530.130",
    "value" => "",
    "variable" => "ANSWEREDTIME_MS"
  },
  variables: %{}
}
[2025-04-15 15:22:15.671366Z] %ElixirAmi.Event{
  event: "varset",
  source: :asterisk_connection,
  action_id: nil,
  keys: %{
    "accountcode" => "",
    "calleridname" => "Ivan",
    "calleridnum" => "102",
    "channel" => "PJSIP/102-00000055",
    "channelstate" => "6",
    "channelstatedesc" => "Up",
    "connectedlinename" => "Ivan",
    "connectedlinenum" => "102",
    "context" => "org_all",
    "exten" => "101",
    "language" => "en",
    "linkedid" => "1744730530.130",
    "priority" => "2",
    "privilege" => "dialplan,all",
    "uniqueid" => "1744730530.130",
    "value" => "",
    "variable" => "DIALEDTIME"
  },
  variables: %{}
}
[2025-04-15 15:22:15.671643Z] %ElixirAmi.Event{
  event: "varset",
  source: :asterisk_connection,
  action_id: nil,
  keys: %{
    "accountcode" => "",
    "calleridname" => "Ivan",
    "calleridnum" => "102",
    "channel" => "PJSIP/102-00000055",
    "channelstate" => "6",
    "channelstatedesc" => "Up",
    "connectedlinename" => "Ivan",
    "connectedlinenum" => "102",
    "context" => "org_all",
    "exten" => "101",
    "language" => "en",
    "linkedid" => "1744730530.130",
    "priority" => "2",
    "privilege" => "dialplan,all",
    "uniqueid" => "1744730530.130",
    "value" => "",
    "variable" => "DIALEDTIME_MS"
  },
  variables: %{}
}
[2025-04-15 15:22:15.671978Z] %ElixirAmi.Event{
  event: "varset",
  source: :asterisk_connection,
  action_id: nil,
  keys: %{
    "accountcode" => "",
    "calleridname" => "Ivan",
    "calleridnum" => "102",
    "channel" => "PJSIP/102-00000055",
    "channelstate" => "6",
    "channelstatedesc" => "Up",
    "connectedlinename" => "Ivan",
    "connectedlinenum" => "102",
    "context" => "org_all",
    "exten" => "101",
    "language" => "en",
    "linkedid" => "1744730530.130",
    "priority" => "2",
    "privilege" => "dialplan,all",
    "uniqueid" => "1744730530.130",
    "value" => "",
    "variable" => "RINGTIME"
  },
  variables: %{}
}
[2025-04-15 15:22:15.672221Z] %ElixirAmi.Event{
  event: "varset",
  source: :asterisk_connection,
  action_id: nil,
  keys: %{
    "accountcode" => "",
    "calleridname" => "Ivan",
    "calleridnum" => "102",
    "channel" => "PJSIP/102-00000055",
    "channelstate" => "6",
    "channelstatedesc" => "Up",
    "connectedlinename" => "Ivan",
    "connectedlinenum" => "102",
    "context" => "org_all",
    "exten" => "101",
    "language" => "en",
    "linkedid" => "1744730530.130",
    "priority" => "2",
    "privilege" => "dialplan,all",
    "uniqueid" => "1744730530.130",
    "value" => "",
    "variable" => "RINGTIME_MS"
  },
  variables: %{}
}
[2025-04-15 15:22:15.672533Z] %ElixirAmi.Event{
  event: "varset",
  source: :asterisk_connection,
  action_id: nil,
  keys: %{
    "accountcode" => "",
    "calleridname" => "Ivan",
    "calleridnum" => "102",
    "channel" => "PJSIP/102-00000055",
    "channelstate" => "6",
    "channelstatedesc" => "Up",
    "connectedlinename" => "Ivan",
    "connectedlinenum" => "102",
    "context" => "org_all",
    "exten" => "101",
    "language" => "en",
    "linkedid" => "1744730530.130",
    "priority" => "2",
    "privilege" => "dialplan,all",
    "uniqueid" => "1744730530.130",
    "value" => "",
    "variable" => "PROGRESSTIME"
  },
  variables: %{}
}
[2025-04-15 15:22:15.672750Z] %ElixirAmi.Event{
  event: "varset",
  source: :asterisk_connection,
  action_id: nil,
  keys: %{
    "accountcode" => "",
    "calleridname" => "Ivan",
    "calleridnum" => "102",
    "channel" => "PJSIP/102-00000055",
    "channelstate" => "6",
    "channelstatedesc" => "Up",
    "connectedlinename" => "Ivan",
    "connectedlinenum" => "102",
    "context" => "org_all",
    "exten" => "101",
    "language" => "en",
    "linkedid" => "1744730530.130",
    "priority" => "2",
    "privilege" => "dialplan,all",
    "uniqueid" => "1744730530.130",
    "value" => "",
    "variable" => "PROGRESSTIME_MS"
  },
  variables: %{}
}
[2025-04-15 15:22:15.672981Z] %ElixirAmi.Event{
  event: "newchannel",
  source: :asterisk_connection,
  action_id: nil,
  keys: %{
    "accountcode" => "",
    "calleridname" => "101",
    "calleridnum" => "101",
    "channel" => "PJSIP/101-00000056",
    "channelstate" => "0",
    "channelstatedesc" => "Down",
    "connectedlinename" => "<unknown>",
    "connectedlinenum" => "<unknown>",
    "context" => "org_all",
    "exten" => "s",
    "language" => "en",
    "linkedid" => "1744730530.130",
    "priority" => "1",
    "privilege" => "call,all",
    "uniqueid" => "1744730535.131"
  },
  variables: %{}
}
[2025-04-15 15:22:15.673382Z] %ElixirAmi.Event{
  event: "varset",
  source: :asterisk_connection,
  action_id: nil,
  keys: %{
    "accountcode" => "",
    "calleridname" => "101",
    "calleridnum" => "101",
    "channel" => "PJSIP/101-00000056",
    "channelstate" => "0",
    "channelstatedesc" => "Down",
    "connectedlinename" => "<unknown>",
    "connectedlinenum" => "<unknown>",
    "context" => "org_all",
    "exten" => "s",
    "language" => "en",
    "linkedid" => "1744730530.130",
    "priority" => "1",
    "privilege" => "dialplan,all",
    "uniqueid" => "1744730535.131",
    "value" => "101",
    "variable" => "DIALEDPEERNUMBER"
  },
  variables: %{}
}
[2025-04-15 15:22:15.673733Z] %ElixirAmi.Event{
  event: "newexten",
  source: :asterisk_connection,
  action_id: nil,
  keys: %{
    "accountcode" => "",
    "appdata" => "(Outgoing Line)",
    "application" => "AppDial",
    "calleridname" => "101",
    "calleridnum" => "101",
    "channel" => "PJSIP/101-00000056",
    "channelstate" => "0",
    "channelstatedesc" => "Down",
    "connectedlinename" => "Ivan",
    "connectedlinenum" => "102",
    "context" => "org_all",
    "exten" => "101",
    "extension" => "101",
    "language" => "en",
    "linkedid" => "1744730530.130",
    "priority" => "1",
    "privilege" => "dialplan,all",
    "uniqueid" => "1744730535.131"
  },
  variables: %{}
}
[2025-04-15 15:22:15.674007Z] %ElixirAmi.Event{
  event: "newconnectedline",
  source: :asterisk_connection,
  action_id: nil,
  keys: %{
    "accountcode" => "",
    "calleridname" => "101",
    "calleridnum" => "101",
    "channel" => "PJSIP/101-00000056",
    "channelstate" => "0",
    "channelstatedesc" => "Down",
    "connectedlinename" => "Ivan",
    "connectedlinenum" => "102",
    "context" => "org_all",
    "exten" => "101",
    "language" => "en",
    "linkedid" => "1744730530.130",
    "priority" => "1",
    "privilege" => "call,all",
    "uniqueid" => "1744730535.131"
  },
  variables: %{}
}
[2025-04-15 15:22:15.674260Z] %ElixirAmi.Event{
  event: "dialbegin",
  source: :asterisk_connection,
  action_id: nil,
  keys: %{
    "accountcode" => "",
    "calleridname" => "Ivan",
    "calleridnum" => "102",
    "channel" => "PJSIP/102-00000055",
    "channelstate" => "6",
    "channelstatedesc" => "Up",
    "connectedlinename" => "Ivan",
    "connectedlinenum" => "102",
    "context" => "org_all",
    "destaccountcode" => "",
    "destcalleridname" => "101",
    "destcalleridnum" => "101",
    "destchannel" => "PJSIP/101-00000056",
    "destchannelstate" => "0",
    "destchannelstatedesc" => "Down",
    "destconnectedlinename" => "Ivan",
    "destconnectedlinenum" => "102",
    "destcontext" => "org_all",
    "destexten" => "101",
    "destlanguage" => "en",
    "destlinkedid" => "1744730530.130",
    "destpriority" => "1",
    "destuniqueid" => "1744730535.131",
    "dialstring" => "101",
    "exten" => "101",
    "language" => "en",
    "linkedid" => "1744730530.130",
    "priority" => "2",
    "privilege" => "call,all",
    "uniqueid" => "1744730530.130"
  },
  variables: %{}
}
[2025-04-15 15:22:15.674389Z] %ElixirAmi.Event{
  event: "newconnectedline",
  source: :asterisk_connection,
  action_id: nil,
  keys: %{
    "accountcode" => "",
    "calleridname" => "Ivan",
    "calleridnum" => "102",
    "channel" => "PJSIP/102-00000055",
    "channelstate" => "6",
    "channelstatedesc" => "Up",
    "connectedlinename" => "101",
    "connectedlinenum" => "101",
    "context" => "org_all",
    "exten" => "101",
    "language" => "en",
    "linkedid" => "1744730530.130",
    "priority" => "2",
    "privilege" => "call,all",
    "uniqueid" => "1744730530.130"
  },
  variables: %{}
}
[2025-04-15 15:22:15.674698Z] %ElixirAmi.Event{
  event: "newstate",
  source: :asterisk_connection,
  action_id: nil,
  keys: %{
    "accountcode" => "",
    "calleridname" => "101",
    "calleridnum" => "101",
    "channel" => "PJSIP/101-00000056",
    "channelstate" => "5",
    "channelstatedesc" => "Ringing",
    "connectedlinename" => "Ivan",
    "connectedlinenum" => "102",
    "context" => "org_all",
    "exten" => "101",
    "language" => "en",
    "linkedid" => "1744730530.130",
    "priority" => "1",
    "privilege" => "call,all",
    "uniqueid" => "1744730535.131"
  },
  variables: %{}
}
[2025-04-15 15:22:15.675075Z] %ElixirAmi.Event{
  event: "varset",
  source: :asterisk_connection,
  action_id: nil,
  keys: %{
    "accountcode" => "",
    "calleridname" => "Ivan",
    "calleridnum" => "102",
    "channel" => "PJSIP/102-00000055",
    "channelstate" => "6",
    "channelstatedesc" => "Up",
    "connectedlinename" => "101",
    "connectedlinenum" => "101",
    "context" => "org_all",
    "exten" => "101",
    "language" => "en",
    "linkedid" => "1744730530.130",
    "priority" => "2",
    "privilege" => "dialplan,all",
    "uniqueid" => "1744730530.130",
    "value" => "0",
    "variable" => "RINGTIME"
  },
  variables: %{}
}
[2025-04-15 15:22:15.675322Z] %ElixirAmi.Event{
  event: "varset",
  source: :asterisk_connection,
  action_id: nil,
  keys: %{
    "accountcode" => "",
    "calleridname" => "Ivan",
    "calleridnum" => "102",
    "channel" => "PJSIP/102-00000055",
    "channelstate" => "6",
    "channelstatedesc" => "Up",
    "connectedlinename" => "101",
    "connectedlinenum" => "101",
    "context" => "org_all",
    "exten" => "101",
    "language" => "en",
    "linkedid" => "1744730530.130",
    "priority" => "2",
    "privilege" => "dialplan,all",
    "uniqueid" => "1744730530.130",
    "value" => "5",
    "variable" => "RINGTIME_MS"
  },
  variables: %{}
}
[2025-04-15 15:22:15.675734Z] %ElixirAmi.Event{
  event: "dialstate",
  source: :asterisk_connection,
  action_id: nil,
  keys: %{
    "accountcode" => "",
    "calleridname" => "Ivan",
    "calleridnum" => "102",
    "channel" => "PJSIP/102-00000055",
    "channelstate" => "6",
    "channelstatedesc" => "Up",
    "connectedlinename" => "101",
    "connectedlinenum" => "101",
    "context" => "org_all",
    "destaccountcode" => "",
    "destcalleridname" => "101",
    "destcalleridnum" => "101",
    "destchannel" => "PJSIP/101-00000056",
    "destchannelstate" => "5",
    "destchannelstatedesc" => "Ringing",
    "destconnectedlinename" => "Ivan",
    "destconnectedlinenum" => "102",
    "destcontext" => "org_all",
    "destexten" => "101",
    "destlanguage" => "en",
    "destlinkedid" => "1744730530.130",
    "destpriority" => "1",
    "destuniqueid" => "1744730535.131",
    "dialstatus" => "RINGING",
    "exten" => "101",
    "language" => "en",
    "linkedid" => "1744730530.130",
    "priority" => "2",
    "privilege" => "call,all",
    "uniqueid" => "1744730530.130"
  },
  variables: %{}
}
[2025-04-15 15:22:15.872273Z] %ElixirAmi.Event{
  event: "rtcpreceived",
  source: :asterisk_connection,
  action_id: nil,
  keys: %{
    "pt" => "200(SR)",
    "report0highestsequence" => "21034",
    "mes" => "85.4",
    "privilege" => "reporting,all",
    "channelstatedesc" => "Up",
    "uniqueid" => "1744730530.130",
    "sentntp" => "1744755735.206966",
    "report0fractionlost" => "0",
    "sentpackets" => "10",
    "report0lsr" => "0",
    "linkedid" => "1744730530.130",
    "ssrc" => "0xeba95a97",
    "exten" => "101",
    "channel" => "PJSIP/102-00000055",
    "report0iajitter" => "0",
    "sentrtp" => "1648",
    "context" => "org_all",
    "connectedlinename" => "101",
    "priority" => "2",
    "rtt" => "0.0000",
    "to" => "192.168.0.16:15485",
    "reportcount" => "1",
    "language" => "en",
    "sentoctets" => "1600",
    "calleridname" => "Ivan",
    "from" => "192.168.0.16:4103",
    "report0cumulativelost" => "0",
    "report0sequencenumbercycles" => "0",
    "calleridnum" => "102",
    "channelstate" => "6",
    "accountcode" => "",
    "report0dlsr" => "0.0000",
    "report0sourcessrc" => "0x0ebab60c",
    "connectedlinenum" => "101"
  },
  variables: %{}
}
[2025-04-15 15:22:16.021045Z] %ElixirAmi.Event{
  event: "rtcpreceived",
  source: :asterisk_connection,
  action_id: nil,
  keys: %{
    "accountcode" => "",
    "calleridname" => "101",
    "calleridnum" => "101",
    "channel" => "PJSIP/101-00000056",
    "channelstate" => "5",
    "channelstatedesc" => "Ringing",
    "connectedlinename" => "Ivan",
    "connectedlinenum" => "102",
    "context" => "org_all",
    "exten" => "101",
    "from" => "192.168.0.16:4069",
    "language" => "en",
    "linkedid" => "1744730530.130",
    "mes" => "85.4",
    "priority" => "1",
    "privilege" => "reporting,all",
    "pt" => "201(RR)",
    "report0cumulativelost" => "0",
    "report0dlsr" => "0.0000",
    "report0fractionlost" => "0",
    "report0highestsequence" => "0",
    "report0iajitter" => "0",
    "report0lsr" => "0",
    "report0sequencenumbercycles" => "0",
    "report0sourcessrc" => "0x00000000",
    "reportcount" => "1",
    "rtt" => "0.0000",
    "ssrc" => "0x00000000",
    "to" => "192.168.0.16:11757",
    "uniqueid" => "1744730535.131"
  },
  variables: %{}
}
[2025-04-15 15:22:16.021523Z] %ElixirAmi.Event{
  event: "rtcpreceived",
  source: :asterisk_connection,
  action_id: nil,
  keys: %{
    "accountcode" => "",
    "calleridname" => "101",
    "calleridnum" => "101",
    "channel" => "PJSIP/101-00000056",
    "channelstate" => "5",
    "channelstatedesc" => "Ringing",
    "connectedlinename" => "Ivan",
    "connectedlinenum" => "102",
    "context" => "org_all",
    "exten" => "101",
    "from" => "192.168.0.16:4069",
    "language" => "en",
    "linkedid" => "1744730530.130",
    "mes" => "85.4",
    "priority" => "1",
    "privilege" => "reporting,all",
    "pt" => "201(RR)",
    "report0cumulativelost" => "0",
    "report0dlsr" => "0.0000",
    "report0fractionlost" => "0",
    "report0highestsequence" => "0",
    "report0iajitter" => "0",
    "report0lsr" => "0",
    "report0sequencenumbercycles" => "0",
    "report0sourcessrc" => "0x00000000",
    "reportcount" => "1",
    "rtt" => "0.0000",
    "ssrc" => "0x00000000",
    "to" => "192.168.0.16:11757",
    "uniqueid" => "1744730535.131"
  },
  variables: %{}
}
[2025-04-15 15:22:16.021771Z] %ElixirAmi.Event{
  event: "newstate",
  source: :asterisk_connection,
  action_id: nil,
  keys: %{
    "accountcode" => "",
    "calleridname" => "101",
    "calleridnum" => "101",
    "channel" => "PJSIP/101-00000056",
    "channelstate" => "6",
    "channelstatedesc" => "Up",
    "connectedlinename" => "Ivan",
    "connectedlinenum" => "102",
    "context" => "org_all",
    "exten" => "101",
    "language" => "en",
    "linkedid" => "1744730530.130",
    "priority" => "1",
    "privilege" => "call,all",
    "uniqueid" => "1744730535.131"
  },
  variables: %{}
}
[2025-04-15 15:22:16.022022Z] %ElixirAmi.Event{
  event: "varset",
  source: :asterisk_connection,
  action_id: nil,
  keys: %{
    "accountcode" => "",
    "calleridname" => "Ivan",
    "calleridnum" => "102",
    "channel" => "PJSIP/102-00000055",
    "channelstate" => "6",
    "channelstatedesc" => "Up",
    "connectedlinename" => "101",
    "connectedlinenum" => "101",
    "context" => "org_all",
    "exten" => "101",
    "language" => "en",
    "linkedid" => "1744730530.130",
    "priority" => "2",
    "privilege" => "dialplan,all",
    "uniqueid" => "1744730530.130",
    "value" => "ANSWER",
    "variable" => "DIALSTATUS"
  },
  variables: %{}
}
[2025-04-15 15:22:16.022366Z] %ElixirAmi.Event{
  event: "varset",
  source: :asterisk_connection,
  action_id: nil,
  keys: %{
    "accountcode" => "",
    "calleridname" => "Ivan",
    "calleridnum" => "102",
    "channel" => "PJSIP/102-00000055",
    "channelstate" => "6",
    "channelstatedesc" => "Up",
    "connectedlinename" => "101",
    "connectedlinenum" => "101",
    "context" => "org_all",
    "exten" => "101",
    "language" => "en",
    "linkedid" => "1744730530.130",
    "priority" => "2",
    "privilege" => "dialplan,all",
    "uniqueid" => "1744730530.130",
    "value" => "PJSIP/101-00000056",
    "variable" => "DIALEDPEERNAME"
  },
  variables: %{}
}
[2025-04-15 15:22:16.022667Z] %ElixirAmi.Event{
  event: "varset",
  source: :asterisk_connection,
  action_id: nil,
  keys: %{
    "accountcode" => "",
    "calleridname" => "Ivan",
    "calleridnum" => "102",
    "channel" => "PJSIP/102-00000055",
    "channelstate" => "6",
    "channelstatedesc" => "Up",
    "connectedlinename" => "101",
    "connectedlinenum" => "101",
    "context" => "org_all",
    "exten" => "101",
    "language" => "en",
    "linkedid" => "1744730530.130",
    "priority" => "2",
    "privilege" => "dialplan,all",
    "uniqueid" => "1744730530.130",
    "value" => "101",
    "variable" => "DIALEDPEERNUMBER"
  },
  variables: %{}
}
[2025-04-15 15:22:16.023203Z] %ElixirAmi.Event{
  event: "dialend",
  source: :asterisk_connection,
  action_id: nil,
  keys: %{
    "accountcode" => "",
    "calleridname" => "Ivan",
    "calleridnum" => "102",
    "channel" => "PJSIP/102-00000055",
    "channelstate" => "6",
    "channelstatedesc" => "Up",
    "connectedlinename" => "101",
    "connectedlinenum" => "101",
    "context" => "org_all",
    "destaccountcode" => "",
    "destcalleridname" => "101",
    "destcalleridnum" => "101",
    "destchannel" => "PJSIP/101-00000056",
    "destchannelstate" => "6",
    "destchannelstatedesc" => "Up",
    "destconnectedlinename" => "Ivan",
    "destconnectedlinenum" => "102",
    "destcontext" => "org_all",
    "destexten" => "",
    "destlanguage" => "en",
    "destlinkedid" => "1744730530.130",
    "destpriority" => "1",
    "destuniqueid" => "1744730535.131",
    "dialstatus" => "ANSWER",
    "exten" => "101",
    "language" => "en",
    "linkedid" => "1744730530.130",
    "priority" => "2",
    "privilege" => "call,all",
    "uniqueid" => "1744730530.130"
  },
  variables: %{}
}
[2025-04-15 15:22:16.023573Z] %ElixirAmi.Event{
  event: "newexten",
  source: :asterisk_connection,
  action_id: nil,
  keys: %{
    "accountcode" => "",
    "appdata" => "(Outgoing Line)",
    "application" => "AppDial",
    "calleridname" => "101",
    "calleridnum" => "101",
    "channel" => "PJSIP/101-00000056",
    "channelstate" => "6",
    "channelstatedesc" => "Up",
    "connectedlinename" => "Ivan",
    "connectedlinenum" => "102",
    "context" => "org_all",
    "exten" => "",
    "extension" => "",
    "language" => "en",
    "linkedid" => "1744730530.130",
    "priority" => "1",
    "privilege" => "dialplan,all",
    "uniqueid" => "1744730535.131"
  },
  variables: %{}
}
[2025-04-15 15:22:16.023944Z] %ElixirAmi.Event{
  event: "bridgeenter",
  source: :asterisk_connection,
  action_id: nil,
  keys: %{
    "accountcode" => "",
    "bridgecreator" => "<unknown>",
    "bridgename" => "<unknown>",
    "bridgenumchannels" => "1",
    "bridgetechnology" => "simple_bridge",
    "bridgetype" => "basic",
    "bridgeuniqueid" => "7e9f9c56-5e97-4804-bfeb-28b9c96b5b4e",
    "bridgevideosourcemode" => "none",
    "calleridname" => "101",
    "calleridnum" => "101",
    "channel" => "PJSIP/101-00000056",
    "channelstate" => "6",
    "channelstatedesc" => "Up",
    "connectedlinename" => "Ivan",
    "connectedlinenum" => "102",
    "context" => "org_all",
    "exten" => "",
    "language" => "en",
    "linkedid" => "1744730530.130",
    "priority" => "1",
    "privilege" => "call,all",
    "uniqueid" => "1744730535.131"
  },
  variables: %{}
}
[2025-04-15 15:22:16.024246Z] %ElixirAmi.Event{
  event: "bridgeenter",
  source: :asterisk_connection,
  action_id: nil,
  keys: %{
    "accountcode" => "",
    "bridgecreator" => "<unknown>",
    "bridgename" => "<unknown>",
    "bridgenumchannels" => "2",
    "bridgetechnology" => "simple_bridge",
    "bridgetype" => "basic",
    "bridgeuniqueid" => "7e9f9c56-5e97-4804-bfeb-28b9c96b5b4e",
    "bridgevideosourcemode" => "none",
    "calleridname" => "Ivan",
    "calleridnum" => "102",
    "channel" => "PJSIP/102-00000055",
    "channelstate" => "6",
    "channelstatedesc" => "Up",
    "connectedlinename" => "101",
    "connectedlinenum" => "101",
    "context" => "org_all",
    "exten" => "101",
    "language" => "en",
    "linkedid" => "1744730530.130",
    "priority" => "2",
    "privilege" => "call,all",
    "uniqueid" => "1744730530.130"
  },
  variables: %{}
}
[2025-04-15 15:22:16.024394Z] %ElixirAmi.Event{
  event: "varset",
  source: :asterisk_connection,
  action_id: nil,
  keys: %{
    "accountcode" => "",
    "calleridname" => "Ivan",
    "calleridnum" => "102",
    "channel" => "PJSIP/102-00000055",
    "channelstate" => "6",
    "channelstatedesc" => "Up",
    "connectedlinename" => "101",
    "connectedlinenum" => "101",
    "context" => "org_all",
    "exten" => "101",
    "language" => "en",
    "linkedid" => "1744730530.130",
    "priority" => "2",
    "privilege" => "dialplan,all",
    "uniqueid" => "1744730530.130",
    "value" => "PJSIP/101-00000056",
    "variable" => "BRIDGEPEER"
  },
  variables: %{}
}
[2025-04-15 15:22:16.024550Z] %ElixirAmi.Event{
  event: "varset",
  source: :asterisk_connection,
  action_id: nil,
  keys: %{
    "accountcode" => "",
    "calleridname" => "Ivan",
    "calleridnum" => "102",
    "channel" => "PJSIP/102-00000055",
    "channelstate" => "6",
    "channelstatedesc" => "Up",
    "connectedlinename" => "101",
    "connectedlinenum" => "101",
    "context" => "org_all",
    "exten" => "101",
    "language" => "en",
    "linkedid" => "1744730530.130",
    "priority" => "2",
    "privilege" => "dialplan,all",
    "uniqueid" => "1744730530.130",
    "value" => "19685b89-821b-4037-ba75-dc2142a83065",
    "variable" => "BRIDGEPVTCALLID"
  },
  variables: %{}
}
[2025-04-15 15:22:16.024846Z] %ElixirAmi.Event{
  event: "varset",
  source: :asterisk_connection,
  action_id: nil,
  keys: %{
    "accountcode" => "",
    "calleridname" => "101",
    "calleridnum" => "101",
    "channel" => "PJSIP/101-00000056",
    "channelstate" => "6",
    "channelstatedesc" => "Up",
    "connectedlinename" => "Ivan",
    "connectedlinenum" => "102",
    "context" => "org_all",
    "exten" => "",
    "language" => "en",
    "linkedid" => "1744730530.130",
    "priority" => "1",
    "privilege" => "dialplan,all",
    "uniqueid" => "1744730535.131",
    "value" => "PJSIP/102-00000055",
    "variable" => "BRIDGEPEER"
  },
  variables: %{}
}
[2025-04-15 15:22:16.024990Z] %ElixirAmi.Event{
  event: "varset",
  source: :asterisk_connection,
  action_id: nil,
  keys: %{
    "accountcode" => "",
    "calleridname" => "101",
    "calleridnum" => "101",
    "channel" => "PJSIP/101-00000056",
    "channelstate" => "6",
    "channelstatedesc" => "Up",
    "connectedlinename" => "Ivan",
    "connectedlinenum" => "102",
    "context" => "org_all",
    "exten" => "",
    "language" => "en",
    "linkedid" => "1744730530.130",
    "priority" => "1",
    "privilege" => "dialplan,all",
    "uniqueid" => "1744730535.131",
    "value" => "2add7cee-b280-4457-a3fa-b29f744b24ba",
    "variable" => "BRIDGEPVTCALLID"
  },
  variables: %{}
}
[2025-04-15 15:22:16.025172Z] %ElixirAmi.Event{
  event: "varset",
  source: :asterisk_connection,
  action_id: nil,
  keys: %{
    "accountcode" => "",
    "calleridname" => "Ivan",
    "calleridnum" => "102",
    "channel" => "PJSIP/102-00000055",
    "channelstate" => "6",
    "channelstatedesc" => "Up",
    "connectedlinename" => "101",
    "connectedlinenum" => "101",
    "context" => "org_all",
    "exten" => "101",
    "language" => "en",
    "linkedid" => "1744730530.130",
    "priority" => "2",
    "privilege" => "dialplan,all",
    "uniqueid" => "1744730530.130",
    "value" => "PJSIP/101-00000056",
    "variable" => "BRIDGEPEER"
  },
  variables: %{}
}
[2025-04-15 15:22:16.025387Z] %ElixirAmi.Event{
  event: "varset",
  source: :asterisk_connection,
  action_id: nil,
  keys: %{
    "accountcode" => "",
    "calleridname" => "Ivan",
    "calleridnum" => "102",
    "channel" => "PJSIP/102-00000055",
    "channelstate" => "6",
    "channelstatedesc" => "Up",
    "connectedlinename" => "101",
    "connectedlinenum" => "101",
    "context" => "org_all",
    "exten" => "101",
    "language" => "en",
    "linkedid" => "1744730530.130",
    "priority" => "2",
    "privilege" => "dialplan,all",
    "uniqueid" => "1744730530.130",
    "value" => "19685b89-821b-4037-ba75-dc2142a83065",
    "variable" => "BRIDGEPVTCALLID"
  },
  variables: %{}
}
[2025-04-15 15:22:16.025572Z] %ElixirAmi.Event{
  event: "varset",
  source: :asterisk_connection,
  action_id: nil,
  keys: %{
    "accountcode" => "",
    "calleridname" => "101",
    "calleridnum" => "101",
    "channel" => "PJSIP/101-00000056",
    "channelstate" => "6",
    "channelstatedesc" => "Up",
    "connectedlinename" => "Ivan",
    "connectedlinenum" => "102",
    "context" => "org_all",
    "exten" => "",
    "language" => "en",
    "linkedid" => "1744730530.130",
    "priority" => "1",
    "privilege" => "dialplan,all",
    "uniqueid" => "1744730535.131",
    "value" => "PJSIP/102-00000055",
    "variable" => "BRIDGEPEER"
  },
  variables: %{}
}
[2025-04-15 15:22:16.025686Z] %ElixirAmi.Event{
  event: "varset",
  source: :asterisk_connection,
  action_id: nil,
  keys: %{
    "accountcode" => "",
    "calleridname" => "101",
    "calleridnum" => "101",
    "channel" => "PJSIP/101-00000056",
    "channelstate" => "6",
    "channelstatedesc" => "Up",
    "connectedlinename" => "Ivan",
    "connectedlinenum" => "102",
    "context" => "org_all",
    "exten" => "",
    "language" => "en",
    "linkedid" => "1744730530.130",
    "priority" => "1",
    "privilege" => "dialplan,all",
    "uniqueid" => "1744730535.131",
    "value" => "2add7cee-b280-4457-a3fa-b29f744b24ba",
    "variable" => "BRIDGEPVTCALLID"
  },
  variables: %{}
}
[2025-04-15 15:22:16.025883Z] %ElixirAmi.Event{
  event: "varset",
  source: :asterisk_connection,
  action_id: nil,
  keys: %{
    "accountcode" => "",
    "calleridname" => "Ivan",
    "calleridnum" => "102",
    "channel" => "PJSIP/102-00000055",
    "channelstate" => "6",
    "channelstatedesc" => "Up",
    "connectedlinename" => "101",
    "connectedlinenum" => "101",
    "context" => "org_all",
    "exten" => "101",
    "language" => "en",
    "linkedid" => "1744730530.130",
    "priority" => "2",
    "privilege" => "dialplan,all",
    "uniqueid" => "1744730530.130",
    "value" => "PJSIP/101-00000056",
    "variable" => "BRIDGEPEER"
  },
  variables: %{}
}
[2025-04-15 15:22:16.026037Z] %ElixirAmi.Event{
  event: "varset",
  source: :asterisk_connection,
  action_id: nil,
  keys: %{
    "accountcode" => "",
    "calleridname" => "Ivan",
    "calleridnum" => "102",
    "channel" => "PJSIP/102-00000055",
    "channelstate" => "6",
    "channelstatedesc" => "Up",
    "connectedlinename" => "101",
    "connectedlinenum" => "101",
    "context" => "org_all",
    "exten" => "101",
    "language" => "en",
    "linkedid" => "1744730530.130",
    "priority" => "2",
    "privilege" => "dialplan,all",
    "uniqueid" => "1744730530.130",
    "value" => "19685b89-821b-4037-ba75-dc2142a83065",
    "variable" => "BRIDGEPVTCALLID"
  },
  variables: %{}
}
[2025-04-15 15:22:16.026174Z] %ElixirAmi.Event{
  event: "varset",
  source: :asterisk_connection,
  action_id: nil,
  keys: %{
    "accountcode" => "",
    "calleridname" => "101",
    "calleridnum" => "101",
    "channel" => "PJSIP/101-00000056",
    "channelstate" => "6",
    "channelstatedesc" => "Up",
    "connectedlinename" => "Ivan",
    "connectedlinenum" => "102",
    "context" => "org_all",
    "exten" => "",
    "language" => "en",
    "linkedid" => "1744730530.130",
    "priority" => "1",
    "privilege" => "dialplan,all",
    "uniqueid" => "1744730535.131",
    "value" => "PJSIP/102-00000055",
    "variable" => "BRIDGEPEER"
  },
  variables: %{}
}
[2025-04-15 15:22:16.026315Z] %ElixirAmi.Event{
  event: "varset",
  source: :asterisk_connection,
  action_id: nil,
  keys: %{
    "accountcode" => "",
    "calleridname" => "101",
    "calleridnum" => "101",
    "channel" => "PJSIP/101-00000056",
    "channelstate" => "6",
    "channelstatedesc" => "Up",
    "connectedlinename" => "Ivan",
    "connectedlinenum" => "102",
    "context" => "org_all",
    "exten" => "",
    "language" => "en",
    "linkedid" => "1744730530.130",
    "priority" => "1",
    "privilege" => "dialplan,all",
    "uniqueid" => "1744730535.131",
    "value" => "2add7cee-b280-4457-a3fa-b29f744b24ba",
    "variable" => "BRIDGEPVTCALLID"
  },
  variables: %{}
}
[2025-04-15 15:22:16.026537Z] %ElixirAmi.Event{
  event: "varset",
  source: :asterisk_connection,
  action_id: nil,
  keys: %{
    "accountcode" => "",
    "calleridname" => "Ivan",
    "calleridnum" => "102",
    "channel" => "PJSIP/102-00000055",
    "channelstate" => "6",
    "channelstatedesc" => "Up",
    "connectedlinename" => "101",
    "connectedlinenum" => "101",
    "context" => "org_all",
    "exten" => "101",
    "language" => "en",
    "linkedid" => "1744730530.130",
    "priority" => "2",
    "privilege" => "dialplan,all",
    "uniqueid" => "1744730530.130",
    "value" => "/home/rawmn/AsteriskConnector/priv/recordings/102_101_2025-04-151744730530.130.wav",
    "variable" => "MIXMONITOR_FILENAME"
  },
  variables: %{}
}
[2025-04-15 15:22:16.026761Z] %ElixirAmi.Event{
  event: "mixmonitorstart",
  source: :asterisk_connection,
  action_id: nil,
  keys: %{
    "accountcode" => "",
    "calleridname" => "Ivan",
    "calleridnum" => "102",
    "channel" => "PJSIP/102-00000055",
    "channelstate" => "6",
    "channelstatedesc" => "Up",
    "connectedlinename" => "101",
    "connectedlinenum" => "101",
    "context" => "org_all",
    "exten" => "101",
    "language" => "en",
    "linkedid" => "1744730530.130",
    "priority" => "2",
    "privilege" => "call,all",
    "uniqueid" => "1744730530.130"
  },
  variables: %{}
}
[2025-04-15 15:22:16.026953Z] %ElixirAmi.Event{
  event: "varset",
  source: :asterisk_connection,
  action_id: nil,
  keys: %{
    "accountcode" => "",
    "calleridname" => "Ivan",
    "calleridnum" => "102",
    "channel" => "PJSIP/102-00000055",
    "channelstate" => "6",
    "channelstatedesc" => "Up",
    "connectedlinename" => "101",
    "connectedlinenum" => "101",
    "context" => "org_all",
    "exten" => "101",
    "language" => "en",
    "linkedid" => "1744730530.130",
    "priority" => "2",
    "privilege" => "dialplan,all",
    "uniqueid" => "1744730530.130",
    "value" => "PJSIP/101-00000056",
    "variable" => "BRIDGEPEER"
  },
  variables: %{}
}
[2025-04-15 15:22:16.027176Z] %ElixirAmi.Event{
  event: "varset",
  source: :asterisk_connection,
  action_id: nil,
  keys: %{
    "accountcode" => "",
    "calleridname" => "Ivan",
    "calleridnum" => "102",
    "channel" => "PJSIP/102-00000055",
    "channelstate" => "6",
    "channelstatedesc" => "Up",
    "connectedlinename" => "101",
    "connectedlinenum" => "101",
    "context" => "org_all",
    "exten" => "101",
    "language" => "en",
    "linkedid" => "1744730530.130",
    "priority" => "2",
    "privilege" => "dialplan,all",
    "uniqueid" => "1744730530.130",
    "value" => "19685b89-821b-4037-ba75-dc2142a83065",
    "variable" => "BRIDGEPVTCALLID"
  },
  variables: %{}
}
[2025-04-15 15:22:16.027406Z] %ElixirAmi.Event{
  event: "varset",
  source: :asterisk_connection,
  action_id: nil,
  keys: %{
    "accountcode" => "",
    "calleridname" => "101",
    "calleridnum" => "101",
    "channel" => "PJSIP/101-00000056",
    "channelstate" => "6",
    "channelstatedesc" => "Up",
    "connectedlinename" => "Ivan",
    "connectedlinenum" => "102",
    "context" => "org_all",
    "exten" => "",
    "language" => "en",
    "linkedid" => "1744730530.130",
    "priority" => "1",
    "privilege" => "dialplan,all",
    "uniqueid" => "1744730535.131",
    "value" => "PJSIP/102-00000055",
    "variable" => "BRIDGEPEER"
  },
  variables: %{}
}
[2025-04-15 15:22:16.027637Z] %ElixirAmi.Event{
  event: "varset",
  source: :asterisk_connection,
  action_id: nil,
  keys: %{
    "accountcode" => "",
    "calleridname" => "101",
    "calleridnum" => "101",
    "channel" => "PJSIP/101-00000056",
    "channelstate" => "6",
    "channelstatedesc" => "Up",
    "connectedlinename" => "Ivan",
    "connectedlinenum" => "102",
    "context" => "org_all",
    "exten" => "",
    "language" => "en",
    "linkedid" => "1744730530.130",
    "priority" => "1",
    "privilege" => "dialplan,all",
    "uniqueid" => "1744730535.131",
    "value" => "2add7cee-b280-4457-a3fa-b29f744b24ba",
    "variable" => "BRIDGEPVTCALLID"
  },
  variables: %{}
}
[2025-04-15 15:22:16.027898Z] %ElixirAmi.Event{
  event: "varset",
  source: :asterisk_connection,
  action_id: nil,
  keys: %{
    "accountcode" => "",
    "calleridname" => "Ivan",
    "calleridnum" => "102",
    "channel" => "PJSIP/102-00000055",
    "channelstate" => "6",
    "channelstatedesc" => "Up",
    "connectedlinename" => "101",
    "connectedlinenum" => "101",
    "context" => "org_all",
    "exten" => "101",
    "language" => "en",
    "linkedid" => "1744730530.130",
    "priority" => "2",
    "privilege" => "dialplan,all",
    "uniqueid" => "1744730530.130",
    "value" => "PJSIP/101-00000056",
    "variable" => "BRIDGEPEER"
  },
  variables: %{}
}
[2025-04-15 15:22:16.028359Z] %ElixirAmi.Event{
  event: "varset",
  source: :asterisk_connection,
  action_id: nil,
  keys: %{
    "accountcode" => "",
    "calleridname" => "Ivan",
    "calleridnum" => "102",
    "channel" => "PJSIP/102-00000055",
    "channelstate" => "6",
    "channelstatedesc" => "Up",
    "connectedlinename" => "101",
    "connectedlinenum" => "101",
    "context" => "org_all",
    "exten" => "101",
    "language" => "en",
    "linkedid" => "1744730530.130",
    "priority" => "2",
    "privilege" => "dialplan,all",
    "uniqueid" => "1744730530.130",
    "value" => "19685b89-821b-4037-ba75-dc2142a83065",
    "variable" => "BRIDGEPVTCALLID"
  },
  variables: %{}
}
[2025-04-15 15:22:16.028850Z] %ElixirAmi.Event{
  event: "varset",
  source: :asterisk_connection,
  action_id: nil,
  keys: %{
    "accountcode" => "",
    "calleridname" => "101",
    "calleridnum" => "101",
    "channel" => "PJSIP/101-00000056",
    "channelstate" => "6",
    "channelstatedesc" => "Up",
    "connectedlinename" => "Ivan",
    "connectedlinenum" => "102",
    "context" => "org_all",
    "exten" => "",
    "language" => "en",
    "linkedid" => "1744730530.130",
    "priority" => "1",
    "privilege" => "dialplan,all",
    "uniqueid" => "1744730535.131",
    "value" => "PJSIP/102-00000055",
    "variable" => "BRIDGEPEER"
  },
  variables: %{}
}
[2025-04-15 15:22:16.029067Z] %ElixirAmi.Event{
  event: "varset",
  source: :asterisk_connection,
  action_id: nil,
  keys: %{
    "accountcode" => "",
    "calleridname" => "101",
    "calleridnum" => "101",
    "channel" => "PJSIP/101-00000056",
    "channelstate" => "6",
    "channelstatedesc" => "Up",
    "connectedlinename" => "Ivan",
    "connectedlinenum" => "102",
    "context" => "org_all",
    "exten" => "",
    "language" => "en",
    "linkedid" => "1744730530.130",
    "priority" => "1",
    "privilege" => "dialplan,all",
    "uniqueid" => "1744730535.131",
    "value" => "2add7cee-b280-4457-a3fa-b29f744b24ba",
    "variable" => "BRIDGEPVTCALLID"
  },
  variables: %{}
}
[2025-04-15 15:22:16.029303Z] %ElixirAmi.Event{
  event: "varset",
  source: :asterisk_connection,
  action_id: nil,
  keys: %{
    "accountcode" => "",
    "calleridname" => "Ivan",
    "calleridnum" => "102",
    "channel" => "PJSIP/102-00000055",
    "channelstate" => "6",
    "channelstatedesc" => "Up",
    "connectedlinename" => "101",
    "connectedlinenum" => "101",
    "context" => "org_all",
    "exten" => "101",
    "language" => "en",
    "linkedid" => "1744730530.130",
    "priority" => "2",
    "privilege" => "dialplan,all",
    "uniqueid" => "1744730530.130",
    "value" => "PJSIP/101-00000056",
    "variable" => "BRIDGEPEER"
  },
  variables: %{}
}
[2025-04-15 15:22:16.029564Z] %ElixirAmi.Event{
  event: "varset",
  source: :asterisk_connection,
  action_id: nil,
  keys: %{
    "accountcode" => "",
    "calleridname" => "Ivan",
    "calleridnum" => "102",
    "channel" => "PJSIP/102-00000055",
    "channelstate" => "6",
    "channelstatedesc" => "Up",
    "connectedlinename" => "101",
    "connectedlinenum" => "101",
    "context" => "org_all",
    "exten" => "101",
    "language" => "en",
    "linkedid" => "1744730530.130",
    "priority" => "2",
    "privilege" => "dialplan,all",
    "uniqueid" => "1744730530.130",
    "value" => "19685b89-821b-4037-ba75-dc2142a83065",
    "variable" => "BRIDGEPVTCALLID"
  },
  variables: %{}
}
[2025-04-15 15:22:16.029782Z] %ElixirAmi.Event{
  event: "varset",
  source: :asterisk_connection,
  action_id: nil,
  keys: %{
    "accountcode" => "",
    "calleridname" => "101",
    "calleridnum" => "101",
    "channel" => "PJSIP/101-00000056",
    "channelstate" => "6",
    "channelstatedesc" => "Up",
    "connectedlinename" => "Ivan",
    "connectedlinenum" => "102",
    "context" => "org_all",
    "exten" => "",
    "language" => "en",
    "linkedid" => "1744730530.130",
    "priority" => "1",
    "privilege" => "dialplan,all",
    "uniqueid" => "1744730535.131",
    "value" => "PJSIP/102-00000055",
    "variable" => "BRIDGEPEER"
  },
  variables: %{}
}
[2025-04-15 15:22:16.030049Z] %ElixirAmi.Event{
  event: "varset",
  source: :asterisk_connection,
  action_id: nil,
  keys: %{
    "accountcode" => "",
    "calleridname" => "101",
    "calleridnum" => "101",
    "channel" => "PJSIP/101-00000056",
    "channelstate" => "6",
    "channelstatedesc" => "Up",
    "connectedlinename" => "Ivan",
    "connectedlinenum" => "102",
    "context" => "org_all",
    "exten" => "",
    "language" => "en",
    "linkedid" => "1744730530.130",
    "priority" => "1",
    "privilege" => "dialplan,all",
    "uniqueid" => "1744730535.131",
    "value" => "2add7cee-b280-4457-a3fa-b29f744b24ba",
    "variable" => "BRIDGEPVTCALLID"
  },
  variables: %{}
}
[2025-04-15 15:22:16.217428Z] %ElixirAmi.Event{
  event: "rtcpreceived",
  source: :asterisk_connection,
  action_id: nil,
  keys: %{
    "pt" => "200(SR)",
    "report0highestsequence" => "20828",
    "mes" => "85.4",
    "privilege" => "reporting,all",
    "channelstatedesc" => "Up",
    "uniqueid" => "1744730535.131",
    "sentntp" => "1744755736.197226",
    "report0fractionlost" => "0",
    "sentpackets" => "10",
    "report0lsr" => "0",
    "linkedid" => "1744730530.130",
    "ssrc" => "0xeba95a98",
    "exten" => "",
    "channel" => "PJSIP/101-00000056",
    "report0iajitter" => "0",
    "sentrtp" => "1576",
    "context" => "org_all",
    "connectedlinename" => "Ivan",
    "priority" => "1",
    "rtt" => "0.0000",
    "to" => "192.168.0.16:11757",
    "reportcount" => "1",
    "language" => "en",
    "sentoctets" => "1600",
    "calleridname" => "101",
    "from" => "192.168.0.16:4069",
    "report0cumulativelost" => "0",
    "report0sequencenumbercycles" => "0",
    "calleridnum" => "101",
    "channelstate" => "6",
    "accountcode" => "",
    "report0dlsr" => "0.0000",
    "report0sourcessrc" => "0x47f4a033",
    "connectedlinenum" => "102"
  },
  variables: %{}
}
[2025-04-15 15:22:18.048375Z] %ElixirAmi.Event{
  event: "rtcpreceived",
  source: :asterisk_connection,
  action_id: nil,
  keys: %{
    "pt" => "200(SR)",
    "report0highestsequence" => "20919",
    "mes" => "85.4",
    "privilege" => "reporting,all",
    "channelstatedesc" => "Up",
    "uniqueid" => "1744730535.131",
    "sentntp" => "1744755738.028127",
    "report0fractionlost" => "0",
    "sentpackets" => "102",
    "report0lsr" => "0",
    "linkedid" => "1744730530.130",
    "ssrc" => "0xeba95a9a",
    "exten" => "",
    "channel" => "PJSIP/101-00000056",
    "report0iajitter" => "6",
    "sentrtp" => "16224",
    "context" => "org_all",
    "connectedlinename" => "Ivan",
    "priority" => "1",
    "rtt" => "0.0000",
    "to" => "192.168.0.16:11757",
    "reportcount" => "1",
    "language" => "en",
    "sentoctets" => "16320",
    "calleridname" => "101",
    "from" => "192.168.0.16:4069",
    "report0cumulativelost" => "0",
    "report0sequencenumbercycles" => "0",
    "calleridnum" => "101",
    "channelstate" => "6",
    "accountcode" => "",
    "report0dlsr" => "0.0000",
    "report0sourcessrc" => "0x47f4a033",
    "connectedlinenum" => "102"
  },
  variables: %{}
}
[2025-04-15 15:22:18.048952Z] %ElixirAmi.Event{
  event: "rtcpreceived",
  source: :asterisk_connection,
  action_id: nil,
  keys: %{
    "accountcode" => "",
    "calleridname" => "101",
    "calleridnum" => "101",
    "channel" => "PJSIP/101-00000056",
    "channelstate" => "6",
    "channelstatedesc" => "Up",
    "connectedlinename" => "Ivan",
    "connectedlinenum" => "102",
    "context" => "org_all",
    "exten" => "",
    "from" => "192.168.0.16:4069",
    "language" => "en",
    "linkedid" => "1744730530.130",
    "mes" => "85.4",
    "priority" => "1",
    "privilege" => "reporting,all",
    "pt" => "201(RR)",
    "report0cumulativelost" => "0",
    "report0dlsr" => "0.0000",
    "report0fractionlost" => "0",
    "report0highestsequence" => "20919",
    "report0iajitter" => "6",
    "report0lsr" => "0",
    "report0sequencenumbercycles" => "0",
    "report0sourcessrc" => "0x47f4a033",
    "reportcount" => "1",
    "rtt" => "0.0000",
    "ssrc" => "0x47f4a033",
    "to" => "192.168.0.16:11757",
    "uniqueid" => "1744730535.131"
  },
  variables: %{}
}
[2025-04-15 15:22:18.049171Z] %ElixirAmi.Event{
  event: "varset",
  source: :asterisk_connection,
  action_id: nil,
  keys: %{
    "accountcode" => "",
    "calleridname" => "101",
    "calleridnum" => "101",
    "channel" => "PJSIP/101-00000056",
    "channelstate" => "6",
    "channelstatedesc" => "Up",
    "connectedlinename" => "Ivan",
    "connectedlinenum" => "102",
    "context" => "org_all",
    "exten" => "",
    "language" => "en",
    "linkedid" => "1744730530.130",
    "priority" => "1",
    "privilege" => "dialplan,all",
    "uniqueid" => "1744730535.131",
    "value" => "ssrc=1207214131;themssrc=2145481863;lp=0;rxjitter=0.000750;rxcount=102;txjitter=0.000625;txcount=101;rlp=0;rtt=0.000000;rxmes=85.367289;txmes=0.000000",
    "variable" => "RTPAUDIOQOS"
  },
  variables: %{}
}
[2025-04-15 15:22:18.049380Z] %ElixirAmi.Event{
  event: "varset",
  source: :asterisk_connection,
  action_id: nil,
  keys: %{
    "accountcode" => "",
    "calleridname" => "Ivan",
    "calleridnum" => "102",
    "channel" => "PJSIP/102-00000055",
    "channelstate" => "6",
    "channelstatedesc" => "Up",
    "connectedlinename" => "101",
    "connectedlinenum" => "101",
    "context" => "org_all",
    "exten" => "101",
    "language" => "en",
    "linkedid" => "1744730530.130",
    "priority" => "2",
    "privilege" => "dialplan,all",
    "uniqueid" => "1744730530.130",
    "value" => "ssrc=1207214131;themssrc=2145481863;lp=0;rxjitter=0.000750;rxcount=102;txjitter=0.000625;txcount=101;rlp=0;rtt=0.000000;rxmes=85.367289;txmes=0.000000",
    "variable" => "RTPAUDIOQOSBRIDGED"
  },
  variables: %{}
}
[2025-04-15 15:22:18.049705Z] %ElixirAmi.Event{
  event: "varset",
  source: :asterisk_connection,
  action_id: nil,
  keys: %{
    "accountcode" => "",
    "calleridname" => "101",
    "calleridnum" => "101",
    "channel" => "PJSIP/101-00000056",
    "channelstate" => "6",
    "channelstatedesc" => "Up",
    "connectedlinename" => "Ivan",
    "connectedlinenum" => "102",
    "context" => "org_all",
    "exten" => "",
    "language" => "en",
    "linkedid" => "1744730530.130",
    "priority" => "1",
    "privilege" => "dialplan,all",
    "uniqueid" => "1744730535.131",
    "value" => "minrxjitter=000.000125;maxrxjitter=000.000750;avgrxjitter=000.000575;stdevrxjitter=000.000173;mintxjitter=000.000000;maxtxjitter=000.000750;avgtxjitter=000.000300;stdevtxjitter=000.000367;",
    "variable" => "RTPAUDIOQOSJITTER"
  },
  variables: %{}
}
[2025-04-15 15:22:18.049989Z] %ElixirAmi.Event{
  event: "varset",
  source: :asterisk_connection,
  action_id: nil,
  keys: %{
    "accountcode" => "",
    "calleridname" => "Ivan",
    "calleridnum" => "102",
    "channel" => "PJSIP/102-00000055",
    "channelstate" => "6",
    "channelstatedesc" => "Up",
    "connectedlinename" => "101",
    "connectedlinenum" => "101",
    "context" => "org_all",
    "exten" => "101",
    "language" => "en",
    "linkedid" => "1744730530.130",
    "priority" => "2",
    "privilege" => "dialplan,all",
    "uniqueid" => "1744730530.130",
    "value" => "minrxjitter=000.000125;maxrxjitter=000.000750;avgrxjitter=000.000575;stdevrxjitter=000.000173;mintxjitter=000.000000;maxtxjitter=000.000750;avgtxjitter=000.000300;stdevtxjitter=000.000367;",
    "variable" => "RTPAUDIOQOSJITTERBRIDGED"
  },
  variables: %{}
}
[2025-04-15 15:22:18.050192Z] %ElixirAmi.Event{
  event: "varset",
  source: :asterisk_connection,
  action_id: nil,
  keys: %{
    "accountcode" => "",
    "calleridname" => "101",
    "calleridnum" => "101",
    "channel" => "PJSIP/101-00000056",
    "channelstate" => "6",
    "channelstatedesc" => "Up",
    "connectedlinename" => "Ivan",
    "connectedlinenum" => "102",
    "context" => "org_all",
    "exten" => "",
    "language" => "en",
    "linkedid" => "1744730530.130",
    "priority" => "1",
    "privilege" => "dialplan,all",
    "uniqueid" => "1744730535.131",
    "value" => "minrxlost=000.000000;  maxrxlost=000.000000;  avgrxlost=000.000000;  stdevrxlost=000.000000;  mintxlost=000.000000;  maxtxlost=000.000000;  avgtxlost=000.000000;  stdevtxlost=000.000000;",
    "variable" => "RTPAUDIOQOSLOSS"
  },
  variables: %{}
}
[2025-04-15 15:22:18.050594Z] %ElixirAmi.Event{
  event: "varset",
  source: :asterisk_connection,
  action_id: nil,
  keys: %{
    "accountcode" => "",
    "calleridname" => "Ivan",
    "calleridnum" => "102",
    "channel" => "PJSIP/102-00000055",
    "channelstate" => "6",
    "channelstatedesc" => "Up",
    "connectedlinename" => "101",
    "connectedlinenum" => "101",
    "context" => "org_all",
    "exten" => "101",
    "language" => "en",
    "linkedid" => "1744730530.130",
    "priority" => "2",
    "privilege" => "dialplan,all",
    "uniqueid" => "1744730530.130",
    "value" => "minrxlost=000.000000;  maxrxlost=000.000000;  avgrxlost=000.000000;  stdevrxlost=000.000000;  mintxlost=000.000000;  maxtxlost=000.000000;  avgtxlost=000.000000;  stdevtxlost=000.000000;",
    "variable" => "RTPAUDIOQOSLOSSBRIDGED"
  },
  variables: %{}
}
[2025-04-15 15:22:18.050839Z] %ElixirAmi.Event{
  event: "varset",
  source: :asterisk_connection,
  action_id: nil,
  keys: %{
    "accountcode" => "",
    "calleridname" => "101",
    "calleridnum" => "101",
    "channel" => "PJSIP/101-00000056",
    "channelstate" => "6",
    "channelstatedesc" => "Up",
    "connectedlinename" => "Ivan",
    "connectedlinenum" => "102",
    "context" => "org_all",
    "exten" => "",
    "language" => "en",
    "linkedid" => "1744730530.130",
    "priority" => "1",
    "privilege" => "dialplan,all",
    "uniqueid" => "1744730535.131",
    "value" => "minrtt=000.000000;     maxrtt=000.000000;     avgrtt=000.000000;     stdevrtt=000.000000;",
    "variable" => "RTPAUDIOQOSRTT"
  },
  variables: %{}
}
[2025-04-15 15:22:18.051252Z] %ElixirAmi.Event{
  event: "varset",
  source: :asterisk_connection,
  action_id: nil,
  keys: %{
    "accountcode" => "",
    "calleridname" => "Ivan",
    "calleridnum" => "102",
    "channel" => "PJSIP/102-00000055",
    "channelstate" => "6",
    "channelstatedesc" => "Up",
    "connectedlinename" => "101",
    "connectedlinenum" => "101",
    "context" => "org_all",
    "exten" => "101",
    "language" => "en",
    "linkedid" => "1744730530.130",
    "priority" => "2",
    "privilege" => "dialplan,all",
    "uniqueid" => "1744730530.130",
    "value" => "minrtt=000.000000;     maxrtt=000.000000;     avgrtt=000.000000;     stdevrtt=000.000000;",
    "variable" => "RTPAUDIOQOSRTTBRIDGED"
  },
  variables: %{}
}
[2025-04-15 15:22:18.051479Z] %ElixirAmi.Event{
  event: "varset",
  source: :asterisk_connection,
  action_id: nil,
  keys: %{
    "accountcode" => "",
    "calleridname" => "101",
    "calleridnum" => "101",
    "channel" => "PJSIP/101-00000056",
    "channelstate" => "6",
    "channelstatedesc" => "Up",
    "connectedlinename" => "Ivan",
    "connectedlinenum" => "102",
    "context" => "org_all",
    "exten" => "",
    "language" => "en",
    "linkedid" => "1744730530.130",
    "priority" => "1",
    "privilege" => "dialplan,all",
    "uniqueid" => "1744730535.131",
    "value" => "minrxmes=000.000000;   maxrxmes=000.000000;   avgrxmes=000.000000;   stdevrxmes=000.000173;   mintxmes=085.367289;   maxtxmes=085.367289;   avgtxmes=085.367289;   stdevtxmes=000.000000;",
    "variable" => "RTPAUDIOQOSMES"
  },
  variables: %{}
}
[2025-04-15 15:22:18.051660Z] %ElixirAmi.Event{
  event: "varset",
  source: :asterisk_connection,
  action_id: nil,
  keys: %{
    "accountcode" => "",
    "calleridname" => "Ivan",
    "calleridnum" => "102",
    "channel" => "PJSIP/102-00000055",
    "channelstate" => "6",
    "channelstatedesc" => "Up",
    "connectedlinename" => "101",
    "connectedlinenum" => "101",
    "context" => "org_all",
    "exten" => "101",
    "language" => "en",
    "linkedid" => "1744730530.130",
    "priority" => "2",
    "privilege" => "dialplan,all",
    "uniqueid" => "1744730530.130",
    "value" => "minrxmes=000.000000;   maxrxmes=000.000000;   avgrxmes=000.000000;   stdevrxmes=000.000173;   mintxmes=085.367289;   maxtxmes=085.367289;   avgtxmes=085.367289;   stdevtxmes=000.000000;",
    "variable" => "RTPAUDIOQOSMESBRIDGED"
  },
  variables: %{}
}
[2025-04-15 15:22:18.051814Z] %ElixirAmi.Event{
  event: "hanguprequest",
  source: :asterisk_connection,
  action_id: nil,
  keys: %{
    "accountcode" => "",
    "calleridname" => "101",
    "calleridnum" => "101",
    "channel" => "PJSIP/101-00000056",
    "channelstate" => "6",
    "channelstatedesc" => "Up",
    "connectedlinename" => "Ivan",
    "connectedlinenum" => "102",
    "context" => "org_all",
    "exten" => "",
    "language" => "en",
    "linkedid" => "1744730530.130",
    "priority" => "1",
    "privilege" => "call,all",
    "uniqueid" => "1744730535.131"
  },
  variables: %{}
}
[2025-04-15 15:22:18.052072Z] %ElixirAmi.Event{
  event: "varset",
  source: :asterisk_connection,
  action_id: nil,
  keys: %{
    "accountcode" => "",
    "calleridname" => "101",
    "calleridnum" => "101",
    "channel" => "PJSIP/101-00000056",
    "channelstate" => "6",
    "channelstatedesc" => "Up",
    "connectedlinename" => "Ivan",
    "connectedlinenum" => "102",
    "context" => "org_all",
    "exten" => "",
    "language" => "en",
    "linkedid" => "1744730530.130",
    "priority" => "1",
    "privilege" => "dialplan,all",
    "uniqueid" => "1744730535.131",
    "value" => "",
    "variable" => "BRIDGEPEER"
  },
  variables: %{}
}
[2025-04-15 15:22:18.052273Z] %ElixirAmi.Event{
  event: "varset",
  source: :asterisk_connection,
  action_id: nil,
  keys: %{
    "accountcode" => "",
    "calleridname" => "101",
    "calleridnum" => "101",
    "channel" => "PJSIP/101-00000056",
    "channelstate" => "6",
    "channelstatedesc" => "Up",
    "connectedlinename" => "Ivan",
    "connectedlinenum" => "102",
    "context" => "org_all",
    "exten" => "",
    "language" => "en",
    "linkedid" => "1744730530.130",
    "priority" => "1",
    "privilege" => "dialplan,all",
    "uniqueid" => "1744730535.131",
    "value" => "",
    "variable" => "BRIDGEPVTCALLID"
  },
  variables: %{}
}
[2025-04-15 15:22:18.052575Z] %ElixirAmi.Event{
  event: "varset",
  source: :asterisk_connection,
  action_id: nil,
  keys: %{
    "accountcode" => "",
    "calleridname" => "Ivan",
    "calleridnum" => "102",
    "channel" => "PJSIP/102-00000055",
    "channelstate" => "6",
    "channelstatedesc" => "Up",
    "connectedlinename" => "101",
    "connectedlinenum" => "101",
    "context" => "org_all",
    "exten" => "101",
    "language" => "en",
    "linkedid" => "1744730530.130",
    "priority" => "2",
    "privilege" => "dialplan,all",
    "uniqueid" => "1744730530.130",
    "value" => "",
    "variable" => "BRIDGEPEER"
  },
  variables: %{}
}
[2025-04-15 15:22:18.052789Z] %ElixirAmi.Event{
  event: "varset",
  source: :asterisk_connection,
  action_id: nil,
  keys: %{
    "accountcode" => "",
    "calleridname" => "Ivan",
    "calleridnum" => "102",
    "channel" => "PJSIP/102-00000055",
    "channelstate" => "6",
    "channelstatedesc" => "Up",
    "connectedlinename" => "101",
    "connectedlinenum" => "101",
    "context" => "org_all",
    "exten" => "101",
    "language" => "en",
    "linkedid" => "1744730530.130",
    "priority" => "2",
    "privilege" => "dialplan,all",
    "uniqueid" => "1744730530.130",
    "value" => "",
    "variable" => "BRIDGEPVTCALLID"
  },
  variables: %{}
}
[2025-04-15 15:22:18.053051Z] %ElixirAmi.Event{
  event: "bridgeleave",
  source: :asterisk_connection,
  action_id: nil,
  keys: %{
    "accountcode" => "",
    "bridgecreator" => "<unknown>",
    "bridgename" => "<unknown>",
    "bridgenumchannels" => "1",
    "bridgetechnology" => "simple_bridge",
    "bridgetype" => "basic",
    "bridgeuniqueid" => "7e9f9c56-5e97-4804-bfeb-28b9c96b5b4e",
    "bridgevideosourcemode" => "none",
    "calleridname" => "101",
    "calleridnum" => "101",
    "channel" => "PJSIP/101-00000056",
    "channelstate" => "6",
    "channelstatedesc" => "Up",
    "connectedlinename" => "Ivan",
    "connectedlinenum" => "102",
    "context" => "org_all",
    "exten" => "",
    "language" => "en",
    "linkedid" => "1744730530.130",
    "priority" => "1",
    "privilege" => "call,all",
    "uniqueid" => "1744730535.131"
  },
  variables: %{}
}
[2025-04-15 15:22:18.053266Z] %ElixirAmi.Event{
  event: "bridgeleave",
  source: :asterisk_connection,
  action_id: nil,
  keys: %{
    "accountcode" => "",
    "bridgecreator" => "<unknown>",
    "bridgename" => "<unknown>",
    "bridgenumchannels" => "0",
    "bridgetechnology" => "simple_bridge",
    "bridgetype" => "basic",
    "bridgeuniqueid" => "7e9f9c56-5e97-4804-bfeb-28b9c96b5b4e",
    "bridgevideosourcemode" => "none",
    "calleridname" => "Ivan",
    "calleridnum" => "102",
    "channel" => "PJSIP/102-00000055",
    "channelstate" => "6",
    "channelstatedesc" => "Up",
    "connectedlinename" => "101",
    "connectedlinenum" => "101",
    "context" => "org_all",
    "exten" => "101",
    "language" => "en",
    "linkedid" => "1744730530.130",
    "priority" => "2",
    "privilege" => "call,all",
    "uniqueid" => "1744730530.130"
  },
  variables: %{}
}
[2025-04-15 15:22:18.053610Z] %ElixirAmi.Event{
  event: "varset",
  source: :asterisk_connection,
  action_id: nil,
  keys: %{
    "accountcode" => "",
    "calleridname" => "101",
    "calleridnum" => "101",
    "channel" => "PJSIP/101-00000056",
    "channelstate" => "6",
    "channelstatedesc" => "Up",
    "connectedlinename" => "Ivan",
    "connectedlinenum" => "102",
    "context" => "org_all",
    "exten" => "",
    "language" => "en",
    "linkedid" => "1744730530.130",
    "priority" => "1",
    "privilege" => "dialplan,all",
    "uniqueid" => "1744730535.131",
    "value" => "ssrc=1207214131;themssrc=2145481863;lp=0;rxjitter=0.000750;rxcount=102;txjitter=0.000625;txcount=101;rlp=0;rtt=0.000000;rxmes=85.367289;txmes=0.000000",
    "variable" => "RTPAUDIOQOS"
  },
  variables: %{}
}
[2025-04-15 15:22:18.053783Z] %ElixirAmi.Event{
  event: "varset",
  source: :asterisk_connection,
  action_id: nil,
  keys: %{
    "accountcode" => "",
    "calleridname" => "Ivan",
    "calleridnum" => "102",
    "channel" => "PJSIP/102-00000055",
    "channelstate" => "6",
    "channelstatedesc" => "Up",
    "connectedlinename" => "101",
    "connectedlinenum" => "101",
    "context" => "org_all",
    "exten" => "101",
    "language" => "en",
    "linkedid" => "1744730530.130",
    "priority" => "2",
    "privilege" => "dialplan,all",
    "uniqueid" => "1744730530.130",
    "value" => "2",
    "variable" => "ANSWEREDTIME"
  },
  variables: %{}
}
[2025-04-15 15:22:18.053999Z] %ElixirAmi.Event{
  event: "varset",
  source: :asterisk_connection,
  action_id: nil,
  keys: %{
    "accountcode" => "",
    "calleridname" => "Ivan",
    "calleridnum" => "102",
    "channel" => "PJSIP/102-00000055",
    "channelstate" => "6",
    "channelstatedesc" => "Up",
    "connectedlinename" => "101",
    "connectedlinenum" => "101",
    "context" => "org_all",
    "exten" => "101",
    "language" => "en",
    "linkedid" => "1744730530.130",
    "priority" => "2",
    "privilege" => "dialplan,all",
    "uniqueid" => "1744730530.130",
    "value" => "2383",
    "variable" => "ANSWEREDTIME_MS"
  },
  variables: %{}
}
[2025-04-15 15:22:18.054219Z] %ElixirAmi.Event{
  event: "varset",
  source: :asterisk_connection,
  action_id: nil,
  keys: %{
    "accountcode" => "",
    "calleridname" => "101",
    "calleridnum" => "101",
    "channel" => "PJSIP/101-00000056",
    "channelstate" => "6",
    "channelstatedesc" => "Up",
    "connectedlinename" => "Ivan",
    "connectedlinenum" => "102",
    "context" => "org_all",
    "exten" => "",
    "language" => "en",
    "linkedid" => "1744730530.130",
    "priority" => "1",
    "privilege" => "dialplan,all",
    "uniqueid" => "1744730535.131",
    "value" => "minrxjitter=000.000125;maxrxjitter=000.000750;avgrxjitter=000.000575;stdevrxjitter=000.000173;mintxjitter=000.000000;maxtxjitter=000.000750;avgtxjitter=000.000300;stdevtxjitter=000.000367;",
    "variable" => "RTPAUDIOQOSJITTER"
  },
  variables: %{}
}
[2025-04-15 15:22:18.054383Z] %ElixirAmi.Event{
  event: "varset",
  source: :asterisk_connection,
  action_id: nil,
  keys: %{
    "accountcode" => "",
    "calleridname" => "Ivan",
    "calleridnum" => "102",
    "channel" => "PJSIP/102-00000055",
    "channelstate" => "6",
    "channelstatedesc" => "Up",
    "connectedlinename" => "101",
    "connectedlinenum" => "101",
    "context" => "org_all",
    "exten" => "101",
    "language" => "en",
    "linkedid" => "1744730530.130",
    "priority" => "2",
    "privilege" => "dialplan,all",
    "uniqueid" => "1744730530.130",
    "value" => "7",
    "variable" => "DIALEDTIME"
  },
  variables: %{}
}
[2025-04-15 15:22:18.054571Z] %ElixirAmi.Event{
  event: "varset",
  source: :asterisk_connection,
  action_id: nil,
  keys: %{
    "accountcode" => "",
    "calleridname" => "Ivan",
    "calleridnum" => "102",
    "channel" => "PJSIP/102-00000055",
    "channelstate" => "6",
    "channelstatedesc" => "Up",
    "connectedlinename" => "101",
    "connectedlinenum" => "101",
    "context" => "org_all",
    "exten" => "101",
    "language" => "en",
    "linkedid" => "1744730530.130",
    "priority" => "2",
    "privilege" => "dialplan,all",
    "uniqueid" => "1744730530.130",
    "value" => "7837",
    "variable" => "DIALEDTIME_MS"
  },
  variables: %{}
}
[2025-04-15 15:22:18.054794Z] %ElixirAmi.Event{
  event: "varset",
  source: :asterisk_connection,
  action_id: nil,
  keys: %{
    "accountcode" => "",
    "calleridname" => "101",
    "calleridnum" => "101",
    "channel" => "PJSIP/101-00000056",
    "channelstate" => "6",
    "channelstatedesc" => "Up",
    "connectedlinename" => "Ivan",
    "connectedlinenum" => "102",
    "context" => "org_all",
    "exten" => "",
    "language" => "en",
    "linkedid" => "1744730530.130",
    "priority" => "1",
    "privilege" => "dialplan,all",
    "uniqueid" => "1744730535.131",
    "value" => "minrxlost=000.000000;  maxrxlost=000.000000;  avgrxlost=000.000000;  stdevrxlost=000.000000;  mintxlost=000.000000;  maxtxlost=000.000000;  avgtxlost=000.000000;  stdevtxlost=000.000000;",
    "variable" => "RTPAUDIOQOSLOSS"
  },
  variables: %{}
}
[2025-04-15 15:22:18.054961Z] %ElixirAmi.Event{
  event: "varset",
  source: :asterisk_connection,
  action_id: nil,
  keys: %{
    "accountcode" => "",
    "calleridname" => "101",
    "calleridnum" => "101",
    "channel" => "PJSIP/101-00000056",
    "channelstate" => "6",
    "channelstatedesc" => "Up",
    "connectedlinename" => "Ivan",
    "connectedlinenum" => "102",
    "context" => "org_all",
    "exten" => "",
    "language" => "en",
    "linkedid" => "1744730530.130",
    "priority" => "1",
    "privilege" => "dialplan,all",
    "uniqueid" => "1744730535.131",
    "value" => "minrtt=000.000000;     maxrtt=000.000000;     avgrtt=000.000000;     stdevrtt=000.000000;",
    "variable" => "RTPAUDIOQOSRTT"
  },
  variables: %{}
}
[2025-04-15 15:22:18.055143Z] %ElixirAmi.Event{
  event: "varset",
  source: :asterisk_connection,
  action_id: nil,
  keys: %{
    "accountcode" => "",
    "calleridname" => "101",
    "calleridnum" => "101",
    "channel" => "PJSIP/101-00000056",
    "channelstate" => "6",
    "channelstatedesc" => "Up",
    "connectedlinename" => "Ivan",
    "connectedlinenum" => "102",
    "context" => "org_all",
    "exten" => "",
    "language" => "en",
    "linkedid" => "1744730530.130",
    "priority" => "1",
    "privilege" => "dialplan,all",
    "uniqueid" => "1744730535.131",
    "value" => "minrxmes=000.000000;   maxrxmes=000.000000;   avgrxmes=000.000000;   stdevrxmes=000.000173;   mintxmes=085.367289;   maxtxmes=085.367289;   avgtxmes=085.367289;   stdevtxmes=000.000000;",
    "variable" => "RTPAUDIOQOSMES"
  },
  variables: %{}
}
[2025-04-15 15:22:18.055349Z] %ElixirAmi.Event{
  event: "varset",
  source: :asterisk_connection,
  action_id: nil,
  keys: %{
    "accountcode" => "",
    "calleridname" => "Ivan",
    "calleridnum" => "102",
    "channel" => "PJSIP/102-00000055",
    "channelstate" => "6",
    "channelstatedesc" => "Up",
    "connectedlinename" => "101",
    "connectedlinenum" => "101",
    "context" => "org_all",
    "exten" => "101",
    "language" => "en",
    "linkedid" => "1744730530.130",
    "priority" => "2",
    "privilege" => "dialplan,all",
    "uniqueid" => "1744730530.130",
    "value" => "ANSWER",
    "variable" => "DIALSTATUS"
  },
  variables: %{}
}
[2025-04-15 15:22:18.055628Z] %ElixirAmi.Event{
  event: "softhanguprequest",
  source: :asterisk_connection,
  action_id: nil,
  keys: %{
    "accountcode" => "",
    "calleridname" => "Ivan",
    "calleridnum" => "102",
    "cause" => "16",
    "channel" => "PJSIP/102-00000055",
    "channelstate" => "6",
    "channelstatedesc" => "Up",
    "connectedlinename" => "101",
    "connectedlinenum" => "101",
    "context" => "org_all",
    "exten" => "101",
    "language" => "en",
    "linkedid" => "1744730530.130",
    "priority" => "2",
    "privilege" => "call,all",
    "uniqueid" => "1744730530.130"
  },
  variables: %{}
}
[2025-04-15 15:22:18.055780Z] %ElixirAmi.Event{
  event: "hangup",
  source: :asterisk_connection,
  action_id: nil,
  keys: %{
    "accountcode" => "",
    "calleridname" => "101",
    "calleridnum" => "101",
    "cause" => "16",
    "cause-txt" => "Normal Clearing",
    "channel" => "PJSIP/101-00000056",
    "channelstate" => "6",
    "channelstatedesc" => "Up",
    "connectedlinename" => "Ivan",
    "connectedlinenum" => "102",
    "context" => "org_all",
    "exten" => "",
    "language" => "en",
    "linkedid" => "1744730530.130",
    "priority" => "1",
    "privilege" => "call,all",
    "uniqueid" => "1744730535.131"
  },
  variables: %{}
}
[2025-04-15 15:22:18.055990Z] %ElixirAmi.Event{
  event: "varset",
  source: :asterisk_connection,
  action_id: nil,
  keys: %{
    "accountcode" => "",
    "calleridname" => "Ivan",
    "calleridnum" => "102",
    "channel" => "PJSIP/102-00000055",
    "channelstate" => "6",
    "channelstatedesc" => "Up",
    "connectedlinename" => "101",
    "connectedlinenum" => "101",
    "context" => "org_all",
    "exten" => "101",
    "language" => "en",
    "linkedid" => "1744730530.130",
    "priority" => "2",
    "privilege" => "dialplan,all",
    "uniqueid" => "1744730530.130",
    "value" => "ssrc=247117324;themssrc=1558017086;lp=0;rxjitter=0.000000;rxcount=119;txjitter=0.000750;txcount=119;rlp=0;rtt=0.000000;rxmes=85.367289;txmes=0.000000",
    "variable" => "RTPAUDIOQOS"
  },
  variables: %{}
}
[2025-04-15 15:22:18.056271Z] %ElixirAmi.Event{
  event: "varset",
  source: :asterisk_connection,
  action_id: nil,
  keys: %{
    "accountcode" => "",
    "calleridname" => "Ivan",
    "calleridnum" => "102",
    "channel" => "PJSIP/102-00000055",
    "channelstate" => "6",
    "channelstatedesc" => "Up",
    "connectedlinename" => "101",
    "connectedlinenum" => "101",
    "context" => "org_all",
    "exten" => "101",
    "language" => "en",
    "linkedid" => "1744730530.130",
    "priority" => "2",
    "privilege" => "dialplan,all",
    "uniqueid" => "1744730530.130",
    "value" => "minrxjitter=000.000000;maxrxjitter=000.000875;avgrxjitter=000.000690;stdevrxjitter=000.000207;mintxjitter=000.000000;maxtxjitter=000.000000;avgtxjitter=000.000000;stdevtxjitter=000.000000;",
    "variable" => "RTPAUDIOQOSJITTER"
  },
  variables: %{}
}
[2025-04-15 15:22:18.056543Z] %ElixirAmi.Event{
  event: "varset",
  source: :asterisk_connection,
  action_id: nil,
  keys: %{
    "accountcode" => "",
    "calleridname" => "Ivan",
    "calleridnum" => "102",
    "channel" => "PJSIP/102-00000055",
    "channelstate" => "6",
    "channelstatedesc" => "Up",
    "connectedlinename" => "101",
    "connectedlinenum" => "101",
    "context" => "org_all",
    "exten" => "101",
    "language" => "en",
    "linkedid" => "1744730530.130",
    "priority" => "2",
    "privilege" => "dialplan,all",
    "uniqueid" => "1744730530.130",
    "value" => "minrxlost=000.000000;  maxrxlost=000.000000;  avgrxlost=000.000000;  stdevrxlost=000.000000;  mintxlost=000.000000;  maxtxlost=000.000000;  avgtxlost=000.000000;  stdevtxlost=000.000000;",
    "variable" => "RTPAUDIOQOSLOSS"
  },
  variables: %{}
}
[2025-04-15 15:22:18.056744Z] %ElixirAmi.Event{
  event: "varset",
  source: :asterisk_connection,
  action_id: nil,
  keys: %{
    "accountcode" => "",
    "calleridname" => "Ivan",
    "calleridnum" => "102",
    "channel" => "PJSIP/102-00000055",
    "channelstate" => "6",
    "channelstatedesc" => "Up",
    "connectedlinename" => "101",
    "connectedlinenum" => "101",
    "context" => "org_all",
    "exten" => "101",
    "language" => "en",
    "linkedid" => "1744730530.130",
    "priority" => "2",
    "privilege" => "dialplan,all",
    "uniqueid" => "1744730530.130",
    "value" => "minrtt=000.000000;     maxrtt=000.000000;     avgrtt=000.000000;     stdevrtt=000.000000;",
    "variable" => "RTPAUDIOQOSRTT"
  },
  variables: %{}
}
[2025-04-15 15:22:18.056999Z] %ElixirAmi.Event{
  event: "varset",
  source: :asterisk_connection,
  action_id: nil,
  keys: %{
    "accountcode" => "",
    "calleridname" => "Ivan",
    "calleridnum" => "102",
    "channel" => "PJSIP/102-00000055",
    "channelstate" => "6",
    "channelstatedesc" => "Up",
    "connectedlinename" => "101",
    "connectedlinenum" => "101",
    "context" => "org_all",
    "exten" => "101",
    "language" => "en",
    "linkedid" => "1744730530.130",
    "priority" => "2",
    "privilege" => "dialplan,all",
    "uniqueid" => "1744730530.130",
    "value" => "minrxmes=000.000000;   maxrxmes=000.000000;   avgrxmes=000.000000;   stdevrxmes=000.000207;   mintxmes=085.367289;   maxtxmes=085.367289;   avgtxmes=085.367289;   stdevtxmes=000.000000;",
    "variable" => "RTPAUDIOQOSMES"
  },
  variables: %{}
}
[2025-04-15 15:22:18.057155Z] %ElixirAmi.Event{
  event: "hangup",
  source: :asterisk_connection,
  action_id: nil,
  keys: %{
    "accountcode" => "",
    "calleridname" => "Ivan",
    "calleridnum" => "102",
    "cause" => "16",
    "cause-txt" => "Normal Clearing",
    "channel" => "PJSIP/102-00000055",
    "channelstate" => "6",
    "channelstatedesc" => "Up",
    "connectedlinename" => "101",
    "connectedlinenum" => "101",
    "context" => "org_all",
    "exten" => "101",
    "language" => "en",
    "linkedid" => "1744730530.130",
    "priority" => "2",
    "privilege" => "call,all",
    "uniqueid" => "1744730530.130"
  },
  variables: %{}
}
