[2025-04-10 16:49:33.788703Z] %ElixirAmi.Event{
  event: "newconnectedline",
  source: :asterisk_connection,
  action_id: nil,
  keys: %{
    "accountcode" => "",
    "calleridname" => "104",
    "calleridnum" => "104",
    "channel" => "PJSIP/104-000000cc",
    "channelstate" => "4",
    "channelstatedesc" => "Ring",
    "connectedlinename" => "102",
    "connectedlinenum" => "102",
    "context" => "org_all",
    "exten" => "102",
    "language" => "en",
    "linkedid" => "1744303773.306",
    "priority" => "2",
    "privilege" => "call,all",
    "uniqueid" => "1744303773.306"
  },
  variables: %{}
}
[2025-04-10 16:49:33.788696Z] %ElixirAmi.Event{
  event: "dialbegin",
  source: :asterisk_connection,
  action_id: nil,
  keys: %{
    "accountcode" => "",
    "calleridname" => "104",
    "calleridnum" => "104",
    "channel" => "PJSIP/104-000000cc",
    "channelstate" => "4",
    "channelstatedesc" => "Ring",
    "connectedlinename" => "<unknown>",
    "connectedlinenum" => "<unknown>",
    "context" => "org_all",
    "destaccountcode" => "",
    "destcalleridname" => "102",
    "destcalleridnum" => "102",
    "destchannel" => "PJSIP/102-000000cd",
    "destchannelstate" => "0",
    "destchannelstatedesc" => "Down",
    "destconnectedlinename" => "104",
    "destconnectedlinenum" => "104",
    "destcontext" => "org_all",
    "destexten" => "102",
    "destlanguage" => "en",
    "destlinkedid" => "1744303773.306",
    "destpriority" => "1",
    "destuniqueid" => "1744303773.307",
    "dialstring" => "102",
    "exten" => "102",
    "language" => "en",
    "linkedid" => "1744303773.306",
    "priority" => "2",
    "privilege" => "call,all",
    "uniqueid" => "1744303773.306"
  },
  variables: %{}
}
[2025-04-10 16:49:33.788684Z] %ElixirAmi.Event{
  event: "varset",
  source: :asterisk_connection,
  action_id: nil,
  keys: %{
    "accountcode" => "",
    "calleridname" => "102",
    "calleridnum" => "102",
    "channel" => "PJSIP/102-000000cd",
    "channelstate" => "0",
    "channelstatedesc" => "Down",
    "connectedlinename" => "<unknown>",
    "connectedlinenum" => "<unknown>",
    "context" => "org_all",
    "exten" => "s",
    "language" => "en",
    "linkedid" => "1744303773.306",
    "priority" => "1",
    "privilege" => "dialplan,all",
    "uniqueid" => "1744303773.307",
    "value" => "102",
    "variable" => "DIALEDPEERNUMBER"
  },
  variables: %{}
}
[2025-04-10 16:49:33.788592Z] %ElixirAmi.Event{
  event: "varset",
  source: :asterisk_connection,
  action_id: nil,
  keys: %{
    "accountcode" => "",
    "calleridname" => "104",
    "calleridnum" => "104",
    "channel" => "PJSIP/104-000000cc",
    "channelstate" => "4",
    "channelstatedesc" => "Ring",
    "connectedlinename" => "<unknown>",
    "connectedlinenum" => "<unknown>",
    "context" => "org_all",
    "exten" => "102",
    "language" => "en",
    "linkedid" => "1744303773.306",
    "priority" => "2",
    "privilege" => "dialplan,all",
    "uniqueid" => "1744303773.306",
    "value" => "",
    "variable" => "RINGTIME_MS"
  },
  variables: %{}
}
[2025-04-10 16:49:33.788675Z] %ElixirAmi.Event{
  event: "varset",
  source: :asterisk_connection,
  action_id: nil,
  keys: %{
    "accountcode" => "",
    "calleridname" => "104",
    "calleridnum" => "104",
    "channel" => "PJSIP/104-000000cc",
    "channelstate" => "4",
    "channelstatedesc" => "Ring",
    "connectedlinename" => "<unknown>",
    "connectedlinenum" => "<unknown>",
    "context" => "org_all",
    "exten" => "102",
    "language" => "en",
    "linkedid" => "1744303773.306",
    "priority" => "2",
    "privilege" => "dialplan,all",
    "uniqueid" => "1744303773.306",
    "value" => "",
    "variable" => "PROGRESSTIME_MS"
  },
  variables: %{}
}
[2025-04-10 16:49:33.786843Z] %ElixirAmi.Event{
  event: "newexten",
  source: :asterisk_connection,
  action_id: nil,
  keys: %{
    "accountcode" => "",
    "appdata" => "",
    "application" => "NoOp",
    "calleridname" => "104",
    "calleridnum" => "104",
    "channel" => "PJSIP/104-000000cc",
    "channelstate" => "4",
    "channelstatedesc" => "Ring",
    "connectedlinename" => "<unknown>",
    "connectedlinenum" => "<unknown>",
    "context" => "org_all",
    "exten" => "102",
    "extension" => "102",
    "language" => "en",
    "linkedid" => "1744303773.306",
    "priority" => "1",
    "privilege" => "dialplan,all",
    "uniqueid" => "1744303773.306"
  },
  variables: %{}
}
[2025-04-10 16:49:33.786845Z] %ElixirAmi.Event{
  event: "varset",
  source: :asterisk_connection,
  action_id: nil,
  keys: %{
    "accountcode" => "",
    "calleridname" => "104",
    "calleridnum" => "104",
    "channel" => "PJSIP/104-000000cc",
    "channelstate" => "4",
    "channelstatedesc" => "Ring",
    "connectedlinename" => "<unknown>",
    "connectedlinenum" => "<unknown>",
    "context" => "org_all",
    "exten" => "102",
    "language" => "en",
    "linkedid" => "1744303773.306",
    "priority" => "2",
    "privilege" => "dialplan,all",
    "uniqueid" => "1744303773.306",
    "value" => "",
    "variable" => "DIALSTATUS"
  },
  variables: %{}
}
[2025-04-10 16:49:33.788688Z] %ElixirAmi.Event{
  event: "newexten",
  source: :asterisk_connection,
  action_id: nil,
  keys: %{
    "accountcode" => "",
    "appdata" => "(Outgoing Line)",
    "application" => "AppDial",
    "calleridname" => "102",
    "calleridnum" => "102",
    "channel" => "PJSIP/102-000000cd",
    "channelstate" => "0",
    "channelstatedesc" => "Down",
    "connectedlinename" => "104",
    "connectedlinenum" => "104",
    "context" => "org_all",
    "exten" => "102",
    "extension" => "102",
    "language" => "en",
    "linkedid" => "1744303773.306",
    "priority" => "1",
    "privilege" => "dialplan,all",
    "uniqueid" => "1744303773.307"
  },
  variables: %{}
}
[2025-04-10 16:49:33.788680Z] %ElixirAmi.Event{
  event: "newchannel",
  source: :asterisk_connection,
  action_id: nil,
  keys: %{
    "accountcode" => "",
    "calleridname" => "102",
    "calleridnum" => "102",
    "channel" => "PJSIP/102-000000cd",
    "channelstate" => "0",
    "channelstatedesc" => "Down",
    "connectedlinename" => "<unknown>",
    "connectedlinenum" => "<unknown>",
    "context" => "org_all",
    "exten" => "s",
    "language" => "en",
    "linkedid" => "1744303773.306",
    "priority" => "1",
    "privilege" => "call,all",
    "uniqueid" => "1744303773.307"
  },
  variables: %{}
}
[2025-04-10 16:49:33.786840Z] %ElixirAmi.Event{
  event: "newexten",
  source: :asterisk_connection,
  action_id: nil,
  keys: %{
    "accountcode" => "",
    "appdata" => "PJSIP/102,20,",
    "application" => "Dial",
    "calleridname" => "104",
    "calleridnum" => "104",
    "channel" => "PJSIP/104-000000cc",
    "channelstate" => "4",
    "channelstatedesc" => "Ring",
    "connectedlinename" => "<unknown>",
    "connectedlinenum" => "<unknown>",
    "context" => "org_all",
    "exten" => "102",
    "extension" => "102",
    "language" => "en",
    "linkedid" => "1744303773.306",
    "priority" => "2",
    "privilege" => "dialplan,all",
    "uniqueid" => "1744303773.306"
  },
  variables: %{}
}
[2025-04-10 16:49:33.786844Z] %ElixirAmi.Event{
  event: "varset",
  source: :asterisk_connection,
  action_id: nil,
  keys: %{
    "accountcode" => "",
    "calleridname" => "104",
    "calleridnum" => "104",
    "channel" => "PJSIP/104-000000cc",
    "channelstate" => "4",
    "channelstatedesc" => "Ring",
    "connectedlinename" => "<unknown>",
    "connectedlinenum" => "<unknown>",
    "context" => "org_all",
    "exten" => "102",
    "language" => "en",
    "linkedid" => "1744303773.306",
    "priority" => "1",
    "privilege" => "dialplan,all",
    "uniqueid" => "1744303773.306",
    "value" => "192.168.0.16",
    "variable" => "SIPDOMAIN"
  },
  variables: %{}
}
[2025-04-10 16:49:33.786847Z] %ElixirAmi.Event{
  event: "varset",
  source: :asterisk_connection,
  action_id: nil,
  keys: %{
    "accountcode" => "",
    "calleridname" => "104",
    "calleridnum" => "104",
    "channel" => "PJSIP/104-000000cc",
    "channelstate" => "4",
    "channelstatedesc" => "Ring",
    "connectedlinename" => "<unknown>",
    "connectedlinenum" => "<unknown>",
    "context" => "org_all",
    "exten" => "102",
    "language" => "en",
    "linkedid" => "1744303773.306",
    "priority" => "2",
    "privilege" => "dialplan,all",
    "uniqueid" => "1744303773.306",
    "value" => "",
    "variable" => "DIALEDPEERNUMBER"
  },
  variables: %{}
}
[2025-04-10 16:49:33.786848Z] %ElixirAmi.Event{
  event: "varset",
  source: :asterisk_connection,
  action_id: nil,
  keys: %{
    "accountcode" => "",
    "calleridname" => "104",
    "calleridnum" => "104",
    "channel" => "PJSIP/104-000000cc",
    "channelstate" => "4",
    "channelstatedesc" => "Ring",
    "connectedlinename" => "<unknown>",
    "connectedlinenum" => "<unknown>",
    "context" => "org_all",
    "exten" => "102",
    "language" => "en",
    "linkedid" => "1744303773.306",
    "priority" => "2",
    "privilege" => "dialplan,all",
    "uniqueid" => "1744303773.306",
    "value" => "",
    "variable" => "DIALEDPEERNAME"
  },
  variables: %{}
}
[2025-04-10 16:49:33.788671Z] %ElixirAmi.Event{
  event: "varset",
  source: :asterisk_connection,
  action_id: nil,
  keys: %{
    "accountcode" => "",
    "calleridname" => "104",
    "calleridnum" => "104",
    "channel" => "PJSIP/104-000000cc",
    "channelstate" => "4",
    "channelstatedesc" => "Ring",
    "connectedlinename" => "<unknown>",
    "connectedlinenum" => "<unknown>",
    "context" => "org_all",
    "exten" => "102",
    "language" => "en",
    "linkedid" => "1744303773.306",
    "priority" => "2",
    "privilege" => "dialplan,all",
    "uniqueid" => "1744303773.306",
    "value" => "",
    "variable" => "PROGRESSTIME"
  },
  variables: %{}
}
[2025-04-10 16:49:33.786849Z] %ElixirAmi.Event{
  event: "varset",
  source: :asterisk_connection,
  action_id: nil,
  keys: %{
    "accountcode" => "",
    "calleridname" => "104",
    "calleridnum" => "104",
    "channel" => "PJSIP/104-000000cc",
    "channelstate" => "4",
    "channelstatedesc" => "Ring",
    "connectedlinename" => "<unknown>",
    "connectedlinenum" => "<unknown>",
    "context" => "org_all",
    "exten" => "102",
    "language" => "en",
    "linkedid" => "1744303773.306",
    "priority" => "2",
    "privilege" => "dialplan,all",
    "uniqueid" => "1744303773.306",
    "value" => "",
    "variable" => "ANSWEREDTIME"
  },
  variables: %{}
}
[2025-04-10 16:49:33.786850Z] %ElixirAmi.Event{
  event: "varset",
  source: :asterisk_connection,
  action_id: nil,
  keys: %{
    "accountcode" => "",
    "calleridname" => "104",
    "calleridnum" => "104",
    "channel" => "PJSIP/104-000000cc",
    "channelstate" => "4",
    "channelstatedesc" => "Ring",
    "connectedlinename" => "<unknown>",
    "connectedlinenum" => "<unknown>",
    "context" => "org_all",
    "exten" => "102",
    "language" => "en",
    "linkedid" => "1744303773.306",
    "priority" => "2",
    "privilege" => "dialplan,all",
    "uniqueid" => "1744303773.306",
    "value" => "",
    "variable" => "ANSWEREDTIME_MS"
  },
  variables: %{}
}
[2025-04-10 16:49:33.787080Z] %ElixirAmi.Event{
  event: "newchannel",
  source: :asterisk_connection,
  action_id: nil,
  keys: %{
    "accountcode" => "",
    "calleridname" => "104",
    "calleridnum" => "104",
    "channel" => "PJSIP/104-000000cc",
    "channelstate" => "4",
    "channelstatedesc" => "Ring",
    "connectedlinename" => "<unknown>",
    "connectedlinenum" => "<unknown>",
    "context" => "org_all",
    "exten" => "102",
    "language" => "en",
    "linkedid" => "1744303773.306",
    "priority" => "1",
    "privilege" => "call,all",
    "uniqueid" => "1744303773.306"
  },
  variables: %{}
}
[2025-04-10 16:49:33.786851Z] %ElixirAmi.Event{
  event: "varset",
  source: :asterisk_connection,
  action_id: nil,
  keys: %{
    "accountcode" => "",
    "calleridname" => "104",
    "calleridnum" => "104",
    "channel" => "PJSIP/104-000000cc",
    "channelstate" => "4",
    "channelstatedesc" => "Ring",
    "connectedlinename" => "<unknown>",
    "connectedlinenum" => "<unknown>",
    "context" => "org_all",
    "exten" => "102",
    "language" => "en",
    "linkedid" => "1744303773.306",
    "priority" => "2",
    "privilege" => "dialplan,all",
    "uniqueid" => "1744303773.306",
    "value" => "",
    "variable" => "DIALEDTIME"
  },
  variables: %{}
}
[2025-04-10 16:49:33.786852Z] %ElixirAmi.Event{
  event: "varset",
  source: :asterisk_connection,
  action_id: nil,
  keys: %{
    "accountcode" => "",
    "calleridname" => "104",
    "calleridnum" => "104",
    "channel" => "PJSIP/104-000000cc",
    "channelstate" => "4",
    "channelstatedesc" => "Ring",
    "connectedlinename" => "<unknown>",
    "connectedlinenum" => "<unknown>",
    "context" => "org_all",
    "exten" => "102",
    "language" => "en",
    "linkedid" => "1744303773.306",
    "priority" => "2",
    "privilege" => "dialplan,all",
    "uniqueid" => "1744303773.306",
    "value" => "",
    "variable" => "DIALEDTIME_MS"
  },
  variables: %{}
}
[2025-04-10 16:49:33.786928Z] %ElixirAmi.Event{
  event: "varset",
  source: :asterisk_connection,
  action_id: nil,
  keys: %{
    "accountcode" => "",
    "calleridname" => "104",
    "calleridnum" => "104",
    "channel" => "PJSIP/104-000000cc",
    "channelstate" => "4",
    "channelstatedesc" => "Ring",
    "connectedlinename" => "<unknown>",
    "connectedlinenum" => "<unknown>",
    "context" => "org_all",
    "exten" => "102",
    "language" => "en",
    "linkedid" => "1744303773.306",
    "priority" => "2",
    "privilege" => "dialplan,all",
    "uniqueid" => "1744303773.306",
    "value" => "",
    "variable" => "RINGTIME"
  },
  variables: %{}
}
[2025-04-10 16:49:33.788692Z] %ElixirAmi.Event{
  event: "newconnectedline",
  source: :asterisk_connection,
  action_id: nil,
  keys: %{
    "accountcode" => "",
    "calleridname" => "102",
    "calleridnum" => "102",
    "channel" => "PJSIP/102-000000cd",
    "channelstate" => "0",
    "channelstatedesc" => "Down",
    "connectedlinename" => "104",
    "connectedlinenum" => "104",
    "context" => "org_all",
    "exten" => "102",
    "language" => "en",
    "linkedid" => "1744303773.306",
    "priority" => "1",
    "privilege" => "call,all",
    "uniqueid" => "1744303773.307"
  },
  variables: %{}
}
[2025-04-10 16:49:33.791322Z] %ElixirAmi.Event{
  event: "newstate",
  source: :asterisk_connection,
  action_id: nil,
  keys: %{
    "accountcode" => "",
    "calleridname" => "102",
    "calleridnum" => "102",
    "channel" => "PJSIP/102-000000cd",
    "channelstate" => "5",
    "channelstatedesc" => "Ringing",
    "connectedlinename" => "104",
    "connectedlinenum" => "104",
    "context" => "org_all",
    "exten" => "102",
    "language" => "en",
    "linkedid" => "1744303773.306",
    "priority" => "1",
    "privilege" => "call,all",
    "uniqueid" => "1744303773.307"
  },
  variables: %{}
}
[2025-04-10 16:49:33.791329Z] %ElixirAmi.Event{
  event: "varset",
  source: :asterisk_connection,
  action_id: nil,
  keys: %{
    "accountcode" => "",
    "calleridname" => "104",
    "calleridnum" => "104",
    "channel" => "PJSIP/104-000000cc",
    "channelstate" => "4",
    "channelstatedesc" => "Ring",
    "connectedlinename" => "102",
    "connectedlinenum" => "102",
    "context" => "org_all",
    "exten" => "102",
    "language" => "en",
    "linkedid" => "1744303773.306",
    "priority" => "2",
    "privilege" => "dialplan,all",
    "uniqueid" => "1744303773.306",
    "value" => "0",
    "variable" => "RINGTIME"
  },
  variables: %{}
}
[2025-04-10 16:49:33.791394Z] %ElixirAmi.Event{
  event: "varset",
  source: :asterisk_connection,
  action_id: nil,
  keys: %{
    "accountcode" => "",
    "calleridname" => "104",
    "calleridnum" => "104",
    "channel" => "PJSIP/104-000000cc",
    "channelstate" => "4",
    "channelstatedesc" => "Ring",
    "connectedlinename" => "102",
    "connectedlinenum" => "102",
    "context" => "org_all",
    "exten" => "102",
    "language" => "en",
    "linkedid" => "1744303773.306",
    "priority" => "2",
    "privilege" => "dialplan,all",
    "uniqueid" => "1744303773.306",
    "value" => "6",
    "variable" => "RINGTIME_MS"
  },
  variables: %{}
}
[2025-04-10 16:49:33.791624Z] %ElixirAmi.Event{
  event: "dialstate",
  source: :asterisk_connection,
  action_id: nil,
  keys: %{
    "accountcode" => "",
    "calleridname" => "104",
    "calleridnum" => "104",
    "channel" => "PJSIP/104-000000cc",
    "channelstate" => "4",
    "channelstatedesc" => "Ring",
    "connectedlinename" => "102",
    "connectedlinenum" => "102",
    "context" => "org_all",
    "destaccountcode" => "",
    "destcalleridname" => "102",
    "destcalleridnum" => "102",
    "destchannel" => "PJSIP/102-000000cd",
    "destchannelstate" => "5",
    "destchannelstatedesc" => "Ringing",
    "destconnectedlinename" => "104",
    "destconnectedlinenum" => "104",
    "destcontext" => "org_all",
    "destexten" => "102",
    "destlanguage" => "en",
    "destlinkedid" => "1744303773.306",
    "destpriority" => "1",
    "destuniqueid" => "1744303773.307",
    "dialstatus" => "RINGING",
    "exten" => "102",
    "language" => "en",
    "linkedid" => "1744303773.306",
    "priority" => "2",
    "privilege" => "call,all",
    "uniqueid" => "1744303773.306"
  },
  variables: %{}
}
[2025-04-10 16:49:39.964105Z] %ElixirAmi.Event{
  event: "rtcpreceived",
  source: :asterisk_connection,
  action_id: nil,
  keys: %{
    "accountcode" => "",
    "calleridname" => "102",
    "calleridnum" => "102",
    "channel" => "PJSIP/102-000000cd",
    "channelstate" => "5",
    "channelstatedesc" => "Ringing",
    "connectedlinename" => "104",
    "connectedlinenum" => "104",
    "context" => "org_all",
    "exten" => "102",
    "from" => "192.168.0.16:4211",
    "language" => "en",
    "linkedid" => "1744303773.306",
    "mes" => "85.4",
    "priority" => "1",
    "privilege" => "reporting,all",
    "pt" => "201(RR)",
    "report0cumulativelost" => "0",
    "report0dlsr" => "0.0000",
    "report0fractionlost" => "0",
    "report0highestsequence" => "0",
    "report0iajitter" => "0",
    "report0lsr" => "0",
    "report0sequencenumbercycles" => "0",
    "report0sourcessrc" => "0x00000000",
    "reportcount" => "1",
    "rtt" => "0.0000",
    "ssrc" => "0x00000000",
    "to" => "192.168.0.16:17151",
    "uniqueid" => "1744303773.307"
  },
  variables: %{}
}
[2025-04-10 16:49:39.964458Z] %ElixirAmi.Event{
  event: "rtcpreceived",
  source: :asterisk_connection,
  action_id: nil,
  keys: %{
    "accountcode" => "",
    "calleridname" => "102",
    "calleridnum" => "102",
    "channel" => "PJSIP/102-000000cd",
    "channelstate" => "5",
    "channelstatedesc" => "Ringing",
    "connectedlinename" => "104",
    "connectedlinenum" => "104",
    "context" => "org_all",
    "exten" => "102",
    "from" => "192.168.0.16:4211",
    "language" => "en",
    "linkedid" => "1744303773.306",
    "mes" => "85.4",
    "priority" => "1",
    "privilege" => "reporting,all",
    "pt" => "201(RR)",
    "report0cumulativelost" => "0",
    "report0dlsr" => "0.0000",
    "report0fractionlost" => "0",
    "report0highestsequence" => "0",
    "report0iajitter" => "0",
    "report0lsr" => "0",
    "report0sequencenumbercycles" => "0",
    "report0sourcessrc" => "0x00000000",
    "reportcount" => "1",
    "rtt" => "0.0000",
    "ssrc" => "0x00000000",
    "to" => "192.168.0.16:17151",
    "uniqueid" => "1744303773.307"
  },
  variables: %{}
}
[2025-04-10 16:49:39.964736Z] %ElixirAmi.Event{
  event: "newstate",
  source: :asterisk_connection,
  action_id: nil,
  keys: %{
    "accountcode" => "",
    "calleridname" => "102",
    "calleridnum" => "102",
    "channel" => "PJSIP/102-000000cd",
    "channelstate" => "6",
    "channelstatedesc" => "Up",
    "connectedlinename" => "104",
    "connectedlinenum" => "104",
    "context" => "org_all",
    "exten" => "102",
    "language" => "en",
    "linkedid" => "1744303773.306",
    "priority" => "1",
    "privilege" => "call,all",
    "uniqueid" => "1744303773.307"
  },
  variables: %{}
}
[2025-04-10 16:49:39.965002Z] %ElixirAmi.Event{
  event: "varset",
  source: :asterisk_connection,
  action_id: nil,
  keys: %{
    "accountcode" => "",
    "calleridname" => "104",
    "calleridnum" => "104",
    "channel" => "PJSIP/104-000000cc",
    "channelstate" => "4",
    "channelstatedesc" => "Ring",
    "connectedlinename" => "102",
    "connectedlinenum" => "102",
    "context" => "org_all",
    "exten" => "102",
    "language" => "en",
    "linkedid" => "1744303773.306",
    "priority" => "2",
    "privilege" => "dialplan,all",
    "uniqueid" => "1744303773.306",
    "value" => "ANSWER",
    "variable" => "DIALSTATUS"
  },
  variables: %{}
}
[2025-04-10 16:49:39.965404Z] %ElixirAmi.Event{
  event: "varset",
  source: :asterisk_connection,
  action_id: nil,
  keys: %{
    "accountcode" => "",
    "calleridname" => "104",
    "calleridnum" => "104",
    "channel" => "PJSIP/104-000000cc",
    "channelstate" => "4",
    "channelstatedesc" => "Ring",
    "connectedlinename" => "102",
    "connectedlinenum" => "102",
    "context" => "org_all",
    "exten" => "102",
    "language" => "en",
    "linkedid" => "1744303773.306",
    "priority" => "2",
    "privilege" => "dialplan,all",
    "uniqueid" => "1744303773.306",
    "value" => "PJSIP/102-000000cd",
    "variable" => "DIALEDPEERNAME"
  },
  variables: %{}
}
[2025-04-10 16:49:39.965780Z] %ElixirAmi.Event{
  event: "varset",
  source: :asterisk_connection,
  action_id: nil,
  keys: %{
    "accountcode" => "",
    "calleridname" => "104",
    "calleridnum" => "104",
    "channel" => "PJSIP/104-000000cc",
    "channelstate" => "4",
    "channelstatedesc" => "Ring",
    "connectedlinename" => "102",
    "connectedlinenum" => "102",
    "context" => "org_all",
    "exten" => "102",
    "language" => "en",
    "linkedid" => "1744303773.306",
    "priority" => "2",
    "privilege" => "dialplan,all",
    "uniqueid" => "1744303773.306",
    "value" => "102",
    "variable" => "DIALEDPEERNUMBER"
  },
  variables: %{}
}
[2025-04-10 16:49:39.966075Z] %ElixirAmi.Event{
  event: "dialend",
  source: :asterisk_connection,
  action_id: nil,
  keys: %{
    "accountcode" => "",
    "calleridname" => "104",
    "calleridnum" => "104",
    "channel" => "PJSIP/104-000000cc",
    "channelstate" => "4",
    "channelstatedesc" => "Ring",
    "connectedlinename" => "102",
    "connectedlinenum" => "102",
    "context" => "org_all",
    "destaccountcode" => "",
    "destcalleridname" => "102",
    "destcalleridnum" => "102",
    "destchannel" => "PJSIP/102-000000cd",
    "destchannelstate" => "6",
    "destchannelstatedesc" => "Up",
    "destconnectedlinename" => "104",
    "destconnectedlinenum" => "104",
    "destcontext" => "org_all",
    "destexten" => "",
    "destlanguage" => "en",
    "destlinkedid" => "1744303773.306",
    "destpriority" => "1",
    "destuniqueid" => "1744303773.307",
    "dialstatus" => "ANSWER",
    "exten" => "102",
    "language" => "en",
    "linkedid" => "1744303773.306",
    "priority" => "2",
    "privilege" => "call,all",
    "uniqueid" => "1744303773.306"
  },
  variables: %{}
}
[2025-04-10 16:49:39.966250Z] %ElixirAmi.Event{
  event: "newstate",
  source: :asterisk_connection,
  action_id: nil,
  keys: %{
    "accountcode" => "",
    "calleridname" => "104",
    "calleridnum" => "104",
    "channel" => "PJSIP/104-000000cc",
    "channelstate" => "6",
    "channelstatedesc" => "Up",
    "connectedlinename" => "102",
    "connectedlinenum" => "102",
    "context" => "org_all",
    "exten" => "102",
    "language" => "en",
    "linkedid" => "1744303773.306",
    "priority" => "2",
    "privilege" => "call,all",
    "uniqueid" => "1744303773.306"
  },
  variables: %{}
}
[2025-04-10 16:49:39.966652Z] %ElixirAmi.Event{
  event: "newexten",
  source: :asterisk_connection,
  action_id: nil,
  keys: %{
    "accountcode" => "",
    "appdata" => "(Outgoing Line)",
    "application" => "AppDial",
    "calleridname" => "102",
    "calleridnum" => "102",
    "channel" => "PJSIP/102-000000cd",
    "channelstate" => "6",
    "channelstatedesc" => "Up",
    "connectedlinename" => "104",
    "connectedlinenum" => "104",
    "context" => "org_all",
    "exten" => "",
    "extension" => "",
    "language" => "en",
    "linkedid" => "1744303773.306",
    "priority" => "1",
    "privilege" => "dialplan,all",
    "uniqueid" => "1744303773.307"
  },
  variables: %{}
}
[2025-04-10 16:49:39.967002Z] %ElixirAmi.Event{
  event: "bridgeenter",
  source: :asterisk_connection,
  action_id: nil,
  keys: %{
    "accountcode" => "",
    "bridgecreator" => "<unknown>",
    "bridgename" => "<unknown>",
    "bridgenumchannels" => "1",
    "bridgetechnology" => "simple_bridge",
    "bridgetype" => "basic",
    "bridgeuniqueid" => "54bedeca-6c89-44e9-b500-305c8c4b5544",
    "bridgevideosourcemode" => "none",
    "calleridname" => "102",
    "calleridnum" => "102",
    "channel" => "PJSIP/102-000000cd",
    "channelstate" => "6",
    "channelstatedesc" => "Up",
    "connectedlinename" => "104",
    "connectedlinenum" => "104",
    "context" => "org_all",
    "exten" => "",
    "language" => "en",
    "linkedid" => "1744303773.306",
    "priority" => "1",
    "privilege" => "call,all",
    "uniqueid" => "1744303773.307"
  },
  variables: %{}
}
[2025-04-10 16:49:39.967322Z] %ElixirAmi.Event{
  event: "bridgeenter",
  source: :asterisk_connection,
  action_id: nil,
  keys: %{
    "accountcode" => "",
    "bridgecreator" => "<unknown>",
    "bridgename" => "<unknown>",
    "bridgenumchannels" => "2",
    "bridgetechnology" => "simple_bridge",
    "bridgetype" => "basic",
    "bridgeuniqueid" => "54bedeca-6c89-44e9-b500-305c8c4b5544",
    "bridgevideosourcemode" => "none",
    "calleridname" => "104",
    "calleridnum" => "104",
    "channel" => "PJSIP/104-000000cc",
    "channelstate" => "6",
    "channelstatedesc" => "Up",
    "connectedlinename" => "102",
    "connectedlinenum" => "102",
    "context" => "org_all",
    "exten" => "102",
    "language" => "en",
    "linkedid" => "1744303773.306",
    "priority" => "2",
    "privilege" => "call,all",
    "uniqueid" => "1744303773.306"
  },
  variables: %{}
}
[2025-04-10 16:49:39.967566Z] %ElixirAmi.Event{
  event: "varset",
  source: :asterisk_connection,
  action_id: nil,
  keys: %{
    "accountcode" => "",
    "calleridname" => "104",
    "calleridnum" => "104",
    "channel" => "PJSIP/104-000000cc",
    "channelstate" => "6",
    "channelstatedesc" => "Up",
    "connectedlinename" => "102",
    "connectedlinenum" => "102",
    "context" => "org_all",
    "exten" => "102",
    "language" => "en",
    "linkedid" => "1744303773.306",
    "priority" => "2",
    "privilege" => "dialplan,all",
    "uniqueid" => "1744303773.306",
    "value" => "PJSIP/102-000000cd",
    "variable" => "BRIDGEPEER"
  },
  variables: %{}
}
[2025-04-10 16:49:39.967791Z] %ElixirAmi.Event{
  event: "varset",
  source: :asterisk_connection,
  action_id: nil,
  keys: %{
    "accountcode" => "",
    "calleridname" => "104",
    "calleridnum" => "104",
    "channel" => "PJSIP/104-000000cc",
    "channelstate" => "6",
    "channelstatedesc" => "Up",
    "connectedlinename" => "102",
    "connectedlinenum" => "102",
    "context" => "org_all",
    "exten" => "102",
    "language" => "en",
    "linkedid" => "1744303773.306",
    "priority" => "2",
    "privilege" => "dialplan,all",
    "uniqueid" => "1744303773.306",
    "value" => "01f52477-fb81-49ed-9f79-68d9097efa93",
    "variable" => "BRIDGEPVTCALLID"
  },
  variables: %{}
}
[2025-04-10 16:49:39.968013Z] %ElixirAmi.Event{
  event: "varset",
  source: :asterisk_connection,
  action_id: nil,
  keys: %{
    "accountcode" => "",
    "calleridname" => "102",
    "calleridnum" => "102",
    "channel" => "PJSIP/102-000000cd",
    "channelstate" => "6",
    "channelstatedesc" => "Up",
    "connectedlinename" => "104",
    "connectedlinenum" => "104",
    "context" => "org_all",
    "exten" => "",
    "language" => "en",
    "linkedid" => "1744303773.306",
    "priority" => "1",
    "privilege" => "dialplan,all",
    "uniqueid" => "1744303773.307",
    "value" => "PJSIP/104-000000cc",
    "variable" => "BRIDGEPEER"
  },
  variables: %{}
}
[2025-04-10 16:49:39.968183Z] %ElixirAmi.Event{
  event: "varset",
  source: :asterisk_connection,
  action_id: nil,
  keys: %{
    "accountcode" => "",
    "calleridname" => "102",
    "calleridnum" => "102",
    "channel" => "PJSIP/102-000000cd",
    "channelstate" => "6",
    "channelstatedesc" => "Up",
    "connectedlinename" => "104",
    "connectedlinenum" => "104",
    "context" => "org_all",
    "exten" => "",
    "language" => "en",
    "linkedid" => "1744303773.306",
    "priority" => "1",
    "privilege" => "dialplan,all",
    "uniqueid" => "1744303773.307",
    "value" => "73a83c46d0c44e8eaf89de514c3b877b",
    "variable" => "BRIDGEPVTCALLID"
  },
  variables: %{}
}
[2025-04-10 16:49:39.968410Z] %ElixirAmi.Event{
  event: "varset",
  source: :asterisk_connection,
  action_id: nil,
  keys: %{
    "accountcode" => "",
    "calleridname" => "104",
    "calleridnum" => "104",
    "channel" => "PJSIP/104-000000cc",
    "channelstate" => "6",
    "channelstatedesc" => "Up",
    "connectedlinename" => "102",
    "connectedlinenum" => "102",
    "context" => "org_all",
    "exten" => "102",
    "language" => "en",
    "linkedid" => "1744303773.306",
    "priority" => "2",
    "privilege" => "dialplan,all",
    "uniqueid" => "1744303773.306",
    "value" => "PJSIP/102-000000cd",
    "variable" => "BRIDGEPEER"
  },
  variables: %{}
}
[2025-04-10 16:49:39.968676Z] %ElixirAmi.Event{
  event: "varset",
  source: :asterisk_connection,
  action_id: nil,
  keys: %{
    "accountcode" => "",
    "calleridname" => "104",
    "calleridnum" => "104",
    "channel" => "PJSIP/104-000000cc",
    "channelstate" => "6",
    "channelstatedesc" => "Up",
    "connectedlinename" => "102",
    "connectedlinenum" => "102",
    "context" => "org_all",
    "exten" => "102",
    "language" => "en",
    "linkedid" => "1744303773.306",
    "priority" => "2",
    "privilege" => "dialplan,all",
    "uniqueid" => "1744303773.306",
    "value" => "01f52477-fb81-49ed-9f79-68d9097efa93",
    "variable" => "BRIDGEPVTCALLID"
  },
  variables: %{}
}
[2025-04-10 16:49:39.968966Z] %ElixirAmi.Event{
  event: "varset",
  source: :asterisk_connection,
  action_id: nil,
  keys: %{
    "accountcode" => "",
    "calleridname" => "102",
    "calleridnum" => "102",
    "channel" => "PJSIP/102-000000cd",
    "channelstate" => "6",
    "channelstatedesc" => "Up",
    "connectedlinename" => "104",
    "connectedlinenum" => "104",
    "context" => "org_all",
    "exten" => "",
    "language" => "en",
    "linkedid" => "1744303773.306",
    "priority" => "1",
    "privilege" => "dialplan,all",
    "uniqueid" => "1744303773.307",
    "value" => "PJSIP/104-000000cc",
    "variable" => "BRIDGEPEER"
  },
  variables: %{}
}
[2025-04-10 16:49:39.969233Z] %ElixirAmi.Event{
  event: "varset",
  source: :asterisk_connection,
  action_id: nil,
  keys: %{
    "accountcode" => "",
    "calleridname" => "102",
    "calleridnum" => "102",
    "channel" => "PJSIP/102-000000cd",
    "channelstate" => "6",
    "channelstatedesc" => "Up",
    "connectedlinename" => "104",
    "connectedlinenum" => "104",
    "context" => "org_all",
    "exten" => "",
    "language" => "en",
    "linkedid" => "1744303773.306",
    "priority" => "1",
    "privilege" => "dialplan,all",
    "uniqueid" => "1744303773.307",
    "value" => "73a83c46d0c44e8eaf89de514c3b877b",
    "variable" => "BRIDGEPVTCALLID"
  },
  variables: %{}
}
[2025-04-10 16:49:39.969429Z] %ElixirAmi.Event{
  event: "varset",
  source: :asterisk_connection,
  action_id: nil,
  keys: %{
    "accountcode" => "",
    "calleridname" => "104",
    "calleridnum" => "104",
    "channel" => "PJSIP/104-000000cc",
    "channelstate" => "6",
    "channelstatedesc" => "Up",
    "connectedlinename" => "102",
    "connectedlinenum" => "102",
    "context" => "org_all",
    "exten" => "102",
    "language" => "en",
    "linkedid" => "1744303773.306",
    "priority" => "2",
    "privilege" => "dialplan,all",
    "uniqueid" => "1744303773.306",
    "value" => "PJSIP/102-000000cd",
    "variable" => "BRIDGEPEER"
  },
  variables: %{}
}
[2025-04-10 16:49:39.969597Z] %ElixirAmi.Event{
  event: "varset",
  source: :asterisk_connection,
  action_id: nil,
  keys: %{
    "accountcode" => "",
    "calleridname" => "104",
    "calleridnum" => "104",
    "channel" => "PJSIP/104-000000cc",
    "channelstate" => "6",
    "channelstatedesc" => "Up",
    "connectedlinename" => "102",
    "connectedlinenum" => "102",
    "context" => "org_all",
    "exten" => "102",
    "language" => "en",
    "linkedid" => "1744303773.306",
    "priority" => "2",
    "privilege" => "dialplan,all",
    "uniqueid" => "1744303773.306",
    "value" => "01f52477-fb81-49ed-9f79-68d9097efa93",
    "variable" => "BRIDGEPVTCALLID"
  },
  variables: %{}
}
[2025-04-10 16:49:39.969842Z] %ElixirAmi.Event{
  event: "varset",
  source: :asterisk_connection,
  action_id: nil,
  keys: %{
    "accountcode" => "",
    "calleridname" => "102",
    "calleridnum" => "102",
    "channel" => "PJSIP/102-000000cd",
    "channelstate" => "6",
    "channelstatedesc" => "Up",
    "connectedlinename" => "104",
    "connectedlinenum" => "104",
    "context" => "org_all",
    "exten" => "",
    "language" => "en",
    "linkedid" => "1744303773.306",
    "priority" => "1",
    "privilege" => "dialplan,all",
    "uniqueid" => "1744303773.307",
    "value" => "PJSIP/104-000000cc",
    "variable" => "BRIDGEPEER"
  },
  variables: %{}
}
[2025-04-10 16:49:39.970091Z] %ElixirAmi.Event{
  event: "varset",
  source: :asterisk_connection,
  action_id: nil,
  keys: %{
    "accountcode" => "",
    "calleridname" => "102",
    "calleridnum" => "102",
    "channel" => "PJSIP/102-000000cd",
    "channelstate" => "6",
    "channelstatedesc" => "Up",
    "connectedlinename" => "104",
    "connectedlinenum" => "104",
    "context" => "org_all",
    "exten" => "",
    "language" => "en",
    "linkedid" => "1744303773.306",
    "priority" => "1",
    "privilege" => "dialplan,all",
    "uniqueid" => "1744303773.307",
    "value" => "73a83c46d0c44e8eaf89de514c3b877b",
    "variable" => "BRIDGEPVTCALLID"
  },
  variables: %{}
}
[2025-04-10 16:49:39.970476Z] %ElixirAmi.Event{
  event: "rtcpreceived",
  source: :asterisk_connection,
  action_id: nil,
  keys: %{
    "accountcode" => "",
    "calleridname" => "104",
    "calleridnum" => "104",
    "channel" => "PJSIP/104-000000cc",
    "channelstate" => "6",
    "channelstatedesc" => "Up",
    "connectedlinename" => "102",
    "connectedlinenum" => "102",
    "context" => "org_all",
    "exten" => "102",
    "from" => "192.168.0.16:4027",
    "language" => "en",
    "linkedid" => "1744303773.306",
    "mes" => "85.4",
    "priority" => "2",
    "privilege" => "reporting,all",
    "pt" => "201(RR)",
    "report0cumulativelost" => "0",
    "report0dlsr" => "0.0000",
    "report0fractionlost" => "0",
    "report0highestsequence" => "0",
    "report0iajitter" => "0",
    "report0lsr" => "0",
    "report0sequencenumbercycles" => "0",
    "report0sourcessrc" => "0x00000000",
    "reportcount" => "1",
    "rtt" => "0.0000",
    "ssrc" => "0x00000000",
    "to" => "192.168.0.16:17393",
    "uniqueid" => "1744303773.306"
  },
  variables: %{}
}
[2025-04-10 16:49:39.971174Z] %ElixirAmi.Event{
  event: "rtcpreceived",
  source: :asterisk_connection,
  action_id: nil,
  keys: %{
    "accountcode" => "",
    "calleridname" => "104",
    "calleridnum" => "104",
    "channel" => "PJSIP/104-000000cc",
    "channelstate" => "6",
    "channelstatedesc" => "Up",
    "connectedlinename" => "102",
    "connectedlinenum" => "102",
    "context" => "org_all",
    "exten" => "102",
    "from" => "192.168.0.16:4027",
    "language" => "en",
    "linkedid" => "1744303773.306",
    "mes" => "85.4",
    "priority" => "2",
    "privilege" => "reporting,all",
    "pt" => "201(RR)",
    "report0cumulativelost" => "0",
    "report0dlsr" => "0.0000",
    "report0fractionlost" => "0",
    "report0highestsequence" => "0",
    "report0iajitter" => "0",
    "report0lsr" => "0",
    "report0sequencenumbercycles" => "0",
    "report0sourcessrc" => "0x00000000",
    "reportcount" => "1",
    "rtt" => "0.0000",
    "ssrc" => "0x00000000",
    "to" => "192.168.0.16:17393",
    "uniqueid" => "1744303773.306"
  },
  variables: %{}
}
[2025-04-10 16:49:39.972241Z] %ElixirAmi.Event{
  event: "varset",
  source: :asterisk_connection,
  action_id: nil,
  keys: %{
    "accountcode" => "",
    "calleridname" => "104",
    "calleridnum" => "104",
    "channel" => "PJSIP/104-000000cc",
    "channelstate" => "6",
    "channelstatedesc" => "Up",
    "connectedlinename" => "102",
    "connectedlinenum" => "102",
    "context" => "org_all",
    "exten" => "102",
    "language" => "en",
    "linkedid" => "1744303773.306",
    "priority" => "2",
    "privilege" => "dialplan,all",
    "uniqueid" => "1744303773.306",
    "value" => "/home/rawmn/AsteriskConnector/priv/recordings/104_102_2025-04-101744303773.306.wav",
    "variable" => "MIXMONITOR_FILENAME"
  },
  variables: %{}
}
[2025-04-10 16:49:39.972430Z] %ElixirAmi.Event{
  event: "mixmonitorstart",
  source: :asterisk_connection,
  action_id: nil,
  keys: %{
    "accountcode" => "",
    "calleridname" => "104",
    "calleridnum" => "104",
    "channel" => "PJSIP/104-000000cc",
    "channelstate" => "6",
    "channelstatedesc" => "Up",
    "connectedlinename" => "102",
    "connectedlinenum" => "102",
    "context" => "org_all",
    "exten" => "102",
    "language" => "en",
    "linkedid" => "1744303773.306",
    "priority" => "2",
    "privilege" => "call,all",
    "uniqueid" => "1744303773.306"
  },
  variables: %{}
}
[2025-04-10 16:49:39.972713Z] %ElixirAmi.Event{
  event: "varset",
  source: :asterisk_connection,
  action_id: nil,
  keys: %{
    "accountcode" => "",
    "calleridname" => "104",
    "calleridnum" => "104",
    "channel" => "PJSIP/104-000000cc",
    "channelstate" => "6",
    "channelstatedesc" => "Up",
    "connectedlinename" => "102",
    "connectedlinenum" => "102",
    "context" => "org_all",
    "exten" => "102",
    "language" => "en",
    "linkedid" => "1744303773.306",
    "priority" => "2",
    "privilege" => "dialplan,all",
    "uniqueid" => "1744303773.306",
    "value" => "PJSIP/102-000000cd",
    "variable" => "BRIDGEPEER"
  },
  variables: %{}
}
[2025-04-10 16:49:39.972913Z] %ElixirAmi.Event{
  event: "varset",
  source: :asterisk_connection,
  action_id: nil,
  keys: %{
    "accountcode" => "",
    "calleridname" => "104",
    "calleridnum" => "104",
    "channel" => "PJSIP/104-000000cc",
    "channelstate" => "6",
    "channelstatedesc" => "Up",
    "connectedlinename" => "102",
    "connectedlinenum" => "102",
    "context" => "org_all",
    "exten" => "102",
    "language" => "en",
    "linkedid" => "1744303773.306",
    "priority" => "2",
    "privilege" => "dialplan,all",
    "uniqueid" => "1744303773.306",
    "value" => "01f52477-fb81-49ed-9f79-68d9097efa93",
    "variable" => "BRIDGEPVTCALLID"
  },
  variables: %{}
}
[2025-04-10 16:49:39.973081Z] %ElixirAmi.Event{
  event: "varset",
  source: :asterisk_connection,
  action_id: nil,
  keys: %{
    "accountcode" => "",
    "calleridname" => "102",
    "calleridnum" => "102",
    "channel" => "PJSIP/102-000000cd",
    "channelstate" => "6",
    "channelstatedesc" => "Up",
    "connectedlinename" => "104",
    "connectedlinenum" => "104",
    "context" => "org_all",
    "exten" => "",
    "language" => "en",
    "linkedid" => "1744303773.306",
    "priority" => "1",
    "privilege" => "dialplan,all",
    "uniqueid" => "1744303773.307",
    "value" => "PJSIP/104-000000cc",
    "variable" => "BRIDGEPEER"
  },
  variables: %{}
}
[2025-04-10 16:49:39.973357Z] %ElixirAmi.Event{
  event: "varset",
  source: :asterisk_connection,
  action_id: nil,
  keys: %{
    "accountcode" => "",
    "calleridname" => "102",
    "calleridnum" => "102",
    "channel" => "PJSIP/102-000000cd",
    "channelstate" => "6",
    "channelstatedesc" => "Up",
    "connectedlinename" => "104",
    "connectedlinenum" => "104",
    "context" => "org_all",
    "exten" => "",
    "language" => "en",
    "linkedid" => "1744303773.306",
    "priority" => "1",
    "privilege" => "dialplan,all",
    "uniqueid" => "1744303773.307",
    "value" => "73a83c46d0c44e8eaf89de514c3b877b",
    "variable" => "BRIDGEPVTCALLID"
  },
  variables: %{}
}
[2025-04-10 16:49:39.973532Z] %ElixirAmi.Event{
  event: "varset",
  source: :asterisk_connection,
  action_id: nil,
  keys: %{
    "accountcode" => "",
    "calleridname" => "104",
    "calleridnum" => "104",
    "channel" => "PJSIP/104-000000cc",
    "channelstate" => "6",
    "channelstatedesc" => "Up",
    "connectedlinename" => "102",
    "connectedlinenum" => "102",
    "context" => "org_all",
    "exten" => "102",
    "language" => "en",
    "linkedid" => "1744303773.306",
    "priority" => "2",
    "privilege" => "dialplan,all",
    "uniqueid" => "1744303773.306",
    "value" => "PJSIP/102-000000cd",
    "variable" => "BRIDGEPEER"
  },
  variables: %{}
}
[2025-04-10 16:49:39.973701Z] %ElixirAmi.Event{
  event: "varset",
  source: :asterisk_connection,
  action_id: nil,
  keys: %{
    "accountcode" => "",
    "calleridname" => "104",
    "calleridnum" => "104",
    "channel" => "PJSIP/104-000000cc",
    "channelstate" => "6",
    "channelstatedesc" => "Up",
    "connectedlinename" => "102",
    "connectedlinenum" => "102",
    "context" => "org_all",
    "exten" => "102",
    "language" => "en",
    "linkedid" => "1744303773.306",
    "priority" => "2",
    "privilege" => "dialplan,all",
    "uniqueid" => "1744303773.306",
    "value" => "01f52477-fb81-49ed-9f79-68d9097efa93",
    "variable" => "BRIDGEPVTCALLID"
  },
  variables: %{}
}
[2025-04-10 16:49:39.973945Z] %ElixirAmi.Event{
  event: "varset",
  source: :asterisk_connection,
  action_id: nil,
  keys: %{
    "accountcode" => "",
    "calleridname" => "102",
    "calleridnum" => "102",
    "channel" => "PJSIP/102-000000cd",
    "channelstate" => "6",
    "channelstatedesc" => "Up",
    "connectedlinename" => "104",
    "connectedlinenum" => "104",
    "context" => "org_all",
    "exten" => "",
    "language" => "en",
    "linkedid" => "1744303773.306",
    "priority" => "1",
    "privilege" => "dialplan,all",
    "uniqueid" => "1744303773.307",
    "value" => "PJSIP/104-000000cc",
    "variable" => "BRIDGEPEER"
  },
  variables: %{}
}
[2025-04-10 16:49:39.974281Z] %ElixirAmi.Event{
  event: "varset",
  source: :asterisk_connection,
  action_id: nil,
  keys: %{
    "accountcode" => "",
    "calleridname" => "102",
    "calleridnum" => "102",
    "channel" => "PJSIP/102-000000cd",
    "channelstate" => "6",
    "channelstatedesc" => "Up",
    "connectedlinename" => "104",
    "connectedlinenum" => "104",
    "context" => "org_all",
    "exten" => "",
    "language" => "en",
    "linkedid" => "1744303773.306",
    "priority" => "1",
    "privilege" => "dialplan,all",
    "uniqueid" => "1744303773.307",
    "value" => "73a83c46d0c44e8eaf89de514c3b877b",
    "variable" => "BRIDGEPVTCALLID"
  },
  variables: %{}
}
[2025-04-10 16:49:39.974520Z] %ElixirAmi.Event{
  event: "varset",
  source: :asterisk_connection,
  action_id: nil,
  keys: %{
    "accountcode" => "",
    "calleridname" => "104",
    "calleridnum" => "104",
    "channel" => "PJSIP/104-000000cc",
    "channelstate" => "6",
    "channelstatedesc" => "Up",
    "connectedlinename" => "102",
    "connectedlinenum" => "102",
    "context" => "org_all",
    "exten" => "102",
    "language" => "en",
    "linkedid" => "1744303773.306",
    "priority" => "2",
    "privilege" => "dialplan,all",
    "uniqueid" => "1744303773.306",
    "value" => "PJSIP/102-000000cd",
    "variable" => "BRIDGEPEER"
  },
  variables: %{}
}
[2025-04-10 16:49:39.974759Z] %ElixirAmi.Event{
  event: "varset",
  source: :asterisk_connection,
  action_id: nil,
  keys: %{
    "accountcode" => "",
    "calleridname" => "104",
    "calleridnum" => "104",
    "channel" => "PJSIP/104-000000cc",
    "channelstate" => "6",
    "channelstatedesc" => "Up",
    "connectedlinename" => "102",
    "connectedlinenum" => "102",
    "context" => "org_all",
    "exten" => "102",
    "language" => "en",
    "linkedid" => "1744303773.306",
    "priority" => "2",
    "privilege" => "dialplan,all",
    "uniqueid" => "1744303773.306",
    "value" => "01f52477-fb81-49ed-9f79-68d9097efa93",
    "variable" => "BRIDGEPVTCALLID"
  },
  variables: %{}
}
[2025-04-10 16:49:39.975017Z] %ElixirAmi.Event{
  event: "varset",
  source: :asterisk_connection,
  action_id: nil,
  keys: %{
    "accountcode" => "",
    "calleridname" => "102",
    "calleridnum" => "102",
    "channel" => "PJSIP/102-000000cd",
    "channelstate" => "6",
    "channelstatedesc" => "Up",
    "connectedlinename" => "104",
    "connectedlinenum" => "104",
    "context" => "org_all",
    "exten" => "",
    "language" => "en",
    "linkedid" => "1744303773.306",
    "priority" => "1",
    "privilege" => "dialplan,all",
    "uniqueid" => "1744303773.307",
    "value" => "PJSIP/104-000000cc",
    "variable" => "BRIDGEPEER"
  },
  variables: %{}
}
[2025-04-10 16:49:39.975254Z] %ElixirAmi.Event{
  event: "varset",
  source: :asterisk_connection,
  action_id: nil,
  keys: %{
    "accountcode" => "",
    "calleridname" => "102",
    "calleridnum" => "102",
    "channel" => "PJSIP/102-000000cd",
    "channelstate" => "6",
    "channelstatedesc" => "Up",
    "connectedlinename" => "104",
    "connectedlinenum" => "104",
    "context" => "org_all",
    "exten" => "",
    "language" => "en",
    "linkedid" => "1744303773.306",
    "priority" => "1",
    "privilege" => "dialplan,all",
    "uniqueid" => "1744303773.307",
    "value" => "73a83c46d0c44e8eaf89de514c3b877b",
    "variable" => "BRIDGEPVTCALLID"
  },
  variables: %{}
}
[2025-04-10 16:49:39.982002Z] %ElixirAmi.Event{
  event: "varset",
  source: :asterisk_connection,
  action_id: nil,
  keys: %{
    "accountcode" => "",
    "calleridname" => "104",
    "calleridnum" => "104",
    "channel" => "PJSIP/104-000000cc",
    "channelstate" => "6",
    "channelstatedesc" => "Up",
    "connectedlinename" => "102",
    "connectedlinenum" => "102",
    "context" => "org_all",
    "exten" => "102",
    "language" => "en",
    "linkedid" => "1744303773.306",
    "priority" => "2",
    "privilege" => "dialplan,all",
    "uniqueid" => "1744303773.306",
    "value" => "PJSIP/102-000000cd",
    "variable" => "BRIDGEPEER"
  },
  variables: %{}
}
[2025-04-10 16:49:39.982413Z] %ElixirAmi.Event{
  event: "varset",
  source: :asterisk_connection,
  action_id: nil,
  keys: %{
    "accountcode" => "",
    "calleridname" => "104",
    "calleridnum" => "104",
    "channel" => "PJSIP/104-000000cc",
    "channelstate" => "6",
    "channelstatedesc" => "Up",
    "connectedlinename" => "102",
    "connectedlinenum" => "102",
    "context" => "org_all",
    "exten" => "102",
    "language" => "en",
    "linkedid" => "1744303773.306",
    "priority" => "2",
    "privilege" => "dialplan,all",
    "uniqueid" => "1744303773.306",
    "value" => "01f52477-fb81-49ed-9f79-68d9097efa93",
    "variable" => "BRIDGEPVTCALLID"
  },
  variables: %{}
}
[2025-04-10 16:49:39.982691Z] %ElixirAmi.Event{
  event: "varset",
  source: :asterisk_connection,
  action_id: nil,
  keys: %{
    "accountcode" => "",
    "calleridname" => "102",
    "calleridnum" => "102",
    "channel" => "PJSIP/102-000000cd",
    "channelstate" => "6",
    "channelstatedesc" => "Up",
    "connectedlinename" => "104",
    "connectedlinenum" => "104",
    "context" => "org_all",
    "exten" => "",
    "language" => "en",
    "linkedid" => "1744303773.306",
    "priority" => "1",
    "privilege" => "dialplan,all",
    "uniqueid" => "1744303773.307",
    "value" => "PJSIP/104-000000cc",
    "variable" => "BRIDGEPEER"
  },
  variables: %{}
}
[2025-04-10 16:49:39.982970Z] %ElixirAmi.Event{
  event: "varset",
  source: :asterisk_connection,
  action_id: nil,
  keys: %{
    "accountcode" => "",
    "calleridname" => "102",
    "calleridnum" => "102",
    "channel" => "PJSIP/102-000000cd",
    "channelstate" => "6",
    "channelstatedesc" => "Up",
    "connectedlinename" => "104",
    "connectedlinenum" => "104",
    "context" => "org_all",
    "exten" => "",
    "language" => "en",
    "linkedid" => "1744303773.306",
    "priority" => "1",
    "privilege" => "dialplan,all",
    "uniqueid" => "1744303773.307",
    "value" => "73a83c46d0c44e8eaf89de514c3b877b",
    "variable" => "BRIDGEPVTCALLID"
  },
  variables: %{}
}
[2025-04-10 16:49:40.162495Z] %ElixirAmi.Event{
  event: "rtcpreceived",
  source: :asterisk_connection,
  action_id: nil,
  keys: %{
    "pt" => "200(SR)",
    "report0highestsequence" => "16192",
    "mes" => "85.4",
    "privilege" => "reporting,all",
    "channelstatedesc" => "Up",
    "uniqueid" => "1744303773.306",
    "sentntp" => "1744328979.197643",
    "report0fractionlost" => "0",
    "sentpackets" => "9",
    "report0lsr" => "0",
    "linkedid" => "1744303773.306",
    "ssrc" => "0xeba2d793",
    "exten" => "102",
    "channel" => "PJSIP/104-000000cc",
    "report0iajitter" => "0",
    "sentrtp" => "1576",
    "context" => "org_all",
    "connectedlinename" => "102",
    "priority" => "2",
    "rtt" => "0.0000",
    "to" => "192.168.0.16:17393",
    "reportcount" => "1",
    "language" => "en",
    "sentoctets" => "1440",
    "calleridname" => "104",
    "from" => "192.168.0.16:4027",
    "report0cumulativelost" => "0",
    "report0sequencenumbercycles" => "0",
    "calleridnum" => "104",
    "channelstate" => "6",
    "accountcode" => "",
    "report0dlsr" => "0.0000",
    "report0sourcessrc" => "0x6cad9ccd",
    "connectedlinenum" => "102"
  },
  variables: %{}
}
[2025-04-10 16:49:40.165557Z] %ElixirAmi.Event{
  event: "rtcpreceived",
  source: :asterisk_connection,
  action_id: nil,
  keys: %{
    "pt" => "200(SR)",
    "report0highestsequence" => "20020",
    "mes" => "85.4",
    "privilege" => "reporting,all",
    "channelstatedesc" => "Up",
    "uniqueid" => "1744303773.307",
    "sentntp" => "1744328979.202204",
    "report0fractionlost" => "0",
    "sentpackets" => "10",
    "report0lsr" => "0",
    "linkedid" => "1744303773.306",
    "ssrc" => "0xeba2d793",
    "exten" => "",
    "channel" => "PJSIP/102-000000cd",
    "report0iajitter" => "0",
    "sentrtp" => "1616",
    "context" => "org_all",
    "connectedlinename" => "104",
    "priority" => "1",
    "rtt" => "0.0000",
    "to" => "192.168.0.16:17151",
    "reportcount" => "1",
    "language" => "en",
    "sentoctets" => "1600",
    "calleridname" => "102",
    "from" => "192.168.0.16:4211",
    "report0cumulativelost" => "0",
    "report0sequencenumbercycles" => "0",
    "calleridnum" => "102",
    "channelstate" => "6",
    "accountcode" => "",
    "report0dlsr" => "0.0000",
    "report0sourcessrc" => "0x66fe7332",
    "connectedlinenum" => "104"
  },
  variables: %{}
}
[2025-04-10 16:49:44.851874Z] %ElixirAmi.Event{
  event: "rtcpreceived",
  source: :asterisk_connection,
  action_id: nil,
  keys: %{
    "pt" => "200(SR)",
    "report0highestsequence" => "20254",
    "mes" => "85.4",
    "privilege" => "reporting,all",
    "channelstatedesc" => "Up",
    "uniqueid" => "1744303773.307",
    "sentntp" => "1744328983.888186",
    "report0fractionlost" => "0",
    "sentpackets" => "244",
    "report0lsr" => "0",
    "linkedid" => "1744303773.306",
    "ssrc" => "0xeba2d797",
    "exten" => "",
    "channel" => "PJSIP/102-000000cd",
    "report0iajitter" => "6",
    "sentrtp" => "39104",
    "context" => "org_all",
    "connectedlinename" => "104",
    "priority" => "1",
    "rtt" => "0.0000",
    "to" => "192.168.0.16:17151",
    "reportcount" => "1",
    "language" => "en",
    "sentoctets" => "39040",
    "calleridname" => "102",
    "from" => "192.168.0.16:4211",
    "report0cumulativelost" => "0",
    "report0sequencenumbercycles" => "0",
    "calleridnum" => "102",
    "channelstate" => "6",
    "accountcode" => "",
    "report0dlsr" => "0.0000",
    "report0sourcessrc" => "0x66fe7332",
    "connectedlinenum" => "104"
  },
  variables: %{}
}
[2025-04-10 16:49:44.852457Z] %ElixirAmi.Event{
  event: "rtcpreceived",
  source: :asterisk_connection,
  action_id: nil,
  keys: %{
    "accountcode" => "",
    "calleridname" => "102",
    "calleridnum" => "102",
    "channel" => "PJSIP/102-000000cd",
    "channelstate" => "6",
    "channelstatedesc" => "Up",
    "connectedlinename" => "104",
    "connectedlinenum" => "104",
    "context" => "org_all",
    "exten" => "",
    "from" => "192.168.0.16:4211",
    "language" => "en",
    "linkedid" => "1744303773.306",
    "mes" => "85.4",
    "priority" => "1",
    "privilege" => "reporting,all",
    "pt" => "201(RR)",
    "report0cumulativelost" => "0",
    "report0dlsr" => "0.0000",
    "report0fractionlost" => "0",
    "report0highestsequence" => "20254",
    "report0iajitter" => "6",
    "report0lsr" => "0",
    "report0sequencenumbercycles" => "0",
    "report0sourcessrc" => "0x66fe7332",
    "reportcount" => "1",
    "rtt" => "0.0000",
    "ssrc" => "0x66fe7332",
    "to" => "192.168.0.16:17151",
    "uniqueid" => "1744303773.307"
  },
  variables: %{}
}
[2025-04-10 16:49:44.852819Z] %ElixirAmi.Event{
  event: "varset",
  source: :asterisk_connection,
  action_id: nil,
  keys: %{
    "accountcode" => "",
    "calleridname" => "102",
    "calleridnum" => "102",
    "channel" => "PJSIP/102-000000cd",
    "channelstate" => "6",
    "channelstatedesc" => "Up",
    "connectedlinename" => "104",
    "connectedlinenum" => "104",
    "context" => "org_all",
    "exten" => "",
    "language" => "en",
    "linkedid" => "1744303773.306",
    "priority" => "1",
    "privilege" => "dialplan,all",
    "uniqueid" => "1744303773.307",
    "value" => "ssrc=1727951666;themssrc=300623575;lp=0;rxjitter=0.000750;rxcount=244;txjitter=0.000875;txcount=244;rlp=0;rtt=0.000000;rxmes=85.367289;txmes=0.000000",
    "variable" => "RTPAUDIOQOS"
  },
  variables: %{}
}
[2025-04-10 16:49:44.852965Z] %ElixirAmi.Event{
  event: "varset",
  source: :asterisk_connection,
  action_id: nil,
  keys: %{
    "accountcode" => "",
    "calleridname" => "104",
    "calleridnum" => "104",
    "channel" => "PJSIP/104-000000cc",
    "channelstate" => "6",
    "channelstatedesc" => "Up",
    "connectedlinename" => "102",
    "connectedlinenum" => "102",
    "context" => "org_all",
    "exten" => "102",
    "language" => "en",
    "linkedid" => "1744303773.306",
    "priority" => "2",
    "privilege" => "dialplan,all",
    "uniqueid" => "1744303773.306",
    "value" => "ssrc=1727951666;themssrc=300623575;lp=0;rxjitter=0.000750;rxcount=244;txjitter=0.000875;txcount=244;rlp=0;rtt=0.000000;rxmes=85.367289;txmes=0.000000",
    "variable" => "RTPAUDIOQOSBRIDGED"
  },
  variables: %{}
}
[2025-04-10 16:49:44.853136Z] %ElixirAmi.Event{
  event: "varset",
  source: :asterisk_connection,
  action_id: nil,
  keys: %{
    "accountcode" => "",
    "calleridname" => "102",
    "calleridnum" => "102",
    "channel" => "PJSIP/102-000000cd",
    "channelstate" => "6",
    "channelstatedesc" => "Up",
    "connectedlinename" => "104",
    "connectedlinenum" => "104",
    "context" => "org_all",
    "exten" => "",
    "language" => "en",
    "linkedid" => "1744303773.306",
    "priority" => "1",
    "privilege" => "dialplan,all",
    "uniqueid" => "1744303773.307",
    "value" => "minrxjitter=000.000125;maxrxjitter=000.000875;avgrxjitter=000.000734;stdevrxjitter=000.000139;mintxjitter=000.000000;maxtxjitter=000.000750;avgtxjitter=000.000300;stdevtxjitter=000.000367;",
    "variable" => "RTPAUDIOQOSJITTER"
  },
  variables: %{}
}
[2025-04-10 16:49:44.853344Z] %ElixirAmi.Event{
  event: "varset",
  source: :asterisk_connection,
  action_id: nil,
  keys: %{
    "accountcode" => "",
    "calleridname" => "104",
    "calleridnum" => "104",
    "channel" => "PJSIP/104-000000cc",
    "channelstate" => "6",
    "channelstatedesc" => "Up",
    "connectedlinename" => "102",
    "connectedlinenum" => "102",
    "context" => "org_all",
    "exten" => "102",
    "language" => "en",
    "linkedid" => "1744303773.306",
    "priority" => "2",
    "privilege" => "dialplan,all",
    "uniqueid" => "1744303773.306",
    "value" => "minrxjitter=000.000125;maxrxjitter=000.000875;avgrxjitter=000.000734;stdevrxjitter=000.000139;mintxjitter=000.000000;maxtxjitter=000.000750;avgtxjitter=000.000300;stdevtxjitter=000.000367;",
    "variable" => "RTPAUDIOQOSJITTERBRIDGED"
  },
  variables: %{}
}
[2025-04-10 16:49:44.853549Z] %ElixirAmi.Event{
  event: "varset",
  source: :asterisk_connection,
  action_id: nil,
  keys: %{
    "accountcode" => "",
    "calleridname" => "102",
    "calleridnum" => "102",
    "channel" => "PJSIP/102-000000cd",
    "channelstate" => "6",
    "channelstatedesc" => "Up",
    "connectedlinename" => "104",
    "connectedlinenum" => "104",
    "context" => "org_all",
    "exten" => "",
    "language" => "en",
    "linkedid" => "1744303773.306",
    "priority" => "1",
    "privilege" => "dialplan,all",
    "uniqueid" => "1744303773.307",
    "value" => "minrxlost=000.000000;  maxrxlost=000.000000;  avgrxlost=000.000000;  stdevrxlost=000.000000;  mintxlost=000.000000;  maxtxlost=000.000000;  avgtxlost=000.000000;  stdevtxlost=000.000000;",
    "variable" => "RTPAUDIOQOSLOSS"
  },
  variables: %{}
}
[2025-04-10 16:49:44.853808Z] %ElixirAmi.Event{
  event: "varset",
  source: :asterisk_connection,
  action_id: nil,
  keys: %{
    "accountcode" => "",
    "calleridname" => "104",
    "calleridnum" => "104",
    "channel" => "PJSIP/104-000000cc",
    "channelstate" => "6",
    "channelstatedesc" => "Up",
    "connectedlinename" => "102",
    "connectedlinenum" => "102",
    "context" => "org_all",
    "exten" => "102",
    "language" => "en",
    "linkedid" => "1744303773.306",
    "priority" => "2",
    "privilege" => "dialplan,all",
    "uniqueid" => "1744303773.306",
    "value" => "minrxlost=000.000000;  maxrxlost=000.000000;  avgrxlost=000.000000;  stdevrxlost=000.000000;  mintxlost=000.000000;  maxtxlost=000.000000;  avgtxlost=000.000000;  stdevtxlost=000.000000;",
    "variable" => "RTPAUDIOQOSLOSSBRIDGED"
  },
  variables: %{}
}
[2025-04-10 16:49:44.853976Z] %ElixirAmi.Event{
  event: "varset",
  source: :asterisk_connection,
  action_id: nil,
  keys: %{
    "accountcode" => "",
    "calleridname" => "102",
    "calleridnum" => "102",
    "channel" => "PJSIP/102-000000cd",
    "channelstate" => "6",
    "channelstatedesc" => "Up",
    "connectedlinename" => "104",
    "connectedlinenum" => "104",
    "context" => "org_all",
    "exten" => "",
    "language" => "en",
    "linkedid" => "1744303773.306",
    "priority" => "1",
    "privilege" => "dialplan,all",
    "uniqueid" => "1744303773.307",
    "value" => "minrtt=000.000000;     maxrtt=000.000000;     avgrtt=000.000000;     stdevrtt=000.000000;",
    "variable" => "RTPAUDIOQOSRTT"
  },
  variables: %{}
}
[2025-04-10 16:49:44.854154Z] %ElixirAmi.Event{
  event: "varset",
  source: :asterisk_connection,
  action_id: nil,
  keys: %{
    "accountcode" => "",
    "calleridname" => "104",
    "calleridnum" => "104",
    "channel" => "PJSIP/104-000000cc",
    "channelstate" => "6",
    "channelstatedesc" => "Up",
    "connectedlinename" => "102",
    "connectedlinenum" => "102",
    "context" => "org_all",
    "exten" => "102",
    "language" => "en",
    "linkedid" => "1744303773.306",
    "priority" => "2",
    "privilege" => "dialplan,all",
    "uniqueid" => "1744303773.306",
    "value" => "minrtt=000.000000;     maxrtt=000.000000;     avgrtt=000.000000;     stdevrtt=000.000000;",
    "variable" => "RTPAUDIOQOSRTTBRIDGED"
  },
  variables: %{}
}
[2025-04-10 16:49:44.854373Z] %ElixirAmi.Event{
  event: "varset",
  source: :asterisk_connection,
  action_id: nil,
  keys: %{
    "accountcode" => "",
    "calleridname" => "102",
    "calleridnum" => "102",
    "channel" => "PJSIP/102-000000cd",
    "channelstate" => "6",
    "channelstatedesc" => "Up",
    "connectedlinename" => "104",
    "connectedlinenum" => "104",
    "context" => "org_all",
    "exten" => "",
    "language" => "en",
    "linkedid" => "1744303773.306",
    "priority" => "1",
    "privilege" => "dialplan,all",
    "uniqueid" => "1744303773.307",
    "value" => "minrxmes=000.000000;   maxrxmes=000.000000;   avgrxmes=000.000000;   stdevrxmes=000.000139;   mintxmes=085.367289;   maxtxmes=085.367289;   avgtxmes=085.367289;   stdevtxmes=000.000000;",
    "variable" => "RTPAUDIOQOSMES"
  },
  variables: %{}
}
[2025-04-10 16:49:44.854538Z] %ElixirAmi.Event{
  event: "varset",
  source: :asterisk_connection,
  action_id: nil,
  keys: %{
    "accountcode" => "",
    "calleridname" => "104",
    "calleridnum" => "104",
    "channel" => "PJSIP/104-000000cc",
    "channelstate" => "6",
    "channelstatedesc" => "Up",
    "connectedlinename" => "102",
    "connectedlinenum" => "102",
    "context" => "org_all",
    "exten" => "102",
    "language" => "en",
    "linkedid" => "1744303773.306",
    "priority" => "2",
    "privilege" => "dialplan,all",
    "uniqueid" => "1744303773.306",
    "value" => "minrxmes=000.000000;   maxrxmes=000.000000;   avgrxmes=000.000000;   stdevrxmes=000.000139;   mintxmes=085.367289;   maxtxmes=085.367289;   avgtxmes=085.367289;   stdevtxmes=000.000000;",
    "variable" => "RTPAUDIOQOSMESBRIDGED"
  },
  variables: %{}
}
[2025-04-10 16:49:44.854666Z] %ElixirAmi.Event{
  event: "hanguprequest",
  source: :asterisk_connection,
  action_id: nil,
  keys: %{
    "accountcode" => "",
    "calleridname" => "102",
    "calleridnum" => "102",
    "channel" => "PJSIP/102-000000cd",
    "channelstate" => "6",
    "channelstatedesc" => "Up",
    "connectedlinename" => "104",
    "connectedlinenum" => "104",
    "context" => "org_all",
    "exten" => "",
    "language" => "en",
    "linkedid" => "1744303773.306",
    "priority" => "1",
    "privilege" => "call,all",
    "uniqueid" => "1744303773.307"
  },
  variables: %{}
}
[2025-04-10 16:49:44.854821Z] %ElixirAmi.Event{
  event: "varset",
  source: :asterisk_connection,
  action_id: nil,
  keys: %{
    "accountcode" => "",
    "calleridname" => "102",
    "calleridnum" => "102",
    "channel" => "PJSIP/102-000000cd",
    "channelstate" => "6",
    "channelstatedesc" => "Up",
    "connectedlinename" => "104",
    "connectedlinenum" => "104",
    "context" => "org_all",
    "exten" => "",
    "language" => "en",
    "linkedid" => "1744303773.306",
    "priority" => "1",
    "privilege" => "dialplan,all",
    "uniqueid" => "1744303773.307",
    "value" => "",
    "variable" => "BRIDGEPEER"
  },
  variables: %{}
}
[2025-04-10 16:49:44.854998Z] %ElixirAmi.Event{
  event: "varset",
  source: :asterisk_connection,
  action_id: nil,
  keys: %{
    "accountcode" => "",
    "calleridname" => "102",
    "calleridnum" => "102",
    "channel" => "PJSIP/102-000000cd",
    "channelstate" => "6",
    "channelstatedesc" => "Up",
    "connectedlinename" => "104",
    "connectedlinenum" => "104",
    "context" => "org_all",
    "exten" => "",
    "language" => "en",
    "linkedid" => "1744303773.306",
    "priority" => "1",
    "privilege" => "dialplan,all",
    "uniqueid" => "1744303773.307",
    "value" => "",
    "variable" => "BRIDGEPVTCALLID"
  },
  variables: %{}
}
[2025-04-10 16:49:44.855231Z] %ElixirAmi.Event{
  event: "varset",
  source: :asterisk_connection,
  action_id: nil,
  keys: %{
    "accountcode" => "",
    "calleridname" => "104",
    "calleridnum" => "104",
    "channel" => "PJSIP/104-000000cc",
    "channelstate" => "6",
    "channelstatedesc" => "Up",
    "connectedlinename" => "102",
    "connectedlinenum" => "102",
    "context" => "org_all",
    "exten" => "102",
    "language" => "en",
    "linkedid" => "1744303773.306",
    "priority" => "2",
    "privilege" => "dialplan,all",
    "uniqueid" => "1744303773.306",
    "value" => "",
    "variable" => "BRIDGEPEER"
  },
  variables: %{}
}
[2025-04-10 16:49:44.855362Z] %ElixirAmi.Event{
  event: "varset",
  source: :asterisk_connection,
  action_id: nil,
  keys: %{
    "accountcode" => "",
    "calleridname" => "104",
    "calleridnum" => "104",
    "channel" => "PJSIP/104-000000cc",
    "channelstate" => "6",
    "channelstatedesc" => "Up",
    "connectedlinename" => "102",
    "connectedlinenum" => "102",
    "context" => "org_all",
    "exten" => "102",
    "language" => "en",
    "linkedid" => "1744303773.306",
    "priority" => "2",
    "privilege" => "dialplan,all",
    "uniqueid" => "1744303773.306",
    "value" => "",
    "variable" => "BRIDGEPVTCALLID"
  },
  variables: %{}
}
[2025-04-10 16:49:44.855545Z] %ElixirAmi.Event{
  event: "bridgeleave",
  source: :asterisk_connection,
  action_id: nil,
  keys: %{
    "accountcode" => "",
    "bridgecreator" => "<unknown>",
    "bridgename" => "<unknown>",
    "bridgenumchannels" => "1",
    "bridgetechnology" => "simple_bridge",
    "bridgetype" => "basic",
    "bridgeuniqueid" => "54bedeca-6c89-44e9-b500-305c8c4b5544",
    "bridgevideosourcemode" => "none",
    "calleridname" => "102",
    "calleridnum" => "102",
    "channel" => "PJSIP/102-000000cd",
    "channelstate" => "6",
    "channelstatedesc" => "Up",
    "connectedlinename" => "104",
    "connectedlinenum" => "104",
    "context" => "org_all",
    "exten" => "",
    "language" => "en",
    "linkedid" => "1744303773.306",
    "priority" => "1",
    "privilege" => "call,all",
    "uniqueid" => "1744303773.307"
  },
  variables: %{}
}
[2025-04-10 16:49:44.855722Z] %ElixirAmi.Event{
  event: "bridgeleave",
  source: :asterisk_connection,
  action_id: nil,
  keys: %{
    "accountcode" => "",
    "bridgecreator" => "<unknown>",
    "bridgename" => "<unknown>",
    "bridgenumchannels" => "0",
    "bridgetechnology" => "simple_bridge",
    "bridgetype" => "basic",
    "bridgeuniqueid" => "54bedeca-6c89-44e9-b500-305c8c4b5544",
    "bridgevideosourcemode" => "none",
    "calleridname" => "104",
    "calleridnum" => "104",
    "channel" => "PJSIP/104-000000cc",
    "channelstate" => "6",
    "channelstatedesc" => "Up",
    "connectedlinename" => "102",
    "connectedlinenum" => "102",
    "context" => "org_all",
    "exten" => "102",
    "language" => "en",
    "linkedid" => "1744303773.306",
    "priority" => "2",
    "privilege" => "call,all",
    "uniqueid" => "1744303773.306"
  },
  variables: %{}
}
[2025-04-10 16:49:44.855983Z] %ElixirAmi.Event{
  event: "varset",
  source: :asterisk_connection,
  action_id: nil,
  keys: %{
    "accountcode" => "",
    "calleridname" => "104",
    "calleridnum" => "104",
    "channel" => "PJSIP/104-000000cc",
    "channelstate" => "6",
    "channelstatedesc" => "Up",
    "connectedlinename" => "102",
    "connectedlinenum" => "102",
    "context" => "org_all",
    "exten" => "102",
    "language" => "en",
    "linkedid" => "1744303773.306",
    "priority" => "2",
    "privilege" => "dialplan,all",
    "uniqueid" => "1744303773.306",
    "value" => "4",
    "variable" => "ANSWEREDTIME"
  },
  variables: %{}
}
[2025-04-10 16:49:44.856178Z] %ElixirAmi.Event{
  event: "varset",
  source: :asterisk_connection,
  action_id: nil,
  keys: %{
    "accountcode" => "",
    "calleridname" => "104",
    "calleridnum" => "104",
    "channel" => "PJSIP/104-000000cc",
    "channelstate" => "6",
    "channelstatedesc" => "Up",
    "connectedlinename" => "102",
    "connectedlinenum" => "102",
    "context" => "org_all",
    "exten" => "102",
    "language" => "en",
    "linkedid" => "1744303773.306",
    "priority" => "2",
    "privilege" => "dialplan,all",
    "uniqueid" => "1744303773.306",
    "value" => "4888",
    "variable" => "ANSWEREDTIME_MS"
  },
  variables: %{}
}
[2025-04-10 16:49:44.856318Z] %ElixirAmi.Event{
  event: "varset",
  source: :asterisk_connection,
  action_id: nil,
  keys: %{
    "accountcode" => "",
    "calleridname" => "104",
    "calleridnum" => "104",
    "channel" => "PJSIP/104-000000cc",
    "channelstate" => "6",
    "channelstatedesc" => "Up",
    "connectedlinename" => "102",
    "connectedlinenum" => "102",
    "context" => "org_all",
    "exten" => "102",
    "language" => "en",
    "linkedid" => "1744303773.306",
    "priority" => "2",
    "privilege" => "dialplan,all",
    "uniqueid" => "1744303773.306",
    "value" => "11",
    "variable" => "DIALEDTIME"
  },
  variables: %{}
}
[2025-04-10 16:49:44.856610Z] %ElixirAmi.Event{
  event: "varset",
  source: :asterisk_connection,
  action_id: nil,
  keys: %{
    "accountcode" => "",
    "calleridname" => "102",
    "calleridnum" => "102",
    "channel" => "PJSIP/102-000000cd",
    "channelstate" => "6",
    "channelstatedesc" => "Up",
    "connectedlinename" => "104",
    "connectedlinenum" => "104",
    "context" => "org_all",
    "exten" => "",
    "language" => "en",
    "linkedid" => "1744303773.306",
    "priority" => "1",
    "privilege" => "dialplan,all",
    "uniqueid" => "1744303773.307",
    "value" => "ssrc=1727951666;themssrc=300623575;lp=0;rxjitter=0.000750;rxcount=244;txjitter=0.000875;txcount=244;rlp=0;rtt=0.000000;rxmes=85.367289;txmes=0.000000",
    "variable" => "RTPAUDIOQOS"
  },
  variables: %{}
}
[2025-04-10 16:49:44.856899Z] %ElixirAmi.Event{
  event: "varset",
  source: :asterisk_connection,
  action_id: nil,
  keys: %{
    "accountcode" => "",
    "calleridname" => "104",
    "calleridnum" => "104",
    "channel" => "PJSIP/104-000000cc",
    "channelstate" => "6",
    "channelstatedesc" => "Up",
    "connectedlinename" => "102",
    "connectedlinenum" => "102",
    "context" => "org_all",
    "exten" => "102",
    "language" => "en",
    "linkedid" => "1744303773.306",
    "priority" => "2",
    "privilege" => "dialplan,all",
    "uniqueid" => "1744303773.306",
    "value" => "11068",
    "variable" => "DIALEDTIME_MS"
  },
  variables: %{}
}
[2025-04-10 16:49:44.857081Z] %ElixirAmi.Event{
  event: "varset",
  source: :asterisk_connection,
  action_id: nil,
  keys: %{
    "accountcode" => "",
    "calleridname" => "102",
    "calleridnum" => "102",
    "channel" => "PJSIP/102-000000cd",
    "channelstate" => "6",
    "channelstatedesc" => "Up",
    "connectedlinename" => "104",
    "connectedlinenum" => "104",
    "context" => "org_all",
    "exten" => "",
    "language" => "en",
    "linkedid" => "1744303773.306",
    "priority" => "1",
    "privilege" => "dialplan,all",
    "uniqueid" => "1744303773.307",
    "value" => "minrxjitter=000.000125;maxrxjitter=000.000875;avgrxjitter=000.000734;stdevrxjitter=000.000139;mintxjitter=000.000000;maxtxjitter=000.000750;avgtxjitter=000.000300;stdevtxjitter=000.000367;",
    "variable" => "RTPAUDIOQOSJITTER"
  },
  variables: %{}
}
[2025-04-10 16:49:44.857298Z] %ElixirAmi.Event{
  event: "varset",
  source: :asterisk_connection,
  action_id: nil,
  keys: %{
    "accountcode" => "",
    "calleridname" => "104",
    "calleridnum" => "104",
    "channel" => "PJSIP/104-000000cc",
    "channelstate" => "6",
    "channelstatedesc" => "Up",
    "connectedlinename" => "102",
    "connectedlinenum" => "102",
    "context" => "org_all",
    "exten" => "102",
    "language" => "en",
    "linkedid" => "1744303773.306",
    "priority" => "2",
    "privilege" => "dialplan,all",
    "uniqueid" => "1744303773.306",
    "value" => "ANSWER",
    "variable" => "DIALSTATUS"
  },
  variables: %{}
}
[2025-04-10 16:49:44.857521Z] %ElixirAmi.Event{
  event: "varset",
  source: :asterisk_connection,
  action_id: nil,
  keys: %{
    "accountcode" => "",
    "calleridname" => "102",
    "calleridnum" => "102",
    "channel" => "PJSIP/102-000000cd",
    "channelstate" => "6",
    "channelstatedesc" => "Up",
    "connectedlinename" => "104",
    "connectedlinenum" => "104",
    "context" => "org_all",
    "exten" => "",
    "language" => "en",
    "linkedid" => "1744303773.306",
    "priority" => "1",
    "privilege" => "dialplan,all",
    "uniqueid" => "1744303773.307",
    "value" => "minrxlost=000.000000;  maxrxlost=000.000000;  avgrxlost=000.000000;  stdevrxlost=000.000000;  mintxlost=000.000000;  maxtxlost=000.000000;  avgtxlost=000.000000;  stdevtxlost=000.000000;",
    "variable" => "RTPAUDIOQOSLOSS"
  },
  variables: %{}
}
[2025-04-10 16:49:44.857702Z] %ElixirAmi.Event{
  event: "varset",
  source: :asterisk_connection,
  action_id: nil,
  keys: %{
    "accountcode" => "",
    "calleridname" => "102",
    "calleridnum" => "102",
    "channel" => "PJSIP/102-000000cd",
    "channelstate" => "6",
    "channelstatedesc" => "Up",
    "connectedlinename" => "104",
    "connectedlinenum" => "104",
    "context" => "org_all",
    "exten" => "",
    "language" => "en",
    "linkedid" => "1744303773.306",
    "priority" => "1",
    "privilege" => "dialplan,all",
    "uniqueid" => "1744303773.307",
    "value" => "minrtt=000.000000;     maxrtt=000.000000;     avgrtt=000.000000;     stdevrtt=000.000000;",
    "variable" => "RTPAUDIOQOSRTT"
  },
  variables: %{}
}
[2025-04-10 16:49:44.857895Z] %ElixirAmi.Event{
  event: "varset",
  source: :asterisk_connection,
  action_id: nil,
  keys: %{
    "accountcode" => "",
    "calleridname" => "102",
    "calleridnum" => "102",
    "channel" => "PJSIP/102-000000cd",
    "channelstate" => "6",
    "channelstatedesc" => "Up",
    "connectedlinename" => "104",
    "connectedlinenum" => "104",
    "context" => "org_all",
    "exten" => "",
    "language" => "en",
    "linkedid" => "1744303773.306",
    "priority" => "1",
    "privilege" => "dialplan,all",
    "uniqueid" => "1744303773.307",
    "value" => "minrxmes=000.000000;   maxrxmes=000.000000;   avgrxmes=000.000000;   stdevrxmes=000.000139;   mintxmes=085.367289;   maxtxmes=085.367289;   avgtxmes=085.367289;   stdevtxmes=000.000000;",
    "variable" => "RTPAUDIOQOSMES"
  },
  variables: %{}
}
[2025-04-10 16:49:44.858228Z] %ElixirAmi.Event{
  event: "softhanguprequest",
  source: :asterisk_connection,
  action_id: nil,
  keys: %{
    "accountcode" => "",
    "calleridname" => "104",
    "calleridnum" => "104",
    "cause" => "16",
    "channel" => "PJSIP/104-000000cc",
    "channelstate" => "6",
    "channelstatedesc" => "Up",
    "connectedlinename" => "102",
    "connectedlinenum" => "102",
    "context" => "org_all",
    "exten" => "102",
    "language" => "en",
    "linkedid" => "1744303773.306",
    "priority" => "2",
    "privilege" => "call,all",
    "uniqueid" => "1744303773.306"
  },
  variables: %{}
}
[2025-04-10 16:49:44.858472Z] %ElixirAmi.Event{
  event: "hangup",
  source: :asterisk_connection,
  action_id: nil,
  keys: %{
    "accountcode" => "",
    "calleridname" => "102",
    "calleridnum" => "102",
    "cause" => "16",
    "cause-txt" => "Normal Clearing",
    "channel" => "PJSIP/102-000000cd",
    "channelstate" => "6",
    "channelstatedesc" => "Up",
    "connectedlinename" => "104",
    "connectedlinenum" => "104",
    "context" => "org_all",
    "exten" => "",
    "language" => "en",
    "linkedid" => "1744303773.306",
    "priority" => "1",
    "privilege" => "call,all",
    "uniqueid" => "1744303773.307"
  },
  variables: %{}
}
[2025-04-10 16:49:44.858703Z] %ElixirAmi.Event{
  event: "varset",
  source: :asterisk_connection,
  action_id: nil,
  keys: %{
    "accountcode" => "",
    "calleridname" => "104",
    "calleridnum" => "104",
    "channel" => "PJSIP/104-000000cc",
    "channelstate" => "6",
    "channelstatedesc" => "Up",
    "connectedlinename" => "102",
    "connectedlinenum" => "102",
    "context" => "org_all",
    "exten" => "102",
    "language" => "en",
    "linkedid" => "1744303773.306",
    "priority" => "2",
    "privilege" => "dialplan,all",
    "uniqueid" => "1744303773.306",
    "value" => "ssrc=1823317197;themssrc=433980979;lp=0;rxjitter=0.000000;rxcount=244;txjitter=0.000750;txcount=244;rlp=0;rtt=0.000000;rxmes=85.367289;txmes=0.000000",
    "variable" => "RTPAUDIOQOS"
  },
  variables: %{}
}
[2025-04-10 16:49:44.858929Z] %ElixirAmi.Event{
  event: "varset",
  source: :asterisk_connection,
  action_id: nil,
  keys: %{
    "accountcode" => "",
    "calleridname" => "104",
    "calleridnum" => "104",
    "channel" => "PJSIP/104-000000cc",
    "channelstate" => "6",
    "channelstatedesc" => "Up",
    "connectedlinename" => "102",
    "connectedlinenum" => "102",
    "context" => "org_all",
    "exten" => "102",
    "language" => "en",
    "linkedid" => "1744303773.306",
    "priority" => "2",
    "privilege" => "dialplan,all",
    "uniqueid" => "1744303773.306",
    "value" => "minrxjitter=000.000000;maxrxjitter=000.000875;avgrxjitter=000.000695;stdevrxjitter=000.000137;mintxjitter=000.000000;maxtxjitter=000.000000;avgtxjitter=000.000000;stdevtxjitter=000.000000;",
    "variable" => "RTPAUDIOQOSJITTER"
  },
  variables: %{}
}
[2025-04-10 16:49:44.859207Z] %ElixirAmi.Event{
  event: "varset",
  source: :asterisk_connection,
  action_id: nil,
  keys: %{
    "accountcode" => "",
    "calleridname" => "104",
    "calleridnum" => "104",
    "channel" => "PJSIP/104-000000cc",
    "channelstate" => "6",
    "channelstatedesc" => "Up",
    "connectedlinename" => "102",
    "connectedlinenum" => "102",
    "context" => "org_all",
    "exten" => "102",
    "language" => "en",
    "linkedid" => "1744303773.306",
    "priority" => "2",
    "privilege" => "dialplan,all",
    "uniqueid" => "1744303773.306",
    "value" => "minrxlost=000.000000;  maxrxlost=000.000000;  avgrxlost=000.000000;  stdevrxlost=000.000000;  mintxlost=000.000000;  maxtxlost=000.000000;  avgtxlost=000.000000;  stdevtxlost=000.000000;",
    "variable" => "RTPAUDIOQOSLOSS"
  },
  variables: %{}
}
[2025-04-10 16:49:44.859386Z] %ElixirAmi.Event{
  event: "varset",
  source: :asterisk_connection,
  action_id: nil,
  keys: %{
    "accountcode" => "",
    "calleridname" => "104",
    "calleridnum" => "104",
    "channel" => "PJSIP/104-000000cc",
    "channelstate" => "6",
    "channelstatedesc" => "Up",
    "connectedlinename" => "102",
    "connectedlinenum" => "102",
    "context" => "org_all",
    "exten" => "102",
    "language" => "en",
    "linkedid" => "1744303773.306",
    "priority" => "2",
    "privilege" => "dialplan,all",
    "uniqueid" => "1744303773.306",
    "value" => "minrtt=000.000000;     maxrtt=000.000000;     avgrtt=000.000000;     stdevrtt=000.000000;",
    "variable" => "RTPAUDIOQOSRTT"
  },
  variables: %{}
}
[2025-04-10 16:49:44.859664Z] %ElixirAmi.Event{
  event: "varset",
  source: :asterisk_connection,
  action_id: nil,
  keys: %{
    "accountcode" => "",
    "calleridname" => "104",
    "calleridnum" => "104",
    "channel" => "PJSIP/104-000000cc",
    "channelstate" => "6",
    "channelstatedesc" => "Up",
    "connectedlinename" => "102",
    "connectedlinenum" => "102",
    "context" => "org_all",
    "exten" => "102",
    "language" => "en",
    "linkedid" => "1744303773.306",
    "priority" => "2",
    "privilege" => "dialplan,all",
    "uniqueid" => "1744303773.306",
    "value" => "minrxmes=000.000000;   maxrxmes=000.000000;   avgrxmes=000.000000;   stdevrxmes=000.000137;   mintxmes=085.367289;   maxtxmes=085.367289;   avgtxmes=085.367289;   stdevtxmes=000.000000;",
    "variable" => "RTPAUDIOQOSMES"
  },
  variables: %{}
}
[2025-04-10 16:49:44.859943Z] %ElixirAmi.Event{
  event: "hangup",
  source: :asterisk_connection,
  action_id: nil,
  keys: %{
    "accountcode" => "",
    "calleridname" => "104",
    "calleridnum" => "104",
    "cause" => "16",
    "cause-txt" => "Normal Clearing",
    "channel" => "PJSIP/104-000000cc",
    "channelstate" => "6",
    "channelstatedesc" => "Up",
    "connectedlinename" => "102",
    "connectedlinenum" => "102",
    "context" => "org_all",
    "exten" => "102",
    "language" => "en",
    "linkedid" => "1744303773.306",
    "priority" => "2",
    "privilege" => "call,all",
    "uniqueid" => "1744303773.306"
  },
  variables: %{}
}
