[2025-04-20 10:43:30.642512Z] %ElixirAmi.Event{
  event: "newchannel",
  source: :asterisk_connection,
  action_id: nil,
  keys: %{
    "accountcode" => "",
    "calleridname" => "103",
    "calleridnum" => "103",
    "channel" => "PJSIP/103-000000f3",
    "channelstate" => "4",
    "channelstatedesc" => "Ring",
    "connectedlinename" => "<unknown>",
    "connectedlinenum" => "<unknown>",
    "context" => "org_all",
    "exten" => "104",
    "language" => "en",
    "linkedid" => "1745145810.397",
    "priority" => "1",
    "privilege" => "call,all",
    "uniqueid" => "1745145810.397"
  },
  variables: %{}
}
[2025-04-20 10:43:30.642779Z] %ElixirAmi.Event{
  event: "varset",
  source: :asterisk_connection,
  action_id: nil,
  keys: %{
    "accountcode" => "",
    "calleridname" => "103",
    "calleridnum" => "103",
    "channel" => "PJSIP/103-000000f3",
    "channelstate" => "4",
    "channelstatedesc" => "Ring",
    "connectedlinename" => "<unknown>",
    "connectedlinenum" => "<unknown>",
    "context" => "org_all",
    "exten" => "104",
    "language" => "en",
    "linkedid" => "1745145810.397",
    "priority" => "1",
    "privilege" => "dialplan,all",
    "uniqueid" => "1745145810.397",
    "value" => "192.168.0.16",
    "variable" => "SIPDOMAIN"
  },
  variables: %{}
}
[2025-04-20 10:43:30.643222Z] %ElixirAmi.Event{
  event: "newexten",
  source: :asterisk_connection,
  action_id: nil,
  keys: %{
    "accountcode" => "",
    "appdata" => "",
    "application" => "NoOp",
    "calleridname" => "103",
    "calleridnum" => "103",
    "channel" => "PJSIP/103-000000f3",
    "channelstate" => "4",
    "channelstatedesc" => "Ring",
    "connectedlinename" => "<unknown>",
    "connectedlinenum" => "<unknown>",
    "context" => "org_all",
    "exten" => "104",
    "extension" => "104",
    "language" => "en",
    "linkedid" => "1745145810.397",
    "priority" => "1",
    "privilege" => "dialplan,all",
    "uniqueid" => "1745145810.397"
  },
  variables: %{}
}
[2025-04-20 10:43:30.643438Z] %ElixirAmi.Event{
  event: "newexten",
  source: :asterisk_connection,
  action_id: nil,
  keys: %{
    "accountcode" => "",
    "appdata" => "PJSIP/104,20,",
    "application" => "Dial",
    "calleridname" => "103",
    "calleridnum" => "103",
    "channel" => "PJSIP/103-000000f3",
    "channelstate" => "4",
    "channelstatedesc" => "Ring",
    "connectedlinename" => "<unknown>",
    "connectedlinenum" => "<unknown>",
    "context" => "org_all",
    "exten" => "104",
    "extension" => "104",
    "language" => "en",
    "linkedid" => "1745145810.397",
    "priority" => "2",
    "privilege" => "dialplan,all",
    "uniqueid" => "1745145810.397"
  },
  variables: %{}
}
[2025-04-20 10:43:30.643585Z] %ElixirAmi.Event{
  event: "varset",
  source: :asterisk_connection,
  action_id: nil,
  keys: %{
    "accountcode" => "",
    "calleridname" => "103",
    "calleridnum" => "103",
    "channel" => "PJSIP/103-000000f3",
    "channelstate" => "4",
    "channelstatedesc" => "Ring",
    "connectedlinename" => "<unknown>",
    "connectedlinenum" => "<unknown>",
    "context" => "org_all",
    "exten" => "104",
    "language" => "en",
    "linkedid" => "1745145810.397",
    "priority" => "2",
    "privilege" => "dialplan,all",
    "uniqueid" => "1745145810.397",
    "value" => "",
    "variable" => "DIALSTATUS"
  },
  variables: %{}
}
[2025-04-20 10:43:30.643778Z] %ElixirAmi.Event{
  event: "varset",
  source: :asterisk_connection,
  action_id: nil,
  keys: %{
    "accountcode" => "",
    "calleridname" => "103",
    "calleridnum" => "103",
    "channel" => "PJSIP/103-000000f3",
    "channelstate" => "4",
    "channelstatedesc" => "Ring",
    "connectedlinename" => "<unknown>",
    "connectedlinenum" => "<unknown>",
    "context" => "org_all",
    "exten" => "104",
    "language" => "en",
    "linkedid" => "1745145810.397",
    "priority" => "2",
    "privilege" => "dialplan,all",
    "uniqueid" => "1745145810.397",
    "value" => "",
    "variable" => "DIALEDPEERNUMBER"
  },
  variables: %{}
}
[2025-04-20 10:43:30.645242Z] %ElixirAmi.Event{
  event: "varset",
  source: :asterisk_connection,
  action_id: nil,
  keys: %{
    "accountcode" => "",
    "calleridname" => "103",
    "calleridnum" => "103",
    "channel" => "PJSIP/103-000000f3",
    "channelstate" => "4",
    "channelstatedesc" => "Ring",
    "connectedlinename" => "<unknown>",
    "connectedlinenum" => "<unknown>",
    "context" => "org_all",
    "exten" => "104",
    "language" => "en",
    "linkedid" => "1745145810.397",
    "priority" => "2",
    "privilege" => "dialplan,all",
    "uniqueid" => "1745145810.397",
    "value" => "",
    "variable" => "DIALEDPEERNAME"
  },
  variables: %{}
}
[2025-04-20 10:43:30.645303Z] %ElixirAmi.Event{
  event: "varset",
  source: :asterisk_connection,
  action_id: nil,
  keys: %{
    "accountcode" => "",
    "calleridname" => "103",
    "calleridnum" => "103",
    "channel" => "PJSIP/103-000000f3",
    "channelstate" => "4",
    "channelstatedesc" => "Ring",
    "connectedlinename" => "<unknown>",
    "connectedlinenum" => "<unknown>",
    "context" => "org_all",
    "exten" => "104",
    "language" => "en",
    "linkedid" => "1745145810.397",
    "priority" => "2",
    "privilege" => "dialplan,all",
    "uniqueid" => "1745145810.397",
    "value" => "",
    "variable" => "ANSWEREDTIME"
  },
  variables: %{}
}
[2025-04-20 10:43:30.645375Z] %ElixirAmi.Event{
  event: "varset",
  source: :asterisk_connection,
  action_id: nil,
  keys: %{
    "accountcode" => "",
    "calleridname" => "103",
    "calleridnum" => "103",
    "channel" => "PJSIP/103-000000f3",
    "channelstate" => "4",
    "channelstatedesc" => "Ring",
    "connectedlinename" => "<unknown>",
    "connectedlinenum" => "<unknown>",
    "context" => "org_all",
    "exten" => "104",
    "language" => "en",
    "linkedid" => "1745145810.397",
    "priority" => "2",
    "privilege" => "dialplan,all",
    "uniqueid" => "1745145810.397",
    "value" => "",
    "variable" => "ANSWEREDTIME_MS"
  },
  variables: %{}
}
[2025-04-20 10:43:30.645465Z] %ElixirAmi.Event{
  event: "varset",
  source: :asterisk_connection,
  action_id: nil,
  keys: %{
    "accountcode" => "",
    "calleridname" => "103",
    "calleridnum" => "103",
    "channel" => "PJSIP/103-000000f3",
    "channelstate" => "4",
    "channelstatedesc" => "Ring",
    "connectedlinename" => "<unknown>",
    "connectedlinenum" => "<unknown>",
    "context" => "org_all",
    "exten" => "104",
    "language" => "en",
    "linkedid" => "1745145810.397",
    "priority" => "2",
    "privilege" => "dialplan,all",
    "uniqueid" => "1745145810.397",
    "value" => "",
    "variable" => "DIALEDTIME"
  },
  variables: %{}
}
[2025-04-20 10:43:30.645518Z] %ElixirAmi.Event{
  event: "varset",
  source: :asterisk_connection,
  action_id: nil,
  keys: %{
    "accountcode" => "",
    "calleridname" => "103",
    "calleridnum" => "103",
    "channel" => "PJSIP/103-000000f3",
    "channelstate" => "4",
    "channelstatedesc" => "Ring",
    "connectedlinename" => "<unknown>",
    "connectedlinenum" => "<unknown>",
    "context" => "org_all",
    "exten" => "104",
    "language" => "en",
    "linkedid" => "1745145810.397",
    "priority" => "2",
    "privilege" => "dialplan,all",
    "uniqueid" => "1745145810.397",
    "value" => "",
    "variable" => "DIALEDTIME_MS"
  },
  variables: %{}
}
[2025-04-20 10:43:30.645607Z] %ElixirAmi.Event{
  event: "varset",
  source: :asterisk_connection,
  action_id: nil,
  keys: %{
    "accountcode" => "",
    "calleridname" => "103",
    "calleridnum" => "103",
    "channel" => "PJSIP/103-000000f3",
    "channelstate" => "4",
    "channelstatedesc" => "Ring",
    "connectedlinename" => "<unknown>",
    "connectedlinenum" => "<unknown>",
    "context" => "org_all",
    "exten" => "104",
    "language" => "en",
    "linkedid" => "1745145810.397",
    "priority" => "2",
    "privilege" => "dialplan,all",
    "uniqueid" => "1745145810.397",
    "value" => "",
    "variable" => "RINGTIME"
  },
  variables: %{}
}
[2025-04-20 10:43:30.645677Z] %ElixirAmi.Event{
  event: "varset",
  source: :asterisk_connection,
  action_id: nil,
  keys: %{
    "accountcode" => "",
    "calleridname" => "103",
    "calleridnum" => "103",
    "channel" => "PJSIP/103-000000f3",
    "channelstate" => "4",
    "channelstatedesc" => "Ring",
    "connectedlinename" => "<unknown>",
    "connectedlinenum" => "<unknown>",
    "context" => "org_all",
    "exten" => "104",
    "language" => "en",
    "linkedid" => "1745145810.397",
    "priority" => "2",
    "privilege" => "dialplan,all",
    "uniqueid" => "1745145810.397",
    "value" => "",
    "variable" => "RINGTIME_MS"
  },
  variables: %{}
}
[2025-04-20 10:43:30.646121Z] %ElixirAmi.Event{
  event: "varset",
  source: :asterisk_connection,
  action_id: nil,
  keys: %{
    "accountcode" => "",
    "calleridname" => "103",
    "calleridnum" => "103",
    "channel" => "PJSIP/103-000000f3",
    "channelstate" => "4",
    "channelstatedesc" => "Ring",
    "connectedlinename" => "<unknown>",
    "connectedlinenum" => "<unknown>",
    "context" => "org_all",
    "exten" => "104",
    "language" => "en",
    "linkedid" => "1745145810.397",
    "priority" => "2",
    "privilege" => "dialplan,all",
    "uniqueid" => "1745145810.397",
    "value" => "",
    "variable" => "PROGRESSTIME"
  },
  variables: %{}
}
[2025-04-20 10:43:30.646264Z] %ElixirAmi.Event{
  event: "varset",
  source: :asterisk_connection,
  action_id: nil,
  keys: %{
    "accountcode" => "",
    "calleridname" => "103",
    "calleridnum" => "103",
    "channel" => "PJSIP/103-000000f3",
    "channelstate" => "4",
    "channelstatedesc" => "Ring",
    "connectedlinename" => "<unknown>",
    "connectedlinenum" => "<unknown>",
    "context" => "org_all",
    "exten" => "104",
    "language" => "en",
    "linkedid" => "1745145810.397",
    "priority" => "2",
    "privilege" => "dialplan,all",
    "uniqueid" => "1745145810.397",
    "value" => "",
    "variable" => "PROGRESSTIME_MS"
  },
  variables: %{}
}
[2025-04-20 10:43:30.646333Z] %ElixirAmi.Event{
  event: "newchannel",
  source: :asterisk_connection,
  action_id: nil,
  keys: %{
    "accountcode" => "",
    "calleridname" => "104",
    "calleridnum" => "104",
    "channel" => "PJSIP/104-000000f4",
    "channelstate" => "0",
    "channelstatedesc" => "Down",
    "connectedlinename" => "<unknown>",
    "connectedlinenum" => "<unknown>",
    "context" => "org_all",
    "exten" => "s",
    "language" => "en",
    "linkedid" => "1745145810.397",
    "priority" => "1",
    "privilege" => "call,all",
    "uniqueid" => "1745145810.398"
  },
  variables: %{}
}
[2025-04-20 10:43:30.646870Z] %ElixirAmi.Event{
  event: "varset",
  source: :asterisk_connection,
  action_id: nil,
  keys: %{
    "accountcode" => "",
    "calleridname" => "104",
    "calleridnum" => "104",
    "channel" => "PJSIP/104-000000f4",
    "channelstate" => "0",
    "channelstatedesc" => "Down",
    "connectedlinename" => "<unknown>",
    "connectedlinenum" => "<unknown>",
    "context" => "org_all",
    "exten" => "s",
    "language" => "en",
    "linkedid" => "1745145810.397",
    "priority" => "1",
    "privilege" => "dialplan,all",
    "uniqueid" => "1745145810.398",
    "value" => "104",
    "variable" => "DIALEDPEERNUMBER"
  },
  variables: %{}
}
[2025-04-20 10:43:30.647008Z] %ElixirAmi.Event{
  event: "newexten",
  source: :asterisk_connection,
  action_id: nil,
  keys: %{
    "accountcode" => "",
    "appdata" => "(Outgoing Line)",
    "application" => "AppDial",
    "calleridname" => "104",
    "calleridnum" => "104",
    "channel" => "PJSIP/104-000000f4",
    "channelstate" => "0",
    "channelstatedesc" => "Down",
    "connectedlinename" => "103",
    "connectedlinenum" => "103",
    "context" => "org_all",
    "exten" => "104",
    "extension" => "104",
    "language" => "en",
    "linkedid" => "1745145810.397",
    "priority" => "1",
    "privilege" => "dialplan,all",
    "uniqueid" => "1745145810.398"
  },
  variables: %{}
}
[2025-04-20 10:43:30.647272Z] %ElixirAmi.Event{
  event: "newconnectedline",
  source: :asterisk_connection,
  action_id: nil,
  keys: %{
    "accountcode" => "",
    "calleridname" => "104",
    "calleridnum" => "104",
    "channel" => "PJSIP/104-000000f4",
    "channelstate" => "0",
    "channelstatedesc" => "Down",
    "connectedlinename" => "103",
    "connectedlinenum" => "103",
    "context" => "org_all",
    "exten" => "104",
    "language" => "en",
    "linkedid" => "1745145810.397",
    "priority" => "1",
    "privilege" => "call,all",
    "uniqueid" => "1745145810.398"
  },
  variables: %{}
}
[2025-04-20 10:43:30.647674Z] %ElixirAmi.Event{
  event: "dialbegin",
  source: :asterisk_connection,
  action_id: nil,
  keys: %{
    "accountcode" => "",
    "calleridname" => "103",
    "calleridnum" => "103",
    "channel" => "PJSIP/103-000000f3",
    "channelstate" => "4",
    "channelstatedesc" => "Ring",
    "connectedlinename" => "<unknown>",
    "connectedlinenum" => "<unknown>",
    "context" => "org_all",
    "destaccountcode" => "",
    "destcalleridname" => "104",
    "destcalleridnum" => "104",
    "destchannel" => "PJSIP/104-000000f4",
    "destchannelstate" => "0",
    "destchannelstatedesc" => "Down",
    "destconnectedlinename" => "103",
    "destconnectedlinenum" => "103",
    "destcontext" => "org_all",
    "destexten" => "104",
    "destlanguage" => "en",
    "destlinkedid" => "1745145810.397",
    "destpriority" => "1",
    "destuniqueid" => "1745145810.398",
    "dialstring" => "104",
    "exten" => "104",
    "language" => "en",
    "linkedid" => "1745145810.397",
    "priority" => "2",
    "privilege" => "call,all",
    "uniqueid" => "1745145810.397"
  },
  variables: %{}
}
[2025-04-20 10:43:30.647841Z] %ElixirAmi.Event{
  event: "newconnectedline",
  source: :asterisk_connection,
  action_id: nil,
  keys: %{
    "accountcode" => "",
    "calleridname" => "103",
    "calleridnum" => "103",
    "channel" => "PJSIP/103-000000f3",
    "channelstate" => "4",
    "channelstatedesc" => "Ring",
    "connectedlinename" => "104",
    "connectedlinenum" => "104",
    "context" => "org_all",
    "exten" => "104",
    "language" => "en",
    "linkedid" => "1745145810.397",
    "priority" => "2",
    "privilege" => "call,all",
    "uniqueid" => "1745145810.397"
  },
  variables: %{}
}
[2025-04-20 10:43:30.649020Z] %ElixirAmi.Event{
  event: "newstate",
  source: :asterisk_connection,
  action_id: nil,
  keys: %{
    "accountcode" => "",
    "calleridname" => "104",
    "calleridnum" => "104",
    "channel" => "PJSIP/104-000000f4",
    "channelstate" => "5",
    "channelstatedesc" => "Ringing",
    "connectedlinename" => "103",
    "connectedlinenum" => "103",
    "context" => "org_all",
    "exten" => "104",
    "language" => "en",
    "linkedid" => "1745145810.397",
    "priority" => "1",
    "privilege" => "call,all",
    "uniqueid" => "1745145810.398"
  },
  variables: %{}
}
[2025-04-20 10:43:30.649216Z] %ElixirAmi.Event{
  event: "varset",
  source: :asterisk_connection,
  action_id: nil,
  keys: %{
    "accountcode" => "",
    "calleridname" => "103",
    "calleridnum" => "103",
    "channel" => "PJSIP/103-000000f3",
    "channelstate" => "4",
    "channelstatedesc" => "Ring",
    "connectedlinename" => "104",
    "connectedlinenum" => "104",
    "context" => "org_all",
    "exten" => "104",
    "language" => "en",
    "linkedid" => "1745145810.397",
    "priority" => "2",
    "privilege" => "dialplan,all",
    "uniqueid" => "1745145810.397",
    "value" => "0",
    "variable" => "RINGTIME"
  },
  variables: %{}
}
[2025-04-20 10:43:30.649426Z] %ElixirAmi.Event{
  event: "varset",
  source: :asterisk_connection,
  action_id: nil,
  keys: %{
    "accountcode" => "",
    "calleridname" => "103",
    "calleridnum" => "103",
    "channel" => "PJSIP/103-000000f3",
    "channelstate" => "4",
    "channelstatedesc" => "Ring",
    "connectedlinename" => "104",
    "connectedlinenum" => "104",
    "context" => "org_all",
    "exten" => "104",
    "language" => "en",
    "linkedid" => "1745145810.397",
    "priority" => "2",
    "privilege" => "dialplan,all",
    "uniqueid" => "1745145810.397",
    "value" => "6",
    "variable" => "RINGTIME_MS"
  },
  variables: %{}
}
[2025-04-20 10:43:30.649829Z] %ElixirAmi.Event{
  event: "dialstate",
  source: :asterisk_connection,
  action_id: nil,
  keys: %{
    "accountcode" => "",
    "calleridname" => "103",
    "calleridnum" => "103",
    "channel" => "PJSIP/103-000000f3",
    "channelstate" => "4",
    "channelstatedesc" => "Ring",
    "connectedlinename" => "104",
    "connectedlinenum" => "104",
    "context" => "org_all",
    "destaccountcode" => "",
    "destcalleridname" => "104",
    "destcalleridnum" => "104",
    "destchannel" => "PJSIP/104-000000f4",
    "destchannelstate" => "5",
    "destchannelstatedesc" => "Ringing",
    "destconnectedlinename" => "103",
    "destconnectedlinenum" => "103",
    "destcontext" => "org_all",
    "destexten" => "104",
    "destlanguage" => "en",
    "destlinkedid" => "1745145810.397",
    "destpriority" => "1",
    "destuniqueid" => "1745145810.398",
    "dialstatus" => "RINGING",
    "exten" => "104",
    "language" => "en",
    "linkedid" => "1745145810.397",
    "priority" => "2",
    "privilege" => "call,all",
    "uniqueid" => "1745145810.397"
  },
  variables: %{}
}
[2025-04-20 10:43:50.662703Z] %ElixirAmi.Event{
  event: "dialend",
  source: :asterisk_connection,
  action_id: nil,
  keys: %{
    "accountcode" => "",
    "calleridname" => "103",
    "calleridnum" => "103",
    "channel" => "PJSIP/103-000000f3",
    "channelstate" => "4",
    "channelstatedesc" => "Ring",
    "connectedlinename" => "104",
    "connectedlinenum" => "104",
    "context" => "org_all",
    "destaccountcode" => "",
    "destcalleridname" => "104",
    "destcalleridnum" => "104",
    "destchannel" => "PJSIP/104-000000f4",
    "destchannelstate" => "5",
    "destchannelstatedesc" => "Ringing",
    "destconnectedlinename" => "103",
    "destconnectedlinenum" => "103",
    "destcontext" => "org_all",
    "destexten" => "104",
    "destlanguage" => "en",
    "destlinkedid" => "1745145810.397",
    "destpriority" => "1",
    "destuniqueid" => "1745145810.398",
    "dialstatus" => "NOANSWER",
    "exten" => "104",
    "language" => "en",
    "linkedid" => "1745145810.397",
    "priority" => "2",
    "privilege" => "call,all",
    "uniqueid" => "1745145810.397"
  },
  variables: %{}
}
[2025-04-20 10:43:50.662946Z] %ElixirAmi.Event{
  event: "varset",
  source: :asterisk_connection,
  action_id: nil,
  keys: %{
    "accountcode" => "",
    "calleridname" => "103",
    "calleridnum" => "103",
    "channel" => "PJSIP/103-000000f3",
    "channelstate" => "4",
    "channelstatedesc" => "Ring",
    "connectedlinename" => "104",
    "connectedlinenum" => "104",
    "context" => "org_all",
    "exten" => "104",
    "language" => "en",
    "linkedid" => "1745145810.397",
    "priority" => "2",
    "privilege" => "dialplan,all",
    "uniqueid" => "1745145810.397",
    "value" => "NOANSWER",
    "variable" => "DIALSTATUS"
  },
  variables: %{}
}
[2025-04-20 10:43:50.663318Z] %ElixirAmi.Event{
  event: "softhanguprequest",
  source: :asterisk_connection,
  action_id: nil,
  keys: %{
    "accountcode" => "",
    "calleridname" => "103",
    "calleridnum" => "103",
    "cause" => "16",
    "channel" => "PJSIP/103-000000f3",
    "channelstate" => "4",
    "channelstatedesc" => "Ring",
    "connectedlinename" => "104",
    "connectedlinenum" => "104",
    "context" => "org_all",
    "exten" => "104",
    "language" => "en",
    "linkedid" => "1745145810.397",
    "priority" => "2",
    "privilege" => "call,all",
    "uniqueid" => "1745145810.397"
  },
  variables: %{}
}
[2025-04-20 10:43:50.663518Z] %ElixirAmi.Event{
  event: "hangup",
  source: :asterisk_connection,
  action_id: nil,
  keys: %{
    "accountcode" => "",
    "calleridname" => "104",
    "calleridnum" => "104",
    "cause" => "0",
    "cause-txt" => "Unknown",
    "channel" => "PJSIP/104-000000f4",
    "channelstate" => "5",
    "channelstatedesc" => "Ringing",
    "connectedlinename" => "103",
    "connectedlinenum" => "103",
    "context" => "org_all",
    "exten" => "104",
    "language" => "en",
    "linkedid" => "1745145810.397",
    "priority" => "1",
    "privilege" => "call,all",
    "uniqueid" => "1745145810.398"
  },
  variables: %{}
}
[2025-04-20 10:43:50.663737Z] %ElixirAmi.Event{
  event: "hangup",
  source: :asterisk_connection,
  action_id: nil,
  keys: %{
    "accountcode" => "",
    "calleridname" => "103",
    "calleridnum" => "103",
    "cause" => "0",
    "cause-txt" => "Unknown",
    "channel" => "PJSIP/103-000000f3",
    "channelstate" => "4",
    "channelstatedesc" => "Ring",
    "connectedlinename" => "104",
    "connectedlinenum" => "104",
    "context" => "org_all",
    "exten" => "104",
    "language" => "en",
    "linkedid" => "1745145810.397",
    "priority" => "3",
    "privilege" => "call,all",
    "uniqueid" => "1745145810.397"
  },
  variables: %{}
}
