[2025-04-20 09:56:30.964749Z] %ElixirAmi.Event{
  event: "newchannel",
  source: :asterisk_connection,
  action_id: nil,
  keys: %{
    "accountcode" => "",
    "calleridname" => "101",
    "calleridnum" => "101",
    "channel" => "PJSIP/101-000000cf",
    "channelstate" => "4",
    "channelstatedesc" => "Ring",
    "connectedlinename" => "<unknown>",
    "connectedlinenum" => "<unknown>",
    "context" => "org_all",
    "exten" => "102",
    "language" => "en",
    "linkedid" => "1745142990.341",
    "priority" => "1",
    "privilege" => "call,all",
    "uniqueid" => "1745142990.341"
  },
  variables: %{}
}
[2025-04-20 09:56:30.965199Z] %ElixirAmi.Event{
  event: "varset",
  source: :asterisk_connection,
  action_id: nil,
  keys: %{
    "accountcode" => "",
    "calleridname" => "101",
    "calleridnum" => "101",
    "channel" => "PJSIP/101-000000cf",
    "channelstate" => "4",
    "channelstatedesc" => "Ring",
    "connectedlinename" => "<unknown>",
    "connectedlinenum" => "<unknown>",
    "context" => "org_all",
    "exten" => "102",
    "language" => "en",
    "linkedid" => "1745142990.341",
    "priority" => "1",
    "privilege" => "dialplan,all",
    "uniqueid" => "1745142990.341",
    "value" => "192.168.0.16",
    "variable" => "SIPDOMAIN"
  },
  variables: %{}
}
[2025-04-20 09:56:30.966711Z] %ElixirAmi.Event{
  event: "newexten",
  source: :asterisk_connection,
  action_id: nil,
  keys: %{
    "accountcode" => "",
    "appdata" => "PJSIP/102,20,",
    "application" => "Dial",
    "calleridname" => "101",
    "calleridnum" => "101",
    "channel" => "PJSIP/101-000000cf",
    "channelstate" => "4",
    "channelstatedesc" => "Ring",
    "connectedlinename" => "<unknown>",
    "connectedlinenum" => "<unknown>",
    "context" => "org_all",
    "exten" => "102",
    "extension" => "102",
    "language" => "en",
    "linkedid" => "1745142990.341",
    "priority" => "2",
    "privilege" => "dialplan,all",
    "uniqueid" => "1745142990.341"
  },
  variables: %{}
}
[2025-04-20 09:56:30.966681Z] %ElixirAmi.Event{
  event: "newexten",
  source: :asterisk_connection,
  action_id: nil,
  keys: %{
    "accountcode" => "",
    "appdata" => "",
    "application" => "NoOp",
    "calleridname" => "101",
    "calleridnum" => "101",
    "channel" => "PJSIP/101-000000cf",
    "channelstate" => "4",
    "channelstatedesc" => "Ring",
    "connectedlinename" => "<unknown>",
    "connectedlinenum" => "<unknown>",
    "context" => "org_all",
    "exten" => "102",
    "extension" => "102",
    "language" => "en",
    "linkedid" => "1745142990.341",
    "priority" => "1",
    "privilege" => "dialplan,all",
    "uniqueid" => "1745142990.341"
  },
  variables: %{}
}
[2025-04-20 09:56:30.966827Z] %ElixirAmi.Event{
  event: "varset",
  source: :asterisk_connection,
  action_id: nil,
  keys: %{
    "accountcode" => "",
    "calleridname" => "101",
    "calleridnum" => "101",
    "channel" => "PJSIP/101-000000cf",
    "channelstate" => "4",
    "channelstatedesc" => "Ring",
    "connectedlinename" => "<unknown>",
    "connectedlinenum" => "<unknown>",
    "context" => "org_all",
    "exten" => "102",
    "language" => "en",
    "linkedid" => "1745142990.341",
    "priority" => "2",
    "privilege" => "dialplan,all",
    "uniqueid" => "1745142990.341",
    "value" => "",
    "variable" => "DIALEDPEERNUMBER"
  },
  variables: %{}
}
[2025-04-20 09:56:30.966795Z] %ElixirAmi.Event{
  event: "varset",
  source: :asterisk_connection,
  action_id: nil,
  keys: %{
    "accountcode" => "",
    "calleridname" => "101",
    "calleridnum" => "101",
    "channel" => "PJSIP/101-000000cf",
    "channelstate" => "4",
    "channelstatedesc" => "Ring",
    "connectedlinename" => "<unknown>",
    "connectedlinenum" => "<unknown>",
    "context" => "org_all",
    "exten" => "102",
    "language" => "en",
    "linkedid" => "1745142990.341",
    "priority" => "2",
    "privilege" => "dialplan,all",
    "uniqueid" => "1745142990.341",
    "value" => "",
    "variable" => "DIALSTATUS"
  },
  variables: %{}
}
[2025-04-20 09:56:30.966893Z] %ElixirAmi.Event{
  event: "varset",
  source: :asterisk_connection,
  action_id: nil,
  keys: %{
    "accountcode" => "",
    "calleridname" => "101",
    "calleridnum" => "101",
    "channel" => "PJSIP/101-000000cf",
    "channelstate" => "4",
    "channelstatedesc" => "Ring",
    "connectedlinename" => "<unknown>",
    "connectedlinenum" => "<unknown>",
    "context" => "org_all",
    "exten" => "102",
    "language" => "en",
    "linkedid" => "1745142990.341",
    "priority" => "2",
    "privilege" => "dialplan,all",
    "uniqueid" => "1745142990.341",
    "value" => "",
    "variable" => "DIALEDPEERNAME"
  },
  variables: %{}
}
[2025-04-20 09:56:30.967362Z] %ElixirAmi.Event{
  event: "varset",
  source: :asterisk_connection,
  action_id: nil,
  keys: %{
    "accountcode" => "",
    "calleridname" => "101",
    "calleridnum" => "101",
    "channel" => "PJSIP/101-000000cf",
    "channelstate" => "4",
    "channelstatedesc" => "Ring",
    "connectedlinename" => "<unknown>",
    "connectedlinenum" => "<unknown>",
    "context" => "org_all",
    "exten" => "102",
    "language" => "en",
    "linkedid" => "1745142990.341",
    "priority" => "2",
    "privilege" => "dialplan,all",
    "uniqueid" => "1745142990.341",
    "value" => "",
    "variable" => "ANSWEREDTIME"
  },
  variables: %{}
}
[2025-04-20 09:56:30.967407Z] %ElixirAmi.Event{
  event: "varset",
  source: :asterisk_connection,
  action_id: nil,
  keys: %{
    "accountcode" => "",
    "calleridname" => "101",
    "calleridnum" => "101",
    "channel" => "PJSIP/101-000000cf",
    "channelstate" => "4",
    "channelstatedesc" => "Ring",
    "connectedlinename" => "<unknown>",
    "connectedlinenum" => "<unknown>",
    "context" => "org_all",
    "exten" => "102",
    "language" => "en",
    "linkedid" => "1745142990.341",
    "priority" => "2",
    "privilege" => "dialplan,all",
    "uniqueid" => "1745142990.341",
    "value" => "",
    "variable" => "ANSWEREDTIME_MS"
  },
  variables: %{}
}
[2025-04-20 09:56:30.967525Z] %ElixirAmi.Event{
  event: "varset",
  source: :asterisk_connection,
  action_id: nil,
  keys: %{
    "accountcode" => "",
    "calleridname" => "101",
    "calleridnum" => "101",
    "channel" => "PJSIP/101-000000cf",
    "channelstate" => "4",
    "channelstatedesc" => "Ring",
    "connectedlinename" => "<unknown>",
    "connectedlinenum" => "<unknown>",
    "context" => "org_all",
    "exten" => "102",
    "language" => "en",
    "linkedid" => "1745142990.341",
    "priority" => "2",
    "privilege" => "dialplan,all",
    "uniqueid" => "1745142990.341",
    "value" => "",
    "variable" => "DIALEDTIME"
  },
  variables: %{}
}
[2025-04-20 09:56:30.967781Z] %ElixirAmi.Event{
  event: "varset",
  source: :asterisk_connection,
  action_id: nil,
  keys: %{
    "accountcode" => "",
    "calleridname" => "101",
    "calleridnum" => "101",
    "channel" => "PJSIP/101-000000cf",
    "channelstate" => "4",
    "channelstatedesc" => "Ring",
    "connectedlinename" => "<unknown>",
    "connectedlinenum" => "<unknown>",
    "context" => "org_all",
    "exten" => "102",
    "language" => "en",
    "linkedid" => "1745142990.341",
    "priority" => "2",
    "privilege" => "dialplan,all",
    "uniqueid" => "1745142990.341",
    "value" => "",
    "variable" => "DIALEDTIME_MS"
  },
  variables: %{}
}
[2025-04-20 09:56:30.967988Z] %ElixirAmi.Event{
  event: "varset",
  source: :asterisk_connection,
  action_id: nil,
  keys: %{
    "accountcode" => "",
    "calleridname" => "101",
    "calleridnum" => "101",
    "channel" => "PJSIP/101-000000cf",
    "channelstate" => "4",
    "channelstatedesc" => "Ring",
    "connectedlinename" => "<unknown>",
    "connectedlinenum" => "<unknown>",
    "context" => "org_all",
    "exten" => "102",
    "language" => "en",
    "linkedid" => "1745142990.341",
    "priority" => "2",
    "privilege" => "dialplan,all",
    "uniqueid" => "1745142990.341",
    "value" => "",
    "variable" => "RINGTIME"
  },
  variables: %{}
}
[2025-04-20 09:56:30.968195Z] %ElixirAmi.Event{
  event: "varset",
  source: :asterisk_connection,
  action_id: nil,
  keys: %{
    "accountcode" => "",
    "calleridname" => "101",
    "calleridnum" => "101",
    "channel" => "PJSIP/101-000000cf",
    "channelstate" => "4",
    "channelstatedesc" => "Ring",
    "connectedlinename" => "<unknown>",
    "connectedlinenum" => "<unknown>",
    "context" => "org_all",
    "exten" => "102",
    "language" => "en",
    "linkedid" => "1745142990.341",
    "priority" => "2",
    "privilege" => "dialplan,all",
    "uniqueid" => "1745142990.341",
    "value" => "",
    "variable" => "RINGTIME_MS"
  },
  variables: %{}
}
[2025-04-20 09:56:30.968551Z] %ElixirAmi.Event{
  event: "varset",
  source: :asterisk_connection,
  action_id: nil,
  keys: %{
    "accountcode" => "",
    "calleridname" => "101",
    "calleridnum" => "101",
    "channel" => "PJSIP/101-000000cf",
    "channelstate" => "4",
    "channelstatedesc" => "Ring",
    "connectedlinename" => "<unknown>",
    "connectedlinenum" => "<unknown>",
    "context" => "org_all",
    "exten" => "102",
    "language" => "en",
    "linkedid" => "1745142990.341",
    "priority" => "2",
    "privilege" => "dialplan,all",
    "uniqueid" => "1745142990.341",
    "value" => "",
    "variable" => "PROGRESSTIME"
  },
  variables: %{}
}
[2025-04-20 09:56:30.968926Z] %ElixirAmi.Event{
  event: "varset",
  source: :asterisk_connection,
  action_id: nil,
  keys: %{
    "accountcode" => "",
    "calleridname" => "101",
    "calleridnum" => "101",
    "channel" => "PJSIP/101-000000cf",
    "channelstate" => "4",
    "channelstatedesc" => "Ring",
    "connectedlinename" => "<unknown>",
    "connectedlinenum" => "<unknown>",
    "context" => "org_all",
    "exten" => "102",
    "language" => "en",
    "linkedid" => "1745142990.341",
    "priority" => "2",
    "privilege" => "dialplan,all",
    "uniqueid" => "1745142990.341",
    "value" => "",
    "variable" => "PROGRESSTIME_MS"
  },
  variables: %{}
}
[2025-04-20 09:56:30.969238Z] %ElixirAmi.Event{
  event: "newchannel",
  source: :asterisk_connection,
  action_id: nil,
  keys: %{
    "accountcode" => "",
    "calleridname" => "102",
    "calleridnum" => "102",
    "channel" => "PJSIP/102-000000d0",
    "channelstate" => "0",
    "channelstatedesc" => "Down",
    "connectedlinename" => "<unknown>",
    "connectedlinenum" => "<unknown>",
    "context" => "org_all",
    "exten" => "s",
    "language" => "en",
    "linkedid" => "1745142990.341",
    "priority" => "1",
    "privilege" => "call,all",
    "uniqueid" => "1745142990.342"
  },
  variables: %{}
}
[2025-04-20 09:56:30.969563Z] %ElixirAmi.Event{
  event: "varset",
  source: :asterisk_connection,
  action_id: nil,
  keys: %{
    "accountcode" => "",
    "calleridname" => "102",
    "calleridnum" => "102",
    "channel" => "PJSIP/102-000000d0",
    "channelstate" => "0",
    "channelstatedesc" => "Down",
    "connectedlinename" => "<unknown>",
    "connectedlinenum" => "<unknown>",
    "context" => "org_all",
    "exten" => "s",
    "language" => "en",
    "linkedid" => "1745142990.341",
    "priority" => "1",
    "privilege" => "dialplan,all",
    "uniqueid" => "1745142990.342",
    "value" => "102",
    "variable" => "DIALEDPEERNUMBER"
  },
  variables: %{}
}
[2025-04-20 09:56:30.969886Z] %ElixirAmi.Event{
  event: "newexten",
  source: :asterisk_connection,
  action_id: nil,
  keys: %{
    "accountcode" => "",
    "appdata" => "(Outgoing Line)",
    "application" => "AppDial",
    "calleridname" => "102",
    "calleridnum" => "102",
    "channel" => "PJSIP/102-000000d0",
    "channelstate" => "0",
    "channelstatedesc" => "Down",
    "connectedlinename" => "101",
    "connectedlinenum" => "101",
    "context" => "org_all",
    "exten" => "102",
    "extension" => "102",
    "language" => "en",
    "linkedid" => "1745142990.341",
    "priority" => "1",
    "privilege" => "dialplan,all",
    "uniqueid" => "1745142990.342"
  },
  variables: %{}
}
[2025-04-20 09:56:30.970149Z] %ElixirAmi.Event{
  event: "newconnectedline",
  source: :asterisk_connection,
  action_id: nil,
  keys: %{
    "accountcode" => "",
    "calleridname" => "102",
    "calleridnum" => "102",
    "channel" => "PJSIP/102-000000d0",
    "channelstate" => "0",
    "channelstatedesc" => "Down",
    "connectedlinename" => "101",
    "connectedlinenum" => "101",
    "context" => "org_all",
    "exten" => "102",
    "language" => "en",
    "linkedid" => "1745142990.341",
    "priority" => "1",
    "privilege" => "call,all",
    "uniqueid" => "1745142990.342"
  },
  variables: %{}
}
[2025-04-20 09:56:30.970485Z] %ElixirAmi.Event{
  event: "dialbegin",
  source: :asterisk_connection,
  action_id: nil,
  keys: %{
    "accountcode" => "",
    "calleridname" => "101",
    "calleridnum" => "101",
    "channel" => "PJSIP/101-000000cf",
    "channelstate" => "4",
    "channelstatedesc" => "Ring",
    "connectedlinename" => "<unknown>",
    "connectedlinenum" => "<unknown>",
    "context" => "org_all",
    "destaccountcode" => "",
    "destcalleridname" => "102",
    "destcalleridnum" => "102",
    "destchannel" => "PJSIP/102-000000d0",
    "destchannelstate" => "0",
    "destchannelstatedesc" => "Down",
    "destconnectedlinename" => "101",
    "destconnectedlinenum" => "101",
    "destcontext" => "org_all",
    "destexten" => "102",
    "destlanguage" => "en",
    "destlinkedid" => "1745142990.341",
    "destpriority" => "1",
    "destuniqueid" => "1745142990.342",
    "dialstring" => "102",
    "exten" => "102",
    "language" => "en",
    "linkedid" => "1745142990.341",
    "priority" => "2",
    "privilege" => "call,all",
    "uniqueid" => "1745142990.341"
  },
  variables: %{}
}
[2025-04-20 09:56:30.971011Z] %ElixirAmi.Event{
  event: "newconnectedline",
  source: :asterisk_connection,
  action_id: nil,
  keys: %{
    "accountcode" => "",
    "calleridname" => "101",
    "calleridnum" => "101",
    "channel" => "PJSIP/101-000000cf",
    "channelstate" => "4",
    "channelstatedesc" => "Ring",
    "connectedlinename" => "102",
    "connectedlinenum" => "102",
    "context" => "org_all",
    "exten" => "102",
    "language" => "en",
    "linkedid" => "1745142990.341",
    "priority" => "2",
    "privilege" => "call,all",
    "uniqueid" => "1745142990.341"
  },
  variables: %{}
}
[2025-04-20 09:56:30.971259Z] %ElixirAmi.Event{
  event: "newstate",
  source: :asterisk_connection,
  action_id: nil,
  keys: %{
    "accountcode" => "",
    "calleridname" => "102",
    "calleridnum" => "102",
    "channel" => "PJSIP/102-000000d0",
    "channelstate" => "5",
    "channelstatedesc" => "Ringing",
    "connectedlinename" => "101",
    "connectedlinenum" => "101",
    "context" => "org_all",
    "exten" => "102",
    "language" => "en",
    "linkedid" => "1745142990.341",
    "priority" => "1",
    "privilege" => "call,all",
    "uniqueid" => "1745142990.342"
  },
  variables: %{}
}
[2025-04-20 09:56:30.971498Z] %ElixirAmi.Event{
  event: "varset",
  source: :asterisk_connection,
  action_id: nil,
  keys: %{
    "accountcode" => "",
    "calleridname" => "101",
    "calleridnum" => "101",
    "channel" => "PJSIP/101-000000cf",
    "channelstate" => "4",
    "channelstatedesc" => "Ring",
    "connectedlinename" => "102",
    "connectedlinenum" => "102",
    "context" => "org_all",
    "exten" => "102",
    "language" => "en",
    "linkedid" => "1745142990.341",
    "priority" => "2",
    "privilege" => "dialplan,all",
    "uniqueid" => "1745142990.341",
    "value" => "0",
    "variable" => "RINGTIME"
  },
  variables: %{}
}
[2025-04-20 09:56:30.971715Z] %ElixirAmi.Event{
  event: "varset",
  source: :asterisk_connection,
  action_id: nil,
  keys: %{
    "accountcode" => "",
    "calleridname" => "101",
    "calleridnum" => "101",
    "channel" => "PJSIP/101-000000cf",
    "channelstate" => "4",
    "channelstatedesc" => "Ring",
    "connectedlinename" => "102",
    "connectedlinenum" => "102",
    "context" => "org_all",
    "exten" => "102",
    "language" => "en",
    "linkedid" => "1745142990.341",
    "priority" => "2",
    "privilege" => "dialplan,all",
    "uniqueid" => "1745142990.341",
    "value" => "6",
    "variable" => "RINGTIME_MS"
  },
  variables: %{}
}
[2025-04-20 09:56:30.972111Z] %ElixirAmi.Event{
  event: "dialstate",
  source: :asterisk_connection,
  action_id: nil,
  keys: %{
    "accountcode" => "",
    "calleridname" => "101",
    "calleridnum" => "101",
    "channel" => "PJSIP/101-000000cf",
    "channelstate" => "4",
    "channelstatedesc" => "Ring",
    "connectedlinename" => "102",
    "connectedlinenum" => "102",
    "context" => "org_all",
    "destaccountcode" => "",
    "destcalleridname" => "102",
    "destcalleridnum" => "102",
    "destchannel" => "PJSIP/102-000000d0",
    "destchannelstate" => "5",
    "destchannelstatedesc" => "Ringing",
    "destconnectedlinename" => "101",
    "destconnectedlinenum" => "101",
    "destcontext" => "org_all",
    "destexten" => "102",
    "destlanguage" => "en",
    "destlinkedid" => "1745142990.341",
    "destpriority" => "1",
    "destuniqueid" => "1745142990.342",
    "dialstatus" => "RINGING",
    "exten" => "102",
    "language" => "en",
    "linkedid" => "1745142990.341",
    "priority" => "2",
    "privilege" => "call,all",
    "uniqueid" => "1745142990.341"
  },
  variables: %{}
}
[2025-04-20 09:56:50.984811Z] %ElixirAmi.Event{
  event: "dialend",
  source: :asterisk_connection,
  action_id: nil,
  keys: %{
    "accountcode" => "",
    "calleridname" => "101",
    "calleridnum" => "101",
    "channel" => "PJSIP/101-000000cf",
    "channelstate" => "4",
    "channelstatedesc" => "Ring",
    "connectedlinename" => "102",
    "connectedlinenum" => "102",
    "context" => "org_all",
    "destaccountcode" => "",
    "destcalleridname" => "102",
    "destcalleridnum" => "102",
    "destchannel" => "PJSIP/102-000000d0",
    "destchannelstate" => "5",
    "destchannelstatedesc" => "Ringing",
    "destconnectedlinename" => "101",
    "destconnectedlinenum" => "101",
    "destcontext" => "org_all",
    "destexten" => "102",
    "destlanguage" => "en",
    "destlinkedid" => "1745142990.341",
    "destpriority" => "1",
    "destuniqueid" => "1745142990.342",
    "dialstatus" => "NOANSWER",
    "exten" => "102",
    "language" => "en",
    "linkedid" => "1745142990.341",
    "priority" => "2",
    "privilege" => "call,all",
    "uniqueid" => "1745142990.341"
  },
  variables: %{}
}
[2025-04-20 09:56:50.985242Z] %ElixirAmi.Event{
  event: "varset",
  source: :asterisk_connection,
  action_id: nil,
  keys: %{
    "accountcode" => "",
    "calleridname" => "101",
    "calleridnum" => "101",
    "channel" => "PJSIP/101-000000cf",
    "channelstate" => "4",
    "channelstatedesc" => "Ring",
    "connectedlinename" => "102",
    "connectedlinenum" => "102",
    "context" => "org_all",
    "exten" => "102",
    "language" => "en",
    "linkedid" => "1745142990.341",
    "priority" => "2",
    "privilege" => "dialplan,all",
    "uniqueid" => "1745142990.341",
    "value" => "NOANSWER",
    "variable" => "DIALSTATUS"
  },
  variables: %{}
}
[2025-04-20 09:56:50.985490Z] %ElixirAmi.Event{
  event: "softhanguprequest",
  source: :asterisk_connection,
  action_id: nil,
  keys: %{
    "accountcode" => "",
    "calleridname" => "101",
    "calleridnum" => "101",
    "cause" => "16",
    "channel" => "PJSIP/101-000000cf",
    "channelstate" => "4",
    "channelstatedesc" => "Ring",
    "connectedlinename" => "102",
    "connectedlinenum" => "102",
    "context" => "org_all",
    "exten" => "102",
    "language" => "en",
    "linkedid" => "1745142990.341",
    "priority" => "2",
    "privilege" => "call,all",
    "uniqueid" => "1745142990.341"
  },
  variables: %{}
}
[2025-04-20 09:56:50.986887Z] %ElixirAmi.Event{
  event: "hangup",
  source: :asterisk_connection,
  action_id: nil,
  keys: %{
    "accountcode" => "",
    "calleridname" => "102",
    "calleridnum" => "102",
    "cause" => "0",
    "cause-txt" => "Unknown",
    "channel" => "PJSIP/102-000000d0",
    "channelstate" => "5",
    "channelstatedesc" => "Ringing",
    "connectedlinename" => "101",
    "connectedlinenum" => "101",
    "context" => "org_all",
    "exten" => "102",
    "language" => "en",
    "linkedid" => "1745142990.341",
    "priority" => "1",
    "privilege" => "call,all",
    "uniqueid" => "1745142990.342"
  },
  variables: %{}
}
[2025-04-20 09:56:50.986983Z] %ElixirAmi.Event{
  event: "hangup",
  source: :asterisk_connection,
  action_id: nil,
  keys: %{
    "accountcode" => "",
    "calleridname" => "101",
    "calleridnum" => "101",
    "cause" => "0",
    "cause-txt" => "Unknown",
    "channel" => "PJSIP/101-000000cf",
    "channelstate" => "4",
    "channelstatedesc" => "Ring",
    "connectedlinename" => "102",
    "connectedlinenum" => "102",
    "context" => "org_all",
    "exten" => "102",
    "language" => "en",
    "linkedid" => "1745142990.341",
    "priority" => "3",
    "privilege" => "call,all",
    "uniqueid" => "1745142990.341"
  },
  variables: %{}
}
