[2025-04-20 10:20:57.839458Z] %ElixirAmi.Event{
  event: "newchannel",
  source: :asterisk_connection,
  action_id: nil,
  keys: %{
    "accountcode" => "",
    "calleridname" => "101",
    "calleridnum" => "101",
    "channel" => "PJSIP/101-000000e0",
    "channelstate" => "0",
    "channelstatedesc" => "Down",
    "connectedlinename" => "<unknown>",
    "connectedlinenum" => "<unknown>",
    "context" => "org_all",
    "exten" => "s",
    "language" => "en",
    "linkedid" => "1745144456.366",
    "priority" => "1",
    "privilege" => "call,all",
    "uniqueid" => "1745144456.366"
  },
  variables: %{}
}
[2025-04-20 10:20:57.839712Z] %ElixirAmi.Event{
  event: "newexten",
  source: :asterisk_connection,
  action_id: nil,
  keys: %{
    "accountcode" => "",
    "appdata" => "(Outgoing Line)",
    "application" => "AppDial2",
    "calleridname" => "101",
    "calleridnum" => "101",
    "channel" => "PJSIP/101-000000e0",
    "channelstate" => "0",
    "channelstatedesc" => "Down",
    "connectedlinename" => "<unknown>",
    "connectedlinenum" => "<unknown>",
    "context" => "org_all",
    "exten" => "s",
    "extension" => "s",
    "language" => "en",
    "linkedid" => "1745144456.366",
    "priority" => "1",
    "privilege" => "dialplan,all",
    "uniqueid" => "1745144456.366"
  },
  variables: %{}
}
[2025-04-20 10:20:57.839971Z] %ElixirAmi.Event{
  event: "newcallerid",
  source: :asterisk_connection,
  action_id: nil,
  keys: %{
    "accountcode" => "",
    "calleridname" => "IVAN",
    "calleridnum" => "101",
    "channel" => "PJSIP/101-000000e0",
    "channelstate" => "0",
    "channelstatedesc" => "Down",
    "cid-callingpres" => "0 (Presentation Allowed, Not Screened)",
    "connectedlinename" => "<unknown>",
    "connectedlinenum" => "<unknown>",
    "context" => "org_all",
    "exten" => "s",
    "language" => "en",
    "linkedid" => "1745144456.366",
    "priority" => "1",
    "privilege" => "call,all",
    "uniqueid" => "1745144456.366"
  },
  variables: %{}
}
[2025-04-20 10:20:57.840464Z] %ElixirAmi.Event{
  event: "newconnectedline",
  source: :asterisk_connection,
  action_id: nil,
  keys: %{
    "accountcode" => "",
    "calleridname" => "IVAN",
    "calleridnum" => "101",
    "channel" => "PJSIP/101-000000e0",
    "channelstate" => "0",
    "channelstatedesc" => "Down",
    "connectedlinename" => "IVAN",
    "connectedlinenum" => "101",
    "context" => "org_all",
    "exten" => "s",
    "language" => "en",
    "linkedid" => "1745144456.366",
    "priority" => "1",
    "privilege" => "call,all",
    "uniqueid" => "1745144456.366"
  },
  variables: %{}
}
[2025-04-20 10:20:57.841068Z] %ElixirAmi.Event{
  event: "newstate",
  source: :asterisk_connection,
  action_id: nil,
  keys: %{
    "accountcode" => "",
    "calleridname" => "IVAN",
    "calleridnum" => "101",
    "channel" => "PJSIP/101-000000e0",
    "channelstate" => "5",
    "channelstatedesc" => "Ringing",
    "connectedlinename" => "IVAN",
    "connectedlinenum" => "101",
    "context" => "org_all",
    "exten" => "s",
    "language" => "en",
    "linkedid" => "1745144456.366",
    "priority" => "1",
    "privilege" => "call,all",
    "uniqueid" => "1745144456.366"
  },
  variables: %{}
}
[2025-04-20 10:20:57.841724Z] %ElixirAmi.Event{
  event: "rtcpreceived",
  source: :asterisk_connection,
  action_id: nil,
  keys: %{
    "accountcode" => "",
    "calleridname" => "IVAN",
    "calleridnum" => "101",
    "channel" => "PJSIP/101-000000e0",
    "channelstate" => "5",
    "channelstatedesc" => "Ringing",
    "connectedlinename" => "IVAN",
    "connectedlinenum" => "101",
    "context" => "org_all",
    "exten" => "s",
    "from" => "192.168.0.16:4181",
    "language" => "en",
    "linkedid" => "1745144456.366",
    "mes" => "85.4",
    "priority" => "1",
    "privilege" => "reporting,all",
    "pt" => "201(RR)",
    "report0cumulativelost" => "0",
    "report0dlsr" => "0.0000",
    "report0fractionlost" => "0",
    "report0highestsequence" => "0",
    "report0iajitter" => "0",
    "report0lsr" => "0",
    "report0sequencenumbercycles" => "0",
    "report0sourcessrc" => "0x00000000",
    "reportcount" => "1",
    "rtt" => "0.0000",
    "ssrc" => "0x00000000",
    "to" => "192.168.0.16:17615",
    "uniqueid" => "1745144456.366"
  },
  variables: %{}
}
[2025-04-20 10:20:57.842134Z] %ElixirAmi.Event{
  event: "rtcpreceived",
  source: :asterisk_connection,
  action_id: nil,
  keys: %{
    "accountcode" => "",
    "calleridname" => "IVAN",
    "calleridnum" => "101",
    "channel" => "PJSIP/101-000000e0",
    "channelstate" => "5",
    "channelstatedesc" => "Ringing",
    "connectedlinename" => "IVAN",
    "connectedlinenum" => "101",
    "context" => "org_all",
    "exten" => "s",
    "from" => "192.168.0.16:4181",
    "language" => "en",
    "linkedid" => "1745144456.366",
    "mes" => "85.4",
    "priority" => "1",
    "privilege" => "reporting,all",
    "pt" => "201(RR)",
    "report0cumulativelost" => "0",
    "report0dlsr" => "0.0000",
    "report0fractionlost" => "0",
    "report0highestsequence" => "0",
    "report0iajitter" => "0",
    "report0lsr" => "0",
    "report0sequencenumbercycles" => "0",
    "report0sourcessrc" => "0x00000000",
    "reportcount" => "1",
    "rtt" => "0.0000",
    "ssrc" => "0x00000000",
    "to" => "192.168.0.16:17615",
    "uniqueid" => "1745144456.366"
  },
  variables: %{}
}
[2025-04-20 10:20:57.842329Z] %ElixirAmi.Event{
  event: "newstate",
  source: :asterisk_connection,
  action_id: nil,
  keys: %{
    "accountcode" => "",
    "calleridname" => "IVAN",
    "calleridnum" => "101",
    "channel" => "PJSIP/101-000000e0",
    "channelstate" => "6",
    "channelstatedesc" => "Up",
    "connectedlinename" => "IVAN",
    "connectedlinenum" => "101",
    "context" => "org_all",
    "exten" => "s",
    "language" => "en",
    "linkedid" => "1745144456.366",
    "priority" => "1",
    "privilege" => "call,all",
    "uniqueid" => "1745144456.366"
  },
  variables: %{}
}
[2025-04-20 10:20:57.843385Z] %ElixirAmi.Event{
  event: "newexten",
  source: :asterisk_connection,
  action_id: nil,
  keys: %{
    "accountcode" => "",
    "appdata" => "",
    "application" => "NoOp",
    "calleridname" => "IVAN",
    "calleridnum" => "101",
    "channel" => "PJSIP/101-000000e0",
    "channelstate" => "6",
    "channelstatedesc" => "Up",
    "connectedlinename" => "IVAN",
    "connectedlinenum" => "101",
    "context" => "org_all",
    "exten" => "102",
    "extension" => "102",
    "language" => "en",
    "linkedid" => "1745144456.366",
    "priority" => "1",
    "privilege" => "dialplan,all",
    "uniqueid" => "1745144456.366"
  },
  variables: %{}
}
[2025-04-20 10:20:57.843730Z] %ElixirAmi.Event{
  event: "newexten",
  source: :asterisk_connection,
  action_id: nil,
  keys: %{
    "accountcode" => "",
    "appdata" => "PJSIP/102,20,",
    "application" => "Dial",
    "calleridname" => "IVAN",
    "calleridnum" => "101",
    "channel" => "PJSIP/101-000000e0",
    "channelstate" => "6",
    "channelstatedesc" => "Up",
    "connectedlinename" => "IVAN",
    "connectedlinenum" => "101",
    "context" => "org_all",
    "exten" => "102",
    "extension" => "102",
    "language" => "en",
    "linkedid" => "1745144456.366",
    "priority" => "2",
    "privilege" => "dialplan,all",
    "uniqueid" => "1745144456.366"
  },
  variables: %{}
}
[2025-04-20 10:20:57.843977Z] %ElixirAmi.Event{
  event: "varset",
  source: :asterisk_connection,
  action_id: nil,
  keys: %{
    "accountcode" => "",
    "calleridname" => "IVAN",
    "calleridnum" => "101",
    "channel" => "PJSIP/101-000000e0",
    "channelstate" => "6",
    "channelstatedesc" => "Up",
    "connectedlinename" => "IVAN",
    "connectedlinenum" => "101",
    "context" => "org_all",
    "exten" => "102",
    "language" => "en",
    "linkedid" => "1745144456.366",
    "priority" => "2",
    "privilege" => "dialplan,all",
    "uniqueid" => "1745144456.366",
    "value" => "",
    "variable" => "DIALSTATUS"
  },
  variables: %{}
}
[2025-04-20 10:20:57.844226Z] %ElixirAmi.Event{
  event: "varset",
  source: :asterisk_connection,
  action_id: nil,
  keys: %{
    "accountcode" => "",
    "calleridname" => "IVAN",
    "calleridnum" => "101",
    "channel" => "PJSIP/101-000000e0",
    "channelstate" => "6",
    "channelstatedesc" => "Up",
    "connectedlinename" => "IVAN",
    "connectedlinenum" => "101",
    "context" => "org_all",
    "exten" => "102",
    "language" => "en",
    "linkedid" => "1745144456.366",
    "priority" => "2",
    "privilege" => "dialplan,all",
    "uniqueid" => "1745144456.366",
    "value" => "",
    "variable" => "DIALEDPEERNUMBER"
  },
  variables: %{}
}
[2025-04-20 10:20:57.844461Z] %ElixirAmi.Event{
  event: "varset",
  source: :asterisk_connection,
  action_id: nil,
  keys: %{
    "accountcode" => "",
    "calleridname" => "IVAN",
    "calleridnum" => "101",
    "channel" => "PJSIP/101-000000e0",
    "channelstate" => "6",
    "channelstatedesc" => "Up",
    "connectedlinename" => "IVAN",
    "connectedlinenum" => "101",
    "context" => "org_all",
    "exten" => "102",
    "language" => "en",
    "linkedid" => "1745144456.366",
    "priority" => "2",
    "privilege" => "dialplan,all",
    "uniqueid" => "1745144456.366",
    "value" => "",
    "variable" => "DIALEDPEERNAME"
  },
  variables: %{}
}
[2025-04-20 10:20:57.844690Z] %ElixirAmi.Event{
  event: "varset",
  source: :asterisk_connection,
  action_id: nil,
  keys: %{
    "accountcode" => "",
    "calleridname" => "IVAN",
    "calleridnum" => "101",
    "channel" => "PJSIP/101-000000e0",
    "channelstate" => "6",
    "channelstatedesc" => "Up",
    "connectedlinename" => "IVAN",
    "connectedlinenum" => "101",
    "context" => "org_all",
    "exten" => "102",
    "language" => "en",
    "linkedid" => "1745144456.366",
    "priority" => "2",
    "privilege" => "dialplan,all",
    "uniqueid" => "1745144456.366",
    "value" => "",
    "variable" => "ANSWEREDTIME"
  },
  variables: %{}
}
[2025-04-20 10:20:57.845085Z] %ElixirAmi.Event{
  event: "varset",
  source: :asterisk_connection,
  action_id: nil,
  keys: %{
    "accountcode" => "",
    "calleridname" => "IVAN",
    "calleridnum" => "101",
    "channel" => "PJSIP/101-000000e0",
    "channelstate" => "6",
    "channelstatedesc" => "Up",
    "connectedlinename" => "IVAN",
    "connectedlinenum" => "101",
    "context" => "org_all",
    "exten" => "102",
    "language" => "en",
    "linkedid" => "1745144456.366",
    "priority" => "2",
    "privilege" => "dialplan,all",
    "uniqueid" => "1745144456.366",
    "value" => "",
    "variable" => "ANSWEREDTIME_MS"
  },
  variables: %{}
}
[2025-04-20 10:20:57.845472Z] %ElixirAmi.Event{
  event: "varset",
  source: :asterisk_connection,
  action_id: nil,
  keys: %{
    "accountcode" => "",
    "calleridname" => "IVAN",
    "calleridnum" => "101",
    "channel" => "PJSIP/101-000000e0",
    "channelstate" => "6",
    "channelstatedesc" => "Up",
    "connectedlinename" => "IVAN",
    "connectedlinenum" => "101",
    "context" => "org_all",
    "exten" => "102",
    "language" => "en",
    "linkedid" => "1745144456.366",
    "priority" => "2",
    "privilege" => "dialplan,all",
    "uniqueid" => "1745144456.366",
    "value" => "",
    "variable" => "DIALEDTIME"
  },
  variables: %{}
}
[2025-04-20 10:20:57.845856Z] %ElixirAmi.Event{
  event: "varset",
  source: :asterisk_connection,
  action_id: nil,
  keys: %{
    "accountcode" => "",
    "calleridname" => "IVAN",
    "calleridnum" => "101",
    "channel" => "PJSIP/101-000000e0",
    "channelstate" => "6",
    "channelstatedesc" => "Up",
    "connectedlinename" => "IVAN",
    "connectedlinenum" => "101",
    "context" => "org_all",
    "exten" => "102",
    "language" => "en",
    "linkedid" => "1745144456.366",
    "priority" => "2",
    "privilege" => "dialplan,all",
    "uniqueid" => "1745144456.366",
    "value" => "",
    "variable" => "DIALEDTIME_MS"
  },
  variables: %{}
}
[2025-04-20 10:20:57.846043Z] %ElixirAmi.Event{
  event: "varset",
  source: :asterisk_connection,
  action_id: nil,
  keys: %{
    "accountcode" => "",
    "calleridname" => "IVAN",
    "calleridnum" => "101",
    "channel" => "PJSIP/101-000000e0",
    "channelstate" => "6",
    "channelstatedesc" => "Up",
    "connectedlinename" => "IVAN",
    "connectedlinenum" => "101",
    "context" => "org_all",
    "exten" => "102",
    "language" => "en",
    "linkedid" => "1745144456.366",
    "priority" => "2",
    "privilege" => "dialplan,all",
    "uniqueid" => "1745144456.366",
    "value" => "",
    "variable" => "RINGTIME"
  },
  variables: %{}
}
[2025-04-20 10:20:57.846243Z] %ElixirAmi.Event{
  event: "varset",
  source: :asterisk_connection,
  action_id: nil,
  keys: %{
    "accountcode" => "",
    "calleridname" => "IVAN",
    "calleridnum" => "101",
    "channel" => "PJSIP/101-000000e0",
    "channelstate" => "6",
    "channelstatedesc" => "Up",
    "connectedlinename" => "IVAN",
    "connectedlinenum" => "101",
    "context" => "org_all",
    "exten" => "102",
    "language" => "en",
    "linkedid" => "1745144456.366",
    "priority" => "2",
    "privilege" => "dialplan,all",
    "uniqueid" => "1745144456.366",
    "value" => "",
    "variable" => "RINGTIME_MS"
  },
  variables: %{}
}
[2025-04-20 10:20:57.846484Z] %ElixirAmi.Event{
  event: "varset",
  source: :asterisk_connection,
  action_id: nil,
  keys: %{
    "accountcode" => "",
    "calleridname" => "IVAN",
    "calleridnum" => "101",
    "channel" => "PJSIP/101-000000e0",
    "channelstate" => "6",
    "channelstatedesc" => "Up",
    "connectedlinename" => "IVAN",
    "connectedlinenum" => "101",
    "context" => "org_all",
    "exten" => "102",
    "language" => "en",
    "linkedid" => "1745144456.366",
    "priority" => "2",
    "privilege" => "dialplan,all",
    "uniqueid" => "1745144456.366",
    "value" => "",
    "variable" => "PROGRESSTIME"
  },
  variables: %{}
}
[2025-04-20 10:20:57.846803Z] %ElixirAmi.Event{
  event: "varset",
  source: :asterisk_connection,
  action_id: nil,
  keys: %{
    "accountcode" => "",
    "calleridname" => "IVAN",
    "calleridnum" => "101",
    "channel" => "PJSIP/101-000000e0",
    "channelstate" => "6",
    "channelstatedesc" => "Up",
    "connectedlinename" => "IVAN",
    "connectedlinenum" => "101",
    "context" => "org_all",
    "exten" => "102",
    "language" => "en",
    "linkedid" => "1745144456.366",
    "priority" => "2",
    "privilege" => "dialplan,all",
    "uniqueid" => "1745144456.366",
    "value" => "",
    "variable" => "PROGRESSTIME_MS"
  },
  variables: %{}
}
[2025-04-20 10:20:57.847105Z] %ElixirAmi.Event{
  event: "newchannel",
  source: :asterisk_connection,
  action_id: nil,
  keys: %{
    "accountcode" => "",
    "calleridname" => "102",
    "calleridnum" => "102",
    "channel" => "PJSIP/102-000000e1",
    "channelstate" => "0",
    "channelstatedesc" => "Down",
    "connectedlinename" => "<unknown>",
    "connectedlinenum" => "<unknown>",
    "context" => "org_all",
    "exten" => "s",
    "language" => "en",
    "linkedid" => "1745144456.366",
    "priority" => "1",
    "privilege" => "call,all",
    "uniqueid" => "1745144457.367"
  },
  variables: %{}
}
[2025-04-20 10:20:57.847580Z] %ElixirAmi.Event{
  event: "varset",
  source: :asterisk_connection,
  action_id: nil,
  keys: %{
    "accountcode" => "",
    "calleridname" => "102",
    "calleridnum" => "102",
    "channel" => "PJSIP/102-000000e1",
    "channelstate" => "0",
    "channelstatedesc" => "Down",
    "connectedlinename" => "<unknown>",
    "connectedlinenum" => "<unknown>",
    "context" => "org_all",
    "exten" => "s",
    "language" => "en",
    "linkedid" => "1745144456.366",
    "priority" => "1",
    "privilege" => "dialplan,all",
    "uniqueid" => "1745144457.367",
    "value" => "102",
    "variable" => "DIALEDPEERNUMBER"
  },
  variables: %{}
}
[2025-04-20 10:20:57.847931Z] %ElixirAmi.Event{
  event: "newexten",
  source: :asterisk_connection,
  action_id: nil,
  keys: %{
    "accountcode" => "",
    "appdata" => "(Outgoing Line)",
    "application" => "AppDial",
    "calleridname" => "102",
    "calleridnum" => "102",
    "channel" => "PJSIP/102-000000e1",
    "channelstate" => "0",
    "channelstatedesc" => "Down",
    "connectedlinename" => "IVAN",
    "connectedlinenum" => "101",
    "context" => "org_all",
    "exten" => "102",
    "extension" => "102",
    "language" => "en",
    "linkedid" => "1745144456.366",
    "priority" => "1",
    "privilege" => "dialplan,all",
    "uniqueid" => "1745144457.367"
  },
  variables: %{}
}
[2025-04-20 10:20:57.848138Z] %ElixirAmi.Event{
  event: "newconnectedline",
  source: :asterisk_connection,
  action_id: nil,
  keys: %{
    "accountcode" => "",
    "calleridname" => "102",
    "calleridnum" => "102",
    "channel" => "PJSIP/102-000000e1",
    "channelstate" => "0",
    "channelstatedesc" => "Down",
    "connectedlinename" => "IVAN",
    "connectedlinenum" => "101",
    "context" => "org_all",
    "exten" => "102",
    "language" => "en",
    "linkedid" => "1745144456.366",
    "priority" => "1",
    "privilege" => "call,all",
    "uniqueid" => "1745144457.367"
  },
  variables: %{}
}
[2025-04-20 10:20:57.848655Z] %ElixirAmi.Event{
  event: "dialbegin",
  source: :asterisk_connection,
  action_id: nil,
  keys: %{
    "accountcode" => "",
    "calleridname" => "IVAN",
    "calleridnum" => "101",
    "channel" => "PJSIP/101-000000e0",
    "channelstate" => "6",
    "channelstatedesc" => "Up",
    "connectedlinename" => "IVAN",
    "connectedlinenum" => "101",
    "context" => "org_all",
    "destaccountcode" => "",
    "destcalleridname" => "102",
    "destcalleridnum" => "102",
    "destchannel" => "PJSIP/102-000000e1",
    "destchannelstate" => "0",
    "destchannelstatedesc" => "Down",
    "destconnectedlinename" => "IVAN",
    "destconnectedlinenum" => "101",
    "destcontext" => "org_all",
    "destexten" => "102",
    "destlanguage" => "en",
    "destlinkedid" => "1745144456.366",
    "destpriority" => "1",
    "destuniqueid" => "1745144457.367",
    "dialstring" => "102",
    "exten" => "102",
    "language" => "en",
    "linkedid" => "1745144456.366",
    "priority" => "2",
    "privilege" => "call,all",
    "uniqueid" => "1745144456.366"
  },
  variables: %{}
}
[2025-04-20 10:20:57.849126Z] %ElixirAmi.Event{
  event: "newconnectedline",
  source: :asterisk_connection,
  action_id: nil,
  keys: %{
    "accountcode" => "",
    "calleridname" => "IVAN",
    "calleridnum" => "101",
    "channel" => "PJSIP/101-000000e0",
    "channelstate" => "6",
    "channelstatedesc" => "Up",
    "connectedlinename" => "102",
    "connectedlinenum" => "102",
    "context" => "org_all",
    "exten" => "102",
    "language" => "en",
    "linkedid" => "1745144456.366",
    "priority" => "2",
    "privilege" => "call,all",
    "uniqueid" => "1745144456.366"
  },
  variables: %{}
}
[2025-04-20 10:20:57.849509Z] %ElixirAmi.Event{
  event: "newstate",
  source: :asterisk_connection,
  action_id: nil,
  keys: %{
    "accountcode" => "",
    "calleridname" => "102",
    "calleridnum" => "102",
    "channel" => "PJSIP/102-000000e1",
    "channelstate" => "5",
    "channelstatedesc" => "Ringing",
    "connectedlinename" => "IVAN",
    "connectedlinenum" => "101",
    "context" => "org_all",
    "exten" => "102",
    "language" => "en",
    "linkedid" => "1745144456.366",
    "priority" => "1",
    "privilege" => "call,all",
    "uniqueid" => "1745144457.367"
  },
  variables: %{}
}
[2025-04-20 10:20:57.849929Z] %ElixirAmi.Event{
  event: "varset",
  source: :asterisk_connection,
  action_id: nil,
  keys: %{
    "accountcode" => "",
    "calleridname" => "IVAN",
    "calleridnum" => "101",
    "channel" => "PJSIP/101-000000e0",
    "channelstate" => "6",
    "channelstatedesc" => "Up",
    "connectedlinename" => "102",
    "connectedlinenum" => "102",
    "context" => "org_all",
    "exten" => "102",
    "language" => "en",
    "linkedid" => "1745144456.366",
    "priority" => "2",
    "privilege" => "dialplan,all",
    "uniqueid" => "1745144456.366",
    "value" => "0",
    "variable" => "RINGTIME"
  },
  variables: %{}
}
[2025-04-20 10:20:57.850099Z] %ElixirAmi.Event{
  event: "varset",
  source: :asterisk_connection,
  action_id: nil,
  keys: %{
    "accountcode" => "",
    "calleridname" => "IVAN",
    "calleridnum" => "101",
    "channel" => "PJSIP/101-000000e0",
    "channelstate" => "6",
    "channelstatedesc" => "Up",
    "connectedlinename" => "102",
    "connectedlinenum" => "102",
    "context" => "org_all",
    "exten" => "102",
    "language" => "en",
    "linkedid" => "1745144456.366",
    "priority" => "2",
    "privilege" => "dialplan,all",
    "uniqueid" => "1745144456.366",
    "value" => "7",
    "variable" => "RINGTIME_MS"
  },
  variables: %{}
}
[2025-04-20 10:20:57.850426Z] %ElixirAmi.Event{
  event: "dialstate",
  source: :asterisk_connection,
  action_id: nil,
  keys: %{
    "accountcode" => "",
    "calleridname" => "IVAN",
    "calleridnum" => "101",
    "channel" => "PJSIP/101-000000e0",
    "channelstate" => "6",
    "channelstatedesc" => "Up",
    "connectedlinename" => "102",
    "connectedlinenum" => "102",
    "context" => "org_all",
    "destaccountcode" => "",
    "destcalleridname" => "102",
    "destcalleridnum" => "102",
    "destchannel" => "PJSIP/102-000000e1",
    "destchannelstate" => "5",
    "destchannelstatedesc" => "Ringing",
    "destconnectedlinename" => "IVAN",
    "destconnectedlinenum" => "101",
    "destcontext" => "org_all",
    "destexten" => "102",
    "destlanguage" => "en",
    "destlinkedid" => "1745144456.366",
    "destpriority" => "1",
    "destuniqueid" => "1745144457.367",
    "dialstatus" => "RINGING",
    "exten" => "102",
    "language" => "en",
    "linkedid" => "1745144456.366",
    "priority" => "2",
    "privilege" => "call,all",
    "uniqueid" => "1745144456.366"
  },
  variables: %{}
}
[2025-04-20 10:20:58.046894Z] %ElixirAmi.Event{
  event: "rtcpreceived",
  source: :asterisk_connection,
  action_id: nil,
  keys: %{
    "pt" => "200(SR)",
    "report0highestsequence" => "27274",
    "mes" => "85.4",
    "privilege" => "reporting,all",
    "channelstatedesc" => "Up",
    "uniqueid" => "1745144456.366",
    "sentntp" => "1745169657.208135",
    "report0fractionlost" => "0",
    "sentpackets" => "10",
    "report0lsr" => "0",
    "linkedid" => "1745144456.366",
    "ssrc" => "0xebafab79",
    "exten" => "102",
    "channel" => "PJSIP/101-000000e0",
    "report0iajitter" => "0",
    "sentrtp" => "1664",
    "context" => "org_all",
    "connectedlinename" => "102",
    "priority" => "2",
    "rtt" => "0.0000",
    "to" => "192.168.0.16:17615",
    "reportcount" => "1",
    "language" => "en",
    "sentoctets" => "1600",
    "calleridname" => "IVAN",
    "from" => "192.168.0.16:4181",
    "report0cumulativelost" => "0",
    "report0sequencenumbercycles" => "0",
    "calleridnum" => "101",
    "channelstate" => "6",
    "accountcode" => "",
    "report0dlsr" => "0.0000",
    "report0sourcessrc" => "0x70c648d1",
    "connectedlinenum" => "102"
  },
  variables: %{}
}
[2025-04-20 10:21:02.465457Z] %ElixirAmi.Event{
  event: "rtcpreceived",
  source: :asterisk_connection,
  action_id: nil,
  keys: %{
    "pt" => "200(SR)",
    "report0highestsequence" => "27494",
    "mes" => "85.4",
    "privilege" => "reporting,all",
    "channelstatedesc" => "Up",
    "uniqueid" => "1745144456.366",
    "sentntp" => "1745169661.626851",
    "report0fractionlost" => "0",
    "sentpackets" => "231",
    "report0lsr" => "0",
    "linkedid" => "1745144456.366",
    "ssrc" => "0xebafab7d",
    "exten" => "102",
    "channel" => "PJSIP/101-000000e0",
    "report0iajitter" => "0",
    "sentrtp" => "37008",
    "context" => "org_all",
    "connectedlinename" => "102",
    "priority" => "2",
    "rtt" => "0.0000",
    "to" => "192.168.0.16:17615",
    "reportcount" => "1",
    "language" => "en",
    "sentoctets" => "36960",
    "calleridname" => "IVAN",
    "from" => "192.168.0.16:4181",
    "report0cumulativelost" => "0",
    "report0sequencenumbercycles" => "0",
    "calleridnum" => "101",
    "channelstate" => "6",
    "accountcode" => "",
    "report0dlsr" => "0.0000",
    "report0sourcessrc" => "0x70c648d1",
    "connectedlinenum" => "102"
  },
  variables: %{}
}
[2025-04-20 10:21:02.850478Z] %ElixirAmi.Event{
  event: "rtcpsent",
  source: :asterisk_connection,
  action_id: nil,
  keys: %{
    "pt" => "200(SR)",
    "report0highestsequence" => "7273",
    "mes" => "85.4",
    "privilege" => "reporting,all",
    "channelstatedesc" => "Up",
    "uniqueid" => "1745144456.366",
    "sentntp" => "1745144462.850070",
    "report0fractionlost" => "0",
    "sentpackets" => "250",
    "report0lsr" => "2877137017",
    "linkedid" => "1745144456.366",
    "ssrc" => "0x70c648d1",
    "exten" => "102",
    "channel" => "PJSIP/101-000000e0",
    "report0iajitter" => "7",
    "sentrtp" => "40000",
    "context" => "org_all",
    "connectedlinename" => "102",
    "priority" => "2",
    "to" => "192.168.0.16:4181",
    "reportcount" => "1",
    "language" => "en",
    "sentoctets" => "40000",
    "calleridname" => "IVAN",
    "from" => "192.168.0.16:17615",
    "report0cumulativelost" => "0",
    "report0sequencenumbercycles" => "0",
    "calleridnum" => "101",
    "channelstate" => "6",
    "accountcode" => "",
    "report0dlsr" => "0.3850",
    "report0sourcessrc" => "0x7f6b211c",
    "connectedlinenum" => "102"
  },
  variables: %{}
}
[2025-04-20 10:21:07.086433Z] %ElixirAmi.Event{
  event: "rtcpreceived",
  source: :asterisk_connection,
  action_id: nil,
  keys: %{
    "pt" => "200(SR)",
    "report0highestsequence" => "27725",
    "mes" => "85.4",
    "privilege" => "reporting,all",
    "channelstatedesc" => "Up",
    "uniqueid" => "1745144456.366",
    "sentntp" => "1745169666.247772",
    "report0fractionlost" => "0",
    "sentpackets" => "462",
    "report0lsr" => "1225709982",
    "linkedid" => "1745144456.366",
    "ssrc" => "0xebafab82",
    "exten" => "102",
    "channel" => "PJSIP/101-000000e0",
    "report0iajitter" => "3",
    "sentrtp" => "73976",
    "context" => "org_all",
    "connectedlinename" => "102",
    "priority" => "2",
    "rtt" => "0.0002",
    "to" => "192.168.0.16:17615",
    "reportcount" => "1",
    "language" => "en",
    "sentoctets" => "73920",
    "calleridname" => "IVAN",
    "from" => "192.168.0.16:4181",
    "report0cumulativelost" => "0",
    "report0sequencenumbercycles" => "0",
    "calleridnum" => "101",
    "channelstate" => "6",
    "accountcode" => "",
    "report0dlsr" => "4.2357",
    "report0sourcessrc" => "0x70c648d1",
    "connectedlinenum" => "102"
  },
  variables: %{}
}
[2025-04-20 10:21:07.850701Z] %ElixirAmi.Event{
  event: "rtcpsent",
  source: :asterisk_connection,
  action_id: nil,
  keys: %{
    "pt" => "200(SR)",
    "report0highestsequence" => "7523",
    "mes" => "85.4",
    "privilege" => "reporting,all",
    "channelstatedesc" => "Up",
    "uniqueid" => "1745144456.366",
    "sentntp" => "1745144467.850140",
    "report0fractionlost" => "0",
    "sentpackets" => "500",
    "report0lsr" => "2877439854",
    "linkedid" => "1745144456.366",
    "ssrc" => "0x70c648d1",
    "exten" => "102",
    "channel" => "PJSIP/101-000000e0",
    "report0iajitter" => "7",
    "sentrtp" => "80000",
    "context" => "org_all",
    "connectedlinename" => "102",
    "priority" => "2",
    "to" => "192.168.0.16:4181",
    "reportcount" => "1",
    "language" => "en",
    "sentoctets" => "80000",
    "calleridname" => "IVAN",
    "from" => "192.168.0.16:17615",
    "report0cumulativelost" => "0",
    "report0sequencenumbercycles" => "0",
    "calleridnum" => "101",
    "channelstate" => "6",
    "accountcode" => "",
    "report0dlsr" => "0.7640",
    "report0sourcessrc" => "0x7f6b211c",
    "connectedlinenum" => "102"
  },
  variables: %{}
}
[2025-04-20 10:21:10.649321Z] %ElixirAmi.Event{
  event: "rtcpreceived",
  source: :asterisk_connection,
  action_id: nil,
  keys: %{
    "accountcode" => "",
    "calleridname" => "102",
    "calleridnum" => "102",
    "channel" => "PJSIP/102-000000e1",
    "channelstate" => "5",
    "channelstatedesc" => "Ringing",
    "connectedlinename" => "IVAN",
    "connectedlinenum" => "101",
    "context" => "org_all",
    "exten" => "102",
    "from" => "192.168.0.16:4157",
    "language" => "en",
    "linkedid" => "1745144456.366",
    "mes" => "85.4",
    "priority" => "1",
    "privilege" => "reporting,all",
    "pt" => "201(RR)",
    "report0cumulativelost" => "0",
    "report0dlsr" => "0.0000",
    "report0fractionlost" => "0",
    "report0highestsequence" => "0",
    "report0iajitter" => "0",
    "report0lsr" => "0",
    "report0sequencenumbercycles" => "0",
    "report0sourcessrc" => "0x00000000",
    "reportcount" => "1",
    "rtt" => "0.0000",
    "ssrc" => "0x00000000",
    "to" => "192.168.0.16:14625",
    "uniqueid" => "1745144457.367"
  },
  variables: %{}
}
[2025-04-20 10:21:10.649749Z] %ElixirAmi.Event{
  event: "rtcpreceived",
  source: :asterisk_connection,
  action_id: nil,
  keys: %{
    "accountcode" => "",
    "calleridname" => "102",
    "calleridnum" => "102",
    "channel" => "PJSIP/102-000000e1",
    "channelstate" => "5",
    "channelstatedesc" => "Ringing",
    "connectedlinename" => "IVAN",
    "connectedlinenum" => "101",
    "context" => "org_all",
    "exten" => "102",
    "from" => "192.168.0.16:4157",
    "language" => "en",
    "linkedid" => "1745144456.366",
    "mes" => "85.4",
    "priority" => "1",
    "privilege" => "reporting,all",
    "pt" => "201(RR)",
    "report0cumulativelost" => "0",
    "report0dlsr" => "0.0000",
    "report0fractionlost" => "0",
    "report0highestsequence" => "0",
    "report0iajitter" => "0",
    "report0lsr" => "0",
    "report0sequencenumbercycles" => "0",
    "report0sourcessrc" => "0x00000000",
    "reportcount" => "1",
    "rtt" => "0.0000",
    "ssrc" => "0x00000000",
    "to" => "192.168.0.16:14625",
    "uniqueid" => "1745144457.367"
  },
  variables: %{}
}
[2025-04-20 10:21:10.649967Z] %ElixirAmi.Event{
  event: "newstate",
  source: :asterisk_connection,
  action_id: nil,
  keys: %{
    "accountcode" => "",
    "calleridname" => "102",
    "calleridnum" => "102",
    "channel" => "PJSIP/102-000000e1",
    "channelstate" => "6",
    "channelstatedesc" => "Up",
    "connectedlinename" => "IVAN",
    "connectedlinenum" => "101",
    "context" => "org_all",
    "exten" => "102",
    "language" => "en",
    "linkedid" => "1745144456.366",
    "priority" => "1",
    "privilege" => "call,all",
    "uniqueid" => "1745144457.367"
  },
  variables: %{}
}
[2025-04-20 10:21:10.650150Z] %ElixirAmi.Event{
  event: "varset",
  source: :asterisk_connection,
  action_id: nil,
  keys: %{
    "accountcode" => "",
    "calleridname" => "IVAN",
    "calleridnum" => "101",
    "channel" => "PJSIP/101-000000e0",
    "channelstate" => "6",
    "channelstatedesc" => "Up",
    "connectedlinename" => "102",
    "connectedlinenum" => "102",
    "context" => "org_all",
    "exten" => "102",
    "language" => "en",
    "linkedid" => "1745144456.366",
    "priority" => "2",
    "privilege" => "dialplan,all",
    "uniqueid" => "1745144456.366",
    "value" => "ANSWER",
    "variable" => "DIALSTATUS"
  },
  variables: %{}
}
[2025-04-20 10:21:10.650302Z] %ElixirAmi.Event{
  event: "varset",
  source: :asterisk_connection,
  action_id: nil,
  keys: %{
    "accountcode" => "",
    "calleridname" => "IVAN",
    "calleridnum" => "101",
    "channel" => "PJSIP/101-000000e0",
    "channelstate" => "6",
    "channelstatedesc" => "Up",
    "connectedlinename" => "102",
    "connectedlinenum" => "102",
    "context" => "org_all",
    "exten" => "102",
    "language" => "en",
    "linkedid" => "1745144456.366",
    "priority" => "2",
    "privilege" => "dialplan,all",
    "uniqueid" => "1745144456.366",
    "value" => "PJSIP/102-000000e1",
    "variable" => "DIALEDPEERNAME"
  },
  variables: %{}
}
[2025-04-20 10:21:10.650446Z] %ElixirAmi.Event{
  event: "varset",
  source: :asterisk_connection,
  action_id: nil,
  keys: %{
    "accountcode" => "",
    "calleridname" => "IVAN",
    "calleridnum" => "101",
    "channel" => "PJSIP/101-000000e0",
    "channelstate" => "6",
    "channelstatedesc" => "Up",
    "connectedlinename" => "102",
    "connectedlinenum" => "102",
    "context" => "org_all",
    "exten" => "102",
    "language" => "en",
    "linkedid" => "1745144456.366",
    "priority" => "2",
    "privilege" => "dialplan,all",
    "uniqueid" => "1745144456.366",
    "value" => "102",
    "variable" => "DIALEDPEERNUMBER"
  },
  variables: %{}
}
[2025-04-20 10:21:10.650745Z] %ElixirAmi.Event{
  event: "dialend",
  source: :asterisk_connection,
  action_id: nil,
  keys: %{
    "accountcode" => "",
    "calleridname" => "IVAN",
    "calleridnum" => "101",
    "channel" => "PJSIP/101-000000e0",
    "channelstate" => "6",
    "channelstatedesc" => "Up",
    "connectedlinename" => "102",
    "connectedlinenum" => "102",
    "context" => "org_all",
    "destaccountcode" => "",
    "destcalleridname" => "102",
    "destcalleridnum" => "102",
    "destchannel" => "PJSIP/102-000000e1",
    "destchannelstate" => "6",
    "destchannelstatedesc" => "Up",
    "destconnectedlinename" => "IVAN",
    "destconnectedlinenum" => "101",
    "destcontext" => "org_all",
    "destexten" => "",
    "destlanguage" => "en",
    "destlinkedid" => "1745144456.366",
    "destpriority" => "1",
    "destuniqueid" => "1745144457.367",
    "dialstatus" => "ANSWER",
    "exten" => "102",
    "language" => "en",
    "linkedid" => "1745144456.366",
    "priority" => "2",
    "privilege" => "call,all",
    "uniqueid" => "1745144456.366"
  },
  variables: %{}
}
[2025-04-20 10:21:10.651052Z] %ElixirAmi.Event{
  event: "newexten",
  source: :asterisk_connection,
  action_id: nil,
  keys: %{
    "accountcode" => "",
    "appdata" => "(Outgoing Line)",
    "application" => "AppDial",
    "calleridname" => "102",
    "calleridnum" => "102",
    "channel" => "PJSIP/102-000000e1",
    "channelstate" => "6",
    "channelstatedesc" => "Up",
    "connectedlinename" => "IVAN",
    "connectedlinenum" => "101",
    "context" => "org_all",
    "exten" => "",
    "extension" => "",
    "language" => "en",
    "linkedid" => "1745144456.366",
    "priority" => "1",
    "privilege" => "dialplan,all",
    "uniqueid" => "1745144457.367"
  },
  variables: %{}
}
[2025-04-20 10:21:10.651245Z] %ElixirAmi.Event{
  event: "bridgeenter",
  source: :asterisk_connection,
  action_id: nil,
  keys: %{
    "accountcode" => "",
    "bridgecreator" => "<unknown>",
    "bridgename" => "<unknown>",
    "bridgenumchannels" => "1",
    "bridgetechnology" => "simple_bridge",
    "bridgetype" => "basic",
    "bridgeuniqueid" => "3aa1a084-fe0d-456d-8e6a-3b19c553cdcb",
    "bridgevideosourcemode" => "none",
    "calleridname" => "102",
    "calleridnum" => "102",
    "channel" => "PJSIP/102-000000e1",
    "channelstate" => "6",
    "channelstatedesc" => "Up",
    "connectedlinename" => "IVAN",
    "connectedlinenum" => "101",
    "context" => "org_all",
    "exten" => "",
    "language" => "en",
    "linkedid" => "1745144456.366",
    "priority" => "1",
    "privilege" => "call,all",
    "uniqueid" => "1745144457.367"
  },
  variables: %{}
}
[2025-04-20 10:21:10.651460Z] %ElixirAmi.Event{
  event: "bridgeenter",
  source: :asterisk_connection,
  action_id: nil,
  keys: %{
    "accountcode" => "",
    "bridgecreator" => "<unknown>",
    "bridgename" => "<unknown>",
    "bridgenumchannels" => "2",
    "bridgetechnology" => "simple_bridge",
    "bridgetype" => "basic",
    "bridgeuniqueid" => "3aa1a084-fe0d-456d-8e6a-3b19c553cdcb",
    "bridgevideosourcemode" => "none",
    "calleridname" => "IVAN",
    "calleridnum" => "101",
    "channel" => "PJSIP/101-000000e0",
    "channelstate" => "6",
    "channelstatedesc" => "Up",
    "connectedlinename" => "102",
    "connectedlinenum" => "102",
    "context" => "org_all",
    "exten" => "102",
    "language" => "en",
    "linkedid" => "1745144456.366",
    "priority" => "2",
    "privilege" => "call,all",
    "uniqueid" => "1745144456.366"
  },
  variables: %{}
}
[2025-04-20 10:21:10.651613Z] %ElixirAmi.Event{
  event: "varset",
  source: :asterisk_connection,
  action_id: nil,
  keys: %{
    "accountcode" => "",
    "calleridname" => "IVAN",
    "calleridnum" => "101",
    "channel" => "PJSIP/101-000000e0",
    "channelstate" => "6",
    "channelstatedesc" => "Up",
    "connectedlinename" => "102",
    "connectedlinenum" => "102",
    "context" => "org_all",
    "exten" => "102",
    "language" => "en",
    "linkedid" => "1745144456.366",
    "priority" => "2",
    "privilege" => "dialplan,all",
    "uniqueid" => "1745144456.366",
    "value" => "PJSIP/102-000000e1",
    "variable" => "BRIDGEPEER"
  },
  variables: %{}
}
[2025-04-20 10:21:10.651955Z] %ElixirAmi.Event{
  event: "varset",
  source: :asterisk_connection,
  action_id: nil,
  keys: %{
    "accountcode" => "",
    "calleridname" => "IVAN",
    "calleridnum" => "101",
    "channel" => "PJSIP/101-000000e0",
    "channelstate" => "6",
    "channelstatedesc" => "Up",
    "connectedlinename" => "102",
    "connectedlinenum" => "102",
    "context" => "org_all",
    "exten" => "102",
    "language" => "en",
    "linkedid" => "1745144456.366",
    "priority" => "2",
    "privilege" => "dialplan,all",
    "uniqueid" => "1745144456.366",
    "value" => "f6ed73a4-95da-41db-bdac-0c63f8b42da6",
    "variable" => "BRIDGEPVTCALLID"
  },
  variables: %{}
}
[2025-04-20 10:21:10.652236Z] %ElixirAmi.Event{
  event: "varset",
  source: :asterisk_connection,
  action_id: nil,
  keys: %{
    "accountcode" => "",
    "calleridname" => "102",
    "calleridnum" => "102",
    "channel" => "PJSIP/102-000000e1",
    "channelstate" => "6",
    "channelstatedesc" => "Up",
    "connectedlinename" => "IVAN",
    "connectedlinenum" => "101",
    "context" => "org_all",
    "exten" => "",
    "language" => "en",
    "linkedid" => "1745144456.366",
    "priority" => "1",
    "privilege" => "dialplan,all",
    "uniqueid" => "1745144457.367",
    "value" => "PJSIP/101-000000e0",
    "variable" => "BRIDGEPEER"
  },
  variables: %{}
}
[2025-04-20 10:21:10.652392Z] %ElixirAmi.Event{
  event: "varset",
  source: :asterisk_connection,
  action_id: nil,
  keys: %{
    "accountcode" => "",
    "calleridname" => "102",
    "calleridnum" => "102",
    "channel" => "PJSIP/102-000000e1",
    "channelstate" => "6",
    "channelstatedesc" => "Up",
    "connectedlinename" => "IVAN",
    "connectedlinenum" => "101",
    "context" => "org_all",
    "exten" => "",
    "language" => "en",
    "linkedid" => "1745144456.366",
    "priority" => "1",
    "privilege" => "dialplan,all",
    "uniqueid" => "1745144457.367",
    "value" => "cce4c798-092a-4185-9b24-6111a606fe0d",
    "variable" => "BRIDGEPVTCALLID"
  },
  variables: %{}
}
[2025-04-20 10:21:10.652577Z] %ElixirAmi.Event{
  event: "varset",
  source: :asterisk_connection,
  action_id: nil,
  keys: %{
    "accountcode" => "",
    "calleridname" => "IVAN",
    "calleridnum" => "101",
    "channel" => "PJSIP/101-000000e0",
    "channelstate" => "6",
    "channelstatedesc" => "Up",
    "connectedlinename" => "102",
    "connectedlinenum" => "102",
    "context" => "org_all",
    "exten" => "102",
    "language" => "en",
    "linkedid" => "1745144456.366",
    "priority" => "2",
    "privilege" => "dialplan,all",
    "uniqueid" => "1745144456.366",
    "value" => "PJSIP/102-000000e1",
    "variable" => "BRIDGEPEER"
  },
  variables: %{}
}
[2025-04-20 10:21:10.652779Z] %ElixirAmi.Event{
  event: "varset",
  source: :asterisk_connection,
  action_id: nil,
  keys: %{
    "accountcode" => "",
    "calleridname" => "IVAN",
    "calleridnum" => "101",
    "channel" => "PJSIP/101-000000e0",
    "channelstate" => "6",
    "channelstatedesc" => "Up",
    "connectedlinename" => "102",
    "connectedlinenum" => "102",
    "context" => "org_all",
    "exten" => "102",
    "language" => "en",
    "linkedid" => "1745144456.366",
    "priority" => "2",
    "privilege" => "dialplan,all",
    "uniqueid" => "1745144456.366",
    "value" => "f6ed73a4-95da-41db-bdac-0c63f8b42da6",
    "variable" => "BRIDGEPVTCALLID"
  },
  variables: %{}
}
[2025-04-20 10:21:10.652960Z] %ElixirAmi.Event{
  event: "varset",
  source: :asterisk_connection,
  action_id: nil,
  keys: %{
    "accountcode" => "",
    "calleridname" => "102",
    "calleridnum" => "102",
    "channel" => "PJSIP/102-000000e1",
    "channelstate" => "6",
    "channelstatedesc" => "Up",
    "connectedlinename" => "IVAN",
    "connectedlinenum" => "101",
    "context" => "org_all",
    "exten" => "",
    "language" => "en",
    "linkedid" => "1745144456.366",
    "priority" => "1",
    "privilege" => "dialplan,all",
    "uniqueid" => "1745144457.367",
    "value" => "PJSIP/101-000000e0",
    "variable" => "BRIDGEPEER"
  },
  variables: %{}
}
[2025-04-20 10:21:10.653259Z] %ElixirAmi.Event{
  event: "varset",
  source: :asterisk_connection,
  action_id: nil,
  keys: %{
    "accountcode" => "",
    "calleridname" => "102",
    "calleridnum" => "102",
    "channel" => "PJSIP/102-000000e1",
    "channelstate" => "6",
    "channelstatedesc" => "Up",
    "connectedlinename" => "IVAN",
    "connectedlinenum" => "101",
    "context" => "org_all",
    "exten" => "",
    "language" => "en",
    "linkedid" => "1745144456.366",
    "priority" => "1",
    "privilege" => "dialplan,all",
    "uniqueid" => "1745144457.367",
    "value" => "cce4c798-092a-4185-9b24-6111a606fe0d",
    "variable" => "BRIDGEPVTCALLID"
  },
  variables: %{}
}
[2025-04-20 10:21:10.653411Z] %ElixirAmi.Event{
  event: "varset",
  source: :asterisk_connection,
  action_id: nil,
  keys: %{
    "accountcode" => "",
    "calleridname" => "IVAN",
    "calleridnum" => "101",
    "channel" => "PJSIP/101-000000e0",
    "channelstate" => "6",
    "channelstatedesc" => "Up",
    "connectedlinename" => "102",
    "connectedlinenum" => "102",
    "context" => "org_all",
    "exten" => "102",
    "language" => "en",
    "linkedid" => "1745144456.366",
    "priority" => "2",
    "privilege" => "dialplan,all",
    "uniqueid" => "1745144456.366",
    "value" => "PJSIP/102-000000e1",
    "variable" => "BRIDGEPEER"
  },
  variables: %{}
}
[2025-04-20 10:21:10.653623Z] %ElixirAmi.Event{
  event: "varset",
  source: :asterisk_connection,
  action_id: nil,
  keys: %{
    "accountcode" => "",
    "calleridname" => "IVAN",
    "calleridnum" => "101",
    "channel" => "PJSIP/101-000000e0",
    "channelstate" => "6",
    "channelstatedesc" => "Up",
    "connectedlinename" => "102",
    "connectedlinenum" => "102",
    "context" => "org_all",
    "exten" => "102",
    "language" => "en",
    "linkedid" => "1745144456.366",
    "priority" => "2",
    "privilege" => "dialplan,all",
    "uniqueid" => "1745144456.366",
    "value" => "f6ed73a4-95da-41db-bdac-0c63f8b42da6",
    "variable" => "BRIDGEPVTCALLID"
  },
  variables: %{}
}
[2025-04-20 10:21:10.653788Z] %ElixirAmi.Event{
  event: "varset",
  source: :asterisk_connection,
  action_id: nil,
  keys: %{
    "accountcode" => "",
    "calleridname" => "102",
    "calleridnum" => "102",
    "channel" => "PJSIP/102-000000e1",
    "channelstate" => "6",
    "channelstatedesc" => "Up",
    "connectedlinename" => "IVAN",
    "connectedlinenum" => "101",
    "context" => "org_all",
    "exten" => "",
    "language" => "en",
    "linkedid" => "1745144456.366",
    "priority" => "1",
    "privilege" => "dialplan,all",
    "uniqueid" => "1745144457.367",
    "value" => "PJSIP/101-000000e0",
    "variable" => "BRIDGEPEER"
  },
  variables: %{}
}
[2025-04-20 10:21:10.653947Z] %ElixirAmi.Event{
  event: "varset",
  source: :asterisk_connection,
  action_id: nil,
  keys: %{
    "accountcode" => "",
    "calleridname" => "102",
    "calleridnum" => "102",
    "channel" => "PJSIP/102-000000e1",
    "channelstate" => "6",
    "channelstatedesc" => "Up",
    "connectedlinename" => "IVAN",
    "connectedlinenum" => "101",
    "context" => "org_all",
    "exten" => "",
    "language" => "en",
    "linkedid" => "1745144456.366",
    "priority" => "1",
    "privilege" => "dialplan,all",
    "uniqueid" => "1745144457.367",
    "value" => "cce4c798-092a-4185-9b24-6111a606fe0d",
    "variable" => "BRIDGEPVTCALLID"
  },
  variables: %{}
}
[2025-04-20 10:21:10.654266Z] %ElixirAmi.Event{
  event: "varset",
  source: :asterisk_connection,
  action_id: nil,
  keys: %{
    "accountcode" => "",
    "calleridname" => "IVAN",
    "calleridnum" => "101",
    "channel" => "PJSIP/101-000000e0",
    "channelstate" => "6",
    "channelstatedesc" => "Up",
    "connectedlinename" => "102",
    "connectedlinenum" => "102",
    "context" => "org_all",
    "exten" => "102",
    "language" => "en",
    "linkedid" => "1745144456.366",
    "priority" => "2",
    "privilege" => "dialplan,all",
    "uniqueid" => "1745144456.366",
    "value" => "/home/rawmn/AsteriskConnector/priv/recordings/101_102_2025-04-201745144456.366.wav",
    "variable" => "MIXMONITOR_FILENAME"
  },
  variables: %{}
}
[2025-04-20 10:21:10.654475Z] %ElixirAmi.Event{
  event: "mixmonitorstart",
  source: :asterisk_connection,
  action_id: nil,
  keys: %{
    "accountcode" => "",
    "calleridname" => "IVAN",
    "calleridnum" => "101",
    "channel" => "PJSIP/101-000000e0",
    "channelstate" => "6",
    "channelstatedesc" => "Up",
    "connectedlinename" => "102",
    "connectedlinenum" => "102",
    "context" => "org_all",
    "exten" => "102",
    "language" => "en",
    "linkedid" => "1745144456.366",
    "priority" => "2",
    "privilege" => "call,all",
    "uniqueid" => "1745144456.366"
  },
  variables: %{}
}
[2025-04-20 10:21:10.654781Z] %ElixirAmi.Event{
  event: "varset",
  source: :asterisk_connection,
  action_id: nil,
  keys: %{
    "accountcode" => "",
    "calleridname" => "IVAN",
    "calleridnum" => "101",
    "channel" => "PJSIP/101-000000e0",
    "channelstate" => "6",
    "channelstatedesc" => "Up",
    "connectedlinename" => "102",
    "connectedlinenum" => "102",
    "context" => "org_all",
    "exten" => "102",
    "language" => "en",
    "linkedid" => "1745144456.366",
    "priority" => "2",
    "privilege" => "dialplan,all",
    "uniqueid" => "1745144456.366",
    "value" => "PJSIP/102-000000e1",
    "variable" => "BRIDGEPEER"
  },
  variables: %{}
}
[2025-04-20 10:21:10.655163Z] %ElixirAmi.Event{
  event: "varset",
  source: :asterisk_connection,
  action_id: nil,
  keys: %{
    "accountcode" => "",
    "calleridname" => "IVAN",
    "calleridnum" => "101",
    "channel" => "PJSIP/101-000000e0",
    "channelstate" => "6",
    "channelstatedesc" => "Up",
    "connectedlinename" => "102",
    "connectedlinenum" => "102",
    "context" => "org_all",
    "exten" => "102",
    "language" => "en",
    "linkedid" => "1745144456.366",
    "priority" => "2",
    "privilege" => "dialplan,all",
    "uniqueid" => "1745144456.366",
    "value" => "f6ed73a4-95da-41db-bdac-0c63f8b42da6",
    "variable" => "BRIDGEPVTCALLID"
  },
  variables: %{}
}
[2025-04-20 10:21:10.655358Z] %ElixirAmi.Event{
  event: "varset",
  source: :asterisk_connection,
  action_id: nil,
  keys: %{
    "accountcode" => "",
    "calleridname" => "102",
    "calleridnum" => "102",
    "channel" => "PJSIP/102-000000e1",
    "channelstate" => "6",
    "channelstatedesc" => "Up",
    "connectedlinename" => "IVAN",
    "connectedlinenum" => "101",
    "context" => "org_all",
    "exten" => "",
    "language" => "en",
    "linkedid" => "1745144456.366",
    "priority" => "1",
    "privilege" => "dialplan,all",
    "uniqueid" => "1745144457.367",
    "value" => "PJSIP/101-000000e0",
    "variable" => "BRIDGEPEER"
  },
  variables: %{}
}
[2025-04-20 10:21:10.655509Z] %ElixirAmi.Event{
  event: "varset",
  source: :asterisk_connection,
  action_id: nil,
  keys: %{
    "accountcode" => "",
    "calleridname" => "102",
    "calleridnum" => "102",
    "channel" => "PJSIP/102-000000e1",
    "channelstate" => "6",
    "channelstatedesc" => "Up",
    "connectedlinename" => "IVAN",
    "connectedlinenum" => "101",
    "context" => "org_all",
    "exten" => "",
    "language" => "en",
    "linkedid" => "1745144456.366",
    "priority" => "1",
    "privilege" => "dialplan,all",
    "uniqueid" => "1745144457.367",
    "value" => "cce4c798-092a-4185-9b24-6111a606fe0d",
    "variable" => "BRIDGEPVTCALLID"
  },
  variables: %{}
}
[2025-04-20 10:21:10.655763Z] %ElixirAmi.Event{
  event: "varset",
  source: :asterisk_connection,
  action_id: nil,
  keys: %{
    "accountcode" => "",
    "calleridname" => "IVAN",
    "calleridnum" => "101",
    "channel" => "PJSIP/101-000000e0",
    "channelstate" => "6",
    "channelstatedesc" => "Up",
    "connectedlinename" => "102",
    "connectedlinenum" => "102",
    "context" => "org_all",
    "exten" => "102",
    "language" => "en",
    "linkedid" => "1745144456.366",
    "priority" => "2",
    "privilege" => "dialplan,all",
    "uniqueid" => "1745144456.366",
    "value" => "PJSIP/102-000000e1",
    "variable" => "BRIDGEPEER"
  },
  variables: %{}
}
[2025-04-20 10:21:10.655960Z] %ElixirAmi.Event{
  event: "varset",
  source: :asterisk_connection,
  action_id: nil,
  keys: %{
    "accountcode" => "",
    "calleridname" => "IVAN",
    "calleridnum" => "101",
    "channel" => "PJSIP/101-000000e0",
    "channelstate" => "6",
    "channelstatedesc" => "Up",
    "connectedlinename" => "102",
    "connectedlinenum" => "102",
    "context" => "org_all",
    "exten" => "102",
    "language" => "en",
    "linkedid" => "1745144456.366",
    "priority" => "2",
    "privilege" => "dialplan,all",
    "uniqueid" => "1745144456.366",
    "value" => "f6ed73a4-95da-41db-bdac-0c63f8b42da6",
    "variable" => "BRIDGEPVTCALLID"
  },
  variables: %{}
}
[2025-04-20 10:21:10.656188Z] %ElixirAmi.Event{
  event: "varset",
  source: :asterisk_connection,
  action_id: nil,
  keys: %{
    "accountcode" => "",
    "calleridname" => "102",
    "calleridnum" => "102",
    "channel" => "PJSIP/102-000000e1",
    "channelstate" => "6",
    "channelstatedesc" => "Up",
    "connectedlinename" => "IVAN",
    "connectedlinenum" => "101",
    "context" => "org_all",
    "exten" => "",
    "language" => "en",
    "linkedid" => "1745144456.366",
    "priority" => "1",
    "privilege" => "dialplan,all",
    "uniqueid" => "1745144457.367",
    "value" => "PJSIP/101-000000e0",
    "variable" => "BRIDGEPEER"
  },
  variables: %{}
}
[2025-04-20 10:21:10.656439Z] %ElixirAmi.Event{
  event: "varset",
  source: :asterisk_connection,
  action_id: nil,
  keys: %{
    "accountcode" => "",
    "calleridname" => "102",
    "calleridnum" => "102",
    "channel" => "PJSIP/102-000000e1",
    "channelstate" => "6",
    "channelstatedesc" => "Up",
    "connectedlinename" => "IVAN",
    "connectedlinenum" => "101",
    "context" => "org_all",
    "exten" => "",
    "language" => "en",
    "linkedid" => "1745144456.366",
    "priority" => "1",
    "privilege" => "dialplan,all",
    "uniqueid" => "1745144457.367",
    "value" => "cce4c798-092a-4185-9b24-6111a606fe0d",
    "variable" => "BRIDGEPVTCALLID"
  },
  variables: %{}
}
[2025-04-20 10:21:10.656714Z] %ElixirAmi.Event{
  event: "varset",
  source: :asterisk_connection,
  action_id: nil,
  keys: %{
    "accountcode" => "",
    "calleridname" => "IVAN",
    "calleridnum" => "101",
    "channel" => "PJSIP/101-000000e0",
    "channelstate" => "6",
    "channelstatedesc" => "Up",
    "connectedlinename" => "102",
    "connectedlinenum" => "102",
    "context" => "org_all",
    "exten" => "102",
    "language" => "en",
    "linkedid" => "1745144456.366",
    "priority" => "2",
    "privilege" => "dialplan,all",
    "uniqueid" => "1745144456.366",
    "value" => "PJSIP/102-000000e1",
    "variable" => "BRIDGEPEER"
  },
  variables: %{}
}
[2025-04-20 10:21:10.657002Z] %ElixirAmi.Event{
  event: "varset",
  source: :asterisk_connection,
  action_id: nil,
  keys: %{
    "accountcode" => "",
    "calleridname" => "IVAN",
    "calleridnum" => "101",
    "channel" => "PJSIP/101-000000e0",
    "channelstate" => "6",
    "channelstatedesc" => "Up",
    "connectedlinename" => "102",
    "connectedlinenum" => "102",
    "context" => "org_all",
    "exten" => "102",
    "language" => "en",
    "linkedid" => "1745144456.366",
    "priority" => "2",
    "privilege" => "dialplan,all",
    "uniqueid" => "1745144456.366",
    "value" => "f6ed73a4-95da-41db-bdac-0c63f8b42da6",
    "variable" => "BRIDGEPVTCALLID"
  },
  variables: %{}
}
[2025-04-20 10:21:10.657167Z] %ElixirAmi.Event{
  event: "varset",
  source: :asterisk_connection,
  action_id: nil,
  keys: %{
    "accountcode" => "",
    "calleridname" => "102",
    "calleridnum" => "102",
    "channel" => "PJSIP/102-000000e1",
    "channelstate" => "6",
    "channelstatedesc" => "Up",
    "connectedlinename" => "IVAN",
    "connectedlinenum" => "101",
    "context" => "org_all",
    "exten" => "",
    "language" => "en",
    "linkedid" => "1745144456.366",
    "priority" => "1",
    "privilege" => "dialplan,all",
    "uniqueid" => "1745144457.367",
    "value" => "PJSIP/101-000000e0",
    "variable" => "BRIDGEPEER"
  },
  variables: %{}
}
[2025-04-20 10:21:10.657437Z] %ElixirAmi.Event{
  event: "varset",
  source: :asterisk_connection,
  action_id: nil,
  keys: %{
    "accountcode" => "",
    "calleridname" => "102",
    "calleridnum" => "102",
    "channel" => "PJSIP/102-000000e1",
    "channelstate" => "6",
    "channelstatedesc" => "Up",
    "connectedlinename" => "IVAN",
    "connectedlinenum" => "101",
    "context" => "org_all",
    "exten" => "",
    "language" => "en",
    "linkedid" => "1745144456.366",
    "priority" => "1",
    "privilege" => "dialplan,all",
    "uniqueid" => "1745144457.367",
    "value" => "cce4c798-092a-4185-9b24-6111a606fe0d",
    "variable" => "BRIDGEPVTCALLID"
  },
  variables: %{}
}
[2025-04-20 10:21:10.847099Z] %ElixirAmi.Event{
  event: "rtcpreceived",
  source: :asterisk_connection,
  action_id: nil,
  keys: %{
    "pt" => "200(SR)",
    "report0highestsequence" => "12909",
    "mes" => "85.4",
    "privilege" => "reporting,all",
    "channelstatedesc" => "Up",
    "uniqueid" => "1745144457.367",
    "sentntp" => "1745169670.198443",
    "report0fractionlost" => "0",
    "sentpackets" => "10",
    "report0lsr" => "0",
    "linkedid" => "1745144456.366",
    "ssrc" => "0xebafab86",
    "exten" => "",
    "channel" => "PJSIP/102-000000e1",
    "report0iajitter" => "0",
    "sentrtp" => "1584",
    "context" => "org_all",
    "connectedlinename" => "IVAN",
    "priority" => "1",
    "rtt" => "0.0000",
    "to" => "192.168.0.16:14625",
    "reportcount" => "1",
    "language" => "en",
    "sentoctets" => "1600",
    "calleridname" => "102",
    "from" => "192.168.0.16:4157",
    "report0cumulativelost" => "0",
    "report0sequencenumbercycles" => "0",
    "calleridnum" => "102",
    "channelstate" => "6",
    "accountcode" => "",
    "report0dlsr" => "0.0000",
    "report0sourcessrc" => "0x2008b2b9",
    "connectedlinenum" => "101"
  },
  variables: %{}
}
[2025-04-20 10:21:11.705289Z] %ElixirAmi.Event{
  event: "rtcpreceived",
  source: :asterisk_connection,
  action_id: nil,
  keys: %{
    "pt" => "200(SR)",
    "report0highestsequence" => "27957",
    "mes" => "85.4",
    "privilege" => "reporting,all",
    "channelstatedesc" => "Up",
    "uniqueid" => "1745144456.366",
    "sentntp" => "1745169670.866527",
    "report0fractionlost" => "0",
    "sentpackets" => "693",
    "report0lsr" => "1226037666",
    "linkedid" => "1745144456.366",
    "ssrc" => "0xebafab86",
    "exten" => "102",
    "channel" => "PJSIP/101-000000e0",
    "report0iajitter" => "228",
    "sentrtp" => "110928",
    "context" => "org_all",
    "connectedlinename" => "102",
    "priority" => "2",
    "rtt" => "0.0001",
    "to" => "192.168.0.16:17615",
    "reportcount" => "1",
    "language" => "en",
    "sentoctets" => "110880",
    "calleridname" => "IVAN",
    "from" => "192.168.0.16:4181",
    "report0cumulativelost" => "0",
    "report0sequencenumbercycles" => "0",
    "calleridnum" => "101",
    "channelstate" => "6",
    "accountcode" => "",
    "report0dlsr" => "3.8545",
    "report0sourcessrc" => "0x70c648d1",
    "connectedlinenum" => "102"
  },
  variables: %{}
}
[2025-04-20 10:21:12.850820Z] %ElixirAmi.Event{
  event: "rtcpsent",
  source: :asterisk_connection,
  action_id: nil,
  keys: %{
    "pt" => "200(SR)",
    "report0highestsequence" => "7773",
    "mes" => "85.4",
    "privilege" => "reporting,all",
    "channelstatedesc" => "Up",
    "uniqueid" => "1745144456.366",
    "sentntp" => "1745144472.850289",
    "report0fractionlost" => "0",
    "sentpackets" => "750",
    "report0lsr" => "2877742548",
    "linkedid" => "1745144456.366",
    "ssrc" => "0x70c648d1",
    "exten" => "102",
    "channel" => "PJSIP/101-000000e0",
    "report0iajitter" => "7",
    "sentrtp" => "17600",
    "context" => "org_all",
    "connectedlinename" => "102",
    "priority" => "2",
    "to" => "192.168.0.16:4181",
    "reportcount" => "1",
    "language" => "en",
    "sentoctets" => "120000",
    "calleridname" => "IVAN",
    "from" => "192.168.0.16:17615",
    "report0cumulativelost" => "0",
    "report0sequencenumbercycles" => "0",
    "calleridnum" => "101",
    "channelstate" => "6",
    "accountcode" => "",
    "report0dlsr" => "1.1450",
    "report0sourcessrc" => "0x7f6b211c",
    "connectedlinenum" => "102"
  },
  variables: %{}
}
[2025-04-20 10:21:15.653866Z] %ElixirAmi.Event{
  event: "rtcpsent",
  source: :asterisk_connection,
  action_id: nil,
  keys: %{
    "pt" => "200(SR)",
    "report0highestsequence" => "8024",
    "mes" => "85.4",
    "privilege" => "reporting,all",
    "channelstatedesc" => "Up",
    "uniqueid" => "1745144457.367",
    "sentntp" => "1745144475.653372",
    "report0fractionlost" => "0",
    "sentpackets" => "250",
    "report0lsr" => "2877698765",
    "linkedid" => "1745144456.366",
    "ssrc" => "0x2008b2b9",
    "exten" => "",
    "channel" => "PJSIP/102-000000e1",
    "report0iajitter" => "6",
    "sentrtp" => "142560",
    "context" => "org_all",
    "connectedlinename" => "IVAN",
    "priority" => "1",
    "to" => "192.168.0.16:4157",
    "reportcount" => "1",
    "language" => "en",
    "sentoctets" => "40000",
    "calleridname" => "102",
    "from" => "192.168.0.16:14625",
    "report0cumulativelost" => "0",
    "report0sequencenumbercycles" => "0",
    "calleridnum" => "102",
    "channelstate" => "6",
    "accountcode" => "",
    "report0dlsr" => "4.8060",
    "report0sourcessrc" => "0x5fdb07dc",
    "connectedlinenum" => "101"
  },
  variables: %{}
}
[2025-04-20 10:21:15.995956Z] %ElixirAmi.Event{
  event: "rtcpreceived",
  source: :asterisk_connection,
  action_id: nil,
  keys: %{
    "pt" => "200(SR)",
    "report0highestsequence" => "13166",
    "mes" => "85.4",
    "privilege" => "reporting,all",
    "channelstatedesc" => "Up",
    "uniqueid" => "1745144457.367",
    "sentntp" => "1745169675.347201",
    "report0fractionlost" => "0",
    "sentpackets" => "267",
    "report0lsr" => "1226549059",
    "linkedid" => "1745144456.366",
    "ssrc" => "0xebafab8b",
    "exten" => "",
    "channel" => "PJSIP/102-000000e1",
    "report0iajitter" => "6",
    "sentrtp" => "42776",
    "context" => "org_all",
    "connectedlinename" => "IVAN",
    "priority" => "1",
    "rtt" => "0.0001",
    "to" => "192.168.0.16:14625",
    "reportcount" => "1",
    "language" => "en",
    "sentoctets" => "42720",
    "calleridname" => "102",
    "from" => "192.168.0.16:4157",
    "report0cumulativelost" => "0",
    "report0sequencenumbercycles" => "0",
    "calleridnum" => "102",
    "channelstate" => "6",
    "accountcode" => "",
    "report0dlsr" => "0.3419",
    "report0sourcessrc" => "0x2008b2b9",
    "connectedlinenum" => "101"
  },
  variables: %{}
}
[2025-04-20 10:21:16.327461Z] %ElixirAmi.Event{
  event: "rtcpreceived",
  source: :asterisk_connection,
  action_id: nil,
  keys: %{
    "pt" => "200(SR)",
    "report0highestsequence" => "28188",
    "mes" => "85.4",
    "privilege" => "reporting,all",
    "channelstatedesc" => "Up",
    "uniqueid" => "1745144456.366",
    "sentntp" => "1745169675.488673",
    "report0fractionlost" => "0",
    "sentpackets" => "924",
    "report0lsr" => "1226365356",
    "linkedid" => "1745144456.366",
    "ssrc" => "0xebafab8b",
    "exten" => "102",
    "channel" => "PJSIP/101-000000e0",
    "report0iajitter" => "6",
    "sentrtp" => "147904",
    "context" => "org_all",
    "connectedlinename" => "102",
    "priority" => "2",
    "rtt" => "0.0002",
    "to" => "192.168.0.16:17615",
    "reportcount" => "1",
    "language" => "en",
    "sentoctets" => "147840",
    "calleridname" => "IVAN",
    "from" => "192.168.0.16:4181",
    "report0cumulativelost" => "0",
    "report0sequencenumbercycles" => "0",
    "calleridnum" => "101",
    "channelstate" => "6",
    "accountcode" => "",
    "report0dlsr" => "3.4765",
    "report0sourcessrc" => "0x70c648d1",
    "connectedlinenum" => "102"
  },
  variables: %{}
}
[2025-04-20 10:21:17.850934Z] %ElixirAmi.Event{
  event: "rtcpsent",
  source: :asterisk_connection,
  action_id: nil,
  keys: %{
    "pt" => "200(SR)",
    "report0highestsequence" => "8023",
    "mes" => "85.4",
    "privilege" => "reporting,all",
    "channelstatedesc" => "Up",
    "uniqueid" => "1745144456.366",
    "sentntp" => "1745144477.850456",
    "report0fractionlost" => "0",
    "sentpackets" => "1000",
    "report0lsr" => "2878045465",
    "linkedid" => "1745144456.366",
    "ssrc" => "0x70c648d1",
    "exten" => "102",
    "channel" => "PJSIP/101-000000e0",
    "report0iajitter" => "7",
    "sentrtp" => "57600",
    "context" => "org_all",
    "connectedlinename" => "102",
    "priority" => "2",
    "to" => "192.168.0.16:4181",
    "reportcount" => "1",
    "language" => "en",
    "sentoctets" => "160000",
    "calleridname" => "IVAN",
    "from" => "192.168.0.16:17615",
    "report0cumulativelost" => "0",
    "report0sequencenumbercycles" => "0",
    "calleridnum" => "101",
    "channelstate" => "6",
    "accountcode" => "",
    "report0dlsr" => "1.5230",
    "report0sourcessrc" => "0x7f6b211c",
    "connectedlinenum" => "102"
  },
  variables: %{}
}
[2025-04-20 10:21:18.000802Z] %ElixirAmi.Event{
  event: "rtcpreceived",
  source: :asterisk_connection,
  action_id: nil,
  keys: %{
    "pt" => "200(SR)",
    "report0highestsequence" => "13266",
    "mes" => "85.4",
    "privilege" => "reporting,all",
    "channelstatedesc" => "Up",
    "uniqueid" => "1745144457.367",
    "sentntp" => "1745169677.352072",
    "report0fractionlost" => "0",
    "sentpackets" => "368",
    "report0lsr" => "1226549059",
    "linkedid" => "1745144456.366",
    "ssrc" => "0xebafab8d",
    "exten" => "",
    "channel" => "PJSIP/102-000000e1",
    "report0iajitter" => "6",
    "sentrtp" => "58816",
    "context" => "org_all",
    "connectedlinename" => "IVAN",
    "priority" => "1",
    "rtt" => "0.0001",
    "to" => "192.168.0.16:14625",
    "reportcount" => "1",
    "language" => "en",
    "sentoctets" => "58880",
    "calleridname" => "102",
    "from" => "192.168.0.16:4157",
    "report0cumulativelost" => "0",
    "report0sequencenumbercycles" => "0",
    "calleridnum" => "102",
    "channelstate" => "6",
    "accountcode" => "",
    "report0dlsr" => "2.3468",
    "report0sourcessrc" => "0x2008b2b9",
    "connectedlinenum" => "101"
  },
  variables: %{}
}
[2025-04-20 10:21:18.001123Z] %ElixirAmi.Event{
  event: "rtcpreceived",
  source: :asterisk_connection,
  action_id: nil,
  keys: %{
    "accountcode" => "",
    "calleridname" => "102",
    "calleridnum" => "102",
    "channel" => "PJSIP/102-000000e1",
    "channelstate" => "6",
    "channelstatedesc" => "Up",
    "connectedlinename" => "IVAN",
    "connectedlinenum" => "101",
    "context" => "org_all",
    "exten" => "",
    "from" => "192.168.0.16:4157",
    "language" => "en",
    "linkedid" => "1745144456.366",
    "mes" => "85.4",
    "priority" => "1",
    "privilege" => "reporting,all",
    "pt" => "201(RR)",
    "report0cumulativelost" => "0",
    "report0dlsr" => "2.3468",
    "report0fractionlost" => "0",
    "report0highestsequence" => "13266",
    "report0iajitter" => "6",
    "report0lsr" => "1226549059",
    "report0sequencenumbercycles" => "0",
    "report0sourcessrc" => "0x2008b2b9",
    "reportcount" => "1",
    "rtt" => "0.0001",
    "ssrc" => "0x2008b2b9",
    "to" => "192.168.0.16:14625",
    "uniqueid" => "1745144457.367"
  },
  variables: %{}
}
[2025-04-20 10:21:18.001380Z] %ElixirAmi.Event{
  event: "varset",
  source: :asterisk_connection,
  action_id: nil,
  keys: %{
    "accountcode" => "",
    "calleridname" => "102",
    "calleridnum" => "102",
    "channel" => "PJSIP/102-000000e1",
    "channelstate" => "6",
    "channelstatedesc" => "Up",
    "connectedlinename" => "IVAN",
    "connectedlinenum" => "101",
    "context" => "org_all",
    "exten" => "",
    "language" => "en",
    "linkedid" => "1745144456.366",
    "priority" => "1",
    "privilege" => "dialplan,all",
    "uniqueid" => "1745144457.367",
    "value" => "ssrc=537440953;themssrc=1608189916;lp=0;rxjitter=0.000750;rxcount=368;txjitter=0.000750;txcount=367;rlp=0;rtt=0.000106;rxmes=85.365341;txmes=85.367289",
    "variable" => "RTPAUDIOQOS"
  },
  variables: %{}
}
[2025-04-20 10:21:18.001867Z] %ElixirAmi.Event{
  event: "varset",
  source: :asterisk_connection,
  action_id: nil,
  keys: %{
    "accountcode" => "",
    "calleridname" => "IVAN",
    "calleridnum" => "101",
    "channel" => "PJSIP/101-000000e0",
    "channelstate" => "6",
    "channelstatedesc" => "Up",
    "connectedlinename" => "102",
    "connectedlinenum" => "102",
    "context" => "org_all",
    "exten" => "102",
    "language" => "en",
    "linkedid" => "1745144456.366",
    "priority" => "2",
    "privilege" => "dialplan,all",
    "uniqueid" => "1745144456.366",
    "value" => "ssrc=537440953;themssrc=1608189916;lp=0;rxjitter=0.000750;rxcount=368;txjitter=0.000750;txcount=367;rlp=0;rtt=0.000106;rxmes=85.365341;txmes=85.367289",
    "variable" => "RTPAUDIOQOSBRIDGED"
  },
  variables: %{}
}
[2025-04-20 10:21:18.002120Z] %ElixirAmi.Event{
  event: "varset",
  source: :asterisk_connection,
  action_id: nil,
  keys: %{
    "accountcode" => "",
    "calleridname" => "102",
    "calleridnum" => "102",
    "channel" => "PJSIP/102-000000e1",
    "channelstate" => "6",
    "channelstatedesc" => "Up",
    "connectedlinename" => "IVAN",
    "connectedlinenum" => "101",
    "context" => "org_all",
    "exten" => "",
    "language" => "en",
    "linkedid" => "1745144456.366",
    "priority" => "1",
    "privilege" => "dialplan,all",
    "uniqueid" => "1745144457.367",
    "value" => "minrxjitter=000.000000;maxrxjitter=000.000750;avgrxjitter=000.000649;stdevrxjitter=000.000121;mintxjitter=000.000000;maxtxjitter=000.000750;avgtxjitter=000.000375;stdevtxjitter=000.000375;",
    "variable" => "RTPAUDIOQOSJITTER"
  },
  variables: %{}
}
[2025-04-20 10:21:18.002289Z] %ElixirAmi.Event{
  event: "varset",
  source: :asterisk_connection,
  action_id: nil,
  keys: %{
    "accountcode" => "",
    "calleridname" => "IVAN",
    "calleridnum" => "101",
    "channel" => "PJSIP/101-000000e0",
    "channelstate" => "6",
    "channelstatedesc" => "Up",
    "connectedlinename" => "102",
    "connectedlinenum" => "102",
    "context" => "org_all",
    "exten" => "102",
    "language" => "en",
    "linkedid" => "1745144456.366",
    "priority" => "2",
    "privilege" => "dialplan,all",
    "uniqueid" => "1745144456.366",
    "value" => "minrxjitter=000.000000;maxrxjitter=000.000750;avgrxjitter=000.000649;stdevrxjitter=000.000121;mintxjitter=000.000000;maxtxjitter=000.000750;avgtxjitter=000.000375;stdevtxjitter=000.000375;",
    "variable" => "RTPAUDIOQOSJITTERBRIDGED"
  },
  variables: %{}
}
[2025-04-20 10:21:18.002468Z] %ElixirAmi.Event{
  event: "varset",
  source: :asterisk_connection,
  action_id: nil,
  keys: %{
    "accountcode" => "",
    "calleridname" => "102",
    "calleridnum" => "102",
    "channel" => "PJSIP/102-000000e1",
    "channelstate" => "6",
    "channelstatedesc" => "Up",
    "connectedlinename" => "IVAN",
    "connectedlinenum" => "101",
    "context" => "org_all",
    "exten" => "",
    "language" => "en",
    "linkedid" => "1745144456.366",
    "priority" => "1",
    "privilege" => "dialplan,all",
    "uniqueid" => "1745144457.367",
    "value" => "minrxlost=000.000000;  maxrxlost=000.000000;  avgrxlost=000.000000;  stdevrxlost=000.000000;  mintxlost=000.000000;  maxtxlost=000.000000;  avgtxlost=000.000000;  stdevtxlost=000.000000;",
    "variable" => "RTPAUDIOQOSLOSS"
  },
  variables: %{}
}
[2025-04-20 10:21:18.002659Z] %ElixirAmi.Event{
  event: "varset",
  source: :asterisk_connection,
  action_id: nil,
  keys: %{
    "accountcode" => "",
    "calleridname" => "IVAN",
    "calleridnum" => "101",
    "channel" => "PJSIP/101-000000e0",
    "channelstate" => "6",
    "channelstatedesc" => "Up",
    "connectedlinename" => "102",
    "connectedlinenum" => "102",
    "context" => "org_all",
    "exten" => "102",
    "language" => "en",
    "linkedid" => "1745144456.366",
    "priority" => "2",
    "privilege" => "dialplan,all",
    "uniqueid" => "1745144456.366",
    "value" => "minrxlost=000.000000;  maxrxlost=000.000000;  avgrxlost=000.000000;  stdevrxlost=000.000000;  mintxlost=000.000000;  maxtxlost=000.000000;  avgtxlost=000.000000;  stdevtxlost=000.000000;",
    "variable" => "RTPAUDIOQOSLOSSBRIDGED"
  },
  variables: %{}
}
[2025-04-20 10:21:18.002817Z] %ElixirAmi.Event{
  event: "varset",
  source: :asterisk_connection,
  action_id: nil,
  keys: %{
    "accountcode" => "",
    "calleridname" => "102",
    "calleridnum" => "102",
    "channel" => "PJSIP/102-000000e1",
    "channelstate" => "6",
    "channelstatedesc" => "Up",
    "connectedlinename" => "IVAN",
    "connectedlinenum" => "101",
    "context" => "org_all",
    "exten" => "",
    "language" => "en",
    "linkedid" => "1745144456.366",
    "priority" => "1",
    "privilege" => "dialplan,all",
    "uniqueid" => "1745144457.367",
    "value" => "minrtt=000.000106;     maxrtt=000.000137;     avgrtt=000.000116;     stdevrtt=000.000015;",
    "variable" => "RTPAUDIOQOSRTT"
  },
  variables: %{}
}
[2025-04-20 10:21:18.003046Z] %ElixirAmi.Event{
  event: "varset",
  source: :asterisk_connection,
  action_id: nil,
  keys: %{
    "accountcode" => "",
    "calleridname" => "IVAN",
    "calleridnum" => "101",
    "channel" => "PJSIP/101-000000e0",
    "channelstate" => "6",
    "channelstatedesc" => "Up",
    "connectedlinename" => "102",
    "connectedlinenum" => "102",
    "context" => "org_all",
    "exten" => "102",
    "language" => "en",
    "linkedid" => "1745144456.366",
    "priority" => "2",
    "privilege" => "dialplan,all",
    "uniqueid" => "1745144456.366",
    "value" => "minrtt=000.000106;     maxrtt=000.000137;     avgrtt=000.000116;     stdevrtt=000.000015;",
    "variable" => "RTPAUDIOQOSRTTBRIDGED"
  },
  variables: %{}
}
[2025-04-20 10:21:18.003229Z] %ElixirAmi.Event{
  event: "varset",
  source: :asterisk_connection,
  action_id: nil,
  keys: %{
    "accountcode" => "",
    "calleridname" => "102",
    "calleridnum" => "102",
    "channel" => "PJSIP/102-000000e1",
    "channelstate" => "6",
    "channelstatedesc" => "Up",
    "connectedlinename" => "IVAN",
    "connectedlinenum" => "101",
    "context" => "org_all",
    "exten" => "",
    "language" => "en",
    "linkedid" => "1745144456.366",
    "priority" => "1",
    "privilege" => "dialplan,all",
    "uniqueid" => "1745144457.367",
    "value" => "minrxmes=085.367289;   maxrxmes=085.367289;   avgrxmes=085.367289;   stdevrxmes=000.000121;   mintxmes=085.364996;   maxtxmes=085.367289;   avgtxmes=085.366243;   stdevtxmes=000.001051;",
    "variable" => "RTPAUDIOQOSMES"
  },
  variables: %{}
}
[2025-04-20 10:21:18.003397Z] %ElixirAmi.Event{
  event: "varset",
  source: :asterisk_connection,
  action_id: nil,
  keys: %{
    "accountcode" => "",
    "calleridname" => "IVAN",
    "calleridnum" => "101",
    "channel" => "PJSIP/101-000000e0",
    "channelstate" => "6",
    "channelstatedesc" => "Up",
    "connectedlinename" => "102",
    "connectedlinenum" => "102",
    "context" => "org_all",
    "exten" => "102",
    "language" => "en",
    "linkedid" => "1745144456.366",
    "priority" => "2",
    "privilege" => "dialplan,all",
    "uniqueid" => "1745144456.366",
    "value" => "minrxmes=085.367289;   maxrxmes=085.367289;   avgrxmes=085.367289;   stdevrxmes=000.000121;   mintxmes=085.364996;   maxtxmes=085.367289;   avgtxmes=085.366243;   stdevtxmes=000.001051;",
    "variable" => "RTPAUDIOQOSMESBRIDGED"
  },
  variables: %{}
}
[2025-04-20 10:21:18.003593Z] %ElixirAmi.Event{
  event: "hanguprequest",
  source: :asterisk_connection,
  action_id: nil,
  keys: %{
    "accountcode" => "",
    "calleridname" => "102",
    "calleridnum" => "102",
    "channel" => "PJSIP/102-000000e1",
    "channelstate" => "6",
    "channelstatedesc" => "Up",
    "connectedlinename" => "IVAN",
    "connectedlinenum" => "101",
    "context" => "org_all",
    "exten" => "",
    "language" => "en",
    "linkedid" => "1745144456.366",
    "priority" => "1",
    "privilege" => "call,all",
    "uniqueid" => "1745144457.367"
  },
  variables: %{}
}
[2025-04-20 10:21:18.003872Z] %ElixirAmi.Event{
  event: "varset",
  source: :asterisk_connection,
  action_id: nil,
  keys: %{
    "accountcode" => "",
    "calleridname" => "102",
    "calleridnum" => "102",
    "channel" => "PJSIP/102-000000e1",
    "channelstate" => "6",
    "channelstatedesc" => "Up",
    "connectedlinename" => "IVAN",
    "connectedlinenum" => "101",
    "context" => "org_all",
    "exten" => "",
    "language" => "en",
    "linkedid" => "1745144456.366",
    "priority" => "1",
    "privilege" => "dialplan,all",
    "uniqueid" => "1745144457.367",
    "value" => "",
    "variable" => "BRIDGEPEER"
  },
  variables: %{}
}
[2025-04-20 10:21:18.004008Z] %ElixirAmi.Event{
  event: "varset",
  source: :asterisk_connection,
  action_id: nil,
  keys: %{
    "accountcode" => "",
    "calleridname" => "102",
    "calleridnum" => "102",
    "channel" => "PJSIP/102-000000e1",
    "channelstate" => "6",
    "channelstatedesc" => "Up",
    "connectedlinename" => "IVAN",
    "connectedlinenum" => "101",
    "context" => "org_all",
    "exten" => "",
    "language" => "en",
    "linkedid" => "1745144456.366",
    "priority" => "1",
    "privilege" => "dialplan,all",
    "uniqueid" => "1745144457.367",
    "value" => "",
    "variable" => "BRIDGEPVTCALLID"
  },
  variables: %{}
}
[2025-04-20 10:21:18.004265Z] %ElixirAmi.Event{
  event: "varset",
  source: :asterisk_connection,
  action_id: nil,
  keys: %{
    "accountcode" => "",
    "calleridname" => "IVAN",
    "calleridnum" => "101",
    "channel" => "PJSIP/101-000000e0",
    "channelstate" => "6",
    "channelstatedesc" => "Up",
    "connectedlinename" => "102",
    "connectedlinenum" => "102",
    "context" => "org_all",
    "exten" => "102",
    "language" => "en",
    "linkedid" => "1745144456.366",
    "priority" => "2",
    "privilege" => "dialplan,all",
    "uniqueid" => "1745144456.366",
    "value" => "",
    "variable" => "BRIDGEPEER"
  },
  variables: %{}
}
[2025-04-20 10:21:18.004416Z] %ElixirAmi.Event{
  event: "varset",
  source: :asterisk_connection,
  action_id: nil,
  keys: %{
    "accountcode" => "",
    "calleridname" => "IVAN",
    "calleridnum" => "101",
    "channel" => "PJSIP/101-000000e0",
    "channelstate" => "6",
    "channelstatedesc" => "Up",
    "connectedlinename" => "102",
    "connectedlinenum" => "102",
    "context" => "org_all",
    "exten" => "102",
    "language" => "en",
    "linkedid" => "1745144456.366",
    "priority" => "2",
    "privilege" => "dialplan,all",
    "uniqueid" => "1745144456.366",
    "value" => "",
    "variable" => "BRIDGEPVTCALLID"
  },
  variables: %{}
}
[2025-04-20 10:21:18.004593Z] %ElixirAmi.Event{
  event: "bridgeleave",
  source: :asterisk_connection,
  action_id: nil,
  keys: %{
    "accountcode" => "",
    "bridgecreator" => "<unknown>",
    "bridgename" => "<unknown>",
    "bridgenumchannels" => "1",
    "bridgetechnology" => "simple_bridge",
    "bridgetype" => "basic",
    "bridgeuniqueid" => "3aa1a084-fe0d-456d-8e6a-3b19c553cdcb",
    "bridgevideosourcemode" => "none",
    "calleridname" => "102",
    "calleridnum" => "102",
    "channel" => "PJSIP/102-000000e1",
    "channelstate" => "6",
    "channelstatedesc" => "Up",
    "connectedlinename" => "IVAN",
    "connectedlinenum" => "101",
    "context" => "org_all",
    "exten" => "",
    "language" => "en",
    "linkedid" => "1745144456.366",
    "priority" => "1",
    "privilege" => "call,all",
    "uniqueid" => "1745144457.367"
  },
  variables: %{}
}
[2025-04-20 10:21:18.004933Z] %ElixirAmi.Event{
  event: "bridgeleave",
  source: :asterisk_connection,
  action_id: nil,
  keys: %{
    "accountcode" => "",
    "bridgecreator" => "<unknown>",
    "bridgename" => "<unknown>",
    "bridgenumchannels" => "0",
    "bridgetechnology" => "simple_bridge",
    "bridgetype" => "basic",
    "bridgeuniqueid" => "3aa1a084-fe0d-456d-8e6a-3b19c553cdcb",
    "bridgevideosourcemode" => "none",
    "calleridname" => "IVAN",
    "calleridnum" => "101",
    "channel" => "PJSIP/101-000000e0",
    "channelstate" => "6",
    "channelstatedesc" => "Up",
    "connectedlinename" => "102",
    "connectedlinenum" => "102",
    "context" => "org_all",
    "exten" => "102",
    "language" => "en",
    "linkedid" => "1745144456.366",
    "priority" => "2",
    "privilege" => "call,all",
    "uniqueid" => "1745144456.366"
  },
  variables: %{}
}
[2025-04-20 10:21:18.005097Z] %ElixirAmi.Event{
  event: "varset",
  source: :asterisk_connection,
  action_id: nil,
  keys: %{
    "accountcode" => "",
    "calleridname" => "IVAN",
    "calleridnum" => "101",
    "channel" => "PJSIP/101-000000e0",
    "channelstate" => "6",
    "channelstatedesc" => "Up",
    "connectedlinename" => "102",
    "connectedlinenum" => "102",
    "context" => "org_all",
    "exten" => "102",
    "language" => "en",
    "linkedid" => "1745144456.366",
    "priority" => "2",
    "privilege" => "dialplan,all",
    "uniqueid" => "1745144456.366",
    "value" => "20",
    "variable" => "ANSWEREDTIME"
  },
  variables: %{}
}
[2025-04-20 10:21:18.005349Z] %ElixirAmi.Event{
  event: "varset",
  source: :asterisk_connection,
  action_id: nil,
  keys: %{
    "accountcode" => "",
    "calleridname" => "IVAN",
    "calleridnum" => "101",
    "channel" => "PJSIP/101-000000e0",
    "channelstate" => "6",
    "channelstatedesc" => "Up",
    "connectedlinename" => "102",
    "connectedlinenum" => "102",
    "context" => "org_all",
    "exten" => "102",
    "language" => "en",
    "linkedid" => "1745144456.366",
    "priority" => "2",
    "privilege" => "dialplan,all",
    "uniqueid" => "1745144456.366",
    "value" => "20162",
    "variable" => "ANSWEREDTIME_MS"
  },
  variables: %{}
}
[2025-04-20 10:21:18.005688Z] %ElixirAmi.Event{
  event: "varset",
  source: :asterisk_connection,
  action_id: nil,
  keys: %{
    "accountcode" => "",
    "calleridname" => "IVAN",
    "calleridnum" => "101",
    "channel" => "PJSIP/101-000000e0",
    "channelstate" => "6",
    "channelstatedesc" => "Up",
    "connectedlinename" => "102",
    "connectedlinenum" => "102",
    "context" => "org_all",
    "exten" => "102",
    "language" => "en",
    "linkedid" => "1745144456.366",
    "priority" => "2",
    "privilege" => "dialplan,all",
    "uniqueid" => "1745144456.366",
    "value" => "21",
    "variable" => "DIALEDTIME"
  },
  variables: %{}
}
[2025-04-20 10:21:18.005860Z] %ElixirAmi.Event{
  event: "varset",
  source: :asterisk_connection,
  action_id: nil,
  keys: %{
    "accountcode" => "",
    "calleridname" => "IVAN",
    "calleridnum" => "101",
    "channel" => "PJSIP/101-000000e0",
    "channelstate" => "6",
    "channelstatedesc" => "Up",
    "connectedlinename" => "102",
    "connectedlinenum" => "102",
    "context" => "org_all",
    "exten" => "102",
    "language" => "en",
    "linkedid" => "1745144456.366",
    "priority" => "2",
    "privilege" => "dialplan,all",
    "uniqueid" => "1745144456.366",
    "value" => "21143",
    "variable" => "DIALEDTIME_MS"
  },
  variables: %{}
}
[2025-04-20 10:21:18.006054Z] %ElixirAmi.Event{
  event: "varset",
  source: :asterisk_connection,
  action_id: nil,
  keys: %{
    "accountcode" => "",
    "calleridname" => "IVAN",
    "calleridnum" => "101",
    "channel" => "PJSIP/101-000000e0",
    "channelstate" => "6",
    "channelstatedesc" => "Up",
    "connectedlinename" => "102",
    "connectedlinenum" => "102",
    "context" => "org_all",
    "exten" => "102",
    "language" => "en",
    "linkedid" => "1745144456.366",
    "priority" => "2",
    "privilege" => "dialplan,all",
    "uniqueid" => "1745144456.366",
    "value" => "ANSWER",
    "variable" => "DIALSTATUS"
  },
  variables: %{}
}
[2025-04-20 10:21:18.006293Z] %ElixirAmi.Event{
  event: "softhanguprequest",
  source: :asterisk_connection,
  action_id: nil,
  keys: %{
    "accountcode" => "",
    "calleridname" => "IVAN",
    "calleridnum" => "101",
    "cause" => "16",
    "channel" => "PJSIP/101-000000e0",
    "channelstate" => "6",
    "channelstatedesc" => "Up",
    "connectedlinename" => "102",
    "connectedlinenum" => "102",
    "context" => "org_all",
    "exten" => "102",
    "language" => "en",
    "linkedid" => "1745144456.366",
    "priority" => "2",
    "privilege" => "call,all",
    "uniqueid" => "1745144456.366"
  },
  variables: %{}
}
[2025-04-20 10:21:18.006457Z] %ElixirAmi.Event{
  event: "varset",
  source: :asterisk_connection,
  action_id: nil,
  keys: %{
    "accountcode" => "",
    "calleridname" => "102",
    "calleridnum" => "102",
    "channel" => "PJSIP/102-000000e1",
    "channelstate" => "6",
    "channelstatedesc" => "Up",
    "connectedlinename" => "IVAN",
    "connectedlinenum" => "101",
    "context" => "org_all",
    "exten" => "",
    "language" => "en",
    "linkedid" => "1745144456.366",
    "priority" => "1",
    "privilege" => "dialplan,all",
    "uniqueid" => "1745144457.367",
    "value" => "ssrc=537440953;themssrc=1608189916;lp=0;rxjitter=0.000750;rxcount=368;txjitter=0.000750;txcount=367;rlp=0;rtt=0.000106;rxmes=85.365341;txmes=85.367289",
    "variable" => "RTPAUDIOQOS"
  },
  variables: %{}
}
[2025-04-20 10:21:18.006754Z] %ElixirAmi.Event{
  event: "varset",
  source: :asterisk_connection,
  action_id: nil,
  keys: %{
    "accountcode" => "",
    "calleridname" => "IVAN",
    "calleridnum" => "101",
    "channel" => "PJSIP/101-000000e0",
    "channelstate" => "6",
    "channelstatedesc" => "Up",
    "connectedlinename" => "102",
    "connectedlinenum" => "102",
    "context" => "org_all",
    "exten" => "102",
    "language" => "en",
    "linkedid" => "1745144456.366",
    "priority" => "2",
    "privilege" => "dialplan,all",
    "uniqueid" => "1745144456.366",
    "value" => "ssrc=1892042961;themssrc=2137727260;lp=0;rxjitter=0.000750;rxcount=1008;txjitter=0.000750;txcount=1008;rlp=0;rtt=0.000167;rxmes=85.364744;txmes=85.364744",
    "variable" => "RTPAUDIOQOS"
  },
  variables: %{}
}
[2025-04-20 10:21:18.006926Z] %ElixirAmi.Event{
  event: "varset",
  source: :asterisk_connection,
  action_id: nil,
  keys: %{
    "accountcode" => "",
    "calleridname" => "102",
    "calleridnum" => "102",
    "channel" => "PJSIP/102-000000e1",
    "channelstate" => "6",
    "channelstatedesc" => "Up",
    "connectedlinename" => "IVAN",
    "connectedlinenum" => "101",
    "context" => "org_all",
    "exten" => "",
    "language" => "en",
    "linkedid" => "1745144456.366",
    "priority" => "1",
    "privilege" => "dialplan,all",
    "uniqueid" => "1745144457.367",
    "value" => "minrxjitter=000.000000;maxrxjitter=000.000750;avgrxjitter=000.000649;stdevrxjitter=000.000121;mintxjitter=000.000000;maxtxjitter=000.000750;avgtxjitter=000.000375;stdevtxjitter=000.000375;",
    "variable" => "RTPAUDIOQOSJITTER"
  },
  variables: %{}
}
[2025-04-20 10:21:18.007226Z] %ElixirAmi.Event{
  event: "varset",
  source: :asterisk_connection,
  action_id: nil,
  keys: %{
    "accountcode" => "",
    "calleridname" => "102",
    "calleridnum" => "102",
    "channel" => "PJSIP/102-000000e1",
    "channelstate" => "6",
    "channelstatedesc" => "Up",
    "connectedlinename" => "IVAN",
    "connectedlinenum" => "101",
    "context" => "org_all",
    "exten" => "",
    "language" => "en",
    "linkedid" => "1745144456.366",
    "priority" => "1",
    "privilege" => "dialplan,all",
    "uniqueid" => "1745144457.367",
    "value" => "minrxlost=000.000000;  maxrxlost=000.000000;  avgrxlost=000.000000;  stdevrxlost=000.000000;  mintxlost=000.000000;  maxtxlost=000.000000;  avgtxlost=000.000000;  stdevtxlost=000.000000;",
    "variable" => "RTPAUDIOQOSLOSS"
  },
  variables: %{}
}
[2025-04-20 10:21:18.007557Z] %ElixirAmi.Event{
  event: "varset",
  source: :asterisk_connection,
  action_id: nil,
  keys: %{
    "accountcode" => "",
    "calleridname" => "IVAN",
    "calleridnum" => "101",
    "channel" => "PJSIP/101-000000e0",
    "channelstate" => "6",
    "channelstatedesc" => "Up",
    "connectedlinename" => "102",
    "connectedlinenum" => "102",
    "context" => "org_all",
    "exten" => "102",
    "language" => "en",
    "linkedid" => "1745144456.366",
    "priority" => "2",
    "privilege" => "dialplan,all",
    "uniqueid" => "1745144456.366",
    "value" => "minrxjitter=000.000125;maxrxjitter=000.001500;avgrxjitter=000.000792;stdevrxjitter=000.000115;mintxjitter=000.000000;maxtxjitter=000.028500;avgtxjitter=000.004232;stdevtxjitter=000.009911;",
    "variable" => "RTPAUDIOQOSJITTER"
  },
  variables: %{}
}
[2025-04-20 10:21:18.007743Z] %ElixirAmi.Event{
  event: "varset",
  source: :asterisk_connection,
  action_id: nil,
  keys: %{
    "accountcode" => "",
    "calleridname" => "102",
    "calleridnum" => "102",
    "channel" => "PJSIP/102-000000e1",
    "channelstate" => "6",
    "channelstatedesc" => "Up",
    "connectedlinename" => "IVAN",
    "connectedlinenum" => "101",
    "context" => "org_all",
    "exten" => "",
    "language" => "en",
    "linkedid" => "1745144456.366",
    "priority" => "1",
    "privilege" => "dialplan,all",
    "uniqueid" => "1745144457.367",
    "value" => "minrtt=000.000106;     maxrtt=000.000137;     avgrtt=000.000116;     stdevrtt=000.000015;",
    "variable" => "RTPAUDIOQOSRTT"
  },
  variables: %{}
}
[2025-04-20 10:21:18.007920Z] %ElixirAmi.Event{
  event: "varset",
  source: :asterisk_connection,
  action_id: nil,
  keys: %{
    "accountcode" => "",
    "calleridname" => "IVAN",
    "calleridnum" => "101",
    "channel" => "PJSIP/101-000000e0",
    "channelstate" => "6",
    "channelstatedesc" => "Up",
    "connectedlinename" => "102",
    "connectedlinenum" => "102",
    "context" => "org_all",
    "exten" => "102",
    "language" => "en",
    "linkedid" => "1745144456.366",
    "priority" => "2",
    "privilege" => "dialplan,all",
    "uniqueid" => "1745144456.366",
    "value" => "minrxlost=000.000000;  maxrxlost=000.000000;  avgrxlost=000.000000;  stdevrxlost=000.000000;  mintxlost=000.000000;  maxtxlost=000.000000;  avgtxlost=000.000000;  stdevtxlost=000.000000;",
    "variable" => "RTPAUDIOQOSLOSS"
  },
  variables: %{}
}
[2025-04-20 10:21:18.008234Z] %ElixirAmi.Event{
  event: "varset",
  source: :asterisk_connection,
  action_id: nil,
  keys: %{
    "accountcode" => "",
    "calleridname" => "102",
    "calleridnum" => "102",
    "channel" => "PJSIP/102-000000e1",
    "channelstate" => "6",
    "channelstatedesc" => "Up",
    "connectedlinename" => "IVAN",
    "connectedlinenum" => "101",
    "context" => "org_all",
    "exten" => "",
    "language" => "en",
    "linkedid" => "1745144456.366",
    "priority" => "1",
    "privilege" => "dialplan,all",
    "uniqueid" => "1745144457.367",
    "value" => "minrxmes=085.367289;   maxrxmes=085.367289;   avgrxmes=085.367289;   stdevrxmes=000.000121;   mintxmes=085.364996;   maxtxmes=085.367289;   avgtxmes=085.366243;   stdevtxmes=000.001051;",
    "variable" => "RTPAUDIOQOSMES"
  },
  variables: %{}
}
[2025-04-20 10:21:18.008646Z] %ElixirAmi.Event{
  event: "varset",
  source: :asterisk_connection,
  action_id: nil,
  keys: %{
    "accountcode" => "",
    "calleridname" => "IVAN",
    "calleridnum" => "101",
    "channel" => "PJSIP/101-000000e0",
    "channelstate" => "6",
    "channelstatedesc" => "Up",
    "connectedlinename" => "102",
    "connectedlinenum" => "102",
    "context" => "org_all",
    "exten" => "102",
    "language" => "en",
    "linkedid" => "1745144456.366",
    "priority" => "2",
    "privilege" => "dialplan,all",
    "uniqueid" => "1745144456.366",
    "value" => "minrtt=000.000137;     maxrtt=000.000167;     avgrtt=000.000152;     stdevrtt=000.000012;",
    "variable" => "RTPAUDIOQOSRTT"
  },
  variables: %{}
}
[2025-04-20 10:21:18.008939Z] %ElixirAmi.Event{
  event: "varset",
  source: :asterisk_connection,
  action_id: nil,
  keys: %{
    "accountcode" => "",
    "calleridname" => "IVAN",
    "calleridnum" => "101",
    "channel" => "PJSIP/101-000000e0",
    "channelstate" => "6",
    "channelstatedesc" => "Up",
    "connectedlinename" => "102",
    "connectedlinenum" => "102",
    "context" => "org_all",
    "exten" => "102",
    "language" => "en",
    "linkedid" => "1745144456.366",
    "priority" => "2",
    "privilege" => "dialplan,all",
    "uniqueid" => "1745144456.366",
    "value" => "minrxmes=085.364744;   maxrxmes=085.367289;   avgrxmes=085.365412;   stdevrxmes=000.000115;   mintxmes=085.364744;   maxtxmes=085.367289;   avgtxmes=085.366216;   stdevtxmes=000.001240;",
    "variable" => "RTPAUDIOQOSMES"
  },
  variables: %{}
}
[2025-04-20 10:21:18.009314Z] %ElixirAmi.Event{
  event: "hangup",
  source: :asterisk_connection,
  action_id: nil,
  keys: %{
    "accountcode" => "",
    "calleridname" => "102",
    "calleridnum" => "102",
    "cause" => "16",
    "cause-txt" => "Normal Clearing",
    "channel" => "PJSIP/102-000000e1",
    "channelstate" => "6",
    "channelstatedesc" => "Up",
    "connectedlinename" => "IVAN",
    "connectedlinenum" => "101",
    "context" => "org_all",
    "exten" => "",
    "language" => "en",
    "linkedid" => "1745144456.366",
    "priority" => "1",
    "privilege" => "call,all",
    "uniqueid" => "1745144457.367"
  },
  variables: %{}
}
[2025-04-20 10:21:18.009704Z] %ElixirAmi.Event{
  event: "hangup",
  source: :asterisk_connection,
  action_id: nil,
  keys: %{
    "accountcode" => "",
    "calleridname" => "IVAN",
    "calleridnum" => "101",
    "cause" => "16",
    "cause-txt" => "Normal Clearing",
    "channel" => "PJSIP/101-000000e0",
    "channelstate" => "6",
    "channelstatedesc" => "Up",
    "connectedlinename" => "102",
    "connectedlinenum" => "102",
    "context" => "org_all",
    "exten" => "102",
    "language" => "en",
    "linkedid" => "1745144456.366",
    "priority" => "2",
    "privilege" => "call,all",
    "uniqueid" => "1745144456.366"
  },
  variables: %{}
}
