[2025-04-20 10:19:07.991157Z] %ElixirAmi.Event{
  event: "newchannel",
  source: :asterisk_connection,
  action_id: nil,
  keys: %{
    "accountcode" => "",
    "calleridname" => "101",
    "calleridnum" => "101",
    "channel" => "PJSIP/101-000000dc",
    "channelstate" => "0",
    "channelstatedesc" => "Down",
    "connectedlinename" => "<unknown>",
    "connectedlinenum" => "<unknown>",
    "context" => "org_all",
    "exten" => "s",
    "language" => "en",
    "linkedid" => "1745144345.360",
    "priority" => "1",
    "privilege" => "call,all",
    "uniqueid" => "1745144345.360"
  },
  variables: %{}
}
[2025-04-20 10:19:07.991540Z] %ElixirAmi.Event{
  event: "newexten",
  source: :asterisk_connection,
  action_id: nil,
  keys: %{
    "accountcode" => "",
    "appdata" => "(Outgoing Line)",
    "application" => "AppDial2",
    "calleridname" => "101",
    "calleridnum" => "101",
    "channel" => "PJSIP/101-000000dc",
    "channelstate" => "0",
    "channelstatedesc" => "Down",
    "connectedlinename" => "<unknown>",
    "connectedlinenum" => "<unknown>",
    "context" => "org_all",
    "exten" => "s",
    "extension" => "s",
    "language" => "en",
    "linkedid" => "1745144345.360",
    "priority" => "1",
    "privilege" => "dialplan,all",
    "uniqueid" => "1745144345.360"
  },
  variables: %{}
}
[2025-04-20 10:19:07.991829Z] %ElixirAmi.Event{
  event: "newcallerid",
  source: :asterisk_connection,
  action_id: nil,
  keys: %{
    "accountcode" => "",
    "calleridname" => "IVAN",
    "calleridnum" => "101",
    "channel" => "PJSIP/101-000000dc",
    "channelstate" => "0",
    "channelstatedesc" => "Down",
    "cid-callingpres" => "0 (Presentation Allowed, Not Screened)",
    "connectedlinename" => "<unknown>",
    "connectedlinenum" => "<unknown>",
    "context" => "org_all",
    "exten" => "s",
    "language" => "en",
    "linkedid" => "1745144345.360",
    "priority" => "1",
    "privilege" => "call,all",
    "uniqueid" => "1745144345.360"
  },
  variables: %{}
}
[2025-04-20 10:19:07.992102Z] %ElixirAmi.Event{
  event: "newconnectedline",
  source: :asterisk_connection,
  action_id: nil,
  keys: %{
    "accountcode" => "",
    "calleridname" => "IVAN",
    "calleridnum" => "101",
    "channel" => "PJSIP/101-000000dc",
    "channelstate" => "0",
    "channelstatedesc" => "Down",
    "connectedlinename" => "IVAN",
    "connectedlinenum" => "101",
    "context" => "org_all",
    "exten" => "s",
    "language" => "en",
    "linkedid" => "1745144345.360",
    "priority" => "1",
    "privilege" => "call,all",
    "uniqueid" => "1745144345.360"
  },
  variables: %{}
}
[2025-04-20 10:19:07.992643Z] %ElixirAmi.Event{
  event: "newstate",
  source: :asterisk_connection,
  action_id: nil,
  keys: %{
    "accountcode" => "",
    "calleridname" => "IVAN",
    "calleridnum" => "101",
    "channel" => "PJSIP/101-000000dc",
    "channelstate" => "5",
    "channelstatedesc" => "Ringing",
    "connectedlinename" => "IVAN",
    "connectedlinenum" => "101",
    "context" => "org_all",
    "exten" => "s",
    "language" => "en",
    "linkedid" => "1745144345.360",
    "priority" => "1",
    "privilege" => "call,all",
    "uniqueid" => "1745144345.360"
  },
  variables: %{}
}
[2025-04-20 10:19:07.993523Z] %ElixirAmi.Event{
  event: "rtcpreceived",
  source: :asterisk_connection,
  action_id: nil,
  keys: %{
    "accountcode" => "",
    "calleridname" => "IVAN",
    "calleridnum" => "101",
    "channel" => "PJSIP/101-000000dc",
    "channelstate" => "5",
    "channelstatedesc" => "Ringing",
    "connectedlinename" => "IVAN",
    "connectedlinenum" => "101",
    "context" => "org_all",
    "exten" => "s",
    "from" => "192.168.0.16:4177",
    "language" => "en",
    "linkedid" => "1745144345.360",
    "mes" => "85.4",
    "priority" => "1",
    "privilege" => "reporting,all",
    "pt" => "201(RR)",
    "report0cumulativelost" => "0",
    "report0dlsr" => "0.0000",
    "report0fractionlost" => "0",
    "report0highestsequence" => "0",
    "report0iajitter" => "0",
    "report0lsr" => "0",
    "report0sequencenumbercycles" => "0",
    "report0sourcessrc" => "0x00000000",
    "reportcount" => "1",
    "rtt" => "0.0000",
    "ssrc" => "0x00000000",
    "to" => "192.168.0.16:16699",
    "uniqueid" => "1745144345.360"
  },
  variables: %{}
}
[2025-04-20 10:19:07.993908Z] %ElixirAmi.Event{
  event: "rtcpreceived",
  source: :asterisk_connection,
  action_id: nil,
  keys: %{
    "accountcode" => "",
    "calleridname" => "IVAN",
    "calleridnum" => "101",
    "channel" => "PJSIP/101-000000dc",
    "channelstate" => "5",
    "channelstatedesc" => "Ringing",
    "connectedlinename" => "IVAN",
    "connectedlinenum" => "101",
    "context" => "org_all",
    "exten" => "s",
    "from" => "192.168.0.16:4177",
    "language" => "en",
    "linkedid" => "1745144345.360",
    "mes" => "85.4",
    "priority" => "1",
    "privilege" => "reporting,all",
    "pt" => "201(RR)",
    "report0cumulativelost" => "0",
    "report0dlsr" => "0.0000",
    "report0fractionlost" => "0",
    "report0highestsequence" => "0",
    "report0iajitter" => "0",
    "report0lsr" => "0",
    "report0sequencenumbercycles" => "0",
    "report0sourcessrc" => "0x00000000",
    "reportcount" => "1",
    "rtt" => "0.0000",
    "ssrc" => "0x00000000",
    "to" => "192.168.0.16:16699",
    "uniqueid" => "1745144345.360"
  },
  variables: %{}
}
[2025-04-20 10:19:07.994091Z] %ElixirAmi.Event{
  event: "newstate",
  source: :asterisk_connection,
  action_id: nil,
  keys: %{
    "accountcode" => "",
    "calleridname" => "IVAN",
    "calleridnum" => "101",
    "channel" => "PJSIP/101-000000dc",
    "channelstate" => "6",
    "channelstatedesc" => "Up",
    "connectedlinename" => "IVAN",
    "connectedlinenum" => "101",
    "context" => "org_all",
    "exten" => "s",
    "language" => "en",
    "linkedid" => "1745144345.360",
    "priority" => "1",
    "privilege" => "call,all",
    "uniqueid" => "1745144345.360"
  },
  variables: %{}
}
[2025-04-20 10:19:07.994702Z] %ElixirAmi.Event{
  event: "newexten",
  source: :asterisk_connection,
  action_id: nil,
  keys: %{
    "accountcode" => "",
    "appdata" => "",
    "application" => "NoOp",
    "calleridname" => "IVAN",
    "calleridnum" => "101",
    "channel" => "PJSIP/101-000000dc",
    "channelstate" => "6",
    "channelstatedesc" => "Up",
    "connectedlinename" => "IVAN",
    "connectedlinenum" => "101",
    "context" => "org_all",
    "exten" => "102",
    "extension" => "102",
    "language" => "en",
    "linkedid" => "1745144345.360",
    "priority" => "1",
    "privilege" => "dialplan,all",
    "uniqueid" => "1745144345.360"
  },
  variables: %{}
}
[2025-04-20 10:19:07.994912Z] %ElixirAmi.Event{
  event: "newexten",
  source: :asterisk_connection,
  action_id: nil,
  keys: %{
    "accountcode" => "",
    "appdata" => "PJSIP/102,20,",
    "application" => "Dial",
    "calleridname" => "IVAN",
    "calleridnum" => "101",
    "channel" => "PJSIP/101-000000dc",
    "channelstate" => "6",
    "channelstatedesc" => "Up",
    "connectedlinename" => "IVAN",
    "connectedlinenum" => "101",
    "context" => "org_all",
    "exten" => "102",
    "extension" => "102",
    "language" => "en",
    "linkedid" => "1745144345.360",
    "priority" => "2",
    "privilege" => "dialplan,all",
    "uniqueid" => "1745144345.360"
  },
  variables: %{}
}
[2025-04-20 10:19:07.995093Z] %ElixirAmi.Event{
  event: "varset",
  source: :asterisk_connection,
  action_id: nil,
  keys: %{
    "accountcode" => "",
    "calleridname" => "IVAN",
    "calleridnum" => "101",
    "channel" => "PJSIP/101-000000dc",
    "channelstate" => "6",
    "channelstatedesc" => "Up",
    "connectedlinename" => "IVAN",
    "connectedlinenum" => "101",
    "context" => "org_all",
    "exten" => "102",
    "language" => "en",
    "linkedid" => "1745144345.360",
    "priority" => "2",
    "privilege" => "dialplan,all",
    "uniqueid" => "1745144345.360",
    "value" => "",
    "variable" => "DIALSTATUS"
  },
  variables: %{}
}
[2025-04-20 10:19:07.995243Z] %ElixirAmi.Event{
  event: "varset",
  source: :asterisk_connection,
  action_id: nil,
  keys: %{
    "accountcode" => "",
    "calleridname" => "IVAN",
    "calleridnum" => "101",
    "channel" => "PJSIP/101-000000dc",
    "channelstate" => "6",
    "channelstatedesc" => "Up",
    "connectedlinename" => "IVAN",
    "connectedlinenum" => "101",
    "context" => "org_all",
    "exten" => "102",
    "language" => "en",
    "linkedid" => "1745144345.360",
    "priority" => "2",
    "privilege" => "dialplan,all",
    "uniqueid" => "1745144345.360",
    "value" => "",
    "variable" => "DIALEDPEERNUMBER"
  },
  variables: %{}
}
[2025-04-20 10:19:07.995458Z] %ElixirAmi.Event{
  event: "varset",
  source: :asterisk_connection,
  action_id: nil,
  keys: %{
    "accountcode" => "",
    "calleridname" => "IVAN",
    "calleridnum" => "101",
    "channel" => "PJSIP/101-000000dc",
    "channelstate" => "6",
    "channelstatedesc" => "Up",
    "connectedlinename" => "IVAN",
    "connectedlinenum" => "101",
    "context" => "org_all",
    "exten" => "102",
    "language" => "en",
    "linkedid" => "1745144345.360",
    "priority" => "2",
    "privilege" => "dialplan,all",
    "uniqueid" => "1745144345.360",
    "value" => "",
    "variable" => "DIALEDPEERNAME"
  },
  variables: %{}
}
[2025-04-20 10:19:07.995602Z] %ElixirAmi.Event{
  event: "varset",
  source: :asterisk_connection,
  action_id: nil,
  keys: %{
    "accountcode" => "",
    "calleridname" => "IVAN",
    "calleridnum" => "101",
    "channel" => "PJSIP/101-000000dc",
    "channelstate" => "6",
    "channelstatedesc" => "Up",
    "connectedlinename" => "IVAN",
    "connectedlinenum" => "101",
    "context" => "org_all",
    "exten" => "102",
    "language" => "en",
    "linkedid" => "1745144345.360",
    "priority" => "2",
    "privilege" => "dialplan,all",
    "uniqueid" => "1745144345.360",
    "value" => "",
    "variable" => "ANSWEREDTIME"
  },
  variables: %{}
}
[2025-04-20 10:19:07.995809Z] %ElixirAmi.Event{
  event: "varset",
  source: :asterisk_connection,
  action_id: nil,
  keys: %{
    "accountcode" => "",
    "calleridname" => "IVAN",
    "calleridnum" => "101",
    "channel" => "PJSIP/101-000000dc",
    "channelstate" => "6",
    "channelstatedesc" => "Up",
    "connectedlinename" => "IVAN",
    "connectedlinenum" => "101",
    "context" => "org_all",
    "exten" => "102",
    "language" => "en",
    "linkedid" => "1745144345.360",
    "priority" => "2",
    "privilege" => "dialplan,all",
    "uniqueid" => "1745144345.360",
    "value" => "",
    "variable" => "ANSWEREDTIME_MS"
  },
  variables: %{}
}
[2025-04-20 10:19:07.996075Z] %ElixirAmi.Event{
  event: "varset",
  source: :asterisk_connection,
  action_id: nil,
  keys: %{
    "accountcode" => "",
    "calleridname" => "IVAN",
    "calleridnum" => "101",
    "channel" => "PJSIP/101-000000dc",
    "channelstate" => "6",
    "channelstatedesc" => "Up",
    "connectedlinename" => "IVAN",
    "connectedlinenum" => "101",
    "context" => "org_all",
    "exten" => "102",
    "language" => "en",
    "linkedid" => "1745144345.360",
    "priority" => "2",
    "privilege" => "dialplan,all",
    "uniqueid" => "1745144345.360",
    "value" => "",
    "variable" => "DIALEDTIME"
  },
  variables: %{}
}
[2025-04-20 10:19:07.996283Z] %ElixirAmi.Event{
  event: "varset",
  source: :asterisk_connection,
  action_id: nil,
  keys: %{
    "accountcode" => "",
    "calleridname" => "IVAN",
    "calleridnum" => "101",
    "channel" => "PJSIP/101-000000dc",
    "channelstate" => "6",
    "channelstatedesc" => "Up",
    "connectedlinename" => "IVAN",
    "connectedlinenum" => "101",
    "context" => "org_all",
    "exten" => "102",
    "language" => "en",
    "linkedid" => "1745144345.360",
    "priority" => "2",
    "privilege" => "dialplan,all",
    "uniqueid" => "1745144345.360",
    "value" => "",
    "variable" => "DIALEDTIME_MS"
  },
  variables: %{}
}
[2025-04-20 10:19:07.996524Z] %ElixirAmi.Event{
  event: "varset",
  source: :asterisk_connection,
  action_id: nil,
  keys: %{
    "accountcode" => "",
    "calleridname" => "IVAN",
    "calleridnum" => "101",
    "channel" => "PJSIP/101-000000dc",
    "channelstate" => "6",
    "channelstatedesc" => "Up",
    "connectedlinename" => "IVAN",
    "connectedlinenum" => "101",
    "context" => "org_all",
    "exten" => "102",
    "language" => "en",
    "linkedid" => "1745144345.360",
    "priority" => "2",
    "privilege" => "dialplan,all",
    "uniqueid" => "1745144345.360",
    "value" => "",
    "variable" => "RINGTIME"
  },
  variables: %{}
}
[2025-04-20 10:19:07.996757Z] %ElixirAmi.Event{
  event: "varset",
  source: :asterisk_connection,
  action_id: nil,
  keys: %{
    "accountcode" => "",
    "calleridname" => "IVAN",
    "calleridnum" => "101",
    "channel" => "PJSIP/101-000000dc",
    "channelstate" => "6",
    "channelstatedesc" => "Up",
    "connectedlinename" => "IVAN",
    "connectedlinenum" => "101",
    "context" => "org_all",
    "exten" => "102",
    "language" => "en",
    "linkedid" => "1745144345.360",
    "priority" => "2",
    "privilege" => "dialplan,all",
    "uniqueid" => "1745144345.360",
    "value" => "",
    "variable" => "RINGTIME_MS"
  },
  variables: %{}
}
[2025-04-20 10:19:07.996996Z] %ElixirAmi.Event{
  event: "varset",
  source: :asterisk_connection,
  action_id: nil,
  keys: %{
    "accountcode" => "",
    "calleridname" => "IVAN",
    "calleridnum" => "101",
    "channel" => "PJSIP/101-000000dc",
    "channelstate" => "6",
    "channelstatedesc" => "Up",
    "connectedlinename" => "IVAN",
    "connectedlinenum" => "101",
    "context" => "org_all",
    "exten" => "102",
    "language" => "en",
    "linkedid" => "1745144345.360",
    "priority" => "2",
    "privilege" => "dialplan,all",
    "uniqueid" => "1745144345.360",
    "value" => "",
    "variable" => "PROGRESSTIME"
  },
  variables: %{}
}
[2025-04-20 10:19:07.997276Z] %ElixirAmi.Event{
  event: "varset",
  source: :asterisk_connection,
  action_id: nil,
  keys: %{
    "accountcode" => "",
    "calleridname" => "IVAN",
    "calleridnum" => "101",
    "channel" => "PJSIP/101-000000dc",
    "channelstate" => "6",
    "channelstatedesc" => "Up",
    "connectedlinename" => "IVAN",
    "connectedlinenum" => "101",
    "context" => "org_all",
    "exten" => "102",
    "language" => "en",
    "linkedid" => "1745144345.360",
    "priority" => "2",
    "privilege" => "dialplan,all",
    "uniqueid" => "1745144345.360",
    "value" => "",
    "variable" => "PROGRESSTIME_MS"
  },
  variables: %{}
}
[2025-04-20 10:19:07.997468Z] %ElixirAmi.Event{
  event: "newchannel",
  source: :asterisk_connection,
  action_id: nil,
  keys: %{
    "accountcode" => "",
    "calleridname" => "102",
    "calleridnum" => "102",
    "channel" => "PJSIP/102-000000dd",
    "channelstate" => "0",
    "channelstatedesc" => "Down",
    "connectedlinename" => "<unknown>",
    "connectedlinenum" => "<unknown>",
    "context" => "org_all",
    "exten" => "s",
    "language" => "en",
    "linkedid" => "1745144345.360",
    "priority" => "1",
    "privilege" => "call,all",
    "uniqueid" => "1745144347.361"
  },
  variables: %{}
}
[2025-04-20 10:19:07.997822Z] %ElixirAmi.Event{
  event: "varset",
  source: :asterisk_connection,
  action_id: nil,
  keys: %{
    "accountcode" => "",
    "calleridname" => "102",
    "calleridnum" => "102",
    "channel" => "PJSIP/102-000000dd",
    "channelstate" => "0",
    "channelstatedesc" => "Down",
    "connectedlinename" => "<unknown>",
    "connectedlinenum" => "<unknown>",
    "context" => "org_all",
    "exten" => "s",
    "language" => "en",
    "linkedid" => "1745144345.360",
    "priority" => "1",
    "privilege" => "dialplan,all",
    "uniqueid" => "1745144347.361",
    "value" => "102",
    "variable" => "DIALEDPEERNUMBER"
  },
  variables: %{}
}
[2025-04-20 10:19:07.998025Z] %ElixirAmi.Event{
  event: "newexten",
  source: :asterisk_connection,
  action_id: nil,
  keys: %{
    "accountcode" => "",
    "appdata" => "(Outgoing Line)",
    "application" => "AppDial",
    "calleridname" => "102",
    "calleridnum" => "102",
    "channel" => "PJSIP/102-000000dd",
    "channelstate" => "0",
    "channelstatedesc" => "Down",
    "connectedlinename" => "IVAN",
    "connectedlinenum" => "101",
    "context" => "org_all",
    "exten" => "102",
    "extension" => "102",
    "language" => "en",
    "linkedid" => "1745144345.360",
    "priority" => "1",
    "privilege" => "dialplan,all",
    "uniqueid" => "1745144347.361"
  },
  variables: %{}
}
[2025-04-20 10:19:07.998193Z] %ElixirAmi.Event{
  event: "newconnectedline",
  source: :asterisk_connection,
  action_id: nil,
  keys: %{
    "accountcode" => "",
    "calleridname" => "102",
    "calleridnum" => "102",
    "channel" => "PJSIP/102-000000dd",
    "channelstate" => "0",
    "channelstatedesc" => "Down",
    "connectedlinename" => "IVAN",
    "connectedlinenum" => "101",
    "context" => "org_all",
    "exten" => "102",
    "language" => "en",
    "linkedid" => "1745144345.360",
    "priority" => "1",
    "privilege" => "call,all",
    "uniqueid" => "1745144347.361"
  },
  variables: %{}
}
[2025-04-20 10:19:07.998532Z] %ElixirAmi.Event{
  event: "dialbegin",
  source: :asterisk_connection,
  action_id: nil,
  keys: %{
    "accountcode" => "",
    "calleridname" => "IVAN",
    "calleridnum" => "101",
    "channel" => "PJSIP/101-000000dc",
    "channelstate" => "6",
    "channelstatedesc" => "Up",
    "connectedlinename" => "IVAN",
    "connectedlinenum" => "101",
    "context" => "org_all",
    "destaccountcode" => "",
    "destcalleridname" => "102",
    "destcalleridnum" => "102",
    "destchannel" => "PJSIP/102-000000dd",
    "destchannelstate" => "0",
    "destchannelstatedesc" => "Down",
    "destconnectedlinename" => "IVAN",
    "destconnectedlinenum" => "101",
    "destcontext" => "org_all",
    "destexten" => "102",
    "destlanguage" => "en",
    "destlinkedid" => "1745144345.360",
    "destpriority" => "1",
    "destuniqueid" => "1745144347.361",
    "dialstring" => "102",
    "exten" => "102",
    "language" => "en",
    "linkedid" => "1745144345.360",
    "priority" => "2",
    "privilege" => "call,all",
    "uniqueid" => "1745144345.360"
  },
  variables: %{}
}
[2025-04-20 10:19:07.998730Z] %ElixirAmi.Event{
  event: "newconnectedline",
  source: :asterisk_connection,
  action_id: nil,
  keys: %{
    "accountcode" => "",
    "calleridname" => "IVAN",
    "calleridnum" => "101",
    "channel" => "PJSIP/101-000000dc",
    "channelstate" => "6",
    "channelstatedesc" => "Up",
    "connectedlinename" => "102",
    "connectedlinenum" => "102",
    "context" => "org_all",
    "exten" => "102",
    "language" => "en",
    "linkedid" => "1745144345.360",
    "priority" => "2",
    "privilege" => "call,all",
    "uniqueid" => "1745144345.360"
  },
  variables: %{}
}
[2025-04-20 10:19:07.999109Z] %ElixirAmi.Event{
  event: "newstate",
  source: :asterisk_connection,
  action_id: nil,
  keys: %{
    "accountcode" => "",
    "calleridname" => "102",
    "calleridnum" => "102",
    "channel" => "PJSIP/102-000000dd",
    "channelstate" => "5",
    "channelstatedesc" => "Ringing",
    "connectedlinename" => "IVAN",
    "connectedlinenum" => "101",
    "context" => "org_all",
    "exten" => "102",
    "language" => "en",
    "linkedid" => "1745144345.360",
    "priority" => "1",
    "privilege" => "call,all",
    "uniqueid" => "1745144347.361"
  },
  variables: %{}
}
[2025-04-20 10:19:07.999693Z] %ElixirAmi.Event{
  event: "varset",
  source: :asterisk_connection,
  action_id: nil,
  keys: %{
    "accountcode" => "",
    "calleridname" => "IVAN",
    "calleridnum" => "101",
    "channel" => "PJSIP/101-000000dc",
    "channelstate" => "6",
    "channelstatedesc" => "Up",
    "connectedlinename" => "102",
    "connectedlinenum" => "102",
    "context" => "org_all",
    "exten" => "102",
    "language" => "en",
    "linkedid" => "1745144345.360",
    "priority" => "2",
    "privilege" => "dialplan,all",
    "uniqueid" => "1745144345.360",
    "value" => "0",
    "variable" => "RINGTIME"
  },
  variables: %{}
}
[2025-04-20 10:19:08.000100Z] %ElixirAmi.Event{
  event: "varset",
  source: :asterisk_connection,
  action_id: nil,
  keys: %{
    "accountcode" => "",
    "calleridname" => "IVAN",
    "calleridnum" => "101",
    "channel" => "PJSIP/101-000000dc",
    "channelstate" => "6",
    "channelstatedesc" => "Up",
    "connectedlinename" => "102",
    "connectedlinenum" => "102",
    "context" => "org_all",
    "exten" => "102",
    "language" => "en",
    "linkedid" => "1745144345.360",
    "priority" => "2",
    "privilege" => "dialplan,all",
    "uniqueid" => "1745144345.360",
    "value" => "7",
    "variable" => "RINGTIME_MS"
  },
  variables: %{}
}
[2025-04-20 10:19:08.000514Z] %ElixirAmi.Event{
  event: "dialstate",
  source: :asterisk_connection,
  action_id: nil,
  keys: %{
    "accountcode" => "",
    "calleridname" => "IVAN",
    "calleridnum" => "101",
    "channel" => "PJSIP/101-000000dc",
    "channelstate" => "6",
    "channelstatedesc" => "Up",
    "connectedlinename" => "102",
    "connectedlinenum" => "102",
    "context" => "org_all",
    "destaccountcode" => "",
    "destcalleridname" => "102",
    "destcalleridnum" => "102",
    "destchannel" => "PJSIP/102-000000dd",
    "destchannelstate" => "5",
    "destchannelstatedesc" => "Ringing",
    "destconnectedlinename" => "IVAN",
    "destconnectedlinenum" => "101",
    "destcontext" => "org_all",
    "destexten" => "102",
    "destlanguage" => "en",
    "destlinkedid" => "1745144345.360",
    "destpriority" => "1",
    "destuniqueid" => "1745144347.361",
    "dialstatus" => "RINGING",
    "exten" => "102",
    "language" => "en",
    "linkedid" => "1745144345.360",
    "priority" => "2",
    "privilege" => "call,all",
    "uniqueid" => "1745144345.360"
  },
  variables: %{}
}
[2025-04-20 10:19:08.198447Z] %ElixirAmi.Event{
  event: "rtcpreceived",
  source: :asterisk_connection,
  action_id: nil,
  keys: %{
    "pt" => "200(SR)",
    "report0highestsequence" => "30700",
    "mes" => "85.4",
    "privilege" => "reporting,all",
    "channelstatedesc" => "Up",
    "uniqueid" => "1745144345.360",
    "sentntp" => "1745169547.208017",
    "report0fractionlost" => "0",
    "sentpackets" => "10",
    "report0lsr" => "0",
    "linkedid" => "1745144345.360",
    "ssrc" => "0xebafab0b",
    "exten" => "102",
    "channel" => "PJSIP/101-000000dc",
    "report0iajitter" => "0",
    "sentrtp" => "1664",
    "context" => "org_all",
    "connectedlinename" => "102",
    "priority" => "2",
    "rtt" => "0.0000",
    "to" => "192.168.0.16:16699",
    "reportcount" => "1",
    "language" => "en",
    "sentoctets" => "1600",
    "calleridname" => "IVAN",
    "from" => "192.168.0.16:4177",
    "report0cumulativelost" => "0",
    "report0sequencenumbercycles" => "0",
    "calleridnum" => "101",
    "channelstate" => "6",
    "accountcode" => "",
    "report0dlsr" => "0.0000",
    "report0sourcessrc" => "0x6ed7f1d8",
    "connectedlinenum" => "102"
  },
  variables: %{}
}
[2025-04-20 10:19:13.000619Z] %ElixirAmi.Event{
  event: "rtcpsent",
  source: :asterisk_connection,
  action_id: nil,
  keys: %{
    "pt" => "200(SR)",
    "report0highestsequence" => "11619",
    "mes" => "85.4",
    "privilege" => "reporting,all",
    "channelstatedesc" => "Up",
    "uniqueid" => "1745144345.360",
    "sentntp" => "1745144353.000127",
    "report0fractionlost" => "0",
    "sentpackets" => "250",
    "report0lsr" => "2869638464",
    "linkedid" => "1745144345.360",
    "ssrc" => "0x6ed7f1d8",
    "exten" => "102",
    "channel" => "PJSIP/101-000000dc",
    "report0iajitter" => "6",
    "sentrtp" => "40000",
    "context" => "org_all",
    "connectedlinename" => "102",
    "priority" => "2",
    "to" => "192.168.0.16:4177",
    "reportcount" => "1",
    "language" => "en",
    "sentoctets" => "40000",
    "calleridname" => "IVAN",
    "from" => "192.168.0.16:16699",
    "report0cumulativelost" => "0",
    "report0sequencenumbercycles" => "0",
    "calleridnum" => "101",
    "channelstate" => "6",
    "accountcode" => "",
    "report0dlsr" => "4.8020",
    "report0sourcessrc" => "0x5c0860b2",
    "connectedlinenum" => "102"
  },
  variables: %{}
}
[2025-04-20 10:19:13.502391Z] %ElixirAmi.Event{
  event: "rtcpreceived",
  source: :asterisk_connection,
  action_id: nil,
  keys: %{
    "pt" => "200(SR)",
    "report0highestsequence" => "30965",
    "mes" => "85.4",
    "privilege" => "reporting,all",
    "channelstatedesc" => "Up",
    "uniqueid" => "1745144345.360",
    "sentntp" => "1745169552.512066",
    "report0fractionlost" => "0",
    "sentpackets" => "275",
    "report0lsr" => "1218510856",
    "linkedid" => "1745144345.360",
    "ssrc" => "0xebafab10",
    "exten" => "102",
    "channel" => "PJSIP/101-000000dc",
    "report0iajitter" => "0",
    "sentrtp" => "44096",
    "context" => "org_all",
    "connectedlinename" => "102",
    "priority" => "2",
    "rtt" => "0.0001",
    "to" => "192.168.0.16:16699",
    "reportcount" => "1",
    "language" => "en",
    "sentoctets" => "44000",
    "calleridname" => "IVAN",
    "from" => "192.168.0.16:4177",
    "report0cumulativelost" => "0",
    "report0sequencenumbercycles" => "0",
    "calleridnum" => "101",
    "channelstate" => "6",
    "accountcode" => "",
    "report0dlsr" => "0.5017",
    "report0sourcessrc" => "0x6ed7f1d8",
    "connectedlinenum" => "102"
  },
  variables: %{}
}
[2025-04-20 10:19:18.000703Z] %ElixirAmi.Event{
  event: "rtcpsent",
  source: :asterisk_connection,
  action_id: nil,
  keys: %{
    "pt" => "200(SR)",
    "report0highestsequence" => "11869",
    "mes" => "85.4",
    "privilege" => "reporting,all",
    "channelstatedesc" => "Up",
    "uniqueid" => "1745144345.360",
    "sentntp" => "1745144358.000212",
    "report0fractionlost" => "0",
    "sentpackets" => "500",
    "report0lsr" => "2869986070",
    "linkedid" => "1745144345.360",
    "ssrc" => "0x6ed7f1d8",
    "exten" => "102",
    "channel" => "PJSIP/101-000000dc",
    "report0iajitter" => "7",
    "sentrtp" => "80000",
    "context" => "org_all",
    "connectedlinename" => "102",
    "priority" => "2",
    "to" => "192.168.0.16:4177",
    "reportcount" => "1",
    "language" => "en",
    "sentoctets" => "80000",
    "calleridname" => "IVAN",
    "from" => "192.168.0.16:16699",
    "report0cumulativelost" => "0",
    "report0sequencenumbercycles" => "0",
    "calleridnum" => "101",
    "channelstate" => "6",
    "accountcode" => "",
    "report0dlsr" => "4.4980",
    "report0sourcessrc" => "0x5c0860b2",
    "connectedlinenum" => "102"
  },
  variables: %{}
}
[2025-04-20 10:19:19.002261Z] %ElixirAmi.Event{
  event: "rtcpreceived",
  source: :asterisk_connection,
  action_id: nil,
  keys: %{
    "pt" => "200(SR)",
    "report0highestsequence" => "31240",
    "mes" => "85.4",
    "privilege" => "reporting,all",
    "channelstatedesc" => "Up",
    "uniqueid" => "1745144345.360",
    "sentntp" => "1745169558.011865",
    "report0fractionlost" => "0",
    "sentpackets" => "550",
    "report0lsr" => "1218838541",
    "linkedid" => "1745144345.360",
    "ssrc" => "0xebafab16",
    "exten" => "102",
    "channel" => "PJSIP/101-000000dc",
    "report0iajitter" => "0",
    "sentrtp" => "88088",
    "context" => "org_all",
    "connectedlinename" => "102",
    "priority" => "2",
    "rtt" => "0.0001",
    "to" => "192.168.0.16:16699",
    "reportcount" => "1",
    "language" => "en",
    "sentoctets" => "88000",
    "calleridname" => "IVAN",
    "from" => "192.168.0.16:4177",
    "report0cumulativelost" => "0",
    "report0sequencenumbercycles" => "0",
    "calleridnum" => "101",
    "channelstate" => "6",
    "accountcode" => "",
    "report0dlsr" => "1.0014",
    "report0sourcessrc" => "0x6ed7f1d8",
    "connectedlinenum" => "102"
  },
  variables: %{}
}
[2025-04-20 10:19:23.000812Z] %ElixirAmi.Event{
  event: "rtcpsent",
  source: :asterisk_connection,
  action_id: nil,
  keys: %{
    "pt" => "200(SR)",
    "report0highestsequence" => "12119",
    "mes" => "85.4",
    "privilege" => "reporting,all",
    "channelstatedesc" => "Up",
    "uniqueid" => "1745144345.360",
    "sentntp" => "1745144363.000296",
    "report0fractionlost" => "0",
    "sentpackets" => "750",
    "report0lsr" => "2870346505",
    "linkedid" => "1745144345.360",
    "ssrc" => "0x6ed7f1d8",
    "exten" => "102",
    "channel" => "PJSIP/101-000000dc",
    "report0iajitter" => "6",
    "sentrtp" => "120000",
    "context" => "org_all",
    "connectedlinename" => "102",
    "priority" => "2",
    "to" => "192.168.0.16:4177",
    "reportcount" => "1",
    "language" => "en",
    "sentoctets" => "120000",
    "calleridname" => "IVAN",
    "from" => "192.168.0.16:16699",
    "report0cumulativelost" => "0",
    "report0sequencenumbercycles" => "0",
    "calleridnum" => "101",
    "channelstate" => "6",
    "accountcode" => "",
    "report0dlsr" => "3.9980",
    "report0sourcessrc" => "0x5c0860b2",
    "connectedlinenum" => "102"
  },
  variables: %{}
}
[2025-04-20 10:19:24.501455Z] %ElixirAmi.Event{
  event: "rtcpreceived",
  source: :asterisk_connection,
  action_id: nil,
  keys: %{
    "pt" => "200(SR)",
    "report0highestsequence" => "31515",
    "mes" => "85.4",
    "privilege" => "reporting,all",
    "channelstatedesc" => "Up",
    "uniqueid" => "1745144345.360",
    "sentntp" => "1745169563.511016",
    "report0fractionlost" => "0",
    "sentpackets" => "825",
    "report0lsr" => "1219166227",
    "linkedid" => "1745144345.360",
    "ssrc" => "0xebafab1b",
    "exten" => "102",
    "channel" => "PJSIP/101-000000dc",
    "report0iajitter" => "0",
    "sentrtp" => "132088",
    "context" => "org_all",
    "connectedlinename" => "102",
    "priority" => "2",
    "rtt" => "0.0001",
    "to" => "192.168.0.16:16699",
    "reportcount" => "1",
    "language" => "en",
    "sentoctets" => "132000",
    "calleridname" => "IVAN",
    "from" => "192.168.0.16:4177",
    "report0cumulativelost" => "0",
    "report0sequencenumbercycles" => "0",
    "calleridnum" => "101",
    "channelstate" => "6",
    "accountcode" => "",
    "report0dlsr" => "1.5005",
    "report0sourcessrc" => "0x6ed7f1d8",
    "connectedlinenum" => "102"
  },
  variables: %{}
}
[2025-04-20 10:19:27.992340Z] %ElixirAmi.Event{
  event: "dialend",
  source: :asterisk_connection,
  action_id: nil,
  keys: %{
    "accountcode" => "",
    "calleridname" => "IVAN",
    "calleridnum" => "101",
    "channel" => "PJSIP/101-000000dc",
    "channelstate" => "6",
    "channelstatedesc" => "Up",
    "connectedlinename" => "102",
    "connectedlinenum" => "102",
    "context" => "org_all",
    "destaccountcode" => "",
    "destcalleridname" => "102",
    "destcalleridnum" => "102",
    "destchannel" => "PJSIP/102-000000dd",
    "destchannelstate" => "5",
    "destchannelstatedesc" => "Ringing",
    "destconnectedlinename" => "IVAN",
    "destconnectedlinenum" => "101",
    "destcontext" => "org_all",
    "destexten" => "102",
    "destlanguage" => "en",
    "destlinkedid" => "1745144345.360",
    "destpriority" => "1",
    "destuniqueid" => "1745144347.361",
    "dialstatus" => "NOANSWER",
    "exten" => "102",
    "language" => "en",
    "linkedid" => "1745144345.360",
    "priority" => "2",
    "privilege" => "call,all",
    "uniqueid" => "1745144345.360"
  },
  variables: %{}
}
[2025-04-20 10:19:27.992584Z] %ElixirAmi.Event{
  event: "varset",
  source: :asterisk_connection,
  action_id: nil,
  keys: %{
    "accountcode" => "",
    "calleridname" => "IVAN",
    "calleridnum" => "101",
    "channel" => "PJSIP/101-000000dc",
    "channelstate" => "6",
    "channelstatedesc" => "Up",
    "connectedlinename" => "102",
    "connectedlinenum" => "102",
    "context" => "org_all",
    "exten" => "102",
    "language" => "en",
    "linkedid" => "1745144345.360",
    "priority" => "2",
    "privilege" => "dialplan,all",
    "uniqueid" => "1745144345.360",
    "value" => "NOANSWER",
    "variable" => "DIALSTATUS"
  },
  variables: %{}
}
[2025-04-20 10:19:27.992877Z] %ElixirAmi.Event{
  event: "softhanguprequest",
  source: :asterisk_connection,
  action_id: nil,
  keys: %{
    "accountcode" => "",
    "calleridname" => "IVAN",
    "calleridnum" => "101",
    "cause" => "16",
    "channel" => "PJSIP/101-000000dc",
    "channelstate" => "6",
    "channelstatedesc" => "Up",
    "connectedlinename" => "102",
    "connectedlinenum" => "102",
    "context" => "org_all",
    "exten" => "102",
    "language" => "en",
    "linkedid" => "1745144345.360",
    "priority" => "2",
    "privilege" => "call,all",
    "uniqueid" => "1745144345.360"
  },
  variables: %{}
}
[2025-04-20 10:19:27.993107Z] %ElixirAmi.Event{
  event: "varset",
  source: :asterisk_connection,
  action_id: nil,
  keys: %{
    "accountcode" => "",
    "calleridname" => "IVAN",
    "calleridnum" => "101",
    "channel" => "PJSIP/101-000000dc",
    "channelstate" => "6",
    "channelstatedesc" => "Up",
    "connectedlinename" => "102",
    "connectedlinenum" => "102",
    "context" => "org_all",
    "exten" => "102",
    "language" => "en",
    "linkedid" => "1745144345.360",
    "priority" => "2",
    "privilege" => "dialplan,all",
    "uniqueid" => "1745144345.360",
    "value" => "ssrc=1859645912;themssrc=1544052914;lp=0;rxjitter=0.000000;rxcount=1000;txjitter=0.000750;txcount=999;rlp=0;rtt=0.000137;rxmes=85.365168;txmes=85.365255",
    "variable" => "RTPAUDIOQOS"
  },
  variables: %{}
}
[2025-04-20 10:19:27.993505Z] %ElixirAmi.Event{
  event: "varset",
  source: :asterisk_connection,
  action_id: nil,
  keys: %{
    "accountcode" => "",
    "calleridname" => "IVAN",
    "calleridnum" => "101",
    "channel" => "PJSIP/101-000000dc",
    "channelstate" => "6",
    "channelstatedesc" => "Up",
    "connectedlinename" => "102",
    "connectedlinenum" => "102",
    "context" => "org_all",
    "exten" => "102",
    "language" => "en",
    "linkedid" => "1745144345.360",
    "priority" => "2",
    "privilege" => "dialplan,all",
    "uniqueid" => "1745144345.360",
    "value" => "minrxjitter=000.000125;maxrxjitter=000.000875;avgrxjitter=000.000789;stdevrxjitter=000.000092;mintxjitter=000.000000;maxtxjitter=000.000000;avgtxjitter=000.000000;stdevtxjitter=000.000000;",
    "variable" => "RTPAUDIOQOSJITTER"
  },
  variables: %{}
}
[2025-04-20 10:19:27.993905Z] %ElixirAmi.Event{
  event: "varset",
  source: :asterisk_connection,
  action_id: nil,
  keys: %{
    "accountcode" => "",
    "calleridname" => "IVAN",
    "calleridnum" => "101",
    "channel" => "PJSIP/101-000000dc",
    "channelstate" => "6",
    "channelstatedesc" => "Up",
    "connectedlinename" => "102",
    "connectedlinenum" => "102",
    "context" => "org_all",
    "exten" => "102",
    "language" => "en",
    "linkedid" => "1745144345.360",
    "priority" => "2",
    "privilege" => "dialplan,all",
    "uniqueid" => "1745144345.360",
    "value" => "minrxlost=000.000000;  maxrxlost=000.000000;  avgrxlost=000.000000;  stdevrxlost=000.000000;  mintxlost=000.000000;  maxtxlost=000.000000;  avgtxlost=000.000000;  stdevtxlost=000.000000;",
    "variable" => "RTPAUDIOQOSLOSS"
  },
  variables: %{}
}
[2025-04-20 10:19:27.994128Z] %ElixirAmi.Event{
  event: "varset",
  source: :asterisk_connection,
  action_id: nil,
  keys: %{
    "accountcode" => "",
    "calleridname" => "IVAN",
    "calleridnum" => "101",
    "channel" => "PJSIP/101-000000dc",
    "channelstate" => "6",
    "channelstatedesc" => "Up",
    "connectedlinename" => "102",
    "connectedlinenum" => "102",
    "context" => "org_all",
    "exten" => "102",
    "language" => "en",
    "linkedid" => "1745144345.360",
    "priority" => "2",
    "privilege" => "dialplan,all",
    "uniqueid" => "1745144345.360",
    "value" => "minrtt=000.000106;     maxrtt=000.000137;     avgrtt=000.000127;     stdevrtt=000.000015;",
    "variable" => "RTPAUDIOQOSRTT"
  },
  variables: %{}
}
[2025-04-20 10:19:27.994316Z] %ElixirAmi.Event{
  event: "varset",
  source: :asterisk_connection,
  action_id: nil,
  keys: %{
    "accountcode" => "",
    "calleridname" => "IVAN",
    "calleridnum" => "101",
    "channel" => "PJSIP/101-000000dc",
    "channelstate" => "6",
    "channelstatedesc" => "Up",
    "connectedlinename" => "102",
    "connectedlinenum" => "102",
    "context" => "org_all",
    "exten" => "102",
    "language" => "en",
    "linkedid" => "1745144345.360",
    "priority" => "2",
    "privilege" => "dialplan,all",
    "uniqueid" => "1745144345.360",
    "value" => "minrxmes=085.365255;   maxrxmes=085.367289;   avgrxmes=085.366019;   stdevrxmes=000.000092;   mintxmes=085.365168;   maxtxmes=085.367289;   avgtxmes=085.366301;   stdevtxmes=000.000994;",
    "variable" => "RTPAUDIOQOSMES"
  },
  variables: %{}
}
[2025-04-20 10:19:27.994563Z] %ElixirAmi.Event{
  event: "newexten",
  source: :asterisk_connection,
  action_id: nil,
  keys: %{
    "accountcode" => "",
    "appdata" => "(Outgoing Line)",
    "application" => "AppDial2",
    "calleridname" => "IVAN",
    "calleridnum" => "101",
    "channel" => "PJSIP/101-000000dc",
    "channelstate" => "6",
    "channelstatedesc" => "Up",
    "connectedlinename" => "102",
    "connectedlinenum" => "102",
    "context" => "org_all",
    "exten" => "102",
    "extension" => "102",
    "language" => "en",
    "linkedid" => "1745144345.360",
    "priority" => "3",
    "privilege" => "dialplan,all",
    "uniqueid" => "1745144345.360"
  },
  variables: %{}
}
[2025-04-20 10:19:27.994708Z] %ElixirAmi.Event{
  event: "hangup",
  source: :asterisk_connection,
  action_id: nil,
  keys: %{
    "accountcode" => "",
    "calleridname" => "102",
    "calleridnum" => "102",
    "cause" => "0",
    "cause-txt" => "Unknown",
    "channel" => "PJSIP/102-000000dd",
    "channelstate" => "5",
    "channelstatedesc" => "Ringing",
    "connectedlinename" => "IVAN",
    "connectedlinenum" => "101",
    "context" => "org_all",
    "exten" => "102",
    "language" => "en",
    "linkedid" => "1745144345.360",
    "priority" => "1",
    "privilege" => "call,all",
    "uniqueid" => "1745144347.361"
  },
  variables: %{}
}
[2025-04-20 10:19:27.994897Z] %ElixirAmi.Event{
  event: "hangup",
  source: :asterisk_connection,
  action_id: nil,
  keys: %{
    "accountcode" => "",
    "calleridname" => "IVAN",
    "calleridnum" => "101",
    "cause" => "0",
    "cause-txt" => "Unknown",
    "channel" => "PJSIP/101-000000dc",
    "channelstate" => "6",
    "channelstatedesc" => "Up",
    "connectedlinename" => "102",
    "connectedlinenum" => "102",
    "context" => "org_all",
    "exten" => "102",
    "language" => "en",
    "linkedid" => "1745144345.360",
    "priority" => "3",
    "privilege" => "call,all",
    "uniqueid" => "1745144345.360"
  },
  variables: %{}
}
