[2025-04-19 17:22:06.445329Z] %ElixirAmi.Event{
  event: "newchannel",
  source: :asterisk_connection,
  action_id: nil,
  keys: %{
    "accountcode" => "",
    "calleridname" => "103",
    "calleridnum" => "103",
    "channel" => "PJSIP/103-0000003b",
    "channelstate" => "4",
    "channelstatedesc" => "Ring",
    "connectedlinename" => "<unknown>",
    "connectedlinenum" => "<unknown>",
    "context" => "org_all",
    "exten" => "102",
    "language" => "en",
    "linkedid" => "1745083326.101",
    "priority" => "1",
    "privilege" => "call,all",
    "uniqueid" => "1745083326.101"
  },
  variables: %{}
}
[2025-04-19 17:22:06.445551Z] %ElixirAmi.Event{
  event: "varset",
  source: :asterisk_connection,
  action_id: nil,
  keys: %{
    "accountcode" => "",
    "calleridname" => "103",
    "calleridnum" => "103",
    "channel" => "PJSIP/103-0000003b",
    "channelstate" => "4",
    "channelstatedesc" => "Ring",
    "connectedlinename" => "<unknown>",
    "connectedlinenum" => "<unknown>",
    "context" => "org_all",
    "exten" => "102",
    "language" => "en",
    "linkedid" => "1745083326.101",
    "priority" => "1",
    "privilege" => "dialplan,all",
    "uniqueid" => "1745083326.101",
    "value" => "192.168.0.16",
    "variable" => "SIPDOMAIN"
  },
  variables: %{}
}
[2025-04-19 17:22:06.445965Z] %ElixirAmi.Event{
  event: "newexten",
  source: :asterisk_connection,
  action_id: nil,
  keys: %{
    "accountcode" => "",
    "appdata" => "",
    "application" => "NoOp",
    "calleridname" => "103",
    "calleridnum" => "103",
    "channel" => "PJSIP/103-0000003b",
    "channelstate" => "4",
    "channelstatedesc" => "Ring",
    "connectedlinename" => "<unknown>",
    "connectedlinenum" => "<unknown>",
    "context" => "org_all",
    "exten" => "102",
    "extension" => "102",
    "language" => "en",
    "linkedid" => "1745083326.101",
    "priority" => "1",
    "privilege" => "dialplan,all",
    "uniqueid" => "1745083326.101"
  },
  variables: %{}
}
[2025-04-19 17:22:06.446152Z] %ElixirAmi.Event{
  event: "newexten",
  source: :asterisk_connection,
  action_id: nil,
  keys: %{
    "accountcode" => "",
    "appdata" => "PJSIP/102,20,",
    "application" => "Dial",
    "calleridname" => "103",
    "calleridnum" => "103",
    "channel" => "PJSIP/103-0000003b",
    "channelstate" => "4",
    "channelstatedesc" => "Ring",
    "connectedlinename" => "<unknown>",
    "connectedlinenum" => "<unknown>",
    "context" => "org_all",
    "exten" => "102",
    "extension" => "102",
    "language" => "en",
    "linkedid" => "1745083326.101",
    "priority" => "2",
    "privilege" => "dialplan,all",
    "uniqueid" => "1745083326.101"
  },
  variables: %{}
}
[2025-04-19 17:22:06.446363Z] %ElixirAmi.Event{
  event: "varset",
  source: :asterisk_connection,
  action_id: nil,
  keys: %{
    "accountcode" => "",
    "calleridname" => "103",
    "calleridnum" => "103",
    "channel" => "PJSIP/103-0000003b",
    "channelstate" => "4",
    "channelstatedesc" => "Ring",
    "connectedlinename" => "<unknown>",
    "connectedlinenum" => "<unknown>",
    "context" => "org_all",
    "exten" => "102",
    "language" => "en",
    "linkedid" => "1745083326.101",
    "priority" => "2",
    "privilege" => "dialplan,all",
    "uniqueid" => "1745083326.101",
    "value" => "",
    "variable" => "DIALSTATUS"
  },
  variables: %{}
}
[2025-04-19 17:22:06.446615Z] %ElixirAmi.Event{
  event: "varset",
  source: :asterisk_connection,
  action_id: nil,
  keys: %{
    "accountcode" => "",
    "calleridname" => "103",
    "calleridnum" => "103",
    "channel" => "PJSIP/103-0000003b",
    "channelstate" => "4",
    "channelstatedesc" => "Ring",
    "connectedlinename" => "<unknown>",
    "connectedlinenum" => "<unknown>",
    "context" => "org_all",
    "exten" => "102",
    "language" => "en",
    "linkedid" => "1745083326.101",
    "priority" => "2",
    "privilege" => "dialplan,all",
    "uniqueid" => "1745083326.101",
    "value" => "",
    "variable" => "DIALEDPEERNUMBER"
  },
  variables: %{}
}
[2025-04-19 17:22:06.446845Z] %ElixirAmi.Event{
  event: "varset",
  source: :asterisk_connection,
  action_id: nil,
  keys: %{
    "accountcode" => "",
    "calleridname" => "103",
    "calleridnum" => "103",
    "channel" => "PJSIP/103-0000003b",
    "channelstate" => "4",
    "channelstatedesc" => "Ring",
    "connectedlinename" => "<unknown>",
    "connectedlinenum" => "<unknown>",
    "context" => "org_all",
    "exten" => "102",
    "language" => "en",
    "linkedid" => "1745083326.101",
    "priority" => "2",
    "privilege" => "dialplan,all",
    "uniqueid" => "1745083326.101",
    "value" => "",
    "variable" => "DIALEDPEERNAME"
  },
  variables: %{}
}
[2025-04-19 17:22:06.447063Z] %ElixirAmi.Event{
  event: "varset",
  source: :asterisk_connection,
  action_id: nil,
  keys: %{
    "accountcode" => "",
    "calleridname" => "103",
    "calleridnum" => "103",
    "channel" => "PJSIP/103-0000003b",
    "channelstate" => "4",
    "channelstatedesc" => "Ring",
    "connectedlinename" => "<unknown>",
    "connectedlinenum" => "<unknown>",
    "context" => "org_all",
    "exten" => "102",
    "language" => "en",
    "linkedid" => "1745083326.101",
    "priority" => "2",
    "privilege" => "dialplan,all",
    "uniqueid" => "1745083326.101",
    "value" => "",
    "variable" => "ANSWEREDTIME"
  },
  variables: %{}
}
[2025-04-19 17:22:06.447366Z] %ElixirAmi.Event{
  event: "varset",
  source: :asterisk_connection,
  action_id: nil,
  keys: %{
    "accountcode" => "",
    "calleridname" => "103",
    "calleridnum" => "103",
    "channel" => "PJSIP/103-0000003b",
    "channelstate" => "4",
    "channelstatedesc" => "Ring",
    "connectedlinename" => "<unknown>",
    "connectedlinenum" => "<unknown>",
    "context" => "org_all",
    "exten" => "102",
    "language" => "en",
    "linkedid" => "1745083326.101",
    "priority" => "2",
    "privilege" => "dialplan,all",
    "uniqueid" => "1745083326.101",
    "value" => "",
    "variable" => "ANSWEREDTIME_MS"
  },
  variables: %{}
}
[2025-04-19 17:22:06.447599Z] %ElixirAmi.Event{
  event: "varset",
  source: :asterisk_connection,
  action_id: nil,
  keys: %{
    "accountcode" => "",
    "calleridname" => "103",
    "calleridnum" => "103",
    "channel" => "PJSIP/103-0000003b",
    "channelstate" => "4",
    "channelstatedesc" => "Ring",
    "connectedlinename" => "<unknown>",
    "connectedlinenum" => "<unknown>",
    "context" => "org_all",
    "exten" => "102",
    "language" => "en",
    "linkedid" => "1745083326.101",
    "priority" => "2",
    "privilege" => "dialplan,all",
    "uniqueid" => "1745083326.101",
    "value" => "",
    "variable" => "DIALEDTIME"
  },
  variables: %{}
}
[2025-04-19 17:22:06.447812Z] %ElixirAmi.Event{
  event: "varset",
  source: :asterisk_connection,
  action_id: nil,
  keys: %{
    "accountcode" => "",
    "calleridname" => "103",
    "calleridnum" => "103",
    "channel" => "PJSIP/103-0000003b",
    "channelstate" => "4",
    "channelstatedesc" => "Ring",
    "connectedlinename" => "<unknown>",
    "connectedlinenum" => "<unknown>",
    "context" => "org_all",
    "exten" => "102",
    "language" => "en",
    "linkedid" => "1745083326.101",
    "priority" => "2",
    "privilege" => "dialplan,all",
    "uniqueid" => "1745083326.101",
    "value" => "",
    "variable" => "DIALEDTIME_MS"
  },
  variables: %{}
}
[2025-04-19 17:22:06.448055Z] %ElixirAmi.Event{
  event: "varset",
  source: :asterisk_connection,
  action_id: nil,
  keys: %{
    "accountcode" => "",
    "calleridname" => "103",
    "calleridnum" => "103",
    "channel" => "PJSIP/103-0000003b",
    "channelstate" => "4",
    "channelstatedesc" => "Ring",
    "connectedlinename" => "<unknown>",
    "connectedlinenum" => "<unknown>",
    "context" => "org_all",
    "exten" => "102",
    "language" => "en",
    "linkedid" => "1745083326.101",
    "priority" => "2",
    "privilege" => "dialplan,all",
    "uniqueid" => "1745083326.101",
    "value" => "",
    "variable" => "RINGTIME"
  },
  variables: %{}
}
[2025-04-19 17:22:06.448327Z] %ElixirAmi.Event{
  event: "varset",
  source: :asterisk_connection,
  action_id: nil,
  keys: %{
    "accountcode" => "",
    "calleridname" => "103",
    "calleridnum" => "103",
    "channel" => "PJSIP/103-0000003b",
    "channelstate" => "4",
    "channelstatedesc" => "Ring",
    "connectedlinename" => "<unknown>",
    "connectedlinenum" => "<unknown>",
    "context" => "org_all",
    "exten" => "102",
    "language" => "en",
    "linkedid" => "1745083326.101",
    "priority" => "2",
    "privilege" => "dialplan,all",
    "uniqueid" => "1745083326.101",
    "value" => "",
    "variable" => "RINGTIME_MS"
  },
  variables: %{}
}
[2025-04-19 17:22:06.448497Z] %ElixirAmi.Event{
  event: "varset",
  source: :asterisk_connection,
  action_id: nil,
  keys: %{
    "accountcode" => "",
    "calleridname" => "103",
    "calleridnum" => "103",
    "channel" => "PJSIP/103-0000003b",
    "channelstate" => "4",
    "channelstatedesc" => "Ring",
    "connectedlinename" => "<unknown>",
    "connectedlinenum" => "<unknown>",
    "context" => "org_all",
    "exten" => "102",
    "language" => "en",
    "linkedid" => "1745083326.101",
    "priority" => "2",
    "privilege" => "dialplan,all",
    "uniqueid" => "1745083326.101",
    "value" => "",
    "variable" => "PROGRESSTIME"
  },
  variables: %{}
}
[2025-04-19 17:22:06.448726Z] %ElixirAmi.Event{
  event: "varset",
  source: :asterisk_connection,
  action_id: nil,
  keys: %{
    "accountcode" => "",
    "calleridname" => "103",
    "calleridnum" => "103",
    "channel" => "PJSIP/103-0000003b",
    "channelstate" => "4",
    "channelstatedesc" => "Ring",
    "connectedlinename" => "<unknown>",
    "connectedlinenum" => "<unknown>",
    "context" => "org_all",
    "exten" => "102",
    "language" => "en",
    "linkedid" => "1745083326.101",
    "priority" => "2",
    "privilege" => "dialplan,all",
    "uniqueid" => "1745083326.101",
    "value" => "",
    "variable" => "PROGRESSTIME_MS"
  },
  variables: %{}
}
[2025-04-19 17:22:06.448847Z] %ElixirAmi.Event{
  event: "newchannel",
  source: :asterisk_connection,
  action_id: nil,
  keys: %{
    "accountcode" => "",
    "calleridname" => "102",
    "calleridnum" => "102",
    "channel" => "PJSIP/102-0000003c",
    "channelstate" => "0",
    "channelstatedesc" => "Down",
    "connectedlinename" => "<unknown>",
    "connectedlinenum" => "<unknown>",
    "context" => "org_all",
    "exten" => "s",
    "language" => "en",
    "linkedid" => "1745083326.101",
    "priority" => "1",
    "privilege" => "call,all",
    "uniqueid" => "1745083326.102"
  },
  variables: %{}
}
[2025-04-19 17:22:06.449179Z] %ElixirAmi.Event{
  event: "varset",
  source: :asterisk_connection,
  action_id: nil,
  keys: %{
    "accountcode" => "",
    "calleridname" => "102",
    "calleridnum" => "102",
    "channel" => "PJSIP/102-0000003c",
    "channelstate" => "0",
    "channelstatedesc" => "Down",
    "connectedlinename" => "<unknown>",
    "connectedlinenum" => "<unknown>",
    "context" => "org_all",
    "exten" => "s",
    "language" => "en",
    "linkedid" => "1745083326.101",
    "priority" => "1",
    "privilege" => "dialplan,all",
    "uniqueid" => "1745083326.102",
    "value" => "102",
    "variable" => "DIALEDPEERNUMBER"
  },
  variables: %{}
}
[2025-04-19 17:22:06.449408Z] %ElixirAmi.Event{
  event: "newexten",
  source: :asterisk_connection,
  action_id: nil,
  keys: %{
    "accountcode" => "",
    "appdata" => "(Outgoing Line)",
    "application" => "AppDial",
    "calleridname" => "102",
    "calleridnum" => "102",
    "channel" => "PJSIP/102-0000003c",
    "channelstate" => "0",
    "channelstatedesc" => "Down",
    "connectedlinename" => "103",
    "connectedlinenum" => "103",
    "context" => "org_all",
    "exten" => "102",
    "extension" => "102",
    "language" => "en",
    "linkedid" => "1745083326.101",
    "priority" => "1",
    "privilege" => "dialplan,all",
    "uniqueid" => "1745083326.102"
  },
  variables: %{}
}
[2025-04-19 17:22:06.449563Z] %ElixirAmi.Event{
  event: "newconnectedline",
  source: :asterisk_connection,
  action_id: nil,
  keys: %{
    "accountcode" => "",
    "calleridname" => "102",
    "calleridnum" => "102",
    "channel" => "PJSIP/102-0000003c",
    "channelstate" => "0",
    "channelstatedesc" => "Down",
    "connectedlinename" => "103",
    "connectedlinenum" => "103",
    "context" => "org_all",
    "exten" => "102",
    "language" => "en",
    "linkedid" => "1745083326.101",
    "priority" => "1",
    "privilege" => "call,all",
    "uniqueid" => "1745083326.102"
  },
  variables: %{}
}
[2025-04-19 17:22:06.449871Z] %ElixirAmi.Event{
  event: "dialbegin",
  source: :asterisk_connection,
  action_id: nil,
  keys: %{
    "accountcode" => "",
    "calleridname" => "103",
    "calleridnum" => "103",
    "channel" => "PJSIP/103-0000003b",
    "channelstate" => "4",
    "channelstatedesc" => "Ring",
    "connectedlinename" => "<unknown>",
    "connectedlinenum" => "<unknown>",
    "context" => "org_all",
    "destaccountcode" => "",
    "destcalleridname" => "102",
    "destcalleridnum" => "102",
    "destchannel" => "PJSIP/102-0000003c",
    "destchannelstate" => "0",
    "destchannelstatedesc" => "Down",
    "destconnectedlinename" => "103",
    "destconnectedlinenum" => "103",
    "destcontext" => "org_all",
    "destexten" => "102",
    "destlanguage" => "en",
    "destlinkedid" => "1745083326.101",
    "destpriority" => "1",
    "destuniqueid" => "1745083326.102",
    "dialstring" => "102",
    "exten" => "102",
    "language" => "en",
    "linkedid" => "1745083326.101",
    "priority" => "2",
    "privilege" => "call,all",
    "uniqueid" => "1745083326.101"
  },
  variables: %{}
}
[2025-04-19 17:22:06.450009Z] %ElixirAmi.Event{
  event: "newconnectedline",
  source: :asterisk_connection,
  action_id: nil,
  keys: %{
    "accountcode" => "",
    "calleridname" => "103",
    "calleridnum" => "103",
    "channel" => "PJSIP/103-0000003b",
    "channelstate" => "4",
    "channelstatedesc" => "Ring",
    "connectedlinename" => "102",
    "connectedlinenum" => "102",
    "context" => "org_all",
    "exten" => "102",
    "language" => "en",
    "linkedid" => "1745083326.101",
    "priority" => "2",
    "privilege" => "call,all",
    "uniqueid" => "1745083326.101"
  },
  variables: %{}
}
[2025-04-19 17:22:06.452025Z] %ElixirAmi.Event{
  event: "newstate",
  source: :asterisk_connection,
  action_id: nil,
  keys: %{
    "accountcode" => "",
    "calleridname" => "102",
    "calleridnum" => "102",
    "channel" => "PJSIP/102-0000003c",
    "channelstate" => "5",
    "channelstatedesc" => "Ringing",
    "connectedlinename" => "103",
    "connectedlinenum" => "103",
    "context" => "org_all",
    "exten" => "102",
    "language" => "en",
    "linkedid" => "1745083326.101",
    "priority" => "1",
    "privilege" => "call,all",
    "uniqueid" => "1745083326.102"
  },
  variables: %{}
}
[2025-04-19 17:22:06.452448Z] %ElixirAmi.Event{
  event: "varset",
  source: :asterisk_connection,
  action_id: nil,
  keys: %{
    "accountcode" => "",
    "calleridname" => "103",
    "calleridnum" => "103",
    "channel" => "PJSIP/103-0000003b",
    "channelstate" => "4",
    "channelstatedesc" => "Ring",
    "connectedlinename" => "102",
    "connectedlinenum" => "102",
    "context" => "org_all",
    "exten" => "102",
    "language" => "en",
    "linkedid" => "1745083326.101",
    "priority" => "2",
    "privilege" => "dialplan,all",
    "uniqueid" => "1745083326.101",
    "value" => "0",
    "variable" => "RINGTIME"
  },
  variables: %{}
}
[2025-04-19 17:22:06.452722Z] %ElixirAmi.Event{
  event: "varset",
  source: :asterisk_connection,
  action_id: nil,
  keys: %{
    "accountcode" => "",
    "calleridname" => "103",
    "calleridnum" => "103",
    "channel" => "PJSIP/103-0000003b",
    "channelstate" => "4",
    "channelstatedesc" => "Ring",
    "connectedlinename" => "102",
    "connectedlinenum" => "102",
    "context" => "org_all",
    "exten" => "102",
    "language" => "en",
    "linkedid" => "1745083326.101",
    "priority" => "2",
    "privilege" => "dialplan,all",
    "uniqueid" => "1745083326.101",
    "value" => "6",
    "variable" => "RINGTIME_MS"
  },
  variables: %{}
}
[2025-04-19 17:22:06.453215Z] %ElixirAmi.Event{
  event: "dialstate",
  source: :asterisk_connection,
  action_id: nil,
  keys: %{
    "accountcode" => "",
    "calleridname" => "103",
    "calleridnum" => "103",
    "channel" => "PJSIP/103-0000003b",
    "channelstate" => "4",
    "channelstatedesc" => "Ring",
    "connectedlinename" => "102",
    "connectedlinenum" => "102",
    "context" => "org_all",
    "destaccountcode" => "",
    "destcalleridname" => "102",
    "destcalleridnum" => "102",
    "destchannel" => "PJSIP/102-0000003c",
    "destchannelstate" => "5",
    "destchannelstatedesc" => "Ringing",
    "destconnectedlinename" => "103",
    "destconnectedlinenum" => "103",
    "destcontext" => "org_all",
    "destexten" => "102",
    "destlanguage" => "en",
    "destlinkedid" => "1745083326.101",
    "destpriority" => "1",
    "destuniqueid" => "1745083326.102",
    "dialstatus" => "RINGING",
    "exten" => "102",
    "language" => "en",
    "linkedid" => "1745083326.101",
    "priority" => "2",
    "privilege" => "call,all",
    "uniqueid" => "1745083326.101"
  },
  variables: %{}
}
[2025-04-19 17:22:07.327113Z] %ElixirAmi.Event{
  event: "rtcpreceived",
  source: :asterisk_connection,
  action_id: nil,
  keys: %{
    "accountcode" => "",
    "calleridname" => "102",
    "calleridnum" => "102",
    "channel" => "PJSIP/102-0000003c",
    "channelstate" => "5",
    "channelstatedesc" => "Ringing",
    "connectedlinename" => "103",
    "connectedlinenum" => "103",
    "context" => "org_all",
    "exten" => "102",
    "from" => "192.168.0.16:4049",
    "language" => "en",
    "linkedid" => "1745083326.101",
    "mes" => "85.4",
    "priority" => "1",
    "privilege" => "reporting,all",
    "pt" => "201(RR)",
    "report0cumulativelost" => "0",
    "report0dlsr" => "0.0000",
    "report0fractionlost" => "0",
    "report0highestsequence" => "0",
    "report0iajitter" => "0",
    "report0lsr" => "0",
    "report0sequencenumbercycles" => "0",
    "report0sourcessrc" => "0x00000000",
    "reportcount" => "1",
    "rtt" => "0.0000",
    "ssrc" => "0x00000000",
    "to" => "192.168.0.16:11695",
    "uniqueid" => "1745083326.102"
  },
  variables: %{}
}
[2025-04-19 17:22:07.327674Z] %ElixirAmi.Event{
  event: "rtcpreceived",
  source: :asterisk_connection,
  action_id: nil,
  keys: %{
    "accountcode" => "",
    "calleridname" => "102",
    "calleridnum" => "102",
    "channel" => "PJSIP/102-0000003c",
    "channelstate" => "5",
    "channelstatedesc" => "Ringing",
    "connectedlinename" => "103",
    "connectedlinenum" => "103",
    "context" => "org_all",
    "exten" => "102",
    "from" => "192.168.0.16:4049",
    "language" => "en",
    "linkedid" => "1745083326.101",
    "mes" => "85.4",
    "priority" => "1",
    "privilege" => "reporting,all",
    "pt" => "201(RR)",
    "report0cumulativelost" => "0",
    "report0dlsr" => "0.0000",
    "report0fractionlost" => "0",
    "report0highestsequence" => "0",
    "report0iajitter" => "0",
    "report0lsr" => "0",
    "report0sequencenumbercycles" => "0",
    "report0sourcessrc" => "0x00000000",
    "reportcount" => "1",
    "rtt" => "0.0000",
    "ssrc" => "0x00000000",
    "to" => "192.168.0.16:11695",
    "uniqueid" => "1745083326.102"
  },
  variables: %{}
}
[2025-04-19 17:22:07.327977Z] %ElixirAmi.Event{
  event: "newstate",
  source: :asterisk_connection,
  action_id: nil,
  keys: %{
    "accountcode" => "",
    "calleridname" => "102",
    "calleridnum" => "102",
    "channel" => "PJSIP/102-0000003c",
    "channelstate" => "6",
    "channelstatedesc" => "Up",
    "connectedlinename" => "103",
    "connectedlinenum" => "103",
    "context" => "org_all",
    "exten" => "102",
    "language" => "en",
    "linkedid" => "1745083326.101",
    "priority" => "1",
    "privilege" => "call,all",
    "uniqueid" => "1745083326.102"
  },
  variables: %{}
}
[2025-04-19 17:22:07.328254Z] %ElixirAmi.Event{
  event: "varset",
  source: :asterisk_connection,
  action_id: nil,
  keys: %{
    "accountcode" => "",
    "calleridname" => "103",
    "calleridnum" => "103",
    "channel" => "PJSIP/103-0000003b",
    "channelstate" => "4",
    "channelstatedesc" => "Ring",
    "connectedlinename" => "102",
    "connectedlinenum" => "102",
    "context" => "org_all",
    "exten" => "102",
    "language" => "en",
    "linkedid" => "1745083326.101",
    "priority" => "2",
    "privilege" => "dialplan,all",
    "uniqueid" => "1745083326.101",
    "value" => "ANSWER",
    "variable" => "DIALSTATUS"
  },
  variables: %{}
}
[2025-04-19 17:22:07.328481Z] %ElixirAmi.Event{
  event: "varset",
  source: :asterisk_connection,
  action_id: nil,
  keys: %{
    "accountcode" => "",
    "calleridname" => "103",
    "calleridnum" => "103",
    "channel" => "PJSIP/103-0000003b",
    "channelstate" => "4",
    "channelstatedesc" => "Ring",
    "connectedlinename" => "102",
    "connectedlinenum" => "102",
    "context" => "org_all",
    "exten" => "102",
    "language" => "en",
    "linkedid" => "1745083326.101",
    "priority" => "2",
    "privilege" => "dialplan,all",
    "uniqueid" => "1745083326.101",
    "value" => "PJSIP/102-0000003c",
    "variable" => "DIALEDPEERNAME"
  },
  variables: %{}
}
[2025-04-19 17:22:07.328740Z] %ElixirAmi.Event{
  event: "varset",
  source: :asterisk_connection,
  action_id: nil,
  keys: %{
    "accountcode" => "",
    "calleridname" => "103",
    "calleridnum" => "103",
    "channel" => "PJSIP/103-0000003b",
    "channelstate" => "4",
    "channelstatedesc" => "Ring",
    "connectedlinename" => "102",
    "connectedlinenum" => "102",
    "context" => "org_all",
    "exten" => "102",
    "language" => "en",
    "linkedid" => "1745083326.101",
    "priority" => "2",
    "privilege" => "dialplan,all",
    "uniqueid" => "1745083326.101",
    "value" => "102",
    "variable" => "DIALEDPEERNUMBER"
  },
  variables: %{}
}
[2025-04-19 17:22:07.329304Z] %ElixirAmi.Event{
  event: "dialend",
  source: :asterisk_connection,
  action_id: nil,
  keys: %{
    "accountcode" => "",
    "calleridname" => "103",
    "calleridnum" => "103",
    "channel" => "PJSIP/103-0000003b",
    "channelstate" => "4",
    "channelstatedesc" => "Ring",
    "connectedlinename" => "102",
    "connectedlinenum" => "102",
    "context" => "org_all",
    "destaccountcode" => "",
    "destcalleridname" => "102",
    "destcalleridnum" => "102",
    "destchannel" => "PJSIP/102-0000003c",
    "destchannelstate" => "6",
    "destchannelstatedesc" => "Up",
    "destconnectedlinename" => "103",
    "destconnectedlinenum" => "103",
    "destcontext" => "org_all",
    "destexten" => "",
    "destlanguage" => "en",
    "destlinkedid" => "1745083326.101",
    "destpriority" => "1",
    "destuniqueid" => "1745083326.102",
    "dialstatus" => "ANSWER",
    "exten" => "102",
    "language" => "en",
    "linkedid" => "1745083326.101",
    "priority" => "2",
    "privilege" => "call,all",
    "uniqueid" => "1745083326.101"
  },
  variables: %{}
}
[2025-04-19 17:22:07.329519Z] %ElixirAmi.Event{
  event: "newstate",
  source: :asterisk_connection,
  action_id: nil,
  keys: %{
    "accountcode" => "",
    "calleridname" => "103",
    "calleridnum" => "103",
    "channel" => "PJSIP/103-0000003b",
    "channelstate" => "6",
    "channelstatedesc" => "Up",
    "connectedlinename" => "102",
    "connectedlinenum" => "102",
    "context" => "org_all",
    "exten" => "102",
    "language" => "en",
    "linkedid" => "1745083326.101",
    "priority" => "2",
    "privilege" => "call,all",
    "uniqueid" => "1745083326.101"
  },
  variables: %{}
}
[2025-04-19 17:22:07.329922Z] %ElixirAmi.Event{
  event: "newexten",
  source: :asterisk_connection,
  action_id: nil,
  keys: %{
    "accountcode" => "",
    "appdata" => "(Outgoing Line)",
    "application" => "AppDial",
    "calleridname" => "102",
    "calleridnum" => "102",
    "channel" => "PJSIP/102-0000003c",
    "channelstate" => "6",
    "channelstatedesc" => "Up",
    "connectedlinename" => "103",
    "connectedlinenum" => "103",
    "context" => "org_all",
    "exten" => "",
    "extension" => "",
    "language" => "en",
    "linkedid" => "1745083326.101",
    "priority" => "1",
    "privilege" => "dialplan,all",
    "uniqueid" => "1745083326.102"
  },
  variables: %{}
}
[2025-04-19 17:22:07.330220Z] %ElixirAmi.Event{
  event: "bridgeenter",
  source: :asterisk_connection,
  action_id: nil,
  keys: %{
    "accountcode" => "",
    "bridgecreator" => "<unknown>",
    "bridgename" => "<unknown>",
    "bridgenumchannels" => "1",
    "bridgetechnology" => "simple_bridge",
    "bridgetype" => "basic",
    "bridgeuniqueid" => "db093b15-5c4c-469b-bb02-fb00fffc6996",
    "bridgevideosourcemode" => "none",
    "calleridname" => "102",
    "calleridnum" => "102",
    "channel" => "PJSIP/102-0000003c",
    "channelstate" => "6",
    "channelstatedesc" => "Up",
    "connectedlinename" => "103",
    "connectedlinenum" => "103",
    "context" => "org_all",
    "exten" => "",
    "language" => "en",
    "linkedid" => "1745083326.101",
    "priority" => "1",
    "privilege" => "call,all",
    "uniqueid" => "1745083326.102"
  },
  variables: %{}
}
[2025-04-19 17:22:07.330421Z] %ElixirAmi.Event{
  event: "bridgeenter",
  source: :asterisk_connection,
  action_id: nil,
  keys: %{
    "accountcode" => "",
    "bridgecreator" => "<unknown>",
    "bridgename" => "<unknown>",
    "bridgenumchannels" => "2",
    "bridgetechnology" => "simple_bridge",
    "bridgetype" => "basic",
    "bridgeuniqueid" => "db093b15-5c4c-469b-bb02-fb00fffc6996",
    "bridgevideosourcemode" => "none",
    "calleridname" => "103",
    "calleridnum" => "103",
    "channel" => "PJSIP/103-0000003b",
    "channelstate" => "6",
    "channelstatedesc" => "Up",
    "connectedlinename" => "102",
    "connectedlinenum" => "102",
    "context" => "org_all",
    "exten" => "102",
    "language" => "en",
    "linkedid" => "1745083326.101",
    "priority" => "2",
    "privilege" => "call,all",
    "uniqueid" => "1745083326.101"
  },
  variables: %{}
}
[2025-04-19 17:22:07.330587Z] %ElixirAmi.Event{
  event: "varset",
  source: :asterisk_connection,
  action_id: nil,
  keys: %{
    "accountcode" => "",
    "calleridname" => "103",
    "calleridnum" => "103",
    "channel" => "PJSIP/103-0000003b",
    "channelstate" => "6",
    "channelstatedesc" => "Up",
    "connectedlinename" => "102",
    "connectedlinenum" => "102",
    "context" => "org_all",
    "exten" => "102",
    "language" => "en",
    "linkedid" => "1745083326.101",
    "priority" => "2",
    "privilege" => "dialplan,all",
    "uniqueid" => "1745083326.101",
    "value" => "PJSIP/102-0000003c",
    "variable" => "BRIDGEPEER"
  },
  variables: %{}
}
[2025-04-19 17:22:07.332250Z] %ElixirAmi.Event{
  event: "varset",
  source: :asterisk_connection,
  action_id: nil,
  keys: %{
    "accountcode" => "",
    "calleridname" => "103",
    "calleridnum" => "103",
    "channel" => "PJSIP/103-0000003b",
    "channelstate" => "6",
    "channelstatedesc" => "Up",
    "connectedlinename" => "102",
    "connectedlinenum" => "102",
    "context" => "org_all",
    "exten" => "102",
    "language" => "en",
    "linkedid" => "1745083326.101",
    "priority" => "2",
    "privilege" => "dialplan,all",
    "uniqueid" => "1745083326.101",
    "value" => "514cad2f-e533-4eef-89fd-bf4aa18f60a1",
    "variable" => "BRIDGEPVTCALLID"
  },
  variables: %{}
}
[2025-04-19 17:22:07.332346Z] %ElixirAmi.Event{
  event: "varset",
  source: :asterisk_connection,
  action_id: nil,
  keys: %{
    "accountcode" => "",
    "calleridname" => "102",
    "calleridnum" => "102",
    "channel" => "PJSIP/102-0000003c",
    "channelstate" => "6",
    "channelstatedesc" => "Up",
    "connectedlinename" => "103",
    "connectedlinenum" => "103",
    "context" => "org_all",
    "exten" => "",
    "language" => "en",
    "linkedid" => "1745083326.101",
    "priority" => "1",
    "privilege" => "dialplan,all",
    "uniqueid" => "1745083326.102",
    "value" => "PJSIP/103-0000003b",
    "variable" => "BRIDGEPEER"
  },
  variables: %{}
}
[2025-04-19 17:22:07.332425Z] %ElixirAmi.Event{
  event: "varset",
  source: :asterisk_connection,
  action_id: nil,
  keys: %{
    "accountcode" => "",
    "calleridname" => "102",
    "calleridnum" => "102",
    "channel" => "PJSIP/102-0000003c",
    "channelstate" => "6",
    "channelstatedesc" => "Up",
    "connectedlinename" => "103",
    "connectedlinenum" => "103",
    "context" => "org_all",
    "exten" => "",
    "language" => "en",
    "linkedid" => "1745083326.101",
    "priority" => "1",
    "privilege" => "dialplan,all",
    "uniqueid" => "1745083326.102",
    "value" => "8d29b5dda58c48998e52e620bb5b4589",
    "variable" => "BRIDGEPVTCALLID"
  },
  variables: %{}
}
[2025-04-19 17:22:07.332523Z] %ElixirAmi.Event{
  event: "varset",
  source: :asterisk_connection,
  action_id: nil,
  keys: %{
    "accountcode" => "",
    "calleridname" => "103",
    "calleridnum" => "103",
    "channel" => "PJSIP/103-0000003b",
    "channelstate" => "6",
    "channelstatedesc" => "Up",
    "connectedlinename" => "102",
    "connectedlinenum" => "102",
    "context" => "org_all",
    "exten" => "102",
    "language" => "en",
    "linkedid" => "1745083326.101",
    "priority" => "2",
    "privilege" => "dialplan,all",
    "uniqueid" => "1745083326.101",
    "value" => "514cad2f-e533-4eef-89fd-bf4aa18f60a1",
    "variable" => "BRIDGEPVTCALLID"
  },
  variables: %{}
}
[2025-04-19 17:22:07.332581Z] %ElixirAmi.Event{
  event: "varset",
  source: :asterisk_connection,
  action_id: nil,
  keys: %{
    "accountcode" => "",
    "calleridname" => "102",
    "calleridnum" => "102",
    "channel" => "PJSIP/102-0000003c",
    "channelstate" => "6",
    "channelstatedesc" => "Up",
    "connectedlinename" => "103",
    "connectedlinenum" => "103",
    "context" => "org_all",
    "exten" => "",
    "language" => "en",
    "linkedid" => "1745083326.101",
    "priority" => "1",
    "privilege" => "dialplan,all",
    "uniqueid" => "1745083326.102",
    "value" => "PJSIP/103-0000003b",
    "variable" => "BRIDGEPEER"
  },
  variables: %{}
}
[2025-04-19 17:22:07.332504Z] %ElixirAmi.Event{
  event: "varset",
  source: :asterisk_connection,
  action_id: nil,
  keys: %{
    "accountcode" => "",
    "calleridname" => "103",
    "calleridnum" => "103",
    "channel" => "PJSIP/103-0000003b",
    "channelstate" => "6",
    "channelstatedesc" => "Up",
    "connectedlinename" => "102",
    "connectedlinenum" => "102",
    "context" => "org_all",
    "exten" => "102",
    "language" => "en",
    "linkedid" => "1745083326.101",
    "priority" => "2",
    "privilege" => "dialplan,all",
    "uniqueid" => "1745083326.101",
    "value" => "PJSIP/102-0000003c",
    "variable" => "BRIDGEPEER"
  },
  variables: %{}
}
[2025-04-19 17:22:07.332817Z] %ElixirAmi.Event{
  event: "varset",
  source: :asterisk_connection,
  action_id: nil,
  keys: %{
    "accountcode" => "",
    "calleridname" => "103",
    "calleridnum" => "103",
    "channel" => "PJSIP/103-0000003b",
    "channelstate" => "6",
    "channelstatedesc" => "Up",
    "connectedlinename" => "102",
    "connectedlinenum" => "102",
    "context" => "org_all",
    "exten" => "102",
    "language" => "en",
    "linkedid" => "1745083326.101",
    "priority" => "2",
    "privilege" => "dialplan,all",
    "uniqueid" => "1745083326.101",
    "value" => "PJSIP/102-0000003c",
    "variable" => "BRIDGEPEER"
  },
  variables: %{}
}
[2025-04-19 17:22:07.332744Z] %ElixirAmi.Event{
  event: "varset",
  source: :asterisk_connection,
  action_id: nil,
  keys: %{
    "accountcode" => "",
    "calleridname" => "102",
    "calleridnum" => "102",
    "channel" => "PJSIP/102-0000003c",
    "channelstate" => "6",
    "channelstatedesc" => "Up",
    "connectedlinename" => "103",
    "connectedlinenum" => "103",
    "context" => "org_all",
    "exten" => "",
    "language" => "en",
    "linkedid" => "1745083326.101",
    "priority" => "1",
    "privilege" => "dialplan,all",
    "uniqueid" => "1745083326.102",
    "value" => "8d29b5dda58c48998e52e620bb5b4589",
    "variable" => "BRIDGEPVTCALLID"
  },
  variables: %{}
}
[2025-04-19 17:22:07.332971Z] %ElixirAmi.Event{
  event: "varset",
  source: :asterisk_connection,
  action_id: nil,
  keys: %{
    "accountcode" => "",
    "calleridname" => "103",
    "calleridnum" => "103",
    "channel" => "PJSIP/103-0000003b",
    "channelstate" => "6",
    "channelstatedesc" => "Up",
    "connectedlinename" => "102",
    "connectedlinenum" => "102",
    "context" => "org_all",
    "exten" => "102",
    "language" => "en",
    "linkedid" => "1745083326.101",
    "priority" => "2",
    "privilege" => "dialplan,all",
    "uniqueid" => "1745083326.101",
    "value" => "514cad2f-e533-4eef-89fd-bf4aa18f60a1",
    "variable" => "BRIDGEPVTCALLID"
  },
  variables: %{}
}
[2025-04-19 17:22:07.333140Z] %ElixirAmi.Event{
  event: "varset",
  source: :asterisk_connection,
  action_id: nil,
  keys: %{
    "accountcode" => "",
    "calleridname" => "102",
    "calleridnum" => "102",
    "channel" => "PJSIP/102-0000003c",
    "channelstate" => "6",
    "channelstatedesc" => "Up",
    "connectedlinename" => "103",
    "connectedlinenum" => "103",
    "context" => "org_all",
    "exten" => "",
    "language" => "en",
    "linkedid" => "1745083326.101",
    "priority" => "1",
    "privilege" => "dialplan,all",
    "uniqueid" => "1745083326.102",
    "value" => "PJSIP/103-0000003b",
    "variable" => "BRIDGEPEER"
  },
  variables: %{}
}
[2025-04-19 17:22:07.333325Z] %ElixirAmi.Event{
  event: "varset",
  source: :asterisk_connection,
  action_id: nil,
  keys: %{
    "accountcode" => "",
    "calleridname" => "102",
    "calleridnum" => "102",
    "channel" => "PJSIP/102-0000003c",
    "channelstate" => "6",
    "channelstatedesc" => "Up",
    "connectedlinename" => "103",
    "connectedlinenum" => "103",
    "context" => "org_all",
    "exten" => "",
    "language" => "en",
    "linkedid" => "1745083326.101",
    "priority" => "1",
    "privilege" => "dialplan,all",
    "uniqueid" => "1745083326.102",
    "value" => "8d29b5dda58c48998e52e620bb5b4589",
    "variable" => "BRIDGEPVTCALLID"
  },
  variables: %{}
}
[2025-04-19 17:22:07.333730Z] %ElixirAmi.Event{
  event: "rtcpreceived",
  source: :asterisk_connection,
  action_id: nil,
  keys: %{
    "accountcode" => "",
    "calleridname" => "103",
    "calleridnum" => "103",
    "channel" => "PJSIP/103-0000003b",
    "channelstate" => "6",
    "channelstatedesc" => "Up",
    "connectedlinename" => "102",
    "connectedlinenum" => "102",
    "context" => "org_all",
    "exten" => "102",
    "from" => "192.168.0.16:4051",
    "language" => "en",
    "linkedid" => "1745083326.101",
    "mes" => "85.4",
    "priority" => "2",
    "privilege" => "reporting,all",
    "pt" => "201(RR)",
    "report0cumulativelost" => "0",
    "report0dlsr" => "0.0000",
    "report0fractionlost" => "0",
    "report0highestsequence" => "0",
    "report0iajitter" => "0",
    "report0lsr" => "0",
    "report0sequencenumbercycles" => "0",
    "report0sourcessrc" => "0x00000000",
    "reportcount" => "1",
    "rtt" => "0.0000",
    "ssrc" => "0x00000000",
    "to" => "192.168.0.16:15171",
    "uniqueid" => "1745083326.101"
  },
  variables: %{}
}
[2025-04-19 17:22:07.334130Z] %ElixirAmi.Event{
  event: "rtcpreceived",
  source: :asterisk_connection,
  action_id: nil,
  keys: %{
    "accountcode" => "",
    "calleridname" => "103",
    "calleridnum" => "103",
    "channel" => "PJSIP/103-0000003b",
    "channelstate" => "6",
    "channelstatedesc" => "Up",
    "connectedlinename" => "102",
    "connectedlinenum" => "102",
    "context" => "org_all",
    "exten" => "102",
    "from" => "192.168.0.16:4051",
    "language" => "en",
    "linkedid" => "1745083326.101",
    "mes" => "85.4",
    "priority" => "2",
    "privilege" => "reporting,all",
    "pt" => "201(RR)",
    "report0cumulativelost" => "0",
    "report0dlsr" => "0.0000",
    "report0fractionlost" => "0",
    "report0highestsequence" => "0",
    "report0iajitter" => "0",
    "report0lsr" => "0",
    "report0sequencenumbercycles" => "0",
    "report0sourcessrc" => "0x00000000",
    "reportcount" => "1",
    "rtt" => "0.0000",
    "ssrc" => "0x00000000",
    "to" => "192.168.0.16:15171",
    "uniqueid" => "1745083326.101"
  },
  variables: %{}
}
[2025-04-19 17:22:07.334765Z] %ElixirAmi.Event{
  event: "varset",
  source: :asterisk_connection,
  action_id: nil,
  keys: %{
    "accountcode" => "",
    "calleridname" => "103",
    "calleridnum" => "103",
    "channel" => "PJSIP/103-0000003b",
    "channelstate" => "6",
    "channelstatedesc" => "Up",
    "connectedlinename" => "102",
    "connectedlinenum" => "102",
    "context" => "org_all",
    "exten" => "102",
    "language" => "en",
    "linkedid" => "1745083326.101",
    "priority" => "2",
    "privilege" => "dialplan,all",
    "uniqueid" => "1745083326.101",
    "value" => "/home/rawmn/AsteriskConnector/priv/recordings/103_102_2025-04-191745083326.101.wav",
    "variable" => "MIXMONITOR_FILENAME"
  },
  variables: %{}
}
[2025-04-19 17:22:07.334898Z] %ElixirAmi.Event{
  event: "mixmonitorstart",
  source: :asterisk_connection,
  action_id: nil,
  keys: %{
    "accountcode" => "",
    "calleridname" => "103",
    "calleridnum" => "103",
    "channel" => "PJSIP/103-0000003b",
    "channelstate" => "6",
    "channelstatedesc" => "Up",
    "connectedlinename" => "102",
    "connectedlinenum" => "102",
    "context" => "org_all",
    "exten" => "102",
    "language" => "en",
    "linkedid" => "1745083326.101",
    "priority" => "2",
    "privilege" => "call,all",
    "uniqueid" => "1745083326.101"
  },
  variables: %{}
}
[2025-04-19 17:22:07.335124Z] %ElixirAmi.Event{
  event: "varset",
  source: :asterisk_connection,
  action_id: nil,
  keys: %{
    "accountcode" => "",
    "calleridname" => "103",
    "calleridnum" => "103",
    "channel" => "PJSIP/103-0000003b",
    "channelstate" => "6",
    "channelstatedesc" => "Up",
    "connectedlinename" => "102",
    "connectedlinenum" => "102",
    "context" => "org_all",
    "exten" => "102",
    "language" => "en",
    "linkedid" => "1745083326.101",
    "priority" => "2",
    "privilege" => "dialplan,all",
    "uniqueid" => "1745083326.101",
    "value" => "PJSIP/102-0000003c",
    "variable" => "BRIDGEPEER"
  },
  variables: %{}
}
[2025-04-19 17:22:07.335310Z] %ElixirAmi.Event{
  event: "varset",
  source: :asterisk_connection,
  action_id: nil,
  keys: %{
    "accountcode" => "",
    "calleridname" => "103",
    "calleridnum" => "103",
    "channel" => "PJSIP/103-0000003b",
    "channelstate" => "6",
    "channelstatedesc" => "Up",
    "connectedlinename" => "102",
    "connectedlinenum" => "102",
    "context" => "org_all",
    "exten" => "102",
    "language" => "en",
    "linkedid" => "1745083326.101",
    "priority" => "2",
    "privilege" => "dialplan,all",
    "uniqueid" => "1745083326.101",
    "value" => "514cad2f-e533-4eef-89fd-bf4aa18f60a1",
    "variable" => "BRIDGEPVTCALLID"
  },
  variables: %{}
}
[2025-04-19 17:22:07.335480Z] %ElixirAmi.Event{
  event: "varset",
  source: :asterisk_connection,
  action_id: nil,
  keys: %{
    "accountcode" => "",
    "calleridname" => "102",
    "calleridnum" => "102",
    "channel" => "PJSIP/102-0000003c",
    "channelstate" => "6",
    "channelstatedesc" => "Up",
    "connectedlinename" => "103",
    "connectedlinenum" => "103",
    "context" => "org_all",
    "exten" => "",
    "language" => "en",
    "linkedid" => "1745083326.101",
    "priority" => "1",
    "privilege" => "dialplan,all",
    "uniqueid" => "1745083326.102",
    "value" => "PJSIP/103-0000003b",
    "variable" => "BRIDGEPEER"
  },
  variables: %{}
}
[2025-04-19 17:22:07.335741Z] %ElixirAmi.Event{
  event: "varset",
  source: :asterisk_connection,
  action_id: nil,
  keys: %{
    "accountcode" => "",
    "calleridname" => "102",
    "calleridnum" => "102",
    "channel" => "PJSIP/102-0000003c",
    "channelstate" => "6",
    "channelstatedesc" => "Up",
    "connectedlinename" => "103",
    "connectedlinenum" => "103",
    "context" => "org_all",
    "exten" => "",
    "language" => "en",
    "linkedid" => "1745083326.101",
    "priority" => "1",
    "privilege" => "dialplan,all",
    "uniqueid" => "1745083326.102",
    "value" => "8d29b5dda58c48998e52e620bb5b4589",
    "variable" => "BRIDGEPVTCALLID"
  },
  variables: %{}
}
[2025-04-19 17:22:07.335944Z] %ElixirAmi.Event{
  event: "varset",
  source: :asterisk_connection,
  action_id: nil,
  keys: %{
    "accountcode" => "",
    "calleridname" => "103",
    "calleridnum" => "103",
    "channel" => "PJSIP/103-0000003b",
    "channelstate" => "6",
    "channelstatedesc" => "Up",
    "connectedlinename" => "102",
    "connectedlinenum" => "102",
    "context" => "org_all",
    "exten" => "102",
    "language" => "en",
    "linkedid" => "1745083326.101",
    "priority" => "2",
    "privilege" => "dialplan,all",
    "uniqueid" => "1745083326.101",
    "value" => "PJSIP/102-0000003c",
    "variable" => "BRIDGEPEER"
  },
  variables: %{}
}
[2025-04-19 17:22:07.336116Z] %ElixirAmi.Event{
  event: "varset",
  source: :asterisk_connection,
  action_id: nil,
  keys: %{
    "accountcode" => "",
    "calleridname" => "103",
    "calleridnum" => "103",
    "channel" => "PJSIP/103-0000003b",
    "channelstate" => "6",
    "channelstatedesc" => "Up",
    "connectedlinename" => "102",
    "connectedlinenum" => "102",
    "context" => "org_all",
    "exten" => "102",
    "language" => "en",
    "linkedid" => "1745083326.101",
    "priority" => "2",
    "privilege" => "dialplan,all",
    "uniqueid" => "1745083326.101",
    "value" => "514cad2f-e533-4eef-89fd-bf4aa18f60a1",
    "variable" => "BRIDGEPVTCALLID"
  },
  variables: %{}
}
[2025-04-19 17:22:07.336296Z] %ElixirAmi.Event{
  event: "varset",
  source: :asterisk_connection,
  action_id: nil,
  keys: %{
    "accountcode" => "",
    "calleridname" => "102",
    "calleridnum" => "102",
    "channel" => "PJSIP/102-0000003c",
    "channelstate" => "6",
    "channelstatedesc" => "Up",
    "connectedlinename" => "103",
    "connectedlinenum" => "103",
    "context" => "org_all",
    "exten" => "",
    "language" => "en",
    "linkedid" => "1745083326.101",
    "priority" => "1",
    "privilege" => "dialplan,all",
    "uniqueid" => "1745083326.102",
    "value" => "PJSIP/103-0000003b",
    "variable" => "BRIDGEPEER"
  },
  variables: %{}
}
[2025-04-19 17:22:07.336469Z] %ElixirAmi.Event{
  event: "varset",
  source: :asterisk_connection,
  action_id: nil,
  keys: %{
    "accountcode" => "",
    "calleridname" => "102",
    "calleridnum" => "102",
    "channel" => "PJSIP/102-0000003c",
    "channelstate" => "6",
    "channelstatedesc" => "Up",
    "connectedlinename" => "103",
    "connectedlinenum" => "103",
    "context" => "org_all",
    "exten" => "",
    "language" => "en",
    "linkedid" => "1745083326.101",
    "priority" => "1",
    "privilege" => "dialplan,all",
    "uniqueid" => "1745083326.102",
    "value" => "8d29b5dda58c48998e52e620bb5b4589",
    "variable" => "BRIDGEPVTCALLID"
  },
  variables: %{}
}
[2025-04-19 17:22:07.336604Z] %ElixirAmi.Event{
  event: "varset",
  source: :asterisk_connection,
  action_id: nil,
  keys: %{
    "accountcode" => "",
    "calleridname" => "103",
    "calleridnum" => "103",
    "channel" => "PJSIP/103-0000003b",
    "channelstate" => "6",
    "channelstatedesc" => "Up",
    "connectedlinename" => "102",
    "connectedlinenum" => "102",
    "context" => "org_all",
    "exten" => "102",
    "language" => "en",
    "linkedid" => "1745083326.101",
    "priority" => "2",
    "privilege" => "dialplan,all",
    "uniqueid" => "1745083326.101",
    "value" => "PJSIP/102-0000003c",
    "variable" => "BRIDGEPEER"
  },
  variables: %{}
}
[2025-04-19 17:22:07.336761Z] %ElixirAmi.Event{
  event: "varset",
  source: :asterisk_connection,
  action_id: nil,
  keys: %{
    "accountcode" => "",
    "calleridname" => "103",
    "calleridnum" => "103",
    "channel" => "PJSIP/103-0000003b",
    "channelstate" => "6",
    "channelstatedesc" => "Up",
    "connectedlinename" => "102",
    "connectedlinenum" => "102",
    "context" => "org_all",
    "exten" => "102",
    "language" => "en",
    "linkedid" => "1745083326.101",
    "priority" => "2",
    "privilege" => "dialplan,all",
    "uniqueid" => "1745083326.101",
    "value" => "514cad2f-e533-4eef-89fd-bf4aa18f60a1",
    "variable" => "BRIDGEPVTCALLID"
  },
  variables: %{}
}
[2025-04-19 17:22:07.337000Z] %ElixirAmi.Event{
  event: "varset",
  source: :asterisk_connection,
  action_id: nil,
  keys: %{
    "accountcode" => "",
    "calleridname" => "102",
    "calleridnum" => "102",
    "channel" => "PJSIP/102-0000003c",
    "channelstate" => "6",
    "channelstatedesc" => "Up",
    "connectedlinename" => "103",
    "connectedlinenum" => "103",
    "context" => "org_all",
    "exten" => "",
    "language" => "en",
    "linkedid" => "1745083326.101",
    "priority" => "1",
    "privilege" => "dialplan,all",
    "uniqueid" => "1745083326.102",
    "value" => "PJSIP/103-0000003b",
    "variable" => "BRIDGEPEER"
  },
  variables: %{}
}
[2025-04-19 17:22:07.337279Z] %ElixirAmi.Event{
  event: "varset",
  source: :asterisk_connection,
  action_id: nil,
  keys: %{
    "accountcode" => "",
    "calleridname" => "102",
    "calleridnum" => "102",
    "channel" => "PJSIP/102-0000003c",
    "channelstate" => "6",
    "channelstatedesc" => "Up",
    "connectedlinename" => "103",
    "connectedlinenum" => "103",
    "context" => "org_all",
    "exten" => "",
    "language" => "en",
    "linkedid" => "1745083326.101",
    "priority" => "1",
    "privilege" => "dialplan,all",
    "uniqueid" => "1745083326.102",
    "value" => "8d29b5dda58c48998e52e620bb5b4589",
    "variable" => "BRIDGEPVTCALLID"
  },
  variables: %{}
}
[2025-04-19 17:22:07.343801Z] %ElixirAmi.Event{
  event: "varset",
  source: :asterisk_connection,
  action_id: nil,
  keys: %{
    "accountcode" => "",
    "calleridname" => "103",
    "calleridnum" => "103",
    "channel" => "PJSIP/103-0000003b",
    "channelstate" => "6",
    "channelstatedesc" => "Up",
    "connectedlinename" => "102",
    "connectedlinenum" => "102",
    "context" => "org_all",
    "exten" => "102",
    "language" => "en",
    "linkedid" => "1745083326.101",
    "priority" => "2",
    "privilege" => "dialplan,all",
    "uniqueid" => "1745083326.101",
    "value" => "PJSIP/102-0000003c",
    "variable" => "BRIDGEPEER"
  },
  variables: %{}
}
[2025-04-19 17:22:07.343999Z] %ElixirAmi.Event{
  event: "varset",
  source: :asterisk_connection,
  action_id: nil,
  keys: %{
    "accountcode" => "",
    "calleridname" => "103",
    "calleridnum" => "103",
    "channel" => "PJSIP/103-0000003b",
    "channelstate" => "6",
    "channelstatedesc" => "Up",
    "connectedlinename" => "102",
    "connectedlinenum" => "102",
    "context" => "org_all",
    "exten" => "102",
    "language" => "en",
    "linkedid" => "1745083326.101",
    "priority" => "2",
    "privilege" => "dialplan,all",
    "uniqueid" => "1745083326.101",
    "value" => "514cad2f-e533-4eef-89fd-bf4aa18f60a1",
    "variable" => "BRIDGEPVTCALLID"
  },
  variables: %{}
}
[2025-04-19 17:22:07.344256Z] %ElixirAmi.Event{
  event: "varset",
  source: :asterisk_connection,
  action_id: nil,
  keys: %{
    "accountcode" => "",
    "calleridname" => "102",
    "calleridnum" => "102",
    "channel" => "PJSIP/102-0000003c",
    "channelstate" => "6",
    "channelstatedesc" => "Up",
    "connectedlinename" => "103",
    "connectedlinenum" => "103",
    "context" => "org_all",
    "exten" => "",
    "language" => "en",
    "linkedid" => "1745083326.101",
    "priority" => "1",
    "privilege" => "dialplan,all",
    "uniqueid" => "1745083326.102",
    "value" => "PJSIP/103-0000003b",
    "variable" => "BRIDGEPEER"
  },
  variables: %{}
}
[2025-04-19 17:22:07.344533Z] %ElixirAmi.Event{
  event: "varset",
  source: :asterisk_connection,
  action_id: nil,
  keys: %{
    "accountcode" => "",
    "calleridname" => "102",
    "calleridnum" => "102",
    "channel" => "PJSIP/102-0000003c",
    "channelstate" => "6",
    "channelstatedesc" => "Up",
    "connectedlinename" => "103",
    "connectedlinenum" => "103",
    "context" => "org_all",
    "exten" => "",
    "language" => "en",
    "linkedid" => "1745083326.101",
    "priority" => "1",
    "privilege" => "dialplan,all",
    "uniqueid" => "1745083326.102",
    "value" => "8d29b5dda58c48998e52e620bb5b4589",
    "variable" => "BRIDGEPVTCALLID"
  },
  variables: %{}
}
[2025-04-19 17:22:07.516425Z] %ElixirAmi.Event{
  event: "rtcpreceived",
  source: :asterisk_connection,
  action_id: nil,
  keys: %{
    "pt" => "200(SR)",
    "report0highestsequence" => "18143",
    "mes" => "85.4",
    "privilege" => "reporting,all",
    "channelstatedesc" => "Up",
    "uniqueid" => "1745083326.102",
    "sentntp" => "1745108527.190130",
    "report0fractionlost" => "0",
    "sentpackets" => "9",
    "report0lsr" => "0",
    "linkedid" => "1745083326.101",
    "ssrc" => "0xebaebcaf",
    "exten" => "",
    "channel" => "PJSIP/102-0000003c",
    "report0iajitter" => "0",
    "sentrtp" => "1520",
    "context" => "org_all",
    "connectedlinename" => "103",
    "priority" => "1",
    "rtt" => "0.0000",
    "to" => "192.168.0.16:11695",
    "reportcount" => "1",
    "language" => "en",
    "sentoctets" => "1440",
    "calleridname" => "102",
    "from" => "192.168.0.16:4049",
    "report0cumulativelost" => "0",
    "report0sequencenumbercycles" => "0",
    "calleridnum" => "102",
    "channelstate" => "6",
    "accountcode" => "",
    "report0dlsr" => "0.0000",
    "report0sourcessrc" => "0x2685ec96",
    "connectedlinenum" => "103"
  },
  variables: %{}
}
[2025-04-19 17:22:07.521677Z] %ElixirAmi.Event{
  event: "rtcpreceived",
  source: :asterisk_connection,
  action_id: nil,
  keys: %{
    "pt" => "200(SR)",
    "report0highestsequence" => "1385",
    "mes" => "85.4",
    "privilege" => "reporting,all",
    "channelstatedesc" => "Up",
    "uniqueid" => "1745083326.101",
    "sentntp" => "1745108527.193824",
    "report0fractionlost" => "0",
    "sentpackets" => "10",
    "report0lsr" => "0",
    "linkedid" => "1745083326.101",
    "ssrc" => "0xebaebcaf",
    "exten" => "102",
    "channel" => "PJSIP/103-0000003b",
    "report0iajitter" => "0",
    "sentrtp" => "1544",
    "context" => "org_all",
    "connectedlinename" => "102",
    "priority" => "2",
    "rtt" => "0.0000",
    "to" => "192.168.0.16:15171",
    "reportcount" => "1",
    "language" => "en",
    "sentoctets" => "1600",
    "calleridname" => "103",
    "from" => "192.168.0.16:4051",
    "report0cumulativelost" => "0",
    "report0sequencenumbercycles" => "0",
    "calleridnum" => "103",
    "channelstate" => "6",
    "accountcode" => "",
    "report0dlsr" => "0.0000",
    "report0sourcessrc" => "0x5a555d66",
    "connectedlinenum" => "102"
  },
  variables: %{}
}
[2025-04-19 17:22:09.175513Z] %ElixirAmi.Event{
  event: "rtcpreceived",
  source: :asterisk_connection,
  action_id: nil,
  keys: %{
    "pt" => "200(SR)",
    "report0highestsequence" => "18225",
    "mes" => "85.4",
    "privilege" => "reporting,all",
    "channelstatedesc" => "Up",
    "uniqueid" => "1745083326.102",
    "sentntp" => "1745108528.849053",
    "report0fractionlost" => "0",
    "sentpackets" => "92",
    "report0lsr" => "0",
    "linkedid" => "1745083326.101",
    "ssrc" => "0xebaebcb0",
    "exten" => "",
    "channel" => "PJSIP/102-0000003c",
    "report0iajitter" => "6",
    "sentrtp" => "14792",
    "context" => "org_all",
    "connectedlinename" => "103",
    "priority" => "1",
    "rtt" => "0.0000",
    "to" => "192.168.0.16:11695",
    "reportcount" => "1",
    "language" => "en",
    "sentoctets" => "14720",
    "calleridname" => "102",
    "from" => "192.168.0.16:4049",
    "report0cumulativelost" => "0",
    "report0sequencenumbercycles" => "0",
    "calleridnum" => "102",
    "channelstate" => "6",
    "accountcode" => "",
    "report0dlsr" => "0.0000",
    "report0sourcessrc" => "0x2685ec96",
    "connectedlinenum" => "103"
  },
  variables: %{}
}
[2025-04-19 17:22:09.176149Z] %ElixirAmi.Event{
  event: "rtcpreceived",
  source: :asterisk_connection,
  action_id: nil,
  keys: %{
    "accountcode" => "",
    "calleridname" => "102",
    "calleridnum" => "102",
    "channel" => "PJSIP/102-0000003c",
    "channelstate" => "6",
    "channelstatedesc" => "Up",
    "connectedlinename" => "103",
    "connectedlinenum" => "103",
    "context" => "org_all",
    "exten" => "",
    "from" => "192.168.0.16:4049",
    "language" => "en",
    "linkedid" => "1745083326.101",
    "mes" => "85.4",
    "priority" => "1",
    "privilege" => "reporting,all",
    "pt" => "201(RR)",
    "report0cumulativelost" => "0",
    "report0dlsr" => "0.0000",
    "report0fractionlost" => "0",
    "report0highestsequence" => "18225",
    "report0iajitter" => "6",
    "report0lsr" => "0",
    "report0sequencenumbercycles" => "0",
    "report0sourcessrc" => "0x2685ec96",
    "reportcount" => "1",
    "rtt" => "0.0000",
    "ssrc" => "0x2685ec96",
    "to" => "192.168.0.16:11695",
    "uniqueid" => "1745083326.102"
  },
  variables: %{}
}
[2025-04-19 17:22:09.176470Z] %ElixirAmi.Event{
  event: "varset",
  source: :asterisk_connection,
  action_id: nil,
  keys: %{
    "accountcode" => "",
    "calleridname" => "102",
    "calleridnum" => "102",
    "channel" => "PJSIP/102-0000003c",
    "channelstate" => "6",
    "channelstatedesc" => "Up",
    "connectedlinename" => "103",
    "connectedlinenum" => "103",
    "context" => "org_all",
    "exten" => "",
    "language" => "en",
    "linkedid" => "1745083326.101",
    "priority" => "1",
    "privilege" => "dialplan,all",
    "uniqueid" => "1745083326.102",
    "value" => "ssrc=646311062;themssrc=1826897296;lp=0;rxjitter=0.000750;rxcount=92;txjitter=0.000750;txcount=92;rlp=0;rtt=0.000000;rxmes=85.367289;txmes=0.000000",
    "variable" => "RTPAUDIOQOS"
  },
  variables: %{}
}
[2025-04-19 17:22:09.176722Z] %ElixirAmi.Event{
  event: "varset",
  source: :asterisk_connection,
  action_id: nil,
  keys: %{
    "accountcode" => "",
    "calleridname" => "103",
    "calleridnum" => "103",
    "channel" => "PJSIP/103-0000003b",
    "channelstate" => "6",
    "channelstatedesc" => "Up",
    "connectedlinename" => "102",
    "connectedlinenum" => "102",
    "context" => "org_all",
    "exten" => "102",
    "language" => "en",
    "linkedid" => "1745083326.101",
    "priority" => "2",
    "privilege" => "dialplan,all",
    "uniqueid" => "1745083326.101",
    "value" => "ssrc=646311062;themssrc=1826897296;lp=0;rxjitter=0.000750;rxcount=92;txjitter=0.000750;txcount=92;rlp=0;rtt=0.000000;rxmes=85.367289;txmes=0.000000",
    "variable" => "RTPAUDIOQOSBRIDGED"
  },
  variables: %{}
}
[2025-04-19 17:22:09.176993Z] %ElixirAmi.Event{
  event: "varset",
  source: :asterisk_connection,
  action_id: nil,
  keys: %{
    "accountcode" => "",
    "calleridname" => "102",
    "calleridnum" => "102",
    "channel" => "PJSIP/102-0000003c",
    "channelstate" => "6",
    "channelstatedesc" => "Up",
    "connectedlinename" => "103",
    "connectedlinenum" => "103",
    "context" => "org_all",
    "exten" => "",
    "language" => "en",
    "linkedid" => "1745083326.101",
    "priority" => "1",
    "privilege" => "dialplan,all",
    "uniqueid" => "1745083326.102",
    "value" => "minrxjitter=000.000000;maxrxjitter=000.000875;avgrxjitter=000.000636;stdevrxjitter=000.000215;mintxjitter=000.000000;maxtxjitter=000.000750;avgtxjitter=000.000300;stdevtxjitter=000.000367;",
    "variable" => "RTPAUDIOQOSJITTER"
  },
  variables: %{}
}
[2025-04-19 17:22:09.177277Z] %ElixirAmi.Event{
  event: "varset",
  source: :asterisk_connection,
  action_id: nil,
  keys: %{
    "accountcode" => "",
    "calleridname" => "103",
    "calleridnum" => "103",
    "channel" => "PJSIP/103-0000003b",
    "channelstate" => "6",
    "channelstatedesc" => "Up",
    "connectedlinename" => "102",
    "connectedlinenum" => "102",
    "context" => "org_all",
    "exten" => "102",
    "language" => "en",
    "linkedid" => "1745083326.101",
    "priority" => "2",
    "privilege" => "dialplan,all",
    "uniqueid" => "1745083326.101",
    "value" => "minrxjitter=000.000000;maxrxjitter=000.000875;avgrxjitter=000.000636;stdevrxjitter=000.000215;mintxjitter=000.000000;maxtxjitter=000.000750;avgtxjitter=000.000300;stdevtxjitter=000.000367;",
    "variable" => "RTPAUDIOQOSJITTERBRIDGED"
  },
  variables: %{}
}
[2025-04-19 17:22:09.177495Z] %ElixirAmi.Event{
  event: "varset",
  source: :asterisk_connection,
  action_id: nil,
  keys: %{
    "accountcode" => "",
    "calleridname" => "102",
    "calleridnum" => "102",
    "channel" => "PJSIP/102-0000003c",
    "channelstate" => "6",
    "channelstatedesc" => "Up",
    "connectedlinename" => "103",
    "connectedlinenum" => "103",
    "context" => "org_all",
    "exten" => "",
    "language" => "en",
    "linkedid" => "1745083326.101",
    "priority" => "1",
    "privilege" => "dialplan,all",
    "uniqueid" => "1745083326.102",
    "value" => "minrxlost=000.000000;  maxrxlost=000.000000;  avgrxlost=000.000000;  stdevrxlost=000.000000;  mintxlost=000.000000;  maxtxlost=000.000000;  avgtxlost=000.000000;  stdevtxlost=000.000000;",
    "variable" => "RTPAUDIOQOSLOSS"
  },
  variables: %{}
}
[2025-04-19 17:22:09.177740Z] %ElixirAmi.Event{
  event: "varset",
  source: :asterisk_connection,
  action_id: nil,
  keys: %{
    "accountcode" => "",
    "calleridname" => "103",
    "calleridnum" => "103",
    "channel" => "PJSIP/103-0000003b",
    "channelstate" => "6",
    "channelstatedesc" => "Up",
    "connectedlinename" => "102",
    "connectedlinenum" => "102",
    "context" => "org_all",
    "exten" => "102",
    "language" => "en",
    "linkedid" => "1745083326.101",
    "priority" => "2",
    "privilege" => "dialplan,all",
    "uniqueid" => "1745083326.101",
    "value" => "minrxlost=000.000000;  maxrxlost=000.000000;  avgrxlost=000.000000;  stdevrxlost=000.000000;  mintxlost=000.000000;  maxtxlost=000.000000;  avgtxlost=000.000000;  stdevtxlost=000.000000;",
    "variable" => "RTPAUDIOQOSLOSSBRIDGED"
  },
  variables: %{}
}
[2025-04-19 17:22:09.177961Z] %ElixirAmi.Event{
  event: "varset",
  source: :asterisk_connection,
  action_id: nil,
  keys: %{
    "accountcode" => "",
    "calleridname" => "102",
    "calleridnum" => "102",
    "channel" => "PJSIP/102-0000003c",
    "channelstate" => "6",
    "channelstatedesc" => "Up",
    "connectedlinename" => "103",
    "connectedlinenum" => "103",
    "context" => "org_all",
    "exten" => "",
    "language" => "en",
    "linkedid" => "1745083326.101",
    "priority" => "1",
    "privilege" => "dialplan,all",
    "uniqueid" => "1745083326.102",
    "value" => "minrtt=000.000000;     maxrtt=000.000000;     avgrtt=000.000000;     stdevrtt=000.000000;",
    "variable" => "RTPAUDIOQOSRTT"
  },
  variables: %{}
}
[2025-04-19 17:22:09.178259Z] %ElixirAmi.Event{
  event: "varset",
  source: :asterisk_connection,
  action_id: nil,
  keys: %{
    "accountcode" => "",
    "calleridname" => "103",
    "calleridnum" => "103",
    "channel" => "PJSIP/103-0000003b",
    "channelstate" => "6",
    "channelstatedesc" => "Up",
    "connectedlinename" => "102",
    "connectedlinenum" => "102",
    "context" => "org_all",
    "exten" => "102",
    "language" => "en",
    "linkedid" => "1745083326.101",
    "priority" => "2",
    "privilege" => "dialplan,all",
    "uniqueid" => "1745083326.101",
    "value" => "minrtt=000.000000;     maxrtt=000.000000;     avgrtt=000.000000;     stdevrtt=000.000000;",
    "variable" => "RTPAUDIOQOSRTTBRIDGED"
  },
  variables: %{}
}
[2025-04-19 17:22:09.178501Z] %ElixirAmi.Event{
  event: "varset",
  source: :asterisk_connection,
  action_id: nil,
  keys: %{
    "accountcode" => "",
    "calleridname" => "102",
    "calleridnum" => "102",
    "channel" => "PJSIP/102-0000003c",
    "channelstate" => "6",
    "channelstatedesc" => "Up",
    "connectedlinename" => "103",
    "connectedlinenum" => "103",
    "context" => "org_all",
    "exten" => "",
    "language" => "en",
    "linkedid" => "1745083326.101",
    "priority" => "1",
    "privilege" => "dialplan,all",
    "uniqueid" => "1745083326.102",
    "value" => "minrxmes=000.000000;   maxrxmes=000.000000;   avgrxmes=000.000000;   stdevrxmes=000.000215;   mintxmes=085.367289;   maxtxmes=085.367289;   avgtxmes=085.367289;   stdevtxmes=000.000000;",
    "variable" => "RTPAUDIOQOSMES"
  },
  variables: %{}
}
[2025-04-19 17:22:09.178753Z] %ElixirAmi.Event{
  event: "varset",
  source: :asterisk_connection,
  action_id: nil,
  keys: %{
    "accountcode" => "",
    "calleridname" => "103",
    "calleridnum" => "103",
    "channel" => "PJSIP/103-0000003b",
    "channelstate" => "6",
    "channelstatedesc" => "Up",
    "connectedlinename" => "102",
    "connectedlinenum" => "102",
    "context" => "org_all",
    "exten" => "102",
    "language" => "en",
    "linkedid" => "1745083326.101",
    "priority" => "2",
    "privilege" => "dialplan,all",
    "uniqueid" => "1745083326.101",
    "value" => "minrxmes=000.000000;   maxrxmes=000.000000;   avgrxmes=000.000000;   stdevrxmes=000.000215;   mintxmes=085.367289;   maxtxmes=085.367289;   avgtxmes=085.367289;   stdevtxmes=000.000000;",
    "variable" => "RTPAUDIOQOSMESBRIDGED"
  },
  variables: %{}
}
[2025-04-19 17:22:09.178941Z] %ElixirAmi.Event{
  event: "hanguprequest",
  source: :asterisk_connection,
  action_id: nil,
  keys: %{
    "accountcode" => "",
    "calleridname" => "102",
    "calleridnum" => "102",
    "channel" => "PJSIP/102-0000003c",
    "channelstate" => "6",
    "channelstatedesc" => "Up",
    "connectedlinename" => "103",
    "connectedlinenum" => "103",
    "context" => "org_all",
    "exten" => "",
    "language" => "en",
    "linkedid" => "1745083326.101",
    "priority" => "1",
    "privilege" => "call,all",
    "uniqueid" => "1745083326.102"
  },
  variables: %{}
}
[2025-04-19 17:22:09.179113Z] %ElixirAmi.Event{
  event: "varset",
  source: :asterisk_connection,
  action_id: nil,
  keys: %{
    "accountcode" => "",
    "calleridname" => "102",
    "calleridnum" => "102",
    "channel" => "PJSIP/102-0000003c",
    "channelstate" => "6",
    "channelstatedesc" => "Up",
    "connectedlinename" => "103",
    "connectedlinenum" => "103",
    "context" => "org_all",
    "exten" => "",
    "language" => "en",
    "linkedid" => "1745083326.101",
    "priority" => "1",
    "privilege" => "dialplan,all",
    "uniqueid" => "1745083326.102",
    "value" => "",
    "variable" => "BRIDGEPEER"
  },
  variables: %{}
}
[2025-04-19 17:22:09.179369Z] %ElixirAmi.Event{
  event: "varset",
  source: :asterisk_connection,
  action_id: nil,
  keys: %{
    "accountcode" => "",
    "calleridname" => "102",
    "calleridnum" => "102",
    "channel" => "PJSIP/102-0000003c",
    "channelstate" => "6",
    "channelstatedesc" => "Up",
    "connectedlinename" => "103",
    "connectedlinenum" => "103",
    "context" => "org_all",
    "exten" => "",
    "language" => "en",
    "linkedid" => "1745083326.101",
    "priority" => "1",
    "privilege" => "dialplan,all",
    "uniqueid" => "1745083326.102",
    "value" => "",
    "variable" => "BRIDGEPVTCALLID"
  },
  variables: %{}
}
[2025-04-19 17:22:09.179621Z] %ElixirAmi.Event{
  event: "varset",
  source: :asterisk_connection,
  action_id: nil,
  keys: %{
    "accountcode" => "",
    "calleridname" => "103",
    "calleridnum" => "103",
    "channel" => "PJSIP/103-0000003b",
    "channelstate" => "6",
    "channelstatedesc" => "Up",
    "connectedlinename" => "102",
    "connectedlinenum" => "102",
    "context" => "org_all",
    "exten" => "102",
    "language" => "en",
    "linkedid" => "1745083326.101",
    "priority" => "2",
    "privilege" => "dialplan,all",
    "uniqueid" => "1745083326.101",
    "value" => "",
    "variable" => "BRIDGEPEER"
  },
  variables: %{}
}
[2025-04-19 17:22:09.179846Z] %ElixirAmi.Event{
  event: "varset",
  source: :asterisk_connection,
  action_id: nil,
  keys: %{
    "accountcode" => "",
    "calleridname" => "103",
    "calleridnum" => "103",
    "channel" => "PJSIP/103-0000003b",
    "channelstate" => "6",
    "channelstatedesc" => "Up",
    "connectedlinename" => "102",
    "connectedlinenum" => "102",
    "context" => "org_all",
    "exten" => "102",
    "language" => "en",
    "linkedid" => "1745083326.101",
    "priority" => "2",
    "privilege" => "dialplan,all",
    "uniqueid" => "1745083326.101",
    "value" => "",
    "variable" => "BRIDGEPVTCALLID"
  },
  variables: %{}
}
[2025-04-19 17:22:09.180197Z] %ElixirAmi.Event{
  event: "bridgeleave",
  source: :asterisk_connection,
  action_id: nil,
  keys: %{
    "accountcode" => "",
    "bridgecreator" => "<unknown>",
    "bridgename" => "<unknown>",
    "bridgenumchannels" => "1",
    "bridgetechnology" => "simple_bridge",
    "bridgetype" => "basic",
    "bridgeuniqueid" => "db093b15-5c4c-469b-bb02-fb00fffc6996",
    "bridgevideosourcemode" => "none",
    "calleridname" => "102",
    "calleridnum" => "102",
    "channel" => "PJSIP/102-0000003c",
    "channelstate" => "6",
    "channelstatedesc" => "Up",
    "connectedlinename" => "103",
    "connectedlinenum" => "103",
    "context" => "org_all",
    "exten" => "",
    "language" => "en",
    "linkedid" => "1745083326.101",
    "priority" => "1",
    "privilege" => "call,all",
    "uniqueid" => "1745083326.102"
  },
  variables: %{}
}
[2025-04-19 17:22:09.180566Z] %ElixirAmi.Event{
  event: "bridgeleave",
  source: :asterisk_connection,
  action_id: nil,
  keys: %{
    "accountcode" => "",
    "bridgecreator" => "<unknown>",
    "bridgename" => "<unknown>",
    "bridgenumchannels" => "0",
    "bridgetechnology" => "simple_bridge",
    "bridgetype" => "basic",
    "bridgeuniqueid" => "db093b15-5c4c-469b-bb02-fb00fffc6996",
    "bridgevideosourcemode" => "none",
    "calleridname" => "103",
    "calleridnum" => "103",
    "channel" => "PJSIP/103-0000003b",
    "channelstate" => "6",
    "channelstatedesc" => "Up",
    "connectedlinename" => "102",
    "connectedlinenum" => "102",
    "context" => "org_all",
    "exten" => "102",
    "language" => "en",
    "linkedid" => "1745083326.101",
    "priority" => "2",
    "privilege" => "call,all",
    "uniqueid" => "1745083326.101"
  },
  variables: %{}
}
[2025-04-19 17:22:09.180827Z] %ElixirAmi.Event{
  event: "varset",
  source: :asterisk_connection,
  action_id: nil,
  keys: %{
    "accountcode" => "",
    "calleridname" => "103",
    "calleridnum" => "103",
    "channel" => "PJSIP/103-0000003b",
    "channelstate" => "6",
    "channelstatedesc" => "Up",
    "connectedlinename" => "102",
    "connectedlinenum" => "102",
    "context" => "org_all",
    "exten" => "102",
    "language" => "en",
    "linkedid" => "1745083326.101",
    "priority" => "2",
    "privilege" => "dialplan,all",
    "uniqueid" => "1745083326.101",
    "value" => "1",
    "variable" => "ANSWEREDTIME"
  },
  variables: %{}
}
[2025-04-19 17:22:09.181836Z] %ElixirAmi.Event{
  event: "varset",
  source: :asterisk_connection,
  action_id: nil,
  keys: %{
    "accountcode" => "",
    "calleridname" => "103",
    "calleridnum" => "103",
    "channel" => "PJSIP/103-0000003b",
    "channelstate" => "6",
    "channelstatedesc" => "Up",
    "connectedlinename" => "102",
    "connectedlinenum" => "102",
    "context" => "org_all",
    "exten" => "102",
    "language" => "en",
    "linkedid" => "1745083326.101",
    "priority" => "2",
    "privilege" => "dialplan,all",
    "uniqueid" => "1745083326.101",
    "value" => "1848",
    "variable" => "ANSWEREDTIME_MS"
  },
  variables: %{}
}
[2025-04-19 17:22:09.181995Z] %ElixirAmi.Event{
  event: "varset",
  source: :asterisk_connection,
  action_id: nil,
  keys: %{
    "accountcode" => "",
    "calleridname" => "103",
    "calleridnum" => "103",
    "channel" => "PJSIP/103-0000003b",
    "channelstate" => "6",
    "channelstatedesc" => "Up",
    "connectedlinename" => "102",
    "connectedlinenum" => "102",
    "context" => "org_all",
    "exten" => "102",
    "language" => "en",
    "linkedid" => "1745083326.101",
    "priority" => "2",
    "privilege" => "dialplan,all",
    "uniqueid" => "1745083326.101",
    "value" => "2730",
    "variable" => "DIALEDTIME_MS"
  },
  variables: %{}
}
[2025-04-19 17:22:09.181929Z] %ElixirAmi.Event{
  event: "varset",
  source: :asterisk_connection,
  action_id: nil,
  keys: %{
    "accountcode" => "",
    "calleridname" => "103",
    "calleridnum" => "103",
    "channel" => "PJSIP/103-0000003b",
    "channelstate" => "6",
    "channelstatedesc" => "Up",
    "connectedlinename" => "102",
    "connectedlinenum" => "102",
    "context" => "org_all",
    "exten" => "102",
    "language" => "en",
    "linkedid" => "1745083326.101",
    "priority" => "2",
    "privilege" => "dialplan,all",
    "uniqueid" => "1745083326.101",
    "value" => "2",
    "variable" => "DIALEDTIME"
  },
  variables: %{}
}
[2025-04-19 17:22:09.182045Z] %ElixirAmi.Event{
  event: "varset",
  source: :asterisk_connection,
  action_id: nil,
  keys: %{
    "accountcode" => "",
    "calleridname" => "103",
    "calleridnum" => "103",
    "channel" => "PJSIP/103-0000003b",
    "channelstate" => "6",
    "channelstatedesc" => "Up",
    "connectedlinename" => "102",
    "connectedlinenum" => "102",
    "context" => "org_all",
    "exten" => "102",
    "language" => "en",
    "linkedid" => "1745083326.101",
    "priority" => "2",
    "privilege" => "dialplan,all",
    "uniqueid" => "1745083326.101",
    "value" => "ANSWER",
    "variable" => "DIALSTATUS"
  },
  variables: %{}
}
[2025-04-19 17:22:09.182172Z] %ElixirAmi.Event{
  event: "varset",
  source: :asterisk_connection,
  action_id: nil,
  keys: %{
    "accountcode" => "",
    "calleridname" => "102",
    "calleridnum" => "102",
    "channel" => "PJSIP/102-0000003c",
    "channelstate" => "6",
    "channelstatedesc" => "Up",
    "connectedlinename" => "103",
    "connectedlinenum" => "103",
    "context" => "org_all",
    "exten" => "",
    "language" => "en",
    "linkedid" => "1745083326.101",
    "priority" => "1",
    "privilege" => "dialplan,all",
    "uniqueid" => "1745083326.102",
    "value" => "ssrc=646311062;themssrc=1826897296;lp=0;rxjitter=0.000750;rxcount=92;txjitter=0.000750;txcount=92;rlp=0;rtt=0.000000;rxmes=85.367289;txmes=0.000000",
    "variable" => "RTPAUDIOQOS"
  },
  variables: %{}
}
[2025-04-19 17:22:09.182526Z] %ElixirAmi.Event{
  event: "varset",
  source: :asterisk_connection,
  action_id: nil,
  keys: %{
    "accountcode" => "",
    "calleridname" => "102",
    "calleridnum" => "102",
    "channel" => "PJSIP/102-0000003c",
    "channelstate" => "6",
    "channelstatedesc" => "Up",
    "connectedlinename" => "103",
    "connectedlinenum" => "103",
    "context" => "org_all",
    "exten" => "",
    "language" => "en",
    "linkedid" => "1745083326.101",
    "priority" => "1",
    "privilege" => "dialplan,all",
    "uniqueid" => "1745083326.102",
    "value" => "minrxjitter=000.000000;maxrxjitter=000.000875;avgrxjitter=000.000636;stdevrxjitter=000.000215;mintxjitter=000.000000;maxtxjitter=000.000750;avgtxjitter=000.000300;stdevtxjitter=000.000367;",
    "variable" => "RTPAUDIOQOSJITTER"
  },
  variables: %{}
}
[2025-04-19 17:22:09.182872Z] %ElixirAmi.Event{
  event: "softhanguprequest",
  source: :asterisk_connection,
  action_id: nil,
  keys: %{
    "accountcode" => "",
    "calleridname" => "103",
    "calleridnum" => "103",
    "cause" => "16",
    "channel" => "PJSIP/103-0000003b",
    "channelstate" => "6",
    "channelstatedesc" => "Up",
    "connectedlinename" => "102",
    "connectedlinenum" => "102",
    "context" => "org_all",
    "exten" => "102",
    "language" => "en",
    "linkedid" => "1745083326.101",
    "priority" => "2",
    "privilege" => "call,all",
    "uniqueid" => "1745083326.101"
  },
  variables: %{}
}
[2025-04-19 17:22:09.183083Z] %ElixirAmi.Event{
  event: "varset",
  source: :asterisk_connection,
  action_id: nil,
  keys: %{
    "accountcode" => "",
    "calleridname" => "102",
    "calleridnum" => "102",
    "channel" => "PJSIP/102-0000003c",
    "channelstate" => "6",
    "channelstatedesc" => "Up",
    "connectedlinename" => "103",
    "connectedlinenum" => "103",
    "context" => "org_all",
    "exten" => "",
    "language" => "en",
    "linkedid" => "1745083326.101",
    "priority" => "1",
    "privilege" => "dialplan,all",
    "uniqueid" => "1745083326.102",
    "value" => "minrxlost=000.000000;  maxrxlost=000.000000;  avgrxlost=000.000000;  stdevrxlost=000.000000;  mintxlost=000.000000;  maxtxlost=000.000000;  avgtxlost=000.000000;  stdevtxlost=000.000000;",
    "variable" => "RTPAUDIOQOSLOSS"
  },
  variables: %{}
}
[2025-04-19 17:22:09.183272Z] %ElixirAmi.Event{
  event: "varset",
  source: :asterisk_connection,
  action_id: nil,
  keys: %{
    "accountcode" => "",
    "calleridname" => "102",
    "calleridnum" => "102",
    "channel" => "PJSIP/102-0000003c",
    "channelstate" => "6",
    "channelstatedesc" => "Up",
    "connectedlinename" => "103",
    "connectedlinenum" => "103",
    "context" => "org_all",
    "exten" => "",
    "language" => "en",
    "linkedid" => "1745083326.101",
    "priority" => "1",
    "privilege" => "dialplan,all",
    "uniqueid" => "1745083326.102",
    "value" => "minrtt=000.000000;     maxrtt=000.000000;     avgrtt=000.000000;     stdevrtt=000.000000;",
    "variable" => "RTPAUDIOQOSRTT"
  },
  variables: %{}
}
[2025-04-19 17:22:09.183494Z] %ElixirAmi.Event{
  event: "varset",
  source: :asterisk_connection,
  action_id: nil,
  keys: %{
    "accountcode" => "",
    "calleridname" => "102",
    "calleridnum" => "102",
    "channel" => "PJSIP/102-0000003c",
    "channelstate" => "6",
    "channelstatedesc" => "Up",
    "connectedlinename" => "103",
    "connectedlinenum" => "103",
    "context" => "org_all",
    "exten" => "",
    "language" => "en",
    "linkedid" => "1745083326.101",
    "priority" => "1",
    "privilege" => "dialplan,all",
    "uniqueid" => "1745083326.102",
    "value" => "minrxmes=000.000000;   maxrxmes=000.000000;   avgrxmes=000.000000;   stdevrxmes=000.000215;   mintxmes=085.367289;   maxtxmes=085.367289;   avgtxmes=085.367289;   stdevtxmes=000.000000;",
    "variable" => "RTPAUDIOQOSMES"
  },
  variables: %{}
}
[2025-04-19 17:22:09.183698Z] %ElixirAmi.Event{
  event: "varset",
  source: :asterisk_connection,
  action_id: nil,
  keys: %{
    "accountcode" => "",
    "calleridname" => "103",
    "calleridnum" => "103",
    "channel" => "PJSIP/103-0000003b",
    "channelstate" => "6",
    "channelstatedesc" => "Up",
    "connectedlinename" => "102",
    "connectedlinenum" => "102",
    "context" => "org_all",
    "exten" => "102",
    "language" => "en",
    "linkedid" => "1745083326.101",
    "priority" => "2",
    "privilege" => "dialplan,all",
    "uniqueid" => "1745083326.101",
    "value" => "ssrc=1515543910;themssrc=2113740971;lp=0;rxjitter=0.000000;rxcount=92;txjitter=0.000750;txcount=92;rlp=0;rtt=0.000000;rxmes=85.367289;txmes=0.000000",
    "variable" => "RTPAUDIOQOS"
  },
  variables: %{}
}
[2025-04-19 17:22:09.183864Z] %ElixirAmi.Event{
  event: "varset",
  source: :asterisk_connection,
  action_id: nil,
  keys: %{
    "accountcode" => "",
    "calleridname" => "103",
    "calleridnum" => "103",
    "channel" => "PJSIP/103-0000003b",
    "channelstate" => "6",
    "channelstatedesc" => "Up",
    "connectedlinename" => "102",
    "connectedlinenum" => "102",
    "context" => "org_all",
    "exten" => "102",
    "language" => "en",
    "linkedid" => "1745083326.101",
    "priority" => "2",
    "privilege" => "dialplan,all",
    "uniqueid" => "1745083326.101",
    "value" => "minrxjitter=000.000125;maxrxjitter=000.000875;avgrxjitter=000.000651;stdevrxjitter=000.000204;mintxjitter=000.000000;maxtxjitter=000.000000;avgtxjitter=000.000000;stdevtxjitter=000.000000;",
    "variable" => "RTPAUDIOQOSJITTER"
  },
  variables: %{}
}
[2025-04-19 17:22:09.184103Z] %ElixirAmi.Event{
  event: "varset",
  source: :asterisk_connection,
  action_id: nil,
  keys: %{
    "accountcode" => "",
    "calleridname" => "103",
    "calleridnum" => "103",
    "channel" => "PJSIP/103-0000003b",
    "channelstate" => "6",
    "channelstatedesc" => "Up",
    "connectedlinename" => "102",
    "connectedlinenum" => "102",
    "context" => "org_all",
    "exten" => "102",
    "language" => "en",
    "linkedid" => "1745083326.101",
    "priority" => "2",
    "privilege" => "dialplan,all",
    "uniqueid" => "1745083326.101",
    "value" => "minrxlost=000.000000;  maxrxlost=000.000000;  avgrxlost=000.000000;  stdevrxlost=000.000000;  mintxlost=000.000000;  maxtxlost=000.000000;  avgtxlost=000.000000;  stdevtxlost=000.000000;",
    "variable" => "RTPAUDIOQOSLOSS"
  },
  variables: %{}
}
[2025-04-19 17:22:09.184346Z] %ElixirAmi.Event{
  event: "varset",
  source: :asterisk_connection,
  action_id: nil,
  keys: %{
    "accountcode" => "",
    "calleridname" => "103",
    "calleridnum" => "103",
    "channel" => "PJSIP/103-0000003b",
    "channelstate" => "6",
    "channelstatedesc" => "Up",
    "connectedlinename" => "102",
    "connectedlinenum" => "102",
    "context" => "org_all",
    "exten" => "102",
    "language" => "en",
    "linkedid" => "1745083326.101",
    "priority" => "2",
    "privilege" => "dialplan,all",
    "uniqueid" => "1745083326.101",
    "value" => "minrtt=000.000000;     maxrtt=000.000000;     avgrtt=000.000000;     stdevrtt=000.000000;",
    "variable" => "RTPAUDIOQOSRTT"
  },
  variables: %{}
}
[2025-04-19 17:22:09.184602Z] %ElixirAmi.Event{
  event: "varset",
  source: :asterisk_connection,
  action_id: nil,
  keys: %{
    "accountcode" => "",
    "calleridname" => "103",
    "calleridnum" => "103",
    "channel" => "PJSIP/103-0000003b",
    "channelstate" => "6",
    "channelstatedesc" => "Up",
    "connectedlinename" => "102",
    "connectedlinenum" => "102",
    "context" => "org_all",
    "exten" => "102",
    "language" => "en",
    "linkedid" => "1745083326.101",
    "priority" => "2",
    "privilege" => "dialplan,all",
    "uniqueid" => "1745083326.101",
    "value" => "minrxmes=000.000000;   maxrxmes=000.000000;   avgrxmes=000.000000;   stdevrxmes=000.000204;   mintxmes=085.367289;   maxtxmes=085.367289;   avgtxmes=085.367289;   stdevtxmes=000.000000;",
    "variable" => "RTPAUDIOQOSMES"
  },
  variables: %{}
}
[2025-04-19 17:22:09.184857Z] %ElixirAmi.Event{
  event: "hangup",
  source: :asterisk_connection,
  action_id: nil,
  keys: %{
    "accountcode" => "",
    "calleridname" => "102",
    "calleridnum" => "102",
    "cause" => "16",
    "cause-txt" => "Normal Clearing",
    "channel" => "PJSIP/102-0000003c",
    "channelstate" => "6",
    "channelstatedesc" => "Up",
    "connectedlinename" => "103",
    "connectedlinenum" => "103",
    "context" => "org_all",
    "exten" => "",
    "language" => "en",
    "linkedid" => "1745083326.101",
    "priority" => "1",
    "privilege" => "call,all",
    "uniqueid" => "1745083326.102"
  },
  variables: %{}
}
[2025-04-19 17:22:09.185179Z] %ElixirAmi.Event{
  event: "hangup",
  source: :asterisk_connection,
  action_id: nil,
  keys: %{
    "accountcode" => "",
    "calleridname" => "103",
    "calleridnum" => "103",
    "cause" => "16",
    "cause-txt" => "Normal Clearing",
    "channel" => "PJSIP/103-0000003b",
    "channelstate" => "6",
    "channelstatedesc" => "Up",
    "connectedlinename" => "102",
    "connectedlinenum" => "102",
    "context" => "org_all",
    "exten" => "102",
    "language" => "en",
    "linkedid" => "1745083326.101",
    "priority" => "2",
    "privilege" => "call,all",
    "uniqueid" => "1745083326.101"
  },
  variables: %{}
}
