[2025-04-19 17:18:18.645912Z] %ElixirAmi.Event{
  event: "newchannel",
  source: :asterisk_connection,
  action_id: nil,
  keys: %{
    "accountcode" => "",
    "calleridname" => "103",
    "calleridnum" => "103",
    "channel" => "PJSIP/103-00000039",
    "channelstate" => "4",
    "channelstatedesc" => "Ring",
    "connectedlinename" => "<unknown>",
    "connectedlinenum" => "<unknown>",
    "context" => "org_all",
    "exten" => "102",
    "language" => "en",
    "linkedid" => "1745083098.98",
    "priority" => "1",
    "privilege" => "call,all",
    "uniqueid" => "1745083098.98"
  },
  variables: %{}
}
[2025-04-19 17:18:18.646279Z] %ElixirAmi.Event{
  event: "varset",
  source: :asterisk_connection,
  action_id: nil,
  keys: %{
    "accountcode" => "",
    "calleridname" => "103",
    "calleridnum" => "103",
    "channel" => "PJSIP/103-00000039",
    "channelstate" => "4",
    "channelstatedesc" => "Ring",
    "connectedlinename" => "<unknown>",
    "connectedlinenum" => "<unknown>",
    "context" => "org_all",
    "exten" => "102",
    "language" => "en",
    "linkedid" => "1745083098.98",
    "priority" => "1",
    "privilege" => "dialplan,all",
    "uniqueid" => "1745083098.98",
    "value" => "192.168.0.16",
    "variable" => "SIPDOMAIN"
  },
  variables: %{}
}
[2025-04-19 17:18:18.646745Z] %ElixirAmi.Event{
  event: "newexten",
  source: :asterisk_connection,
  action_id: nil,
  keys: %{
    "accountcode" => "",
    "appdata" => "",
    "application" => "NoOp",
    "calleridname" => "103",
    "calleridnum" => "103",
    "channel" => "PJSIP/103-00000039",
    "channelstate" => "4",
    "channelstatedesc" => "Ring",
    "connectedlinename" => "<unknown>",
    "connectedlinenum" => "<unknown>",
    "context" => "org_all",
    "exten" => "102",
    "extension" => "102",
    "language" => "en",
    "linkedid" => "1745083098.98",
    "priority" => "1",
    "privilege" => "dialplan,all",
    "uniqueid" => "1745083098.98"
  },
  variables: %{}
}
[2025-04-19 17:18:18.646990Z] %ElixirAmi.Event{
  event: "newexten",
  source: :asterisk_connection,
  action_id: nil,
  keys: %{
    "accountcode" => "",
    "appdata" => "PJSIP/102,20,",
    "application" => "Dial",
    "calleridname" => "103",
    "calleridnum" => "103",
    "channel" => "PJSIP/103-00000039",
    "channelstate" => "4",
    "channelstatedesc" => "Ring",
    "connectedlinename" => "<unknown>",
    "connectedlinenum" => "<unknown>",
    "context" => "org_all",
    "exten" => "102",
    "extension" => "102",
    "language" => "en",
    "linkedid" => "1745083098.98",
    "priority" => "2",
    "privilege" => "dialplan,all",
    "uniqueid" => "1745083098.98"
  },
  variables: %{}
}
[2025-04-19 17:18:18.647185Z] %ElixirAmi.Event{
  event: "varset",
  source: :asterisk_connection,
  action_id: nil,
  keys: %{
    "accountcode" => "",
    "calleridname" => "103",
    "calleridnum" => "103",
    "channel" => "PJSIP/103-00000039",
    "channelstate" => "4",
    "channelstatedesc" => "Ring",
    "connectedlinename" => "<unknown>",
    "connectedlinenum" => "<unknown>",
    "context" => "org_all",
    "exten" => "102",
    "language" => "en",
    "linkedid" => "1745083098.98",
    "priority" => "2",
    "privilege" => "dialplan,all",
    "uniqueid" => "1745083098.98",
    "value" => "",
    "variable" => "DIALSTATUS"
  },
  variables: %{}
}
[2025-04-19 17:18:18.647379Z] %ElixirAmi.Event{
  event: "varset",
  source: :asterisk_connection,
  action_id: nil,
  keys: %{
    "accountcode" => "",
    "calleridname" => "103",
    "calleridnum" => "103",
    "channel" => "PJSIP/103-00000039",
    "channelstate" => "4",
    "channelstatedesc" => "Ring",
    "connectedlinename" => "<unknown>",
    "connectedlinenum" => "<unknown>",
    "context" => "org_all",
    "exten" => "102",
    "language" => "en",
    "linkedid" => "1745083098.98",
    "priority" => "2",
    "privilege" => "dialplan,all",
    "uniqueid" => "1745083098.98",
    "value" => "",
    "variable" => "DIALEDPEERNUMBER"
  },
  variables: %{}
}
[2025-04-19 17:18:18.647601Z] %ElixirAmi.Event{
  event: "varset",
  source: :asterisk_connection,
  action_id: nil,
  keys: %{
    "accountcode" => "",
    "calleridname" => "103",
    "calleridnum" => "103",
    "channel" => "PJSIP/103-00000039",
    "channelstate" => "4",
    "channelstatedesc" => "Ring",
    "connectedlinename" => "<unknown>",
    "connectedlinenum" => "<unknown>",
    "context" => "org_all",
    "exten" => "102",
    "language" => "en",
    "linkedid" => "1745083098.98",
    "priority" => "2",
    "privilege" => "dialplan,all",
    "uniqueid" => "1745083098.98",
    "value" => "",
    "variable" => "DIALEDPEERNAME"
  },
  variables: %{}
}
[2025-04-19 17:18:18.647813Z] %ElixirAmi.Event{
  event: "varset",
  source: :asterisk_connection,
  action_id: nil,
  keys: %{
    "accountcode" => "",
    "calleridname" => "103",
    "calleridnum" => "103",
    "channel" => "PJSIP/103-00000039",
    "channelstate" => "4",
    "channelstatedesc" => "Ring",
    "connectedlinename" => "<unknown>",
    "connectedlinenum" => "<unknown>",
    "context" => "org_all",
    "exten" => "102",
    "language" => "en",
    "linkedid" => "1745083098.98",
    "priority" => "2",
    "privilege" => "dialplan,all",
    "uniqueid" => "1745083098.98",
    "value" => "",
    "variable" => "ANSWEREDTIME"
  },
  variables: %{}
}
[2025-04-19 17:18:18.648052Z] %ElixirAmi.Event{
  event: "varset",
  source: :asterisk_connection,
  action_id: nil,
  keys: %{
    "accountcode" => "",
    "calleridname" => "103",
    "calleridnum" => "103",
    "channel" => "PJSIP/103-00000039",
    "channelstate" => "4",
    "channelstatedesc" => "Ring",
    "connectedlinename" => "<unknown>",
    "connectedlinenum" => "<unknown>",
    "context" => "org_all",
    "exten" => "102",
    "language" => "en",
    "linkedid" => "1745083098.98",
    "priority" => "2",
    "privilege" => "dialplan,all",
    "uniqueid" => "1745083098.98",
    "value" => "",
    "variable" => "ANSWEREDTIME_MS"
  },
  variables: %{}
}
[2025-04-19 17:18:18.648273Z] %ElixirAmi.Event{
  event: "varset",
  source: :asterisk_connection,
  action_id: nil,
  keys: %{
    "accountcode" => "",
    "calleridname" => "103",
    "calleridnum" => "103",
    "channel" => "PJSIP/103-00000039",
    "channelstate" => "4",
    "channelstatedesc" => "Ring",
    "connectedlinename" => "<unknown>",
    "connectedlinenum" => "<unknown>",
    "context" => "org_all",
    "exten" => "102",
    "language" => "en",
    "linkedid" => "1745083098.98",
    "priority" => "2",
    "privilege" => "dialplan,all",
    "uniqueid" => "1745083098.98",
    "value" => "",
    "variable" => "DIALEDTIME"
  },
  variables: %{}
}
[2025-04-19 17:18:18.648477Z] %ElixirAmi.Event{
  event: "varset",
  source: :asterisk_connection,
  action_id: nil,
  keys: %{
    "accountcode" => "",
    "calleridname" => "103",
    "calleridnum" => "103",
    "channel" => "PJSIP/103-00000039",
    "channelstate" => "4",
    "channelstatedesc" => "Ring",
    "connectedlinename" => "<unknown>",
    "connectedlinenum" => "<unknown>",
    "context" => "org_all",
    "exten" => "102",
    "language" => "en",
    "linkedid" => "1745083098.98",
    "priority" => "2",
    "privilege" => "dialplan,all",
    "uniqueid" => "1745083098.98",
    "value" => "",
    "variable" => "DIALEDTIME_MS"
  },
  variables: %{}
}
[2025-04-19 17:18:18.648665Z] %ElixirAmi.Event{
  event: "varset",
  source: :asterisk_connection,
  action_id: nil,
  keys: %{
    "accountcode" => "",
    "calleridname" => "103",
    "calleridnum" => "103",
    "channel" => "PJSIP/103-00000039",
    "channelstate" => "4",
    "channelstatedesc" => "Ring",
    "connectedlinename" => "<unknown>",
    "connectedlinenum" => "<unknown>",
    "context" => "org_all",
    "exten" => "102",
    "language" => "en",
    "linkedid" => "1745083098.98",
    "priority" => "2",
    "privilege" => "dialplan,all",
    "uniqueid" => "1745083098.98",
    "value" => "",
    "variable" => "RINGTIME"
  },
  variables: %{}
}
[2025-04-19 17:18:18.648868Z] %ElixirAmi.Event{
  event: "varset",
  source: :asterisk_connection,
  action_id: nil,
  keys: %{
    "accountcode" => "",
    "calleridname" => "103",
    "calleridnum" => "103",
    "channel" => "PJSIP/103-00000039",
    "channelstate" => "4",
    "channelstatedesc" => "Ring",
    "connectedlinename" => "<unknown>",
    "connectedlinenum" => "<unknown>",
    "context" => "org_all",
    "exten" => "102",
    "language" => "en",
    "linkedid" => "1745083098.98",
    "priority" => "2",
    "privilege" => "dialplan,all",
    "uniqueid" => "1745083098.98",
    "value" => "",
    "variable" => "RINGTIME_MS"
  },
  variables: %{}
}
[2025-04-19 17:18:18.649217Z] %ElixirAmi.Event{
  event: "varset",
  source: :asterisk_connection,
  action_id: nil,
  keys: %{
    "accountcode" => "",
    "calleridname" => "103",
    "calleridnum" => "103",
    "channel" => "PJSIP/103-00000039",
    "channelstate" => "4",
    "channelstatedesc" => "Ring",
    "connectedlinename" => "<unknown>",
    "connectedlinenum" => "<unknown>",
    "context" => "org_all",
    "exten" => "102",
    "language" => "en",
    "linkedid" => "1745083098.98",
    "priority" => "2",
    "privilege" => "dialplan,all",
    "uniqueid" => "1745083098.98",
    "value" => "",
    "variable" => "PROGRESSTIME"
  },
  variables: %{}
}
[2025-04-19 17:18:18.649479Z] %ElixirAmi.Event{
  event: "varset",
  source: :asterisk_connection,
  action_id: nil,
  keys: %{
    "accountcode" => "",
    "calleridname" => "103",
    "calleridnum" => "103",
    "channel" => "PJSIP/103-00000039",
    "channelstate" => "4",
    "channelstatedesc" => "Ring",
    "connectedlinename" => "<unknown>",
    "connectedlinenum" => "<unknown>",
    "context" => "org_all",
    "exten" => "102",
    "language" => "en",
    "linkedid" => "1745083098.98",
    "priority" => "2",
    "privilege" => "dialplan,all",
    "uniqueid" => "1745083098.98",
    "value" => "",
    "variable" => "PROGRESSTIME_MS"
  },
  variables: %{}
}
[2025-04-19 17:18:18.649684Z] %ElixirAmi.Event{
  event: "newchannel",
  source: :asterisk_connection,
  action_id: nil,
  keys: %{
    "accountcode" => "",
    "calleridname" => "102",
    "calleridnum" => "102",
    "channel" => "PJSIP/102-0000003a",
    "channelstate" => "0",
    "channelstatedesc" => "Down",
    "connectedlinename" => "<unknown>",
    "connectedlinenum" => "<unknown>",
    "context" => "org_all",
    "exten" => "s",
    "language" => "en",
    "linkedid" => "1745083098.98",
    "priority" => "1",
    "privilege" => "call,all",
    "uniqueid" => "1745083098.99"
  },
  variables: %{}
}
[2025-04-19 17:18:18.650100Z] %ElixirAmi.Event{
  event: "varset",
  source: :asterisk_connection,
  action_id: nil,
  keys: %{
    "accountcode" => "",
    "calleridname" => "102",
    "calleridnum" => "102",
    "channel" => "PJSIP/102-0000003a",
    "channelstate" => "0",
    "channelstatedesc" => "Down",
    "connectedlinename" => "<unknown>",
    "connectedlinenum" => "<unknown>",
    "context" => "org_all",
    "exten" => "s",
    "language" => "en",
    "linkedid" => "1745083098.98",
    "priority" => "1",
    "privilege" => "dialplan,all",
    "uniqueid" => "1745083098.99",
    "value" => "102",
    "variable" => "DIALEDPEERNUMBER"
  },
  variables: %{}
}
[2025-04-19 17:18:18.650288Z] %ElixirAmi.Event{
  event: "newexten",
  source: :asterisk_connection,
  action_id: nil,
  keys: %{
    "accountcode" => "",
    "appdata" => "(Outgoing Line)",
    "application" => "AppDial",
    "calleridname" => "102",
    "calleridnum" => "102",
    "channel" => "PJSIP/102-0000003a",
    "channelstate" => "0",
    "channelstatedesc" => "Down",
    "connectedlinename" => "103",
    "connectedlinenum" => "103",
    "context" => "org_all",
    "exten" => "102",
    "extension" => "102",
    "language" => "en",
    "linkedid" => "1745083098.98",
    "priority" => "1",
    "privilege" => "dialplan,all",
    "uniqueid" => "1745083098.99"
  },
  variables: %{}
}
[2025-04-19 17:18:18.650421Z] %ElixirAmi.Event{
  event: "newconnectedline",
  source: :asterisk_connection,
  action_id: nil,
  keys: %{
    "accountcode" => "",
    "calleridname" => "102",
    "calleridnum" => "102",
    "channel" => "PJSIP/102-0000003a",
    "channelstate" => "0",
    "channelstatedesc" => "Down",
    "connectedlinename" => "103",
    "connectedlinenum" => "103",
    "context" => "org_all",
    "exten" => "102",
    "language" => "en",
    "linkedid" => "1745083098.98",
    "priority" => "1",
    "privilege" => "call,all",
    "uniqueid" => "1745083098.99"
  },
  variables: %{}
}
[2025-04-19 17:18:18.650794Z] %ElixirAmi.Event{
  event: "dialbegin",
  source: :asterisk_connection,
  action_id: nil,
  keys: %{
    "accountcode" => "",
    "calleridname" => "103",
    "calleridnum" => "103",
    "channel" => "PJSIP/103-00000039",
    "channelstate" => "4",
    "channelstatedesc" => "Ring",
    "connectedlinename" => "<unknown>",
    "connectedlinenum" => "<unknown>",
    "context" => "org_all",
    "destaccountcode" => "",
    "destcalleridname" => "102",
    "destcalleridnum" => "102",
    "destchannel" => "PJSIP/102-0000003a",
    "destchannelstate" => "0",
    "destchannelstatedesc" => "Down",
    "destconnectedlinename" => "103",
    "destconnectedlinenum" => "103",
    "destcontext" => "org_all",
    "destexten" => "102",
    "destlanguage" => "en",
    "destlinkedid" => "1745083098.98",
    "destpriority" => "1",
    "destuniqueid" => "1745083098.99",
    "dialstring" => "102",
    "exten" => "102",
    "language" => "en",
    "linkedid" => "1745083098.98",
    "priority" => "2",
    "privilege" => "call,all",
    "uniqueid" => "1745083098.98"
  },
  variables: %{}
}
[2025-04-19 17:18:18.650973Z] %ElixirAmi.Event{
  event: "newconnectedline",
  source: :asterisk_connection,
  action_id: nil,
  keys: %{
    "accountcode" => "",
    "calleridname" => "103",
    "calleridnum" => "103",
    "channel" => "PJSIP/103-00000039",
    "channelstate" => "4",
    "channelstatedesc" => "Ring",
    "connectedlinename" => "102",
    "connectedlinenum" => "102",
    "context" => "org_all",
    "exten" => "102",
    "language" => "en",
    "linkedid" => "1745083098.98",
    "priority" => "2",
    "privilege" => "call,all",
    "uniqueid" => "1745083098.98"
  },
  variables: %{}
}
[2025-04-19 17:18:18.652143Z] %ElixirAmi.Event{
  event: "newstate",
  source: :asterisk_connection,
  action_id: nil,
  keys: %{
    "accountcode" => "",
    "calleridname" => "102",
    "calleridnum" => "102",
    "channel" => "PJSIP/102-0000003a",
    "channelstate" => "5",
    "channelstatedesc" => "Ringing",
    "connectedlinename" => "103",
    "connectedlinenum" => "103",
    "context" => "org_all",
    "exten" => "102",
    "language" => "en",
    "linkedid" => "1745083098.98",
    "priority" => "1",
    "privilege" => "call,all",
    "uniqueid" => "1745083098.99"
  },
  variables: %{}
}
[2025-04-19 17:18:18.652472Z] %ElixirAmi.Event{
  event: "varset",
  source: :asterisk_connection,
  action_id: nil,
  keys: %{
    "accountcode" => "",
    "calleridname" => "103",
    "calleridnum" => "103",
    "channel" => "PJSIP/103-00000039",
    "channelstate" => "4",
    "channelstatedesc" => "Ring",
    "connectedlinename" => "102",
    "connectedlinenum" => "102",
    "context" => "org_all",
    "exten" => "102",
    "language" => "en",
    "linkedid" => "1745083098.98",
    "priority" => "2",
    "privilege" => "dialplan,all",
    "uniqueid" => "1745083098.98",
    "value" => "0",
    "variable" => "RINGTIME"
  },
  variables: %{}
}
[2025-04-19 17:18:18.652676Z] %ElixirAmi.Event{
  event: "varset",
  source: :asterisk_connection,
  action_id: nil,
  keys: %{
    "accountcode" => "",
    "calleridname" => "103",
    "calleridnum" => "103",
    "channel" => "PJSIP/103-00000039",
    "channelstate" => "4",
    "channelstatedesc" => "Ring",
    "connectedlinename" => "102",
    "connectedlinenum" => "102",
    "context" => "org_all",
    "exten" => "102",
    "language" => "en",
    "linkedid" => "1745083098.98",
    "priority" => "2",
    "privilege" => "dialplan,all",
    "uniqueid" => "1745083098.98",
    "value" => "6",
    "variable" => "RINGTIME_MS"
  },
  variables: %{}
}
[2025-04-19 17:18:18.653051Z] %ElixirAmi.Event{
  event: "dialstate",
  source: :asterisk_connection,
  action_id: nil,
  keys: %{
    "accountcode" => "",
    "calleridname" => "103",
    "calleridnum" => "103",
    "channel" => "PJSIP/103-00000039",
    "channelstate" => "4",
    "channelstatedesc" => "Ring",
    "connectedlinename" => "102",
    "connectedlinenum" => "102",
    "context" => "org_all",
    "destaccountcode" => "",
    "destcalleridname" => "102",
    "destcalleridnum" => "102",
    "destchannel" => "PJSIP/102-0000003a",
    "destchannelstate" => "5",
    "destchannelstatedesc" => "Ringing",
    "destconnectedlinename" => "103",
    "destconnectedlinenum" => "103",
    "destcontext" => "org_all",
    "destexten" => "102",
    "destlanguage" => "en",
    "destlinkedid" => "1745083098.98",
    "destpriority" => "1",
    "destuniqueid" => "1745083098.99",
    "dialstatus" => "RINGING",
    "exten" => "102",
    "language" => "en",
    "linkedid" => "1745083098.98",
    "priority" => "2",
    "privilege" => "call,all",
    "uniqueid" => "1745083098.98"
  },
  variables: %{}
}
[2025-04-19 17:18:20.098305Z] %ElixirAmi.Event{
  event: "rtcpreceived",
  source: :asterisk_connection,
  action_id: nil,
  keys: %{
    "accountcode" => "",
    "calleridname" => "102",
    "calleridnum" => "102",
    "channel" => "PJSIP/102-0000003a",
    "channelstate" => "5",
    "channelstatedesc" => "Ringing",
    "connectedlinename" => "103",
    "connectedlinenum" => "103",
    "context" => "org_all",
    "exten" => "102",
    "from" => "192.168.0.16:4047",
    "language" => "en",
    "linkedid" => "1745083098.98",
    "mes" => "85.4",
    "priority" => "1",
    "privilege" => "reporting,all",
    "pt" => "201(RR)",
    "report0cumulativelost" => "0",
    "report0dlsr" => "0.0000",
    "report0fractionlost" => "0",
    "report0highestsequence" => "0",
    "report0iajitter" => "0",
    "report0lsr" => "0",
    "report0sequencenumbercycles" => "0",
    "report0sourcessrc" => "0x00000000",
    "reportcount" => "1",
    "rtt" => "0.0000",
    "ssrc" => "0x00000000",
    "to" => "192.168.0.16:11703",
    "uniqueid" => "1745083098.99"
  },
  variables: %{}
}
[2025-04-19 17:18:20.098640Z] %ElixirAmi.Event{
  event: "rtcpreceived",
  source: :asterisk_connection,
  action_id: nil,
  keys: %{
    "accountcode" => "",
    "calleridname" => "102",
    "calleridnum" => "102",
    "channel" => "PJSIP/102-0000003a",
    "channelstate" => "5",
    "channelstatedesc" => "Ringing",
    "connectedlinename" => "103",
    "connectedlinenum" => "103",
    "context" => "org_all",
    "exten" => "102",
    "from" => "192.168.0.16:4047",
    "language" => "en",
    "linkedid" => "1745083098.98",
    "mes" => "85.4",
    "priority" => "1",
    "privilege" => "reporting,all",
    "pt" => "201(RR)",
    "report0cumulativelost" => "0",
    "report0dlsr" => "0.0000",
    "report0fractionlost" => "0",
    "report0highestsequence" => "0",
    "report0iajitter" => "0",
    "report0lsr" => "0",
    "report0sequencenumbercycles" => "0",
    "report0sourcessrc" => "0x00000000",
    "reportcount" => "1",
    "rtt" => "0.0000",
    "ssrc" => "0x00000000",
    "to" => "192.168.0.16:11703",
    "uniqueid" => "1745083098.99"
  },
  variables: %{}
}
[2025-04-19 17:18:20.098897Z] %ElixirAmi.Event{
  event: "newstate",
  source: :asterisk_connection,
  action_id: nil,
  keys: %{
    "accountcode" => "",
    "calleridname" => "102",
    "calleridnum" => "102",
    "channel" => "PJSIP/102-0000003a",
    "channelstate" => "6",
    "channelstatedesc" => "Up",
    "connectedlinename" => "103",
    "connectedlinenum" => "103",
    "context" => "org_all",
    "exten" => "102",
    "language" => "en",
    "linkedid" => "1745083098.98",
    "priority" => "1",
    "privilege" => "call,all",
    "uniqueid" => "1745083098.99"
  },
  variables: %{}
}
[2025-04-19 17:18:20.099074Z] %ElixirAmi.Event{
  event: "varset",
  source: :asterisk_connection,
  action_id: nil,
  keys: %{
    "accountcode" => "",
    "calleridname" => "103",
    "calleridnum" => "103",
    "channel" => "PJSIP/103-00000039",
    "channelstate" => "4",
    "channelstatedesc" => "Ring",
    "connectedlinename" => "102",
    "connectedlinenum" => "102",
    "context" => "org_all",
    "exten" => "102",
    "language" => "en",
    "linkedid" => "1745083098.98",
    "priority" => "2",
    "privilege" => "dialplan,all",
    "uniqueid" => "1745083098.98",
    "value" => "ANSWER",
    "variable" => "DIALSTATUS"
  },
  variables: %{}
}
[2025-04-19 17:18:20.099367Z] %ElixirAmi.Event{
  event: "varset",
  source: :asterisk_connection,
  action_id: nil,
  keys: %{
    "accountcode" => "",
    "calleridname" => "103",
    "calleridnum" => "103",
    "channel" => "PJSIP/103-00000039",
    "channelstate" => "4",
    "channelstatedesc" => "Ring",
    "connectedlinename" => "102",
    "connectedlinenum" => "102",
    "context" => "org_all",
    "exten" => "102",
    "language" => "en",
    "linkedid" => "1745083098.98",
    "priority" => "2",
    "privilege" => "dialplan,all",
    "uniqueid" => "1745083098.98",
    "value" => "PJSIP/102-0000003a",
    "variable" => "DIALEDPEERNAME"
  },
  variables: %{}
}
[2025-04-19 17:18:20.099615Z] %ElixirAmi.Event{
  event: "varset",
  source: :asterisk_connection,
  action_id: nil,
  keys: %{
    "accountcode" => "",
    "calleridname" => "103",
    "calleridnum" => "103",
    "channel" => "PJSIP/103-00000039",
    "channelstate" => "4",
    "channelstatedesc" => "Ring",
    "connectedlinename" => "102",
    "connectedlinenum" => "102",
    "context" => "org_all",
    "exten" => "102",
    "language" => "en",
    "linkedid" => "1745083098.98",
    "priority" => "2",
    "privilege" => "dialplan,all",
    "uniqueid" => "1745083098.98",
    "value" => "102",
    "variable" => "DIALEDPEERNUMBER"
  },
  variables: %{}
}
[2025-04-19 17:18:20.100207Z] %ElixirAmi.Event{
  event: "dialend",
  source: :asterisk_connection,
  action_id: nil,
  keys: %{
    "accountcode" => "",
    "calleridname" => "103",
    "calleridnum" => "103",
    "channel" => "PJSIP/103-00000039",
    "channelstate" => "4",
    "channelstatedesc" => "Ring",
    "connectedlinename" => "102",
    "connectedlinenum" => "102",
    "context" => "org_all",
    "destaccountcode" => "",
    "destcalleridname" => "102",
    "destcalleridnum" => "102",
    "destchannel" => "PJSIP/102-0000003a",
    "destchannelstate" => "6",
    "destchannelstatedesc" => "Up",
    "destconnectedlinename" => "103",
    "destconnectedlinenum" => "103",
    "destcontext" => "org_all",
    "destexten" => "",
    "destlanguage" => "en",
    "destlinkedid" => "1745083098.98",
    "destpriority" => "1",
    "destuniqueid" => "1745083098.99",
    "dialstatus" => "ANSWER",
    "exten" => "102",
    "language" => "en",
    "linkedid" => "1745083098.98",
    "priority" => "2",
    "privilege" => "call,all",
    "uniqueid" => "1745083098.98"
  },
  variables: %{}
}
[2025-04-19 17:18:20.100601Z] %ElixirAmi.Event{
  event: "newstate",
  source: :asterisk_connection,
  action_id: nil,
  keys: %{
    "accountcode" => "",
    "calleridname" => "103",
    "calleridnum" => "103",
    "channel" => "PJSIP/103-00000039",
    "channelstate" => "6",
    "channelstatedesc" => "Up",
    "connectedlinename" => "102",
    "connectedlinenum" => "102",
    "context" => "org_all",
    "exten" => "102",
    "language" => "en",
    "linkedid" => "1745083098.98",
    "priority" => "2",
    "privilege" => "call,all",
    "uniqueid" => "1745083098.98"
  },
  variables: %{}
}
[2025-04-19 17:18:20.100877Z] %ElixirAmi.Event{
  event: "newexten",
  source: :asterisk_connection,
  action_id: nil,
  keys: %{
    "accountcode" => "",
    "appdata" => "(Outgoing Line)",
    "application" => "AppDial",
    "calleridname" => "102",
    "calleridnum" => "102",
    "channel" => "PJSIP/102-0000003a",
    "channelstate" => "6",
    "channelstatedesc" => "Up",
    "connectedlinename" => "103",
    "connectedlinenum" => "103",
    "context" => "org_all",
    "exten" => "",
    "extension" => "",
    "language" => "en",
    "linkedid" => "1745083098.98",
    "priority" => "1",
    "privilege" => "dialplan,all",
    "uniqueid" => "1745083098.99"
  },
  variables: %{}
}
[2025-04-19 17:18:20.101100Z] %ElixirAmi.Event{
  event: "bridgeenter",
  source: :asterisk_connection,
  action_id: nil,
  keys: %{
    "accountcode" => "",
    "bridgecreator" => "<unknown>",
    "bridgename" => "<unknown>",
    "bridgenumchannels" => "1",
    "bridgetechnology" => "simple_bridge",
    "bridgetype" => "basic",
    "bridgeuniqueid" => "e02f5e6e-9309-4bf5-99c9-728015d77b54",
    "bridgevideosourcemode" => "none",
    "calleridname" => "102",
    "calleridnum" => "102",
    "channel" => "PJSIP/102-0000003a",
    "channelstate" => "6",
    "channelstatedesc" => "Up",
    "connectedlinename" => "103",
    "connectedlinenum" => "103",
    "context" => "org_all",
    "exten" => "",
    "language" => "en",
    "linkedid" => "1745083098.98",
    "priority" => "1",
    "privilege" => "call,all",
    "uniqueid" => "1745083098.99"
  },
  variables: %{}
}
[2025-04-19 17:18:20.101527Z] %ElixirAmi.Event{
  event: "bridgeenter",
  source: :asterisk_connection,
  action_id: nil,
  keys: %{
    "accountcode" => "",
    "bridgecreator" => "<unknown>",
    "bridgename" => "<unknown>",
    "bridgenumchannels" => "2",
    "bridgetechnology" => "simple_bridge",
    "bridgetype" => "basic",
    "bridgeuniqueid" => "e02f5e6e-9309-4bf5-99c9-728015d77b54",
    "bridgevideosourcemode" => "none",
    "calleridname" => "103",
    "calleridnum" => "103",
    "channel" => "PJSIP/103-00000039",
    "channelstate" => "6",
    "channelstatedesc" => "Up",
    "connectedlinename" => "102",
    "connectedlinenum" => "102",
    "context" => "org_all",
    "exten" => "102",
    "language" => "en",
    "linkedid" => "1745083098.98",
    "priority" => "2",
    "privilege" => "call,all",
    "uniqueid" => "1745083098.98"
  },
  variables: %{}
}
[2025-04-19 17:18:20.101764Z] %ElixirAmi.Event{
  event: "varset",
  source: :asterisk_connection,
  action_id: nil,
  keys: %{
    "accountcode" => "",
    "calleridname" => "103",
    "calleridnum" => "103",
    "channel" => "PJSIP/103-00000039",
    "channelstate" => "6",
    "channelstatedesc" => "Up",
    "connectedlinename" => "102",
    "connectedlinenum" => "102",
    "context" => "org_all",
    "exten" => "102",
    "language" => "en",
    "linkedid" => "1745083098.98",
    "priority" => "2",
    "privilege" => "dialplan,all",
    "uniqueid" => "1745083098.98",
    "value" => "PJSIP/102-0000003a",
    "variable" => "BRIDGEPEER"
  },
  variables: %{}
}
[2025-04-19 17:18:20.101968Z] %ElixirAmi.Event{
  event: "varset",
  source: :asterisk_connection,
  action_id: nil,
  keys: %{
    "accountcode" => "",
    "calleridname" => "103",
    "calleridnum" => "103",
    "channel" => "PJSIP/103-00000039",
    "channelstate" => "6",
    "channelstatedesc" => "Up",
    "connectedlinename" => "102",
    "connectedlinenum" => "102",
    "context" => "org_all",
    "exten" => "102",
    "language" => "en",
    "linkedid" => "1745083098.98",
    "priority" => "2",
    "privilege" => "dialplan,all",
    "uniqueid" => "1745083098.98",
    "value" => "7bf4ac5c-cfe6-4c85-a320-0b655171ac3b",
    "variable" => "BRIDGEPVTCALLID"
  },
  variables: %{}
}
[2025-04-19 17:18:20.102198Z] %ElixirAmi.Event{
  event: "varset",
  source: :asterisk_connection,
  action_id: nil,
  keys: %{
    "accountcode" => "",
    "calleridname" => "102",
    "calleridnum" => "102",
    "channel" => "PJSIP/102-0000003a",
    "channelstate" => "6",
    "channelstatedesc" => "Up",
    "connectedlinename" => "103",
    "connectedlinenum" => "103",
    "context" => "org_all",
    "exten" => "",
    "language" => "en",
    "linkedid" => "1745083098.98",
    "priority" => "1",
    "privilege" => "dialplan,all",
    "uniqueid" => "1745083098.99",
    "value" => "PJSIP/103-00000039",
    "variable" => "BRIDGEPEER"
  },
  variables: %{}
}
[2025-04-19 17:18:20.102450Z] %ElixirAmi.Event{
  event: "varset",
  source: :asterisk_connection,
  action_id: nil,
  keys: %{
    "accountcode" => "",
    "calleridname" => "102",
    "calleridnum" => "102",
    "channel" => "PJSIP/102-0000003a",
    "channelstate" => "6",
    "channelstatedesc" => "Up",
    "connectedlinename" => "103",
    "connectedlinenum" => "103",
    "context" => "org_all",
    "exten" => "",
    "language" => "en",
    "linkedid" => "1745083098.98",
    "priority" => "1",
    "privilege" => "dialplan,all",
    "uniqueid" => "1745083098.99",
    "value" => "0bc068887a044925a1d1db0f45f69e22",
    "variable" => "BRIDGEPVTCALLID"
  },
  variables: %{}
}
[2025-04-19 17:18:20.103569Z] %ElixirAmi.Event{
  event: "varset",
  source: :asterisk_connection,
  action_id: nil,
  keys: %{
    "accountcode" => "",
    "calleridname" => "103",
    "calleridnum" => "103",
    "channel" => "PJSIP/103-00000039",
    "channelstate" => "6",
    "channelstatedesc" => "Up",
    "connectedlinename" => "102",
    "connectedlinenum" => "102",
    "context" => "org_all",
    "exten" => "102",
    "language" => "en",
    "linkedid" => "1745083098.98",
    "priority" => "2",
    "privilege" => "dialplan,all",
    "uniqueid" => "1745083098.98",
    "value" => "PJSIP/102-0000003a",
    "variable" => "BRIDGEPEER"
  },
  variables: %{}
}
[2025-04-19 17:18:20.103677Z] %ElixirAmi.Event{
  event: "varset",
  source: :asterisk_connection,
  action_id: nil,
  keys: %{
    "accountcode" => "",
    "calleridname" => "103",
    "calleridnum" => "103",
    "channel" => "PJSIP/103-00000039",
    "channelstate" => "6",
    "channelstatedesc" => "Up",
    "connectedlinename" => "102",
    "connectedlinenum" => "102",
    "context" => "org_all",
    "exten" => "102",
    "language" => "en",
    "linkedid" => "1745083098.98",
    "priority" => "2",
    "privilege" => "dialplan,all",
    "uniqueid" => "1745083098.98",
    "value" => "7bf4ac5c-cfe6-4c85-a320-0b655171ac3b",
    "variable" => "BRIDGEPVTCALLID"
  },
  variables: %{}
}
[2025-04-19 17:18:20.103776Z] %ElixirAmi.Event{
  event: "varset",
  source: :asterisk_connection,
  action_id: nil,
  keys: %{
    "accountcode" => "",
    "calleridname" => "102",
    "calleridnum" => "102",
    "channel" => "PJSIP/102-0000003a",
    "channelstate" => "6",
    "channelstatedesc" => "Up",
    "connectedlinename" => "103",
    "connectedlinenum" => "103",
    "context" => "org_all",
    "exten" => "",
    "language" => "en",
    "linkedid" => "1745083098.98",
    "priority" => "1",
    "privilege" => "dialplan,all",
    "uniqueid" => "1745083098.99",
    "value" => "PJSIP/103-00000039",
    "variable" => "BRIDGEPEER"
  },
  variables: %{}
}
[2025-04-19 17:18:20.103868Z] %ElixirAmi.Event{
  event: "varset",
  source: :asterisk_connection,
  action_id: nil,
  keys: %{
    "accountcode" => "",
    "calleridname" => "102",
    "calleridnum" => "102",
    "channel" => "PJSIP/102-0000003a",
    "channelstate" => "6",
    "channelstatedesc" => "Up",
    "connectedlinename" => "103",
    "connectedlinenum" => "103",
    "context" => "org_all",
    "exten" => "",
    "language" => "en",
    "linkedid" => "1745083098.98",
    "priority" => "1",
    "privilege" => "dialplan,all",
    "uniqueid" => "1745083098.99",
    "value" => "0bc068887a044925a1d1db0f45f69e22",
    "variable" => "BRIDGEPVTCALLID"
  },
  variables: %{}
}
[2025-04-19 17:18:20.104094Z] %ElixirAmi.Event{
  event: "varset",
  source: :asterisk_connection,
  action_id: nil,
  keys: %{
    "accountcode" => "",
    "calleridname" => "103",
    "calleridnum" => "103",
    "channel" => "PJSIP/103-00000039",
    "channelstate" => "6",
    "channelstatedesc" => "Up",
    "connectedlinename" => "102",
    "connectedlinenum" => "102",
    "context" => "org_all",
    "exten" => "102",
    "language" => "en",
    "linkedid" => "1745083098.98",
    "priority" => "2",
    "privilege" => "dialplan,all",
    "uniqueid" => "1745083098.98",
    "value" => "PJSIP/102-0000003a",
    "variable" => "BRIDGEPEER"
  },
  variables: %{}
}
[2025-04-19 17:18:20.104102Z] %ElixirAmi.Event{
  event: "varset",
  source: :asterisk_connection,
  action_id: nil,
  keys: %{
    "accountcode" => "",
    "calleridname" => "103",
    "calleridnum" => "103",
    "channel" => "PJSIP/103-00000039",
    "channelstate" => "6",
    "channelstatedesc" => "Up",
    "connectedlinename" => "102",
    "connectedlinenum" => "102",
    "context" => "org_all",
    "exten" => "102",
    "language" => "en",
    "linkedid" => "1745083098.98",
    "priority" => "2",
    "privilege" => "dialplan,all",
    "uniqueid" => "1745083098.98",
    "value" => "7bf4ac5c-cfe6-4c85-a320-0b655171ac3b",
    "variable" => "BRIDGEPVTCALLID"
  },
  variables: %{}
}
[2025-04-19 17:18:20.104316Z] %ElixirAmi.Event{
  event: "varset",
  source: :asterisk_connection,
  action_id: nil,
  keys: %{
    "accountcode" => "",
    "calleridname" => "102",
    "calleridnum" => "102",
    "channel" => "PJSIP/102-0000003a",
    "channelstate" => "6",
    "channelstatedesc" => "Up",
    "connectedlinename" => "103",
    "connectedlinenum" => "103",
    "context" => "org_all",
    "exten" => "",
    "language" => "en",
    "linkedid" => "1745083098.98",
    "priority" => "1",
    "privilege" => "dialplan,all",
    "uniqueid" => "1745083098.99",
    "value" => "PJSIP/103-00000039",
    "variable" => "BRIDGEPEER"
  },
  variables: %{}
}
[2025-04-19 17:18:20.104493Z] %ElixirAmi.Event{
  event: "varset",
  source: :asterisk_connection,
  action_id: nil,
  keys: %{
    "accountcode" => "",
    "calleridname" => "102",
    "calleridnum" => "102",
    "channel" => "PJSIP/102-0000003a",
    "channelstate" => "6",
    "channelstatedesc" => "Up",
    "connectedlinename" => "103",
    "connectedlinenum" => "103",
    "context" => "org_all",
    "exten" => "",
    "language" => "en",
    "linkedid" => "1745083098.98",
    "priority" => "1",
    "privilege" => "dialplan,all",
    "uniqueid" => "1745083098.99",
    "value" => "0bc068887a044925a1d1db0f45f69e22",
    "variable" => "BRIDGEPVTCALLID"
  },
  variables: %{}
}
[2025-04-19 17:18:20.104787Z] %ElixirAmi.Event{
  event: "rtcpreceived",
  source: :asterisk_connection,
  action_id: nil,
  keys: %{
    "accountcode" => "",
    "calleridname" => "103",
    "calleridnum" => "103",
    "channel" => "PJSIP/103-00000039",
    "channelstate" => "6",
    "channelstatedesc" => "Up",
    "connectedlinename" => "102",
    "connectedlinenum" => "102",
    "context" => "org_all",
    "exten" => "102",
    "from" => "192.168.0.16:4049",
    "language" => "en",
    "linkedid" => "1745083098.98",
    "mes" => "85.4",
    "priority" => "2",
    "privilege" => "reporting,all",
    "pt" => "201(RR)",
    "report0cumulativelost" => "0",
    "report0dlsr" => "0.0000",
    "report0fractionlost" => "0",
    "report0highestsequence" => "0",
    "report0iajitter" => "0",
    "report0lsr" => "0",
    "report0sequencenumbercycles" => "0",
    "report0sourcessrc" => "0x00000000",
    "reportcount" => "1",
    "rtt" => "0.0000",
    "ssrc" => "0x00000000",
    "to" => "192.168.0.16:11851",
    "uniqueid" => "1745083098.98"
  },
  variables: %{}
}
[2025-04-19 17:18:20.105048Z] %ElixirAmi.Event{
  event: "rtcpreceived",
  source: :asterisk_connection,
  action_id: nil,
  keys: %{
    "accountcode" => "",
    "calleridname" => "103",
    "calleridnum" => "103",
    "channel" => "PJSIP/103-00000039",
    "channelstate" => "6",
    "channelstatedesc" => "Up",
    "connectedlinename" => "102",
    "connectedlinenum" => "102",
    "context" => "org_all",
    "exten" => "102",
    "from" => "192.168.0.16:4049",
    "language" => "en",
    "linkedid" => "1745083098.98",
    "mes" => "85.4",
    "priority" => "2",
    "privilege" => "reporting,all",
    "pt" => "201(RR)",
    "report0cumulativelost" => "0",
    "report0dlsr" => "0.0000",
    "report0fractionlost" => "0",
    "report0highestsequence" => "0",
    "report0iajitter" => "0",
    "report0lsr" => "0",
    "report0sequencenumbercycles" => "0",
    "report0sourcessrc" => "0x00000000",
    "reportcount" => "1",
    "rtt" => "0.0000",
    "ssrc" => "0x00000000",
    "to" => "192.168.0.16:11851",
    "uniqueid" => "1745083098.98"
  },
  variables: %{}
}
[2025-04-19 17:18:20.105864Z] %ElixirAmi.Event{
  event: "varset",
  source: :asterisk_connection,
  action_id: nil,
  keys: %{
    "accountcode" => "",
    "calleridname" => "103",
    "calleridnum" => "103",
    "channel" => "PJSIP/103-00000039",
    "channelstate" => "6",
    "channelstatedesc" => "Up",
    "connectedlinename" => "102",
    "connectedlinenum" => "102",
    "context" => "org_all",
    "exten" => "102",
    "language" => "en",
    "linkedid" => "1745083098.98",
    "priority" => "2",
    "privilege" => "dialplan,all",
    "uniqueid" => "1745083098.98",
    "value" => "/home/rawmn/AsteriskConnector/priv/recordings/103_102_2025-04-191745083098.98.wav",
    "variable" => "MIXMONITOR_FILENAME"
  },
  variables: %{}
}
[2025-04-19 17:18:20.106027Z] %ElixirAmi.Event{
  event: "mixmonitorstart",
  source: :asterisk_connection,
  action_id: nil,
  keys: %{
    "accountcode" => "",
    "calleridname" => "103",
    "calleridnum" => "103",
    "channel" => "PJSIP/103-00000039",
    "channelstate" => "6",
    "channelstatedesc" => "Up",
    "connectedlinename" => "102",
    "connectedlinenum" => "102",
    "context" => "org_all",
    "exten" => "102",
    "language" => "en",
    "linkedid" => "1745083098.98",
    "priority" => "2",
    "privilege" => "call,all",
    "uniqueid" => "1745083098.98"
  },
  variables: %{}
}
[2025-04-19 17:18:20.106286Z] %ElixirAmi.Event{
  event: "varset",
  source: :asterisk_connection,
  action_id: nil,
  keys: %{
    "accountcode" => "",
    "calleridname" => "103",
    "calleridnum" => "103",
    "channel" => "PJSIP/103-00000039",
    "channelstate" => "6",
    "channelstatedesc" => "Up",
    "connectedlinename" => "102",
    "connectedlinenum" => "102",
    "context" => "org_all",
    "exten" => "102",
    "language" => "en",
    "linkedid" => "1745083098.98",
    "priority" => "2",
    "privilege" => "dialplan,all",
    "uniqueid" => "1745083098.98",
    "value" => "PJSIP/102-0000003a",
    "variable" => "BRIDGEPEER"
  },
  variables: %{}
}
[2025-04-19 17:18:20.106529Z] %ElixirAmi.Event{
  event: "varset",
  source: :asterisk_connection,
  action_id: nil,
  keys: %{
    "accountcode" => "",
    "calleridname" => "103",
    "calleridnum" => "103",
    "channel" => "PJSIP/103-00000039",
    "channelstate" => "6",
    "channelstatedesc" => "Up",
    "connectedlinename" => "102",
    "connectedlinenum" => "102",
    "context" => "org_all",
    "exten" => "102",
    "language" => "en",
    "linkedid" => "1745083098.98",
    "priority" => "2",
    "privilege" => "dialplan,all",
    "uniqueid" => "1745083098.98",
    "value" => "7bf4ac5c-cfe6-4c85-a320-0b655171ac3b",
    "variable" => "BRIDGEPVTCALLID"
  },
  variables: %{}
}
[2025-04-19 17:18:20.106707Z] %ElixirAmi.Event{
  event: "varset",
  source: :asterisk_connection,
  action_id: nil,
  keys: %{
    "accountcode" => "",
    "calleridname" => "102",
    "calleridnum" => "102",
    "channel" => "PJSIP/102-0000003a",
    "channelstate" => "6",
    "channelstatedesc" => "Up",
    "connectedlinename" => "103",
    "connectedlinenum" => "103",
    "context" => "org_all",
    "exten" => "",
    "language" => "en",
    "linkedid" => "1745083098.98",
    "priority" => "1",
    "privilege" => "dialplan,all",
    "uniqueid" => "1745083098.99",
    "value" => "PJSIP/103-00000039",
    "variable" => "BRIDGEPEER"
  },
  variables: %{}
}
[2025-04-19 17:18:20.107011Z] %ElixirAmi.Event{
  event: "varset",
  source: :asterisk_connection,
  action_id: nil,
  keys: %{
    "accountcode" => "",
    "calleridname" => "102",
    "calleridnum" => "102",
    "channel" => "PJSIP/102-0000003a",
    "channelstate" => "6",
    "channelstatedesc" => "Up",
    "connectedlinename" => "103",
    "connectedlinenum" => "103",
    "context" => "org_all",
    "exten" => "",
    "language" => "en",
    "linkedid" => "1745083098.98",
    "priority" => "1",
    "privilege" => "dialplan,all",
    "uniqueid" => "1745083098.99",
    "value" => "0bc068887a044925a1d1db0f45f69e22",
    "variable" => "BRIDGEPVTCALLID"
  },
  variables: %{}
}
[2025-04-19 17:18:20.107154Z] %ElixirAmi.Event{
  event: "varset",
  source: :asterisk_connection,
  action_id: nil,
  keys: %{
    "accountcode" => "",
    "calleridname" => "103",
    "calleridnum" => "103",
    "channel" => "PJSIP/103-00000039",
    "channelstate" => "6",
    "channelstatedesc" => "Up",
    "connectedlinename" => "102",
    "connectedlinenum" => "102",
    "context" => "org_all",
    "exten" => "102",
    "language" => "en",
    "linkedid" => "1745083098.98",
    "priority" => "2",
    "privilege" => "dialplan,all",
    "uniqueid" => "1745083098.98",
    "value" => "PJSIP/102-0000003a",
    "variable" => "BRIDGEPEER"
  },
  variables: %{}
}
[2025-04-19 17:18:20.107345Z] %ElixirAmi.Event{
  event: "varset",
  source: :asterisk_connection,
  action_id: nil,
  keys: %{
    "accountcode" => "",
    "calleridname" => "103",
    "calleridnum" => "103",
    "channel" => "PJSIP/103-00000039",
    "channelstate" => "6",
    "channelstatedesc" => "Up",
    "connectedlinename" => "102",
    "connectedlinenum" => "102",
    "context" => "org_all",
    "exten" => "102",
    "language" => "en",
    "linkedid" => "1745083098.98",
    "priority" => "2",
    "privilege" => "dialplan,all",
    "uniqueid" => "1745083098.98",
    "value" => "7bf4ac5c-cfe6-4c85-a320-0b655171ac3b",
    "variable" => "BRIDGEPVTCALLID"
  },
  variables: %{}
}
[2025-04-19 17:18:20.107555Z] %ElixirAmi.Event{
  event: "varset",
  source: :asterisk_connection,
  action_id: nil,
  keys: %{
    "accountcode" => "",
    "calleridname" => "102",
    "calleridnum" => "102",
    "channel" => "PJSIP/102-0000003a",
    "channelstate" => "6",
    "channelstatedesc" => "Up",
    "connectedlinename" => "103",
    "connectedlinenum" => "103",
    "context" => "org_all",
    "exten" => "",
    "language" => "en",
    "linkedid" => "1745083098.98",
    "priority" => "1",
    "privilege" => "dialplan,all",
    "uniqueid" => "1745083098.99",
    "value" => "PJSIP/103-00000039",
    "variable" => "BRIDGEPEER"
  },
  variables: %{}
}
[2025-04-19 17:18:20.107866Z] %ElixirAmi.Event{
  event: "varset",
  source: :asterisk_connection,
  action_id: nil,
  keys: %{
    "accountcode" => "",
    "calleridname" => "102",
    "calleridnum" => "102",
    "channel" => "PJSIP/102-0000003a",
    "channelstate" => "6",
    "channelstatedesc" => "Up",
    "connectedlinename" => "103",
    "connectedlinenum" => "103",
    "context" => "org_all",
    "exten" => "",
    "language" => "en",
    "linkedid" => "1745083098.98",
    "priority" => "1",
    "privilege" => "dialplan,all",
    "uniqueid" => "1745083098.99",
    "value" => "0bc068887a044925a1d1db0f45f69e22",
    "variable" => "BRIDGEPVTCALLID"
  },
  variables: %{}
}
[2025-04-19 17:18:20.108011Z] %ElixirAmi.Event{
  event: "varset",
  source: :asterisk_connection,
  action_id: nil,
  keys: %{
    "accountcode" => "",
    "calleridname" => "103",
    "calleridnum" => "103",
    "channel" => "PJSIP/103-00000039",
    "channelstate" => "6",
    "channelstatedesc" => "Up",
    "connectedlinename" => "102",
    "connectedlinenum" => "102",
    "context" => "org_all",
    "exten" => "102",
    "language" => "en",
    "linkedid" => "1745083098.98",
    "priority" => "2",
    "privilege" => "dialplan,all",
    "uniqueid" => "1745083098.98",
    "value" => "PJSIP/102-0000003a",
    "variable" => "BRIDGEPEER"
  },
  variables: %{}
}
[2025-04-19 17:18:20.108203Z] %ElixirAmi.Event{
  event: "varset",
  source: :asterisk_connection,
  action_id: nil,
  keys: %{
    "accountcode" => "",
    "calleridname" => "103",
    "calleridnum" => "103",
    "channel" => "PJSIP/103-00000039",
    "channelstate" => "6",
    "channelstatedesc" => "Up",
    "connectedlinename" => "102",
    "connectedlinenum" => "102",
    "context" => "org_all",
    "exten" => "102",
    "language" => "en",
    "linkedid" => "1745083098.98",
    "priority" => "2",
    "privilege" => "dialplan,all",
    "uniqueid" => "1745083098.98",
    "value" => "7bf4ac5c-cfe6-4c85-a320-0b655171ac3b",
    "variable" => "BRIDGEPVTCALLID"
  },
  variables: %{}
}
[2025-04-19 17:18:20.108469Z] %ElixirAmi.Event{
  event: "varset",
  source: :asterisk_connection,
  action_id: nil,
  keys: %{
    "accountcode" => "",
    "calleridname" => "102",
    "calleridnum" => "102",
    "channel" => "PJSIP/102-0000003a",
    "channelstate" => "6",
    "channelstatedesc" => "Up",
    "connectedlinename" => "103",
    "connectedlinenum" => "103",
    "context" => "org_all",
    "exten" => "",
    "language" => "en",
    "linkedid" => "1745083098.98",
    "priority" => "1",
    "privilege" => "dialplan,all",
    "uniqueid" => "1745083098.99",
    "value" => "PJSIP/103-00000039",
    "variable" => "BRIDGEPEER"
  },
  variables: %{}
}
[2025-04-19 17:18:20.108676Z] %ElixirAmi.Event{
  event: "varset",
  source: :asterisk_connection,
  action_id: nil,
  keys: %{
    "accountcode" => "",
    "calleridname" => "102",
    "calleridnum" => "102",
    "channel" => "PJSIP/102-0000003a",
    "channelstate" => "6",
    "channelstatedesc" => "Up",
    "connectedlinename" => "103",
    "connectedlinenum" => "103",
    "context" => "org_all",
    "exten" => "",
    "language" => "en",
    "linkedid" => "1745083098.98",
    "priority" => "1",
    "privilege" => "dialplan,all",
    "uniqueid" => "1745083098.99",
    "value" => "0bc068887a044925a1d1db0f45f69e22",
    "variable" => "BRIDGEPVTCALLID"
  },
  variables: %{}
}
[2025-04-19 17:18:20.114691Z] %ElixirAmi.Event{
  event: "varset",
  source: :asterisk_connection,
  action_id: nil,
  keys: %{
    "accountcode" => "",
    "calleridname" => "103",
    "calleridnum" => "103",
    "channel" => "PJSIP/103-00000039",
    "channelstate" => "6",
    "channelstatedesc" => "Up",
    "connectedlinename" => "102",
    "connectedlinenum" => "102",
    "context" => "org_all",
    "exten" => "102",
    "language" => "en",
    "linkedid" => "1745083098.98",
    "priority" => "2",
    "privilege" => "dialplan,all",
    "uniqueid" => "1745083098.98",
    "value" => "PJSIP/102-0000003a",
    "variable" => "BRIDGEPEER"
  },
  variables: %{}
}
[2025-04-19 17:18:20.114912Z] %ElixirAmi.Event{
  event: "varset",
  source: :asterisk_connection,
  action_id: nil,
  keys: %{
    "accountcode" => "",
    "calleridname" => "103",
    "calleridnum" => "103",
    "channel" => "PJSIP/103-00000039",
    "channelstate" => "6",
    "channelstatedesc" => "Up",
    "connectedlinename" => "102",
    "connectedlinenum" => "102",
    "context" => "org_all",
    "exten" => "102",
    "language" => "en",
    "linkedid" => "1745083098.98",
    "priority" => "2",
    "privilege" => "dialplan,all",
    "uniqueid" => "1745083098.98",
    "value" => "7bf4ac5c-cfe6-4c85-a320-0b655171ac3b",
    "variable" => "BRIDGEPVTCALLID"
  },
  variables: %{}
}
[2025-04-19 17:18:20.115121Z] %ElixirAmi.Event{
  event: "varset",
  source: :asterisk_connection,
  action_id: nil,
  keys: %{
    "accountcode" => "",
    "calleridname" => "102",
    "calleridnum" => "102",
    "channel" => "PJSIP/102-0000003a",
    "channelstate" => "6",
    "channelstatedesc" => "Up",
    "connectedlinename" => "103",
    "connectedlinenum" => "103",
    "context" => "org_all",
    "exten" => "",
    "language" => "en",
    "linkedid" => "1745083098.98",
    "priority" => "1",
    "privilege" => "dialplan,all",
    "uniqueid" => "1745083098.99",
    "value" => "PJSIP/103-00000039",
    "variable" => "BRIDGEPEER"
  },
  variables: %{}
}
[2025-04-19 17:18:20.115405Z] %ElixirAmi.Event{
  event: "varset",
  source: :asterisk_connection,
  action_id: nil,
  keys: %{
    "accountcode" => "",
    "calleridname" => "102",
    "calleridnum" => "102",
    "channel" => "PJSIP/102-0000003a",
    "channelstate" => "6",
    "channelstatedesc" => "Up",
    "connectedlinename" => "103",
    "connectedlinenum" => "103",
    "context" => "org_all",
    "exten" => "",
    "language" => "en",
    "linkedid" => "1745083098.98",
    "priority" => "1",
    "privilege" => "dialplan,all",
    "uniqueid" => "1745083098.99",
    "value" => "0bc068887a044925a1d1db0f45f69e22",
    "variable" => "BRIDGEPVTCALLID"
  },
  variables: %{}
}
[2025-04-19 17:18:20.288606Z] %ElixirAmi.Event{
  event: "rtcpreceived",
  source: :asterisk_connection,
  action_id: nil,
  keys: %{
    "pt" => "200(SR)",
    "report0highestsequence" => "24697",
    "mes" => "85.4",
    "privilege" => "reporting,all",
    "channelstatedesc" => "Up",
    "uniqueid" => "1745083098.98",
    "sentntp" => "1745108300.189162",
    "report0fractionlost" => "0",
    "sentpackets" => "10",
    "report0lsr" => "0",
    "linkedid" => "1745083098.98",
    "ssrc" => "0xebaebbcc",
    "exten" => "102",
    "channel" => "PJSIP/103-00000039",
    "report0iajitter" => "0",
    "sentrtp" => "1512",
    "context" => "org_all",
    "connectedlinename" => "102",
    "priority" => "2",
    "rtt" => "0.0000",
    "to" => "192.168.0.16:11851",
    "reportcount" => "1",
    "language" => "en",
    "sentoctets" => "1600",
    "calleridname" => "103",
    "from" => "192.168.0.16:4049",
    "report0cumulativelost" => "0",
    "report0sequencenumbercycles" => "0",
    "calleridnum" => "103",
    "channelstate" => "6",
    "accountcode" => "",
    "report0dlsr" => "0.0000",
    "report0sourcessrc" => "0x1a5128da",
    "connectedlinenum" => "102"
  },
  variables: %{}
}
[2025-04-19 17:18:20.298943Z] %ElixirAmi.Event{
  event: "rtcpreceived",
  source: :asterisk_connection,
  action_id: nil,
  keys: %{
    "pt" => "200(SR)",
    "report0highestsequence" => "25793",
    "mes" => "85.4",
    "privilege" => "reporting,all",
    "channelstatedesc" => "Up",
    "uniqueid" => "1745083098.99",
    "sentntp" => "1745108300.201485",
    "report0fractionlost" => "255",
    "sentpackets" => "10",
    "report0lsr" => "0",
    "linkedid" => "1745083098.98",
    "ssrc" => "0xebaebbcc",
    "exten" => "",
    "channel" => "PJSIP/102-0000003a",
    "report0iajitter" => "0",
    "sentrtp" => "1608",
    "context" => "org_all",
    "connectedlinename" => "103",
    "priority" => "1",
    "rtt" => "0.0000",
    "to" => "192.168.0.16:11703",
    "reportcount" => "1",
    "language" => "en",
    "sentoctets" => "1600",
    "calleridname" => "102",
    "from" => "192.168.0.16:4047",
    "report0cumulativelost" => "0",
    "report0sequencenumbercycles" => "0",
    "calleridnum" => "102",
    "channelstate" => "6",
    "accountcode" => "",
    "report0dlsr" => "0.0000",
    "report0sourcessrc" => "0x2521526d",
    "connectedlinenum" => "103"
  },
  variables: %{}
}
[2025-04-19 17:18:24.941770Z] %ElixirAmi.Event{
  event: "rtcpreceived",
  source: :asterisk_connection,
  action_id: nil,
  keys: %{
    "pt" => "200(SR)",
    "report0highestsequence" => "24929",
    "mes" => "85.4",
    "privilege" => "reporting,all",
    "channelstatedesc" => "Up",
    "uniqueid" => "1745083098.98",
    "sentntp" => "1745108304.842325",
    "report0fractionlost" => "0",
    "sentpackets" => "242",
    "report0lsr" => "0",
    "linkedid" => "1745083098.98",
    "ssrc" => "0xebaebbd0",
    "exten" => "102",
    "channel" => "PJSIP/103-00000039",
    "report0iajitter" => "9",
    "sentrtp" => "38736",
    "context" => "org_all",
    "connectedlinename" => "102",
    "priority" => "2",
    "rtt" => "0.0000",
    "to" => "192.168.0.16:11851",
    "reportcount" => "1",
    "language" => "en",
    "sentoctets" => "38720",
    "calleridname" => "103",
    "from" => "192.168.0.16:4049",
    "report0cumulativelost" => "0",
    "report0sequencenumbercycles" => "0",
    "calleridnum" => "103",
    "channelstate" => "6",
    "accountcode" => "",
    "report0dlsr" => "0.0000",
    "report0sourcessrc" => "0x1a5128da",
    "connectedlinenum" => "102"
  },
  variables: %{}
}
[2025-04-19 17:18:25.099998Z] %ElixirAmi.Event{
  event: "rtcpsent",
  source: :asterisk_connection,
  action_id: nil,
  keys: %{
    "pt" => "200(SR)",
    "report0highestsequence" => "19705",
    "mes" => "85.4",
    "privilege" => "reporting,all",
    "channelstatedesc" => "Up",
    "uniqueid" => "1745083098.98",
    "sentntp" => "1745083105.099466",
    "report0fractionlost" => "0",
    "sentpackets" => "250",
    "report0lsr" => "3151026082",
    "linkedid" => "1745083098.98",
    "ssrc" => "0x1a5128da",
    "exten" => "102",
    "channel" => "PJSIP/103-00000039",
    "report0iajitter" => "5",
    "sentrtp" => "40000",
    "context" => "org_all",
    "connectedlinename" => "102",
    "priority" => "2",
    "to" => "192.168.0.16:4049",
    "reportcount" => "1",
    "language" => "en",
    "sentoctets" => "40000",
    "calleridname" => "103",
    "from" => "192.168.0.16:11851",
    "report0cumulativelost" => "0",
    "report0sequencenumbercycles" => "0",
    "calleridnum" => "103",
    "channelstate" => "6",
    "accountcode" => "",
    "report0dlsr" => "0.1580",
    "report0sourcessrc" => "0x2521526d",
    "connectedlinenum" => "102"
  },
  variables: %{}
}
[2025-04-19 17:18:25.107935Z] %ElixirAmi.Event{
  event: "rtcpsent",
  source: :asterisk_connection,
  action_id: nil,
  keys: %{
    "pt" => "200(SR)",
    "report0highestsequence" => "32303",
    "mes" => "85.4",
    "privilege" => "reporting,all",
    "channelstatedesc" => "Up",
    "uniqueid" => "1745083098.99",
    "sentntp" => "1745083105.107558",
    "report0fractionlost" => "0",
    "sentpackets" => "251",
    "report0lsr" => "3150721940",
    "linkedid" => "1745083098.98",
    "ssrc" => "0x2b63ef8b",
    "exten" => "",
    "channel" => "PJSIP/102-0000003a",
    "report0iajitter" => "9",
    "sentrtp" => "40160",
    "context" => "org_all",
    "connectedlinename" => "103",
    "priority" => "1",
    "to" => "192.168.0.16:4047",
    "reportcount" => "1",
    "language" => "en",
    "sentoctets" => "40160",
    "calleridname" => "102",
    "from" => "192.168.0.16:11703",
    "report0cumulativelost" => "0",
    "report0sequencenumbercycles" => "0",
    "calleridnum" => "102",
    "channelstate" => "6",
    "accountcode" => "",
    "report0dlsr" => "4.8090",
    "report0sourcessrc" => "0x1b346b95",
    "connectedlinenum" => "103"
  },
  variables: %{}
}
[2025-04-19 17:18:25.330203Z] %ElixirAmi.Event{
  event: "rtcpreceived",
  source: :asterisk_connection,
  action_id: nil,
  keys: %{
    "pt" => "200(SR)",
    "report0highestsequence" => "26044",
    "mes" => "85.4",
    "privilege" => "reporting,all",
    "channelstatedesc" => "Up",
    "uniqueid" => "1745083098.99",
    "sentntp" => "1745108305.232633",
    "report0fractionlost" => "0",
    "sentpackets" => "261",
    "report0lsr" => "1499536264",
    "linkedid" => "1745083098.98",
    "ssrc" => "0xebaebbd1",
    "exten" => "",
    "channel" => "PJSIP/102-0000003a",
    "report0iajitter" => "5",
    "sentrtp" => "41856",
    "context" => "org_all",
    "connectedlinename" => "103",
    "priority" => "1",
    "rtt" => "0.0001",
    "to" => "192.168.0.16:11703",
    "reportcount" => "1",
    "language" => "en",
    "sentoctets" => "41760",
    "calleridname" => "102",
    "from" => "192.168.0.16:4047",
    "report0cumulativelost" => "0",
    "report0sequencenumbercycles" => "0",
    "calleridnum" => "102",
    "channelstate" => "6",
    "accountcode" => "",
    "report0dlsr" => "0.2220",
    "report0sourcessrc" => "0x2521526d",
    "connectedlinenum" => "103"
  },
  variables: %{}
}
[2025-04-19 17:18:26.658752Z] %ElixirAmi.Event{
  event: "rtcpreceived",
  source: :asterisk_connection,
  action_id: nil,
  keys: %{
    "pt" => "200(SR)",
    "report0highestsequence" => "26110",
    "mes" => "85.4",
    "privilege" => "reporting,all",
    "channelstatedesc" => "Up",
    "uniqueid" => "1745083098.99",
    "sentntp" => "1745108306.561074",
    "report0fractionlost" => "0",
    "sentpackets" => "328",
    "report0lsr" => "1499536264",
    "linkedid" => "1745083098.98",
    "ssrc" => "0xebaebbd2",
    "exten" => "",
    "channel" => "PJSIP/102-0000003a",
    "report0iajitter" => "5",
    "sentrtp" => "52488",
    "context" => "org_all",
    "connectedlinename" => "103",
    "priority" => "1",
    "rtt" => "0.0002",
    "to" => "192.168.0.16:11703",
    "reportcount" => "1",
    "language" => "en",
    "sentoctets" => "52480",
    "calleridname" => "102",
    "from" => "192.168.0.16:4047",
    "report0cumulativelost" => "0",
    "report0sequencenumbercycles" => "0",
    "calleridnum" => "102",
    "channelstate" => "6",
    "accountcode" => "",
    "report0dlsr" => "1.5505",
    "report0sourcessrc" => "0x2521526d",
    "connectedlinenum" => "103"
  },
  variables: %{}
}
[2025-04-19 17:18:26.659393Z] %ElixirAmi.Event{
  event: "rtcpreceived",
  source: :asterisk_connection,
  action_id: nil,
  keys: %{
    "accountcode" => "",
    "calleridname" => "102",
    "calleridnum" => "102",
    "channel" => "PJSIP/102-0000003a",
    "channelstate" => "6",
    "channelstatedesc" => "Up",
    "connectedlinename" => "103",
    "connectedlinenum" => "103",
    "context" => "org_all",
    "exten" => "",
    "from" => "192.168.0.16:4047",
    "language" => "en",
    "linkedid" => "1745083098.98",
    "mes" => "85.4",
    "priority" => "1",
    "privilege" => "reporting,all",
    "pt" => "201(RR)",
    "report0cumulativelost" => "0",
    "report0dlsr" => "1.5505",
    "report0fractionlost" => "0",
    "report0highestsequence" => "26110",
    "report0iajitter" => "5",
    "report0lsr" => "1499536264",
    "report0sequencenumbercycles" => "0",
    "report0sourcessrc" => "0x2521526d",
    "reportcount" => "1",
    "rtt" => "0.0002",
    "ssrc" => "0x2521526d",
    "to" => "192.168.0.16:11703",
    "uniqueid" => "1745083098.99"
  },
  variables: %{}
}
[2025-04-19 17:18:26.659725Z] %ElixirAmi.Event{
  event: "varset",
  source: :asterisk_connection,
  action_id: nil,
  keys: %{
    "accountcode" => "",
    "calleridname" => "102",
    "calleridnum" => "102",
    "channel" => "PJSIP/102-0000003a",
    "channelstate" => "6",
    "channelstatedesc" => "Up",
    "connectedlinename" => "103",
    "connectedlinenum" => "103",
    "context" => "org_all",
    "exten" => "",
    "language" => "en",
    "linkedid" => "1745083098.98",
    "priority" => "1",
    "privilege" => "dialplan,all",
    "uniqueid" => "1745083098.99",
    "value" => "ssrc=727969675;themssrc=456420245;lp=0;rxjitter=0.000625;rxcount=328;txjitter=0.001125;txcount=328;rlp=0;rtt=0.000167;rxmes=85.364661;txmes=85.367289",
    "variable" => "RTPAUDIOQOS"
  },
  variables: %{}
}
[2025-04-19 17:18:26.659911Z] %ElixirAmi.Event{
  event: "varset",
  source: :asterisk_connection,
  action_id: nil,
  keys: %{
    "accountcode" => "",
    "calleridname" => "103",
    "calleridnum" => "103",
    "channel" => "PJSIP/103-00000039",
    "channelstate" => "6",
    "channelstatedesc" => "Up",
    "connectedlinename" => "102",
    "connectedlinenum" => "102",
    "context" => "org_all",
    "exten" => "102",
    "language" => "en",
    "linkedid" => "1745083098.98",
    "priority" => "2",
    "privilege" => "dialplan,all",
    "uniqueid" => "1745083098.98",
    "value" => "ssrc=727969675;themssrc=456420245;lp=0;rxjitter=0.000625;rxcount=328;txjitter=0.001125;txcount=328;rlp=0;rtt=0.000167;rxmes=85.364661;txmes=85.367289",
    "variable" => "RTPAUDIOQOSBRIDGED"
  },
  variables: %{}
}
[2025-04-19 17:18:26.660187Z] %ElixirAmi.Event{
  event: "varset",
  source: :asterisk_connection,
  action_id: nil,
  keys: %{
    "accountcode" => "",
    "calleridname" => "102",
    "calleridnum" => "102",
    "channel" => "PJSIP/102-0000003a",
    "channelstate" => "6",
    "channelstatedesc" => "Up",
    "connectedlinename" => "103",
    "connectedlinenum" => "103",
    "context" => "org_all",
    "exten" => "",
    "language" => "en",
    "linkedid" => "1745083098.98",
    "priority" => "1",
    "privilege" => "dialplan,all",
    "uniqueid" => "1745083098.99",
    "value" => "minrxjitter=000.000000;maxrxjitter=000.001125;avgrxjitter=000.001067;stdevrxjitter=000.000184;mintxjitter=000.000000;maxtxjitter=000.000625;avgtxjitter=000.000313;stdevtxjitter=000.000313;",
    "variable" => "RTPAUDIOQOSJITTER"
  },
  variables: %{}
}
[2025-04-19 17:18:26.660404Z] %ElixirAmi.Event{
  event: "varset",
  source: :asterisk_connection,
  action_id: nil,
  keys: %{
    "accountcode" => "",
    "calleridname" => "103",
    "calleridnum" => "103",
    "channel" => "PJSIP/103-00000039",
    "channelstate" => "6",
    "channelstatedesc" => "Up",
    "connectedlinename" => "102",
    "connectedlinenum" => "102",
    "context" => "org_all",
    "exten" => "102",
    "language" => "en",
    "linkedid" => "1745083098.98",
    "priority" => "2",
    "privilege" => "dialplan,all",
    "uniqueid" => "1745083098.98",
    "value" => "minrxjitter=000.000000;maxrxjitter=000.001125;avgrxjitter=000.001067;stdevrxjitter=000.000184;mintxjitter=000.000000;maxtxjitter=000.000625;avgtxjitter=000.000313;stdevtxjitter=000.000313;",
    "variable" => "RTPAUDIOQOSJITTERBRIDGED"
  },
  variables: %{}
}
[2025-04-19 17:18:26.660655Z] %ElixirAmi.Event{
  event: "varset",
  source: :asterisk_connection,
  action_id: nil,
  keys: %{
    "accountcode" => "",
    "calleridname" => "102",
    "calleridnum" => "102",
    "channel" => "PJSIP/102-0000003a",
    "channelstate" => "6",
    "channelstatedesc" => "Up",
    "connectedlinename" => "103",
    "connectedlinenum" => "103",
    "context" => "org_all",
    "exten" => "",
    "language" => "en",
    "linkedid" => "1745083098.98",
    "priority" => "1",
    "privilege" => "dialplan,all",
    "uniqueid" => "1745083098.99",
    "value" => "minrxlost=000.000000;  maxrxlost=000.000000;  avgrxlost=000.000000;  stdevrxlost=000.000000;  mintxlost=000.000000;  maxtxlost=000.000000;  avgtxlost=000.000000;  stdevtxlost=000.000000;",
    "variable" => "RTPAUDIOQOSLOSS"
  },
  variables: %{}
}
[2025-04-19 17:18:26.660903Z] %ElixirAmi.Event{
  event: "varset",
  source: :asterisk_connection,
  action_id: nil,
  keys: %{
    "accountcode" => "",
    "calleridname" => "103",
    "calleridnum" => "103",
    "channel" => "PJSIP/103-00000039",
    "channelstate" => "6",
    "channelstatedesc" => "Up",
    "connectedlinename" => "102",
    "connectedlinenum" => "102",
    "context" => "org_all",
    "exten" => "102",
    "language" => "en",
    "linkedid" => "1745083098.98",
    "priority" => "2",
    "privilege" => "dialplan,all",
    "uniqueid" => "1745083098.98",
    "value" => "minrxlost=000.000000;  maxrxlost=000.000000;  avgrxlost=000.000000;  stdevrxlost=000.000000;  mintxlost=000.000000;  maxtxlost=000.000000;  avgtxlost=000.000000;  stdevtxlost=000.000000;",
    "variable" => "RTPAUDIOQOSLOSSBRIDGED"
  },
  variables: %{}
}
[2025-04-19 17:18:26.661326Z] %ElixirAmi.Event{
  event: "varset",
  source: :asterisk_connection,
  action_id: nil,
  keys: %{
    "accountcode" => "",
    "calleridname" => "102",
    "calleridnum" => "102",
    "channel" => "PJSIP/102-0000003a",
    "channelstate" => "6",
    "channelstatedesc" => "Up",
    "connectedlinename" => "103",
    "connectedlinenum" => "103",
    "context" => "org_all",
    "exten" => "",
    "language" => "en",
    "linkedid" => "1745083098.98",
    "priority" => "1",
    "privilege" => "dialplan,all",
    "uniqueid" => "1745083098.99",
    "value" => "minrtt=000.000137;     maxrtt=000.000167;     avgrtt=000.000157;     stdevrtt=000.000014;",
    "variable" => "RTPAUDIOQOSRTT"
  },
  variables: %{}
}
[2025-04-19 17:18:26.661509Z] %ElixirAmi.Event{
  event: "varset",
  source: :asterisk_connection,
  action_id: nil,
  keys: %{
    "accountcode" => "",
    "calleridname" => "103",
    "calleridnum" => "103",
    "channel" => "PJSIP/103-00000039",
    "channelstate" => "6",
    "channelstatedesc" => "Up",
    "connectedlinename" => "102",
    "connectedlinenum" => "102",
    "context" => "org_all",
    "exten" => "102",
    "language" => "en",
    "linkedid" => "1745083098.98",
    "priority" => "2",
    "privilege" => "dialplan,all",
    "uniqueid" => "1745083098.98",
    "value" => "minrtt=000.000137;     maxrtt=000.000167;     avgrtt=000.000157;     stdevrtt=000.000014;",
    "variable" => "RTPAUDIOQOSRTTBRIDGED"
  },
  variables: %{}
}
[2025-04-19 17:18:26.661733Z] %ElixirAmi.Event{
  event: "varset",
  source: :asterisk_connection,
  action_id: nil,
  keys: %{
    "accountcode" => "",
    "calleridname" => "102",
    "calleridnum" => "102",
    "channel" => "PJSIP/102-0000003a",
    "channelstate" => "6",
    "channelstatedesc" => "Up",
    "connectedlinename" => "103",
    "connectedlinenum" => "103",
    "context" => "org_all",
    "exten" => "",
    "language" => "en",
    "linkedid" => "1745083098.98",
    "priority" => "1",
    "privilege" => "dialplan,all",
    "uniqueid" => "1745083098.99",
    "value" => "minrxmes=085.367289;   maxrxmes=085.367289;   avgrxmes=085.367289;   stdevrxmes=000.000184;   mintxmes=085.364661;   maxtxmes=085.367289;   avgtxmes=085.366044;   stdevtxmes=000.001248;",
    "variable" => "RTPAUDIOQOSMES"
  },
  variables: %{}
}
[2025-04-19 17:18:26.662012Z] %ElixirAmi.Event{
  event: "varset",
  source: :asterisk_connection,
  action_id: nil,
  keys: %{
    "accountcode" => "",
    "calleridname" => "103",
    "calleridnum" => "103",
    "channel" => "PJSIP/103-00000039",
    "channelstate" => "6",
    "channelstatedesc" => "Up",
    "connectedlinename" => "102",
    "connectedlinenum" => "102",
    "context" => "org_all",
    "exten" => "102",
    "language" => "en",
    "linkedid" => "1745083098.98",
    "priority" => "2",
    "privilege" => "dialplan,all",
    "uniqueid" => "1745083098.98",
    "value" => "minrxmes=085.367289;   maxrxmes=085.367289;   avgrxmes=085.367289;   stdevrxmes=000.000184;   mintxmes=085.364661;   maxtxmes=085.367289;   avgtxmes=085.366044;   stdevtxmes=000.001248;",
    "variable" => "RTPAUDIOQOSMESBRIDGED"
  },
  variables: %{}
}
[2025-04-19 17:18:26.662206Z] %ElixirAmi.Event{
  event: "hanguprequest",
  source: :asterisk_connection,
  action_id: nil,
  keys: %{
    "accountcode" => "",
    "calleridname" => "102",
    "calleridnum" => "102",
    "channel" => "PJSIP/102-0000003a",
    "channelstate" => "6",
    "channelstatedesc" => "Up",
    "connectedlinename" => "103",
    "connectedlinenum" => "103",
    "context" => "org_all",
    "exten" => "",
    "language" => "en",
    "linkedid" => "1745083098.98",
    "priority" => "1",
    "privilege" => "call,all",
    "uniqueid" => "1745083098.99"
  },
  variables: %{}
}
[2025-04-19 17:18:26.662450Z] %ElixirAmi.Event{
  event: "varset",
  source: :asterisk_connection,
  action_id: nil,
  keys: %{
    "accountcode" => "",
    "calleridname" => "102",
    "calleridnum" => "102",
    "channel" => "PJSIP/102-0000003a",
    "channelstate" => "6",
    "channelstatedesc" => "Up",
    "connectedlinename" => "103",
    "connectedlinenum" => "103",
    "context" => "org_all",
    "exten" => "",
    "language" => "en",
    "linkedid" => "1745083098.98",
    "priority" => "1",
    "privilege" => "dialplan,all",
    "uniqueid" => "1745083098.99",
    "value" => "",
    "variable" => "BRIDGEPEER"
  },
  variables: %{}
}
[2025-04-19 17:18:26.662676Z] %ElixirAmi.Event{
  event: "varset",
  source: :asterisk_connection,
  action_id: nil,
  keys: %{
    "accountcode" => "",
    "calleridname" => "102",
    "calleridnum" => "102",
    "channel" => "PJSIP/102-0000003a",
    "channelstate" => "6",
    "channelstatedesc" => "Up",
    "connectedlinename" => "103",
    "connectedlinenum" => "103",
    "context" => "org_all",
    "exten" => "",
    "language" => "en",
    "linkedid" => "1745083098.98",
    "priority" => "1",
    "privilege" => "dialplan,all",
    "uniqueid" => "1745083098.99",
    "value" => "",
    "variable" => "BRIDGEPVTCALLID"
  },
  variables: %{}
}
[2025-04-19 17:18:26.662905Z] %ElixirAmi.Event{
  event: "varset",
  source: :asterisk_connection,
  action_id: nil,
  keys: %{
    "accountcode" => "",
    "calleridname" => "103",
    "calleridnum" => "103",
    "channel" => "PJSIP/103-00000039",
    "channelstate" => "6",
    "channelstatedesc" => "Up",
    "connectedlinename" => "102",
    "connectedlinenum" => "102",
    "context" => "org_all",
    "exten" => "102",
    "language" => "en",
    "linkedid" => "1745083098.98",
    "priority" => "2",
    "privilege" => "dialplan,all",
    "uniqueid" => "1745083098.98",
    "value" => "",
    "variable" => "BRIDGEPEER"
  },
  variables: %{}
}
[2025-04-19 17:18:26.663197Z] %ElixirAmi.Event{
  event: "varset",
  source: :asterisk_connection,
  action_id: nil,
  keys: %{
    "accountcode" => "",
    "calleridname" => "103",
    "calleridnum" => "103",
    "channel" => "PJSIP/103-00000039",
    "channelstate" => "6",
    "channelstatedesc" => "Up",
    "connectedlinename" => "102",
    "connectedlinenum" => "102",
    "context" => "org_all",
    "exten" => "102",
    "language" => "en",
    "linkedid" => "1745083098.98",
    "priority" => "2",
    "privilege" => "dialplan,all",
    "uniqueid" => "1745083098.98",
    "value" => "",
    "variable" => "BRIDGEPVTCALLID"
  },
  variables: %{}
}
[2025-04-19 17:18:26.663603Z] %ElixirAmi.Event{
  event: "bridgeleave",
  source: :asterisk_connection,
  action_id: nil,
  keys: %{
    "accountcode" => "",
    "bridgecreator" => "<unknown>",
    "bridgename" => "<unknown>",
    "bridgenumchannels" => "1",
    "bridgetechnology" => "simple_bridge",
    "bridgetype" => "basic",
    "bridgeuniqueid" => "e02f5e6e-9309-4bf5-99c9-728015d77b54",
    "bridgevideosourcemode" => "none",
    "calleridname" => "102",
    "calleridnum" => "102",
    "channel" => "PJSIP/102-0000003a",
    "channelstate" => "6",
    "channelstatedesc" => "Up",
    "connectedlinename" => "103",
    "connectedlinenum" => "103",
    "context" => "org_all",
    "exten" => "",
    "language" => "en",
    "linkedid" => "1745083098.98",
    "priority" => "1",
    "privilege" => "call,all",
    "uniqueid" => "1745083098.99"
  },
  variables: %{}
}
[2025-04-19 17:18:26.663926Z] %ElixirAmi.Event{
  event: "bridgeleave",
  source: :asterisk_connection,
  action_id: nil,
  keys: %{
    "accountcode" => "",
    "bridgecreator" => "<unknown>",
    "bridgename" => "<unknown>",
    "bridgenumchannels" => "0",
    "bridgetechnology" => "simple_bridge",
    "bridgetype" => "basic",
    "bridgeuniqueid" => "e02f5e6e-9309-4bf5-99c9-728015d77b54",
    "bridgevideosourcemode" => "none",
    "calleridname" => "103",
    "calleridnum" => "103",
    "channel" => "PJSIP/103-00000039",
    "channelstate" => "6",
    "channelstatedesc" => "Up",
    "connectedlinename" => "102",
    "connectedlinenum" => "102",
    "context" => "org_all",
    "exten" => "102",
    "language" => "en",
    "linkedid" => "1745083098.98",
    "priority" => "2",
    "privilege" => "call,all",
    "uniqueid" => "1745083098.98"
  },
  variables: %{}
}
[2025-04-19 17:18:26.664165Z] %ElixirAmi.Event{
  event: "varset",
  source: :asterisk_connection,
  action_id: nil,
  keys: %{
    "accountcode" => "",
    "calleridname" => "103",
    "calleridnum" => "103",
    "channel" => "PJSIP/103-00000039",
    "channelstate" => "6",
    "channelstatedesc" => "Up",
    "connectedlinename" => "102",
    "connectedlinenum" => "102",
    "context" => "org_all",
    "exten" => "102",
    "language" => "en",
    "linkedid" => "1745083098.98",
    "priority" => "2",
    "privilege" => "dialplan,all",
    "uniqueid" => "1745083098.98",
    "value" => "6",
    "variable" => "ANSWEREDTIME"
  },
  variables: %{}
}
[2025-04-19 17:18:26.664421Z] %ElixirAmi.Event{
  event: "varset",
  source: :asterisk_connection,
  action_id: nil,
  keys: %{
    "accountcode" => "",
    "calleridname" => "103",
    "calleridnum" => "103",
    "channel" => "PJSIP/103-00000039",
    "channelstate" => "6",
    "channelstatedesc" => "Up",
    "connectedlinename" => "102",
    "connectedlinenum" => "102",
    "context" => "org_all",
    "exten" => "102",
    "language" => "en",
    "linkedid" => "1745083098.98",
    "priority" => "2",
    "privilege" => "dialplan,all",
    "uniqueid" => "1745083098.98",
    "value" => "6561",
    "variable" => "ANSWEREDTIME_MS"
  },
  variables: %{}
}
[2025-04-19 17:18:26.665606Z] %ElixirAmi.Event{
  event: "varset",
  source: :asterisk_connection,
  action_id: nil,
  keys: %{
    "accountcode" => "",
    "calleridname" => "103",
    "calleridnum" => "103",
    "channel" => "PJSIP/103-00000039",
    "channelstate" => "6",
    "channelstatedesc" => "Up",
    "connectedlinename" => "102",
    "connectedlinenum" => "102",
    "context" => "org_all",
    "exten" => "102",
    "language" => "en",
    "linkedid" => "1745083098.98",
    "priority" => "2",
    "privilege" => "dialplan,all",
    "uniqueid" => "1745083098.98",
    "value" => "8",
    "variable" => "DIALEDTIME"
  },
  variables: %{}
}
[2025-04-19 17:18:26.665704Z] %ElixirAmi.Event{
  event: "varset",
  source: :asterisk_connection,
  action_id: nil,
  keys: %{
    "accountcode" => "",
    "calleridname" => "103",
    "calleridnum" => "103",
    "channel" => "PJSIP/103-00000039",
    "channelstate" => "6",
    "channelstatedesc" => "Up",
    "connectedlinename" => "102",
    "connectedlinenum" => "102",
    "context" => "org_all",
    "exten" => "102",
    "language" => "en",
    "linkedid" => "1745083098.98",
    "priority" => "2",
    "privilege" => "dialplan,all",
    "uniqueid" => "1745083098.98",
    "value" => "8013",
    "variable" => "DIALEDTIME_MS"
  },
  variables: %{}
}
[2025-04-19 17:18:26.665761Z] %ElixirAmi.Event{
  event: "softhanguprequest",
  source: :asterisk_connection,
  action_id: nil,
  keys: %{
    "accountcode" => "",
    "calleridname" => "103",
    "calleridnum" => "103",
    "cause" => "16",
    "channel" => "PJSIP/103-00000039",
    "channelstate" => "6",
    "channelstatedesc" => "Up",
    "connectedlinename" => "102",
    "connectedlinenum" => "102",
    "context" => "org_all",
    "exten" => "102",
    "language" => "en",
    "linkedid" => "1745083098.98",
    "priority" => "2",
    "privilege" => "call,all",
    "uniqueid" => "1745083098.98"
  },
  variables: %{}
}
[2025-04-19 17:18:26.665770Z] %ElixirAmi.Event{
  event: "varset",
  source: :asterisk_connection,
  action_id: nil,
  keys: %{
    "accountcode" => "",
    "calleridname" => "103",
    "calleridnum" => "103",
    "channel" => "PJSIP/103-00000039",
    "channelstate" => "6",
    "channelstatedesc" => "Up",
    "connectedlinename" => "102",
    "connectedlinenum" => "102",
    "context" => "org_all",
    "exten" => "102",
    "language" => "en",
    "linkedid" => "1745083098.98",
    "priority" => "2",
    "privilege" => "dialplan,all",
    "uniqueid" => "1745083098.98",
    "value" => "ANSWER",
    "variable" => "DIALSTATUS"
  },
  variables: %{}
}
[2025-04-19 17:18:26.665881Z] %ElixirAmi.Event{
  event: "varset",
  source: :asterisk_connection,
  action_id: nil,
  keys: %{
    "accountcode" => "",
    "calleridname" => "102",
    "calleridnum" => "102",
    "channel" => "PJSIP/102-0000003a",
    "channelstate" => "6",
    "channelstatedesc" => "Up",
    "connectedlinename" => "103",
    "connectedlinenum" => "103",
    "context" => "org_all",
    "exten" => "",
    "language" => "en",
    "linkedid" => "1745083098.98",
    "priority" => "1",
    "privilege" => "dialplan,all",
    "uniqueid" => "1745083098.99",
    "value" => "ssrc=727969675;themssrc=456420245;lp=0;rxjitter=0.000625;rxcount=328;txjitter=0.001125;txcount=328;rlp=0;rtt=0.000167;rxmes=85.364661;txmes=85.367289",
    "variable" => "RTPAUDIOQOS"
  },
  variables: %{}
}
[2025-04-19 17:18:26.666002Z] %ElixirAmi.Event{
  event: "varset",
  source: :asterisk_connection,
  action_id: nil,
  keys: %{
    "accountcode" => "",
    "calleridname" => "102",
    "calleridnum" => "102",
    "channel" => "PJSIP/102-0000003a",
    "channelstate" => "6",
    "channelstatedesc" => "Up",
    "connectedlinename" => "103",
    "connectedlinenum" => "103",
    "context" => "org_all",
    "exten" => "",
    "language" => "en",
    "linkedid" => "1745083098.98",
    "priority" => "1",
    "privilege" => "dialplan,all",
    "uniqueid" => "1745083098.99",
    "value" => "minrxjitter=000.000000;maxrxjitter=000.001125;avgrxjitter=000.001067;stdevrxjitter=000.000184;mintxjitter=000.000000;maxtxjitter=000.000625;avgtxjitter=000.000313;stdevtxjitter=000.000313;",
    "variable" => "RTPAUDIOQOSJITTER"
  },
  variables: %{}
}
[2025-04-19 17:18:26.666489Z] %ElixirAmi.Event{
  event: "varset",
  source: :asterisk_connection,
  action_id: nil,
  keys: %{
    "accountcode" => "",
    "calleridname" => "102",
    "calleridnum" => "102",
    "channel" => "PJSIP/102-0000003a",
    "channelstate" => "6",
    "channelstatedesc" => "Up",
    "connectedlinename" => "103",
    "connectedlinenum" => "103",
    "context" => "org_all",
    "exten" => "",
    "language" => "en",
    "linkedid" => "1745083098.98",
    "priority" => "1",
    "privilege" => "dialplan,all",
    "uniqueid" => "1745083098.99",
    "value" => "minrxlost=000.000000;  maxrxlost=000.000000;  avgrxlost=000.000000;  stdevrxlost=000.000000;  mintxlost=000.000000;  maxtxlost=000.000000;  avgtxlost=000.000000;  stdevtxlost=000.000000;",
    "variable" => "RTPAUDIOQOSLOSS"
  },
  variables: %{}
}
[2025-04-19 17:18:26.666759Z] %ElixirAmi.Event{
  event: "varset",
  source: :asterisk_connection,
  action_id: nil,
  keys: %{
    "accountcode" => "",
    "calleridname" => "102",
    "calleridnum" => "102",
    "channel" => "PJSIP/102-0000003a",
    "channelstate" => "6",
    "channelstatedesc" => "Up",
    "connectedlinename" => "103",
    "connectedlinenum" => "103",
    "context" => "org_all",
    "exten" => "",
    "language" => "en",
    "linkedid" => "1745083098.98",
    "priority" => "1",
    "privilege" => "dialplan,all",
    "uniqueid" => "1745083098.99",
    "value" => "minrtt=000.000137;     maxrtt=000.000167;     avgrtt=000.000157;     stdevrtt=000.000014;",
    "variable" => "RTPAUDIOQOSRTT"
  },
  variables: %{}
}
[2025-04-19 17:18:26.667068Z] %ElixirAmi.Event{
  event: "varset",
  source: :asterisk_connection,
  action_id: nil,
  keys: %{
    "accountcode" => "",
    "calleridname" => "102",
    "calleridnum" => "102",
    "channel" => "PJSIP/102-0000003a",
    "channelstate" => "6",
    "channelstatedesc" => "Up",
    "connectedlinename" => "103",
    "connectedlinenum" => "103",
    "context" => "org_all",
    "exten" => "",
    "language" => "en",
    "linkedid" => "1745083098.98",
    "priority" => "1",
    "privilege" => "dialplan,all",
    "uniqueid" => "1745083098.99",
    "value" => "minrxmes=085.367289;   maxrxmes=085.367289;   avgrxmes=085.367289;   stdevrxmes=000.000184;   mintxmes=085.364661;   maxtxmes=085.367289;   avgtxmes=085.366044;   stdevtxmes=000.001248;",
    "variable" => "RTPAUDIOQOSMES"
  },
  variables: %{}
}
[2025-04-19 17:18:26.667460Z] %ElixirAmi.Event{
  event: "varset",
  source: :asterisk_connection,
  action_id: nil,
  keys: %{
    "accountcode" => "",
    "calleridname" => "103",
    "calleridnum" => "103",
    "channel" => "PJSIP/103-00000039",
    "channelstate" => "6",
    "channelstatedesc" => "Up",
    "connectedlinename" => "102",
    "connectedlinenum" => "102",
    "context" => "org_all",
    "exten" => "102",
    "language" => "en",
    "linkedid" => "1745083098.98",
    "priority" => "2",
    "privilege" => "dialplan,all",
    "uniqueid" => "1745083098.98",
    "value" => "ssrc=441526490;themssrc=622940781;lp=0;rxjitter=0.001125;rxcount=328;txjitter=0.000625;txcount=328;rlp=0;rtt=0.000000;rxmes=85.367289;txmes=85.367289",
    "variable" => "RTPAUDIOQOS"
  },
  variables: %{}
}
[2025-04-19 17:18:26.667650Z] %ElixirAmi.Event{
  event: "varset",
  source: :asterisk_connection,
  action_id: nil,
  keys: %{
    "accountcode" => "",
    "calleridname" => "103",
    "calleridnum" => "103",
    "channel" => "PJSIP/103-00000039",
    "channelstate" => "6",
    "channelstatedesc" => "Up",
    "connectedlinename" => "102",
    "connectedlinenum" => "102",
    "context" => "org_all",
    "exten" => "102",
    "language" => "en",
    "linkedid" => "1745083098.98",
    "priority" => "2",
    "privilege" => "dialplan,all",
    "uniqueid" => "1745083098.98",
    "value" => "minrxjitter=000.000000;maxrxjitter=000.000750;avgrxjitter=000.000574;stdevrxjitter=000.000115;mintxjitter=000.000000;maxtxjitter=000.001125;avgtxjitter=000.000281;stdevtxjitter=000.000487;",
    "variable" => "RTPAUDIOQOSJITTER"
  },
  variables: %{}
}
[2025-04-19 17:18:26.667845Z] %ElixirAmi.Event{
  event: "varset",
  source: :asterisk_connection,
  action_id: nil,
  keys: %{
    "accountcode" => "",
    "calleridname" => "103",
    "calleridnum" => "103",
    "channel" => "PJSIP/103-00000039",
    "channelstate" => "6",
    "channelstatedesc" => "Up",
    "connectedlinename" => "102",
    "connectedlinenum" => "102",
    "context" => "org_all",
    "exten" => "102",
    "language" => "en",
    "linkedid" => "1745083098.98",
    "priority" => "2",
    "privilege" => "dialplan,all",
    "uniqueid" => "1745083098.98",
    "value" => "minrxlost=000.000000;  maxrxlost=000.000000;  avgrxlost=000.000000;  stdevrxlost=000.000000;  mintxlost=000.000000;  maxtxlost=000.000000;  avgtxlost=000.000000;  stdevtxlost=000.000000;",
    "variable" => "RTPAUDIOQOSLOSS"
  },
  variables: %{}
}
[2025-04-19 17:18:26.668138Z] %ElixirAmi.Event{
  event: "hangup",
  source: :asterisk_connection,
  action_id: nil,
  keys: %{
    "accountcode" => "",
    "calleridname" => "102",
    "calleridnum" => "102",
    "cause" => "16",
    "cause-txt" => "Normal Clearing",
    "channel" => "PJSIP/102-0000003a",
    "channelstate" => "6",
    "channelstatedesc" => "Up",
    "connectedlinename" => "103",
    "connectedlinenum" => "103",
    "context" => "org_all",
    "exten" => "",
    "language" => "en",
    "linkedid" => "1745083098.98",
    "priority" => "1",
    "privilege" => "call,all",
    "uniqueid" => "1745083098.99"
  },
  variables: %{}
}
[2025-04-19 17:18:26.668429Z] %ElixirAmi.Event{
  event: "varset",
  source: :asterisk_connection,
  action_id: nil,
  keys: %{
    "accountcode" => "",
    "calleridname" => "103",
    "calleridnum" => "103",
    "channel" => "PJSIP/103-00000039",
    "channelstate" => "6",
    "channelstatedesc" => "Up",
    "connectedlinename" => "102",
    "connectedlinenum" => "102",
    "context" => "org_all",
    "exten" => "102",
    "language" => "en",
    "linkedid" => "1745083098.98",
    "priority" => "2",
    "privilege" => "dialplan,all",
    "uniqueid" => "1745083098.98",
    "value" => "minrtt=000.000000;     maxrtt=000.000000;     avgrtt=000.000000;     stdevrtt=000.000000;",
    "variable" => "RTPAUDIOQOSRTT"
  },
  variables: %{}
}
[2025-04-19 17:18:26.668637Z] %ElixirAmi.Event{
  event: "varset",
  source: :asterisk_connection,
  action_id: nil,
  keys: %{
    "accountcode" => "",
    "calleridname" => "103",
    "calleridnum" => "103",
    "channel" => "PJSIP/103-00000039",
    "channelstate" => "6",
    "channelstatedesc" => "Up",
    "connectedlinename" => "102",
    "connectedlinenum" => "102",
    "context" => "org_all",
    "exten" => "102",
    "language" => "en",
    "linkedid" => "1745083098.98",
    "priority" => "2",
    "privilege" => "dialplan,all",
    "uniqueid" => "1745083098.98",
    "value" => "minrxmes=085.367289;   maxrxmes=085.367289;   avgrxmes=085.367289;   stdevrxmes=000.000115;   mintxmes=085.367289;   maxtxmes=085.367289;   avgtxmes=085.367289;   stdevtxmes=000.000000;",
    "variable" => "RTPAUDIOQOSMES"
  },
  variables: %{}
}
[2025-04-19 17:18:26.668870Z] %ElixirAmi.Event{
  event: "hangup",
  source: :asterisk_connection,
  action_id: nil,
  keys: %{
    "accountcode" => "",
    "calleridname" => "103",
    "calleridnum" => "103",
    "cause" => "16",
    "cause-txt" => "Normal Clearing",
    "channel" => "PJSIP/103-00000039",
    "channelstate" => "6",
    "channelstatedesc" => "Up",
    "connectedlinename" => "102",
    "connectedlinenum" => "102",
    "context" => "org_all",
    "exten" => "102",
    "language" => "en",
    "linkedid" => "1745083098.98",
    "priority" => "2",
    "privilege" => "call,all",
    "uniqueid" => "1745083098.98"
  },
  variables: %{}
}
