[2025-04-20 05:26:02.632046Z] %ElixirAmi.Event{
  event: "newchannel",
  source: :asterisk_connection,
  action_id: nil,
  keys: %{
    "accountcode" => "",
    "calleridname" => "103",
    "calleridnum" => "103",
    "channel" => "PJSIP/103-00000076",
    "channelstate" => "4",
    "channelstatedesc" => "Ring",
    "connectedlinename" => "<unknown>",
    "connectedlinenum" => "<unknown>",
    "context" => "org_all",
    "exten" => "101",
    "language" => "en",
    "linkedid" => "1745126762.199",
    "priority" => "1",
    "privilege" => "call,all",
    "uniqueid" => "1745126762.199"
  },
  variables: %{}
}
[2025-04-20 05:26:02.632361Z] %ElixirAmi.Event{
  event: "varset",
  source: :asterisk_connection,
  action_id: nil,
  keys: %{
    "accountcode" => "",
    "calleridname" => "103",
    "calleridnum" => "103",
    "channel" => "PJSIP/103-00000076",
    "channelstate" => "4",
    "channelstatedesc" => "Ring",
    "connectedlinename" => "<unknown>",
    "connectedlinenum" => "<unknown>",
    "context" => "org_all",
    "exten" => "101",
    "language" => "en",
    "linkedid" => "1745126762.199",
    "priority" => "1",
    "privilege" => "dialplan,all",
    "uniqueid" => "1745126762.199",
    "value" => "192.168.0.16",
    "variable" => "SIPDOMAIN"
  },
  variables: %{}
}
[2025-04-20 05:26:02.632780Z] %ElixirAmi.Event{
  event: "newexten",
  source: :asterisk_connection,
  action_id: nil,
  keys: %{
    "accountcode" => "",
    "appdata" => "",
    "application" => "NoOp",
    "calleridname" => "103",
    "calleridnum" => "103",
    "channel" => "PJSIP/103-00000076",
    "channelstate" => "4",
    "channelstatedesc" => "Ring",
    "connectedlinename" => "<unknown>",
    "connectedlinenum" => "<unknown>",
    "context" => "org_all",
    "exten" => "101",
    "extension" => "101",
    "language" => "en",
    "linkedid" => "1745126762.199",
    "priority" => "1",
    "privilege" => "dialplan,all",
    "uniqueid" => "1745126762.199"
  },
  variables: %{}
}
[2025-04-20 05:26:02.633076Z] %ElixirAmi.Event{
  event: "newexten",
  source: :asterisk_connection,
  action_id: nil,
  keys: %{
    "accountcode" => "",
    "appdata" => "PJSIP/101,20,",
    "application" => "Dial",
    "calleridname" => "103",
    "calleridnum" => "103",
    "channel" => "PJSIP/103-00000076",
    "channelstate" => "4",
    "channelstatedesc" => "Ring",
    "connectedlinename" => "<unknown>",
    "connectedlinenum" => "<unknown>",
    "context" => "org_all",
    "exten" => "101",
    "extension" => "101",
    "language" => "en",
    "linkedid" => "1745126762.199",
    "priority" => "2",
    "privilege" => "dialplan,all",
    "uniqueid" => "1745126762.199"
  },
  variables: %{}
}
[2025-04-20 05:26:02.633291Z] %ElixirAmi.Event{
  event: "varset",
  source: :asterisk_connection,
  action_id: nil,
  keys: %{
    "accountcode" => "",
    "calleridname" => "103",
    "calleridnum" => "103",
    "channel" => "PJSIP/103-00000076",
    "channelstate" => "4",
    "channelstatedesc" => "Ring",
    "connectedlinename" => "<unknown>",
    "connectedlinenum" => "<unknown>",
    "context" => "org_all",
    "exten" => "101",
    "language" => "en",
    "linkedid" => "1745126762.199",
    "priority" => "2",
    "privilege" => "dialplan,all",
    "uniqueid" => "1745126762.199",
    "value" => "",
    "variable" => "DIALSTATUS"
  },
  variables: %{}
}
[2025-04-20 05:26:02.633470Z] %ElixirAmi.Event{
  event: "varset",
  source: :asterisk_connection,
  action_id: nil,
  keys: %{
    "accountcode" => "",
    "calleridname" => "103",
    "calleridnum" => "103",
    "channel" => "PJSIP/103-00000076",
    "channelstate" => "4",
    "channelstatedesc" => "Ring",
    "connectedlinename" => "<unknown>",
    "connectedlinenum" => "<unknown>",
    "context" => "org_all",
    "exten" => "101",
    "language" => "en",
    "linkedid" => "1745126762.199",
    "priority" => "2",
    "privilege" => "dialplan,all",
    "uniqueid" => "1745126762.199",
    "value" => "",
    "variable" => "DIALEDPEERNUMBER"
  },
  variables: %{}
}
[2025-04-20 05:26:02.633663Z] %ElixirAmi.Event{
  event: "varset",
  source: :asterisk_connection,
  action_id: nil,
  keys: %{
    "accountcode" => "",
    "calleridname" => "103",
    "calleridnum" => "103",
    "channel" => "PJSIP/103-00000076",
    "channelstate" => "4",
    "channelstatedesc" => "Ring",
    "connectedlinename" => "<unknown>",
    "connectedlinenum" => "<unknown>",
    "context" => "org_all",
    "exten" => "101",
    "language" => "en",
    "linkedid" => "1745126762.199",
    "priority" => "2",
    "privilege" => "dialplan,all",
    "uniqueid" => "1745126762.199",
    "value" => "",
    "variable" => "DIALEDPEERNAME"
  },
  variables: %{}
}
[2025-04-20 05:26:02.633809Z] %ElixirAmi.Event{
  event: "varset",
  source: :asterisk_connection,
  action_id: nil,
  keys: %{
    "accountcode" => "",
    "calleridname" => "103",
    "calleridnum" => "103",
    "channel" => "PJSIP/103-00000076",
    "channelstate" => "4",
    "channelstatedesc" => "Ring",
    "connectedlinename" => "<unknown>",
    "connectedlinenum" => "<unknown>",
    "context" => "org_all",
    "exten" => "101",
    "language" => "en",
    "linkedid" => "1745126762.199",
    "priority" => "2",
    "privilege" => "dialplan,all",
    "uniqueid" => "1745126762.199",
    "value" => "",
    "variable" => "ANSWEREDTIME"
  },
  variables: %{}
}
[2025-04-20 05:26:02.633951Z] %ElixirAmi.Event{
  event: "varset",
  source: :asterisk_connection,
  action_id: nil,
  keys: %{
    "accountcode" => "",
    "calleridname" => "103",
    "calleridnum" => "103",
    "channel" => "PJSIP/103-00000076",
    "channelstate" => "4",
    "channelstatedesc" => "Ring",
    "connectedlinename" => "<unknown>",
    "connectedlinenum" => "<unknown>",
    "context" => "org_all",
    "exten" => "101",
    "language" => "en",
    "linkedid" => "1745126762.199",
    "priority" => "2",
    "privilege" => "dialplan,all",
    "uniqueid" => "1745126762.199",
    "value" => "",
    "variable" => "ANSWEREDTIME_MS"
  },
  variables: %{}
}
[2025-04-20 05:26:02.634171Z] %ElixirAmi.Event{
  event: "varset",
  source: :asterisk_connection,
  action_id: nil,
  keys: %{
    "accountcode" => "",
    "calleridname" => "103",
    "calleridnum" => "103",
    "channel" => "PJSIP/103-00000076",
    "channelstate" => "4",
    "channelstatedesc" => "Ring",
    "connectedlinename" => "<unknown>",
    "connectedlinenum" => "<unknown>",
    "context" => "org_all",
    "exten" => "101",
    "language" => "en",
    "linkedid" => "1745126762.199",
    "priority" => "2",
    "privilege" => "dialplan,all",
    "uniqueid" => "1745126762.199",
    "value" => "",
    "variable" => "DIALEDTIME"
  },
  variables: %{}
}
[2025-04-20 05:26:02.634438Z] %ElixirAmi.Event{
  event: "varset",
  source: :asterisk_connection,
  action_id: nil,
  keys: %{
    "accountcode" => "",
    "calleridname" => "103",
    "calleridnum" => "103",
    "channel" => "PJSIP/103-00000076",
    "channelstate" => "4",
    "channelstatedesc" => "Ring",
    "connectedlinename" => "<unknown>",
    "connectedlinenum" => "<unknown>",
    "context" => "org_all",
    "exten" => "101",
    "language" => "en",
    "linkedid" => "1745126762.199",
    "priority" => "2",
    "privilege" => "dialplan,all",
    "uniqueid" => "1745126762.199",
    "value" => "",
    "variable" => "DIALEDTIME_MS"
  },
  variables: %{}
}
[2025-04-20 05:26:02.634682Z] %ElixirAmi.Event{
  event: "varset",
  source: :asterisk_connection,
  action_id: nil,
  keys: %{
    "accountcode" => "",
    "calleridname" => "103",
    "calleridnum" => "103",
    "channel" => "PJSIP/103-00000076",
    "channelstate" => "4",
    "channelstatedesc" => "Ring",
    "connectedlinename" => "<unknown>",
    "connectedlinenum" => "<unknown>",
    "context" => "org_all",
    "exten" => "101",
    "language" => "en",
    "linkedid" => "1745126762.199",
    "priority" => "2",
    "privilege" => "dialplan,all",
    "uniqueid" => "1745126762.199",
    "value" => "",
    "variable" => "RINGTIME"
  },
  variables: %{}
}
[2025-04-20 05:26:02.634888Z] %ElixirAmi.Event{
  event: "varset",
  source: :asterisk_connection,
  action_id: nil,
  keys: %{
    "accountcode" => "",
    "calleridname" => "103",
    "calleridnum" => "103",
    "channel" => "PJSIP/103-00000076",
    "channelstate" => "4",
    "channelstatedesc" => "Ring",
    "connectedlinename" => "<unknown>",
    "connectedlinenum" => "<unknown>",
    "context" => "org_all",
    "exten" => "101",
    "language" => "en",
    "linkedid" => "1745126762.199",
    "priority" => "2",
    "privilege" => "dialplan,all",
    "uniqueid" => "1745126762.199",
    "value" => "",
    "variable" => "RINGTIME_MS"
  },
  variables: %{}
}
[2025-04-20 05:26:02.635056Z] %ElixirAmi.Event{
  event: "varset",
  source: :asterisk_connection,
  action_id: nil,
  keys: %{
    "accountcode" => "",
    "calleridname" => "103",
    "calleridnum" => "103",
    "channel" => "PJSIP/103-00000076",
    "channelstate" => "4",
    "channelstatedesc" => "Ring",
    "connectedlinename" => "<unknown>",
    "connectedlinenum" => "<unknown>",
    "context" => "org_all",
    "exten" => "101",
    "language" => "en",
    "linkedid" => "1745126762.199",
    "priority" => "2",
    "privilege" => "dialplan,all",
    "uniqueid" => "1745126762.199",
    "value" => "",
    "variable" => "PROGRESSTIME"
  },
  variables: %{}
}
[2025-04-20 05:26:02.635213Z] %ElixirAmi.Event{
  event: "varset",
  source: :asterisk_connection,
  action_id: nil,
  keys: %{
    "accountcode" => "",
    "calleridname" => "103",
    "calleridnum" => "103",
    "channel" => "PJSIP/103-00000076",
    "channelstate" => "4",
    "channelstatedesc" => "Ring",
    "connectedlinename" => "<unknown>",
    "connectedlinenum" => "<unknown>",
    "context" => "org_all",
    "exten" => "101",
    "language" => "en",
    "linkedid" => "1745126762.199",
    "priority" => "2",
    "privilege" => "dialplan,all",
    "uniqueid" => "1745126762.199",
    "value" => "",
    "variable" => "PROGRESSTIME_MS"
  },
  variables: %{}
}
[2025-04-20 05:26:02.635389Z] %ElixirAmi.Event{
  event: "newchannel",
  source: :asterisk_connection,
  action_id: nil,
  keys: %{
    "accountcode" => "",
    "calleridname" => "101",
    "calleridnum" => "101",
    "channel" => "PJSIP/101-00000077",
    "channelstate" => "0",
    "channelstatedesc" => "Down",
    "connectedlinename" => "<unknown>",
    "connectedlinenum" => "<unknown>",
    "context" => "org_all",
    "exten" => "s",
    "language" => "en",
    "linkedid" => "1745126762.199",
    "priority" => "1",
    "privilege" => "call,all",
    "uniqueid" => "1745126762.200"
  },
  variables: %{}
}
[2025-04-20 05:26:02.635666Z] %ElixirAmi.Event{
  event: "varset",
  source: :asterisk_connection,
  action_id: nil,
  keys: %{
    "accountcode" => "",
    "calleridname" => "101",
    "calleridnum" => "101",
    "channel" => "PJSIP/101-00000077",
    "channelstate" => "0",
    "channelstatedesc" => "Down",
    "connectedlinename" => "<unknown>",
    "connectedlinenum" => "<unknown>",
    "context" => "org_all",
    "exten" => "s",
    "language" => "en",
    "linkedid" => "1745126762.199",
    "priority" => "1",
    "privilege" => "dialplan,all",
    "uniqueid" => "1745126762.200",
    "value" => "101",
    "variable" => "DIALEDPEERNUMBER"
  },
  variables: %{}
}
[2025-04-20 05:26:02.635824Z] %ElixirAmi.Event{
  event: "newexten",
  source: :asterisk_connection,
  action_id: nil,
  keys: %{
    "accountcode" => "",
    "appdata" => "(Outgoing Line)",
    "application" => "AppDial",
    "calleridname" => "101",
    "calleridnum" => "101",
    "channel" => "PJSIP/101-00000077",
    "channelstate" => "0",
    "channelstatedesc" => "Down",
    "connectedlinename" => "103",
    "connectedlinenum" => "103",
    "context" => "org_all",
    "exten" => "101",
    "extension" => "101",
    "language" => "en",
    "linkedid" => "1745126762.199",
    "priority" => "1",
    "privilege" => "dialplan,all",
    "uniqueid" => "1745126762.200"
  },
  variables: %{}
}
[2025-04-20 05:26:02.635955Z] %ElixirAmi.Event{
  event: "newconnectedline",
  source: :asterisk_connection,
  action_id: nil,
  keys: %{
    "accountcode" => "",
    "calleridname" => "101",
    "calleridnum" => "101",
    "channel" => "PJSIP/101-00000077",
    "channelstate" => "0",
    "channelstatedesc" => "Down",
    "connectedlinename" => "103",
    "connectedlinenum" => "103",
    "context" => "org_all",
    "exten" => "101",
    "language" => "en",
    "linkedid" => "1745126762.199",
    "priority" => "1",
    "privilege" => "call,all",
    "uniqueid" => "1745126762.200"
  },
  variables: %{}
}
[2025-04-20 05:26:02.636208Z] %ElixirAmi.Event{
  event: "dialbegin",
  source: :asterisk_connection,
  action_id: nil,
  keys: %{
    "accountcode" => "",
    "calleridname" => "103",
    "calleridnum" => "103",
    "channel" => "PJSIP/103-00000076",
    "channelstate" => "4",
    "channelstatedesc" => "Ring",
    "connectedlinename" => "<unknown>",
    "connectedlinenum" => "<unknown>",
    "context" => "org_all",
    "destaccountcode" => "",
    "destcalleridname" => "101",
    "destcalleridnum" => "101",
    "destchannel" => "PJSIP/101-00000077",
    "destchannelstate" => "0",
    "destchannelstatedesc" => "Down",
    "destconnectedlinename" => "103",
    "destconnectedlinenum" => "103",
    "destcontext" => "org_all",
    "destexten" => "101",
    "destlanguage" => "en",
    "destlinkedid" => "1745126762.199",
    "destpriority" => "1",
    "destuniqueid" => "1745126762.200",
    "dialstring" => "101",
    "exten" => "101",
    "language" => "en",
    "linkedid" => "1745126762.199",
    "priority" => "2",
    "privilege" => "call,all",
    "uniqueid" => "1745126762.199"
  },
  variables: %{}
}
[2025-04-20 05:26:02.636395Z] %ElixirAmi.Event{
  event: "newconnectedline",
  source: :asterisk_connection,
  action_id: nil,
  keys: %{
    "accountcode" => "",
    "calleridname" => "103",
    "calleridnum" => "103",
    "channel" => "PJSIP/103-00000076",
    "channelstate" => "4",
    "channelstatedesc" => "Ring",
    "connectedlinename" => "101",
    "connectedlinenum" => "101",
    "context" => "org_all",
    "exten" => "101",
    "language" => "en",
    "linkedid" => "1745126762.199",
    "priority" => "2",
    "privilege" => "call,all",
    "uniqueid" => "1745126762.199"
  },
  variables: %{}
}
[2025-04-20 05:26:02.637621Z] %ElixirAmi.Event{
  event: "newstate",
  source: :asterisk_connection,
  action_id: nil,
  keys: %{
    "accountcode" => "",
    "calleridname" => "101",
    "calleridnum" => "101",
    "channel" => "PJSIP/101-00000077",
    "channelstate" => "5",
    "channelstatedesc" => "Ringing",
    "connectedlinename" => "103",
    "connectedlinenum" => "103",
    "context" => "org_all",
    "exten" => "101",
    "language" => "en",
    "linkedid" => "1745126762.199",
    "priority" => "1",
    "privilege" => "call,all",
    "uniqueid" => "1745126762.200"
  },
  variables: %{}
}
[2025-04-20 05:26:02.638033Z] %ElixirAmi.Event{
  event: "varset",
  source: :asterisk_connection,
  action_id: nil,
  keys: %{
    "accountcode" => "",
    "calleridname" => "103",
    "calleridnum" => "103",
    "channel" => "PJSIP/103-00000076",
    "channelstate" => "4",
    "channelstatedesc" => "Ring",
    "connectedlinename" => "101",
    "connectedlinenum" => "101",
    "context" => "org_all",
    "exten" => "101",
    "language" => "en",
    "linkedid" => "1745126762.199",
    "priority" => "2",
    "privilege" => "dialplan,all",
    "uniqueid" => "1745126762.199",
    "value" => "0",
    "variable" => "RINGTIME"
  },
  variables: %{}
}
[2025-04-20 05:26:02.638319Z] %ElixirAmi.Event{
  event: "varset",
  source: :asterisk_connection,
  action_id: nil,
  keys: %{
    "accountcode" => "",
    "calleridname" => "103",
    "calleridnum" => "103",
    "channel" => "PJSIP/103-00000076",
    "channelstate" => "4",
    "channelstatedesc" => "Ring",
    "connectedlinename" => "101",
    "connectedlinenum" => "101",
    "context" => "org_all",
    "exten" => "101",
    "language" => "en",
    "linkedid" => "1745126762.199",
    "priority" => "2",
    "privilege" => "dialplan,all",
    "uniqueid" => "1745126762.199",
    "value" => "5",
    "variable" => "RINGTIME_MS"
  },
  variables: %{}
}
[2025-04-20 05:26:02.638572Z] %ElixirAmi.Event{
  event: "dialstate",
  source: :asterisk_connection,
  action_id: nil,
  keys: %{
    "accountcode" => "",
    "calleridname" => "103",
    "calleridnum" => "103",
    "channel" => "PJSIP/103-00000076",
    "channelstate" => "4",
    "channelstatedesc" => "Ring",
    "connectedlinename" => "101",
    "connectedlinenum" => "101",
    "context" => "org_all",
    "destaccountcode" => "",
    "destcalleridname" => "101",
    "destcalleridnum" => "101",
    "destchannel" => "PJSIP/101-00000077",
    "destchannelstate" => "5",
    "destchannelstatedesc" => "Ringing",
    "destconnectedlinename" => "103",
    "destconnectedlinenum" => "103",
    "destcontext" => "org_all",
    "destexten" => "101",
    "destlanguage" => "en",
    "destlinkedid" => "1745126762.199",
    "destpriority" => "1",
    "destuniqueid" => "1745126762.200",
    "dialstatus" => "RINGING",
    "exten" => "101",
    "language" => "en",
    "linkedid" => "1745126762.199",
    "priority" => "2",
    "privilege" => "call,all",
    "uniqueid" => "1745126762.199"
  },
  variables: %{}
}
[2025-04-20 05:26:04.493505Z] %ElixirAmi.Event{
  event: "rtcpreceived",
  source: :asterisk_connection,
  action_id: nil,
  keys: %{
    "accountcode" => "",
    "calleridname" => "101",
    "calleridnum" => "101",
    "channel" => "PJSIP/101-00000077",
    "channelstate" => "5",
    "channelstatedesc" => "Ringing",
    "connectedlinename" => "103",
    "connectedlinenum" => "103",
    "context" => "org_all",
    "exten" => "101",
    "from" => "192.168.0.16:4093",
    "language" => "en",
    "linkedid" => "1745126762.199",
    "mes" => "85.4",
    "priority" => "1",
    "privilege" => "reporting,all",
    "pt" => "201(RR)",
    "report0cumulativelost" => "0",
    "report0dlsr" => "0.0000",
    "report0fractionlost" => "0",
    "report0highestsequence" => "0",
    "report0iajitter" => "0",
    "report0lsr" => "0",
    "report0sequencenumbercycles" => "0",
    "report0sourcessrc" => "0x00000000",
    "reportcount" => "1",
    "rtt" => "0.0000",
    "ssrc" => "0x00000000",
    "to" => "192.168.0.16:10481",
    "uniqueid" => "1745126762.200"
  },
  variables: %{}
}
[2025-04-20 05:26:04.493914Z] %ElixirAmi.Event{
  event: "rtcpreceived",
  source: :asterisk_connection,
  action_id: nil,
  keys: %{
    "accountcode" => "",
    "calleridname" => "101",
    "calleridnum" => "101",
    "channel" => "PJSIP/101-00000077",
    "channelstate" => "5",
    "channelstatedesc" => "Ringing",
    "connectedlinename" => "103",
    "connectedlinenum" => "103",
    "context" => "org_all",
    "exten" => "101",
    "from" => "192.168.0.16:4093",
    "language" => "en",
    "linkedid" => "1745126762.199",
    "mes" => "85.4",
    "priority" => "1",
    "privilege" => "reporting,all",
    "pt" => "201(RR)",
    "report0cumulativelost" => "0",
    "report0dlsr" => "0.0000",
    "report0fractionlost" => "0",
    "report0highestsequence" => "0",
    "report0iajitter" => "0",
    "report0lsr" => "0",
    "report0sequencenumbercycles" => "0",
    "report0sourcessrc" => "0x00000000",
    "reportcount" => "1",
    "rtt" => "0.0000",
    "ssrc" => "0x00000000",
    "to" => "192.168.0.16:10481",
    "uniqueid" => "1745126762.200"
  },
  variables: %{}
}
[2025-04-20 05:26:04.494214Z] %ElixirAmi.Event{
  event: "newstate",
  source: :asterisk_connection,
  action_id: nil,
  keys: %{
    "accountcode" => "",
    "calleridname" => "101",
    "calleridnum" => "101",
    "channel" => "PJSIP/101-00000077",
    "channelstate" => "6",
    "channelstatedesc" => "Up",
    "connectedlinename" => "103",
    "connectedlinenum" => "103",
    "context" => "org_all",
    "exten" => "101",
    "language" => "en",
    "linkedid" => "1745126762.199",
    "priority" => "1",
    "privilege" => "call,all",
    "uniqueid" => "1745126762.200"
  },
  variables: %{}
}
[2025-04-20 05:26:04.494434Z] %ElixirAmi.Event{
  event: "varset",
  source: :asterisk_connection,
  action_id: nil,
  keys: %{
    "accountcode" => "",
    "calleridname" => "103",
    "calleridnum" => "103",
    "channel" => "PJSIP/103-00000076",
    "channelstate" => "4",
    "channelstatedesc" => "Ring",
    "connectedlinename" => "101",
    "connectedlinenum" => "101",
    "context" => "org_all",
    "exten" => "101",
    "language" => "en",
    "linkedid" => "1745126762.199",
    "priority" => "2",
    "privilege" => "dialplan,all",
    "uniqueid" => "1745126762.199",
    "value" => "ANSWER",
    "variable" => "DIALSTATUS"
  },
  variables: %{}
}
[2025-04-20 05:26:04.494648Z] %ElixirAmi.Event{
  event: "varset",
  source: :asterisk_connection,
  action_id: nil,
  keys: %{
    "accountcode" => "",
    "calleridname" => "103",
    "calleridnum" => "103",
    "channel" => "PJSIP/103-00000076",
    "channelstate" => "4",
    "channelstatedesc" => "Ring",
    "connectedlinename" => "101",
    "connectedlinenum" => "101",
    "context" => "org_all",
    "exten" => "101",
    "language" => "en",
    "linkedid" => "1745126762.199",
    "priority" => "2",
    "privilege" => "dialplan,all",
    "uniqueid" => "1745126762.199",
    "value" => "PJSIP/101-00000077",
    "variable" => "DIALEDPEERNAME"
  },
  variables: %{}
}
[2025-04-20 05:26:04.494896Z] %ElixirAmi.Event{
  event: "varset",
  source: :asterisk_connection,
  action_id: nil,
  keys: %{
    "accountcode" => "",
    "calleridname" => "103",
    "calleridnum" => "103",
    "channel" => "PJSIP/103-00000076",
    "channelstate" => "4",
    "channelstatedesc" => "Ring",
    "connectedlinename" => "101",
    "connectedlinenum" => "101",
    "context" => "org_all",
    "exten" => "101",
    "language" => "en",
    "linkedid" => "1745126762.199",
    "priority" => "2",
    "privilege" => "dialplan,all",
    "uniqueid" => "1745126762.199",
    "value" => "101",
    "variable" => "DIALEDPEERNUMBER"
  },
  variables: %{}
}
[2025-04-20 05:26:04.495506Z] %ElixirAmi.Event{
  event: "dialend",
  source: :asterisk_connection,
  action_id: nil,
  keys: %{
    "accountcode" => "",
    "calleridname" => "103",
    "calleridnum" => "103",
    "channel" => "PJSIP/103-00000076",
    "channelstate" => "4",
    "channelstatedesc" => "Ring",
    "connectedlinename" => "101",
    "connectedlinenum" => "101",
    "context" => "org_all",
    "destaccountcode" => "",
    "destcalleridname" => "101",
    "destcalleridnum" => "101",
    "destchannel" => "PJSIP/101-00000077",
    "destchannelstate" => "6",
    "destchannelstatedesc" => "Up",
    "destconnectedlinename" => "103",
    "destconnectedlinenum" => "103",
    "destcontext" => "org_all",
    "destexten" => "",
    "destlanguage" => "en",
    "destlinkedid" => "1745126762.199",
    "destpriority" => "1",
    "destuniqueid" => "1745126762.200",
    "dialstatus" => "ANSWER",
    "exten" => "101",
    "language" => "en",
    "linkedid" => "1745126762.199",
    "priority" => "2",
    "privilege" => "call,all",
    "uniqueid" => "1745126762.199"
  },
  variables: %{}
}
[2025-04-20 05:26:04.495776Z] %ElixirAmi.Event{
  event: "newstate",
  source: :asterisk_connection,
  action_id: nil,
  keys: %{
    "accountcode" => "",
    "calleridname" => "103",
    "calleridnum" => "103",
    "channel" => "PJSIP/103-00000076",
    "channelstate" => "6",
    "channelstatedesc" => "Up",
    "connectedlinename" => "101",
    "connectedlinenum" => "101",
    "context" => "org_all",
    "exten" => "101",
    "language" => "en",
    "linkedid" => "1745126762.199",
    "priority" => "2",
    "privilege" => "call,all",
    "uniqueid" => "1745126762.199"
  },
  variables: %{}
}
[2025-04-20 05:26:04.496202Z] %ElixirAmi.Event{
  event: "newexten",
  source: :asterisk_connection,
  action_id: nil,
  keys: %{
    "accountcode" => "",
    "appdata" => "(Outgoing Line)",
    "application" => "AppDial",
    "calleridname" => "101",
    "calleridnum" => "101",
    "channel" => "PJSIP/101-00000077",
    "channelstate" => "6",
    "channelstatedesc" => "Up",
    "connectedlinename" => "103",
    "connectedlinenum" => "103",
    "context" => "org_all",
    "exten" => "",
    "extension" => "",
    "language" => "en",
    "linkedid" => "1745126762.199",
    "priority" => "1",
    "privilege" => "dialplan,all",
    "uniqueid" => "1745126762.200"
  },
  variables: %{}
}
[2025-04-20 05:26:04.496541Z] %ElixirAmi.Event{
  event: "bridgeenter",
  source: :asterisk_connection,
  action_id: nil,
  keys: %{
    "accountcode" => "",
    "bridgecreator" => "<unknown>",
    "bridgename" => "<unknown>",
    "bridgenumchannels" => "1",
    "bridgetechnology" => "simple_bridge",
    "bridgetype" => "basic",
    "bridgeuniqueid" => "18645b4b-ee82-465a-8698-a453f69efa07",
    "bridgevideosourcemode" => "none",
    "calleridname" => "101",
    "calleridnum" => "101",
    "channel" => "PJSIP/101-00000077",
    "channelstate" => "6",
    "channelstatedesc" => "Up",
    "connectedlinename" => "103",
    "connectedlinenum" => "103",
    "context" => "org_all",
    "exten" => "",
    "language" => "en",
    "linkedid" => "1745126762.199",
    "priority" => "1",
    "privilege" => "call,all",
    "uniqueid" => "1745126762.200"
  },
  variables: %{}
}
[2025-04-20 05:26:04.496866Z] %ElixirAmi.Event{
  event: "bridgeenter",
  source: :asterisk_connection,
  action_id: nil,
  keys: %{
    "accountcode" => "",
    "bridgecreator" => "<unknown>",
    "bridgename" => "<unknown>",
    "bridgenumchannels" => "2",
    "bridgetechnology" => "simple_bridge",
    "bridgetype" => "basic",
    "bridgeuniqueid" => "18645b4b-ee82-465a-8698-a453f69efa07",
    "bridgevideosourcemode" => "none",
    "calleridname" => "103",
    "calleridnum" => "103",
    "channel" => "PJSIP/103-00000076",
    "channelstate" => "6",
    "channelstatedesc" => "Up",
    "connectedlinename" => "101",
    "connectedlinenum" => "101",
    "context" => "org_all",
    "exten" => "101",
    "language" => "en",
    "linkedid" => "1745126762.199",
    "priority" => "2",
    "privilege" => "call,all",
    "uniqueid" => "1745126762.199"
  },
  variables: %{}
}
[2025-04-20 05:26:04.497088Z] %ElixirAmi.Event{
  event: "varset",
  source: :asterisk_connection,
  action_id: nil,
  keys: %{
    "accountcode" => "",
    "calleridname" => "103",
    "calleridnum" => "103",
    "channel" => "PJSIP/103-00000076",
    "channelstate" => "6",
    "channelstatedesc" => "Up",
    "connectedlinename" => "101",
    "connectedlinenum" => "101",
    "context" => "org_all",
    "exten" => "101",
    "language" => "en",
    "linkedid" => "1745126762.199",
    "priority" => "2",
    "privilege" => "dialplan,all",
    "uniqueid" => "1745126762.199",
    "value" => "PJSIP/101-00000077",
    "variable" => "BRIDGEPEER"
  },
  variables: %{}
}
[2025-04-20 05:26:04.497500Z] %ElixirAmi.Event{
  event: "varset",
  source: :asterisk_connection,
  action_id: nil,
  keys: %{
    "accountcode" => "",
    "calleridname" => "103",
    "calleridnum" => "103",
    "channel" => "PJSIP/103-00000076",
    "channelstate" => "6",
    "channelstatedesc" => "Up",
    "connectedlinename" => "101",
    "connectedlinenum" => "101",
    "context" => "org_all",
    "exten" => "101",
    "language" => "en",
    "linkedid" => "1745126762.199",
    "priority" => "2",
    "privilege" => "dialplan,all",
    "uniqueid" => "1745126762.199",
    "value" => "f570d173-fe43-4bee-806f-47b982ea6117",
    "variable" => "BRIDGEPVTCALLID"
  },
  variables: %{}
}
[2025-04-20 05:26:04.497811Z] %ElixirAmi.Event{
  event: "varset",
  source: :asterisk_connection,
  action_id: nil,
  keys: %{
    "accountcode" => "",
    "calleridname" => "101",
    "calleridnum" => "101",
    "channel" => "PJSIP/101-00000077",
    "channelstate" => "6",
    "channelstatedesc" => "Up",
    "connectedlinename" => "103",
    "connectedlinenum" => "103",
    "context" => "org_all",
    "exten" => "",
    "language" => "en",
    "linkedid" => "1745126762.199",
    "priority" => "1",
    "privilege" => "dialplan,all",
    "uniqueid" => "1745126762.200",
    "value" => "PJSIP/103-00000076",
    "variable" => "BRIDGEPEER"
  },
  variables: %{}
}
[2025-04-20 05:26:04.498000Z] %ElixirAmi.Event{
  event: "varset",
  source: :asterisk_connection,
  action_id: nil,
  keys: %{
    "accountcode" => "",
    "calleridname" => "101",
    "calleridnum" => "101",
    "channel" => "PJSIP/101-00000077",
    "channelstate" => "6",
    "channelstatedesc" => "Up",
    "connectedlinename" => "103",
    "connectedlinenum" => "103",
    "context" => "org_all",
    "exten" => "",
    "language" => "en",
    "linkedid" => "1745126762.199",
    "priority" => "1",
    "privilege" => "dialplan,all",
    "uniqueid" => "1745126762.200",
    "value" => "8eccba0250ea4a409d95b2ffc2528966",
    "variable" => "BRIDGEPVTCALLID"
  },
  variables: %{}
}
[2025-04-20 05:26:04.498339Z] %ElixirAmi.Event{
  event: "varset",
  source: :asterisk_connection,
  action_id: nil,
  keys: %{
    "accountcode" => "",
    "calleridname" => "103",
    "calleridnum" => "103",
    "channel" => "PJSIP/103-00000076",
    "channelstate" => "6",
    "channelstatedesc" => "Up",
    "connectedlinename" => "101",
    "connectedlinenum" => "101",
    "context" => "org_all",
    "exten" => "101",
    "language" => "en",
    "linkedid" => "1745126762.199",
    "priority" => "2",
    "privilege" => "dialplan,all",
    "uniqueid" => "1745126762.199",
    "value" => "PJSIP/101-00000077",
    "variable" => "BRIDGEPEER"
  },
  variables: %{}
}
[2025-04-20 05:26:04.498651Z] %ElixirAmi.Event{
  event: "varset",
  source: :asterisk_connection,
  action_id: nil,
  keys: %{
    "accountcode" => "",
    "calleridname" => "103",
    "calleridnum" => "103",
    "channel" => "PJSIP/103-00000076",
    "channelstate" => "6",
    "channelstatedesc" => "Up",
    "connectedlinename" => "101",
    "connectedlinenum" => "101",
    "context" => "org_all",
    "exten" => "101",
    "language" => "en",
    "linkedid" => "1745126762.199",
    "priority" => "2",
    "privilege" => "dialplan,all",
    "uniqueid" => "1745126762.199",
    "value" => "f570d173-fe43-4bee-806f-47b982ea6117",
    "variable" => "BRIDGEPVTCALLID"
  },
  variables: %{}
}
[2025-04-20 05:26:04.498902Z] %ElixirAmi.Event{
  event: "varset",
  source: :asterisk_connection,
  action_id: nil,
  keys: %{
    "accountcode" => "",
    "calleridname" => "101",
    "calleridnum" => "101",
    "channel" => "PJSIP/101-00000077",
    "channelstate" => "6",
    "channelstatedesc" => "Up",
    "connectedlinename" => "103",
    "connectedlinenum" => "103",
    "context" => "org_all",
    "exten" => "",
    "language" => "en",
    "linkedid" => "1745126762.199",
    "priority" => "1",
    "privilege" => "dialplan,all",
    "uniqueid" => "1745126762.200",
    "value" => "PJSIP/103-00000076",
    "variable" => "BRIDGEPEER"
  },
  variables: %{}
}
[2025-04-20 05:26:04.499057Z] %ElixirAmi.Event{
  event: "varset",
  source: :asterisk_connection,
  action_id: nil,
  keys: %{
    "accountcode" => "",
    "calleridname" => "101",
    "calleridnum" => "101",
    "channel" => "PJSIP/101-00000077",
    "channelstate" => "6",
    "channelstatedesc" => "Up",
    "connectedlinename" => "103",
    "connectedlinenum" => "103",
    "context" => "org_all",
    "exten" => "",
    "language" => "en",
    "linkedid" => "1745126762.199",
    "priority" => "1",
    "privilege" => "dialplan,all",
    "uniqueid" => "1745126762.200",
    "value" => "8eccba0250ea4a409d95b2ffc2528966",
    "variable" => "BRIDGEPVTCALLID"
  },
  variables: %{}
}
[2025-04-20 05:26:04.499231Z] %ElixirAmi.Event{
  event: "varset",
  source: :asterisk_connection,
  action_id: nil,
  keys: %{
    "accountcode" => "",
    "calleridname" => "103",
    "calleridnum" => "103",
    "channel" => "PJSIP/103-00000076",
    "channelstate" => "6",
    "channelstatedesc" => "Up",
    "connectedlinename" => "101",
    "connectedlinenum" => "101",
    "context" => "org_all",
    "exten" => "101",
    "language" => "en",
    "linkedid" => "1745126762.199",
    "priority" => "2",
    "privilege" => "dialplan,all",
    "uniqueid" => "1745126762.199",
    "value" => "PJSIP/101-00000077",
    "variable" => "BRIDGEPEER"
  },
  variables: %{}
}
[2025-04-20 05:26:04.499370Z] %ElixirAmi.Event{
  event: "varset",
  source: :asterisk_connection,
  action_id: nil,
  keys: %{
    "accountcode" => "",
    "calleridname" => "103",
    "calleridnum" => "103",
    "channel" => "PJSIP/103-00000076",
    "channelstate" => "6",
    "channelstatedesc" => "Up",
    "connectedlinename" => "101",
    "connectedlinenum" => "101",
    "context" => "org_all",
    "exten" => "101",
    "language" => "en",
    "linkedid" => "1745126762.199",
    "priority" => "2",
    "privilege" => "dialplan,all",
    "uniqueid" => "1745126762.199",
    "value" => "f570d173-fe43-4bee-806f-47b982ea6117",
    "variable" => "BRIDGEPVTCALLID"
  },
  variables: %{}
}
[2025-04-20 05:26:04.499567Z] %ElixirAmi.Event{
  event: "varset",
  source: :asterisk_connection,
  action_id: nil,
  keys: %{
    "accountcode" => "",
    "calleridname" => "101",
    "calleridnum" => "101",
    "channel" => "PJSIP/101-00000077",
    "channelstate" => "6",
    "channelstatedesc" => "Up",
    "connectedlinename" => "103",
    "connectedlinenum" => "103",
    "context" => "org_all",
    "exten" => "",
    "language" => "en",
    "linkedid" => "1745126762.199",
    "priority" => "1",
    "privilege" => "dialplan,all",
    "uniqueid" => "1745126762.200",
    "value" => "PJSIP/103-00000076",
    "variable" => "BRIDGEPEER"
  },
  variables: %{}
}
[2025-04-20 05:26:04.499766Z] %ElixirAmi.Event{
  event: "varset",
  source: :asterisk_connection,
  action_id: nil,
  keys: %{
    "accountcode" => "",
    "calleridname" => "101",
    "calleridnum" => "101",
    "channel" => "PJSIP/101-00000077",
    "channelstate" => "6",
    "channelstatedesc" => "Up",
    "connectedlinename" => "103",
    "connectedlinenum" => "103",
    "context" => "org_all",
    "exten" => "",
    "language" => "en",
    "linkedid" => "1745126762.199",
    "priority" => "1",
    "privilege" => "dialplan,all",
    "uniqueid" => "1745126762.200",
    "value" => "8eccba0250ea4a409d95b2ffc2528966",
    "variable" => "BRIDGEPVTCALLID"
  },
  variables: %{}
}
[2025-04-20 05:26:04.500087Z] %ElixirAmi.Event{
  event: "rtcpreceived",
  source: :asterisk_connection,
  action_id: nil,
  keys: %{
    "accountcode" => "",
    "calleridname" => "103",
    "calleridnum" => "103",
    "channel" => "PJSIP/103-00000076",
    "channelstate" => "6",
    "channelstatedesc" => "Up",
    "connectedlinename" => "101",
    "connectedlinenum" => "101",
    "context" => "org_all",
    "exten" => "101",
    "from" => "192.168.0.16:4087",
    "language" => "en",
    "linkedid" => "1745126762.199",
    "mes" => "85.4",
    "priority" => "2",
    "privilege" => "reporting,all",
    "pt" => "201(RR)",
    "report0cumulativelost" => "0",
    "report0dlsr" => "0.0000",
    "report0fractionlost" => "0",
    "report0highestsequence" => "0",
    "report0iajitter" => "0",
    "report0lsr" => "0",
    "report0sequencenumbercycles" => "0",
    "report0sourcessrc" => "0x00000000",
    "reportcount" => "1",
    "rtt" => "0.0000",
    "ssrc" => "0x00000000",
    "to" => "192.168.0.16:11859",
    "uniqueid" => "1745126762.199"
  },
  variables: %{}
}
[2025-04-20 05:26:04.500539Z] %ElixirAmi.Event{
  event: "rtcpreceived",
  source: :asterisk_connection,
  action_id: nil,
  keys: %{
    "accountcode" => "",
    "calleridname" => "103",
    "calleridnum" => "103",
    "channel" => "PJSIP/103-00000076",
    "channelstate" => "6",
    "channelstatedesc" => "Up",
    "connectedlinename" => "101",
    "connectedlinenum" => "101",
    "context" => "org_all",
    "exten" => "101",
    "from" => "192.168.0.16:4087",
    "language" => "en",
    "linkedid" => "1745126762.199",
    "mes" => "85.4",
    "priority" => "2",
    "privilege" => "reporting,all",
    "pt" => "201(RR)",
    "report0cumulativelost" => "0",
    "report0dlsr" => "0.0000",
    "report0fractionlost" => "0",
    "report0highestsequence" => "0",
    "report0iajitter" => "0",
    "report0lsr" => "0",
    "report0sequencenumbercycles" => "0",
    "report0sourcessrc" => "0x00000000",
    "reportcount" => "1",
    "rtt" => "0.0000",
    "ssrc" => "0x00000000",
    "to" => "192.168.0.16:11859",
    "uniqueid" => "1745126762.199"
  },
  variables: %{}
}
[2025-04-20 05:26:04.500634Z] %ElixirAmi.Event{
  event: "varset",
  source: :asterisk_connection,
  action_id: nil,
  keys: %{
    "accountcode" => "",
    "calleridname" => "103",
    "calleridnum" => "103",
    "channel" => "PJSIP/103-00000076",
    "channelstate" => "6",
    "channelstatedesc" => "Up",
    "connectedlinename" => "101",
    "connectedlinenum" => "101",
    "context" => "org_all",
    "exten" => "101",
    "language" => "en",
    "linkedid" => "1745126762.199",
    "priority" => "2",
    "privilege" => "dialplan,all",
    "uniqueid" => "1745126762.199",
    "value" => "/home/rawmn/AsteriskConnector/priv/recordings/103_101_2025-04-201745126762.199.wav",
    "variable" => "MIXMONITOR_FILENAME"
  },
  variables: %{}
}
[2025-04-20 05:26:04.500898Z] %ElixirAmi.Event{
  event: "mixmonitorstart",
  source: :asterisk_connection,
  action_id: nil,
  keys: %{
    "accountcode" => "",
    "calleridname" => "103",
    "calleridnum" => "103",
    "channel" => "PJSIP/103-00000076",
    "channelstate" => "6",
    "channelstatedesc" => "Up",
    "connectedlinename" => "101",
    "connectedlinenum" => "101",
    "context" => "org_all",
    "exten" => "101",
    "language" => "en",
    "linkedid" => "1745126762.199",
    "priority" => "2",
    "privilege" => "call,all",
    "uniqueid" => "1745126762.199"
  },
  variables: %{}
}
[2025-04-20 05:26:04.501294Z] %ElixirAmi.Event{
  event: "varset",
  source: :asterisk_connection,
  action_id: nil,
  keys: %{
    "accountcode" => "",
    "calleridname" => "103",
    "calleridnum" => "103",
    "channel" => "PJSIP/103-00000076",
    "channelstate" => "6",
    "channelstatedesc" => "Up",
    "connectedlinename" => "101",
    "connectedlinenum" => "101",
    "context" => "org_all",
    "exten" => "101",
    "language" => "en",
    "linkedid" => "1745126762.199",
    "priority" => "2",
    "privilege" => "dialplan,all",
    "uniqueid" => "1745126762.199",
    "value" => "PJSIP/101-00000077",
    "variable" => "BRIDGEPEER"
  },
  variables: %{}
}
[2025-04-20 05:26:04.501668Z] %ElixirAmi.Event{
  event: "varset",
  source: :asterisk_connection,
  action_id: nil,
  keys: %{
    "accountcode" => "",
    "calleridname" => "103",
    "calleridnum" => "103",
    "channel" => "PJSIP/103-00000076",
    "channelstate" => "6",
    "channelstatedesc" => "Up",
    "connectedlinename" => "101",
    "connectedlinenum" => "101",
    "context" => "org_all",
    "exten" => "101",
    "language" => "en",
    "linkedid" => "1745126762.199",
    "priority" => "2",
    "privilege" => "dialplan,all",
    "uniqueid" => "1745126762.199",
    "value" => "f570d173-fe43-4bee-806f-47b982ea6117",
    "variable" => "BRIDGEPVTCALLID"
  },
  variables: %{}
}
[2025-04-20 05:26:04.501934Z] %ElixirAmi.Event{
  event: "varset",
  source: :asterisk_connection,
  action_id: nil,
  keys: %{
    "accountcode" => "",
    "calleridname" => "101",
    "calleridnum" => "101",
    "channel" => "PJSIP/101-00000077",
    "channelstate" => "6",
    "channelstatedesc" => "Up",
    "connectedlinename" => "103",
    "connectedlinenum" => "103",
    "context" => "org_all",
    "exten" => "",
    "language" => "en",
    "linkedid" => "1745126762.199",
    "priority" => "1",
    "privilege" => "dialplan,all",
    "uniqueid" => "1745126762.200",
    "value" => "PJSIP/103-00000076",
    "variable" => "BRIDGEPEER"
  },
  variables: %{}
}
[2025-04-20 05:26:04.502134Z] %ElixirAmi.Event{
  event: "varset",
  source: :asterisk_connection,
  action_id: nil,
  keys: %{
    "accountcode" => "",
    "calleridname" => "101",
    "calleridnum" => "101",
    "channel" => "PJSIP/101-00000077",
    "channelstate" => "6",
    "channelstatedesc" => "Up",
    "connectedlinename" => "103",
    "connectedlinenum" => "103",
    "context" => "org_all",
    "exten" => "",
    "language" => "en",
    "linkedid" => "1745126762.199",
    "priority" => "1",
    "privilege" => "dialplan,all",
    "uniqueid" => "1745126762.200",
    "value" => "8eccba0250ea4a409d95b2ffc2528966",
    "variable" => "BRIDGEPVTCALLID"
  },
  variables: %{}
}
[2025-04-20 05:26:04.502305Z] %ElixirAmi.Event{
  event: "varset",
  source: :asterisk_connection,
  action_id: nil,
  keys: %{
    "accountcode" => "",
    "calleridname" => "103",
    "calleridnum" => "103",
    "channel" => "PJSIP/103-00000076",
    "channelstate" => "6",
    "channelstatedesc" => "Up",
    "connectedlinename" => "101",
    "connectedlinenum" => "101",
    "context" => "org_all",
    "exten" => "101",
    "language" => "en",
    "linkedid" => "1745126762.199",
    "priority" => "2",
    "privilege" => "dialplan,all",
    "uniqueid" => "1745126762.199",
    "value" => "PJSIP/101-00000077",
    "variable" => "BRIDGEPEER"
  },
  variables: %{}
}
[2025-04-20 05:26:04.502458Z] %ElixirAmi.Event{
  event: "varset",
  source: :asterisk_connection,
  action_id: nil,
  keys: %{
    "accountcode" => "",
    "calleridname" => "103",
    "calleridnum" => "103",
    "channel" => "PJSIP/103-00000076",
    "channelstate" => "6",
    "channelstatedesc" => "Up",
    "connectedlinename" => "101",
    "connectedlinenum" => "101",
    "context" => "org_all",
    "exten" => "101",
    "language" => "en",
    "linkedid" => "1745126762.199",
    "priority" => "2",
    "privilege" => "dialplan,all",
    "uniqueid" => "1745126762.199",
    "value" => "f570d173-fe43-4bee-806f-47b982ea6117",
    "variable" => "BRIDGEPVTCALLID"
  },
  variables: %{}
}
[2025-04-20 05:26:04.502620Z] %ElixirAmi.Event{
  event: "varset",
  source: :asterisk_connection,
  action_id: nil,
  keys: %{
    "accountcode" => "",
    "calleridname" => "101",
    "calleridnum" => "101",
    "channel" => "PJSIP/101-00000077",
    "channelstate" => "6",
    "channelstatedesc" => "Up",
    "connectedlinename" => "103",
    "connectedlinenum" => "103",
    "context" => "org_all",
    "exten" => "",
    "language" => "en",
    "linkedid" => "1745126762.199",
    "priority" => "1",
    "privilege" => "dialplan,all",
    "uniqueid" => "1745126762.200",
    "value" => "PJSIP/103-00000076",
    "variable" => "BRIDGEPEER"
  },
  variables: %{}
}
[2025-04-20 05:26:04.502865Z] %ElixirAmi.Event{
  event: "varset",
  source: :asterisk_connection,
  action_id: nil,
  keys: %{
    "accountcode" => "",
    "calleridname" => "101",
    "calleridnum" => "101",
    "channel" => "PJSIP/101-00000077",
    "channelstate" => "6",
    "channelstatedesc" => "Up",
    "connectedlinename" => "103",
    "connectedlinenum" => "103",
    "context" => "org_all",
    "exten" => "",
    "language" => "en",
    "linkedid" => "1745126762.199",
    "priority" => "1",
    "privilege" => "dialplan,all",
    "uniqueid" => "1745126762.200",
    "value" => "8eccba0250ea4a409d95b2ffc2528966",
    "variable" => "BRIDGEPVTCALLID"
  },
  variables: %{}
}
[2025-04-20 05:26:04.503029Z] %ElixirAmi.Event{
  event: "varset",
  source: :asterisk_connection,
  action_id: nil,
  keys: %{
    "accountcode" => "",
    "calleridname" => "103",
    "calleridnum" => "103",
    "channel" => "PJSIP/103-00000076",
    "channelstate" => "6",
    "channelstatedesc" => "Up",
    "connectedlinename" => "101",
    "connectedlinenum" => "101",
    "context" => "org_all",
    "exten" => "101",
    "language" => "en",
    "linkedid" => "1745126762.199",
    "priority" => "2",
    "privilege" => "dialplan,all",
    "uniqueid" => "1745126762.199",
    "value" => "PJSIP/101-00000077",
    "variable" => "BRIDGEPEER"
  },
  variables: %{}
}
[2025-04-20 05:26:04.503193Z] %ElixirAmi.Event{
  event: "varset",
  source: :asterisk_connection,
  action_id: nil,
  keys: %{
    "accountcode" => "",
    "calleridname" => "103",
    "calleridnum" => "103",
    "channel" => "PJSIP/103-00000076",
    "channelstate" => "6",
    "channelstatedesc" => "Up",
    "connectedlinename" => "101",
    "connectedlinenum" => "101",
    "context" => "org_all",
    "exten" => "101",
    "language" => "en",
    "linkedid" => "1745126762.199",
    "priority" => "2",
    "privilege" => "dialplan,all",
    "uniqueid" => "1745126762.199",
    "value" => "f570d173-fe43-4bee-806f-47b982ea6117",
    "variable" => "BRIDGEPVTCALLID"
  },
  variables: %{}
}
[2025-04-20 05:26:04.503372Z] %ElixirAmi.Event{
  event: "varset",
  source: :asterisk_connection,
  action_id: nil,
  keys: %{
    "accountcode" => "",
    "calleridname" => "101",
    "calleridnum" => "101",
    "channel" => "PJSIP/101-00000077",
    "channelstate" => "6",
    "channelstatedesc" => "Up",
    "connectedlinename" => "103",
    "connectedlinenum" => "103",
    "context" => "org_all",
    "exten" => "",
    "language" => "en",
    "linkedid" => "1745126762.199",
    "priority" => "1",
    "privilege" => "dialplan,all",
    "uniqueid" => "1745126762.200",
    "value" => "PJSIP/103-00000076",
    "variable" => "BRIDGEPEER"
  },
  variables: %{}
}
[2025-04-20 05:26:04.503630Z] %ElixirAmi.Event{
  event: "varset",
  source: :asterisk_connection,
  action_id: nil,
  keys: %{
    "accountcode" => "",
    "calleridname" => "101",
    "calleridnum" => "101",
    "channel" => "PJSIP/101-00000077",
    "channelstate" => "6",
    "channelstatedesc" => "Up",
    "connectedlinename" => "103",
    "connectedlinenum" => "103",
    "context" => "org_all",
    "exten" => "",
    "language" => "en",
    "linkedid" => "1745126762.199",
    "priority" => "1",
    "privilege" => "dialplan,all",
    "uniqueid" => "1745126762.200",
    "value" => "8eccba0250ea4a409d95b2ffc2528966",
    "variable" => "BRIDGEPVTCALLID"
  },
  variables: %{}
}
[2025-04-20 05:26:04.511789Z] %ElixirAmi.Event{
  event: "varset",
  source: :asterisk_connection,
  action_id: nil,
  keys: %{
    "accountcode" => "",
    "calleridname" => "103",
    "calleridnum" => "103",
    "channel" => "PJSIP/103-00000076",
    "channelstate" => "6",
    "channelstatedesc" => "Up",
    "connectedlinename" => "101",
    "connectedlinenum" => "101",
    "context" => "org_all",
    "exten" => "101",
    "language" => "en",
    "linkedid" => "1745126762.199",
    "priority" => "2",
    "privilege" => "dialplan,all",
    "uniqueid" => "1745126762.199",
    "value" => "PJSIP/101-00000077",
    "variable" => "BRIDGEPEER"
  },
  variables: %{}
}
[2025-04-20 05:26:04.512017Z] %ElixirAmi.Event{
  event: "varset",
  source: :asterisk_connection,
  action_id: nil,
  keys: %{
    "accountcode" => "",
    "calleridname" => "103",
    "calleridnum" => "103",
    "channel" => "PJSIP/103-00000076",
    "channelstate" => "6",
    "channelstatedesc" => "Up",
    "connectedlinename" => "101",
    "connectedlinenum" => "101",
    "context" => "org_all",
    "exten" => "101",
    "language" => "en",
    "linkedid" => "1745126762.199",
    "priority" => "2",
    "privilege" => "dialplan,all",
    "uniqueid" => "1745126762.199",
    "value" => "f570d173-fe43-4bee-806f-47b982ea6117",
    "variable" => "BRIDGEPVTCALLID"
  },
  variables: %{}
}
[2025-04-20 05:26:04.512249Z] %ElixirAmi.Event{
  event: "varset",
  source: :asterisk_connection,
  action_id: nil,
  keys: %{
    "accountcode" => "",
    "calleridname" => "101",
    "calleridnum" => "101",
    "channel" => "PJSIP/101-00000077",
    "channelstate" => "6",
    "channelstatedesc" => "Up",
    "connectedlinename" => "103",
    "connectedlinenum" => "103",
    "context" => "org_all",
    "exten" => "",
    "language" => "en",
    "linkedid" => "1745126762.199",
    "priority" => "1",
    "privilege" => "dialplan,all",
    "uniqueid" => "1745126762.200",
    "value" => "PJSIP/103-00000076",
    "variable" => "BRIDGEPEER"
  },
  variables: %{}
}
[2025-04-20 05:26:04.512484Z] %ElixirAmi.Event{
  event: "varset",
  source: :asterisk_connection,
  action_id: nil,
  keys: %{
    "accountcode" => "",
    "calleridname" => "101",
    "calleridnum" => "101",
    "channel" => "PJSIP/101-00000077",
    "channelstate" => "6",
    "channelstatedesc" => "Up",
    "connectedlinename" => "103",
    "connectedlinenum" => "103",
    "context" => "org_all",
    "exten" => "",
    "language" => "en",
    "linkedid" => "1745126762.199",
    "priority" => "1",
    "privilege" => "dialplan,all",
    "uniqueid" => "1745126762.200",
    "value" => "8eccba0250ea4a409d95b2ffc2528966",
    "variable" => "BRIDGEPVTCALLID"
  },
  variables: %{}
}
[2025-04-20 05:26:04.687618Z] %ElixirAmi.Event{
  event: "rtcpreceived",
  source: :asterisk_connection,
  action_id: nil,
  keys: %{
    "pt" => "200(SR)",
    "report0highestsequence" => "20466",
    "mes" => "85.4",
    "privilege" => "reporting,all",
    "channelstatedesc" => "Up",
    "uniqueid" => "1745126762.199",
    "sentntp" => "1745151964.193324",
    "report0fractionlost" => "0",
    "sentpackets" => "9",
    "report0lsr" => "0",
    "linkedid" => "1745126762.199",
    "ssrc" => "0xebaf665c",
    "exten" => "101",
    "channel" => "PJSIP/103-00000076",
    "report0iajitter" => "0",
    "sentrtp" => "1544",
    "context" => "org_all",
    "connectedlinename" => "101",
    "priority" => "2",
    "rtt" => "0.0000",
    "to" => "192.168.0.16:11859",
    "reportcount" => "1",
    "language" => "en",
    "sentoctets" => "1440",
    "calleridname" => "103",
    "from" => "192.168.0.16:4087",
    "report0cumulativelost" => "0",
    "report0sequencenumbercycles" => "0",
    "calleridnum" => "103",
    "channelstate" => "6",
    "accountcode" => "",
    "report0dlsr" => "0.0000",
    "report0sourcessrc" => "0x5caaa5e7",
    "connectedlinenum" => "101"
  },
  variables: %{}
}
[2025-04-20 05:26:04.694733Z] %ElixirAmi.Event{
  event: "rtcpreceived",
  source: :asterisk_connection,
  action_id: nil,
  keys: %{
    "pt" => "200(SR)",
    "report0highestsequence" => "20778",
    "mes" => "85.4",
    "privilege" => "reporting,all",
    "channelstatedesc" => "Up",
    "uniqueid" => "1745126762.200",
    "sentntp" => "1745151964.202129",
    "report0fractionlost" => "0",
    "sentpackets" => "10",
    "report0lsr" => "0",
    "linkedid" => "1745126762.199",
    "ssrc" => "0xebaf665c",
    "exten" => "",
    "channel" => "PJSIP/101-00000077",
    "report0iajitter" => "0",
    "sentrtp" => "1616",
    "context" => "org_all",
    "connectedlinename" => "103",
    "priority" => "1",
    "rtt" => "0.0000",
    "to" => "192.168.0.16:10481",
    "reportcount" => "1",
    "language" => "en",
    "sentoctets" => "1600",
    "calleridname" => "101",
    "from" => "192.168.0.16:4093",
    "report0cumulativelost" => "0",
    "report0sequencenumbercycles" => "0",
    "calleridnum" => "101",
    "channelstate" => "6",
    "accountcode" => "",
    "report0dlsr" => "0.0000",
    "report0sourcessrc" => "0x704dfdf8",
    "connectedlinenum" => "103"
  },
  variables: %{}
}
[2025-04-20 05:26:09.508320Z] %ElixirAmi.Event{
  event: "rtcpsent",
  source: :asterisk_connection,
  action_id: nil,
  keys: %{
    "pt" => "200(SR)",
    "report0highestsequence" => "12592",
    "mes" => "85.4",
    "privilege" => "reporting,all",
    "channelstatedesc" => "Up",
    "uniqueid" => "1745126762.200",
    "sentntp" => "1745126769.507805",
    "report0fractionlost" => "0",
    "sentpackets" => "250",
    "report0lsr" => "1717318590",
    "linkedid" => "1745126762.199",
    "ssrc" => "0x704dfdf8",
    "exten" => "",
    "channel" => "PJSIP/101-00000077",
    "report0iajitter" => "6",
    "sentrtp" => "40000",
    "context" => "org_all",
    "connectedlinename" => "103",
    "priority" => "1",
    "to" => "192.168.0.16:4093",
    "reportcount" => "1",
    "language" => "en",
    "sentoctets" => "40000",
    "calleridname" => "101",
    "from" => "192.168.0.16:10481",
    "report0cumulativelost" => "0",
    "report0sequencenumbercycles" => "0",
    "calleridnum" => "101",
    "channelstate" => "6",
    "accountcode" => "",
    "report0dlsr" => "4.8130",
    "report0sourcessrc" => "0x15486433",
    "connectedlinenum" => "103"
  },
  variables: %{}
}
[2025-04-20 05:26:09.508819Z] %ElixirAmi.Event{
  event: "rtcpsent",
  source: :asterisk_connection,
  action_id: nil,
  keys: %{
    "pt" => "200(SR)",
    "report0highestsequence" => "2528",
    "mes" => "85.4",
    "privilege" => "reporting,all",
    "channelstatedesc" => "Up",
    "uniqueid" => "1745126762.199",
    "sentntp" => "1745126769.507837",
    "report0fractionlost" => "0",
    "sentpackets" => "250",
    "report0lsr" => "1717318013",
    "linkedid" => "1745126762.199",
    "ssrc" => "0x5caaa5e7",
    "exten" => "101",
    "channel" => "PJSIP/103-00000076",
    "report0iajitter" => "6",
    "sentrtp" => "40000",
    "context" => "org_all",
    "connectedlinename" => "101",
    "priority" => "2",
    "to" => "192.168.0.16:4087",
    "reportcount" => "1",
    "language" => "en",
    "sentoctets" => "40000",
    "calleridname" => "103",
    "from" => "192.168.0.16:11859",
    "report0cumulativelost" => "0",
    "report0sequencenumbercycles" => "0",
    "calleridnum" => "103",
    "channelstate" => "6",
    "accountcode" => "",
    "report0dlsr" => "4.8200",
    "report0sourcessrc" => "0x2ba7629d",
    "connectedlinenum" => "101"
  },
  variables: %{}
}
[2025-04-20 05:26:09.854678Z] %ElixirAmi.Event{
  event: "rtcpreceived",
  source: :asterisk_connection,
  action_id: nil,
  keys: %{
    "pt" => "200(SR)",
    "report0highestsequence" => "20724",
    "mes" => "85.4",
    "privilege" => "reporting,all",
    "channelstatedesc" => "Up",
    "uniqueid" => "1745126762.199",
    "sentntp" => "1745151969.360318",
    "report0fractionlost" => "0",
    "sentpackets" => "267",
    "report0lsr" => "66159105",
    "linkedid" => "1745126762.199",
    "ssrc" => "0xebaf6661",
    "exten" => "101",
    "channel" => "PJSIP/103-00000076",
    "report0iajitter" => "6",
    "sentrtp" => "42880",
    "context" => "org_all",
    "connectedlinename" => "101",
    "priority" => "2",
    "rtt" => "0.0001",
    "to" => "192.168.0.16:11859",
    "reportcount" => "1",
    "language" => "en",
    "sentoctets" => "42720",
    "calleridname" => "103",
    "from" => "192.168.0.16:4087",
    "report0cumulativelost" => "0",
    "report0sequencenumbercycles" => "0",
    "calleridnum" => "103",
    "channelstate" => "6",
    "accountcode" => "",
    "report0dlsr" => "0.3462",
    "report0sourcessrc" => "0x5caaa5e7",
    "connectedlinenum" => "101"
  },
  variables: %{}
}
[2025-04-20 05:26:09.950275Z] %ElixirAmi.Event{
  event: "rtcpreceived",
  source: :asterisk_connection,
  action_id: nil,
  keys: %{
    "pt" => "200(SR)",
    "report0highestsequence" => "21040",
    "mes" => "85.4",
    "privilege" => "reporting,all",
    "channelstatedesc" => "Up",
    "uniqueid" => "1745126762.200",
    "sentntp" => "1745151969.457553",
    "report0fractionlost" => "0",
    "sentpackets" => "272",
    "report0lsr" => "66159103",
    "linkedid" => "1745126762.199",
    "ssrc" => "0xebaf6661",
    "exten" => "",
    "channel" => "PJSIP/101-00000077",
    "report0iajitter" => "6",
    "sentrtp" => "43656",
    "context" => "org_all",
    "connectedlinename" => "103",
    "priority" => "1",
    "rtt" => "0.0001",
    "to" => "192.168.0.16:10481",
    "reportcount" => "1",
    "language" => "en",
    "sentoctets" => "43520",
    "calleridname" => "101",
    "from" => "192.168.0.16:4093",
    "report0cumulativelost" => "0",
    "report0sequencenumbercycles" => "0",
    "calleridnum" => "101",
    "channelstate" => "6",
    "accountcode" => "",
    "report0dlsr" => "0.4419",
    "report0sourcessrc" => "0x704dfdf8",
    "connectedlinenum" => "103"
  },
  variables: %{}
}
[2025-04-20 05:26:14.508421Z] %ElixirAmi.Event{
  event: "rtcpsent",
  source: :asterisk_connection,
  action_id: nil,
  keys: %{
    "pt" => "200(SR)",
    "report0highestsequence" => "12842",
    "mes" => "85.4",
    "privilege" => "reporting,all",
    "channelstatedesc" => "Up",
    "uniqueid" => "1745126762.200",
    "sentntp" => "1745126774.507903",
    "report0fractionlost" => "0",
    "sentpackets" => "500",
    "report0lsr" => "1717663010",
    "linkedid" => "1745126762.199",
    "ssrc" => "0x704dfdf8",
    "exten" => "",
    "channel" => "PJSIP/101-00000077",
    "report0iajitter" => "6",
    "sentrtp" => "80000",
    "context" => "org_all",
    "connectedlinename" => "103",
    "priority" => "1",
    "to" => "192.168.0.16:4093",
    "reportcount" => "1",
    "language" => "en",
    "sentoctets" => "80000",
    "calleridname" => "101",
    "from" => "192.168.0.16:10481",
    "report0cumulativelost" => "0",
    "report0sequencenumbercycles" => "0",
    "calleridnum" => "101",
    "channelstate" => "6",
    "accountcode" => "",
    "report0dlsr" => "4.5580",
    "report0sourcessrc" => "0x15486433",
    "connectedlinenum" => "103"
  },
  variables: %{}
}
[2025-04-20 05:26:14.508839Z] %ElixirAmi.Event{
  event: "rtcpsent",
  source: :asterisk_connection,
  action_id: nil,
  keys: %{
    "pt" => "200(SR)",
    "report0highestsequence" => "2778",
    "mes" => "85.4",
    "privilege" => "reporting,all",
    "channelstatedesc" => "Up",
    "uniqueid" => "1745126762.199",
    "sentntp" => "1745126774.507935",
    "report0fractionlost" => "0",
    "sentpackets" => "500",
    "report0lsr" => "1717656637",
    "linkedid" => "1745126762.199",
    "ssrc" => "0x5caaa5e7",
    "exten" => "101",
    "channel" => "PJSIP/103-00000076",
    "report0iajitter" => "7",
    "sentrtp" => "80000",
    "context" => "org_all",
    "connectedlinename" => "101",
    "priority" => "2",
    "to" => "192.168.0.16:4087",
    "reportcount" => "1",
    "language" => "en",
    "sentoctets" => "80000",
    "calleridname" => "103",
    "from" => "192.168.0.16:11859",
    "report0cumulativelost" => "0",
    "report0sequencenumbercycles" => "0",
    "calleridnum" => "103",
    "channelstate" => "6",
    "accountcode" => "",
    "report0dlsr" => "4.6530",
    "report0sourcessrc" => "0x2ba7629d",
    "connectedlinenum" => "101"
  },
  variables: %{}
}
[2025-04-20 05:26:15.195475Z] %ElixirAmi.Event{
  event: "rtcpreceived",
  source: :asterisk_connection,
  action_id: nil,
  keys: %{
    "pt" => "200(SR)",
    "report0highestsequence" => "20991",
    "mes" => "85.4",
    "privilege" => "reporting,all",
    "channelstatedesc" => "Up",
    "uniqueid" => "1745126762.199",
    "sentntp" => "1745151974.701045",
    "report0fractionlost" => "0",
    "sentpackets" => "534",
    "report0lsr" => "66486792",
    "linkedid" => "1745126762.199",
    "ssrc" => "0xebaf6666",
    "exten" => "101",
    "channel" => "PJSIP/103-00000076",
    "report0iajitter" => "6",
    "sentrtp" => "85608",
    "context" => "org_all",
    "connectedlinename" => "101",
    "priority" => "2",
    "rtt" => "0.0001",
    "to" => "192.168.0.16:11859",
    "reportcount" => "1",
    "language" => "en",
    "sentoctets" => "85440",
    "calleridname" => "103",
    "from" => "192.168.0.16:4087",
    "report0cumulativelost" => "0",
    "report0sequencenumbercycles" => "0",
    "calleridnum" => "103",
    "channelstate" => "6",
    "accountcode" => "",
    "report0dlsr" => "0.6869",
    "report0sourcessrc" => "0x5caaa5e7",
    "connectedlinenum" => "101"
  },
  variables: %{}
}
[2025-04-20 05:26:15.391162Z] %ElixirAmi.Event{
  event: "rtcpreceived",
  source: :asterisk_connection,
  action_id: nil,
  keys: %{
    "pt" => "200(SR)",
    "report0highestsequence" => "21312",
    "mes" => "85.4",
    "privilege" => "reporting,all",
    "channelstatedesc" => "Up",
    "uniqueid" => "1745126762.200",
    "sentntp" => "1745151974.898334",
    "report0fractionlost" => "0",
    "sentpackets" => "544",
    "report0lsr" => "66486789",
    "linkedid" => "1745126762.199",
    "ssrc" => "0xebaf6666",
    "exten" => "",
    "channel" => "PJSIP/101-00000077",
    "report0iajitter" => "7",
    "sentrtp" => "87184",
    "context" => "org_all",
    "connectedlinename" => "103",
    "priority" => "1",
    "rtt" => "0.0001",
    "to" => "192.168.0.16:10481",
    "reportcount" => "1",
    "language" => "en",
    "sentoctets" => "87040",
    "calleridname" => "101",
    "from" => "192.168.0.16:4093",
    "report0cumulativelost" => "0",
    "report0sequencenumbercycles" => "0",
    "calleridnum" => "101",
    "channelstate" => "6",
    "accountcode" => "",
    "report0dlsr" => "0.8826",
    "report0sourcessrc" => "0x704dfdf8",
    "connectedlinenum" => "103"
  },
  variables: %{}
}
[2025-04-20 05:26:19.508544Z] %ElixirAmi.Event{
  event: "rtcpsent",
  source: :asterisk_connection,
  action_id: nil,
  keys: %{
    "pt" => "200(SR)",
    "report0highestsequence" => "13092",
    "mes" => "85.4",
    "privilege" => "reporting,all",
    "channelstatedesc" => "Up",
    "uniqueid" => "1745126762.200",
    "sentntp" => "1745126779.508002",
    "report0fractionlost" => "0",
    "sentpackets" => "750",
    "report0lsr" => "1718019577",
    "linkedid" => "1745126762.199",
    "ssrc" => "0x704dfdf8",
    "exten" => "",
    "channel" => "PJSIP/101-00000077",
    "report0iajitter" => "5",
    "sentrtp" => "120000",
    "context" => "org_all",
    "connectedlinename" => "103",
    "priority" => "1",
    "to" => "192.168.0.16:4093",
    "reportcount" => "1",
    "language" => "en",
    "sentoctets" => "120000",
    "calleridname" => "101",
    "from" => "192.168.0.16:10481",
    "report0cumulativelost" => "0",
    "report0sequencenumbercycles" => "0",
    "calleridnum" => "101",
    "channelstate" => "6",
    "accountcode" => "",
    "report0dlsr" => "4.1170",
    "report0sourcessrc" => "0x15486433",
    "connectedlinenum" => "103"
  },
  variables: %{}
}
[2025-04-20 05:26:19.509019Z] %ElixirAmi.Event{
  event: "rtcpsent",
  source: :asterisk_connection,
  action_id: nil,
  keys: %{
    "pt" => "200(SR)",
    "report0highestsequence" => "3028",
    "mes" => "85.4",
    "privilege" => "reporting,all",
    "channelstatedesc" => "Up",
    "uniqueid" => "1745126762.199",
    "sentntp" => "1745126779.508035",
    "report0fractionlost" => "0",
    "sentpackets" => "750",
    "report0lsr" => "1718006647",
    "linkedid" => "1745126762.199",
    "ssrc" => "0x5caaa5e7",
    "exten" => "101",
    "channel" => "PJSIP/103-00000076",
    "report0iajitter" => "6",
    "sentrtp" => "120000",
    "context" => "org_all",
    "connectedlinename" => "101",
    "priority" => "2",
    "to" => "192.168.0.16:4087",
    "reportcount" => "1",
    "language" => "en",
    "sentoctets" => "120000",
    "calleridname" => "103",
    "from" => "192.168.0.16:11859",
    "report0cumulativelost" => "0",
    "report0sequencenumbercycles" => "0",
    "calleridnum" => "103",
    "channelstate" => "6",
    "accountcode" => "",
    "report0dlsr" => "4.3130",
    "report0sourcessrc" => "0x2ba7629d",
    "connectedlinenum" => "101"
  },
  variables: %{}
}
[2025-04-20 05:26:20.535087Z] %ElixirAmi.Event{
  event: "rtcpreceived",
  source: :asterisk_connection,
  action_id: nil,
  keys: %{
    "pt" => "200(SR)",
    "report0highestsequence" => "21258",
    "mes" => "85.4",
    "privilege" => "reporting,all",
    "channelstatedesc" => "Up",
    "uniqueid" => "1745126762.199",
    "sentntp" => "1745151980.040646",
    "report0fractionlost" => "0",
    "sentpackets" => "801",
    "report0lsr" => "66814478",
    "linkedid" => "1745126762.199",
    "ssrc" => "0xebaf666c",
    "exten" => "101",
    "channel" => "PJSIP/103-00000076",
    "report0iajitter" => "6",
    "sentrtp" => "128320",
    "context" => "org_all",
    "connectedlinename" => "101",
    "priority" => "2",
    "rtt" => "0.0001",
    "to" => "192.168.0.16:11859",
    "reportcount" => "1",
    "language" => "en",
    "sentoctets" => "128160",
    "calleridname" => "103",
    "from" => "192.168.0.16:4087",
    "report0cumulativelost" => "0",
    "report0sequencenumbercycles" => "0",
    "calleridnum" => "103",
    "channelstate" => "6",
    "accountcode" => "",
    "report0dlsr" => "1.0265",
    "report0sourcessrc" => "0x5caaa5e7",
    "connectedlinenum" => "101"
  },
  variables: %{}
}
[2025-04-20 05:26:20.829109Z] %ElixirAmi.Event{
  event: "rtcpreceived",
  source: :asterisk_connection,
  action_id: nil,
  keys: %{
    "pt" => "200(SR)",
    "report0highestsequence" => "21584",
    "mes" => "85.4",
    "privilege" => "reporting,all",
    "channelstatedesc" => "Up",
    "uniqueid" => "1745126762.200",
    "sentntp" => "1745151980.336278",
    "report0fractionlost" => "0",
    "sentpackets" => "816",
    "report0lsr" => "66814476",
    "linkedid" => "1745126762.199",
    "ssrc" => "0xebaf666c",
    "exten" => "",
    "channel" => "PJSIP/101-00000077",
    "report0iajitter" => "6",
    "sentrtp" => "130688",
    "context" => "org_all",
    "connectedlinename" => "103",
    "priority" => "1",
    "rtt" => "0.0002",
    "to" => "192.168.0.16:10481",
    "reportcount" => "1",
    "language" => "en",
    "sentoctets" => "130560",
    "calleridname" => "101",
    "from" => "192.168.0.16:4093",
    "report0cumulativelost" => "0",
    "report0sequencenumbercycles" => "0",
    "calleridnum" => "101",
    "channelstate" => "6",
    "accountcode" => "",
    "report0dlsr" => "1.3205",
    "report0sourcessrc" => "0x704dfdf8",
    "connectedlinenum" => "103"
  },
  variables: %{}
}
[2025-04-20 05:26:23.295825Z] %ElixirAmi.Event{
  event: "varset",
  source: :asterisk_connection,
  action_id: nil,
  keys: %{
    "accountcode" => "",
    "calleridname" => "103",
    "calleridnum" => "103",
    "channel" => "PJSIP/103-00000076",
    "channelstate" => "6",
    "channelstatedesc" => "Up",
    "connectedlinename" => "101",
    "connectedlinenum" => "101",
    "context" => "org_all",
    "exten" => "101",
    "language" => "en",
    "linkedid" => "1745126762.199",
    "priority" => "2",
    "privilege" => "dialplan,all",
    "uniqueid" => "1745126762.199",
    "value" => "",
    "variable" => "BRIDGEPEER"
  },
  variables: %{}
}
[2025-04-20 05:26:23.296231Z] %ElixirAmi.Event{
  event: "varset",
  source: :asterisk_connection,
  action_id: nil,
  keys: %{
    "accountcode" => "",
    "calleridname" => "103",
    "calleridnum" => "103",
    "channel" => "PJSIP/103-00000076",
    "channelstate" => "6",
    "channelstatedesc" => "Up",
    "connectedlinename" => "101",
    "connectedlinenum" => "101",
    "context" => "org_all",
    "exten" => "101",
    "language" => "en",
    "linkedid" => "1745126762.199",
    "priority" => "2",
    "privilege" => "dialplan,all",
    "uniqueid" => "1745126762.199",
    "value" => "",
    "variable" => "BRIDGEPVTCALLID"
  },
  variables: %{}
}
[2025-04-20 05:26:23.296490Z] %ElixirAmi.Event{
  event: "newexten",
  source: :asterisk_connection,
  action_id: nil,
  keys: %{
    "accountcode" => "",
    "appdata" => "PJSIP/101,20,",
    "application" => "Dial",
    "calleridname" => "103",
    "calleridnum" => "103",
    "channel" => "PJSIP/103-00000076",
    "channelstate" => "6",
    "channelstatedesc" => "Up",
    "connectedlinename" => "101",
    "connectedlinenum" => "101",
    "context" => "org_all",
    "exten" => "1111",
    "extension" => "1111",
    "language" => "en",
    "linkedid" => "1745126762.199",
    "priority" => "1",
    "privilege" => "dialplan,all",
    "uniqueid" => "1745126762.199"
  },
  variables: %{}
}
[2025-04-20 05:26:23.296779Z] %ElixirAmi.Event{
  event: "varset",
  source: :asterisk_connection,
  action_id: nil,
  keys: %{
    "accountcode" => "",
    "calleridname" => "101",
    "calleridnum" => "101",
    "channel" => "PJSIP/101-00000077",
    "channelstate" => "6",
    "channelstatedesc" => "Up",
    "connectedlinename" => "103",
    "connectedlinenum" => "103",
    "context" => "org_all",
    "exten" => "",
    "language" => "en",
    "linkedid" => "1745126762.199",
    "priority" => "1",
    "privilege" => "dialplan,all",
    "uniqueid" => "1745126762.200",
    "value" => "",
    "variable" => "BRIDGEPEER"
  },
  variables: %{}
}
[2025-04-20 05:26:23.297083Z] %ElixirAmi.Event{
  event: "varset",
  source: :asterisk_connection,
  action_id: nil,
  keys: %{
    "accountcode" => "",
    "calleridname" => "101",
    "calleridnum" => "101",
    "channel" => "PJSIP/101-00000077",
    "channelstate" => "6",
    "channelstatedesc" => "Up",
    "connectedlinename" => "103",
    "connectedlinenum" => "103",
    "context" => "org_all",
    "exten" => "",
    "language" => "en",
    "linkedid" => "1745126762.199",
    "priority" => "1",
    "privilege" => "dialplan,all",
    "uniqueid" => "1745126762.200",
    "value" => "",
    "variable" => "BRIDGEPVTCALLID"
  },
  variables: %{}
}
[2025-04-20 05:26:23.297533Z] %ElixirAmi.Event{
  event: "bridgeleave",
  source: :asterisk_connection,
  action_id: nil,
  keys: %{
    "accountcode" => "",
    "bridgecreator" => "<unknown>",
    "bridgename" => "<unknown>",
    "bridgenumchannels" => "1",
    "bridgetechnology" => "simple_bridge",
    "bridgetype" => "basic",
    "bridgeuniqueid" => "18645b4b-ee82-465a-8698-a453f69efa07",
    "bridgevideosourcemode" => "none",
    "calleridname" => "103",
    "calleridnum" => "103",
    "channel" => "PJSIP/103-00000076",
    "channelstate" => "6",
    "channelstatedesc" => "Up",
    "connectedlinename" => "101",
    "connectedlinenum" => "101",
    "context" => "org_all",
    "exten" => "1111",
    "language" => "en",
    "linkedid" => "1745126762.199",
    "priority" => "1",
    "privilege" => "call,all",
    "uniqueid" => "1745126762.199"
  },
  variables: %{}
}
[2025-04-20 05:26:23.297931Z] %ElixirAmi.Event{
  event: "bridgeleave",
  source: :asterisk_connection,
  action_id: nil,
  keys: %{
    "accountcode" => "",
    "bridgecreator" => "<unknown>",
    "bridgename" => "<unknown>",
    "bridgenumchannels" => "0",
    "bridgetechnology" => "simple_bridge",
    "bridgetype" => "basic",
    "bridgeuniqueid" => "18645b4b-ee82-465a-8698-a453f69efa07",
    "bridgevideosourcemode" => "none",
    "calleridname" => "101",
    "calleridnum" => "101",
    "channel" => "PJSIP/101-00000077",
    "channelstate" => "6",
    "channelstatedesc" => "Up",
    "connectedlinename" => "103",
    "connectedlinenum" => "103",
    "context" => "org_all",
    "exten" => "",
    "language" => "en",
    "linkedid" => "1745126762.199",
    "priority" => "1",
    "privilege" => "call,all",
    "uniqueid" => "1745126762.200"
  },
  variables: %{}
}
[2025-04-20 05:26:23.298307Z] %ElixirAmi.Event{
  event: "varset",
  source: :asterisk_connection,
  action_id: nil,
  keys: %{
    "accountcode" => "",
    "calleridname" => "103",
    "calleridnum" => "103",
    "channel" => "PJSIP/103-00000076",
    "channelstate" => "6",
    "channelstatedesc" => "Up",
    "connectedlinename" => "101",
    "connectedlinenum" => "101",
    "context" => "org_all",
    "exten" => "1111",
    "language" => "en",
    "linkedid" => "1745126762.199",
    "priority" => "1",
    "privilege" => "dialplan,all",
    "uniqueid" => "1745126762.199",
    "value" => "ANSWER",
    "variable" => "DIALSTATUS"
  },
  variables: %{}
}
[2025-04-20 05:26:23.298497Z] %ElixirAmi.Event{
  event: "softhanguprequest",
  source: :asterisk_connection,
  action_id: nil,
  keys: %{
    "accountcode" => "",
    "calleridname" => "103",
    "calleridnum" => "103",
    "cause" => "16",
    "channel" => "PJSIP/103-00000076",
    "channelstate" => "6",
    "channelstatedesc" => "Up",
    "connectedlinename" => "101",
    "connectedlinenum" => "101",
    "context" => "org_all",
    "exten" => "1111",
    "language" => "en",
    "linkedid" => "1745126762.199",
    "priority" => "1",
    "privilege" => "call,all",
    "uniqueid" => "1745126762.199"
  },
  variables: %{}
}
[2025-04-20 05:26:23.298896Z] %ElixirAmi.Event{
  event: "varset",
  source: :asterisk_connection,
  action_id: nil,
  keys: %{
    "accountcode" => "",
    "calleridname" => "103",
    "calleridnum" => "103",
    "channel" => "PJSIP/103-00000076",
    "channelstate" => "6",
    "channelstatedesc" => "Up",
    "connectedlinename" => "101",
    "connectedlinenum" => "101",
    "context" => "org_all",
    "exten" => "1111",
    "language" => "en",
    "linkedid" => "1745126762.199",
    "priority" => "1",
    "privilege" => "dialplan,all",
    "uniqueid" => "1745126762.199",
    "value" => "ssrc=1554687463;themssrc=732390045;lp=0;rxjitter=0.000750;rxcount=939;txjitter=0.000875;txcount=940;rlp=0;rtt=0.000122;rxmes=85.365509;txmes=85.365640",
    "variable" => "RTPAUDIOQOS"
  },
  variables: %{}
}
[2025-04-20 05:26:23.299121Z] %ElixirAmi.Event{
  event: "varset",
  source: :asterisk_connection,
  action_id: nil,
  keys: %{
    "accountcode" => "",
    "calleridname" => "101",
    "calleridnum" => "101",
    "channel" => "PJSIP/101-00000077",
    "channelstate" => "6",
    "channelstatedesc" => "Up",
    "connectedlinename" => "103",
    "connectedlinenum" => "103",
    "context" => "org_all",
    "exten" => "",
    "language" => "en",
    "linkedid" => "1745126762.199",
    "priority" => "1",
    "privilege" => "dialplan,all",
    "uniqueid" => "1745126762.200",
    "value" => "ssrc=1884159480;themssrc=357065779;lp=0;rxjitter=0.000750;rxcount=940;txjitter=0.000750;txcount=939;rlp=0;rtt=0.000152;rxmes=85.364996;txmes=85.365121",
    "variable" => "RTPAUDIOQOS"
  },
  variables: %{}
}
[2025-04-20 05:26:23.299337Z] %ElixirAmi.Event{
  event: "varset",
  source: :asterisk_connection,
  action_id: nil,
  keys: %{
    "accountcode" => "",
    "calleridname" => "101",
    "calleridnum" => "101",
    "channel" => "PJSIP/101-00000077",
    "channelstate" => "6",
    "channelstatedesc" => "Up",
    "connectedlinename" => "103",
    "connectedlinenum" => "103",
    "context" => "org_all",
    "exten" => "",
    "language" => "en",
    "linkedid" => "1745126762.199",
    "priority" => "1",
    "privilege" => "dialplan,all",
    "uniqueid" => "1745126762.200",
    "value" => "minrxjitter=000.000125;maxrxjitter=000.000750;avgrxjitter=000.000682;stdevrxjitter=000.000088;mintxjitter=000.000000;maxtxjitter=000.000875;avgtxjitter=000.000396;stdevtxjitter=000.000398;",
    "variable" => "RTPAUDIOQOSJITTER"
  },
  variables: %{}
}
[2025-04-20 05:26:23.299685Z] %ElixirAmi.Event{
  event: "varset",
  source: :asterisk_connection,
  action_id: nil,
  keys: %{
    "accountcode" => "",
    "calleridname" => "103",
    "calleridnum" => "103",
    "channel" => "PJSIP/103-00000076",
    "channelstate" => "6",
    "channelstatedesc" => "Up",
    "connectedlinename" => "101",
    "connectedlinenum" => "101",
    "context" => "org_all",
    "exten" => "1111",
    "language" => "en",
    "linkedid" => "1745126762.199",
    "priority" => "1",
    "privilege" => "dialplan,all",
    "uniqueid" => "1745126762.199",
    "value" => "minrxjitter=000.000000;maxrxjitter=000.001000;avgrxjitter=000.000800;stdevrxjitter=000.000100;mintxjitter=000.000000;maxtxjitter=000.000750;avgtxjitter=000.000375;stdevtxjitter=000.000375;",
    "variable" => "RTPAUDIOQOSJITTER"
  },
  variables: %{}
}
[2025-04-20 05:26:23.300032Z] %ElixirAmi.Event{
  event: "varset",
  source: :asterisk_connection,
  action_id: nil,
  keys: %{
    "accountcode" => "",
    "calleridname" => "101",
    "calleridnum" => "101",
    "channel" => "PJSIP/101-00000077",
    "channelstate" => "6",
    "channelstatedesc" => "Up",
    "connectedlinename" => "103",
    "connectedlinenum" => "103",
    "context" => "org_all",
    "exten" => "",
    "language" => "en",
    "linkedid" => "1745126762.199",
    "priority" => "1",
    "privilege" => "dialplan,all",
    "uniqueid" => "1745126762.200",
    "value" => "minrxlost=000.000000;  maxrxlost=000.000000;  avgrxlost=000.000000;  stdevrxlost=000.000000;  mintxlost=000.000000;  maxtxlost=000.000000;  avgtxlost=000.000000;  stdevtxlost=000.000000;",
    "variable" => "RTPAUDIOQOSLOSS"
  },
  variables: %{}
}
[2025-04-20 05:26:23.300461Z] %ElixirAmi.Event{
  event: "varset",
  source: :asterisk_connection,
  action_id: nil,
  keys: %{
    "accountcode" => "",
    "calleridname" => "103",
    "calleridnum" => "103",
    "channel" => "PJSIP/103-00000076",
    "channelstate" => "6",
    "channelstatedesc" => "Up",
    "connectedlinename" => "101",
    "connectedlinenum" => "101",
    "context" => "org_all",
    "exten" => "1111",
    "language" => "en",
    "linkedid" => "1745126762.199",
    "priority" => "1",
    "privilege" => "dialplan,all",
    "uniqueid" => "1745126762.199",
    "value" => "minrxlost=000.000000;  maxrxlost=000.000000;  avgrxlost=000.000000;  stdevrxlost=000.000000;  mintxlost=000.000000;  maxtxlost=000.000000;  avgtxlost=000.000000;  stdevtxlost=000.000000;",
    "variable" => "RTPAUDIOQOSLOSS"
  },
  variables: %{}
}
[2025-04-20 05:26:23.300737Z] %ElixirAmi.Event{
  event: "varset",
  source: :asterisk_connection,
  action_id: nil,
  keys: %{
    "accountcode" => "",
    "calleridname" => "101",
    "calleridnum" => "101",
    "channel" => "PJSIP/101-00000077",
    "channelstate" => "6",
    "channelstatedesc" => "Up",
    "connectedlinename" => "103",
    "connectedlinenum" => "103",
    "context" => "org_all",
    "exten" => "",
    "language" => "en",
    "linkedid" => "1745126762.199",
    "priority" => "1",
    "privilege" => "dialplan,all",
    "uniqueid" => "1745126762.200",
    "value" => "minrtt=000.000122;     maxrtt=000.000152;     avgrtt=000.000137;     stdevrtt=000.000012;",
    "variable" => "RTPAUDIOQOSRTT"
  },
  variables: %{}
}
[2025-04-20 05:26:23.300972Z] %ElixirAmi.Event{
  event: "varset",
  source: :asterisk_connection,
  action_id: nil,
  keys: %{
    "accountcode" => "",
    "calleridname" => "103",
    "calleridnum" => "103",
    "channel" => "PJSIP/103-00000076",
    "channelstate" => "6",
    "channelstatedesc" => "Up",
    "connectedlinename" => "101",
    "connectedlinenum" => "101",
    "context" => "org_all",
    "exten" => "1111",
    "language" => "en",
    "linkedid" => "1745126762.199",
    "priority" => "1",
    "privilege" => "dialplan,all",
    "uniqueid" => "1745126762.199",
    "value" => "minrtt=000.000091;     maxrtt=000.000122;     avgrtt=000.000106;     stdevrtt=000.000013;",
    "variable" => "RTPAUDIOQOSRTT"
  },
  variables: %{}
}
[2025-04-20 05:26:23.301307Z] %ElixirAmi.Event{
  event: "varset",
  source: :asterisk_connection,
  action_id: nil,
  keys: %{
    "accountcode" => "",
    "calleridname" => "103",
    "calleridnum" => "103",
    "channel" => "PJSIP/103-00000076",
    "channelstate" => "6",
    "channelstatedesc" => "Up",
    "connectedlinename" => "101",
    "connectedlinenum" => "101",
    "context" => "org_all",
    "exten" => "1111",
    "language" => "en",
    "linkedid" => "1745126762.199",
    "priority" => "1",
    "privilege" => "dialplan,all",
    "uniqueid" => "1745126762.199",
    "value" => "minrxmes=085.365514;   maxrxmes=085.367289;   avgrxmes=085.366148;   stdevrxmes=000.000100;   mintxmes=085.365509;   maxtxmes=085.367289;   avgtxmes=085.366422;   stdevtxmes=000.000868;",
    "variable" => "RTPAUDIOQOSMES"
  },
  variables: %{}
}
[2025-04-20 05:26:23.301477Z] %ElixirAmi.Event{
  event: "varset",
  source: :asterisk_connection,
  action_id: nil,
  keys: %{
    "accountcode" => "",
    "calleridname" => "101",
    "calleridnum" => "101",
    "channel" => "PJSIP/101-00000077",
    "channelstate" => "6",
    "channelstatedesc" => "Up",
    "connectedlinename" => "103",
    "connectedlinenum" => "103",
    "context" => "org_all",
    "exten" => "",
    "language" => "en",
    "linkedid" => "1745126762.199",
    "priority" => "1",
    "privilege" => "dialplan,all",
    "uniqueid" => "1745126762.200",
    "value" => "minrxmes=085.365121;   maxrxmes=085.367289;   avgrxmes=085.365885;   stdevrxmes=000.000088;   mintxmes=085.364996;   maxtxmes=085.367289;   avgtxmes=085.366205;   stdevtxmes=000.001086;",
    "variable" => "RTPAUDIOQOSMES"
  },
  variables: %{}
}
[2025-04-20 05:26:23.301724Z] %ElixirAmi.Event{
  event: "hangup",
  source: :asterisk_connection,
  action_id: nil,
  keys: %{
    "accountcode" => "",
    "calleridname" => "101",
    "calleridnum" => "101",
    "cause" => "16",
    "cause-txt" => "Normal Clearing",
    "channel" => "PJSIP/101-00000077",
    "channelstate" => "6",
    "channelstatedesc" => "Up",
    "connectedlinename" => "103",
    "connectedlinenum" => "103",
    "context" => "org_all",
    "exten" => "",
    "language" => "en",
    "linkedid" => "1745126762.199",
    "priority" => "1",
    "privilege" => "call,all",
    "uniqueid" => "1745126762.200"
  },
  variables: %{}
}
[2025-04-20 05:26:23.301949Z] %ElixirAmi.Event{
  event: "hangup",
  source: :asterisk_connection,
  action_id: nil,
  keys: %{
    "accountcode" => "",
    "calleridname" => "103",
    "calleridnum" => "103",
    "cause" => "16",
    "cause-txt" => "Normal Clearing",
    "channel" => "PJSIP/103-00000076",
    "channelstate" => "6",
    "channelstatedesc" => "Up",
    "connectedlinename" => "101",
    "connectedlinenum" => "101",
    "context" => "org_all",
    "exten" => "1111",
    "language" => "en",
    "linkedid" => "1745126762.199",
    "priority" => "1",
    "privilege" => "call,all",
    "uniqueid" => "1745126762.199"
  },
  variables: %{}
}
