[2025-04-20 10:47:22.487824Z] %ElixirAmi.Event{
  event: "newchannel",
  source: :asterisk_connection,
  action_id: nil,
  keys: %{
    "accountcode" => "",
    "calleridname" => "103",
    "calleridnum" => "103",
    "channel" => "PJSIP/103-000000f5",
    "channelstate" => "4",
    "channelstatedesc" => "Ring",
    "connectedlinename" => "<unknown>",
    "connectedlinenum" => "<unknown>",
    "context" => "org_all",
    "exten" => "101",
    "language" => "en",
    "linkedid" => "1745146042.400",
    "priority" => "1",
    "privilege" => "call,all",
    "uniqueid" => "1745146042.400"
  },
  variables: %{}
}
[2025-04-20 10:47:22.488116Z] %ElixirAmi.Event{
  event: "varset",
  source: :asterisk_connection,
  action_id: nil,
  keys: %{
    "accountcode" => "",
    "calleridname" => "103",
    "calleridnum" => "103",
    "channel" => "PJSIP/103-000000f5",
    "channelstate" => "4",
    "channelstatedesc" => "Ring",
    "connectedlinename" => "<unknown>",
    "connectedlinenum" => "<unknown>",
    "context" => "org_all",
    "exten" => "101",
    "language" => "en",
    "linkedid" => "1745146042.400",
    "priority" => "1",
    "privilege" => "dialplan,all",
    "uniqueid" => "1745146042.400",
    "value" => "192.168.0.16",
    "variable" => "SIPDOMAIN"
  },
  variables: %{}
}
[2025-04-20 10:47:22.488501Z] %ElixirAmi.Event{
  event: "newexten",
  source: :asterisk_connection,
  action_id: nil,
  keys: %{
    "accountcode" => "",
    "appdata" => "",
    "application" => "NoOp",
    "calleridname" => "103",
    "calleridnum" => "103",
    "channel" => "PJSIP/103-000000f5",
    "channelstate" => "4",
    "channelstatedesc" => "Ring",
    "connectedlinename" => "<unknown>",
    "connectedlinenum" => "<unknown>",
    "context" => "org_all",
    "exten" => "101",
    "extension" => "101",
    "language" => "en",
    "linkedid" => "1745146042.400",
    "priority" => "1",
    "privilege" => "dialplan,all",
    "uniqueid" => "1745146042.400"
  },
  variables: %{}
}
[2025-04-20 10:47:22.488768Z] %ElixirAmi.Event{
  event: "newexten",
  source: :asterisk_connection,
  action_id: nil,
  keys: %{
    "accountcode" => "",
    "appdata" => "PJSIP/101,20,",
    "application" => "Dial",
    "calleridname" => "103",
    "calleridnum" => "103",
    "channel" => "PJSIP/103-000000f5",
    "channelstate" => "4",
    "channelstatedesc" => "Ring",
    "connectedlinename" => "<unknown>",
    "connectedlinenum" => "<unknown>",
    "context" => "org_all",
    "exten" => "101",
    "extension" => "101",
    "language" => "en",
    "linkedid" => "1745146042.400",
    "priority" => "2",
    "privilege" => "dialplan,all",
    "uniqueid" => "1745146042.400"
  },
  variables: %{}
}
[2025-04-20 10:47:22.489025Z] %ElixirAmi.Event{
  event: "varset",
  source: :asterisk_connection,
  action_id: nil,
  keys: %{
    "accountcode" => "",
    "calleridname" => "103",
    "calleridnum" => "103",
    "channel" => "PJSIP/103-000000f5",
    "channelstate" => "4",
    "channelstatedesc" => "Ring",
    "connectedlinename" => "<unknown>",
    "connectedlinenum" => "<unknown>",
    "context" => "org_all",
    "exten" => "101",
    "language" => "en",
    "linkedid" => "1745146042.400",
    "priority" => "2",
    "privilege" => "dialplan,all",
    "uniqueid" => "1745146042.400",
    "value" => "",
    "variable" => "DIALSTATUS"
  },
  variables: %{}
}
[2025-04-20 10:47:22.489286Z] %ElixirAmi.Event{
  event: "varset",
  source: :asterisk_connection,
  action_id: nil,
  keys: %{
    "accountcode" => "",
    "calleridname" => "103",
    "calleridnum" => "103",
    "channel" => "PJSIP/103-000000f5",
    "channelstate" => "4",
    "channelstatedesc" => "Ring",
    "connectedlinename" => "<unknown>",
    "connectedlinenum" => "<unknown>",
    "context" => "org_all",
    "exten" => "101",
    "language" => "en",
    "linkedid" => "1745146042.400",
    "priority" => "2",
    "privilege" => "dialplan,all",
    "uniqueid" => "1745146042.400",
    "value" => "",
    "variable" => "DIALEDPEERNUMBER"
  },
  variables: %{}
}
[2025-04-20 10:47:22.489571Z] %ElixirAmi.Event{
  event: "varset",
  source: :asterisk_connection,
  action_id: nil,
  keys: %{
    "accountcode" => "",
    "calleridname" => "103",
    "calleridnum" => "103",
    "channel" => "PJSIP/103-000000f5",
    "channelstate" => "4",
    "channelstatedesc" => "Ring",
    "connectedlinename" => "<unknown>",
    "connectedlinenum" => "<unknown>",
    "context" => "org_all",
    "exten" => "101",
    "language" => "en",
    "linkedid" => "1745146042.400",
    "priority" => "2",
    "privilege" => "dialplan,all",
    "uniqueid" => "1745146042.400",
    "value" => "",
    "variable" => "DIALEDPEERNAME"
  },
  variables: %{}
}
[2025-04-20 10:47:22.489811Z] %ElixirAmi.Event{
  event: "varset",
  source: :asterisk_connection,
  action_id: nil,
  keys: %{
    "accountcode" => "",
    "calleridname" => "103",
    "calleridnum" => "103",
    "channel" => "PJSIP/103-000000f5",
    "channelstate" => "4",
    "channelstatedesc" => "Ring",
    "connectedlinename" => "<unknown>",
    "connectedlinenum" => "<unknown>",
    "context" => "org_all",
    "exten" => "101",
    "language" => "en",
    "linkedid" => "1745146042.400",
    "priority" => "2",
    "privilege" => "dialplan,all",
    "uniqueid" => "1745146042.400",
    "value" => "",
    "variable" => "ANSWEREDTIME"
  },
  variables: %{}
}
[2025-04-20 10:47:22.490088Z] %ElixirAmi.Event{
  event: "varset",
  source: :asterisk_connection,
  action_id: nil,
  keys: %{
    "accountcode" => "",
    "calleridname" => "103",
    "calleridnum" => "103",
    "channel" => "PJSIP/103-000000f5",
    "channelstate" => "4",
    "channelstatedesc" => "Ring",
    "connectedlinename" => "<unknown>",
    "connectedlinenum" => "<unknown>",
    "context" => "org_all",
    "exten" => "101",
    "language" => "en",
    "linkedid" => "1745146042.400",
    "priority" => "2",
    "privilege" => "dialplan,all",
    "uniqueid" => "1745146042.400",
    "value" => "",
    "variable" => "ANSWEREDTIME_MS"
  },
  variables: %{}
}
[2025-04-20 10:47:22.490315Z] %ElixirAmi.Event{
  event: "varset",
  source: :asterisk_connection,
  action_id: nil,
  keys: %{
    "accountcode" => "",
    "calleridname" => "103",
    "calleridnum" => "103",
    "channel" => "PJSIP/103-000000f5",
    "channelstate" => "4",
    "channelstatedesc" => "Ring",
    "connectedlinename" => "<unknown>",
    "connectedlinenum" => "<unknown>",
    "context" => "org_all",
    "exten" => "101",
    "language" => "en",
    "linkedid" => "1745146042.400",
    "priority" => "2",
    "privilege" => "dialplan,all",
    "uniqueid" => "1745146042.400",
    "value" => "",
    "variable" => "DIALEDTIME"
  },
  variables: %{}
}
[2025-04-20 10:47:22.490547Z] %ElixirAmi.Event{
  event: "varset",
  source: :asterisk_connection,
  action_id: nil,
  keys: %{
    "accountcode" => "",
    "calleridname" => "103",
    "calleridnum" => "103",
    "channel" => "PJSIP/103-000000f5",
    "channelstate" => "4",
    "channelstatedesc" => "Ring",
    "connectedlinename" => "<unknown>",
    "connectedlinenum" => "<unknown>",
    "context" => "org_all",
    "exten" => "101",
    "language" => "en",
    "linkedid" => "1745146042.400",
    "priority" => "2",
    "privilege" => "dialplan,all",
    "uniqueid" => "1745146042.400",
    "value" => "",
    "variable" => "DIALEDTIME_MS"
  },
  variables: %{}
}
[2025-04-20 10:47:22.490766Z] %ElixirAmi.Event{
  event: "varset",
  source: :asterisk_connection,
  action_id: nil,
  keys: %{
    "accountcode" => "",
    "calleridname" => "103",
    "calleridnum" => "103",
    "channel" => "PJSIP/103-000000f5",
    "channelstate" => "4",
    "channelstatedesc" => "Ring",
    "connectedlinename" => "<unknown>",
    "connectedlinenum" => "<unknown>",
    "context" => "org_all",
    "exten" => "101",
    "language" => "en",
    "linkedid" => "1745146042.400",
    "priority" => "2",
    "privilege" => "dialplan,all",
    "uniqueid" => "1745146042.400",
    "value" => "",
    "variable" => "RINGTIME"
  },
  variables: %{}
}
[2025-04-20 10:47:22.490990Z] %ElixirAmi.Event{
  event: "varset",
  source: :asterisk_connection,
  action_id: nil,
  keys: %{
    "accountcode" => "",
    "calleridname" => "103",
    "calleridnum" => "103",
    "channel" => "PJSIP/103-000000f5",
    "channelstate" => "4",
    "channelstatedesc" => "Ring",
    "connectedlinename" => "<unknown>",
    "connectedlinenum" => "<unknown>",
    "context" => "org_all",
    "exten" => "101",
    "language" => "en",
    "linkedid" => "1745146042.400",
    "priority" => "2",
    "privilege" => "dialplan,all",
    "uniqueid" => "1745146042.400",
    "value" => "",
    "variable" => "RINGTIME_MS"
  },
  variables: %{}
}
[2025-04-20 10:47:22.491221Z] %ElixirAmi.Event{
  event: "varset",
  source: :asterisk_connection,
  action_id: nil,
  keys: %{
    "accountcode" => "",
    "calleridname" => "103",
    "calleridnum" => "103",
    "channel" => "PJSIP/103-000000f5",
    "channelstate" => "4",
    "channelstatedesc" => "Ring",
    "connectedlinename" => "<unknown>",
    "connectedlinenum" => "<unknown>",
    "context" => "org_all",
    "exten" => "101",
    "language" => "en",
    "linkedid" => "1745146042.400",
    "priority" => "2",
    "privilege" => "dialplan,all",
    "uniqueid" => "1745146042.400",
    "value" => "",
    "variable" => "PROGRESSTIME"
  },
  variables: %{}
}
[2025-04-20 10:47:22.491527Z] %ElixirAmi.Event{
  event: "varset",
  source: :asterisk_connection,
  action_id: nil,
  keys: %{
    "accountcode" => "",
    "calleridname" => "103",
    "calleridnum" => "103",
    "channel" => "PJSIP/103-000000f5",
    "channelstate" => "4",
    "channelstatedesc" => "Ring",
    "connectedlinename" => "<unknown>",
    "connectedlinenum" => "<unknown>",
    "context" => "org_all",
    "exten" => "101",
    "language" => "en",
    "linkedid" => "1745146042.400",
    "priority" => "2",
    "privilege" => "dialplan,all",
    "uniqueid" => "1745146042.400",
    "value" => "",
    "variable" => "PROGRESSTIME_MS"
  },
  variables: %{}
}
[2025-04-20 10:47:22.491797Z] %ElixirAmi.Event{
  event: "newchannel",
  source: :asterisk_connection,
  action_id: nil,
  keys: %{
    "accountcode" => "",
    "calleridname" => "101",
    "calleridnum" => "101",
    "channel" => "PJSIP/101-000000f6",
    "channelstate" => "0",
    "channelstatedesc" => "Down",
    "connectedlinename" => "<unknown>",
    "connectedlinenum" => "<unknown>",
    "context" => "org_all",
    "exten" => "s",
    "language" => "en",
    "linkedid" => "1745146042.400",
    "priority" => "1",
    "privilege" => "call,all",
    "uniqueid" => "1745146042.401"
  },
  variables: %{}
}
[2025-04-20 10:47:22.492166Z] %ElixirAmi.Event{
  event: "varset",
  source: :asterisk_connection,
  action_id: nil,
  keys: %{
    "accountcode" => "",
    "calleridname" => "101",
    "calleridnum" => "101",
    "channel" => "PJSIP/101-000000f6",
    "channelstate" => "0",
    "channelstatedesc" => "Down",
    "connectedlinename" => "<unknown>",
    "connectedlinenum" => "<unknown>",
    "context" => "org_all",
    "exten" => "s",
    "language" => "en",
    "linkedid" => "1745146042.400",
    "priority" => "1",
    "privilege" => "dialplan,all",
    "uniqueid" => "1745146042.401",
    "value" => "101",
    "variable" => "DIALEDPEERNUMBER"
  },
  variables: %{}
}
[2025-04-20 10:47:22.492379Z] %ElixirAmi.Event{
  event: "newexten",
  source: :asterisk_connection,
  action_id: nil,
  keys: %{
    "accountcode" => "",
    "appdata" => "(Outgoing Line)",
    "application" => "AppDial",
    "calleridname" => "101",
    "calleridnum" => "101",
    "channel" => "PJSIP/101-000000f6",
    "channelstate" => "0",
    "channelstatedesc" => "Down",
    "connectedlinename" => "103",
    "connectedlinenum" => "103",
    "context" => "org_all",
    "exten" => "101",
    "extension" => "101",
    "language" => "en",
    "linkedid" => "1745146042.400",
    "priority" => "1",
    "privilege" => "dialplan,all",
    "uniqueid" => "1745146042.401"
  },
  variables: %{}
}
[2025-04-20 10:47:22.492562Z] %ElixirAmi.Event{
  event: "newconnectedline",
  source: :asterisk_connection,
  action_id: nil,
  keys: %{
    "accountcode" => "",
    "calleridname" => "101",
    "calleridnum" => "101",
    "channel" => "PJSIP/101-000000f6",
    "channelstate" => "0",
    "channelstatedesc" => "Down",
    "connectedlinename" => "103",
    "connectedlinenum" => "103",
    "context" => "org_all",
    "exten" => "101",
    "language" => "en",
    "linkedid" => "1745146042.400",
    "priority" => "1",
    "privilege" => "call,all",
    "uniqueid" => "1745146042.401"
  },
  variables: %{}
}
[2025-04-20 10:47:22.492879Z] %ElixirAmi.Event{
  event: "dialbegin",
  source: :asterisk_connection,
  action_id: nil,
  keys: %{
    "accountcode" => "",
    "calleridname" => "103",
    "calleridnum" => "103",
    "channel" => "PJSIP/103-000000f5",
    "channelstate" => "4",
    "channelstatedesc" => "Ring",
    "connectedlinename" => "<unknown>",
    "connectedlinenum" => "<unknown>",
    "context" => "org_all",
    "destaccountcode" => "",
    "destcalleridname" => "101",
    "destcalleridnum" => "101",
    "destchannel" => "PJSIP/101-000000f6",
    "destchannelstate" => "0",
    "destchannelstatedesc" => "Down",
    "destconnectedlinename" => "103",
    "destconnectedlinenum" => "103",
    "destcontext" => "org_all",
    "destexten" => "101",
    "destlanguage" => "en",
    "destlinkedid" => "1745146042.400",
    "destpriority" => "1",
    "destuniqueid" => "1745146042.401",
    "dialstring" => "101",
    "exten" => "101",
    "language" => "en",
    "linkedid" => "1745146042.400",
    "priority" => "2",
    "privilege" => "call,all",
    "uniqueid" => "1745146042.400"
  },
  variables: %{}
}
[2025-04-20 10:47:22.493053Z] %ElixirAmi.Event{
  event: "newconnectedline",
  source: :asterisk_connection,
  action_id: nil,
  keys: %{
    "accountcode" => "",
    "calleridname" => "103",
    "calleridnum" => "103",
    "channel" => "PJSIP/103-000000f5",
    "channelstate" => "4",
    "channelstatedesc" => "Ring",
    "connectedlinename" => "101",
    "connectedlinenum" => "101",
    "context" => "org_all",
    "exten" => "101",
    "language" => "en",
    "linkedid" => "1745146042.400",
    "priority" => "2",
    "privilege" => "call,all",
    "uniqueid" => "1745146042.400"
  },
  variables: %{}
}
[2025-04-20 10:47:22.494571Z] %ElixirAmi.Event{
  event: "newstate",
  source: :asterisk_connection,
  action_id: nil,
  keys: %{
    "accountcode" => "",
    "calleridname" => "101",
    "calleridnum" => "101",
    "channel" => "PJSIP/101-000000f6",
    "channelstate" => "5",
    "channelstatedesc" => "Ringing",
    "connectedlinename" => "103",
    "connectedlinenum" => "103",
    "context" => "org_all",
    "exten" => "101",
    "language" => "en",
    "linkedid" => "1745146042.400",
    "priority" => "1",
    "privilege" => "call,all",
    "uniqueid" => "1745146042.401"
  },
  variables: %{}
}
[2025-04-20 10:47:22.494797Z] %ElixirAmi.Event{
  event: "varset",
  source: :asterisk_connection,
  action_id: nil,
  keys: %{
    "accountcode" => "",
    "calleridname" => "103",
    "calleridnum" => "103",
    "channel" => "PJSIP/103-000000f5",
    "channelstate" => "4",
    "channelstatedesc" => "Ring",
    "connectedlinename" => "101",
    "connectedlinenum" => "101",
    "context" => "org_all",
    "exten" => "101",
    "language" => "en",
    "linkedid" => "1745146042.400",
    "priority" => "2",
    "privilege" => "dialplan,all",
    "uniqueid" => "1745146042.400",
    "value" => "0",
    "variable" => "RINGTIME"
  },
  variables: %{}
}
[2025-04-20 10:47:22.495022Z] %ElixirAmi.Event{
  event: "varset",
  source: :asterisk_connection,
  action_id: nil,
  keys: %{
    "accountcode" => "",
    "calleridname" => "103",
    "calleridnum" => "103",
    "channel" => "PJSIP/103-000000f5",
    "channelstate" => "4",
    "channelstatedesc" => "Ring",
    "connectedlinename" => "101",
    "connectedlinenum" => "101",
    "context" => "org_all",
    "exten" => "101",
    "language" => "en",
    "linkedid" => "1745146042.400",
    "priority" => "2",
    "privilege" => "dialplan,all",
    "uniqueid" => "1745146042.400",
    "value" => "6",
    "variable" => "RINGTIME_MS"
  },
  variables: %{}
}
[2025-04-20 10:47:22.495507Z] %ElixirAmi.Event{
  event: "dialstate",
  source: :asterisk_connection,
  action_id: nil,
  keys: %{
    "accountcode" => "",
    "calleridname" => "103",
    "calleridnum" => "103",
    "channel" => "PJSIP/103-000000f5",
    "channelstate" => "4",
    "channelstatedesc" => "Ring",
    "connectedlinename" => "101",
    "connectedlinenum" => "101",
    "context" => "org_all",
    "destaccountcode" => "",
    "destcalleridname" => "101",
    "destcalleridnum" => "101",
    "destchannel" => "PJSIP/101-000000f6",
    "destchannelstate" => "5",
    "destchannelstatedesc" => "Ringing",
    "destconnectedlinename" => "103",
    "destconnectedlinenum" => "103",
    "destcontext" => "org_all",
    "destexten" => "101",
    "destlanguage" => "en",
    "destlinkedid" => "1745146042.400",
    "destpriority" => "1",
    "destuniqueid" => "1745146042.401",
    "dialstatus" => "RINGING",
    "exten" => "101",
    "language" => "en",
    "linkedid" => "1745146042.400",
    "priority" => "2",
    "privilege" => "call,all",
    "uniqueid" => "1745146042.400"
  },
  variables: %{}
}
[2025-04-20 10:47:42.508729Z] %ElixirAmi.Event{
  event: "dialend",
  source: :asterisk_connection,
  action_id: nil,
  keys: %{
    "accountcode" => "",
    "calleridname" => "103",
    "calleridnum" => "103",
    "channel" => "PJSIP/103-000000f5",
    "channelstate" => "4",
    "channelstatedesc" => "Ring",
    "connectedlinename" => "101",
    "connectedlinenum" => "101",
    "context" => "org_all",
    "destaccountcode" => "",
    "destcalleridname" => "101",
    "destcalleridnum" => "101",
    "destchannel" => "PJSIP/101-000000f6",
    "destchannelstate" => "5",
    "destchannelstatedesc" => "Ringing",
    "destconnectedlinename" => "103",
    "destconnectedlinenum" => "103",
    "destcontext" => "org_all",
    "destexten" => "101",
    "destlanguage" => "en",
    "destlinkedid" => "1745146042.400",
    "destpriority" => "1",
    "destuniqueid" => "1745146042.401",
    "dialstatus" => "NOANSWER",
    "exten" => "101",
    "language" => "en",
    "linkedid" => "1745146042.400",
    "priority" => "2",
    "privilege" => "call,all",
    "uniqueid" => "1745146042.400"
  },
  variables: %{}
}
[2025-04-20 10:47:42.508955Z] %ElixirAmi.Event{
  event: "varset",
  source: :asterisk_connection,
  action_id: nil,
  keys: %{
    "accountcode" => "",
    "calleridname" => "103",
    "calleridnum" => "103",
    "channel" => "PJSIP/103-000000f5",
    "channelstate" => "4",
    "channelstatedesc" => "Ring",
    "connectedlinename" => "101",
    "connectedlinenum" => "101",
    "context" => "org_all",
    "exten" => "101",
    "language" => "en",
    "linkedid" => "1745146042.400",
    "priority" => "2",
    "privilege" => "dialplan,all",
    "uniqueid" => "1745146042.400",
    "value" => "NOANSWER",
    "variable" => "DIALSTATUS"
  },
  variables: %{}
}
[2025-04-20 10:47:42.509202Z] %ElixirAmi.Event{
  event: "softhanguprequest",
  source: :asterisk_connection,
  action_id: nil,
  keys: %{
    "accountcode" => "",
    "calleridname" => "103",
    "calleridnum" => "103",
    "cause" => "16",
    "channel" => "PJSIP/103-000000f5",
    "channelstate" => "4",
    "channelstatedesc" => "Ring",
    "connectedlinename" => "101",
    "connectedlinenum" => "101",
    "context" => "org_all",
    "exten" => "101",
    "language" => "en",
    "linkedid" => "1745146042.400",
    "priority" => "2",
    "privilege" => "call,all",
    "uniqueid" => "1745146042.400"
  },
  variables: %{}
}
[2025-04-20 10:47:42.509469Z] %ElixirAmi.Event{
  event: "hangup",
  source: :asterisk_connection,
  action_id: nil,
  keys: %{
    "accountcode" => "",
    "calleridname" => "101",
    "calleridnum" => "101",
    "cause" => "0",
    "cause-txt" => "Unknown",
    "channel" => "PJSIP/101-000000f6",
    "channelstate" => "5",
    "channelstatedesc" => "Ringing",
    "connectedlinename" => "103",
    "connectedlinenum" => "103",
    "context" => "org_all",
    "exten" => "101",
    "language" => "en",
    "linkedid" => "1745146042.400",
    "priority" => "1",
    "privilege" => "call,all",
    "uniqueid" => "1745146042.401"
  },
  variables: %{}
}
[2025-04-20 10:47:42.509746Z] %ElixirAmi.Event{
  event: "hangup",
  source: :asterisk_connection,
  action_id: nil,
  keys: %{
    "accountcode" => "",
    "calleridname" => "103",
    "calleridnum" => "103",
    "cause" => "0",
    "cause-txt" => "Unknown",
    "channel" => "PJSIP/103-000000f5",
    "channelstate" => "4",
    "channelstatedesc" => "Ring",
    "connectedlinename" => "101",
    "connectedlinenum" => "101",
    "context" => "org_all",
    "exten" => "101",
    "language" => "en",
    "linkedid" => "1745146042.400",
    "priority" => "3",
    "privilege" => "call,all",
    "uniqueid" => "1745146042.400"
  },
  variables: %{}
}
