[2025-04-20 06:07:33.622922Z] %ElixirAmi.Event{
  event: "newchannel",
  source: :asterisk_connection,
  action_id: nil,
  keys: %{
    "accountcode" => "",
    "calleridname" => "101",
    "calleridnum" => "101",
    "channel" => "PJSIP/101-0000008b",
    "channelstate" => "4",
    "channelstatedesc" => "Ring",
    "connectedlinename" => "<unknown>",
    "connectedlinenum" => "<unknown>",
    "context" => "org_all",
    "exten" => "102",
    "language" => "en",
    "linkedid" => "1745129253.233",
    "priority" => "1",
    "privilege" => "call,all",
    "uniqueid" => "1745129253.233"
  },
  variables: %{}
}
[2025-04-20 06:07:33.623222Z] %ElixirAmi.Event{
  event: "varset",
  source: :asterisk_connection,
  action_id: nil,
  keys: %{
    "accountcode" => "",
    "calleridname" => "101",
    "calleridnum" => "101",
    "channel" => "PJSIP/101-0000008b",
    "channelstate" => "4",
    "channelstatedesc" => "Ring",
    "connectedlinename" => "<unknown>",
    "connectedlinenum" => "<unknown>",
    "context" => "org_all",
    "exten" => "102",
    "language" => "en",
    "linkedid" => "1745129253.233",
    "priority" => "1",
    "privilege" => "dialplan,all",
    "uniqueid" => "1745129253.233",
    "value" => "192.168.0.16",
    "variable" => "SIPDOMAIN"
  },
  variables: %{}
}
[2025-04-20 06:07:33.623864Z] %ElixirAmi.Event{
  event: "newexten",
  source: :asterisk_connection,
  action_id: nil,
  keys: %{
    "accountcode" => "",
    "appdata" => "",
    "application" => "NoOp",
    "calleridname" => "101",
    "calleridnum" => "101",
    "channel" => "PJSIP/101-0000008b",
    "channelstate" => "4",
    "channelstatedesc" => "Ring",
    "connectedlinename" => "<unknown>",
    "connectedlinenum" => "<unknown>",
    "context" => "org_all",
    "exten" => "102",
    "extension" => "102",
    "language" => "en",
    "linkedid" => "1745129253.233",
    "priority" => "1",
    "privilege" => "dialplan,all",
    "uniqueid" => "1745129253.233"
  },
  variables: %{}
}
[2025-04-20 06:07:33.624004Z] %ElixirAmi.Event{
  event: "newexten",
  source: :asterisk_connection,
  action_id: nil,
  keys: %{
    "accountcode" => "",
    "appdata" => "PJSIP/102,20,",
    "application" => "Dial",
    "calleridname" => "101",
    "calleridnum" => "101",
    "channel" => "PJSIP/101-0000008b",
    "channelstate" => "4",
    "channelstatedesc" => "Ring",
    "connectedlinename" => "<unknown>",
    "connectedlinenum" => "<unknown>",
    "context" => "org_all",
    "exten" => "102",
    "extension" => "102",
    "language" => "en",
    "linkedid" => "1745129253.233",
    "priority" => "2",
    "privilege" => "dialplan,all",
    "uniqueid" => "1745129253.233"
  },
  variables: %{}
}
[2025-04-20 06:07:33.624252Z] %ElixirAmi.Event{
  event: "varset",
  source: :asterisk_connection,
  action_id: nil,
  keys: %{
    "accountcode" => "",
    "calleridname" => "101",
    "calleridnum" => "101",
    "channel" => "PJSIP/101-0000008b",
    "channelstate" => "4",
    "channelstatedesc" => "Ring",
    "connectedlinename" => "<unknown>",
    "connectedlinenum" => "<unknown>",
    "context" => "org_all",
    "exten" => "102",
    "language" => "en",
    "linkedid" => "1745129253.233",
    "priority" => "2",
    "privilege" => "dialplan,all",
    "uniqueid" => "1745129253.233",
    "value" => "",
    "variable" => "DIALSTATUS"
  },
  variables: %{}
}
[2025-04-20 06:07:33.624456Z] %ElixirAmi.Event{
  event: "varset",
  source: :asterisk_connection,
  action_id: nil,
  keys: %{
    "accountcode" => "",
    "calleridname" => "101",
    "calleridnum" => "101",
    "channel" => "PJSIP/101-0000008b",
    "channelstate" => "4",
    "channelstatedesc" => "Ring",
    "connectedlinename" => "<unknown>",
    "connectedlinenum" => "<unknown>",
    "context" => "org_all",
    "exten" => "102",
    "language" => "en",
    "linkedid" => "1745129253.233",
    "priority" => "2",
    "privilege" => "dialplan,all",
    "uniqueid" => "1745129253.233",
    "value" => "",
    "variable" => "DIALEDPEERNUMBER"
  },
  variables: %{}
}
[2025-04-20 06:07:33.624673Z] %ElixirAmi.Event{
  event: "varset",
  source: :asterisk_connection,
  action_id: nil,
  keys: %{
    "accountcode" => "",
    "calleridname" => "101",
    "calleridnum" => "101",
    "channel" => "PJSIP/101-0000008b",
    "channelstate" => "4",
    "channelstatedesc" => "Ring",
    "connectedlinename" => "<unknown>",
    "connectedlinenum" => "<unknown>",
    "context" => "org_all",
    "exten" => "102",
    "language" => "en",
    "linkedid" => "1745129253.233",
    "priority" => "2",
    "privilege" => "dialplan,all",
    "uniqueid" => "1745129253.233",
    "value" => "",
    "variable" => "DIALEDPEERNAME"
  },
  variables: %{}
}
[2025-04-20 06:07:33.624891Z] %ElixirAmi.Event{
  event: "varset",
  source: :asterisk_connection,
  action_id: nil,
  keys: %{
    "accountcode" => "",
    "calleridname" => "101",
    "calleridnum" => "101",
    "channel" => "PJSIP/101-0000008b",
    "channelstate" => "4",
    "channelstatedesc" => "Ring",
    "connectedlinename" => "<unknown>",
    "connectedlinenum" => "<unknown>",
    "context" => "org_all",
    "exten" => "102",
    "language" => "en",
    "linkedid" => "1745129253.233",
    "priority" => "2",
    "privilege" => "dialplan,all",
    "uniqueid" => "1745129253.233",
    "value" => "",
    "variable" => "ANSWEREDTIME"
  },
  variables: %{}
}
[2025-04-20 06:07:33.625210Z] %ElixirAmi.Event{
  event: "varset",
  source: :asterisk_connection,
  action_id: nil,
  keys: %{
    "accountcode" => "",
    "calleridname" => "101",
    "calleridnum" => "101",
    "channel" => "PJSIP/101-0000008b",
    "channelstate" => "4",
    "channelstatedesc" => "Ring",
    "connectedlinename" => "<unknown>",
    "connectedlinenum" => "<unknown>",
    "context" => "org_all",
    "exten" => "102",
    "language" => "en",
    "linkedid" => "1745129253.233",
    "priority" => "2",
    "privilege" => "dialplan,all",
    "uniqueid" => "1745129253.233",
    "value" => "",
    "variable" => "ANSWEREDTIME_MS"
  },
  variables: %{}
}
[2025-04-20 06:07:33.626104Z] %ElixirAmi.Event{
  event: "varset",
  source: :asterisk_connection,
  action_id: nil,
  keys: %{
    "accountcode" => "",
    "calleridname" => "101",
    "calleridnum" => "101",
    "channel" => "PJSIP/101-0000008b",
    "channelstate" => "4",
    "channelstatedesc" => "Ring",
    "connectedlinename" => "<unknown>",
    "connectedlinenum" => "<unknown>",
    "context" => "org_all",
    "exten" => "102",
    "language" => "en",
    "linkedid" => "1745129253.233",
    "priority" => "2",
    "privilege" => "dialplan,all",
    "uniqueid" => "1745129253.233",
    "value" => "",
    "variable" => "DIALEDTIME"
  },
  variables: %{}
}
[2025-04-20 06:07:33.626271Z] %ElixirAmi.Event{
  event: "varset",
  source: :asterisk_connection,
  action_id: nil,
  keys: %{
    "accountcode" => "",
    "calleridname" => "101",
    "calleridnum" => "101",
    "channel" => "PJSIP/101-0000008b",
    "channelstate" => "4",
    "channelstatedesc" => "Ring",
    "connectedlinename" => "<unknown>",
    "connectedlinenum" => "<unknown>",
    "context" => "org_all",
    "exten" => "102",
    "language" => "en",
    "linkedid" => "1745129253.233",
    "priority" => "2",
    "privilege" => "dialplan,all",
    "uniqueid" => "1745129253.233",
    "value" => "",
    "variable" => "DIALEDTIME_MS"
  },
  variables: %{}
}
[2025-04-20 06:07:33.626363Z] %ElixirAmi.Event{
  event: "varset",
  source: :asterisk_connection,
  action_id: nil,
  keys: %{
    "accountcode" => "",
    "calleridname" => "101",
    "calleridnum" => "101",
    "channel" => "PJSIP/101-0000008b",
    "channelstate" => "4",
    "channelstatedesc" => "Ring",
    "connectedlinename" => "<unknown>",
    "connectedlinenum" => "<unknown>",
    "context" => "org_all",
    "exten" => "102",
    "language" => "en",
    "linkedid" => "1745129253.233",
    "priority" => "2",
    "privilege" => "dialplan,all",
    "uniqueid" => "1745129253.233",
    "value" => "",
    "variable" => "RINGTIME_MS"
  },
  variables: %{}
}
[2025-04-20 06:07:33.626466Z] %ElixirAmi.Event{
  event: "varset",
  source: :asterisk_connection,
  action_id: nil,
  keys: %{
    "accountcode" => "",
    "calleridname" => "101",
    "calleridnum" => "101",
    "channel" => "PJSIP/101-0000008b",
    "channelstate" => "4",
    "channelstatedesc" => "Ring",
    "connectedlinename" => "<unknown>",
    "connectedlinenum" => "<unknown>",
    "context" => "org_all",
    "exten" => "102",
    "language" => "en",
    "linkedid" => "1745129253.233",
    "priority" => "2",
    "privilege" => "dialplan,all",
    "uniqueid" => "1745129253.233",
    "value" => "",
    "variable" => "PROGRESSTIME"
  },
  variables: %{}
}
[2025-04-20 06:07:33.626642Z] %ElixirAmi.Event{
  event: "varset",
  source: :asterisk_connection,
  action_id: nil,
  keys: %{
    "accountcode" => "",
    "calleridname" => "101",
    "calleridnum" => "101",
    "channel" => "PJSIP/101-0000008b",
    "channelstate" => "4",
    "channelstatedesc" => "Ring",
    "connectedlinename" => "<unknown>",
    "connectedlinenum" => "<unknown>",
    "context" => "org_all",
    "exten" => "102",
    "language" => "en",
    "linkedid" => "1745129253.233",
    "priority" => "2",
    "privilege" => "dialplan,all",
    "uniqueid" => "1745129253.233",
    "value" => "",
    "variable" => "PROGRESSTIME_MS"
  },
  variables: %{}
}
[2025-04-20 06:07:33.626694Z] %ElixirAmi.Event{
  event: "varset",
  source: :asterisk_connection,
  action_id: nil,
  keys: %{
    "accountcode" => "",
    "calleridname" => "101",
    "calleridnum" => "101",
    "channel" => "PJSIP/101-0000008b",
    "channelstate" => "4",
    "channelstatedesc" => "Ring",
    "connectedlinename" => "<unknown>",
    "connectedlinenum" => "<unknown>",
    "context" => "org_all",
    "exten" => "102",
    "language" => "en",
    "linkedid" => "1745129253.233",
    "priority" => "2",
    "privilege" => "dialplan,all",
    "uniqueid" => "1745129253.233",
    "value" => "",
    "variable" => "RINGTIME"
  },
  variables: %{}
}
[2025-04-20 06:07:33.626870Z] %ElixirAmi.Event{
  event: "newchannel",
  source: :asterisk_connection,
  action_id: nil,
  keys: %{
    "accountcode" => "",
    "calleridname" => "102",
    "calleridnum" => "102",
    "channel" => "PJSIP/102-0000008c",
    "channelstate" => "0",
    "channelstatedesc" => "Down",
    "connectedlinename" => "<unknown>",
    "connectedlinenum" => "<unknown>",
    "context" => "org_all",
    "exten" => "s",
    "language" => "en",
    "linkedid" => "1745129253.233",
    "priority" => "1",
    "privilege" => "call,all",
    "uniqueid" => "1745129253.234"
  },
  variables: %{}
}
[2025-04-20 06:07:33.627299Z] %ElixirAmi.Event{
  event: "varset",
  source: :asterisk_connection,
  action_id: nil,
  keys: %{
    "accountcode" => "",
    "calleridname" => "102",
    "calleridnum" => "102",
    "channel" => "PJSIP/102-0000008c",
    "channelstate" => "0",
    "channelstatedesc" => "Down",
    "connectedlinename" => "<unknown>",
    "connectedlinenum" => "<unknown>",
    "context" => "org_all",
    "exten" => "s",
    "language" => "en",
    "linkedid" => "1745129253.233",
    "priority" => "1",
    "privilege" => "dialplan,all",
    "uniqueid" => "1745129253.234",
    "value" => "102",
    "variable" => "DIALEDPEERNUMBER"
  },
  variables: %{}
}
[2025-04-20 06:07:33.628503Z] %ElixirAmi.Event{
  event: "newconnectedline",
  source: :asterisk_connection,
  action_id: nil,
  keys: %{
    "accountcode" => "",
    "calleridname" => "102",
    "calleridnum" => "102",
    "channel" => "PJSIP/102-0000008c",
    "channelstate" => "0",
    "channelstatedesc" => "Down",
    "connectedlinename" => "101",
    "connectedlinenum" => "101",
    "context" => "org_all",
    "exten" => "102",
    "language" => "en",
    "linkedid" => "1745129253.233",
    "priority" => "1",
    "privilege" => "call,all",
    "uniqueid" => "1745129253.234"
  },
  variables: %{}
}
[2025-04-20 06:07:33.628490Z] %ElixirAmi.Event{
  event: "newexten",
  source: :asterisk_connection,
  action_id: nil,
  keys: %{
    "accountcode" => "",
    "appdata" => "(Outgoing Line)",
    "application" => "AppDial",
    "calleridname" => "102",
    "calleridnum" => "102",
    "channel" => "PJSIP/102-0000008c",
    "channelstate" => "0",
    "channelstatedesc" => "Down",
    "connectedlinename" => "101",
    "connectedlinenum" => "101",
    "context" => "org_all",
    "exten" => "102",
    "extension" => "102",
    "language" => "en",
    "linkedid" => "1745129253.233",
    "priority" => "1",
    "privilege" => "dialplan,all",
    "uniqueid" => "1745129253.234"
  },
  variables: %{}
}
[2025-04-20 06:07:33.628640Z] %ElixirAmi.Event{
  event: "newconnectedline",
  source: :asterisk_connection,
  action_id: nil,
  keys: %{
    "accountcode" => "",
    "calleridname" => "101",
    "calleridnum" => "101",
    "channel" => "PJSIP/101-0000008b",
    "channelstate" => "4",
    "channelstatedesc" => "Ring",
    "connectedlinename" => "102",
    "connectedlinenum" => "102",
    "context" => "org_all",
    "exten" => "102",
    "language" => "en",
    "linkedid" => "1745129253.233",
    "priority" => "2",
    "privilege" => "call,all",
    "uniqueid" => "1745129253.233"
  },
  variables: %{}
}
[2025-04-20 06:07:33.628568Z] %ElixirAmi.Event{
  event: "dialbegin",
  source: :asterisk_connection,
  action_id: nil,
  keys: %{
    "accountcode" => "",
    "calleridname" => "101",
    "calleridnum" => "101",
    "channel" => "PJSIP/101-0000008b",
    "channelstate" => "4",
    "channelstatedesc" => "Ring",
    "connectedlinename" => "<unknown>",
    "connectedlinenum" => "<unknown>",
    "context" => "org_all",
    "destaccountcode" => "",
    "destcalleridname" => "102",
    "destcalleridnum" => "102",
    "destchannel" => "PJSIP/102-0000008c",
    "destchannelstate" => "0",
    "destchannelstatedesc" => "Down",
    "destconnectedlinename" => "101",
    "destconnectedlinenum" => "101",
    "destcontext" => "org_all",
    "destexten" => "102",
    "destlanguage" => "en",
    "destlinkedid" => "1745129253.233",
    "destpriority" => "1",
    "destuniqueid" => "1745129253.234",
    "dialstring" => "102",
    "exten" => "102",
    "language" => "en",
    "linkedid" => "1745129253.233",
    "priority" => "2",
    "privilege" => "call,all",
    "uniqueid" => "1745129253.233"
  },
  variables: %{}
}
[2025-04-20 06:07:33.629517Z] %ElixirAmi.Event{
  event: "newstate",
  source: :asterisk_connection,
  action_id: nil,
  keys: %{
    "accountcode" => "",
    "calleridname" => "102",
    "calleridnum" => "102",
    "channel" => "PJSIP/102-0000008c",
    "channelstate" => "5",
    "channelstatedesc" => "Ringing",
    "connectedlinename" => "101",
    "connectedlinenum" => "101",
    "context" => "org_all",
    "exten" => "102",
    "language" => "en",
    "linkedid" => "1745129253.233",
    "priority" => "1",
    "privilege" => "call,all",
    "uniqueid" => "1745129253.234"
  },
  variables: %{}
}
[2025-04-20 06:07:33.630129Z] %ElixirAmi.Event{
  event: "varset",
  source: :asterisk_connection,
  action_id: nil,
  keys: %{
    "accountcode" => "",
    "calleridname" => "101",
    "calleridnum" => "101",
    "channel" => "PJSIP/101-0000008b",
    "channelstate" => "4",
    "channelstatedesc" => "Ring",
    "connectedlinename" => "102",
    "connectedlinenum" => "102",
    "context" => "org_all",
    "exten" => "102",
    "language" => "en",
    "linkedid" => "1745129253.233",
    "priority" => "2",
    "privilege" => "dialplan,all",
    "uniqueid" => "1745129253.233",
    "value" => "0",
    "variable" => "RINGTIME"
  },
  variables: %{}
}
[2025-04-20 06:07:33.630138Z] %ElixirAmi.Event{
  event: "varset",
  source: :asterisk_connection,
  action_id: nil,
  keys: %{
    "accountcode" => "",
    "calleridname" => "101",
    "calleridnum" => "101",
    "channel" => "PJSIP/101-0000008b",
    "channelstate" => "4",
    "channelstatedesc" => "Ring",
    "connectedlinename" => "102",
    "connectedlinenum" => "102",
    "context" => "org_all",
    "exten" => "102",
    "language" => "en",
    "linkedid" => "1745129253.233",
    "priority" => "2",
    "privilege" => "dialplan,all",
    "uniqueid" => "1745129253.233",
    "value" => "6",
    "variable" => "RINGTIME_MS"
  },
  variables: %{}
}
[2025-04-20 06:07:33.630522Z] %ElixirAmi.Event{
  event: "dialstate",
  source: :asterisk_connection,
  action_id: nil,
  keys: %{
    "accountcode" => "",
    "calleridname" => "101",
    "calleridnum" => "101",
    "channel" => "PJSIP/101-0000008b",
    "channelstate" => "4",
    "channelstatedesc" => "Ring",
    "connectedlinename" => "102",
    "connectedlinenum" => "102",
    "context" => "org_all",
    "destaccountcode" => "",
    "destcalleridname" => "102",
    "destcalleridnum" => "102",
    "destchannel" => "PJSIP/102-0000008c",
    "destchannelstate" => "5",
    "destchannelstatedesc" => "Ringing",
    "destconnectedlinename" => "101",
    "destconnectedlinenum" => "101",
    "destcontext" => "org_all",
    "destexten" => "102",
    "destlanguage" => "en",
    "destlinkedid" => "1745129253.233",
    "destpriority" => "1",
    "destuniqueid" => "1745129253.234",
    "dialstatus" => "RINGING",
    "exten" => "102",
    "language" => "en",
    "linkedid" => "1745129253.233",
    "priority" => "2",
    "privilege" => "call,all",
    "uniqueid" => "1745129253.233"
  },
  variables: %{}
}
[2025-04-20 06:07:37.829764Z] %ElixirAmi.Event{
  event: "rtcpreceived",
  source: :asterisk_connection,
  action_id: nil,
  keys: %{
    "accountcode" => "",
    "calleridname" => "102",
    "calleridnum" => "102",
    "channel" => "PJSIP/102-0000008c",
    "channelstate" => "5",
    "channelstatedesc" => "Ringing",
    "connectedlinename" => "101",
    "connectedlinenum" => "101",
    "context" => "org_all",
    "exten" => "102",
    "from" => "192.168.0.16:4103",
    "language" => "en",
    "linkedid" => "1745129253.233",
    "mes" => "85.4",
    "priority" => "1",
    "privilege" => "reporting,all",
    "pt" => "201(RR)",
    "report0cumulativelost" => "0",
    "report0dlsr" => "0.0000",
    "report0fractionlost" => "0",
    "report0highestsequence" => "0",
    "report0iajitter" => "0",
    "report0lsr" => "0",
    "report0sequencenumbercycles" => "0",
    "report0sourcessrc" => "0x00000000",
    "reportcount" => "1",
    "rtt" => "0.0000",
    "ssrc" => "0x00000000",
    "to" => "192.168.0.16:11487",
    "uniqueid" => "1745129253.234"
  },
  variables: %{}
}
[2025-04-20 06:07:37.830447Z] %ElixirAmi.Event{
  event: "rtcpreceived",
  source: :asterisk_connection,
  action_id: nil,
  keys: %{
    "accountcode" => "",
    "calleridname" => "102",
    "calleridnum" => "102",
    "channel" => "PJSIP/102-0000008c",
    "channelstate" => "5",
    "channelstatedesc" => "Ringing",
    "connectedlinename" => "101",
    "connectedlinenum" => "101",
    "context" => "org_all",
    "exten" => "102",
    "from" => "192.168.0.16:4103",
    "language" => "en",
    "linkedid" => "1745129253.233",
    "mes" => "85.4",
    "priority" => "1",
    "privilege" => "reporting,all",
    "pt" => "201(RR)",
    "report0cumulativelost" => "0",
    "report0dlsr" => "0.0000",
    "report0fractionlost" => "0",
    "report0highestsequence" => "0",
    "report0iajitter" => "0",
    "report0lsr" => "0",
    "report0sequencenumbercycles" => "0",
    "report0sourcessrc" => "0x00000000",
    "reportcount" => "1",
    "rtt" => "0.0000",
    "ssrc" => "0x00000000",
    "to" => "192.168.0.16:11487",
    "uniqueid" => "1745129253.234"
  },
  variables: %{}
}
[2025-04-20 06:07:37.830838Z] %ElixirAmi.Event{
  event: "newstate",
  source: :asterisk_connection,
  action_id: nil,
  keys: %{
    "accountcode" => "",
    "calleridname" => "102",
    "calleridnum" => "102",
    "channel" => "PJSIP/102-0000008c",
    "channelstate" => "6",
    "channelstatedesc" => "Up",
    "connectedlinename" => "101",
    "connectedlinenum" => "101",
    "context" => "org_all",
    "exten" => "102",
    "language" => "en",
    "linkedid" => "1745129253.233",
    "priority" => "1",
    "privilege" => "call,all",
    "uniqueid" => "1745129253.234"
  },
  variables: %{}
}
[2025-04-20 06:07:37.831090Z] %ElixirAmi.Event{
  event: "varset",
  source: :asterisk_connection,
  action_id: nil,
  keys: %{
    "accountcode" => "",
    "calleridname" => "101",
    "calleridnum" => "101",
    "channel" => "PJSIP/101-0000008b",
    "channelstate" => "4",
    "channelstatedesc" => "Ring",
    "connectedlinename" => "102",
    "connectedlinenum" => "102",
    "context" => "org_all",
    "exten" => "102",
    "language" => "en",
    "linkedid" => "1745129253.233",
    "priority" => "2",
    "privilege" => "dialplan,all",
    "uniqueid" => "1745129253.233",
    "value" => "ANSWER",
    "variable" => "DIALSTATUS"
  },
  variables: %{}
}
[2025-04-20 06:07:37.831296Z] %ElixirAmi.Event{
  event: "varset",
  source: :asterisk_connection,
  action_id: nil,
  keys: %{
    "accountcode" => "",
    "calleridname" => "101",
    "calleridnum" => "101",
    "channel" => "PJSIP/101-0000008b",
    "channelstate" => "4",
    "channelstatedesc" => "Ring",
    "connectedlinename" => "102",
    "connectedlinenum" => "102",
    "context" => "org_all",
    "exten" => "102",
    "language" => "en",
    "linkedid" => "1745129253.233",
    "priority" => "2",
    "privilege" => "dialplan,all",
    "uniqueid" => "1745129253.233",
    "value" => "PJSIP/102-0000008c",
    "variable" => "DIALEDPEERNAME"
  },
  variables: %{}
}
[2025-04-20 06:07:37.831465Z] %ElixirAmi.Event{
  event: "varset",
  source: :asterisk_connection,
  action_id: nil,
  keys: %{
    "accountcode" => "",
    "calleridname" => "101",
    "calleridnum" => "101",
    "channel" => "PJSIP/101-0000008b",
    "channelstate" => "4",
    "channelstatedesc" => "Ring",
    "connectedlinename" => "102",
    "connectedlinenum" => "102",
    "context" => "org_all",
    "exten" => "102",
    "language" => "en",
    "linkedid" => "1745129253.233",
    "priority" => "2",
    "privilege" => "dialplan,all",
    "uniqueid" => "1745129253.233",
    "value" => "102",
    "variable" => "DIALEDPEERNUMBER"
  },
  variables: %{}
}
[2025-04-20 06:07:37.831765Z] %ElixirAmi.Event{
  event: "dialend",
  source: :asterisk_connection,
  action_id: nil,
  keys: %{
    "accountcode" => "",
    "calleridname" => "101",
    "calleridnum" => "101",
    "channel" => "PJSIP/101-0000008b",
    "channelstate" => "4",
    "channelstatedesc" => "Ring",
    "connectedlinename" => "102",
    "connectedlinenum" => "102",
    "context" => "org_all",
    "destaccountcode" => "",
    "destcalleridname" => "102",
    "destcalleridnum" => "102",
    "destchannel" => "PJSIP/102-0000008c",
    "destchannelstate" => "6",
    "destchannelstatedesc" => "Up",
    "destconnectedlinename" => "101",
    "destconnectedlinenum" => "101",
    "destcontext" => "org_all",
    "destexten" => "",
    "destlanguage" => "en",
    "destlinkedid" => "1745129253.233",
    "destpriority" => "1",
    "destuniqueid" => "1745129253.234",
    "dialstatus" => "ANSWER",
    "exten" => "102",
    "language" => "en",
    "linkedid" => "1745129253.233",
    "priority" => "2",
    "privilege" => "call,all",
    "uniqueid" => "1745129253.233"
  },
  variables: %{}
}
[2025-04-20 06:07:37.831902Z] %ElixirAmi.Event{
  event: "newstate",
  source: :asterisk_connection,
  action_id: nil,
  keys: %{
    "accountcode" => "",
    "calleridname" => "101",
    "calleridnum" => "101",
    "channel" => "PJSIP/101-0000008b",
    "channelstate" => "6",
    "channelstatedesc" => "Up",
    "connectedlinename" => "102",
    "connectedlinenum" => "102",
    "context" => "org_all",
    "exten" => "102",
    "language" => "en",
    "linkedid" => "1745129253.233",
    "priority" => "2",
    "privilege" => "call,all",
    "uniqueid" => "1745129253.233"
  },
  variables: %{}
}
[2025-04-20 06:07:37.832217Z] %ElixirAmi.Event{
  event: "newexten",
  source: :asterisk_connection,
  action_id: nil,
  keys: %{
    "accountcode" => "",
    "appdata" => "(Outgoing Line)",
    "application" => "AppDial",
    "calleridname" => "102",
    "calleridnum" => "102",
    "channel" => "PJSIP/102-0000008c",
    "channelstate" => "6",
    "channelstatedesc" => "Up",
    "connectedlinename" => "101",
    "connectedlinenum" => "101",
    "context" => "org_all",
    "exten" => "",
    "extension" => "",
    "language" => "en",
    "linkedid" => "1745129253.233",
    "priority" => "1",
    "privilege" => "dialplan,all",
    "uniqueid" => "1745129253.234"
  },
  variables: %{}
}
[2025-04-20 06:07:37.832443Z] %ElixirAmi.Event{
  event: "bridgeenter",
  source: :asterisk_connection,
  action_id: nil,
  keys: %{
    "accountcode" => "",
    "bridgecreator" => "<unknown>",
    "bridgename" => "<unknown>",
    "bridgenumchannels" => "1",
    "bridgetechnology" => "simple_bridge",
    "bridgetype" => "basic",
    "bridgeuniqueid" => "2a193943-39dc-4009-91ee-740853a362b3",
    "bridgevideosourcemode" => "none",
    "calleridname" => "102",
    "calleridnum" => "102",
    "channel" => "PJSIP/102-0000008c",
    "channelstate" => "6",
    "channelstatedesc" => "Up",
    "connectedlinename" => "101",
    "connectedlinenum" => "101",
    "context" => "org_all",
    "exten" => "",
    "language" => "en",
    "linkedid" => "1745129253.233",
    "priority" => "1",
    "privilege" => "call,all",
    "uniqueid" => "1745129253.234"
  },
  variables: %{}
}
[2025-04-20 06:07:37.832653Z] %ElixirAmi.Event{
  event: "bridgeenter",
  source: :asterisk_connection,
  action_id: nil,
  keys: %{
    "accountcode" => "",
    "bridgecreator" => "<unknown>",
    "bridgename" => "<unknown>",
    "bridgenumchannels" => "2",
    "bridgetechnology" => "simple_bridge",
    "bridgetype" => "basic",
    "bridgeuniqueid" => "2a193943-39dc-4009-91ee-740853a362b3",
    "bridgevideosourcemode" => "none",
    "calleridname" => "101",
    "calleridnum" => "101",
    "channel" => "PJSIP/101-0000008b",
    "channelstate" => "6",
    "channelstatedesc" => "Up",
    "connectedlinename" => "102",
    "connectedlinenum" => "102",
    "context" => "org_all",
    "exten" => "102",
    "language" => "en",
    "linkedid" => "1745129253.233",
    "priority" => "2",
    "privilege" => "call,all",
    "uniqueid" => "1745129253.233"
  },
  variables: %{}
}
[2025-04-20 06:07:37.834694Z] %ElixirAmi.Event{
  event: "varset",
  source: :asterisk_connection,
  action_id: nil,
  keys: %{
    "accountcode" => "",
    "calleridname" => "101",
    "calleridnum" => "101",
    "channel" => "PJSIP/101-0000008b",
    "channelstate" => "6",
    "channelstatedesc" => "Up",
    "connectedlinename" => "102",
    "connectedlinenum" => "102",
    "context" => "org_all",
    "exten" => "102",
    "language" => "en",
    "linkedid" => "1745129253.233",
    "priority" => "2",
    "privilege" => "dialplan,all",
    "uniqueid" => "1745129253.233",
    "value" => "bf633019-cfa9-4a01-aba8-241c1c213f01",
    "variable" => "BRIDGEPVTCALLID"
  },
  variables: %{}
}
[2025-04-20 06:07:37.834588Z] %ElixirAmi.Event{
  event: "varset",
  source: :asterisk_connection,
  action_id: nil,
  keys: %{
    "accountcode" => "",
    "calleridname" => "101",
    "calleridnum" => "101",
    "channel" => "PJSIP/101-0000008b",
    "channelstate" => "6",
    "channelstatedesc" => "Up",
    "connectedlinename" => "102",
    "connectedlinenum" => "102",
    "context" => "org_all",
    "exten" => "102",
    "language" => "en",
    "linkedid" => "1745129253.233",
    "priority" => "2",
    "privilege" => "dialplan,all",
    "uniqueid" => "1745129253.233",
    "value" => "PJSIP/102-0000008c",
    "variable" => "BRIDGEPEER"
  },
  variables: %{}
}
[2025-04-20 06:07:37.834773Z] %ElixirAmi.Event{
  event: "varset",
  source: :asterisk_connection,
  action_id: nil,
  keys: %{
    "accountcode" => "",
    "calleridname" => "102",
    "calleridnum" => "102",
    "channel" => "PJSIP/102-0000008c",
    "channelstate" => "6",
    "channelstatedesc" => "Up",
    "connectedlinename" => "101",
    "connectedlinenum" => "101",
    "context" => "org_all",
    "exten" => "",
    "language" => "en",
    "linkedid" => "1745129253.233",
    "priority" => "1",
    "privilege" => "dialplan,all",
    "uniqueid" => "1745129253.234",
    "value" => "PJSIP/101-0000008b",
    "variable" => "BRIDGEPEER"
  },
  variables: %{}
}
[2025-04-20 06:07:37.834845Z] %ElixirAmi.Event{
  event: "varset",
  source: :asterisk_connection,
  action_id: nil,
  keys: %{
    "accountcode" => "",
    "calleridname" => "102",
    "calleridnum" => "102",
    "channel" => "PJSIP/102-0000008c",
    "channelstate" => "6",
    "channelstatedesc" => "Up",
    "connectedlinename" => "101",
    "connectedlinenum" => "101",
    "context" => "org_all",
    "exten" => "",
    "language" => "en",
    "linkedid" => "1745129253.233",
    "priority" => "1",
    "privilege" => "dialplan,all",
    "uniqueid" => "1745129253.234",
    "value" => "98bcbacd81f2465d884c166b1e918083",
    "variable" => "BRIDGEPVTCALLID"
  },
  variables: %{}
}
[2025-04-20 06:07:37.834856Z] %ElixirAmi.Event{
  event: "varset",
  source: :asterisk_connection,
  action_id: nil,
  keys: %{
    "accountcode" => "",
    "calleridname" => "101",
    "calleridnum" => "101",
    "channel" => "PJSIP/101-0000008b",
    "channelstate" => "6",
    "channelstatedesc" => "Up",
    "connectedlinename" => "102",
    "connectedlinenum" => "102",
    "context" => "org_all",
    "exten" => "102",
    "language" => "en",
    "linkedid" => "1745129253.233",
    "priority" => "2",
    "privilege" => "dialplan,all",
    "uniqueid" => "1745129253.233",
    "value" => "PJSIP/102-0000008c",
    "variable" => "BRIDGEPEER"
  },
  variables: %{}
}
[2025-04-20 06:07:37.835093Z] %ElixirAmi.Event{
  event: "varset",
  source: :asterisk_connection,
  action_id: nil,
  keys: %{
    "accountcode" => "",
    "calleridname" => "101",
    "calleridnum" => "101",
    "channel" => "PJSIP/101-0000008b",
    "channelstate" => "6",
    "channelstatedesc" => "Up",
    "connectedlinename" => "102",
    "connectedlinenum" => "102",
    "context" => "org_all",
    "exten" => "102",
    "language" => "en",
    "linkedid" => "1745129253.233",
    "priority" => "2",
    "privilege" => "dialplan,all",
    "uniqueid" => "1745129253.233",
    "value" => "bf633019-cfa9-4a01-aba8-241c1c213f01",
    "variable" => "BRIDGEPVTCALLID"
  },
  variables: %{}
}
[2025-04-20 06:07:37.835210Z] %ElixirAmi.Event{
  event: "varset",
  source: :asterisk_connection,
  action_id: nil,
  keys: %{
    "accountcode" => "",
    "calleridname" => "101",
    "calleridnum" => "101",
    "channel" => "PJSIP/101-0000008b",
    "channelstate" => "6",
    "channelstatedesc" => "Up",
    "connectedlinename" => "102",
    "connectedlinenum" => "102",
    "context" => "org_all",
    "exten" => "102",
    "language" => "en",
    "linkedid" => "1745129253.233",
    "priority" => "2",
    "privilege" => "dialplan,all",
    "uniqueid" => "1745129253.233",
    "value" => "PJSIP/102-0000008c",
    "variable" => "BRIDGEPEER"
  },
  variables: %{}
}
[2025-04-20 06:07:37.835133Z] %ElixirAmi.Event{
  event: "varset",
  source: :asterisk_connection,
  action_id: nil,
  keys: %{
    "accountcode" => "",
    "calleridname" => "102",
    "calleridnum" => "102",
    "channel" => "PJSIP/102-0000008c",
    "channelstate" => "6",
    "channelstatedesc" => "Up",
    "connectedlinename" => "101",
    "connectedlinenum" => "101",
    "context" => "org_all",
    "exten" => "",
    "language" => "en",
    "linkedid" => "1745129253.233",
    "priority" => "1",
    "privilege" => "dialplan,all",
    "uniqueid" => "1745129253.234",
    "value" => "PJSIP/101-0000008b",
    "variable" => "BRIDGEPEER"
  },
  variables: %{}
}
[2025-04-20 06:07:37.835165Z] %ElixirAmi.Event{
  event: "varset",
  source: :asterisk_connection,
  action_id: nil,
  keys: %{
    "accountcode" => "",
    "calleridname" => "102",
    "calleridnum" => "102",
    "channel" => "PJSIP/102-0000008c",
    "channelstate" => "6",
    "channelstatedesc" => "Up",
    "connectedlinename" => "101",
    "connectedlinenum" => "101",
    "context" => "org_all",
    "exten" => "",
    "language" => "en",
    "linkedid" => "1745129253.233",
    "priority" => "1",
    "privilege" => "dialplan,all",
    "uniqueid" => "1745129253.234",
    "value" => "98bcbacd81f2465d884c166b1e918083",
    "variable" => "BRIDGEPVTCALLID"
  },
  variables: %{}
}
[2025-04-20 06:07:37.835223Z] %ElixirAmi.Event{
  event: "varset",
  source: :asterisk_connection,
  action_id: nil,
  keys: %{
    "accountcode" => "",
    "calleridname" => "101",
    "calleridnum" => "101",
    "channel" => "PJSIP/101-0000008b",
    "channelstate" => "6",
    "channelstatedesc" => "Up",
    "connectedlinename" => "102",
    "connectedlinenum" => "102",
    "context" => "org_all",
    "exten" => "102",
    "language" => "en",
    "linkedid" => "1745129253.233",
    "priority" => "2",
    "privilege" => "dialplan,all",
    "uniqueid" => "1745129253.233",
    "value" => "bf633019-cfa9-4a01-aba8-241c1c213f01",
    "variable" => "BRIDGEPVTCALLID"
  },
  variables: %{}
}
[2025-04-20 06:07:37.835622Z] %ElixirAmi.Event{
  event: "varset",
  source: :asterisk_connection,
  action_id: nil,
  keys: %{
    "accountcode" => "",
    "calleridname" => "102",
    "calleridnum" => "102",
    "channel" => "PJSIP/102-0000008c",
    "channelstate" => "6",
    "channelstatedesc" => "Up",
    "connectedlinename" => "101",
    "connectedlinenum" => "101",
    "context" => "org_all",
    "exten" => "",
    "language" => "en",
    "linkedid" => "1745129253.233",
    "priority" => "1",
    "privilege" => "dialplan,all",
    "uniqueid" => "1745129253.234",
    "value" => "98bcbacd81f2465d884c166b1e918083",
    "variable" => "BRIDGEPVTCALLID"
  },
  variables: %{}
}
[2025-04-20 06:07:37.835543Z] %ElixirAmi.Event{
  event: "varset",
  source: :asterisk_connection,
  action_id: nil,
  keys: %{
    "accountcode" => "",
    "calleridname" => "102",
    "calleridnum" => "102",
    "channel" => "PJSIP/102-0000008c",
    "channelstate" => "6",
    "channelstatedesc" => "Up",
    "connectedlinename" => "101",
    "connectedlinenum" => "101",
    "context" => "org_all",
    "exten" => "",
    "language" => "en",
    "linkedid" => "1745129253.233",
    "priority" => "1",
    "privilege" => "dialplan,all",
    "uniqueid" => "1745129253.234",
    "value" => "PJSIP/101-0000008b",
    "variable" => "BRIDGEPEER"
  },
  variables: %{}
}
[2025-04-20 06:07:37.835843Z] %ElixirAmi.Event{
  event: "rtcpreceived",
  source: :asterisk_connection,
  action_id: nil,
  keys: %{
    "accountcode" => "",
    "calleridname" => "101",
    "calleridnum" => "101",
    "channel" => "PJSIP/101-0000008b",
    "channelstate" => "6",
    "channelstatedesc" => "Up",
    "connectedlinename" => "102",
    "connectedlinenum" => "102",
    "context" => "org_all",
    "exten" => "102",
    "from" => "192.168.0.16:4109",
    "language" => "en",
    "linkedid" => "1745129253.233",
    "mes" => "85.4",
    "priority" => "2",
    "privilege" => "reporting,all",
    "pt" => "201(RR)",
    "report0cumulativelost" => "0",
    "report0dlsr" => "0.0000",
    "report0fractionlost" => "0",
    "report0highestsequence" => "0",
    "report0iajitter" => "0",
    "report0lsr" => "0",
    "report0sequencenumbercycles" => "0",
    "report0sourcessrc" => "0x00000000",
    "reportcount" => "1",
    "rtt" => "0.0000",
    "ssrc" => "0x00000000",
    "to" => "192.168.0.16:19195",
    "uniqueid" => "1745129253.233"
  },
  variables: %{}
}
[2025-04-20 06:07:37.835972Z] %ElixirAmi.Event{
  event: "rtcpreceived",
  source: :asterisk_connection,
  action_id: nil,
  keys: %{
    "accountcode" => "",
    "calleridname" => "101",
    "calleridnum" => "101",
    "channel" => "PJSIP/101-0000008b",
    "channelstate" => "6",
    "channelstatedesc" => "Up",
    "connectedlinename" => "102",
    "connectedlinenum" => "102",
    "context" => "org_all",
    "exten" => "102",
    "from" => "192.168.0.16:4109",
    "language" => "en",
    "linkedid" => "1745129253.233",
    "mes" => "85.4",
    "priority" => "2",
    "privilege" => "reporting,all",
    "pt" => "201(RR)",
    "report0cumulativelost" => "0",
    "report0dlsr" => "0.0000",
    "report0fractionlost" => "0",
    "report0highestsequence" => "0",
    "report0iajitter" => "0",
    "report0lsr" => "0",
    "report0sequencenumbercycles" => "0",
    "report0sourcessrc" => "0x00000000",
    "reportcount" => "1",
    "rtt" => "0.0000",
    "ssrc" => "0x00000000",
    "to" => "192.168.0.16:19195",
    "uniqueid" => "1745129253.233"
  },
  variables: %{}
}
[2025-04-20 06:07:37.838447Z] %ElixirAmi.Event{
  event: "varset",
  source: :asterisk_connection,
  action_id: nil,
  keys: %{
    "accountcode" => "",
    "calleridname" => "101",
    "calleridnum" => "101",
    "channel" => "PJSIP/101-0000008b",
    "channelstate" => "6",
    "channelstatedesc" => "Up",
    "connectedlinename" => "102",
    "connectedlinenum" => "102",
    "context" => "org_all",
    "exten" => "102",
    "language" => "en",
    "linkedid" => "1745129253.233",
    "priority" => "2",
    "privilege" => "dialplan,all",
    "uniqueid" => "1745129253.233",
    "value" => "/home/rawmn/AsteriskConnector/priv/recordings/101_102_2025-04-201745129253.233.wav",
    "variable" => "MIXMONITOR_FILENAME"
  },
  variables: %{}
}
[2025-04-20 06:07:37.838699Z] %ElixirAmi.Event{
  event: "mixmonitorstart",
  source: :asterisk_connection,
  action_id: nil,
  keys: %{
    "accountcode" => "",
    "calleridname" => "101",
    "calleridnum" => "101",
    "channel" => "PJSIP/101-0000008b",
    "channelstate" => "6",
    "channelstatedesc" => "Up",
    "connectedlinename" => "102",
    "connectedlinenum" => "102",
    "context" => "org_all",
    "exten" => "102",
    "language" => "en",
    "linkedid" => "1745129253.233",
    "priority" => "2",
    "privilege" => "call,all",
    "uniqueid" => "1745129253.233"
  },
  variables: %{}
}
[2025-04-20 06:07:37.838858Z] %ElixirAmi.Event{
  event: "varset",
  source: :asterisk_connection,
  action_id: nil,
  keys: %{
    "accountcode" => "",
    "calleridname" => "101",
    "calleridnum" => "101",
    "channel" => "PJSIP/101-0000008b",
    "channelstate" => "6",
    "channelstatedesc" => "Up",
    "connectedlinename" => "102",
    "connectedlinenum" => "102",
    "context" => "org_all",
    "exten" => "102",
    "language" => "en",
    "linkedid" => "1745129253.233",
    "priority" => "2",
    "privilege" => "dialplan,all",
    "uniqueid" => "1745129253.233",
    "value" => "PJSIP/102-0000008c",
    "variable" => "BRIDGEPEER"
  },
  variables: %{}
}
[2025-04-20 06:07:37.839000Z] %ElixirAmi.Event{
  event: "varset",
  source: :asterisk_connection,
  action_id: nil,
  keys: %{
    "accountcode" => "",
    "calleridname" => "101",
    "calleridnum" => "101",
    "channel" => "PJSIP/101-0000008b",
    "channelstate" => "6",
    "channelstatedesc" => "Up",
    "connectedlinename" => "102",
    "connectedlinenum" => "102",
    "context" => "org_all",
    "exten" => "102",
    "language" => "en",
    "linkedid" => "1745129253.233",
    "priority" => "2",
    "privilege" => "dialplan,all",
    "uniqueid" => "1745129253.233",
    "value" => "bf633019-cfa9-4a01-aba8-241c1c213f01",
    "variable" => "BRIDGEPVTCALLID"
  },
  variables: %{}
}
[2025-04-20 06:07:37.839169Z] %ElixirAmi.Event{
  event: "varset",
  source: :asterisk_connection,
  action_id: nil,
  keys: %{
    "accountcode" => "",
    "calleridname" => "102",
    "calleridnum" => "102",
    "channel" => "PJSIP/102-0000008c",
    "channelstate" => "6",
    "channelstatedesc" => "Up",
    "connectedlinename" => "101",
    "connectedlinenum" => "101",
    "context" => "org_all",
    "exten" => "",
    "language" => "en",
    "linkedid" => "1745129253.233",
    "priority" => "1",
    "privilege" => "dialplan,all",
    "uniqueid" => "1745129253.234",
    "value" => "PJSIP/101-0000008b",
    "variable" => "BRIDGEPEER"
  },
  variables: %{}
}
[2025-04-20 06:07:37.839374Z] %ElixirAmi.Event{
  event: "varset",
  source: :asterisk_connection,
  action_id: nil,
  keys: %{
    "accountcode" => "",
    "calleridname" => "102",
    "calleridnum" => "102",
    "channel" => "PJSIP/102-0000008c",
    "channelstate" => "6",
    "channelstatedesc" => "Up",
    "connectedlinename" => "101",
    "connectedlinenum" => "101",
    "context" => "org_all",
    "exten" => "",
    "language" => "en",
    "linkedid" => "1745129253.233",
    "priority" => "1",
    "privilege" => "dialplan,all",
    "uniqueid" => "1745129253.234",
    "value" => "98bcbacd81f2465d884c166b1e918083",
    "variable" => "BRIDGEPVTCALLID"
  },
  variables: %{}
}
[2025-04-20 06:07:37.839583Z] %ElixirAmi.Event{
  event: "varset",
  source: :asterisk_connection,
  action_id: nil,
  keys: %{
    "accountcode" => "",
    "calleridname" => "101",
    "calleridnum" => "101",
    "channel" => "PJSIP/101-0000008b",
    "channelstate" => "6",
    "channelstatedesc" => "Up",
    "connectedlinename" => "102",
    "connectedlinenum" => "102",
    "context" => "org_all",
    "exten" => "102",
    "language" => "en",
    "linkedid" => "1745129253.233",
    "priority" => "2",
    "privilege" => "dialplan,all",
    "uniqueid" => "1745129253.233",
    "value" => "PJSIP/102-0000008c",
    "variable" => "BRIDGEPEER"
  },
  variables: %{}
}
[2025-04-20 06:07:37.839791Z] %ElixirAmi.Event{
  event: "varset",
  source: :asterisk_connection,
  action_id: nil,
  keys: %{
    "accountcode" => "",
    "calleridname" => "101",
    "calleridnum" => "101",
    "channel" => "PJSIP/101-0000008b",
    "channelstate" => "6",
    "channelstatedesc" => "Up",
    "connectedlinename" => "102",
    "connectedlinenum" => "102",
    "context" => "org_all",
    "exten" => "102",
    "language" => "en",
    "linkedid" => "1745129253.233",
    "priority" => "2",
    "privilege" => "dialplan,all",
    "uniqueid" => "1745129253.233",
    "value" => "bf633019-cfa9-4a01-aba8-241c1c213f01",
    "variable" => "BRIDGEPVTCALLID"
  },
  variables: %{}
}
[2025-04-20 06:07:37.840032Z] %ElixirAmi.Event{
  event: "varset",
  source: :asterisk_connection,
  action_id: nil,
  keys: %{
    "accountcode" => "",
    "calleridname" => "102",
    "calleridnum" => "102",
    "channel" => "PJSIP/102-0000008c",
    "channelstate" => "6",
    "channelstatedesc" => "Up",
    "connectedlinename" => "101",
    "connectedlinenum" => "101",
    "context" => "org_all",
    "exten" => "",
    "language" => "en",
    "linkedid" => "1745129253.233",
    "priority" => "1",
    "privilege" => "dialplan,all",
    "uniqueid" => "1745129253.234",
    "value" => "PJSIP/101-0000008b",
    "variable" => "BRIDGEPEER"
  },
  variables: %{}
}
[2025-04-20 06:07:37.840404Z] %ElixirAmi.Event{
  event: "varset",
  source: :asterisk_connection,
  action_id: nil,
  keys: %{
    "accountcode" => "",
    "calleridname" => "102",
    "calleridnum" => "102",
    "channel" => "PJSIP/102-0000008c",
    "channelstate" => "6",
    "channelstatedesc" => "Up",
    "connectedlinename" => "101",
    "connectedlinenum" => "101",
    "context" => "org_all",
    "exten" => "",
    "language" => "en",
    "linkedid" => "1745129253.233",
    "priority" => "1",
    "privilege" => "dialplan,all",
    "uniqueid" => "1745129253.234",
    "value" => "98bcbacd81f2465d884c166b1e918083",
    "variable" => "BRIDGEPVTCALLID"
  },
  variables: %{}
}
[2025-04-20 06:07:37.840760Z] %ElixirAmi.Event{
  event: "varset",
  source: :asterisk_connection,
  action_id: nil,
  keys: %{
    "accountcode" => "",
    "calleridname" => "101",
    "calleridnum" => "101",
    "channel" => "PJSIP/101-0000008b",
    "channelstate" => "6",
    "channelstatedesc" => "Up",
    "connectedlinename" => "102",
    "connectedlinenum" => "102",
    "context" => "org_all",
    "exten" => "102",
    "language" => "en",
    "linkedid" => "1745129253.233",
    "priority" => "2",
    "privilege" => "dialplan,all",
    "uniqueid" => "1745129253.233",
    "value" => "PJSIP/102-0000008c",
    "variable" => "BRIDGEPEER"
  },
  variables: %{}
}
[2025-04-20 06:07:37.841101Z] %ElixirAmi.Event{
  event: "varset",
  source: :asterisk_connection,
  action_id: nil,
  keys: %{
    "accountcode" => "",
    "calleridname" => "101",
    "calleridnum" => "101",
    "channel" => "PJSIP/101-0000008b",
    "channelstate" => "6",
    "channelstatedesc" => "Up",
    "connectedlinename" => "102",
    "connectedlinenum" => "102",
    "context" => "org_all",
    "exten" => "102",
    "language" => "en",
    "linkedid" => "1745129253.233",
    "priority" => "2",
    "privilege" => "dialplan,all",
    "uniqueid" => "1745129253.233",
    "value" => "bf633019-cfa9-4a01-aba8-241c1c213f01",
    "variable" => "BRIDGEPVTCALLID"
  },
  variables: %{}
}
[2025-04-20 06:07:37.841305Z] %ElixirAmi.Event{
  event: "varset",
  source: :asterisk_connection,
  action_id: nil,
  keys: %{
    "accountcode" => "",
    "calleridname" => "102",
    "calleridnum" => "102",
    "channel" => "PJSIP/102-0000008c",
    "channelstate" => "6",
    "channelstatedesc" => "Up",
    "connectedlinename" => "101",
    "connectedlinenum" => "101",
    "context" => "org_all",
    "exten" => "",
    "language" => "en",
    "linkedid" => "1745129253.233",
    "priority" => "1",
    "privilege" => "dialplan,all",
    "uniqueid" => "1745129253.234",
    "value" => "PJSIP/101-0000008b",
    "variable" => "BRIDGEPEER"
  },
  variables: %{}
}
[2025-04-20 06:07:37.841579Z] %ElixirAmi.Event{
  event: "varset",
  source: :asterisk_connection,
  action_id: nil,
  keys: %{
    "accountcode" => "",
    "calleridname" => "102",
    "calleridnum" => "102",
    "channel" => "PJSIP/102-0000008c",
    "channelstate" => "6",
    "channelstatedesc" => "Up",
    "connectedlinename" => "101",
    "connectedlinenum" => "101",
    "context" => "org_all",
    "exten" => "",
    "language" => "en",
    "linkedid" => "1745129253.233",
    "priority" => "1",
    "privilege" => "dialplan,all",
    "uniqueid" => "1745129253.234",
    "value" => "98bcbacd81f2465d884c166b1e918083",
    "variable" => "BRIDGEPVTCALLID"
  },
  variables: %{}
}
[2025-04-20 06:07:37.848749Z] %ElixirAmi.Event{
  event: "varset",
  source: :asterisk_connection,
  action_id: nil,
  keys: %{
    "accountcode" => "",
    "calleridname" => "101",
    "calleridnum" => "101",
    "channel" => "PJSIP/101-0000008b",
    "channelstate" => "6",
    "channelstatedesc" => "Up",
    "connectedlinename" => "102",
    "connectedlinenum" => "102",
    "context" => "org_all",
    "exten" => "102",
    "language" => "en",
    "linkedid" => "1745129253.233",
    "priority" => "2",
    "privilege" => "dialplan,all",
    "uniqueid" => "1745129253.233",
    "value" => "PJSIP/102-0000008c",
    "variable" => "BRIDGEPEER"
  },
  variables: %{}
}
[2025-04-20 06:07:37.849018Z] %ElixirAmi.Event{
  event: "varset",
  source: :asterisk_connection,
  action_id: nil,
  keys: %{
    "accountcode" => "",
    "calleridname" => "101",
    "calleridnum" => "101",
    "channel" => "PJSIP/101-0000008b",
    "channelstate" => "6",
    "channelstatedesc" => "Up",
    "connectedlinename" => "102",
    "connectedlinenum" => "102",
    "context" => "org_all",
    "exten" => "102",
    "language" => "en",
    "linkedid" => "1745129253.233",
    "priority" => "2",
    "privilege" => "dialplan,all",
    "uniqueid" => "1745129253.233",
    "value" => "bf633019-cfa9-4a01-aba8-241c1c213f01",
    "variable" => "BRIDGEPVTCALLID"
  },
  variables: %{}
}
[2025-04-20 06:07:37.849246Z] %ElixirAmi.Event{
  event: "varset",
  source: :asterisk_connection,
  action_id: nil,
  keys: %{
    "accountcode" => "",
    "calleridname" => "102",
    "calleridnum" => "102",
    "channel" => "PJSIP/102-0000008c",
    "channelstate" => "6",
    "channelstatedesc" => "Up",
    "connectedlinename" => "101",
    "connectedlinenum" => "101",
    "context" => "org_all",
    "exten" => "",
    "language" => "en",
    "linkedid" => "1745129253.233",
    "priority" => "1",
    "privilege" => "dialplan,all",
    "uniqueid" => "1745129253.234",
    "value" => "PJSIP/101-0000008b",
    "variable" => "BRIDGEPEER"
  },
  variables: %{}
}
[2025-04-20 06:07:37.849486Z] %ElixirAmi.Event{
  event: "varset",
  source: :asterisk_connection,
  action_id: nil,
  keys: %{
    "accountcode" => "",
    "calleridname" => "102",
    "calleridnum" => "102",
    "channel" => "PJSIP/102-0000008c",
    "channelstate" => "6",
    "channelstatedesc" => "Up",
    "connectedlinename" => "101",
    "connectedlinenum" => "101",
    "context" => "org_all",
    "exten" => "",
    "language" => "en",
    "linkedid" => "1745129253.233",
    "priority" => "1",
    "privilege" => "dialplan,all",
    "uniqueid" => "1745129253.234",
    "value" => "98bcbacd81f2465d884c166b1e918083",
    "variable" => "BRIDGEPVTCALLID"
  },
  variables: %{}
}
[2025-04-20 06:07:38.021477Z] %ElixirAmi.Event{
  event: "rtcpreceived",
  source: :asterisk_connection,
  action_id: nil,
  keys: %{
    "pt" => "200(SR)",
    "report0highestsequence" => "30049",
    "mes" => "85.4",
    "privilege" => "reporting,all",
    "channelstatedesc" => "Up",
    "uniqueid" => "1745129253.233",
    "sentntp" => "1745154457.190820",
    "report0fractionlost" => "0",
    "sentpackets" => "10",
    "report0lsr" => "0",
    "linkedid" => "1745129253.233",
    "ssrc" => "0xebaf7019",
    "exten" => "102",
    "channel" => "PJSIP/101-0000008b",
    "report0iajitter" => "0",
    "sentrtp" => "1520",
    "context" => "org_all",
    "connectedlinename" => "102",
    "priority" => "2",
    "rtt" => "0.0000",
    "to" => "192.168.0.16:19195",
    "reportcount" => "1",
    "language" => "en",
    "sentoctets" => "1600",
    "calleridname" => "101",
    "from" => "192.168.0.16:4109",
    "report0cumulativelost" => "0",
    "report0sequencenumbercycles" => "0",
    "calleridnum" => "101",
    "channelstate" => "6",
    "accountcode" => "",
    "report0dlsr" => "0.0000",
    "report0sourcessrc" => "0x54acfe79",
    "connectedlinenum" => "102"
  },
  variables: %{}
}
[2025-04-20 06:07:38.038013Z] %ElixirAmi.Event{
  event: "rtcpreceived",
  source: :asterisk_connection,
  action_id: nil,
  keys: %{
    "pt" => "200(SR)",
    "report0highestsequence" => "21269",
    "mes" => "85.4",
    "privilege" => "reporting,all",
    "channelstatedesc" => "Up",
    "uniqueid" => "1745129253.234",
    "sentntp" => "1745154457.209011",
    "report0fractionlost" => "255",
    "sentpackets" => "10",
    "report0lsr" => "0",
    "linkedid" => "1745129253.233",
    "ssrc" => "0xebaf7019",
    "exten" => "",
    "channel" => "PJSIP/102-0000008c",
    "report0iajitter" => "0",
    "sentrtp" => "1672",
    "context" => "org_all",
    "connectedlinename" => "101",
    "priority" => "1",
    "rtt" => "0.0000",
    "to" => "192.168.0.16:11487",
    "reportcount" => "1",
    "language" => "en",
    "sentoctets" => "1600",
    "calleridname" => "102",
    "from" => "192.168.0.16:4103",
    "report0cumulativelost" => "0",
    "report0sequencenumbercycles" => "0",
    "calleridnum" => "102",
    "channelstate" => "6",
    "accountcode" => "",
    "report0dlsr" => "0.0000",
    "report0sourcessrc" => "0x29891117",
    "connectedlinenum" => "101"
  },
  variables: %{}
}
[2025-04-20 06:07:42.837822Z] %ElixirAmi.Event{
  event: "rtcpsent",
  source: :asterisk_connection,
  action_id: nil,
  keys: %{
    "pt" => "200(SR)",
    "report0highestsequence" => "8734",
    "mes" => "85.4",
    "privilege" => "reporting,all",
    "channelstatedesc" => "Up",
    "uniqueid" => "1745129253.233",
    "sentntp" => "1745129262.837356",
    "report0fractionlost" => "0",
    "sentpackets" => "250",
    "report0lsr" => "1880699097",
    "linkedid" => "1745129253.233",
    "ssrc" => "0x54acfe79",
    "exten" => "102",
    "channel" => "PJSIP/101-0000008b",
    "report0iajitter" => "6",
    "sentrtp" => "40000",
    "context" => "org_all",
    "connectedlinename" => "102",
    "priority" => "2",
    "to" => "192.168.0.16:4109",
    "reportcount" => "1",
    "language" => "en",
    "sentoctets" => "40000",
    "calleridname" => "101",
    "from" => "192.168.0.16:19195",
    "report0cumulativelost" => "0",
    "report0sequencenumbercycles" => "0",
    "calleridnum" => "101",
    "channelstate" => "6",
    "accountcode" => "",
    "report0dlsr" => "4.8160",
    "report0sourcessrc" => "0x29891117",
    "connectedlinenum" => "102"
  },
  variables: %{}
}
[2025-04-20 06:07:42.839779Z] %ElixirAmi.Event{
  event: "rtcpsent",
  source: :asterisk_connection,
  action_id: nil,
  keys: %{
    "pt" => "200(SR)",
    "report0highestsequence" => "27634",
    "mes" => "85.4",
    "privilege" => "reporting,all",
    "channelstatedesc" => "Up",
    "uniqueid" => "1745129253.234",
    "sentntp" => "1745129262.839439",
    "report0fractionlost" => "0",
    "sentpackets" => "250",
    "report0lsr" => "1880700289",
    "linkedid" => "1745129253.233",
    "ssrc" => "0x188fe10c",
    "exten" => "",
    "channel" => "PJSIP/102-0000008c",
    "report0iajitter" => "6",
    "sentrtp" => "40000",
    "context" => "org_all",
    "connectedlinename" => "101",
    "priority" => "1",
    "to" => "192.168.0.16:4103",
    "reportcount" => "1",
    "language" => "en",
    "sentoctets" => "40000",
    "calleridname" => "102",
    "from" => "192.168.0.16:11487",
    "report0cumulativelost" => "0",
    "report0sequencenumbercycles" => "0",
    "calleridnum" => "102",
    "channelstate" => "6",
    "accountcode" => "",
    "report0dlsr" => "4.8010",
    "report0sourcessrc" => "0x7d09392b",
    "connectedlinenum" => "101"
  },
  variables: %{}
}
[2025-04-20 06:07:43.179685Z] %ElixirAmi.Event{
  event: "rtcpreceived",
  source: :asterisk_connection,
  action_id: nil,
  keys: %{
    "pt" => "200(SR)",
    "report0highestsequence" => "30306",
    "mes" => "85.4",
    "privilege" => "reporting,all",
    "channelstatedesc" => "Up",
    "uniqueid" => "1745129253.233",
    "sentntp" => "1745154462.348983",
    "report0fractionlost" => "0",
    "sentpackets" => "267",
    "report0lsr" => "229561948",
    "linkedid" => "1745129253.233",
    "ssrc" => "0xebaf701e",
    "exten" => "102",
    "channel" => "PJSIP/101-0000008b",
    "report0iajitter" => "7",
    "sentrtp" => "42784",
    "context" => "org_all",
    "connectedlinename" => "102",
    "priority" => "2",
    "rtt" => "0.0002",
    "to" => "192.168.0.16:19195",
    "reportcount" => "1",
    "language" => "en",
    "sentoctets" => "42720",
    "calleridname" => "101",
    "from" => "192.168.0.16:4109",
    "report0cumulativelost" => "0",
    "report0sequencenumbercycles" => "0",
    "calleridnum" => "101",
    "channelstate" => "6",
    "accountcode" => "",
    "report0dlsr" => "0.3417",
    "report0sourcessrc" => "0x54acfe79",
    "connectedlinenum" => "102"
  },
  variables: %{}
}
[2025-04-20 06:07:43.220913Z] %ElixirAmi.Event{
  event: "rtcpreceived",
  source: :asterisk_connection,
  action_id: nil,
  keys: %{
    "pt" => "200(SR)",
    "report0highestsequence" => "21528",
    "mes" => "85.4",
    "privilege" => "reporting,all",
    "channelstatedesc" => "Up",
    "uniqueid" => "1745129253.234",
    "sentntp" => "1745154462.391845",
    "report0fractionlost" => "0",
    "sentpackets" => "269",
    "report0lsr" => "229562085",
    "linkedid" => "1745129253.233",
    "ssrc" => "0xebaf701e",
    "exten" => "",
    "channel" => "PJSIP/102-0000008c",
    "report0iajitter" => "6",
    "sentrtp" => "43128",
    "context" => "org_all",
    "connectedlinename" => "101",
    "priority" => "1",
    "rtt" => "0.0001",
    "to" => "192.168.0.16:11487",
    "reportcount" => "1",
    "language" => "en",
    "sentoctets" => "43040",
    "calleridname" => "102",
    "from" => "192.168.0.16:4103",
    "report0cumulativelost" => "0",
    "report0sequencenumbercycles" => "0",
    "calleridnum" => "102",
    "channelstate" => "6",
    "accountcode" => "",
    "report0dlsr" => "0.3809",
    "report0sourcessrc" => "0x29891117",
    "connectedlinenum" => "101"
  },
  variables: %{}
}
[2025-04-20 06:07:45.883523Z] %ElixirAmi.Event{
  event: "rtcpreceived",
  source: :asterisk_connection,
  action_id: nil,
  keys: %{
    "pt" => "200(SR)",
    "report0highestsequence" => "30442",
    "mes" => "85.4",
    "privilege" => "reporting,all",
    "channelstatedesc" => "Up",
    "uniqueid" => "1745129253.233",
    "sentntp" => "1745154465.052499",
    "report0fractionlost" => "0",
    "sentpackets" => "403",
    "report0lsr" => "229561948",
    "linkedid" => "1745129253.233",
    "ssrc" => "0xebaf7021",
    "exten" => "102",
    "channel" => "PJSIP/101-0000008b",
    "report0iajitter" => "6",
    "sentrtp" => "64416",
    "context" => "org_all",
    "connectedlinename" => "102",
    "priority" => "2",
    "rtt" => "0.0001",
    "to" => "192.168.0.16:19195",
    "reportcount" => "1",
    "language" => "en",
    "sentoctets" => "64480",
    "calleridname" => "101",
    "from" => "192.168.0.16:4109",
    "report0cumulativelost" => "0",
    "report0sequencenumbercycles" => "0",
    "calleridnum" => "101",
    "channelstate" => "6",
    "accountcode" => "",
    "report0dlsr" => "3.0452",
    "report0sourcessrc" => "0x54acfe79",
    "connectedlinenum" => "102"
  },
  variables: %{}
}
[2025-04-20 06:07:45.884243Z] %ElixirAmi.Event{
  event: "rtcpreceived",
  source: :asterisk_connection,
  action_id: nil,
  keys: %{
    "accountcode" => "",
    "calleridname" => "101",
    "calleridnum" => "101",
    "channel" => "PJSIP/101-0000008b",
    "channelstate" => "6",
    "channelstatedesc" => "Up",
    "connectedlinename" => "102",
    "connectedlinenum" => "102",
    "context" => "org_all",
    "exten" => "102",
    "from" => "192.168.0.16:4109",
    "language" => "en",
    "linkedid" => "1745129253.233",
    "mes" => "85.4",
    "priority" => "2",
    "privilege" => "reporting,all",
    "pt" => "201(RR)",
    "report0cumulativelost" => "0",
    "report0dlsr" => "3.0452",
    "report0fractionlost" => "0",
    "report0highestsequence" => "30442",
    "report0iajitter" => "6",
    "report0lsr" => "229561948",
    "report0sequencenumbercycles" => "0",
    "report0sourcessrc" => "0x54acfe79",
    "reportcount" => "1",
    "rtt" => "0.0001",
    "ssrc" => "0x54acfe79",
    "to" => "192.168.0.16:19195",
    "uniqueid" => "1745129253.233"
  },
  variables: %{}
}
[2025-04-20 06:07:45.884692Z] %ElixirAmi.Event{
  event: "varset",
  source: :asterisk_connection,
  action_id: nil,
  keys: %{
    "accountcode" => "",
    "calleridname" => "101",
    "calleridnum" => "101",
    "channel" => "PJSIP/101-0000008b",
    "channelstate" => "6",
    "channelstatedesc" => "Up",
    "connectedlinename" => "102",
    "connectedlinenum" => "102",
    "context" => "org_all",
    "exten" => "102",
    "language" => "en",
    "linkedid" => "1745129253.233",
    "priority" => "2",
    "privilege" => "dialplan,all",
    "uniqueid" => "1745129253.233",
    "value" => "ssrc=1420623481;themssrc=696848663;lp=0;rxjitter=0.000750;rxcount=403;txjitter=0.000875;txcount=403;rlp=0;rtt=0.000122;rxmes=85.364996;txmes=85.367289",
    "variable" => "RTPAUDIOQOS"
  },
  variables: %{}
}
[2025-04-20 06:07:45.884967Z] %ElixirAmi.Event{
  event: "varset",
  source: :asterisk_connection,
  action_id: nil,
  keys: %{
    "accountcode" => "",
    "calleridname" => "102",
    "calleridnum" => "102",
    "channel" => "PJSIP/102-0000008c",
    "channelstate" => "6",
    "channelstatedesc" => "Up",
    "connectedlinename" => "101",
    "connectedlinenum" => "101",
    "context" => "org_all",
    "exten" => "",
    "language" => "en",
    "linkedid" => "1745129253.233",
    "priority" => "1",
    "privilege" => "dialplan,all",
    "uniqueid" => "1745129253.234",
    "value" => "ssrc=1420623481;themssrc=696848663;lp=0;rxjitter=0.000750;rxcount=403;txjitter=0.000875;txcount=403;rlp=0;rtt=0.000122;rxmes=85.364996;txmes=85.367289",
    "variable" => "RTPAUDIOQOSBRIDGED"
  },
  variables: %{}
}
[2025-04-20 06:07:45.885336Z] %ElixirAmi.Event{
  event: "varset",
  source: :asterisk_connection,
  action_id: nil,
  keys: %{
    "accountcode" => "",
    "calleridname" => "101",
    "calleridnum" => "101",
    "channel" => "PJSIP/101-0000008b",
    "channelstate" => "6",
    "channelstatedesc" => "Up",
    "connectedlinename" => "102",
    "connectedlinenum" => "102",
    "context" => "org_all",
    "exten" => "102",
    "language" => "en",
    "linkedid" => "1745129253.233",
    "priority" => "2",
    "privilege" => "dialplan,all",
    "uniqueid" => "1745129253.233",
    "value" => "minrxjitter=000.000125;maxrxjitter=000.000875;avgrxjitter=000.000769;stdevrxjitter=000.000128;mintxjitter=000.000000;maxtxjitter=000.000875;avgtxjitter=000.000396;stdevtxjitter=000.000398;",
    "variable" => "RTPAUDIOQOSJITTER"
  },
  variables: %{}
}
[2025-04-20 06:07:45.885581Z] %ElixirAmi.Event{
  event: "varset",
  source: :asterisk_connection,
  action_id: nil,
  keys: %{
    "accountcode" => "",
    "calleridname" => "102",
    "calleridnum" => "102",
    "channel" => "PJSIP/102-0000008c",
    "channelstate" => "6",
    "channelstatedesc" => "Up",
    "connectedlinename" => "101",
    "connectedlinenum" => "101",
    "context" => "org_all",
    "exten" => "",
    "language" => "en",
    "linkedid" => "1745129253.233",
    "priority" => "1",
    "privilege" => "dialplan,all",
    "uniqueid" => "1745129253.234",
    "value" => "minrxjitter=000.000125;maxrxjitter=000.000875;avgrxjitter=000.000769;stdevrxjitter=000.000128;mintxjitter=000.000000;maxtxjitter=000.000875;avgtxjitter=000.000396;stdevtxjitter=000.000398;",
    "variable" => "RTPAUDIOQOSJITTERBRIDGED"
  },
  variables: %{}
}
[2025-04-20 06:07:45.885807Z] %ElixirAmi.Event{
  event: "varset",
  source: :asterisk_connection,
  action_id: nil,
  keys: %{
    "accountcode" => "",
    "calleridname" => "101",
    "calleridnum" => "101",
    "channel" => "PJSIP/101-0000008b",
    "channelstate" => "6",
    "channelstatedesc" => "Up",
    "connectedlinename" => "102",
    "connectedlinenum" => "102",
    "context" => "org_all",
    "exten" => "102",
    "language" => "en",
    "linkedid" => "1745129253.233",
    "priority" => "2",
    "privilege" => "dialplan,all",
    "uniqueid" => "1745129253.233",
    "value" => "minrxlost=000.000000;  maxrxlost=000.000000;  avgrxlost=000.000000;  stdevrxlost=000.000000;  mintxlost=000.000000;  maxtxlost=000.000000;  avgtxlost=000.000000;  stdevtxlost=000.000000;",
    "variable" => "RTPAUDIOQOSLOSS"
  },
  variables: %{}
}
[2025-04-20 06:07:45.886044Z] %ElixirAmi.Event{
  event: "varset",
  source: :asterisk_connection,
  action_id: nil,
  keys: %{
    "accountcode" => "",
    "calleridname" => "102",
    "calleridnum" => "102",
    "channel" => "PJSIP/102-0000008c",
    "channelstate" => "6",
    "channelstatedesc" => "Up",
    "connectedlinename" => "101",
    "connectedlinenum" => "101",
    "context" => "org_all",
    "exten" => "",
    "language" => "en",
    "linkedid" => "1745129253.233",
    "priority" => "1",
    "privilege" => "dialplan,all",
    "uniqueid" => "1745129253.234",
    "value" => "minrxlost=000.000000;  maxrxlost=000.000000;  avgrxlost=000.000000;  stdevrxlost=000.000000;  mintxlost=000.000000;  maxtxlost=000.000000;  avgtxlost=000.000000;  stdevtxlost=000.000000;",
    "variable" => "RTPAUDIOQOSLOSSBRIDGED"
  },
  variables: %{}
}
[2025-04-20 06:07:45.886294Z] %ElixirAmi.Event{
  event: "varset",
  source: :asterisk_connection,
  action_id: nil,
  keys: %{
    "accountcode" => "",
    "calleridname" => "101",
    "calleridnum" => "101",
    "channel" => "PJSIP/101-0000008b",
    "channelstate" => "6",
    "channelstatedesc" => "Up",
    "connectedlinename" => "102",
    "connectedlinenum" => "102",
    "context" => "org_all",
    "exten" => "102",
    "language" => "en",
    "linkedid" => "1745129253.233",
    "priority" => "2",
    "privilege" => "dialplan,all",
    "uniqueid" => "1745129253.233",
    "value" => "minrtt=000.000122;     maxrtt=000.000152;     avgrtt=000.000137;     stdevrtt=000.000012;",
    "variable" => "RTPAUDIOQOSRTT"
  },
  variables: %{}
}
[2025-04-20 06:07:45.886555Z] %ElixirAmi.Event{
  event: "varset",
  source: :asterisk_connection,
  action_id: nil,
  keys: %{
    "accountcode" => "",
    "calleridname" => "102",
    "calleridnum" => "102",
    "channel" => "PJSIP/102-0000008c",
    "channelstate" => "6",
    "channelstatedesc" => "Up",
    "connectedlinename" => "101",
    "connectedlinenum" => "101",
    "context" => "org_all",
    "exten" => "",
    "language" => "en",
    "linkedid" => "1745129253.233",
    "priority" => "1",
    "privilege" => "dialplan,all",
    "uniqueid" => "1745129253.234",
    "value" => "minrtt=000.000122;     maxrtt=000.000152;     avgrtt=000.000137;     stdevrtt=000.000012;",
    "variable" => "RTPAUDIOQOSRTTBRIDGED"
  },
  variables: %{}
}
[2025-04-20 06:07:45.886898Z] %ElixirAmi.Event{
  event: "varset",
  source: :asterisk_connection,
  action_id: nil,
  keys: %{
    "accountcode" => "",
    "calleridname" => "101",
    "calleridnum" => "101",
    "channel" => "PJSIP/101-0000008b",
    "channelstate" => "6",
    "channelstatedesc" => "Up",
    "connectedlinename" => "102",
    "connectedlinenum" => "102",
    "context" => "org_all",
    "exten" => "102",
    "language" => "en",
    "linkedid" => "1745129253.233",
    "priority" => "2",
    "privilege" => "dialplan,all",
    "uniqueid" => "1745129253.233",
    "value" => "minrxmes=085.367289;   maxrxmes=085.367289;   avgrxmes=085.367289;   stdevrxmes=000.000128;   mintxmes=085.364744;   maxtxmes=085.367289;   avgtxmes=085.366079;   stdevtxmes=000.001212;",
    "variable" => "RTPAUDIOQOSMES"
  },
  variables: %{}
}
[2025-04-20 06:07:45.887200Z] %ElixirAmi.Event{
  event: "varset",
  source: :asterisk_connection,
  action_id: nil,
  keys: %{
    "accountcode" => "",
    "calleridname" => "102",
    "calleridnum" => "102",
    "channel" => "PJSIP/102-0000008c",
    "channelstate" => "6",
    "channelstatedesc" => "Up",
    "connectedlinename" => "101",
    "connectedlinenum" => "101",
    "context" => "org_all",
    "exten" => "",
    "language" => "en",
    "linkedid" => "1745129253.233",
    "priority" => "1",
    "privilege" => "dialplan,all",
    "uniqueid" => "1745129253.234",
    "value" => "minrxmes=085.367289;   maxrxmes=085.367289;   avgrxmes=085.367289;   stdevrxmes=000.000128;   mintxmes=085.364744;   maxtxmes=085.367289;   avgtxmes=085.366079;   stdevtxmes=000.001212;",
    "variable" => "RTPAUDIOQOSMESBRIDGED"
  },
  variables: %{}
}
[2025-04-20 06:07:45.887412Z] %ElixirAmi.Event{
  event: "hanguprequest",
  source: :asterisk_connection,
  action_id: nil,
  keys: %{
    "accountcode" => "",
    "calleridname" => "101",
    "calleridnum" => "101",
    "channel" => "PJSIP/101-0000008b",
    "channelstate" => "6",
    "channelstatedesc" => "Up",
    "connectedlinename" => "102",
    "connectedlinenum" => "102",
    "context" => "org_all",
    "exten" => "102",
    "language" => "en",
    "linkedid" => "1745129253.233",
    "priority" => "2",
    "privilege" => "call,all",
    "uniqueid" => "1745129253.233"
  },
  variables: %{}
}
[2025-04-20 06:07:45.887668Z] %ElixirAmi.Event{
  event: "varset",
  source: :asterisk_connection,
  action_id: nil,
  keys: %{
    "accountcode" => "",
    "calleridname" => "101",
    "calleridnum" => "101",
    "channel" => "PJSIP/101-0000008b",
    "channelstate" => "6",
    "channelstatedesc" => "Up",
    "connectedlinename" => "102",
    "connectedlinenum" => "102",
    "context" => "org_all",
    "exten" => "102",
    "language" => "en",
    "linkedid" => "1745129253.233",
    "priority" => "2",
    "privilege" => "dialplan,all",
    "uniqueid" => "1745129253.233",
    "value" => "",
    "variable" => "BRIDGEPEER"
  },
  variables: %{}
}
[2025-04-20 06:07:45.887958Z] %ElixirAmi.Event{
  event: "varset",
  source: :asterisk_connection,
  action_id: nil,
  keys: %{
    "accountcode" => "",
    "calleridname" => "101",
    "calleridnum" => "101",
    "channel" => "PJSIP/101-0000008b",
    "channelstate" => "6",
    "channelstatedesc" => "Up",
    "connectedlinename" => "102",
    "connectedlinenum" => "102",
    "context" => "org_all",
    "exten" => "102",
    "language" => "en",
    "linkedid" => "1745129253.233",
    "priority" => "2",
    "privilege" => "dialplan,all",
    "uniqueid" => "1745129253.233",
    "value" => "",
    "variable" => "BRIDGEPVTCALLID"
  },
  variables: %{}
}
[2025-04-20 06:07:45.888107Z] %ElixirAmi.Event{
  event: "varset",
  source: :asterisk_connection,
  action_id: nil,
  keys: %{
    "accountcode" => "",
    "calleridname" => "102",
    "calleridnum" => "102",
    "channel" => "PJSIP/102-0000008c",
    "channelstate" => "6",
    "channelstatedesc" => "Up",
    "connectedlinename" => "101",
    "connectedlinenum" => "101",
    "context" => "org_all",
    "exten" => "",
    "language" => "en",
    "linkedid" => "1745129253.233",
    "priority" => "1",
    "privilege" => "dialplan,all",
    "uniqueid" => "1745129253.234",
    "value" => "",
    "variable" => "BRIDGEPEER"
  },
  variables: %{}
}
[2025-04-20 06:07:45.888276Z] %ElixirAmi.Event{
  event: "varset",
  source: :asterisk_connection,
  action_id: nil,
  keys: %{
    "accountcode" => "",
    "calleridname" => "102",
    "calleridnum" => "102",
    "channel" => "PJSIP/102-0000008c",
    "channelstate" => "6",
    "channelstatedesc" => "Up",
    "connectedlinename" => "101",
    "connectedlinenum" => "101",
    "context" => "org_all",
    "exten" => "",
    "language" => "en",
    "linkedid" => "1745129253.233",
    "priority" => "1",
    "privilege" => "dialplan,all",
    "uniqueid" => "1745129253.234",
    "value" => "",
    "variable" => "BRIDGEPVTCALLID"
  },
  variables: %{}
}
[2025-04-20 06:07:45.888657Z] %ElixirAmi.Event{
  event: "bridgeleave",
  source: :asterisk_connection,
  action_id: nil,
  keys: %{
    "accountcode" => "",
    "bridgecreator" => "<unknown>",
    "bridgename" => "<unknown>",
    "bridgenumchannels" => "1",
    "bridgetechnology" => "simple_bridge",
    "bridgetype" => "basic",
    "bridgeuniqueid" => "2a193943-39dc-4009-91ee-740853a362b3",
    "bridgevideosourcemode" => "none",
    "calleridname" => "101",
    "calleridnum" => "101",
    "channel" => "PJSIP/101-0000008b",
    "channelstate" => "6",
    "channelstatedesc" => "Up",
    "connectedlinename" => "102",
    "connectedlinenum" => "102",
    "context" => "org_all",
    "exten" => "102",
    "language" => "en",
    "linkedid" => "1745129253.233",
    "priority" => "2",
    "privilege" => "call,all",
    "uniqueid" => "1745129253.233"
  },
  variables: %{}
}
[2025-04-20 06:07:45.889386Z] %ElixirAmi.Event{
  event: "varset",
  source: :asterisk_connection,
  action_id: nil,
  keys: %{
    "accountcode" => "",
    "calleridname" => "101",
    "calleridnum" => "101",
    "channel" => "PJSIP/101-0000008b",
    "channelstate" => "6",
    "channelstatedesc" => "Up",
    "connectedlinename" => "102",
    "connectedlinenum" => "102",
    "context" => "org_all",
    "exten" => "102",
    "language" => "en",
    "linkedid" => "1745129253.233",
    "priority" => "2",
    "privilege" => "dialplan,all",
    "uniqueid" => "1745129253.233",
    "value" => "8054",
    "variable" => "ANSWEREDTIME_MS"
  },
  variables: %{}
}
[2025-04-20 06:07:45.889344Z] %ElixirAmi.Event{
  event: "bridgeleave",
  source: :asterisk_connection,
  action_id: nil,
  keys: %{
    "accountcode" => "",
    "bridgecreator" => "<unknown>",
    "bridgename" => "<unknown>",
    "bridgenumchannels" => "0",
    "bridgetechnology" => "simple_bridge",
    "bridgetype" => "basic",
    "bridgeuniqueid" => "2a193943-39dc-4009-91ee-740853a362b3",
    "bridgevideosourcemode" => "none",
    "calleridname" => "102",
    "calleridnum" => "102",
    "channel" => "PJSIP/102-0000008c",
    "channelstate" => "6",
    "channelstatedesc" => "Up",
    "connectedlinename" => "101",
    "connectedlinenum" => "101",
    "context" => "org_all",
    "exten" => "",
    "language" => "en",
    "linkedid" => "1745129253.233",
    "priority" => "1",
    "privilege" => "call,all",
    "uniqueid" => "1745129253.234"
  },
  variables: %{}
}
[2025-04-20 06:07:45.889399Z] %ElixirAmi.Event{
  event: "varset",
  source: :asterisk_connection,
  action_id: nil,
  keys: %{
    "accountcode" => "",
    "calleridname" => "101",
    "calleridnum" => "101",
    "channel" => "PJSIP/101-0000008b",
    "channelstate" => "6",
    "channelstatedesc" => "Up",
    "connectedlinename" => "102",
    "connectedlinenum" => "102",
    "context" => "org_all",
    "exten" => "102",
    "language" => "en",
    "linkedid" => "1745129253.233",
    "priority" => "2",
    "privilege" => "dialplan,all",
    "uniqueid" => "1745129253.233",
    "value" => "8",
    "variable" => "ANSWEREDTIME"
  },
  variables: %{}
}
[2025-04-20 06:07:45.889666Z] %ElixirAmi.Event{
  event: "varset",
  source: :asterisk_connection,
  action_id: nil,
  keys: %{
    "accountcode" => "",
    "calleridname" => "101",
    "calleridnum" => "101",
    "channel" => "PJSIP/101-0000008b",
    "channelstate" => "6",
    "channelstatedesc" => "Up",
    "connectedlinename" => "102",
    "connectedlinenum" => "102",
    "context" => "org_all",
    "exten" => "102",
    "language" => "en",
    "linkedid" => "1745129253.233",
    "priority" => "2",
    "privilege" => "dialplan,all",
    "uniqueid" => "1745129253.233",
    "value" => "12",
    "variable" => "DIALEDTIME"
  },
  variables: %{}
}
[2025-04-20 06:07:45.889842Z] %ElixirAmi.Event{
  event: "varset",
  source: :asterisk_connection,
  action_id: nil,
  keys: %{
    "accountcode" => "",
    "calleridname" => "101",
    "calleridnum" => "101",
    "channel" => "PJSIP/101-0000008b",
    "channelstate" => "6",
    "channelstatedesc" => "Up",
    "connectedlinename" => "102",
    "connectedlinenum" => "102",
    "context" => "org_all",
    "exten" => "102",
    "language" => "en",
    "linkedid" => "1745129253.233",
    "priority" => "2",
    "privilege" => "dialplan,all",
    "uniqueid" => "1745129253.233",
    "value" => "12260",
    "variable" => "DIALEDTIME_MS"
  },
  variables: %{}
}
[2025-04-20 06:07:45.890019Z] %ElixirAmi.Event{
  event: "varset",
  source: :asterisk_connection,
  action_id: nil,
  keys: %{
    "accountcode" => "",
    "calleridname" => "101",
    "calleridnum" => "101",
    "channel" => "PJSIP/101-0000008b",
    "channelstate" => "6",
    "channelstatedesc" => "Up",
    "connectedlinename" => "102",
    "connectedlinenum" => "102",
    "context" => "org_all",
    "exten" => "102",
    "language" => "en",
    "linkedid" => "1745129253.233",
    "priority" => "2",
    "privilege" => "dialplan,all",
    "uniqueid" => "1745129253.233",
    "value" => "ANSWER",
    "variable" => "DIALSTATUS"
  },
  variables: %{}
}
[2025-04-20 06:07:45.890198Z] %ElixirAmi.Event{
  event: "softhanguprequest",
  source: :asterisk_connection,
  action_id: nil,
  keys: %{
    "accountcode" => "",
    "calleridname" => "101",
    "calleridnum" => "101",
    "cause" => "16",
    "channel" => "PJSIP/101-0000008b",
    "channelstate" => "6",
    "channelstatedesc" => "Up",
    "connectedlinename" => "102",
    "connectedlinenum" => "102",
    "context" => "org_all",
    "exten" => "102",
    "language" => "en",
    "linkedid" => "1745129253.233",
    "priority" => "2",
    "privilege" => "call,all",
    "uniqueid" => "1745129253.233"
  },
  variables: %{}
}
[2025-04-20 06:07:45.890576Z] %ElixirAmi.Event{
  event: "varset",
  source: :asterisk_connection,
  action_id: nil,
  keys: %{
    "accountcode" => "",
    "calleridname" => "102",
    "calleridnum" => "102",
    "channel" => "PJSIP/102-0000008c",
    "channelstate" => "6",
    "channelstatedesc" => "Up",
    "connectedlinename" => "101",
    "connectedlinenum" => "101",
    "context" => "org_all",
    "exten" => "",
    "language" => "en",
    "linkedid" => "1745129253.233",
    "priority" => "1",
    "privilege" => "dialplan,all",
    "uniqueid" => "1745129253.234",
    "value" => "ssrc=412082444;themssrc=2097756459;lp=0;rxjitter=0.000750;rxcount=403;txjitter=0.000750;txcount=403;rlp=0;rtt=0.000106;rxmes=85.365514;txmes=85.367289",
    "variable" => "RTPAUDIOQOS"
  },
  variables: %{}
}
[2025-04-20 06:07:45.890845Z] %ElixirAmi.Event{
  event: "varset",
  source: :asterisk_connection,
  action_id: nil,
  keys: %{
    "accountcode" => "",
    "calleridname" => "102",
    "calleridnum" => "102",
    "channel" => "PJSIP/102-0000008c",
    "channelstate" => "6",
    "channelstatedesc" => "Up",
    "connectedlinename" => "101",
    "connectedlinenum" => "101",
    "context" => "org_all",
    "exten" => "",
    "language" => "en",
    "linkedid" => "1745129253.233",
    "priority" => "1",
    "privilege" => "dialplan,all",
    "uniqueid" => "1745129253.234",
    "value" => "minrxjitter=000.000125;maxrxjitter=000.000875;avgrxjitter=000.000765;stdevrxjitter=000.000125;mintxjitter=000.000000;maxtxjitter=000.000750;avgtxjitter=000.000188;stdevtxjitter=000.000325;",
    "variable" => "RTPAUDIOQOSJITTER"
  },
  variables: %{}
}
[2025-04-20 06:07:45.891022Z] %ElixirAmi.Event{
  event: "varset",
  source: :asterisk_connection,
  action_id: nil,
  keys: %{
    "accountcode" => "",
    "calleridname" => "102",
    "calleridnum" => "102",
    "channel" => "PJSIP/102-0000008c",
    "channelstate" => "6",
    "channelstatedesc" => "Up",
    "connectedlinename" => "101",
    "connectedlinenum" => "101",
    "context" => "org_all",
    "exten" => "",
    "language" => "en",
    "linkedid" => "1745129253.233",
    "priority" => "1",
    "privilege" => "dialplan,all",
    "uniqueid" => "1745129253.234",
    "value" => "minrxlost=000.000000;  maxrxlost=000.000000;  avgrxlost=000.000000;  stdevrxlost=000.000000;  mintxlost=000.000000;  maxtxlost=000.000000;  avgtxlost=000.000000;  stdevtxlost=000.000000;",
    "variable" => "RTPAUDIOQOSLOSS"
  },
  variables: %{}
}
[2025-04-20 06:07:45.891221Z] %ElixirAmi.Event{
  event: "varset",
  source: :asterisk_connection,
  action_id: nil,
  keys: %{
    "accountcode" => "",
    "calleridname" => "102",
    "calleridnum" => "102",
    "channel" => "PJSIP/102-0000008c",
    "channelstate" => "6",
    "channelstatedesc" => "Up",
    "connectedlinename" => "101",
    "connectedlinenum" => "101",
    "context" => "org_all",
    "exten" => "",
    "language" => "en",
    "linkedid" => "1745129253.233",
    "priority" => "1",
    "privilege" => "dialplan,all",
    "uniqueid" => "1745129253.234",
    "value" => "minrtt=000.000106;     maxrtt=000.000106;     avgrtt=000.000106;     stdevrtt=000.000000;",
    "variable" => "RTPAUDIOQOSRTT"
  },
  variables: %{}
}
[2025-04-20 06:07:45.891505Z] %ElixirAmi.Event{
  event: "varset",
  source: :asterisk_connection,
  action_id: nil,
  keys: %{
    "accountcode" => "",
    "calleridname" => "102",
    "calleridnum" => "102",
    "channel" => "PJSIP/102-0000008c",
    "channelstate" => "6",
    "channelstatedesc" => "Up",
    "connectedlinename" => "101",
    "connectedlinenum" => "101",
    "context" => "org_all",
    "exten" => "",
    "language" => "en",
    "linkedid" => "1745129253.233",
    "priority" => "1",
    "privilege" => "dialplan,all",
    "uniqueid" => "1745129253.234",
    "value" => "minrxmes=085.367289;   maxrxmes=085.367289;   avgrxmes=085.367289;   stdevrxmes=000.000125;   mintxmes=085.365514;   maxtxmes=085.367289;   avgtxmes=085.366845;   stdevtxmes=000.000768;",
    "variable" => "RTPAUDIOQOSMES"
  },
  variables: %{}
}
[2025-04-20 06:07:45.891696Z] %ElixirAmi.Event{
  event: "hangup",
  source: :asterisk_connection,
  action_id: nil,
  keys: %{
    "accountcode" => "",
    "calleridname" => "102",
    "calleridnum" => "102",
    "cause" => "16",
    "cause-txt" => "Normal Clearing",
    "channel" => "PJSIP/102-0000008c",
    "channelstate" => "6",
    "channelstatedesc" => "Up",
    "connectedlinename" => "101",
    "connectedlinenum" => "101",
    "context" => "org_all",
    "exten" => "",
    "language" => "en",
    "linkedid" => "1745129253.233",
    "priority" => "1",
    "privilege" => "call,all",
    "uniqueid" => "1745129253.234"
  },
  variables: %{}
}
[2025-04-20 06:07:45.892799Z] %ElixirAmi.Event{
  event: "varset",
  source: :asterisk_connection,
  action_id: nil,
  keys: %{
    "accountcode" => "",
    "calleridname" => "101",
    "calleridnum" => "101",
    "channel" => "PJSIP/101-0000008b",
    "channelstate" => "6",
    "channelstatedesc" => "Up",
    "connectedlinename" => "102",
    "connectedlinenum" => "102",
    "context" => "org_all",
    "exten" => "102",
    "language" => "en",
    "linkedid" => "1745129253.233",
    "priority" => "2",
    "privilege" => "dialplan,all",
    "uniqueid" => "1745129253.233",
    "value" => "minrxlost=000.000000;  maxrxlost=000.000000;  avgrxlost=000.000000;  stdevrxlost=000.000000;  mintxlost=000.000000;  maxtxlost=000.000000;  avgtxlost=000.000000;  stdevtxlost=000.000000;",
    "variable" => "RTPAUDIOQOSLOSS"
  },
  variables: %{}
}
[2025-04-20 06:07:45.892681Z] %ElixirAmi.Event{
  event: "varset",
  source: :asterisk_connection,
  action_id: nil,
  keys: %{
    "accountcode" => "",
    "calleridname" => "101",
    "calleridnum" => "101",
    "channel" => "PJSIP/101-0000008b",
    "channelstate" => "6",
    "channelstatedesc" => "Up",
    "connectedlinename" => "102",
    "connectedlinenum" => "102",
    "context" => "org_all",
    "exten" => "102",
    "language" => "en",
    "linkedid" => "1745129253.233",
    "priority" => "2",
    "privilege" => "dialplan,all",
    "uniqueid" => "1745129253.233",
    "value" => "ssrc=1420623481;themssrc=696848663;lp=0;rxjitter=0.000750;rxcount=403;txjitter=0.000875;txcount=403;rlp=0;rtt=0.000122;rxmes=85.364996;txmes=85.367289",
    "variable" => "RTPAUDIOQOS"
  },
  variables: %{}
}
[2025-04-20 06:07:45.892746Z] %ElixirAmi.Event{
  event: "varset",
  source: :asterisk_connection,
  action_id: nil,
  keys: %{
    "accountcode" => "",
    "calleridname" => "101",
    "calleridnum" => "101",
    "channel" => "PJSIP/101-0000008b",
    "channelstate" => "6",
    "channelstatedesc" => "Up",
    "connectedlinename" => "102",
    "connectedlinenum" => "102",
    "context" => "org_all",
    "exten" => "102",
    "language" => "en",
    "linkedid" => "1745129253.233",
    "priority" => "2",
    "privilege" => "dialplan,all",
    "uniqueid" => "1745129253.233",
    "value" => "minrxjitter=000.000125;maxrxjitter=000.000875;avgrxjitter=000.000769;stdevrxjitter=000.000128;mintxjitter=000.000000;maxtxjitter=000.000875;avgtxjitter=000.000396;stdevtxjitter=000.000398;",
    "variable" => "RTPAUDIOQOSJITTER"
  },
  variables: %{}
}
[2025-04-20 06:07:45.892837Z] %ElixirAmi.Event{
  event: "varset",
  source: :asterisk_connection,
  action_id: nil,
  keys: %{
    "accountcode" => "",
    "calleridname" => "101",
    "calleridnum" => "101",
    "channel" => "PJSIP/101-0000008b",
    "channelstate" => "6",
    "channelstatedesc" => "Up",
    "connectedlinename" => "102",
    "connectedlinenum" => "102",
    "context" => "org_all",
    "exten" => "102",
    "language" => "en",
    "linkedid" => "1745129253.233",
    "priority" => "2",
    "privilege" => "dialplan,all",
    "uniqueid" => "1745129253.233",
    "value" => "minrtt=000.000122;     maxrtt=000.000152;     avgrtt=000.000137;     stdevrtt=000.000012;",
    "variable" => "RTPAUDIOQOSRTT"
  },
  variables: %{}
}
[2025-04-20 06:07:45.893021Z] %ElixirAmi.Event{
  event: "varset",
  source: :asterisk_connection,
  action_id: nil,
  keys: %{
    "accountcode" => "",
    "calleridname" => "101",
    "calleridnum" => "101",
    "channel" => "PJSIP/101-0000008b",
    "channelstate" => "6",
    "channelstatedesc" => "Up",
    "connectedlinename" => "102",
    "connectedlinenum" => "102",
    "context" => "org_all",
    "exten" => "102",
    "language" => "en",
    "linkedid" => "1745129253.233",
    "priority" => "2",
    "privilege" => "dialplan,all",
    "uniqueid" => "1745129253.233",
    "value" => "minrxmes=085.367289;   maxrxmes=085.367289;   avgrxmes=085.367289;   stdevrxmes=000.000128;   mintxmes=085.364744;   maxtxmes=085.367289;   avgtxmes=085.366079;   stdevtxmes=000.001212;",
    "variable" => "RTPAUDIOQOSMES"
  },
  variables: %{}
}
[2025-04-20 06:07:45.893294Z] %ElixirAmi.Event{
  event: "hangup",
  source: :asterisk_connection,
  action_id: nil,
  keys: %{
    "accountcode" => "",
    "calleridname" => "101",
    "calleridnum" => "101",
    "cause" => "16",
    "cause-txt" => "Normal Clearing",
    "channel" => "PJSIP/101-0000008b",
    "channelstate" => "6",
    "channelstatedesc" => "Up",
    "connectedlinename" => "102",
    "connectedlinenum" => "102",
    "context" => "org_all",
    "exten" => "102",
    "language" => "en",
    "linkedid" => "1745129253.233",
    "priority" => "2",
    "privilege" => "call,all",
    "uniqueid" => "1745129253.233"
  },
  variables: %{}
}
