[2025-04-20 10:16:15.469319Z] %ElixirAmi.Event{
  event: "newchannel",
  source: :asterisk_connection,
  action_id: nil,
  keys: %{
    "accountcode" => "",
    "calleridname" => "101",
    "calleridnum" => "101",
    "channel" => "PJSIP/101-000000da",
    "channelstate" => "0",
    "channelstatedesc" => "Down",
    "connectedlinename" => "<unknown>",
    "connectedlinenum" => "<unknown>",
    "context" => "org_all",
    "exten" => "s",
    "language" => "en",
    "linkedid" => "1745144174.357",
    "priority" => "1",
    "privilege" => "call,all",
    "uniqueid" => "1745144174.357"
  },
  variables: %{}
}
[2025-04-20 10:16:15.469607Z] %ElixirAmi.Event{
  event: "newexten",
  source: :asterisk_connection,
  action_id: nil,
  keys: %{
    "accountcode" => "",
    "appdata" => "(Outgoing Line)",
    "application" => "AppDial2",
    "calleridname" => "101",
    "calleridnum" => "101",
    "channel" => "PJSIP/101-000000da",
    "channelstate" => "0",
    "channelstatedesc" => "Down",
    "connectedlinename" => "<unknown>",
    "connectedlinenum" => "<unknown>",
    "context" => "org_all",
    "exten" => "s",
    "extension" => "s",
    "language" => "en",
    "linkedid" => "1745144174.357",
    "priority" => "1",
    "privilege" => "dialplan,all",
    "uniqueid" => "1745144174.357"
  },
  variables: %{}
}
[2025-04-20 10:16:15.470000Z] %ElixirAmi.Event{
  event: "newcallerid",
  source: :asterisk_connection,
  action_id: nil,
  keys: %{
    "accountcode" => "",
    "calleridname" => "IVAN",
    "calleridnum" => "101",
    "channel" => "PJSIP/101-000000da",
    "channelstate" => "0",
    "channelstatedesc" => "Down",
    "cid-callingpres" => "0 (Presentation Allowed, Not Screened)",
    "connectedlinename" => "<unknown>",
    "connectedlinenum" => "<unknown>",
    "context" => "org_all",
    "exten" => "s",
    "language" => "en",
    "linkedid" => "1745144174.357",
    "priority" => "1",
    "privilege" => "call,all",
    "uniqueid" => "1745144174.357"
  },
  variables: %{}
}
[2025-04-20 10:16:15.470231Z] %ElixirAmi.Event{
  event: "newconnectedline",
  source: :asterisk_connection,
  action_id: nil,
  keys: %{
    "accountcode" => "",
    "calleridname" => "IVAN",
    "calleridnum" => "101",
    "channel" => "PJSIP/101-000000da",
    "channelstate" => "0",
    "channelstatedesc" => "Down",
    "connectedlinename" => "IVAN",
    "connectedlinenum" => "101",
    "context" => "org_all",
    "exten" => "s",
    "language" => "en",
    "linkedid" => "1745144174.357",
    "priority" => "1",
    "privilege" => "call,all",
    "uniqueid" => "1745144174.357"
  },
  variables: %{}
}
[2025-04-20 10:16:15.471044Z] %ElixirAmi.Event{
  event: "newstate",
  source: :asterisk_connection,
  action_id: nil,
  keys: %{
    "accountcode" => "",
    "calleridname" => "IVAN",
    "calleridnum" => "101",
    "channel" => "PJSIP/101-000000da",
    "channelstate" => "5",
    "channelstatedesc" => "Ringing",
    "connectedlinename" => "IVAN",
    "connectedlinenum" => "101",
    "context" => "org_all",
    "exten" => "s",
    "language" => "en",
    "linkedid" => "1745144174.357",
    "priority" => "1",
    "privilege" => "call,all",
    "uniqueid" => "1745144174.357"
  },
  variables: %{}
}
[2025-04-20 10:16:15.471872Z] %ElixirAmi.Event{
  event: "rtcpreceived",
  source: :asterisk_connection,
  action_id: nil,
  keys: %{
    "accountcode" => "",
    "calleridname" => "IVAN",
    "calleridnum" => "101",
    "channel" => "PJSIP/101-000000da",
    "channelstate" => "5",
    "channelstatedesc" => "Ringing",
    "connectedlinename" => "IVAN",
    "connectedlinenum" => "101",
    "context" => "org_all",
    "exten" => "s",
    "from" => "192.168.0.16:4175",
    "language" => "en",
    "linkedid" => "1745144174.357",
    "mes" => "85.4",
    "priority" => "1",
    "privilege" => "reporting,all",
    "pt" => "201(RR)",
    "report0cumulativelost" => "0",
    "report0dlsr" => "0.0000",
    "report0fractionlost" => "0",
    "report0highestsequence" => "0",
    "report0iajitter" => "0",
    "report0lsr" => "0",
    "report0sequencenumbercycles" => "0",
    "report0sourcessrc" => "0x00000000",
    "reportcount" => "1",
    "rtt" => "0.0000",
    "ssrc" => "0x00000000",
    "to" => "192.168.0.16:13881",
    "uniqueid" => "1745144174.357"
  },
  variables: %{}
}
[2025-04-20 10:16:15.472218Z] %ElixirAmi.Event{
  event: "rtcpreceived",
  source: :asterisk_connection,
  action_id: nil,
  keys: %{
    "accountcode" => "",
    "calleridname" => "IVAN",
    "calleridnum" => "101",
    "channel" => "PJSIP/101-000000da",
    "channelstate" => "5",
    "channelstatedesc" => "Ringing",
    "connectedlinename" => "IVAN",
    "connectedlinenum" => "101",
    "context" => "org_all",
    "exten" => "s",
    "from" => "192.168.0.16:4175",
    "language" => "en",
    "linkedid" => "1745144174.357",
    "mes" => "85.4",
    "priority" => "1",
    "privilege" => "reporting,all",
    "pt" => "201(RR)",
    "report0cumulativelost" => "0",
    "report0dlsr" => "0.0000",
    "report0fractionlost" => "0",
    "report0highestsequence" => "0",
    "report0iajitter" => "0",
    "report0lsr" => "0",
    "report0sequencenumbercycles" => "0",
    "report0sourcessrc" => "0x00000000",
    "reportcount" => "1",
    "rtt" => "0.0000",
    "ssrc" => "0x00000000",
    "to" => "192.168.0.16:13881",
    "uniqueid" => "1745144174.357"
  },
  variables: %{}
}
[2025-04-20 10:16:15.472410Z] %ElixirAmi.Event{
  event: "newstate",
  source: :asterisk_connection,
  action_id: nil,
  keys: %{
    "accountcode" => "",
    "calleridname" => "IVAN",
    "calleridnum" => "101",
    "channel" => "PJSIP/101-000000da",
    "channelstate" => "6",
    "channelstatedesc" => "Up",
    "connectedlinename" => "IVAN",
    "connectedlinenum" => "101",
    "context" => "org_all",
    "exten" => "s",
    "language" => "en",
    "linkedid" => "1745144174.357",
    "priority" => "1",
    "privilege" => "call,all",
    "uniqueid" => "1745144174.357"
  },
  variables: %{}
}
[2025-04-20 10:16:15.473272Z] %ElixirAmi.Event{
  event: "newexten",
  source: :asterisk_connection,
  action_id: nil,
  keys: %{
    "accountcode" => "",
    "appdata" => "",
    "application" => "NoOp",
    "calleridname" => "IVAN",
    "calleridnum" => "101",
    "channel" => "PJSIP/101-000000da",
    "channelstate" => "6",
    "channelstatedesc" => "Up",
    "connectedlinename" => "IVAN",
    "connectedlinenum" => "101",
    "context" => "org_all",
    "exten" => "102",
    "extension" => "102",
    "language" => "en",
    "linkedid" => "1745144174.357",
    "priority" => "1",
    "privilege" => "dialplan,all",
    "uniqueid" => "1745144174.357"
  },
  variables: %{}
}
[2025-04-20 10:16:15.473481Z] %ElixirAmi.Event{
  event: "newexten",
  source: :asterisk_connection,
  action_id: nil,
  keys: %{
    "accountcode" => "",
    "appdata" => "PJSIP/102,20,",
    "application" => "Dial",
    "calleridname" => "IVAN",
    "calleridnum" => "101",
    "channel" => "PJSIP/101-000000da",
    "channelstate" => "6",
    "channelstatedesc" => "Up",
    "connectedlinename" => "IVAN",
    "connectedlinenum" => "101",
    "context" => "org_all",
    "exten" => "102",
    "extension" => "102",
    "language" => "en",
    "linkedid" => "1745144174.357",
    "priority" => "2",
    "privilege" => "dialplan,all",
    "uniqueid" => "1745144174.357"
  },
  variables: %{}
}
[2025-04-20 10:16:15.473685Z] %ElixirAmi.Event{
  event: "varset",
  source: :asterisk_connection,
  action_id: nil,
  keys: %{
    "accountcode" => "",
    "calleridname" => "IVAN",
    "calleridnum" => "101",
    "channel" => "PJSIP/101-000000da",
    "channelstate" => "6",
    "channelstatedesc" => "Up",
    "connectedlinename" => "IVAN",
    "connectedlinenum" => "101",
    "context" => "org_all",
    "exten" => "102",
    "language" => "en",
    "linkedid" => "1745144174.357",
    "priority" => "2",
    "privilege" => "dialplan,all",
    "uniqueid" => "1745144174.357",
    "value" => "",
    "variable" => "DIALSTATUS"
  },
  variables: %{}
}
[2025-04-20 10:16:15.473871Z] %ElixirAmi.Event{
  event: "varset",
  source: :asterisk_connection,
  action_id: nil,
  keys: %{
    "accountcode" => "",
    "calleridname" => "IVAN",
    "calleridnum" => "101",
    "channel" => "PJSIP/101-000000da",
    "channelstate" => "6",
    "channelstatedesc" => "Up",
    "connectedlinename" => "IVAN",
    "connectedlinenum" => "101",
    "context" => "org_all",
    "exten" => "102",
    "language" => "en",
    "linkedid" => "1745144174.357",
    "priority" => "2",
    "privilege" => "dialplan,all",
    "uniqueid" => "1745144174.357",
    "value" => "",
    "variable" => "DIALEDPEERNUMBER"
  },
  variables: %{}
}
[2025-04-20 10:16:15.474196Z] %ElixirAmi.Event{
  event: "varset",
  source: :asterisk_connection,
  action_id: nil,
  keys: %{
    "accountcode" => "",
    "calleridname" => "IVAN",
    "calleridnum" => "101",
    "channel" => "PJSIP/101-000000da",
    "channelstate" => "6",
    "channelstatedesc" => "Up",
    "connectedlinename" => "IVAN",
    "connectedlinenum" => "101",
    "context" => "org_all",
    "exten" => "102",
    "language" => "en",
    "linkedid" => "1745144174.357",
    "priority" => "2",
    "privilege" => "dialplan,all",
    "uniqueid" => "1745144174.357",
    "value" => "",
    "variable" => "DIALEDPEERNAME"
  },
  variables: %{}
}
[2025-04-20 10:16:15.474542Z] %ElixirAmi.Event{
  event: "varset",
  source: :asterisk_connection,
  action_id: nil,
  keys: %{
    "accountcode" => "",
    "calleridname" => "IVAN",
    "calleridnum" => "101",
    "channel" => "PJSIP/101-000000da",
    "channelstate" => "6",
    "channelstatedesc" => "Up",
    "connectedlinename" => "IVAN",
    "connectedlinenum" => "101",
    "context" => "org_all",
    "exten" => "102",
    "language" => "en",
    "linkedid" => "1745144174.357",
    "priority" => "2",
    "privilege" => "dialplan,all",
    "uniqueid" => "1745144174.357",
    "value" => "",
    "variable" => "ANSWEREDTIME"
  },
  variables: %{}
}
[2025-04-20 10:16:15.474962Z] %ElixirAmi.Event{
  event: "varset",
  source: :asterisk_connection,
  action_id: nil,
  keys: %{
    "accountcode" => "",
    "calleridname" => "IVAN",
    "calleridnum" => "101",
    "channel" => "PJSIP/101-000000da",
    "channelstate" => "6",
    "channelstatedesc" => "Up",
    "connectedlinename" => "IVAN",
    "connectedlinenum" => "101",
    "context" => "org_all",
    "exten" => "102",
    "language" => "en",
    "linkedid" => "1745144174.357",
    "priority" => "2",
    "privilege" => "dialplan,all",
    "uniqueid" => "1745144174.357",
    "value" => "",
    "variable" => "ANSWEREDTIME_MS"
  },
  variables: %{}
}
[2025-04-20 10:16:15.475256Z] %ElixirAmi.Event{
  event: "varset",
  source: :asterisk_connection,
  action_id: nil,
  keys: %{
    "accountcode" => "",
    "calleridname" => "IVAN",
    "calleridnum" => "101",
    "channel" => "PJSIP/101-000000da",
    "channelstate" => "6",
    "channelstatedesc" => "Up",
    "connectedlinename" => "IVAN",
    "connectedlinenum" => "101",
    "context" => "org_all",
    "exten" => "102",
    "language" => "en",
    "linkedid" => "1745144174.357",
    "priority" => "2",
    "privilege" => "dialplan,all",
    "uniqueid" => "1745144174.357",
    "value" => "",
    "variable" => "DIALEDTIME"
  },
  variables: %{}
}
[2025-04-20 10:16:15.475498Z] %ElixirAmi.Event{
  event: "varset",
  source: :asterisk_connection,
  action_id: nil,
  keys: %{
    "accountcode" => "",
    "calleridname" => "IVAN",
    "calleridnum" => "101",
    "channel" => "PJSIP/101-000000da",
    "channelstate" => "6",
    "channelstatedesc" => "Up",
    "connectedlinename" => "IVAN",
    "connectedlinenum" => "101",
    "context" => "org_all",
    "exten" => "102",
    "language" => "en",
    "linkedid" => "1745144174.357",
    "priority" => "2",
    "privilege" => "dialplan,all",
    "uniqueid" => "1745144174.357",
    "value" => "",
    "variable" => "DIALEDTIME_MS"
  },
  variables: %{}
}
[2025-04-20 10:16:15.475743Z] %ElixirAmi.Event{
  event: "varset",
  source: :asterisk_connection,
  action_id: nil,
  keys: %{
    "accountcode" => "",
    "calleridname" => "IVAN",
    "calleridnum" => "101",
    "channel" => "PJSIP/101-000000da",
    "channelstate" => "6",
    "channelstatedesc" => "Up",
    "connectedlinename" => "IVAN",
    "connectedlinenum" => "101",
    "context" => "org_all",
    "exten" => "102",
    "language" => "en",
    "linkedid" => "1745144174.357",
    "priority" => "2",
    "privilege" => "dialplan,all",
    "uniqueid" => "1745144174.357",
    "value" => "",
    "variable" => "RINGTIME"
  },
  variables: %{}
}
[2025-04-20 10:16:15.476315Z] %ElixirAmi.Event{
  event: "varset",
  source: :asterisk_connection,
  action_id: nil,
  keys: %{
    "accountcode" => "",
    "calleridname" => "IVAN",
    "calleridnum" => "101",
    "channel" => "PJSIP/101-000000da",
    "channelstate" => "6",
    "channelstatedesc" => "Up",
    "connectedlinename" => "IVAN",
    "connectedlinenum" => "101",
    "context" => "org_all",
    "exten" => "102",
    "language" => "en",
    "linkedid" => "1745144174.357",
    "priority" => "2",
    "privilege" => "dialplan,all",
    "uniqueid" => "1745144174.357",
    "value" => "",
    "variable" => "RINGTIME_MS"
  },
  variables: %{}
}
[2025-04-20 10:16:15.476921Z] %ElixirAmi.Event{
  event: "varset",
  source: :asterisk_connection,
  action_id: nil,
  keys: %{
    "accountcode" => "",
    "calleridname" => "IVAN",
    "calleridnum" => "101",
    "channel" => "PJSIP/101-000000da",
    "channelstate" => "6",
    "channelstatedesc" => "Up",
    "connectedlinename" => "IVAN",
    "connectedlinenum" => "101",
    "context" => "org_all",
    "exten" => "102",
    "language" => "en",
    "linkedid" => "1745144174.357",
    "priority" => "2",
    "privilege" => "dialplan,all",
    "uniqueid" => "1745144174.357",
    "value" => "",
    "variable" => "PROGRESSTIME"
  },
  variables: %{}
}
[2025-04-20 10:16:15.477409Z] %ElixirAmi.Event{
  event: "varset",
  source: :asterisk_connection,
  action_id: nil,
  keys: %{
    "accountcode" => "",
    "calleridname" => "IVAN",
    "calleridnum" => "101",
    "channel" => "PJSIP/101-000000da",
    "channelstate" => "6",
    "channelstatedesc" => "Up",
    "connectedlinename" => "IVAN",
    "connectedlinenum" => "101",
    "context" => "org_all",
    "exten" => "102",
    "language" => "en",
    "linkedid" => "1745144174.357",
    "priority" => "2",
    "privilege" => "dialplan,all",
    "uniqueid" => "1745144174.357",
    "value" => "",
    "variable" => "PROGRESSTIME_MS"
  },
  variables: %{}
}
[2025-04-20 10:16:15.477688Z] %ElixirAmi.Event{
  event: "newchannel",
  source: :asterisk_connection,
  action_id: nil,
  keys: %{
    "accountcode" => "",
    "calleridname" => "102",
    "calleridnum" => "102",
    "channel" => "PJSIP/102-000000db",
    "channelstate" => "0",
    "channelstatedesc" => "Down",
    "connectedlinename" => "<unknown>",
    "connectedlinenum" => "<unknown>",
    "context" => "org_all",
    "exten" => "s",
    "language" => "en",
    "linkedid" => "1745144174.357",
    "priority" => "1",
    "privilege" => "call,all",
    "uniqueid" => "1745144175.358"
  },
  variables: %{}
}
[2025-04-20 10:16:15.478151Z] %ElixirAmi.Event{
  event: "varset",
  source: :asterisk_connection,
  action_id: nil,
  keys: %{
    "accountcode" => "",
    "calleridname" => "102",
    "calleridnum" => "102",
    "channel" => "PJSIP/102-000000db",
    "channelstate" => "0",
    "channelstatedesc" => "Down",
    "connectedlinename" => "<unknown>",
    "connectedlinenum" => "<unknown>",
    "context" => "org_all",
    "exten" => "s",
    "language" => "en",
    "linkedid" => "1745144174.357",
    "priority" => "1",
    "privilege" => "dialplan,all",
    "uniqueid" => "1745144175.358",
    "value" => "102",
    "variable" => "DIALEDPEERNUMBER"
  },
  variables: %{}
}
[2025-04-20 10:16:15.478466Z] %ElixirAmi.Event{
  event: "newexten",
  source: :asterisk_connection,
  action_id: nil,
  keys: %{
    "accountcode" => "",
    "appdata" => "(Outgoing Line)",
    "application" => "AppDial",
    "calleridname" => "102",
    "calleridnum" => "102",
    "channel" => "PJSIP/102-000000db",
    "channelstate" => "0",
    "channelstatedesc" => "Down",
    "connectedlinename" => "IVAN",
    "connectedlinenum" => "101",
    "context" => "org_all",
    "exten" => "102",
    "extension" => "102",
    "language" => "en",
    "linkedid" => "1745144174.357",
    "priority" => "1",
    "privilege" => "dialplan,all",
    "uniqueid" => "1745144175.358"
  },
  variables: %{}
}
[2025-04-20 10:16:15.478677Z] %ElixirAmi.Event{
  event: "newconnectedline",
  source: :asterisk_connection,
  action_id: nil,
  keys: %{
    "accountcode" => "",
    "calleridname" => "102",
    "calleridnum" => "102",
    "channel" => "PJSIP/102-000000db",
    "channelstate" => "0",
    "channelstatedesc" => "Down",
    "connectedlinename" => "IVAN",
    "connectedlinenum" => "101",
    "context" => "org_all",
    "exten" => "102",
    "language" => "en",
    "linkedid" => "1745144174.357",
    "priority" => "1",
    "privilege" => "call,all",
    "uniqueid" => "1745144175.358"
  },
  variables: %{}
}
[2025-04-20 10:16:15.479112Z] %ElixirAmi.Event{
  event: "dialbegin",
  source: :asterisk_connection,
  action_id: nil,
  keys: %{
    "accountcode" => "",
    "calleridname" => "IVAN",
    "calleridnum" => "101",
    "channel" => "PJSIP/101-000000da",
    "channelstate" => "6",
    "channelstatedesc" => "Up",
    "connectedlinename" => "IVAN",
    "connectedlinenum" => "101",
    "context" => "org_all",
    "destaccountcode" => "",
    "destcalleridname" => "102",
    "destcalleridnum" => "102",
    "destchannel" => "PJSIP/102-000000db",
    "destchannelstate" => "0",
    "destchannelstatedesc" => "Down",
    "destconnectedlinename" => "IVAN",
    "destconnectedlinenum" => "101",
    "destcontext" => "org_all",
    "destexten" => "102",
    "destlanguage" => "en",
    "destlinkedid" => "1745144174.357",
    "destpriority" => "1",
    "destuniqueid" => "1745144175.358",
    "dialstring" => "102",
    "exten" => "102",
    "language" => "en",
    "linkedid" => "1745144174.357",
    "priority" => "2",
    "privilege" => "call,all",
    "uniqueid" => "1745144174.357"
  },
  variables: %{}
}
[2025-04-20 10:16:15.479348Z] %ElixirAmi.Event{
  event: "newconnectedline",
  source: :asterisk_connection,
  action_id: nil,
  keys: %{
    "accountcode" => "",
    "calleridname" => "IVAN",
    "calleridnum" => "101",
    "channel" => "PJSIP/101-000000da",
    "channelstate" => "6",
    "channelstatedesc" => "Up",
    "connectedlinename" => "102",
    "connectedlinenum" => "102",
    "context" => "org_all",
    "exten" => "102",
    "language" => "en",
    "linkedid" => "1745144174.357",
    "priority" => "2",
    "privilege" => "call,all",
    "uniqueid" => "1745144174.357"
  },
  variables: %{}
}
[2025-04-20 10:16:15.479690Z] %ElixirAmi.Event{
  event: "newstate",
  source: :asterisk_connection,
  action_id: nil,
  keys: %{
    "accountcode" => "",
    "calleridname" => "102",
    "calleridnum" => "102",
    "channel" => "PJSIP/102-000000db",
    "channelstate" => "5",
    "channelstatedesc" => "Ringing",
    "connectedlinename" => "IVAN",
    "connectedlinenum" => "101",
    "context" => "org_all",
    "exten" => "102",
    "language" => "en",
    "linkedid" => "1745144174.357",
    "priority" => "1",
    "privilege" => "call,all",
    "uniqueid" => "1745144175.358"
  },
  variables: %{}
}
[2025-04-20 10:16:15.480120Z] %ElixirAmi.Event{
  event: "varset",
  source: :asterisk_connection,
  action_id: nil,
  keys: %{
    "accountcode" => "",
    "calleridname" => "IVAN",
    "calleridnum" => "101",
    "channel" => "PJSIP/101-000000da",
    "channelstate" => "6",
    "channelstatedesc" => "Up",
    "connectedlinename" => "102",
    "connectedlinenum" => "102",
    "context" => "org_all",
    "exten" => "102",
    "language" => "en",
    "linkedid" => "1745144174.357",
    "priority" => "2",
    "privilege" => "dialplan,all",
    "uniqueid" => "1745144174.357",
    "value" => "0",
    "variable" => "RINGTIME"
  },
  variables: %{}
}
[2025-04-20 10:16:15.480387Z] %ElixirAmi.Event{
  event: "varset",
  source: :asterisk_connection,
  action_id: nil,
  keys: %{
    "accountcode" => "",
    "calleridname" => "IVAN",
    "calleridnum" => "101",
    "channel" => "PJSIP/101-000000da",
    "channelstate" => "6",
    "channelstatedesc" => "Up",
    "connectedlinename" => "102",
    "connectedlinenum" => "102",
    "context" => "org_all",
    "exten" => "102",
    "language" => "en",
    "linkedid" => "1745144174.357",
    "priority" => "2",
    "privilege" => "dialplan,all",
    "uniqueid" => "1745144174.357",
    "value" => "8",
    "variable" => "RINGTIME_MS"
  },
  variables: %{}
}
[2025-04-20 10:16:15.480861Z] %ElixirAmi.Event{
  event: "dialstate",
  source: :asterisk_connection,
  action_id: nil,
  keys: %{
    "accountcode" => "",
    "calleridname" => "IVAN",
    "calleridnum" => "101",
    "channel" => "PJSIP/101-000000da",
    "channelstate" => "6",
    "channelstatedesc" => "Up",
    "connectedlinename" => "102",
    "connectedlinenum" => "102",
    "context" => "org_all",
    "destaccountcode" => "",
    "destcalleridname" => "102",
    "destcalleridnum" => "102",
    "destchannel" => "PJSIP/102-000000db",
    "destchannelstate" => "5",
    "destchannelstatedesc" => "Ringing",
    "destconnectedlinename" => "IVAN",
    "destconnectedlinenum" => "101",
    "destcontext" => "org_all",
    "destexten" => "102",
    "destlanguage" => "en",
    "destlinkedid" => "1745144174.357",
    "destpriority" => "1",
    "destuniqueid" => "1745144175.358",
    "dialstatus" => "RINGING",
    "exten" => "102",
    "language" => "en",
    "linkedid" => "1745144174.357",
    "priority" => "2",
    "privilege" => "call,all",
    "uniqueid" => "1745144174.357"
  },
  variables: %{}
}
[2025-04-20 10:16:15.678473Z] %ElixirAmi.Event{
  event: "rtcpreceived",
  source: :asterisk_connection,
  action_id: nil,
  keys: %{
    "pt" => "200(SR)",
    "report0highestsequence" => "28758",
    "mes" => "85.4",
    "privilege" => "reporting,all",
    "channelstatedesc" => "Up",
    "uniqueid" => "1745144174.357",
    "sentntp" => "1745169375.209972",
    "report0fractionlost" => "0",
    "sentpackets" => "11",
    "report0lsr" => "0",
    "linkedid" => "1745144174.357",
    "ssrc" => "0xebafaa5f",
    "exten" => "102",
    "channel" => "PJSIP/101-000000da",
    "report0iajitter" => "0",
    "sentrtp" => "1672",
    "context" => "org_all",
    "connectedlinename" => "102",
    "priority" => "2",
    "rtt" => "0.0000",
    "to" => "192.168.0.16:13881",
    "reportcount" => "1",
    "language" => "en",
    "sentoctets" => "1760",
    "calleridname" => "IVAN",
    "from" => "192.168.0.16:4175",
    "report0cumulativelost" => "0",
    "report0sequencenumbercycles" => "0",
    "calleridnum" => "101",
    "channelstate" => "6",
    "accountcode" => "",
    "report0dlsr" => "0.0000",
    "report0sourcessrc" => "0x064227a2",
    "connectedlinenum" => "102"
  },
  variables: %{}
}
[2025-04-20 10:16:20.470675Z] %ElixirAmi.Event{
  event: "rtcpsent",
  source: :asterisk_connection,
  action_id: nil,
  keys: %{
    "pt" => "200(SR)",
    "report0highestsequence" => "27189",
    "mes" => "85.4",
    "privilege" => "reporting,all",
    "channelstatedesc" => "Up",
    "uniqueid" => "1745144174.357",
    "sentntp" => "1745144180.470200",
    "report0fractionlost" => "0",
    "sentpackets" => "249",
    "report0lsr" => "2858366400",
    "linkedid" => "1745144174.357",
    "ssrc" => "0x064227a2",
    "exten" => "102",
    "channel" => "PJSIP/101-000000da",
    "report0iajitter" => "6",
    "sentrtp" => "39840",
    "context" => "org_all",
    "connectedlinename" => "102",
    "priority" => "2",
    "to" => "192.168.0.16:4175",
    "reportcount" => "1",
    "language" => "en",
    "sentoctets" => "39840",
    "calleridname" => "IVAN",
    "from" => "192.168.0.16:13881",
    "report0cumulativelost" => "0",
    "report0sequencenumbercycles" => "0",
    "calleridnum" => "101",
    "channelstate" => "6",
    "accountcode" => "",
    "report0dlsr" => "4.7920",
    "report0sourcessrc" => "0x7d0f63ed",
    "connectedlinenum" => "102"
  },
  variables: %{}
}
[2025-04-20 10:16:20.644923Z] %ElixirAmi.Event{
  event: "rtcpreceived",
  source: :asterisk_connection,
  action_id: nil,
  keys: %{
    "pt" => "200(SR)",
    "report0highestsequence" => "29006",
    "mes" => "85.4",
    "privilege" => "reporting,all",
    "channelstatedesc" => "Up",
    "uniqueid" => "1745144174.357",
    "sentntp" => "1745169380.176426",
    "report0fractionlost" => "0",
    "sentpackets" => "259",
    "report0lsr" => "1207203935",
    "linkedid" => "1745144174.357",
    "ssrc" => "0xebafaa64",
    "exten" => "102",
    "channel" => "PJSIP/101-000000da",
    "report0iajitter" => "0",
    "sentrtp" => "41408",
    "context" => "org_all",
    "connectedlinename" => "102",
    "priority" => "2",
    "rtt" => "0.0001",
    "to" => "192.168.0.16:13881",
    "reportcount" => "1",
    "language" => "en",
    "sentoctets" => "41440",
    "calleridname" => "IVAN",
    "from" => "192.168.0.16:4175",
    "report0cumulativelost" => "0",
    "report0sequencenumbercycles" => "0",
    "calleridnum" => "101",
    "channelstate" => "6",
    "accountcode" => "",
    "report0dlsr" => "0.1741",
    "report0sourcessrc" => "0x064227a2",
    "connectedlinenum" => "102"
  },
  variables: %{}
}
[2025-04-20 10:16:25.470816Z] %ElixirAmi.Event{
  event: "rtcpsent",
  source: :asterisk_connection,
  action_id: nil,
  keys: %{
    "pt" => "200(SR)",
    "report0highestsequence" => "27439",
    "mes" => "85.4",
    "privilege" => "reporting,all",
    "channelstatedesc" => "Up",
    "uniqueid" => "1745144174.357",
    "sentntp" => "1745144185.470283",
    "report0fractionlost" => "0",
    "sentpackets" => "499",
    "report0lsr" => "2858691882",
    "linkedid" => "1745144174.357",
    "ssrc" => "0x064227a2",
    "exten" => "102",
    "channel" => "PJSIP/101-000000da",
    "report0iajitter" => "6",
    "sentrtp" => "79840",
    "context" => "org_all",
    "connectedlinename" => "102",
    "priority" => "2",
    "to" => "192.168.0.16:4175",
    "reportcount" => "1",
    "language" => "en",
    "sentoctets" => "79840",
    "calleridname" => "IVAN",
    "from" => "192.168.0.16:13881",
    "report0cumulativelost" => "0",
    "report0sequencenumbercycles" => "0",
    "calleridnum" => "101",
    "channelstate" => "6",
    "accountcode" => "",
    "report0dlsr" => "4.8250",
    "report0sourcessrc" => "0x7d0f63ed",
    "connectedlinenum" => "102"
  },
  variables: %{}
}
[2025-04-20 10:16:25.825575Z] %ElixirAmi.Event{
  event: "rtcpreceived",
  source: :asterisk_connection,
  action_id: nil,
  keys: %{
    "pt" => "200(SR)",
    "report0highestsequence" => "29265",
    "mes" => "85.4",
    "privilege" => "reporting,all",
    "channelstatedesc" => "Up",
    "uniqueid" => "1745144174.357",
    "sentntp" => "1745169385.357010",
    "report0fractionlost" => "0",
    "sentpackets" => "518",
    "report0lsr" => "1207531620",
    "linkedid" => "1745144174.357",
    "ssrc" => "0xebafaa69",
    "exten" => "102",
    "channel" => "PJSIP/101-000000da",
    "report0iajitter" => "0",
    "sentrtp" => "82856",
    "context" => "org_all",
    "connectedlinename" => "102",
    "priority" => "2",
    "rtt" => "0.0001",
    "to" => "192.168.0.16:13881",
    "reportcount" => "1",
    "language" => "en",
    "sentoctets" => "82880",
    "calleridname" => "IVAN",
    "from" => "192.168.0.16:4175",
    "report0cumulativelost" => "0",
    "report0sequencenumbercycles" => "0",
    "calleridnum" => "101",
    "channelstate" => "6",
    "accountcode" => "",
    "report0dlsr" => "0.3547",
    "report0sourcessrc" => "0x064227a2",
    "connectedlinenum" => "102"
  },
  variables: %{}
}
[2025-04-20 10:16:30.470889Z] %ElixirAmi.Event{
  event: "rtcpsent",
  source: :asterisk_connection,
  action_id: nil,
  keys: %{
    "pt" => "200(SR)",
    "report0highestsequence" => "27689",
    "mes" => "85.4",
    "privilege" => "reporting,all",
    "channelstatedesc" => "Up",
    "uniqueid" => "1745144174.357",
    "sentntp" => "1745144190.470367",
    "report0fractionlost" => "0",
    "sentpackets" => "749",
    "report0lsr" => "2859031397",
    "linkedid" => "1745144174.357",
    "ssrc" => "0x064227a2",
    "exten" => "102",
    "channel" => "PJSIP/101-000000da",
    "report0iajitter" => "7",
    "sentrtp" => "119840",
    "context" => "org_all",
    "connectedlinename" => "102",
    "priority" => "2",
    "to" => "192.168.0.16:4175",
    "reportcount" => "1",
    "language" => "en",
    "sentoctets" => "119840",
    "calleridname" => "IVAN",
    "from" => "192.168.0.16:13881",
    "report0cumulativelost" => "0",
    "report0sequencenumbercycles" => "0",
    "calleridnum" => "101",
    "channelstate" => "6",
    "accountcode" => "",
    "report0dlsr" => "4.6450",
    "report0sourcessrc" => "0x7d0f63ed",
    "connectedlinenum" => "102"
  },
  variables: %{}
}
[2025-04-20 10:16:31.005417Z] %ElixirAmi.Event{
  event: "rtcpreceived",
  source: :asterisk_connection,
  action_id: nil,
  keys: %{
    "pt" => "200(SR)",
    "report0highestsequence" => "29524",
    "mes" => "85.4",
    "privilege" => "reporting,all",
    "channelstatedesc" => "Up",
    "uniqueid" => "1745144174.357",
    "sentntp" => "1745169390.536798",
    "report0fractionlost" => "0",
    "sentpackets" => "777",
    "report0lsr" => "1207859305",
    "linkedid" => "1745144174.357",
    "ssrc" => "0xebafaa6e",
    "exten" => "102",
    "channel" => "PJSIP/101-000000da",
    "report0iajitter" => "0",
    "sentrtp" => "124288",
    "context" => "org_all",
    "connectedlinename" => "102",
    "priority" => "2",
    "rtt" => "0.0001",
    "to" => "192.168.0.16:13881",
    "reportcount" => "1",
    "language" => "en",
    "sentoctets" => "124320",
    "calleridname" => "IVAN",
    "from" => "192.168.0.16:4175",
    "report0cumulativelost" => "0",
    "report0sequencenumbercycles" => "0",
    "calleridnum" => "101",
    "channelstate" => "6",
    "accountcode" => "",
    "report0dlsr" => "0.5344",
    "report0sourcessrc" => "0x064227a2",
    "connectedlinenum" => "102"
  },
  variables: %{}
}
[2025-04-20 10:16:35.470525Z] %ElixirAmi.Event{
  event: "dialend",
  source: :asterisk_connection,
  action_id: nil,
  keys: %{
    "accountcode" => "",
    "calleridname" => "IVAN",
    "calleridnum" => "101",
    "channel" => "PJSIP/101-000000da",
    "channelstate" => "6",
    "channelstatedesc" => "Up",
    "connectedlinename" => "102",
    "connectedlinenum" => "102",
    "context" => "org_all",
    "destaccountcode" => "",
    "destcalleridname" => "102",
    "destcalleridnum" => "102",
    "destchannel" => "PJSIP/102-000000db",
    "destchannelstate" => "5",
    "destchannelstatedesc" => "Ringing",
    "destconnectedlinename" => "IVAN",
    "destconnectedlinenum" => "101",
    "destcontext" => "org_all",
    "destexten" => "102",
    "destlanguage" => "en",
    "destlinkedid" => "1745144174.357",
    "destpriority" => "1",
    "destuniqueid" => "1745144175.358",
    "dialstatus" => "NOANSWER",
    "exten" => "102",
    "language" => "en",
    "linkedid" => "1745144174.357",
    "priority" => "2",
    "privilege" => "call,all",
    "uniqueid" => "1745144174.357"
  },
  variables: %{}
}
[2025-04-20 10:16:35.470723Z] %ElixirAmi.Event{
  event: "varset",
  source: :asterisk_connection,
  action_id: nil,
  keys: %{
    "accountcode" => "",
    "calleridname" => "IVAN",
    "calleridnum" => "101",
    "channel" => "PJSIP/101-000000da",
    "channelstate" => "6",
    "channelstatedesc" => "Up",
    "connectedlinename" => "102",
    "connectedlinenum" => "102",
    "context" => "org_all",
    "exten" => "102",
    "language" => "en",
    "linkedid" => "1745144174.357",
    "priority" => "2",
    "privilege" => "dialplan,all",
    "uniqueid" => "1745144174.357",
    "value" => "NOANSWER",
    "variable" => "DIALSTATUS"
  },
  variables: %{}
}
[2025-04-20 10:16:35.470923Z] %ElixirAmi.Event{
  event: "softhanguprequest",
  source: :asterisk_connection,
  action_id: nil,
  keys: %{
    "accountcode" => "",
    "calleridname" => "IVAN",
    "calleridnum" => "101",
    "cause" => "16",
    "channel" => "PJSIP/101-000000da",
    "channelstate" => "6",
    "channelstatedesc" => "Up",
    "connectedlinename" => "102",
    "connectedlinenum" => "102",
    "context" => "org_all",
    "exten" => "102",
    "language" => "en",
    "linkedid" => "1745144174.357",
    "priority" => "2",
    "privilege" => "call,all",
    "uniqueid" => "1745144174.357"
  },
  variables: %{}
}
[2025-04-20 10:16:35.471255Z] %ElixirAmi.Event{
  event: "varset",
  source: :asterisk_connection,
  action_id: nil,
  keys: %{
    "accountcode" => "",
    "calleridname" => "IVAN",
    "calleridnum" => "101",
    "channel" => "PJSIP/101-000000da",
    "channelstate" => "6",
    "channelstatedesc" => "Up",
    "connectedlinename" => "102",
    "connectedlinenum" => "102",
    "context" => "org_all",
    "exten" => "102",
    "language" => "en",
    "linkedid" => "1745144174.357",
    "priority" => "2",
    "privilege" => "dialplan,all",
    "uniqueid" => "1745144174.357",
    "value" => "ssrc=104998818;themssrc=2098160621;lp=0;rxjitter=0.000000;rxcount=1001;txjitter=0.000750;txcount=999;rlp=0;rtt=0.000137;rxmes=85.365163;txmes=85.365247",
    "variable" => "RTPAUDIOQOS"
  },
  variables: %{}
}
[2025-04-20 10:16:35.471461Z] %ElixirAmi.Event{
  event: "varset",
  source: :asterisk_connection,
  action_id: nil,
  keys: %{
    "accountcode" => "",
    "calleridname" => "IVAN",
    "calleridnum" => "101",
    "channel" => "PJSIP/101-000000da",
    "channelstate" => "6",
    "channelstatedesc" => "Up",
    "connectedlinename" => "102",
    "connectedlinenum" => "102",
    "context" => "org_all",
    "exten" => "102",
    "language" => "en",
    "linkedid" => "1745144174.357",
    "priority" => "2",
    "privilege" => "dialplan,all",
    "uniqueid" => "1745144174.357",
    "value" => "minrxjitter=000.000000;maxrxjitter=000.001000;avgrxjitter=000.000788;stdevrxjitter=000.000098;mintxjitter=000.000000;maxtxjitter=000.000000;avgtxjitter=000.000000;stdevtxjitter=000.000000;",
    "variable" => "RTPAUDIOQOSJITTER"
  },
  variables: %{}
}
[2025-04-20 10:16:35.471778Z] %ElixirAmi.Event{
  event: "varset",
  source: :asterisk_connection,
  action_id: nil,
  keys: %{
    "accountcode" => "",
    "calleridname" => "IVAN",
    "calleridnum" => "101",
    "channel" => "PJSIP/101-000000da",
    "channelstate" => "6",
    "channelstatedesc" => "Up",
    "connectedlinename" => "102",
    "connectedlinenum" => "102",
    "context" => "org_all",
    "exten" => "102",
    "language" => "en",
    "linkedid" => "1745144174.357",
    "priority" => "2",
    "privilege" => "dialplan,all",
    "uniqueid" => "1745144174.357",
    "value" => "minrxlost=000.000000;  maxrxlost=000.000000;  avgrxlost=000.000000;  stdevrxlost=000.000000;  mintxlost=000.000000;  maxtxlost=000.000000;  avgtxlost=000.000000;  stdevtxlost=000.000000;",
    "variable" => "RTPAUDIOQOSLOSS"
  },
  variables: %{}
}
[2025-04-20 10:16:35.472096Z] %ElixirAmi.Event{
  event: "varset",
  source: :asterisk_connection,
  action_id: nil,
  keys: %{
    "accountcode" => "",
    "calleridname" => "IVAN",
    "calleridnum" => "101",
    "channel" => "PJSIP/101-000000da",
    "channelstate" => "6",
    "channelstatedesc" => "Up",
    "connectedlinename" => "102",
    "connectedlinenum" => "102",
    "context" => "org_all",
    "exten" => "102",
    "language" => "en",
    "linkedid" => "1745144174.357",
    "priority" => "2",
    "privilege" => "dialplan,all",
    "uniqueid" => "1745144174.357",
    "value" => "minrtt=000.000122;     maxrtt=000.000137;     avgrtt=000.000127;     stdevrtt=000.000007;",
    "variable" => "RTPAUDIOQOSRTT"
  },
  variables: %{}
}
[2025-04-20 10:16:35.472360Z] %ElixirAmi.Event{
  event: "varset",
  source: :asterisk_connection,
  action_id: nil,
  keys: %{
    "accountcode" => "",
    "calleridname" => "IVAN",
    "calleridnum" => "101",
    "channel" => "PJSIP/101-000000da",
    "channelstate" => "6",
    "channelstatedesc" => "Up",
    "connectedlinename" => "102",
    "connectedlinenum" => "102",
    "context" => "org_all",
    "exten" => "102",
    "language" => "en",
    "linkedid" => "1745144174.357",
    "priority" => "2",
    "privilege" => "dialplan,all",
    "uniqueid" => "1745144174.357",
    "value" => "minrxmes=085.365247;   maxrxmes=085.367289;   avgrxmes=085.365927;   stdevrxmes=000.000098;   mintxmes=085.365163;   maxtxmes=085.367289;   avgtxmes=085.366254;   stdevtxmes=000.001035;",
    "variable" => "RTPAUDIOQOSMES"
  },
  variables: %{}
}
[2025-04-20 10:16:35.472597Z] %ElixirAmi.Event{
  event: "newexten",
  source: :asterisk_connection,
  action_id: nil,
  keys: %{
    "accountcode" => "",
    "appdata" => "(Outgoing Line)",
    "application" => "AppDial2",
    "calleridname" => "IVAN",
    "calleridnum" => "101",
    "channel" => "PJSIP/101-000000da",
    "channelstate" => "6",
    "channelstatedesc" => "Up",
    "connectedlinename" => "102",
    "connectedlinenum" => "102",
    "context" => "org_all",
    "exten" => "102",
    "extension" => "102",
    "language" => "en",
    "linkedid" => "1745144174.357",
    "priority" => "3",
    "privilege" => "dialplan,all",
    "uniqueid" => "1745144174.357"
  },
  variables: %{}
}
[2025-04-20 10:16:35.472809Z] %ElixirAmi.Event{
  event: "hangup",
  source: :asterisk_connection,
  action_id: nil,
  keys: %{
    "accountcode" => "",
    "calleridname" => "102",
    "calleridnum" => "102",
    "cause" => "0",
    "cause-txt" => "Unknown",
    "channel" => "PJSIP/102-000000db",
    "channelstate" => "5",
    "channelstatedesc" => "Ringing",
    "connectedlinename" => "IVAN",
    "connectedlinenum" => "101",
    "context" => "org_all",
    "exten" => "102",
    "language" => "en",
    "linkedid" => "1745144174.357",
    "priority" => "1",
    "privilege" => "call,all",
    "uniqueid" => "1745144175.358"
  },
  variables: %{}
}
[2025-04-20 10:16:35.472999Z] %ElixirAmi.Event{
  event: "hangup",
  source: :asterisk_connection,
  action_id: nil,
  keys: %{
    "accountcode" => "",
    "calleridname" => "IVAN",
    "calleridnum" => "101",
    "cause" => "0",
    "cause-txt" => "Unknown",
    "channel" => "PJSIP/101-000000da",
    "channelstate" => "6",
    "channelstatedesc" => "Up",
    "connectedlinename" => "102",
    "connectedlinenum" => "102",
    "context" => "org_all",
    "exten" => "102",
    "language" => "en",
    "linkedid" => "1745144174.357",
    "priority" => "3",
    "privilege" => "call,all",
    "uniqueid" => "1745144174.357"
  },
  variables: %{}
}
