[2025-04-19 07:17:14.467944Z] %ElixirAmi.Event{
  event: "newchannel",
  source: :asterisk_connection,
  action_id: nil,
  keys: %{
    "accountcode" => "",
    "calleridname" => "101",
    "calleridnum" => "101",
    "channel" => "PJSIP/101-00000017",
    "channelstate" => "4",
    "channelstatedesc" => "Ring",
    "connectedlinename" => "<unknown>",
    "connectedlinenum" => "<unknown>",
    "context" => "org_all",
    "exten" => "102",
    "language" => "en",
    "linkedid" => "1745047034.41",
    "priority" => "1",
    "privilege" => "call,all",
    "uniqueid" => "1745047034.41"
  },
  variables: %{}
}
[2025-04-19 07:17:14.468162Z] %ElixirAmi.Event{
  event: "varset",
  source: :asterisk_connection,
  action_id: nil,
  keys: %{
    "accountcode" => "",
    "calleridname" => "101",
    "calleridnum" => "101",
    "channel" => "PJSIP/101-00000017",
    "channelstate" => "4",
    "channelstatedesc" => "Ring",
    "connectedlinename" => "<unknown>",
    "connectedlinenum" => "<unknown>",
    "context" => "org_all",
    "exten" => "102",
    "language" => "en",
    "linkedid" => "1745047034.41",
    "priority" => "1",
    "privilege" => "dialplan,all",
    "uniqueid" => "1745047034.41",
    "value" => "192.168.0.16",
    "variable" => "SIPDOMAIN"
  },
  variables: %{}
}
[2025-04-19 07:17:14.468576Z] %ElixirAmi.Event{
  event: "newexten",
  source: :asterisk_connection,
  action_id: nil,
  keys: %{
    "accountcode" => "",
    "appdata" => "",
    "application" => "NoOp",
    "calleridname" => "101",
    "calleridnum" => "101",
    "channel" => "PJSIP/101-00000017",
    "channelstate" => "4",
    "channelstatedesc" => "Ring",
    "connectedlinename" => "<unknown>",
    "connectedlinenum" => "<unknown>",
    "context" => "org_all",
    "exten" => "102",
    "extension" => "102",
    "language" => "en",
    "linkedid" => "1745047034.41",
    "priority" => "1",
    "privilege" => "dialplan,all",
    "uniqueid" => "1745047034.41"
  },
  variables: %{}
}
[2025-04-19 07:17:14.468761Z] %ElixirAmi.Event{
  event: "newexten",
  source: :asterisk_connection,
  action_id: nil,
  keys: %{
    "accountcode" => "",
    "appdata" => "PJSIP/102,20,",
    "application" => "Dial",
    "calleridname" => "101",
    "calleridnum" => "101",
    "channel" => "PJSIP/101-00000017",
    "channelstate" => "4",
    "channelstatedesc" => "Ring",
    "connectedlinename" => "<unknown>",
    "connectedlinenum" => "<unknown>",
    "context" => "org_all",
    "exten" => "102",
    "extension" => "102",
    "language" => "en",
    "linkedid" => "1745047034.41",
    "priority" => "2",
    "privilege" => "dialplan,all",
    "uniqueid" => "1745047034.41"
  },
  variables: %{}
}
[2025-04-19 07:17:14.469044Z] %ElixirAmi.Event{
  event: "varset",
  source: :asterisk_connection,
  action_id: nil,
  keys: %{
    "accountcode" => "",
    "calleridname" => "101",
    "calleridnum" => "101",
    "channel" => "PJSIP/101-00000017",
    "channelstate" => "4",
    "channelstatedesc" => "Ring",
    "connectedlinename" => "<unknown>",
    "connectedlinenum" => "<unknown>",
    "context" => "org_all",
    "exten" => "102",
    "language" => "en",
    "linkedid" => "1745047034.41",
    "priority" => "2",
    "privilege" => "dialplan,all",
    "uniqueid" => "1745047034.41",
    "value" => "",
    "variable" => "DIALSTATUS"
  },
  variables: %{}
}
[2025-04-19 07:17:14.469289Z] %ElixirAmi.Event{
  event: "varset",
  source: :asterisk_connection,
  action_id: nil,
  keys: %{
    "accountcode" => "",
    "calleridname" => "101",
    "calleridnum" => "101",
    "channel" => "PJSIP/101-00000017",
    "channelstate" => "4",
    "channelstatedesc" => "Ring",
    "connectedlinename" => "<unknown>",
    "connectedlinenum" => "<unknown>",
    "context" => "org_all",
    "exten" => "102",
    "language" => "en",
    "linkedid" => "1745047034.41",
    "priority" => "2",
    "privilege" => "dialplan,all",
    "uniqueid" => "1745047034.41",
    "value" => "",
    "variable" => "DIALEDPEERNUMBER"
  },
  variables: %{}
}
[2025-04-19 07:17:14.469471Z] %ElixirAmi.Event{
  event: "varset",
  source: :asterisk_connection,
  action_id: nil,
  keys: %{
    "accountcode" => "",
    "calleridname" => "101",
    "calleridnum" => "101",
    "channel" => "PJSIP/101-00000017",
    "channelstate" => "4",
    "channelstatedesc" => "Ring",
    "connectedlinename" => "<unknown>",
    "connectedlinenum" => "<unknown>",
    "context" => "org_all",
    "exten" => "102",
    "language" => "en",
    "linkedid" => "1745047034.41",
    "priority" => "2",
    "privilege" => "dialplan,all",
    "uniqueid" => "1745047034.41",
    "value" => "",
    "variable" => "DIALEDPEERNAME"
  },
  variables: %{}
}
[2025-04-19 07:17:14.469640Z] %ElixirAmi.Event{
  event: "varset",
  source: :asterisk_connection,
  action_id: nil,
  keys: %{
    "accountcode" => "",
    "calleridname" => "101",
    "calleridnum" => "101",
    "channel" => "PJSIP/101-00000017",
    "channelstate" => "4",
    "channelstatedesc" => "Ring",
    "connectedlinename" => "<unknown>",
    "connectedlinenum" => "<unknown>",
    "context" => "org_all",
    "exten" => "102",
    "language" => "en",
    "linkedid" => "1745047034.41",
    "priority" => "2",
    "privilege" => "dialplan,all",
    "uniqueid" => "1745047034.41",
    "value" => "",
    "variable" => "ANSWEREDTIME"
  },
  variables: %{}
}
[2025-04-19 07:17:14.469828Z] %ElixirAmi.Event{
  event: "varset",
  source: :asterisk_connection,
  action_id: nil,
  keys: %{
    "accountcode" => "",
    "calleridname" => "101",
    "calleridnum" => "101",
    "channel" => "PJSIP/101-00000017",
    "channelstate" => "4",
    "channelstatedesc" => "Ring",
    "connectedlinename" => "<unknown>",
    "connectedlinenum" => "<unknown>",
    "context" => "org_all",
    "exten" => "102",
    "language" => "en",
    "linkedid" => "1745047034.41",
    "priority" => "2",
    "privilege" => "dialplan,all",
    "uniqueid" => "1745047034.41",
    "value" => "",
    "variable" => "ANSWEREDTIME_MS"
  },
  variables: %{}
}
[2025-04-19 07:17:14.470091Z] %ElixirAmi.Event{
  event: "varset",
  source: :asterisk_connection,
  action_id: nil,
  keys: %{
    "accountcode" => "",
    "calleridname" => "101",
    "calleridnum" => "101",
    "channel" => "PJSIP/101-00000017",
    "channelstate" => "4",
    "channelstatedesc" => "Ring",
    "connectedlinename" => "<unknown>",
    "connectedlinenum" => "<unknown>",
    "context" => "org_all",
    "exten" => "102",
    "language" => "en",
    "linkedid" => "1745047034.41",
    "priority" => "2",
    "privilege" => "dialplan,all",
    "uniqueid" => "1745047034.41",
    "value" => "",
    "variable" => "DIALEDTIME"
  },
  variables: %{}
}
[2025-04-19 07:17:14.470323Z] %ElixirAmi.Event{
  event: "varset",
  source: :asterisk_connection,
  action_id: nil,
  keys: %{
    "accountcode" => "",
    "calleridname" => "101",
    "calleridnum" => "101",
    "channel" => "PJSIP/101-00000017",
    "channelstate" => "4",
    "channelstatedesc" => "Ring",
    "connectedlinename" => "<unknown>",
    "connectedlinenum" => "<unknown>",
    "context" => "org_all",
    "exten" => "102",
    "language" => "en",
    "linkedid" => "1745047034.41",
    "priority" => "2",
    "privilege" => "dialplan,all",
    "uniqueid" => "1745047034.41",
    "value" => "",
    "variable" => "DIALEDTIME_MS"
  },
  variables: %{}
}
[2025-04-19 07:17:14.470474Z] %ElixirAmi.Event{
  event: "varset",
  source: :asterisk_connection,
  action_id: nil,
  keys: %{
    "accountcode" => "",
    "calleridname" => "101",
    "calleridnum" => "101",
    "channel" => "PJSIP/101-00000017",
    "channelstate" => "4",
    "channelstatedesc" => "Ring",
    "connectedlinename" => "<unknown>",
    "connectedlinenum" => "<unknown>",
    "context" => "org_all",
    "exten" => "102",
    "language" => "en",
    "linkedid" => "1745047034.41",
    "priority" => "2",
    "privilege" => "dialplan,all",
    "uniqueid" => "1745047034.41",
    "value" => "",
    "variable" => "RINGTIME"
  },
  variables: %{}
}
[2025-04-19 07:17:14.470711Z] %ElixirAmi.Event{
  event: "varset",
  source: :asterisk_connection,
  action_id: nil,
  keys: %{
    "accountcode" => "",
    "calleridname" => "101",
    "calleridnum" => "101",
    "channel" => "PJSIP/101-00000017",
    "channelstate" => "4",
    "channelstatedesc" => "Ring",
    "connectedlinename" => "<unknown>",
    "connectedlinenum" => "<unknown>",
    "context" => "org_all",
    "exten" => "102",
    "language" => "en",
    "linkedid" => "1745047034.41",
    "priority" => "2",
    "privilege" => "dialplan,all",
    "uniqueid" => "1745047034.41",
    "value" => "",
    "variable" => "RINGTIME_MS"
  },
  variables: %{}
}
[2025-04-19 07:17:14.471029Z] %ElixirAmi.Event{
  event: "varset",
  source: :asterisk_connection,
  action_id: nil,
  keys: %{
    "accountcode" => "",
    "calleridname" => "101",
    "calleridnum" => "101",
    "channel" => "PJSIP/101-00000017",
    "channelstate" => "4",
    "channelstatedesc" => "Ring",
    "connectedlinename" => "<unknown>",
    "connectedlinenum" => "<unknown>",
    "context" => "org_all",
    "exten" => "102",
    "language" => "en",
    "linkedid" => "1745047034.41",
    "priority" => "2",
    "privilege" => "dialplan,all",
    "uniqueid" => "1745047034.41",
    "value" => "",
    "variable" => "PROGRESSTIME"
  },
  variables: %{}
}
[2025-04-19 07:17:14.471324Z] %ElixirAmi.Event{
  event: "varset",
  source: :asterisk_connection,
  action_id: nil,
  keys: %{
    "accountcode" => "",
    "calleridname" => "101",
    "calleridnum" => "101",
    "channel" => "PJSIP/101-00000017",
    "channelstate" => "4",
    "channelstatedesc" => "Ring",
    "connectedlinename" => "<unknown>",
    "connectedlinenum" => "<unknown>",
    "context" => "org_all",
    "exten" => "102",
    "language" => "en",
    "linkedid" => "1745047034.41",
    "priority" => "2",
    "privilege" => "dialplan,all",
    "uniqueid" => "1745047034.41",
    "value" => "",
    "variable" => "PROGRESSTIME_MS"
  },
  variables: %{}
}
[2025-04-19 07:17:14.471445Z] %ElixirAmi.Event{
  event: "newchannel",
  source: :asterisk_connection,
  action_id: nil,
  keys: %{
    "accountcode" => "",
    "calleridname" => "102",
    "calleridnum" => "102",
    "channel" => "PJSIP/102-00000018",
    "channelstate" => "0",
    "channelstatedesc" => "Down",
    "connectedlinename" => "<unknown>",
    "connectedlinenum" => "<unknown>",
    "context" => "org_all",
    "exten" => "s",
    "language" => "en",
    "linkedid" => "1745047034.41",
    "priority" => "1",
    "privilege" => "call,all",
    "uniqueid" => "1745047034.42"
  },
  variables: %{}
}
[2025-04-19 07:17:14.472004Z] %ElixirAmi.Event{
  event: "varset",
  source: :asterisk_connection,
  action_id: nil,
  keys: %{
    "accountcode" => "",
    "calleridname" => "102",
    "calleridnum" => "102",
    "channel" => "PJSIP/102-00000018",
    "channelstate" => "0",
    "channelstatedesc" => "Down",
    "connectedlinename" => "<unknown>",
    "connectedlinenum" => "<unknown>",
    "context" => "org_all",
    "exten" => "s",
    "language" => "en",
    "linkedid" => "1745047034.41",
    "priority" => "1",
    "privilege" => "dialplan,all",
    "uniqueid" => "1745047034.42",
    "value" => "102",
    "variable" => "DIALEDPEERNUMBER"
  },
  variables: %{}
}
[2025-04-19 07:17:14.472222Z] %ElixirAmi.Event{
  event: "newexten",
  source: :asterisk_connection,
  action_id: nil,
  keys: %{
    "accountcode" => "",
    "appdata" => "(Outgoing Line)",
    "application" => "AppDial",
    "calleridname" => "102",
    "calleridnum" => "102",
    "channel" => "PJSIP/102-00000018",
    "channelstate" => "0",
    "channelstatedesc" => "Down",
    "connectedlinename" => "101",
    "connectedlinenum" => "101",
    "context" => "org_all",
    "exten" => "102",
    "extension" => "102",
    "language" => "en",
    "linkedid" => "1745047034.41",
    "priority" => "1",
    "privilege" => "dialplan,all",
    "uniqueid" => "1745047034.42"
  },
  variables: %{}
}
[2025-04-19 07:17:14.472451Z] %ElixirAmi.Event{
  event: "newconnectedline",
  source: :asterisk_connection,
  action_id: nil,
  keys: %{
    "accountcode" => "",
    "calleridname" => "102",
    "calleridnum" => "102",
    "channel" => "PJSIP/102-00000018",
    "channelstate" => "0",
    "channelstatedesc" => "Down",
    "connectedlinename" => "101",
    "connectedlinenum" => "101",
    "context" => "org_all",
    "exten" => "102",
    "language" => "en",
    "linkedid" => "1745047034.41",
    "priority" => "1",
    "privilege" => "call,all",
    "uniqueid" => "1745047034.42"
  },
  variables: %{}
}
[2025-04-19 07:17:14.472858Z] %ElixirAmi.Event{
  event: "dialbegin",
  source: :asterisk_connection,
  action_id: nil,
  keys: %{
    "accountcode" => "",
    "calleridname" => "101",
    "calleridnum" => "101",
    "channel" => "PJSIP/101-00000017",
    "channelstate" => "4",
    "channelstatedesc" => "Ring",
    "connectedlinename" => "<unknown>",
    "connectedlinenum" => "<unknown>",
    "context" => "org_all",
    "destaccountcode" => "",
    "destcalleridname" => "102",
    "destcalleridnum" => "102",
    "destchannel" => "PJSIP/102-00000018",
    "destchannelstate" => "0",
    "destchannelstatedesc" => "Down",
    "destconnectedlinename" => "101",
    "destconnectedlinenum" => "101",
    "destcontext" => "org_all",
    "destexten" => "102",
    "destlanguage" => "en",
    "destlinkedid" => "1745047034.41",
    "destpriority" => "1",
    "destuniqueid" => "1745047034.42",
    "dialstring" => "102",
    "exten" => "102",
    "language" => "en",
    "linkedid" => "1745047034.41",
    "priority" => "2",
    "privilege" => "call,all",
    "uniqueid" => "1745047034.41"
  },
  variables: %{}
}
[2025-04-19 07:17:14.473021Z] %ElixirAmi.Event{
  event: "newconnectedline",
  source: :asterisk_connection,
  action_id: nil,
  keys: %{
    "accountcode" => "",
    "calleridname" => "101",
    "calleridnum" => "101",
    "channel" => "PJSIP/101-00000017",
    "channelstate" => "4",
    "channelstatedesc" => "Ring",
    "connectedlinename" => "102",
    "connectedlinenum" => "102",
    "context" => "org_all",
    "exten" => "102",
    "language" => "en",
    "linkedid" => "1745047034.41",
    "priority" => "2",
    "privilege" => "call,all",
    "uniqueid" => "1745047034.41"
  },
  variables: %{}
}
[2025-04-19 07:17:14.474397Z] %ElixirAmi.Event{
  event: "newstate",
  source: :asterisk_connection,
  action_id: nil,
  keys: %{
    "accountcode" => "",
    "calleridname" => "102",
    "calleridnum" => "102",
    "channel" => "PJSIP/102-00000018",
    "channelstate" => "5",
    "channelstatedesc" => "Ringing",
    "connectedlinename" => "101",
    "connectedlinenum" => "101",
    "context" => "org_all",
    "exten" => "102",
    "language" => "en",
    "linkedid" => "1745047034.41",
    "priority" => "1",
    "privilege" => "call,all",
    "uniqueid" => "1745047034.42"
  },
  variables: %{}
}
[2025-04-19 07:17:14.474666Z] %ElixirAmi.Event{
  event: "varset",
  source: :asterisk_connection,
  action_id: nil,
  keys: %{
    "accountcode" => "",
    "calleridname" => "101",
    "calleridnum" => "101",
    "channel" => "PJSIP/101-00000017",
    "channelstate" => "4",
    "channelstatedesc" => "Ring",
    "connectedlinename" => "102",
    "connectedlinenum" => "102",
    "context" => "org_all",
    "exten" => "102",
    "language" => "en",
    "linkedid" => "1745047034.41",
    "priority" => "2",
    "privilege" => "dialplan,all",
    "uniqueid" => "1745047034.41",
    "value" => "0",
    "variable" => "RINGTIME"
  },
  variables: %{}
}
[2025-04-19 07:17:14.474851Z] %ElixirAmi.Event{
  event: "varset",
  source: :asterisk_connection,
  action_id: nil,
  keys: %{
    "accountcode" => "",
    "calleridname" => "101",
    "calleridnum" => "101",
    "channel" => "PJSIP/101-00000017",
    "channelstate" => "4",
    "channelstatedesc" => "Ring",
    "connectedlinename" => "102",
    "connectedlinenum" => "102",
    "context" => "org_all",
    "exten" => "102",
    "language" => "en",
    "linkedid" => "1745047034.41",
    "priority" => "2",
    "privilege" => "dialplan,all",
    "uniqueid" => "1745047034.41",
    "value" => "6",
    "variable" => "RINGTIME_MS"
  },
  variables: %{}
}
[2025-04-19 07:17:14.475317Z] %ElixirAmi.Event{
  event: "dialstate",
  source: :asterisk_connection,
  action_id: nil,
  keys: %{
    "accountcode" => "",
    "calleridname" => "101",
    "calleridnum" => "101",
    "channel" => "PJSIP/101-00000017",
    "channelstate" => "4",
    "channelstatedesc" => "Ring",
    "connectedlinename" => "102",
    "connectedlinenum" => "102",
    "context" => "org_all",
    "destaccountcode" => "",
    "destcalleridname" => "102",
    "destcalleridnum" => "102",
    "destchannel" => "PJSIP/102-00000018",
    "destchannelstate" => "5",
    "destchannelstatedesc" => "Ringing",
    "destconnectedlinename" => "101",
    "destconnectedlinenum" => "101",
    "destcontext" => "org_all",
    "destexten" => "102",
    "destlanguage" => "en",
    "destlinkedid" => "1745047034.41",
    "destpriority" => "1",
    "destuniqueid" => "1745047034.42",
    "dialstatus" => "RINGING",
    "exten" => "102",
    "language" => "en",
    "linkedid" => "1745047034.41",
    "priority" => "2",
    "privilege" => "call,all",
    "uniqueid" => "1745047034.41"
  },
  variables: %{}
}
[2025-04-19 07:17:17.085416Z] %ElixirAmi.Event{
  event: "rtcpreceived",
  source: :asterisk_connection,
  action_id: nil,
  keys: %{
    "accountcode" => "",
    "calleridname" => "102",
    "calleridnum" => "102",
    "channel" => "PJSIP/102-00000018",
    "channelstate" => "5",
    "channelstatedesc" => "Ringing",
    "connectedlinename" => "101",
    "connectedlinenum" => "101",
    "context" => "org_all",
    "exten" => "102",
    "from" => "192.168.0.16:4019",
    "language" => "en",
    "linkedid" => "1745047034.41",
    "mes" => "85.4",
    "priority" => "1",
    "privilege" => "reporting,all",
    "pt" => "201(RR)",
    "report0cumulativelost" => "0",
    "report0dlsr" => "0.0000",
    "report0fractionlost" => "0",
    "report0highestsequence" => "0",
    "report0iajitter" => "0",
    "report0lsr" => "0",
    "report0sequencenumbercycles" => "0",
    "report0sourcessrc" => "0x00000000",
    "reportcount" => "1",
    "rtt" => "0.0000",
    "ssrc" => "0x00000000",
    "to" => "192.168.0.16:19179",
    "uniqueid" => "1745047034.42"
  },
  variables: %{}
}
[2025-04-19 07:17:17.085682Z] %ElixirAmi.Event{
  event: "rtcpreceived",
  source: :asterisk_connection,
  action_id: nil,
  keys: %{
    "accountcode" => "",
    "calleridname" => "102",
    "calleridnum" => "102",
    "channel" => "PJSIP/102-00000018",
    "channelstate" => "5",
    "channelstatedesc" => "Ringing",
    "connectedlinename" => "101",
    "connectedlinenum" => "101",
    "context" => "org_all",
    "exten" => "102",
    "from" => "192.168.0.16:4019",
    "language" => "en",
    "linkedid" => "1745047034.41",
    "mes" => "85.4",
    "priority" => "1",
    "privilege" => "reporting,all",
    "pt" => "201(RR)",
    "report0cumulativelost" => "0",
    "report0dlsr" => "0.0000",
    "report0fractionlost" => "0",
    "report0highestsequence" => "0",
    "report0iajitter" => "0",
    "report0lsr" => "0",
    "report0sequencenumbercycles" => "0",
    "report0sourcessrc" => "0x00000000",
    "reportcount" => "1",
    "rtt" => "0.0000",
    "ssrc" => "0x00000000",
    "to" => "192.168.0.16:19179",
    "uniqueid" => "1745047034.42"
  },
  variables: %{}
}
[2025-04-19 07:17:17.086015Z] %ElixirAmi.Event{
  event: "newstate",
  source: :asterisk_connection,
  action_id: nil,
  keys: %{
    "accountcode" => "",
    "calleridname" => "102",
    "calleridnum" => "102",
    "channel" => "PJSIP/102-00000018",
    "channelstate" => "6",
    "channelstatedesc" => "Up",
    "connectedlinename" => "101",
    "connectedlinenum" => "101",
    "context" => "org_all",
    "exten" => "102",
    "language" => "en",
    "linkedid" => "1745047034.41",
    "priority" => "1",
    "privilege" => "call,all",
    "uniqueid" => "1745047034.42"
  },
  variables: %{}
}
[2025-04-19 07:17:17.086282Z] %ElixirAmi.Event{
  event: "varset",
  source: :asterisk_connection,
  action_id: nil,
  keys: %{
    "accountcode" => "",
    "calleridname" => "101",
    "calleridnum" => "101",
    "channel" => "PJSIP/101-00000017",
    "channelstate" => "4",
    "channelstatedesc" => "Ring",
    "connectedlinename" => "102",
    "connectedlinenum" => "102",
    "context" => "org_all",
    "exten" => "102",
    "language" => "en",
    "linkedid" => "1745047034.41",
    "priority" => "2",
    "privilege" => "dialplan,all",
    "uniqueid" => "1745047034.41",
    "value" => "ANSWER",
    "variable" => "DIALSTATUS"
  },
  variables: %{}
}
[2025-04-19 07:17:17.086521Z] %ElixirAmi.Event{
  event: "varset",
  source: :asterisk_connection,
  action_id: nil,
  keys: %{
    "accountcode" => "",
    "calleridname" => "101",
    "calleridnum" => "101",
    "channel" => "PJSIP/101-00000017",
    "channelstate" => "4",
    "channelstatedesc" => "Ring",
    "connectedlinename" => "102",
    "connectedlinenum" => "102",
    "context" => "org_all",
    "exten" => "102",
    "language" => "en",
    "linkedid" => "1745047034.41",
    "priority" => "2",
    "privilege" => "dialplan,all",
    "uniqueid" => "1745047034.41",
    "value" => "PJSIP/102-00000018",
    "variable" => "DIALEDPEERNAME"
  },
  variables: %{}
}
[2025-04-19 07:17:17.086767Z] %ElixirAmi.Event{
  event: "varset",
  source: :asterisk_connection,
  action_id: nil,
  keys: %{
    "accountcode" => "",
    "calleridname" => "101",
    "calleridnum" => "101",
    "channel" => "PJSIP/101-00000017",
    "channelstate" => "4",
    "channelstatedesc" => "Ring",
    "connectedlinename" => "102",
    "connectedlinenum" => "102",
    "context" => "org_all",
    "exten" => "102",
    "language" => "en",
    "linkedid" => "1745047034.41",
    "priority" => "2",
    "privilege" => "dialplan,all",
    "uniqueid" => "1745047034.41",
    "value" => "102",
    "variable" => "DIALEDPEERNUMBER"
  },
  variables: %{}
}
[2025-04-19 07:17:17.087381Z] %ElixirAmi.Event{
  event: "dialend",
  source: :asterisk_connection,
  action_id: nil,
  keys: %{
    "accountcode" => "",
    "calleridname" => "101",
    "calleridnum" => "101",
    "channel" => "PJSIP/101-00000017",
    "channelstate" => "4",
    "channelstatedesc" => "Ring",
    "connectedlinename" => "102",
    "connectedlinenum" => "102",
    "context" => "org_all",
    "destaccountcode" => "",
    "destcalleridname" => "102",
    "destcalleridnum" => "102",
    "destchannel" => "PJSIP/102-00000018",
    "destchannelstate" => "6",
    "destchannelstatedesc" => "Up",
    "destconnectedlinename" => "101",
    "destconnectedlinenum" => "101",
    "destcontext" => "org_all",
    "destexten" => "",
    "destlanguage" => "en",
    "destlinkedid" => "1745047034.41",
    "destpriority" => "1",
    "destuniqueid" => "1745047034.42",
    "dialstatus" => "ANSWER",
    "exten" => "102",
    "language" => "en",
    "linkedid" => "1745047034.41",
    "priority" => "2",
    "privilege" => "call,all",
    "uniqueid" => "1745047034.41"
  },
  variables: %{}
}
[2025-04-19 07:17:17.087780Z] %ElixirAmi.Event{
  event: "newstate",
  source: :asterisk_connection,
  action_id: nil,
  keys: %{
    "accountcode" => "",
    "calleridname" => "101",
    "calleridnum" => "101",
    "channel" => "PJSIP/101-00000017",
    "channelstate" => "6",
    "channelstatedesc" => "Up",
    "connectedlinename" => "102",
    "connectedlinenum" => "102",
    "context" => "org_all",
    "exten" => "102",
    "language" => "en",
    "linkedid" => "1745047034.41",
    "priority" => "2",
    "privilege" => "call,all",
    "uniqueid" => "1745047034.41"
  },
  variables: %{}
}
[2025-04-19 07:17:17.088216Z] %ElixirAmi.Event{
  event: "newexten",
  source: :asterisk_connection,
  action_id: nil,
  keys: %{
    "accountcode" => "",
    "appdata" => "(Outgoing Line)",
    "application" => "AppDial",
    "calleridname" => "102",
    "calleridnum" => "102",
    "channel" => "PJSIP/102-00000018",
    "channelstate" => "6",
    "channelstatedesc" => "Up",
    "connectedlinename" => "101",
    "connectedlinenum" => "101",
    "context" => "org_all",
    "exten" => "",
    "extension" => "",
    "language" => "en",
    "linkedid" => "1745047034.41",
    "priority" => "1",
    "privilege" => "dialplan,all",
    "uniqueid" => "1745047034.42"
  },
  variables: %{}
}
[2025-04-19 07:17:17.088560Z] %ElixirAmi.Event{
  event: "bridgeenter",
  source: :asterisk_connection,
  action_id: nil,
  keys: %{
    "accountcode" => "",
    "bridgecreator" => "<unknown>",
    "bridgename" => "<unknown>",
    "bridgenumchannels" => "1",
    "bridgetechnology" => "simple_bridge",
    "bridgetype" => "basic",
    "bridgeuniqueid" => "b35fbe22-dd18-4ffc-9f97-a520cebf8ad7",
    "bridgevideosourcemode" => "none",
    "calleridname" => "102",
    "calleridnum" => "102",
    "channel" => "PJSIP/102-00000018",
    "channelstate" => "6",
    "channelstatedesc" => "Up",
    "connectedlinename" => "101",
    "connectedlinenum" => "101",
    "context" => "org_all",
    "exten" => "",
    "language" => "en",
    "linkedid" => "1745047034.41",
    "priority" => "1",
    "privilege" => "call,all",
    "uniqueid" => "1745047034.42"
  },
  variables: %{}
}
[2025-04-19 07:17:17.088983Z] %ElixirAmi.Event{
  event: "bridgeenter",
  source: :asterisk_connection,
  action_id: nil,
  keys: %{
    "accountcode" => "",
    "bridgecreator" => "<unknown>",
    "bridgename" => "<unknown>",
    "bridgenumchannels" => "2",
    "bridgetechnology" => "simple_bridge",
    "bridgetype" => "basic",
    "bridgeuniqueid" => "b35fbe22-dd18-4ffc-9f97-a520cebf8ad7",
    "bridgevideosourcemode" => "none",
    "calleridname" => "101",
    "calleridnum" => "101",
    "channel" => "PJSIP/101-00000017",
    "channelstate" => "6",
    "channelstatedesc" => "Up",
    "connectedlinename" => "102",
    "connectedlinenum" => "102",
    "context" => "org_all",
    "exten" => "102",
    "language" => "en",
    "linkedid" => "1745047034.41",
    "priority" => "2",
    "privilege" => "call,all",
    "uniqueid" => "1745047034.41"
  },
  variables: %{}
}
[2025-04-19 07:17:17.089400Z] %ElixirAmi.Event{
  event: "varset",
  source: :asterisk_connection,
  action_id: nil,
  keys: %{
    "accountcode" => "",
    "calleridname" => "101",
    "calleridnum" => "101",
    "channel" => "PJSIP/101-00000017",
    "channelstate" => "6",
    "channelstatedesc" => "Up",
    "connectedlinename" => "102",
    "connectedlinenum" => "102",
    "context" => "org_all",
    "exten" => "102",
    "language" => "en",
    "linkedid" => "1745047034.41",
    "priority" => "2",
    "privilege" => "dialplan,all",
    "uniqueid" => "1745047034.41",
    "value" => "PJSIP/102-00000018",
    "variable" => "BRIDGEPEER"
  },
  variables: %{}
}
[2025-04-19 07:17:17.089613Z] %ElixirAmi.Event{
  event: "varset",
  source: :asterisk_connection,
  action_id: nil,
  keys: %{
    "accountcode" => "",
    "calleridname" => "101",
    "calleridnum" => "101",
    "channel" => "PJSIP/101-00000017",
    "channelstate" => "6",
    "channelstatedesc" => "Up",
    "connectedlinename" => "102",
    "connectedlinenum" => "102",
    "context" => "org_all",
    "exten" => "102",
    "language" => "en",
    "linkedid" => "1745047034.41",
    "priority" => "2",
    "privilege" => "dialplan,all",
    "uniqueid" => "1745047034.41",
    "value" => "ccec0531-bec2-465d-a735-7ddc6f4e6670",
    "variable" => "BRIDGEPVTCALLID"
  },
  variables: %{}
}
[2025-04-19 07:17:17.089805Z] %ElixirAmi.Event{
  event: "varset",
  source: :asterisk_connection,
  action_id: nil,
  keys: %{
    "accountcode" => "",
    "calleridname" => "102",
    "calleridnum" => "102",
    "channel" => "PJSIP/102-00000018",
    "channelstate" => "6",
    "channelstatedesc" => "Up",
    "connectedlinename" => "101",
    "connectedlinenum" => "101",
    "context" => "org_all",
    "exten" => "",
    "language" => "en",
    "linkedid" => "1745047034.41",
    "priority" => "1",
    "privilege" => "dialplan,all",
    "uniqueid" => "1745047034.42",
    "value" => "PJSIP/101-00000017",
    "variable" => "BRIDGEPEER"
  },
  variables: %{}
}
[2025-04-19 07:17:17.090014Z] %ElixirAmi.Event{
  event: "varset",
  source: :asterisk_connection,
  action_id: nil,
  keys: %{
    "accountcode" => "",
    "calleridname" => "102",
    "calleridnum" => "102",
    "channel" => "PJSIP/102-00000018",
    "channelstate" => "6",
    "channelstatedesc" => "Up",
    "connectedlinename" => "101",
    "connectedlinenum" => "101",
    "context" => "org_all",
    "exten" => "",
    "language" => "en",
    "linkedid" => "1745047034.41",
    "priority" => "1",
    "privilege" => "dialplan,all",
    "uniqueid" => "1745047034.42",
    "value" => "70d88fc4cec4419e81836c5f741f90d5",
    "variable" => "BRIDGEPVTCALLID"
  },
  variables: %{}
}
[2025-04-19 07:17:17.090232Z] %ElixirAmi.Event{
  event: "varset",
  source: :asterisk_connection,
  action_id: nil,
  keys: %{
    "accountcode" => "",
    "calleridname" => "101",
    "calleridnum" => "101",
    "channel" => "PJSIP/101-00000017",
    "channelstate" => "6",
    "channelstatedesc" => "Up",
    "connectedlinename" => "102",
    "connectedlinenum" => "102",
    "context" => "org_all",
    "exten" => "102",
    "language" => "en",
    "linkedid" => "1745047034.41",
    "priority" => "2",
    "privilege" => "dialplan,all",
    "uniqueid" => "1745047034.41",
    "value" => "PJSIP/102-00000018",
    "variable" => "BRIDGEPEER"
  },
  variables: %{}
}
[2025-04-19 07:17:17.090497Z] %ElixirAmi.Event{
  event: "varset",
  source: :asterisk_connection,
  action_id: nil,
  keys: %{
    "accountcode" => "",
    "calleridname" => "101",
    "calleridnum" => "101",
    "channel" => "PJSIP/101-00000017",
    "channelstate" => "6",
    "channelstatedesc" => "Up",
    "connectedlinename" => "102",
    "connectedlinenum" => "102",
    "context" => "org_all",
    "exten" => "102",
    "language" => "en",
    "linkedid" => "1745047034.41",
    "priority" => "2",
    "privilege" => "dialplan,all",
    "uniqueid" => "1745047034.41",
    "value" => "ccec0531-bec2-465d-a735-7ddc6f4e6670",
    "variable" => "BRIDGEPVTCALLID"
  },
  variables: %{}
}
[2025-04-19 07:17:17.090713Z] %ElixirAmi.Event{
  event: "varset",
  source: :asterisk_connection,
  action_id: nil,
  keys: %{
    "accountcode" => "",
    "calleridname" => "102",
    "calleridnum" => "102",
    "channel" => "PJSIP/102-00000018",
    "channelstate" => "6",
    "channelstatedesc" => "Up",
    "connectedlinename" => "101",
    "connectedlinenum" => "101",
    "context" => "org_all",
    "exten" => "",
    "language" => "en",
    "linkedid" => "1745047034.41",
    "priority" => "1",
    "privilege" => "dialplan,all",
    "uniqueid" => "1745047034.42",
    "value" => "PJSIP/101-00000017",
    "variable" => "BRIDGEPEER"
  },
  variables: %{}
}
[2025-04-19 07:17:17.090907Z] %ElixirAmi.Event{
  event: "varset",
  source: :asterisk_connection,
  action_id: nil,
  keys: %{
    "accountcode" => "",
    "calleridname" => "102",
    "calleridnum" => "102",
    "channel" => "PJSIP/102-00000018",
    "channelstate" => "6",
    "channelstatedesc" => "Up",
    "connectedlinename" => "101",
    "connectedlinenum" => "101",
    "context" => "org_all",
    "exten" => "",
    "language" => "en",
    "linkedid" => "1745047034.41",
    "priority" => "1",
    "privilege" => "dialplan,all",
    "uniqueid" => "1745047034.42",
    "value" => "70d88fc4cec4419e81836c5f741f90d5",
    "variable" => "BRIDGEPVTCALLID"
  },
  variables: %{}
}
[2025-04-19 07:17:17.091111Z] %ElixirAmi.Event{
  event: "varset",
  source: :asterisk_connection,
  action_id: nil,
  keys: %{
    "accountcode" => "",
    "calleridname" => "101",
    "calleridnum" => "101",
    "channel" => "PJSIP/101-00000017",
    "channelstate" => "6",
    "channelstatedesc" => "Up",
    "connectedlinename" => "102",
    "connectedlinenum" => "102",
    "context" => "org_all",
    "exten" => "102",
    "language" => "en",
    "linkedid" => "1745047034.41",
    "priority" => "2",
    "privilege" => "dialplan,all",
    "uniqueid" => "1745047034.41",
    "value" => "PJSIP/102-00000018",
    "variable" => "BRIDGEPEER"
  },
  variables: %{}
}
[2025-04-19 07:17:17.091344Z] %ElixirAmi.Event{
  event: "varset",
  source: :asterisk_connection,
  action_id: nil,
  keys: %{
    "accountcode" => "",
    "calleridname" => "101",
    "calleridnum" => "101",
    "channel" => "PJSIP/101-00000017",
    "channelstate" => "6",
    "channelstatedesc" => "Up",
    "connectedlinename" => "102",
    "connectedlinenum" => "102",
    "context" => "org_all",
    "exten" => "102",
    "language" => "en",
    "linkedid" => "1745047034.41",
    "priority" => "2",
    "privilege" => "dialplan,all",
    "uniqueid" => "1745047034.41",
    "value" => "ccec0531-bec2-465d-a735-7ddc6f4e6670",
    "variable" => "BRIDGEPVTCALLID"
  },
  variables: %{}
}
[2025-04-19 07:17:17.091598Z] %ElixirAmi.Event{
  event: "varset",
  source: :asterisk_connection,
  action_id: nil,
  keys: %{
    "accountcode" => "",
    "calleridname" => "102",
    "calleridnum" => "102",
    "channel" => "PJSIP/102-00000018",
    "channelstate" => "6",
    "channelstatedesc" => "Up",
    "connectedlinename" => "101",
    "connectedlinenum" => "101",
    "context" => "org_all",
    "exten" => "",
    "language" => "en",
    "linkedid" => "1745047034.41",
    "priority" => "1",
    "privilege" => "dialplan,all",
    "uniqueid" => "1745047034.42",
    "value" => "PJSIP/101-00000017",
    "variable" => "BRIDGEPEER"
  },
  variables: %{}
}
[2025-04-19 07:17:17.091836Z] %ElixirAmi.Event{
  event: "varset",
  source: :asterisk_connection,
  action_id: nil,
  keys: %{
    "accountcode" => "",
    "calleridname" => "102",
    "calleridnum" => "102",
    "channel" => "PJSIP/102-00000018",
    "channelstate" => "6",
    "channelstatedesc" => "Up",
    "connectedlinename" => "101",
    "connectedlinenum" => "101",
    "context" => "org_all",
    "exten" => "",
    "language" => "en",
    "linkedid" => "1745047034.41",
    "priority" => "1",
    "privilege" => "dialplan,all",
    "uniqueid" => "1745047034.42",
    "value" => "70d88fc4cec4419e81836c5f741f90d5",
    "variable" => "BRIDGEPVTCALLID"
  },
  variables: %{}
}
[2025-04-19 07:17:17.092331Z] %ElixirAmi.Event{
  event: "rtcpreceived",
  source: :asterisk_connection,
  action_id: nil,
  keys: %{
    "accountcode" => "",
    "calleridname" => "101",
    "calleridnum" => "101",
    "channel" => "PJSIP/101-00000017",
    "channelstate" => "6",
    "channelstatedesc" => "Up",
    "connectedlinename" => "102",
    "connectedlinenum" => "102",
    "context" => "org_all",
    "exten" => "102",
    "from" => "192.168.0.16:4013",
    "language" => "en",
    "linkedid" => "1745047034.41",
    "mes" => "85.4",
    "priority" => "2",
    "privilege" => "reporting,all",
    "pt" => "201(RR)",
    "report0cumulativelost" => "0",
    "report0dlsr" => "0.0000",
    "report0fractionlost" => "0",
    "report0highestsequence" => "0",
    "report0iajitter" => "0",
    "report0lsr" => "0",
    "report0sequencenumbercycles" => "0",
    "report0sourcessrc" => "0x00000000",
    "reportcount" => "1",
    "rtt" => "0.0000",
    "ssrc" => "0x00000000",
    "to" => "192.168.0.16:12949",
    "uniqueid" => "1745047034.41"
  },
  variables: %{}
}
[2025-04-19 07:17:17.092900Z] %ElixirAmi.Event{
  event: "rtcpreceived",
  source: :asterisk_connection,
  action_id: nil,
  keys: %{
    "accountcode" => "",
    "calleridname" => "101",
    "calleridnum" => "101",
    "channel" => "PJSIP/101-00000017",
    "channelstate" => "6",
    "channelstatedesc" => "Up",
    "connectedlinename" => "102",
    "connectedlinenum" => "102",
    "context" => "org_all",
    "exten" => "102",
    "from" => "192.168.0.16:4013",
    "language" => "en",
    "linkedid" => "1745047034.41",
    "mes" => "85.4",
    "priority" => "2",
    "privilege" => "reporting,all",
    "pt" => "201(RR)",
    "report0cumulativelost" => "0",
    "report0dlsr" => "0.0000",
    "report0fractionlost" => "0",
    "report0highestsequence" => "0",
    "report0iajitter" => "0",
    "report0lsr" => "0",
    "report0sequencenumbercycles" => "0",
    "report0sourcessrc" => "0x00000000",
    "reportcount" => "1",
    "rtt" => "0.0000",
    "ssrc" => "0x00000000",
    "to" => "192.168.0.16:12949",
    "uniqueid" => "1745047034.41"
  },
  variables: %{}
}
[2025-04-19 07:17:17.094058Z] %ElixirAmi.Event{
  event: "varset",
  source: :asterisk_connection,
  action_id: nil,
  keys: %{
    "accountcode" => "",
    "calleridname" => "101",
    "calleridnum" => "101",
    "channel" => "PJSIP/101-00000017",
    "channelstate" => "6",
    "channelstatedesc" => "Up",
    "connectedlinename" => "102",
    "connectedlinenum" => "102",
    "context" => "org_all",
    "exten" => "102",
    "language" => "en",
    "linkedid" => "1745047034.41",
    "priority" => "2",
    "privilege" => "dialplan,all",
    "uniqueid" => "1745047034.41",
    "value" => "/home/rawmn/AsteriskConnector/priv/recordings/101_102_2025-04-191745047034.41.wav",
    "variable" => "MIXMONITOR_FILENAME"
  },
  variables: %{}
}
[2025-04-19 07:17:17.094334Z] %ElixirAmi.Event{
  event: "mixmonitorstart",
  source: :asterisk_connection,
  action_id: nil,
  keys: %{
    "accountcode" => "",
    "calleridname" => "101",
    "calleridnum" => "101",
    "channel" => "PJSIP/101-00000017",
    "channelstate" => "6",
    "channelstatedesc" => "Up",
    "connectedlinename" => "102",
    "connectedlinenum" => "102",
    "context" => "org_all",
    "exten" => "102",
    "language" => "en",
    "linkedid" => "1745047034.41",
    "priority" => "2",
    "privilege" => "call,all",
    "uniqueid" => "1745047034.41"
  },
  variables: %{}
}
[2025-04-19 07:17:17.094507Z] %ElixirAmi.Event{
  event: "varset",
  source: :asterisk_connection,
  action_id: nil,
  keys: %{
    "accountcode" => "",
    "calleridname" => "101",
    "calleridnum" => "101",
    "channel" => "PJSIP/101-00000017",
    "channelstate" => "6",
    "channelstatedesc" => "Up",
    "connectedlinename" => "102",
    "connectedlinenum" => "102",
    "context" => "org_all",
    "exten" => "102",
    "language" => "en",
    "linkedid" => "1745047034.41",
    "priority" => "2",
    "privilege" => "dialplan,all",
    "uniqueid" => "1745047034.41",
    "value" => "PJSIP/102-00000018",
    "variable" => "BRIDGEPEER"
  },
  variables: %{}
}
[2025-04-19 07:17:17.094697Z] %ElixirAmi.Event{
  event: "varset",
  source: :asterisk_connection,
  action_id: nil,
  keys: %{
    "accountcode" => "",
    "calleridname" => "101",
    "calleridnum" => "101",
    "channel" => "PJSIP/101-00000017",
    "channelstate" => "6",
    "channelstatedesc" => "Up",
    "connectedlinename" => "102",
    "connectedlinenum" => "102",
    "context" => "org_all",
    "exten" => "102",
    "language" => "en",
    "linkedid" => "1745047034.41",
    "priority" => "2",
    "privilege" => "dialplan,all",
    "uniqueid" => "1745047034.41",
    "value" => "ccec0531-bec2-465d-a735-7ddc6f4e6670",
    "variable" => "BRIDGEPVTCALLID"
  },
  variables: %{}
}
[2025-04-19 07:17:17.094874Z] %ElixirAmi.Event{
  event: "varset",
  source: :asterisk_connection,
  action_id: nil,
  keys: %{
    "accountcode" => "",
    "calleridname" => "102",
    "calleridnum" => "102",
    "channel" => "PJSIP/102-00000018",
    "channelstate" => "6",
    "channelstatedesc" => "Up",
    "connectedlinename" => "101",
    "connectedlinenum" => "101",
    "context" => "org_all",
    "exten" => "",
    "language" => "en",
    "linkedid" => "1745047034.41",
    "priority" => "1",
    "privilege" => "dialplan,all",
    "uniqueid" => "1745047034.42",
    "value" => "PJSIP/101-00000017",
    "variable" => "BRIDGEPEER"
  },
  variables: %{}
}
[2025-04-19 07:17:17.095047Z] %ElixirAmi.Event{
  event: "varset",
  source: :asterisk_connection,
  action_id: nil,
  keys: %{
    "accountcode" => "",
    "calleridname" => "102",
    "calleridnum" => "102",
    "channel" => "PJSIP/102-00000018",
    "channelstate" => "6",
    "channelstatedesc" => "Up",
    "connectedlinename" => "101",
    "connectedlinenum" => "101",
    "context" => "org_all",
    "exten" => "",
    "language" => "en",
    "linkedid" => "1745047034.41",
    "priority" => "1",
    "privilege" => "dialplan,all",
    "uniqueid" => "1745047034.42",
    "value" => "70d88fc4cec4419e81836c5f741f90d5",
    "variable" => "BRIDGEPVTCALLID"
  },
  variables: %{}
}
[2025-04-19 07:17:17.095230Z] %ElixirAmi.Event{
  event: "varset",
  source: :asterisk_connection,
  action_id: nil,
  keys: %{
    "accountcode" => "",
    "calleridname" => "101",
    "calleridnum" => "101",
    "channel" => "PJSIP/101-00000017",
    "channelstate" => "6",
    "channelstatedesc" => "Up",
    "connectedlinename" => "102",
    "connectedlinenum" => "102",
    "context" => "org_all",
    "exten" => "102",
    "language" => "en",
    "linkedid" => "1745047034.41",
    "priority" => "2",
    "privilege" => "dialplan,all",
    "uniqueid" => "1745047034.41",
    "value" => "PJSIP/102-00000018",
    "variable" => "BRIDGEPEER"
  },
  variables: %{}
}
[2025-04-19 07:17:17.095386Z] %ElixirAmi.Event{
  event: "varset",
  source: :asterisk_connection,
  action_id: nil,
  keys: %{
    "accountcode" => "",
    "calleridname" => "101",
    "calleridnum" => "101",
    "channel" => "PJSIP/101-00000017",
    "channelstate" => "6",
    "channelstatedesc" => "Up",
    "connectedlinename" => "102",
    "connectedlinenum" => "102",
    "context" => "org_all",
    "exten" => "102",
    "language" => "en",
    "linkedid" => "1745047034.41",
    "priority" => "2",
    "privilege" => "dialplan,all",
    "uniqueid" => "1745047034.41",
    "value" => "ccec0531-bec2-465d-a735-7ddc6f4e6670",
    "variable" => "BRIDGEPVTCALLID"
  },
  variables: %{}
}
[2025-04-19 07:17:17.095555Z] %ElixirAmi.Event{
  event: "varset",
  source: :asterisk_connection,
  action_id: nil,
  keys: %{
    "accountcode" => "",
    "calleridname" => "102",
    "calleridnum" => "102",
    "channel" => "PJSIP/102-00000018",
    "channelstate" => "6",
    "channelstatedesc" => "Up",
    "connectedlinename" => "101",
    "connectedlinenum" => "101",
    "context" => "org_all",
    "exten" => "",
    "language" => "en",
    "linkedid" => "1745047034.41",
    "priority" => "1",
    "privilege" => "dialplan,all",
    "uniqueid" => "1745047034.42",
    "value" => "PJSIP/101-00000017",
    "variable" => "BRIDGEPEER"
  },
  variables: %{}
}
[2025-04-19 07:17:17.095714Z] %ElixirAmi.Event{
  event: "varset",
  source: :asterisk_connection,
  action_id: nil,
  keys: %{
    "accountcode" => "",
    "calleridname" => "102",
    "calleridnum" => "102",
    "channel" => "PJSIP/102-00000018",
    "channelstate" => "6",
    "channelstatedesc" => "Up",
    "connectedlinename" => "101",
    "connectedlinenum" => "101",
    "context" => "org_all",
    "exten" => "",
    "language" => "en",
    "linkedid" => "1745047034.41",
    "priority" => "1",
    "privilege" => "dialplan,all",
    "uniqueid" => "1745047034.42",
    "value" => "70d88fc4cec4419e81836c5f741f90d5",
    "variable" => "BRIDGEPVTCALLID"
  },
  variables: %{}
}
[2025-04-19 07:17:17.095924Z] %ElixirAmi.Event{
  event: "varset",
  source: :asterisk_connection,
  action_id: nil,
  keys: %{
    "accountcode" => "",
    "calleridname" => "101",
    "calleridnum" => "101",
    "channel" => "PJSIP/101-00000017",
    "channelstate" => "6",
    "channelstatedesc" => "Up",
    "connectedlinename" => "102",
    "connectedlinenum" => "102",
    "context" => "org_all",
    "exten" => "102",
    "language" => "en",
    "linkedid" => "1745047034.41",
    "priority" => "2",
    "privilege" => "dialplan,all",
    "uniqueid" => "1745047034.41",
    "value" => "PJSIP/102-00000018",
    "variable" => "BRIDGEPEER"
  },
  variables: %{}
}
[2025-04-19 07:17:17.096166Z] %ElixirAmi.Event{
  event: "varset",
  source: :asterisk_connection,
  action_id: nil,
  keys: %{
    "accountcode" => "",
    "calleridname" => "101",
    "calleridnum" => "101",
    "channel" => "PJSIP/101-00000017",
    "channelstate" => "6",
    "channelstatedesc" => "Up",
    "connectedlinename" => "102",
    "connectedlinenum" => "102",
    "context" => "org_all",
    "exten" => "102",
    "language" => "en",
    "linkedid" => "1745047034.41",
    "priority" => "2",
    "privilege" => "dialplan,all",
    "uniqueid" => "1745047034.41",
    "value" => "ccec0531-bec2-465d-a735-7ddc6f4e6670",
    "variable" => "BRIDGEPVTCALLID"
  },
  variables: %{}
}
[2025-04-19 07:17:17.096353Z] %ElixirAmi.Event{
  event: "varset",
  source: :asterisk_connection,
  action_id: nil,
  keys: %{
    "accountcode" => "",
    "calleridname" => "102",
    "calleridnum" => "102",
    "channel" => "PJSIP/102-00000018",
    "channelstate" => "6",
    "channelstatedesc" => "Up",
    "connectedlinename" => "101",
    "connectedlinenum" => "101",
    "context" => "org_all",
    "exten" => "",
    "language" => "en",
    "linkedid" => "1745047034.41",
    "priority" => "1",
    "privilege" => "dialplan,all",
    "uniqueid" => "1745047034.42",
    "value" => "PJSIP/101-00000017",
    "variable" => "BRIDGEPEER"
  },
  variables: %{}
}
[2025-04-19 07:17:17.096514Z] %ElixirAmi.Event{
  event: "varset",
  source: :asterisk_connection,
  action_id: nil,
  keys: %{
    "accountcode" => "",
    "calleridname" => "102",
    "calleridnum" => "102",
    "channel" => "PJSIP/102-00000018",
    "channelstate" => "6",
    "channelstatedesc" => "Up",
    "connectedlinename" => "101",
    "connectedlinenum" => "101",
    "context" => "org_all",
    "exten" => "",
    "language" => "en",
    "linkedid" => "1745047034.41",
    "priority" => "1",
    "privilege" => "dialplan,all",
    "uniqueid" => "1745047034.42",
    "value" => "70d88fc4cec4419e81836c5f741f90d5",
    "variable" => "BRIDGEPVTCALLID"
  },
  variables: %{}
}
[2025-04-19 07:17:17.103870Z] %ElixirAmi.Event{
  event: "varset",
  source: :asterisk_connection,
  action_id: nil,
  keys: %{
    "accountcode" => "",
    "calleridname" => "101",
    "calleridnum" => "101",
    "channel" => "PJSIP/101-00000017",
    "channelstate" => "6",
    "channelstatedesc" => "Up",
    "connectedlinename" => "102",
    "connectedlinenum" => "102",
    "context" => "org_all",
    "exten" => "102",
    "language" => "en",
    "linkedid" => "1745047034.41",
    "priority" => "2",
    "privilege" => "dialplan,all",
    "uniqueid" => "1745047034.41",
    "value" => "PJSIP/102-00000018",
    "variable" => "BRIDGEPEER"
  },
  variables: %{}
}
[2025-04-19 07:17:17.104103Z] %ElixirAmi.Event{
  event: "varset",
  source: :asterisk_connection,
  action_id: nil,
  keys: %{
    "accountcode" => "",
    "calleridname" => "101",
    "calleridnum" => "101",
    "channel" => "PJSIP/101-00000017",
    "channelstate" => "6",
    "channelstatedesc" => "Up",
    "connectedlinename" => "102",
    "connectedlinenum" => "102",
    "context" => "org_all",
    "exten" => "102",
    "language" => "en",
    "linkedid" => "1745047034.41",
    "priority" => "2",
    "privilege" => "dialplan,all",
    "uniqueid" => "1745047034.41",
    "value" => "ccec0531-bec2-465d-a735-7ddc6f4e6670",
    "variable" => "BRIDGEPVTCALLID"
  },
  variables: %{}
}
[2025-04-19 07:17:17.104386Z] %ElixirAmi.Event{
  event: "varset",
  source: :asterisk_connection,
  action_id: nil,
  keys: %{
    "accountcode" => "",
    "calleridname" => "102",
    "calleridnum" => "102",
    "channel" => "PJSIP/102-00000018",
    "channelstate" => "6",
    "channelstatedesc" => "Up",
    "connectedlinename" => "101",
    "connectedlinenum" => "101",
    "context" => "org_all",
    "exten" => "",
    "language" => "en",
    "linkedid" => "1745047034.41",
    "priority" => "1",
    "privilege" => "dialplan,all",
    "uniqueid" => "1745047034.42",
    "value" => "PJSIP/101-00000017",
    "variable" => "BRIDGEPEER"
  },
  variables: %{}
}
[2025-04-19 07:17:17.104586Z] %ElixirAmi.Event{
  event: "varset",
  source: :asterisk_connection,
  action_id: nil,
  keys: %{
    "accountcode" => "",
    "calleridname" => "102",
    "calleridnum" => "102",
    "channel" => "PJSIP/102-00000018",
    "channelstate" => "6",
    "channelstatedesc" => "Up",
    "connectedlinename" => "101",
    "connectedlinenum" => "101",
    "context" => "org_all",
    "exten" => "",
    "language" => "en",
    "linkedid" => "1745047034.41",
    "priority" => "1",
    "privilege" => "dialplan,all",
    "uniqueid" => "1745047034.42",
    "value" => "70d88fc4cec4419e81836c5f741f90d5",
    "variable" => "BRIDGEPVTCALLID"
  },
  variables: %{}
}
[2025-04-19 07:17:17.267125Z] %ElixirAmi.Event{
  event: "rtcpreceived",
  source: :asterisk_connection,
  action_id: nil,
  keys: %{
    "pt" => "200(SR)",
    "report0highestsequence" => "20257",
    "mes" => "85.4",
    "privilege" => "reporting,all",
    "channelstatedesc" => "Up",
    "uniqueid" => "1745047034.41",
    "sentntp" => "1745072237.180689",
    "report0fractionlost" => "0",
    "sentpackets" => "9",
    "report0lsr" => "0",
    "linkedid" => "1745047034.41",
    "ssrc" => "0xebae2eed",
    "exten" => "102",
    "channel" => "PJSIP/101-00000017",
    "report0iajitter" => "0",
    "sentrtp" => "1440",
    "context" => "org_all",
    "connectedlinename" => "102",
    "priority" => "2",
    "rtt" => "0.0000",
    "to" => "192.168.0.16:12949",
    "reportcount" => "1",
    "language" => "en",
    "sentoctets" => "1440",
    "calleridname" => "101",
    "from" => "192.168.0.16:4013",
    "report0cumulativelost" => "0",
    "report0sequencenumbercycles" => "0",
    "calleridnum" => "101",
    "channelstate" => "6",
    "accountcode" => "",
    "report0dlsr" => "0.0000",
    "report0sourcessrc" => "0x51a08b1c",
    "connectedlinenum" => "102"
  },
  variables: %{}
}
[2025-04-19 07:17:17.282512Z] %ElixirAmi.Event{
  event: "rtcpreceived",
  source: :asterisk_connection,
  action_id: nil,
  keys: %{
    "pt" => "200(SR)",
    "report0highestsequence" => "5754",
    "mes" => "85.4",
    "privilege" => "reporting,all",
    "channelstatedesc" => "Up",
    "uniqueid" => "1745047034.42",
    "sentntp" => "1745072237.197886",
    "report0fractionlost" => "0",
    "sentpackets" => "10",
    "report0lsr" => "0",
    "linkedid" => "1745047034.41",
    "ssrc" => "0xebae2eed",
    "exten" => "",
    "channel" => "PJSIP/102-00000018",
    "report0iajitter" => "0",
    "sentrtp" => "1576",
    "context" => "org_all",
    "connectedlinename" => "101",
    "priority" => "1",
    "rtt" => "0.0000",
    "to" => "192.168.0.16:19179",
    "reportcount" => "1",
    "language" => "en",
    "sentoctets" => "1600",
    "calleridname" => "102",
    "from" => "192.168.0.16:4019",
    "report0cumulativelost" => "0",
    "report0sequencenumbercycles" => "0",
    "calleridnum" => "102",
    "channelstate" => "6",
    "accountcode" => "",
    "report0dlsr" => "0.0000",
    "report0sourcessrc" => "0x6d70d098",
    "connectedlinenum" => "101"
  },
  variables: %{}
}
[2025-04-19 07:17:22.085237Z] %ElixirAmi.Event{
  event: "rtcpsent",
  source: :asterisk_connection,
  action_id: nil,
  keys: %{
    "pt" => "200(SR)",
    "report0highestsequence" => "5289",
    "mes" => "85.4",
    "privilege" => "reporting,all",
    "channelstatedesc" => "Up",
    "uniqueid" => "1745047034.42",
    "sentntp" => "1745047042.084460",
    "report0fractionlost" => "0",
    "sentpackets" => "250",
    "report0lsr" => "787296936",
    "linkedid" => "1745047034.41",
    "ssrc" => "0x6d70d098",
    "exten" => "",
    "channel" => "PJSIP/102-00000018",
    "report0iajitter" => "5",
    "sentrtp" => "40000",
    "context" => "org_all",
    "connectedlinename" => "101",
    "priority" => "1",
    "to" => "192.168.0.16:4019",
    "reportcount" => "1",
    "language" => "en",
    "sentoctets" => "40000",
    "calleridname" => "102",
    "from" => "192.168.0.16:19179",
    "report0cumulativelost" => "0",
    "report0sequencenumbercycles" => "0",
    "calleridnum" => "102",
    "channelstate" => "6",
    "accountcode" => "",
    "report0dlsr" => "4.8020",
    "report0sourcessrc" => "0x62b51d37",
    "connectedlinenum" => "101"
  },
  variables: %{}
}
[2025-04-19 07:17:22.085664Z] %ElixirAmi.Event{
  event: "rtcpsent",
  source: :asterisk_connection,
  action_id: nil,
  keys: %{
    "pt" => "200(SR)",
    "report0highestsequence" => "28573",
    "mes" => "85.4",
    "privilege" => "reporting,all",
    "channelstatedesc" => "Up",
    "uniqueid" => "1745047034.41",
    "sentntp" => "1745047042.084488",
    "report0fractionlost" => "0",
    "sentpackets" => "250",
    "report0lsr" => "787295809",
    "linkedid" => "1745047034.41",
    "ssrc" => "0x51a08b1c",
    "exten" => "102",
    "channel" => "PJSIP/101-00000017",
    "report0iajitter" => "6",
    "sentrtp" => "40000",
    "context" => "org_all",
    "connectedlinename" => "102",
    "priority" => "2",
    "to" => "192.168.0.16:4013",
    "reportcount" => "1",
    "language" => "en",
    "sentoctets" => "40000",
    "calleridname" => "101",
    "from" => "192.168.0.16:12949",
    "report0cumulativelost" => "0",
    "report0sequencenumbercycles" => "0",
    "calleridnum" => "101",
    "channelstate" => "6",
    "accountcode" => "",
    "report0dlsr" => "4.8170",
    "report0sourcessrc" => "0x3abd5fe1",
    "connectedlinenum" => "102"
  },
  variables: %{}
}
[2025-04-19 07:17:22.146690Z] %ElixirAmi.Event{
  event: "rtcpreceived",
  source: :asterisk_connection,
  action_id: nil,
  keys: %{
    "pt" => "200(SR)",
    "report0highestsequence" => "5997",
    "mes" => "85.4",
    "privilege" => "reporting,all",
    "channelstatedesc" => "Up",
    "uniqueid" => "1745047034.42",
    "sentntp" => "1745072242.061983",
    "report0fractionlost" => "0",
    "sentpackets" => "253",
    "report0lsr" => "3431077279",
    "linkedid" => "1745047034.41",
    "ssrc" => "0xebae2ef2",
    "exten" => "",
    "channel" => "PJSIP/102-00000018",
    "report0iajitter" => "7",
    "sentrtp" => "40488",
    "context" => "org_all",
    "connectedlinename" => "101",
    "priority" => "1",
    "rtt" => "0.0001",
    "to" => "192.168.0.16:19179",
    "reportcount" => "1",
    "language" => "en",
    "sentoctets" => "40480",
    "calleridname" => "102",
    "from" => "192.168.0.16:4019",
    "report0cumulativelost" => "0",
    "report0sequencenumbercycles" => "0",
    "calleridnum" => "102",
    "channelstate" => "6",
    "accountcode" => "",
    "report0dlsr" => "0.0617",
    "report0sourcessrc" => "0x6d70d098",
    "connectedlinenum" => "101"
  },
  variables: %{}
}
[2025-04-19 07:17:22.200042Z] %ElixirAmi.Event{
  event: "rtcpreceived",
  source: :asterisk_connection,
  action_id: nil,
  keys: %{
    "pt" => "200(SR)",
    "report0highestsequence" => "5999",
    "mes" => "85.4",
    "privilege" => "reporting,all",
    "channelstatedesc" => "Up",
    "uniqueid" => "1745047034.42",
    "sentntp" => "1745072242.115076",
    "report0fractionlost" => "0",
    "sentpackets" => "256",
    "report0lsr" => "3431077279",
    "linkedid" => "1745047034.41",
    "ssrc" => "0xebae2ef2",
    "exten" => "",
    "channel" => "PJSIP/102-00000018",
    "report0iajitter" => "6",
    "sentrtp" => "40920",
    "context" => "org_all",
    "connectedlinename" => "101",
    "priority" => "1",
    "rtt" => "0.0001",
    "to" => "192.168.0.16:19179",
    "reportcount" => "1",
    "language" => "en",
    "sentoctets" => "40960",
    "calleridname" => "102",
    "from" => "192.168.0.16:4019",
    "report0cumulativelost" => "0",
    "report0sequencenumbercycles" => "0",
    "calleridnum" => "102",
    "channelstate" => "6",
    "accountcode" => "",
    "report0dlsr" => "0.1147",
    "report0sourcessrc" => "0x6d70d098",
    "connectedlinenum" => "101"
  },
  variables: %{}
}
[2025-04-19 07:17:22.200474Z] %ElixirAmi.Event{
  event: "rtcpreceived",
  source: :asterisk_connection,
  action_id: nil,
  keys: %{
    "accountcode" => "",
    "calleridname" => "102",
    "calleridnum" => "102",
    "channel" => "PJSIP/102-00000018",
    "channelstate" => "6",
    "channelstatedesc" => "Up",
    "connectedlinename" => "101",
    "connectedlinenum" => "101",
    "context" => "org_all",
    "exten" => "",
    "from" => "192.168.0.16:4019",
    "language" => "en",
    "linkedid" => "1745047034.41",
    "mes" => "85.4",
    "priority" => "1",
    "privilege" => "reporting,all",
    "pt" => "201(RR)",
    "report0cumulativelost" => "0",
    "report0dlsr" => "0.1148",
    "report0fractionlost" => "0",
    "report0highestsequence" => "5999",
    "report0iajitter" => "6",
    "report0lsr" => "3431077279",
    "report0sequencenumbercycles" => "0",
    "report0sourcessrc" => "0x6d70d098",
    "reportcount" => "1",
    "rtt" => "0.0001",
    "ssrc" => "0x6d70d098",
    "to" => "192.168.0.16:19179",
    "uniqueid" => "1745047034.42"
  },
  variables: %{}
}
[2025-04-19 07:17:22.200933Z] %ElixirAmi.Event{
  event: "varset",
  source: :asterisk_connection,
  action_id: nil,
  keys: %{
    "accountcode" => "",
    "calleridname" => "102",
    "calleridnum" => "102",
    "channel" => "PJSIP/102-00000018",
    "channelstate" => "6",
    "channelstatedesc" => "Up",
    "connectedlinename" => "101",
    "connectedlinenum" => "101",
    "context" => "org_all",
    "exten" => "",
    "language" => "en",
    "linkedid" => "1745047034.41",
    "priority" => "1",
    "privilege" => "dialplan,all",
    "uniqueid" => "1745047034.42",
    "value" => "ssrc=1836109976;themssrc=1656036663;lp=0;rxjitter=0.000750;rxcount=256;txjitter=0.000625;txcount=255;rlp=0;rtt=0.000076;rxmes=85.365766;txmes=85.367289",
    "variable" => "RTPAUDIOQOS"
  },
  variables: %{}
}
[2025-04-19 07:17:22.201160Z] %ElixirAmi.Event{
  event: "varset",
  source: :asterisk_connection,
  action_id: nil,
  keys: %{
    "accountcode" => "",
    "calleridname" => "101",
    "calleridnum" => "101",
    "channel" => "PJSIP/101-00000017",
    "channelstate" => "6",
    "channelstatedesc" => "Up",
    "connectedlinename" => "102",
    "connectedlinenum" => "102",
    "context" => "org_all",
    "exten" => "102",
    "language" => "en",
    "linkedid" => "1745047034.41",
    "priority" => "2",
    "privilege" => "dialplan,all",
    "uniqueid" => "1745047034.41",
    "value" => "ssrc=1836109976;themssrc=1656036663;lp=0;rxjitter=0.000750;rxcount=256;txjitter=0.000625;txcount=255;rlp=0;rtt=0.000076;rxmes=85.365766;txmes=85.367289",
    "variable" => "RTPAUDIOQOSBRIDGED"
  },
  variables: %{}
}
[2025-04-19 07:17:22.201675Z] %ElixirAmi.Event{
  event: "varset",
  source: :asterisk_connection,
  action_id: nil,
  keys: %{
    "accountcode" => "",
    "calleridname" => "102",
    "calleridnum" => "102",
    "channel" => "PJSIP/102-00000018",
    "channelstate" => "6",
    "channelstatedesc" => "Up",
    "connectedlinename" => "101",
    "connectedlinenum" => "101",
    "context" => "org_all",
    "exten" => "",
    "language" => "en",
    "linkedid" => "1745047034.41",
    "priority" => "1",
    "privilege" => "dialplan,all",
    "uniqueid" => "1745047034.42",
    "value" => "minrxjitter=000.000000;maxrxjitter=000.000750;avgrxjitter=000.000621;stdevrxjitter=000.000134;mintxjitter=000.000000;maxtxjitter=000.000875;avgtxjitter=000.000396;stdevtxjitter=000.000398;",
    "variable" => "RTPAUDIOQOSJITTER"
  },
  variables: %{}
}
[2025-04-19 07:17:22.202087Z] %ElixirAmi.Event{
  event: "varset",
  source: :asterisk_connection,
  action_id: nil,
  keys: %{
    "accountcode" => "",
    "calleridname" => "101",
    "calleridnum" => "101",
    "channel" => "PJSIP/101-00000017",
    "channelstate" => "6",
    "channelstatedesc" => "Up",
    "connectedlinename" => "102",
    "connectedlinenum" => "102",
    "context" => "org_all",
    "exten" => "102",
    "language" => "en",
    "linkedid" => "1745047034.41",
    "priority" => "2",
    "privilege" => "dialplan,all",
    "uniqueid" => "1745047034.41",
    "value" => "minrxjitter=000.000000;maxrxjitter=000.000750;avgrxjitter=000.000621;stdevrxjitter=000.000134;mintxjitter=000.000000;maxtxjitter=000.000875;avgtxjitter=000.000396;stdevtxjitter=000.000398;",
    "variable" => "RTPAUDIOQOSJITTERBRIDGED"
  },
  variables: %{}
}
[2025-04-19 07:17:22.202362Z] %ElixirAmi.Event{
  event: "varset",
  source: :asterisk_connection,
  action_id: nil,
  keys: %{
    "accountcode" => "",
    "calleridname" => "102",
    "calleridnum" => "102",
    "channel" => "PJSIP/102-00000018",
    "channelstate" => "6",
    "channelstatedesc" => "Up",
    "connectedlinename" => "101",
    "connectedlinenum" => "101",
    "context" => "org_all",
    "exten" => "",
    "language" => "en",
    "linkedid" => "1745047034.41",
    "priority" => "1",
    "privilege" => "dialplan,all",
    "uniqueid" => "1745047034.42",
    "value" => "minrxlost=000.000000;  maxrxlost=000.000000;  avgrxlost=000.000000;  stdevrxlost=000.000000;  mintxlost=000.000000;  maxtxlost=000.000000;  avgtxlost=000.000000;  stdevtxlost=000.000000;",
    "variable" => "RTPAUDIOQOSLOSS"
  },
  variables: %{}
}
[2025-04-19 07:17:22.202636Z] %ElixirAmi.Event{
  event: "varset",
  source: :asterisk_connection,
  action_id: nil,
  keys: %{
    "accountcode" => "",
    "calleridname" => "101",
    "calleridnum" => "101",
    "channel" => "PJSIP/101-00000017",
    "channelstate" => "6",
    "channelstatedesc" => "Up",
    "connectedlinename" => "102",
    "connectedlinenum" => "102",
    "context" => "org_all",
    "exten" => "102",
    "language" => "en",
    "linkedid" => "1745047034.41",
    "priority" => "2",
    "privilege" => "dialplan,all",
    "uniqueid" => "1745047034.41",
    "value" => "minrxlost=000.000000;  maxrxlost=000.000000;  avgrxlost=000.000000;  stdevrxlost=000.000000;  mintxlost=000.000000;  maxtxlost=000.000000;  avgtxlost=000.000000;  stdevtxlost=000.000000;",
    "variable" => "RTPAUDIOQOSLOSSBRIDGED"
  },
  variables: %{}
}
[2025-04-19 07:17:22.202897Z] %ElixirAmi.Event{
  event: "varset",
  source: :asterisk_connection,
  action_id: nil,
  keys: %{
    "accountcode" => "",
    "calleridname" => "102",
    "calleridnum" => "102",
    "channel" => "PJSIP/102-00000018",
    "channelstate" => "6",
    "channelstatedesc" => "Up",
    "connectedlinename" => "101",
    "connectedlinenum" => "101",
    "context" => "org_all",
    "exten" => "",
    "language" => "en",
    "linkedid" => "1745047034.41",
    "priority" => "1",
    "privilege" => "dialplan,all",
    "uniqueid" => "1745047034.42",
    "value" => "minrtt=000.000076;     maxrtt=000.000106;     avgrtt=000.000091;     stdevrtt=000.000012;",
    "variable" => "RTPAUDIOQOSRTT"
  },
  variables: %{}
}
[2025-04-19 07:17:22.203025Z] %ElixirAmi.Event{
  event: "varset",
  source: :asterisk_connection,
  action_id: nil,
  keys: %{
    "accountcode" => "",
    "calleridname" => "101",
    "calleridnum" => "101",
    "channel" => "PJSIP/101-00000017",
    "channelstate" => "6",
    "channelstatedesc" => "Up",
    "connectedlinename" => "102",
    "connectedlinenum" => "102",
    "context" => "org_all",
    "exten" => "102",
    "language" => "en",
    "linkedid" => "1745047034.41",
    "priority" => "2",
    "privilege" => "dialplan,all",
    "uniqueid" => "1745047034.41",
    "value" => "minrtt=000.000076;     maxrtt=000.000106;     avgrtt=000.000091;     stdevrtt=000.000012;",
    "variable" => "RTPAUDIOQOSRTTBRIDGED"
  },
  variables: %{}
}
[2025-04-19 07:17:22.203237Z] %ElixirAmi.Event{
  event: "varset",
  source: :asterisk_connection,
  action_id: nil,
  keys: %{
    "accountcode" => "",
    "calleridname" => "102",
    "calleridnum" => "102",
    "channel" => "PJSIP/102-00000018",
    "channelstate" => "6",
    "channelstatedesc" => "Up",
    "connectedlinename" => "101",
    "connectedlinenum" => "101",
    "context" => "org_all",
    "exten" => "",
    "language" => "en",
    "linkedid" => "1745047034.41",
    "priority" => "1",
    "privilege" => "dialplan,all",
    "uniqueid" => "1745047034.42",
    "value" => "minrxmes=085.367289;   maxrxmes=085.367289;   avgrxmes=085.367289;   stdevrxmes=000.000134;   mintxmes=085.365640;   maxtxmes=085.367289;   avgtxmes=085.366506;   stdevtxmes=000.000784;",
    "variable" => "RTPAUDIOQOSMES"
  },
  variables: %{}
}
[2025-04-19 07:17:22.203479Z] %ElixirAmi.Event{
  event: "varset",
  source: :asterisk_connection,
  action_id: nil,
  keys: %{
    "accountcode" => "",
    "calleridname" => "101",
    "calleridnum" => "101",
    "channel" => "PJSIP/101-00000017",
    "channelstate" => "6",
    "channelstatedesc" => "Up",
    "connectedlinename" => "102",
    "connectedlinenum" => "102",
    "context" => "org_all",
    "exten" => "102",
    "language" => "en",
    "linkedid" => "1745047034.41",
    "priority" => "2",
    "privilege" => "dialplan,all",
    "uniqueid" => "1745047034.41",
    "value" => "minrxmes=085.367289;   maxrxmes=085.367289;   avgrxmes=085.367289;   stdevrxmes=000.000134;   mintxmes=085.365640;   maxtxmes=085.367289;   avgtxmes=085.366506;   stdevtxmes=000.000784;",
    "variable" => "RTPAUDIOQOSMESBRIDGED"
  },
  variables: %{}
}
[2025-04-19 07:17:22.203627Z] %ElixirAmi.Event{
  event: "hanguprequest",
  source: :asterisk_connection,
  action_id: nil,
  keys: %{
    "accountcode" => "",
    "calleridname" => "102",
    "calleridnum" => "102",
    "channel" => "PJSIP/102-00000018",
    "channelstate" => "6",
    "channelstatedesc" => "Up",
    "connectedlinename" => "101",
    "connectedlinenum" => "101",
    "context" => "org_all",
    "exten" => "",
    "language" => "en",
    "linkedid" => "1745047034.41",
    "priority" => "1",
    "privilege" => "call,all",
    "uniqueid" => "1745047034.42"
  },
  variables: %{}
}
[2025-04-19 07:17:22.203810Z] %ElixirAmi.Event{
  event: "varset",
  source: :asterisk_connection,
  action_id: nil,
  keys: %{
    "accountcode" => "",
    "calleridname" => "102",
    "calleridnum" => "102",
    "channel" => "PJSIP/102-00000018",
    "channelstate" => "6",
    "channelstatedesc" => "Up",
    "connectedlinename" => "101",
    "connectedlinenum" => "101",
    "context" => "org_all",
    "exten" => "",
    "language" => "en",
    "linkedid" => "1745047034.41",
    "priority" => "1",
    "privilege" => "dialplan,all",
    "uniqueid" => "1745047034.42",
    "value" => "",
    "variable" => "BRIDGEPEER"
  },
  variables: %{}
}
[2025-04-19 07:17:22.204076Z] %ElixirAmi.Event{
  event: "varset",
  source: :asterisk_connection,
  action_id: nil,
  keys: %{
    "accountcode" => "",
    "calleridname" => "102",
    "calleridnum" => "102",
    "channel" => "PJSIP/102-00000018",
    "channelstate" => "6",
    "channelstatedesc" => "Up",
    "connectedlinename" => "101",
    "connectedlinenum" => "101",
    "context" => "org_all",
    "exten" => "",
    "language" => "en",
    "linkedid" => "1745047034.41",
    "priority" => "1",
    "privilege" => "dialplan,all",
    "uniqueid" => "1745047034.42",
    "value" => "",
    "variable" => "BRIDGEPVTCALLID"
  },
  variables: %{}
}
[2025-04-19 07:17:22.204203Z] %ElixirAmi.Event{
  event: "varset",
  source: :asterisk_connection,
  action_id: nil,
  keys: %{
    "accountcode" => "",
    "calleridname" => "101",
    "calleridnum" => "101",
    "channel" => "PJSIP/101-00000017",
    "channelstate" => "6",
    "channelstatedesc" => "Up",
    "connectedlinename" => "102",
    "connectedlinenum" => "102",
    "context" => "org_all",
    "exten" => "102",
    "language" => "en",
    "linkedid" => "1745047034.41",
    "priority" => "2",
    "privilege" => "dialplan,all",
    "uniqueid" => "1745047034.41",
    "value" => "",
    "variable" => "BRIDGEPEER"
  },
  variables: %{}
}
[2025-04-19 07:17:22.204340Z] %ElixirAmi.Event{
  event: "varset",
  source: :asterisk_connection,
  action_id: nil,
  keys: %{
    "accountcode" => "",
    "calleridname" => "101",
    "calleridnum" => "101",
    "channel" => "PJSIP/101-00000017",
    "channelstate" => "6",
    "channelstatedesc" => "Up",
    "connectedlinename" => "102",
    "connectedlinenum" => "102",
    "context" => "org_all",
    "exten" => "102",
    "language" => "en",
    "linkedid" => "1745047034.41",
    "priority" => "2",
    "privilege" => "dialplan,all",
    "uniqueid" => "1745047034.41",
    "value" => "",
    "variable" => "BRIDGEPVTCALLID"
  },
  variables: %{}
}
[2025-04-19 07:17:22.204514Z] %ElixirAmi.Event{
  event: "bridgeleave",
  source: :asterisk_connection,
  action_id: nil,
  keys: %{
    "accountcode" => "",
    "bridgecreator" => "<unknown>",
    "bridgename" => "<unknown>",
    "bridgenumchannels" => "1",
    "bridgetechnology" => "simple_bridge",
    "bridgetype" => "basic",
    "bridgeuniqueid" => "b35fbe22-dd18-4ffc-9f97-a520cebf8ad7",
    "bridgevideosourcemode" => "none",
    "calleridname" => "102",
    "calleridnum" => "102",
    "channel" => "PJSIP/102-00000018",
    "channelstate" => "6",
    "channelstatedesc" => "Up",
    "connectedlinename" => "101",
    "connectedlinenum" => "101",
    "context" => "org_all",
    "exten" => "",
    "language" => "en",
    "linkedid" => "1745047034.41",
    "priority" => "1",
    "privilege" => "call,all",
    "uniqueid" => "1745047034.42"
  },
  variables: %{}
}
[2025-04-19 07:17:22.204682Z] %ElixirAmi.Event{
  event: "bridgeleave",
  source: :asterisk_connection,
  action_id: nil,
  keys: %{
    "accountcode" => "",
    "bridgecreator" => "<unknown>",
    "bridgename" => "<unknown>",
    "bridgenumchannels" => "0",
    "bridgetechnology" => "simple_bridge",
    "bridgetype" => "basic",
    "bridgeuniqueid" => "b35fbe22-dd18-4ffc-9f97-a520cebf8ad7",
    "bridgevideosourcemode" => "none",
    "calleridname" => "101",
    "calleridnum" => "101",
    "channel" => "PJSIP/101-00000017",
    "channelstate" => "6",
    "channelstatedesc" => "Up",
    "connectedlinename" => "102",
    "connectedlinenum" => "102",
    "context" => "org_all",
    "exten" => "102",
    "language" => "en",
    "linkedid" => "1745047034.41",
    "priority" => "2",
    "privilege" => "call,all",
    "uniqueid" => "1745047034.41"
  },
  variables: %{}
}
[2025-04-19 07:17:22.204943Z] %ElixirAmi.Event{
  event: "varset",
  source: :asterisk_connection,
  action_id: nil,
  keys: %{
    "accountcode" => "",
    "calleridname" => "102",
    "calleridnum" => "102",
    "channel" => "PJSIP/102-00000018",
    "channelstate" => "6",
    "channelstatedesc" => "Up",
    "connectedlinename" => "101",
    "connectedlinenum" => "101",
    "context" => "org_all",
    "exten" => "",
    "language" => "en",
    "linkedid" => "1745047034.41",
    "priority" => "1",
    "privilege" => "dialplan,all",
    "uniqueid" => "1745047034.42",
    "value" => "ssrc=1836109976;themssrc=1656036663;lp=0;rxjitter=0.000750;rxcount=256;txjitter=0.000625;txcount=255;rlp=0;rtt=0.000076;rxmes=85.365766;txmes=85.367289",
    "variable" => "RTPAUDIOQOS"
  },
  variables: %{}
}
[2025-04-19 07:17:22.205125Z] %ElixirAmi.Event{
  event: "varset",
  source: :asterisk_connection,
  action_id: nil,
  keys: %{
    "accountcode" => "",
    "calleridname" => "102",
    "calleridnum" => "102",
    "channel" => "PJSIP/102-00000018",
    "channelstate" => "6",
    "channelstatedesc" => "Up",
    "connectedlinename" => "101",
    "connectedlinenum" => "101",
    "context" => "org_all",
    "exten" => "",
    "language" => "en",
    "linkedid" => "1745047034.41",
    "priority" => "1",
    "privilege" => "dialplan,all",
    "uniqueid" => "1745047034.42",
    "value" => "minrxjitter=000.000000;maxrxjitter=000.000750;avgrxjitter=000.000621;stdevrxjitter=000.000134;mintxjitter=000.000000;maxtxjitter=000.000875;avgtxjitter=000.000396;stdevtxjitter=000.000398;",
    "variable" => "RTPAUDIOQOSJITTER"
  },
  variables: %{}
}
[2025-04-19 07:17:22.205412Z] %ElixirAmi.Event{
  event: "varset",
  source: :asterisk_connection,
  action_id: nil,
  keys: %{
    "accountcode" => "",
    "calleridname" => "101",
    "calleridnum" => "101",
    "channel" => "PJSIP/101-00000017",
    "channelstate" => "6",
    "channelstatedesc" => "Up",
    "connectedlinename" => "102",
    "connectedlinenum" => "102",
    "context" => "org_all",
    "exten" => "102",
    "language" => "en",
    "linkedid" => "1745047034.41",
    "priority" => "2",
    "privilege" => "dialplan,all",
    "uniqueid" => "1745047034.41",
    "value" => "5",
    "variable" => "ANSWEREDTIME"
  },
  variables: %{}
}
[2025-04-19 07:17:22.205612Z] %ElixirAmi.Event{
  event: "varset",
  source: :asterisk_connection,
  action_id: nil,
  keys: %{
    "accountcode" => "",
    "calleridname" => "102",
    "calleridnum" => "102",
    "channel" => "PJSIP/102-00000018",
    "channelstate" => "6",
    "channelstatedesc" => "Up",
    "connectedlinename" => "101",
    "connectedlinenum" => "101",
    "context" => "org_all",
    "exten" => "",
    "language" => "en",
    "linkedid" => "1745047034.41",
    "priority" => "1",
    "privilege" => "dialplan,all",
    "uniqueid" => "1745047034.42",
    "value" => "minrxlost=000.000000;  maxrxlost=000.000000;  avgrxlost=000.000000;  stdevrxlost=000.000000;  mintxlost=000.000000;  maxtxlost=000.000000;  avgtxlost=000.000000;  stdevtxlost=000.000000;",
    "variable" => "RTPAUDIOQOSLOSS"
  },
  variables: %{}
}
[2025-04-19 07:17:22.205826Z] %ElixirAmi.Event{
  event: "varset",
  source: :asterisk_connection,
  action_id: nil,
  keys: %{
    "accountcode" => "",
    "calleridname" => "101",
    "calleridnum" => "101",
    "channel" => "PJSIP/101-00000017",
    "channelstate" => "6",
    "channelstatedesc" => "Up",
    "connectedlinename" => "102",
    "connectedlinenum" => "102",
    "context" => "org_all",
    "exten" => "102",
    "language" => "en",
    "linkedid" => "1745047034.41",
    "priority" => "2",
    "privilege" => "dialplan,all",
    "uniqueid" => "1745047034.41",
    "value" => "5115",
    "variable" => "ANSWEREDTIME_MS"
  },
  variables: %{}
}
[2025-04-19 07:17:22.206072Z] %ElixirAmi.Event{
  event: "varset",
  source: :asterisk_connection,
  action_id: nil,
  keys: %{
    "accountcode" => "",
    "calleridname" => "101",
    "calleridnum" => "101",
    "channel" => "PJSIP/101-00000017",
    "channelstate" => "6",
    "channelstatedesc" => "Up",
    "connectedlinename" => "102",
    "connectedlinenum" => "102",
    "context" => "org_all",
    "exten" => "102",
    "language" => "en",
    "linkedid" => "1745047034.41",
    "priority" => "2",
    "privilege" => "dialplan,all",
    "uniqueid" => "1745047034.41",
    "value" => "7",
    "variable" => "DIALEDTIME"
  },
  variables: %{}
}
[2025-04-19 07:17:22.206358Z] %ElixirAmi.Event{
  event: "varset",
  source: :asterisk_connection,
  action_id: nil,
  keys: %{
    "accountcode" => "",
    "calleridname" => "102",
    "calleridnum" => "102",
    "channel" => "PJSIP/102-00000018",
    "channelstate" => "6",
    "channelstatedesc" => "Up",
    "connectedlinename" => "101",
    "connectedlinenum" => "101",
    "context" => "org_all",
    "exten" => "",
    "language" => "en",
    "linkedid" => "1745047034.41",
    "priority" => "1",
    "privilege" => "dialplan,all",
    "uniqueid" => "1745047034.42",
    "value" => "minrtt=000.000076;     maxrtt=000.000106;     avgrtt=000.000091;     stdevrtt=000.000012;",
    "variable" => "RTPAUDIOQOSRTT"
  },
  variables: %{}
}
[2025-04-19 07:17:22.206569Z] %ElixirAmi.Event{
  event: "varset",
  source: :asterisk_connection,
  action_id: nil,
  keys: %{
    "accountcode" => "",
    "calleridname" => "101",
    "calleridnum" => "101",
    "channel" => "PJSIP/101-00000017",
    "channelstate" => "6",
    "channelstatedesc" => "Up",
    "connectedlinename" => "102",
    "connectedlinenum" => "102",
    "context" => "org_all",
    "exten" => "102",
    "language" => "en",
    "linkedid" => "1745047034.41",
    "priority" => "2",
    "privilege" => "dialplan,all",
    "uniqueid" => "1745047034.41",
    "value" => "7732",
    "variable" => "DIALEDTIME_MS"
  },
  variables: %{}
}
[2025-04-19 07:17:22.206805Z] %ElixirAmi.Event{
  event: "varset",
  source: :asterisk_connection,
  action_id: nil,
  keys: %{
    "accountcode" => "",
    "calleridname" => "102",
    "calleridnum" => "102",
    "channel" => "PJSIP/102-00000018",
    "channelstate" => "6",
    "channelstatedesc" => "Up",
    "connectedlinename" => "101",
    "connectedlinenum" => "101",
    "context" => "org_all",
    "exten" => "",
    "language" => "en",
    "linkedid" => "1745047034.41",
    "priority" => "1",
    "privilege" => "dialplan,all",
    "uniqueid" => "1745047034.42",
    "value" => "minrxmes=085.367289;   maxrxmes=085.367289;   avgrxmes=085.367289;   stdevrxmes=000.000134;   mintxmes=085.365640;   maxtxmes=085.367289;   avgtxmes=085.366506;   stdevtxmes=000.000784;",
    "variable" => "RTPAUDIOQOSMES"
  },
  variables: %{}
}
[2025-04-19 07:17:22.206951Z] %ElixirAmi.Event{
  event: "varset",
  source: :asterisk_connection,
  action_id: nil,
  keys: %{
    "accountcode" => "",
    "calleridname" => "101",
    "calleridnum" => "101",
    "channel" => "PJSIP/101-00000017",
    "channelstate" => "6",
    "channelstatedesc" => "Up",
    "connectedlinename" => "102",
    "connectedlinenum" => "102",
    "context" => "org_all",
    "exten" => "102",
    "language" => "en",
    "linkedid" => "1745047034.41",
    "priority" => "2",
    "privilege" => "dialplan,all",
    "uniqueid" => "1745047034.41",
    "value" => "ANSWER",
    "variable" => "DIALSTATUS"
  },
  variables: %{}
}
[2025-04-19 07:17:22.207183Z] %ElixirAmi.Event{
  event: "softhanguprequest",
  source: :asterisk_connection,
  action_id: nil,
  keys: %{
    "accountcode" => "",
    "calleridname" => "101",
    "calleridnum" => "101",
    "cause" => "16",
    "channel" => "PJSIP/101-00000017",
    "channelstate" => "6",
    "channelstatedesc" => "Up",
    "connectedlinename" => "102",
    "connectedlinenum" => "102",
    "context" => "org_all",
    "exten" => "102",
    "language" => "en",
    "linkedid" => "1745047034.41",
    "priority" => "2",
    "privilege" => "call,all",
    "uniqueid" => "1745047034.41"
  },
  variables: %{}
}
[2025-04-19 07:17:22.207408Z] %ElixirAmi.Event{
  event: "hangup",
  source: :asterisk_connection,
  action_id: nil,
  keys: %{
    "accountcode" => "",
    "calleridname" => "102",
    "calleridnum" => "102",
    "cause" => "16",
    "cause-txt" => "Normal Clearing",
    "channel" => "PJSIP/102-00000018",
    "channelstate" => "6",
    "channelstatedesc" => "Up",
    "connectedlinename" => "101",
    "connectedlinenum" => "101",
    "context" => "org_all",
    "exten" => "",
    "language" => "en",
    "linkedid" => "1745047034.41",
    "priority" => "1",
    "privilege" => "call,all",
    "uniqueid" => "1745047034.42"
  },
  variables: %{}
}
[2025-04-19 07:17:22.207702Z] %ElixirAmi.Event{
  event: "varset",
  source: :asterisk_connection,
  action_id: nil,
  keys: %{
    "accountcode" => "",
    "calleridname" => "101",
    "calleridnum" => "101",
    "channel" => "PJSIP/101-00000017",
    "channelstate" => "6",
    "channelstatedesc" => "Up",
    "connectedlinename" => "102",
    "connectedlinenum" => "102",
    "context" => "org_all",
    "exten" => "102",
    "language" => "en",
    "linkedid" => "1745047034.41",
    "priority" => "2",
    "privilege" => "dialplan,all",
    "uniqueid" => "1745047034.41",
    "value" => "ssrc=1369475868;themssrc=985489377;lp=0;rxjitter=0.000000;rxcount=255;txjitter=0.000750;txcount=256;rlp=0;rtt=0.000000;rxmes=85.367289;txmes=85.367289",
    "variable" => "RTPAUDIOQOS"
  },
  variables: %{}
}
[2025-04-19 07:17:22.208067Z] %ElixirAmi.Event{
  event: "varset",
  source: :asterisk_connection,
  action_id: nil,
  keys: %{
    "accountcode" => "",
    "calleridname" => "101",
    "calleridnum" => "101",
    "channel" => "PJSIP/101-00000017",
    "channelstate" => "6",
    "channelstatedesc" => "Up",
    "connectedlinename" => "102",
    "connectedlinenum" => "102",
    "context" => "org_all",
    "exten" => "102",
    "language" => "en",
    "linkedid" => "1745047034.41",
    "priority" => "2",
    "privilege" => "dialplan,all",
    "uniqueid" => "1745047034.41",
    "value" => "minrxjitter=000.000000;maxrxjitter=000.000875;avgrxjitter=000.000727;stdevrxjitter=000.000140;mintxjitter=000.000000;maxtxjitter=000.000000;avgtxjitter=000.000000;stdevtxjitter=000.000000;",
    "variable" => "RTPAUDIOQOSJITTER"
  },
  variables: %{}
}
[2025-04-19 07:17:22.208413Z] %ElixirAmi.Event{
  event: "varset",
  source: :asterisk_connection,
  action_id: nil,
  keys: %{
    "accountcode" => "",
    "calleridname" => "101",
    "calleridnum" => "101",
    "channel" => "PJSIP/101-00000017",
    "channelstate" => "6",
    "channelstatedesc" => "Up",
    "connectedlinename" => "102",
    "connectedlinenum" => "102",
    "context" => "org_all",
    "exten" => "102",
    "language" => "en",
    "linkedid" => "1745047034.41",
    "priority" => "2",
    "privilege" => "dialplan,all",
    "uniqueid" => "1745047034.41",
    "value" => "minrxlost=000.000000;  maxrxlost=000.000000;  avgrxlost=000.000000;  stdevrxlost=000.000000;  mintxlost=000.000000;  maxtxlost=000.000000;  avgtxlost=000.000000;  stdevtxlost=000.000000;",
    "variable" => "RTPAUDIOQOSLOSS"
  },
  variables: %{}
}
[2025-04-19 07:17:22.208589Z] %ElixirAmi.Event{
  event: "varset",
  source: :asterisk_connection,
  action_id: nil,
  keys: %{
    "accountcode" => "",
    "calleridname" => "101",
    "calleridnum" => "101",
    "channel" => "PJSIP/101-00000017",
    "channelstate" => "6",
    "channelstatedesc" => "Up",
    "connectedlinename" => "102",
    "connectedlinenum" => "102",
    "context" => "org_all",
    "exten" => "102",
    "language" => "en",
    "linkedid" => "1745047034.41",
    "priority" => "2",
    "privilege" => "dialplan,all",
    "uniqueid" => "1745047034.41",
    "value" => "minrtt=000.000000;     maxrtt=000.000000;     avgrtt=000.000000;     stdevrtt=000.000000;",
    "variable" => "RTPAUDIOQOSRTT"
  },
  variables: %{}
}
[2025-04-19 07:17:22.208828Z] %ElixirAmi.Event{
  event: "varset",
  source: :asterisk_connection,
  action_id: nil,
  keys: %{
    "accountcode" => "",
    "calleridname" => "101",
    "calleridnum" => "101",
    "channel" => "PJSIP/101-00000017",
    "channelstate" => "6",
    "channelstatedesc" => "Up",
    "connectedlinename" => "102",
    "connectedlinenum" => "102",
    "context" => "org_all",
    "exten" => "102",
    "language" => "en",
    "linkedid" => "1745047034.41",
    "priority" => "2",
    "privilege" => "dialplan,all",
    "uniqueid" => "1745047034.41",
    "value" => "minrxmes=085.367289;   maxrxmes=085.367289;   avgrxmes=085.367289;   stdevrxmes=000.000140;   mintxmes=085.367289;   maxtxmes=085.367289;   avgtxmes=085.367289;   stdevtxmes=000.000000;",
    "variable" => "RTPAUDIOQOSMES"
  },
  variables: %{}
}
[2025-04-19 07:17:22.209080Z] %ElixirAmi.Event{
  event: "hangup",
  source: :asterisk_connection,
  action_id: nil,
  keys: %{
    "accountcode" => "",
    "calleridname" => "101",
    "calleridnum" => "101",
    "cause" => "16",
    "cause-txt" => "Normal Clearing",
    "channel" => "PJSIP/101-00000017",
    "channelstate" => "6",
    "channelstatedesc" => "Up",
    "connectedlinename" => "102",
    "connectedlinenum" => "102",
    "context" => "org_all",
    "exten" => "102",
    "language" => "en",
    "linkedid" => "1745047034.41",
    "priority" => "2",
    "privilege" => "call,all",
    "uniqueid" => "1745047034.41"
  },
  variables: %{}
}
